2026-07-20 07:37:47.361 | DEBUG    | ttnn:<module>:79 - Initial ttnn.CONFIG:
Config{cache_path=/home/mvasiljevic/.cache/ttnn,model_cache_path=/home/mvasiljevic/.cache/ttnn/models,tmp_dir=/tmp/ttnn,enable_model_cache=false,enable_fast_runtime_mode=true,throw_exception_on_fallback=false,enable_logging=false,enable_graph_report=false,enable_graph_python_stack_traces=false,enable_detailed_buffer_report=false,enable_detailed_tensor_report=false,enable_comparison_mode=false,comparison_mode_should_raise_exception=false,comparison_mode_pcc=0.9999,root_report_path=generated/ttnn/reports,report_name=std::nullopt,std::nullopt}
============================= test session starts ==============================
platform linux -- Python 3.12.13, pytest-9.0.3, pluggy-1.6.0 -- /home/mvasiljevic/tt-metal/python_env/bin/python3
cachedir: .pytest_cache
benchmark: 5.2.3 (defaults: timer=time.perf_counter disable_gc=False min_rounds=5 min_time=0.000005 max_time=1.0 calibration_precision=10 warmup=False warmup_iterations=100000)
rootdir: /home/mvasiljevic/tt-metal
configfile: pytest.ini
plugins: github-actions-annotate-failures-0.3.0, anyio-4.14.2, dash-2.15.0, split-0.11.0, timeout-2.4.0, benchmark-5.2.3, cov-7.0.0
timeout: 300.0s
timeout method: signal
timeout func_only: False
collecting ... collected 1 item

models/autoports/mistralai_mistral_small_24b_instruct_2501/tests/test_multichip_decoder.py::test_multichip_full_context_paged_cache_capacity[blackhole-mesh_device0-device_params0] 2026-07-20 07:37:48.891 | info     |          Device | Opening user mode device driver (tt_cluster.cpp:228)
2026-07-20 07:37:48.891 | info     |             UMD | Cluster constructor started. (cluster.cpp:348)
2026-07-20 07:37:48.891 | info     |             UMD | Creating TopologyDiscovery for architecture: blackhole (topology_discovery.cpp:91)
2026-07-20 07:37:48.891 | info     |             UMD | Starting topology discovery. (topology_discovery.cpp:110)
2026-07-20 07:37:48.893 | info     |             UMD | Established firmware bundle version: 19.8.0 (topology_discovery.cpp:569)
2026-07-20 07:37:48.893 | info     |             UMD | Firmware bundle version 19.8.0 on the system is newer than the latest fully tested version 19.5.0 for blackhole architecture. Newest features may not be supported. (topology_discovery.cpp:601)
2026-07-20 07:37:48.897 | info     |             UMD | Completed topology discovery. (topology_discovery.cpp:114)
2026-07-20 07:37:49.120 | info     |             UMD | Opening local chip ids/PCIe ids: {0, 1, 2, 3}/[0, 1, 2, 3] and remote chip ids {} (cluster.cpp:168)
2026-07-20 07:37:49.120 | info     |             UMD | IOMMU: enabled (cluster.cpp:142)
2026-07-20 07:37:49.120 | info     |             UMD | KMD version: 2.8.0 (cluster.cpp:145)
2026-07-20 07:37:49.120 | info     |             UMD | Cluster constructor completed. (cluster.cpp:520)
2026-07-20 07:37:49.121 | info     |             UMD | Starting devices in cluster (cluster.cpp:1024)
2026-07-20 07:37:49.281 | info     |             UMD | Starting devices in cluster completed. (cluster.cpp:1032)
2026-07-20 07:37:49.405 | DEBUG    | ttnn.device:__init__:152 - Using default dispatch core type for this system: DispatchCoreType.WORKER
2026-07-20 07:37:49.405 | DEBUG    | ttnn.device:__init__:154 - Using default dispatch core axis for this system: DispatchCoreAxis.COL
2026-07-20 07:37:49.405 | info     |     Distributed | Using auto discovery to generate mesh graph. (metal_env.cpp:367)
2026-07-20 07:37:49.405 | info     |     Distributed | Constructing control plane using auto-discovery (no mesh graph descriptor). (metal_env.cpp:429)
2026-07-20 07:37:49.405 | warning  |          Always | Unknown motherboard 'B850M-C' for chip_id=0 (bus_id=0x1) — falling back to bus_id as tray_id. Add this motherboard and its bus IDs to mobo_to_bus_ids in physical_system_discovery.cpp. (physical_system_discovery.cpp:89)
2026-07-20 07:37:49.405 | warning  |          Always | Unknown motherboard 'B850M-C' for chip_id=1 (bus_id=0x2) — falling back to bus_id as tray_id. Add this motherboard and its bus IDs to mobo_to_bus_ids in physical_system_discovery.cpp. (physical_system_discovery.cpp:89)
2026-07-20 07:37:49.405 | warning  |          Always | Unknown motherboard 'B850M-C' for chip_id=2 (bus_id=0x3) — falling back to bus_id as tray_id. Add this motherboard and its bus IDs to mobo_to_bus_ids in physical_system_discovery.cpp. (physical_system_discovery.cpp:89)
2026-07-20 07:37:49.405 | warning  |          Always | Unknown motherboard 'B850M-C' for chip_id=3 (bus_id=0x4) — falling back to bus_id as tray_id. Add this motherboard and its bus IDs to mobo_to_bus_ids in physical_system_discovery.cpp. (physical_system_discovery.cpp:89)
2026-07-20 07:37:49.405 | warning  |          Always | Unknown motherboard 'B850M-C' for chip_id=1 (bus_id=0x2) — falling back to bus_id as tray_id. Add this motherboard and its bus IDs to mobo_to_bus_ids in physical_system_discovery.cpp. (physical_system_discovery.cpp:89)
2026-07-20 07:37:49.405 | warning  |          Always | Unknown motherboard 'B850M-C' for chip_id=0 (bus_id=0x1) — falling back to bus_id as tray_id. Add this motherboard and its bus IDs to mobo_to_bus_ids in physical_system_discovery.cpp. (physical_system_discovery.cpp:89)
2026-07-20 07:37:49.405 | warning  |          Always | Unknown motherboard 'B850M-C' for chip_id=2 (bus_id=0x3) — falling back to bus_id as tray_id. Add this motherboard and its bus IDs to mobo_to_bus_ids in physical_system_discovery.cpp. (physical_system_discovery.cpp:89)
2026-07-20 07:37:49.405 | warning  |          Always | Unknown motherboard 'B850M-C' for chip_id=3 (bus_id=0x4) — falling back to bus_id as tray_id. Add this motherboard and its bus IDs to mobo_to_bus_ids in physical_system_discovery.cpp. (physical_system_discovery.cpp:89)
2026-07-20 07:37:49.405 | info     |          Fabric | Logical multi-mesh adjacency: intermesh degree histogram {0:1}; intra-mesh degree histograms mesh0 {2:4} (topology_mapper_utils.cpp:2342)
2026-07-20 07:37:49.405 | info     |          Fabric | Physical multi-mesh adjacency: intermesh degree histogram {0:1}; intra-mesh degree histograms mesh0 {2:4} (topology_mapper_utils.cpp:2350)
2026-07-20 07:37:49.411 | info     |    BuildKernels | Using pre-compiled firmware from: /home/mvasiljevic/tt-metal/tt_metal/pre-compiled/13793420398762238087/ (build_env_manager.cpp:347)
2026-07-20 07:37:49.411 | info     |    BuildKernels | Using pre-compiled firmware from: /home/mvasiljevic/tt-metal/tt_metal/pre-compiled/13793420398762238087/ (build_env_manager.cpp:347)
2026-07-20 07:37:49.411 | info     |    BuildKernels | Using pre-compiled firmware from: /home/mvasiljevic/tt-metal/tt_metal/pre-compiled/13793420398762238087/ (build_env_manager.cpp:347)
2026-07-20 07:37:49.411 | info     |    BuildKernels | Using pre-compiled firmware from: /home/mvasiljevic/tt-metal/tt_metal/pre-compiled/13793420398762238087/ (build_env_manager.cpp:347)
2026-07-20 07:37:49.445 | info     |           Metal | Initializing Fabric (fabric_firmware_initializer.cpp:288)
2026-07-20 07:37:49.471 | info     |           Metal | Fabric initialized on Device 0 (device.cpp:429)
2026-07-20 07:37:49.471 | info     |           Metal | Fabric initialized on Device 1 (device.cpp:429)
2026-07-20 07:37:49.472 | info     |           Metal | Fabric initialized on Device 2 (device.cpp:429)
2026-07-20 07:37:49.473 | info     |           Metal | Fabric initialized on Device 3 (device.cpp:429)
2026-07-20 07:37:49.473 | info     |           Metal | Fabric initialized on 4 devices (fabric_firmware_initializer.cpp:435)
2026-07-20 07:37:49.473 | info     |           Metal | Fabric Initialized with config FabricConfig::FABRIC_1D (fabric_firmware_initializer.cpp:305)
2026-07-20 07:37:49.513 | info     |           Metal | ShmResourceTracker: removed orphaned shm '/tt_device_154095681929600_memory' (shm_resource_tracker.cpp:282)
2026-07-20 07:37:49.513 | info     |           Metal | ShmResourceTracker: removed orphaned shm '/tt_device_154095681929601_memory' (shm_resource_tracker.cpp:282)
2026-07-20 07:37:49.513 | info     |           Metal | ShmResourceTracker: removed orphaned shm '/tt_device_154095681932032_memory' (shm_resource_tracker.cpp:282)
2026-07-20 07:37:49.513 | info     |           Metal | ShmResourceTracker: removed orphaned shm '/tt_device_154095681932033_memory' (shm_resource_tracker.cpp:282)
2026-07-20 07:37:50.092 | info     |           Metal | [Real-time profiler] Device 0 sync complete: 100 samples, frequency=1.349990 GHz, device_time_at_sync=39696289397947 cycles (realtime_profiler_manager.cpp:1127)
2026-07-20 07:37:50.092 | info     |           Metal | [Real-time profiler] Device 1 sync complete: 100 samples, frequency=1.349989 GHz, device_time_at_sync=39708821310349 cycles (realtime_profiler_manager.cpp:1127)
2026-07-20 07:37:50.094 | info     |           Metal | [Real-time profiler] Device 3 sync complete: 100 samples, frequency=1.349974 GHz, device_time_at_sync=39739798743620 cycles (realtime_profiler_manager.cpp:1127)
2026-07-20 07:37:50.095 | info     |           Metal | [Real-time profiler] Device 2 sync complete: 100 samples, frequency=1.349985 GHz, device_time_at_sync=39723581405607 cycles (realtime_profiler_manager.cpp:1127)
2026-07-20 07:37:50.122 | DEBUG    | conftest:mesh_device:599 - multidevice with 4 devices is created
2026-07-20 07:38:07.425 | warning  |              Op | ttnn::tilize: Using input shard spec for output tensor because the legacy sharded optimized program factory is being used (tilize_device_operation.cpp:151)
MULTICHIP_CAPACITY_PASS layers=40 batch=32 max_cache_len=32768 local_cache_shape=(32768, 2, 32, 128) current_pos=32767 runtime_reserve_bytes=4294967296
PASSED

==================================== PASSES ====================================
- generated xml file: /home/mvasiljevic/tt-metal/generated/test_reports/most_recent_tests.xml -
============================== slowest durations ===============================
28.41s call     models/autoports/mistralai_mistral_small_24b_instruct_2501/tests/test_multichip_decoder.py::test_multichip_full_context_paged_cache_capacity[blackhole-mesh_device0-device_params0]
1.44s setup    models/autoports/mistralai_mistral_small_24b_instruct_2501/tests/test_multichip_decoder.py::test_multichip_full_context_paged_cache_capacity[blackhole-mesh_device0-device_params0]
0.13s teardown models/autoports/mistralai_mistral_small_24b_instruct_2501/tests/test_multichip_decoder.py::test_multichip_full_context_paged_cache_capacity[blackhole-mesh_device0-device_params0]
=========================== short test summary info ============================
PASSED models/autoports/mistralai_mistral_small_24b_instruct_2501/tests/test_multichip_decoder.py::test_multichip_full_context_paged_cache_capacity[blackhole-mesh_device0-device_params0]
============================== 1 passed in 30.63s ==============================
nanobind: leaked 2 instances!
 - leaked instance 0x722d744fc288 of type "ttnn._ttnn.tensor.MemoryConfig"
 - leaked instance 0x722d74c95f68 of type "ttnn._ttnn.tensor.CoreRangeSet"
nanobind: leaked 21 types!
 - leaked type "ttnn._ttnn.operations.matmul.MatmulMultiCoreReuseMultiCast1DProgramConfig"
 - leaked type "FabricConfig"
 - leaked type "ttnn._ttnn.operations.matmul.MatmulInputs"
 - leaked type "ttnn._ttnn.operations.matmul.MatmulMultiCoreReuseMultiCastBatchedDRAMShardedProgramConfig"
 - leaked type "BufferType"
 - leaked type "UnaryOpType"
 - leaked type "Layout"
 - leaked type "ttnn._ttnn.operations.matmul.MatmulMultiCoreReuseOptimizedProgramFactory"
 - leaked type "Arch"
 - leaked type "ttnn._ttnn.operations.matmul.MatmulParams"
 - ... skipped remainder
nanobind: leaked 247 functions!
 - leaked function ""
 - leaked function ""
 - leaked function ""
 - leaked function ""
 - leaked function ""
 - leaked function "default_core_range"
 - leaked function "cpu"
 - leaked function "unpad_from_tile"
 - leaked function ""
 - leaked function "__init__"
 - ... skipped remainder
nanobind: this is likely caused by a reference counting issue in the binding code.
See https://nanobind.readthedocs.io/en/latest/refleaks.html2026-07-20 07:38:20.418 | info     |    BuildKernels | JIT cache stats: 152/152 hits (100.0%) [152 cached, 32 build-once dedup, 0 merged artifacts, 0 merged genfiles] (build_cache_telemetry.cpp:207)
2026-07-20 07:38:20.418 | info     |    BuildKernels | JIT telemetry: 3 registered TelemetryTokens (build_cache_telemetry.cpp:230)
2026-07-20 07:38:20.430 | info     |          Device | Closing user mode device drivers (tt_cluster.cpp:512)
2026-07-20 07:38:20.430 | info     |             UMD | Closing devices in cluster (cluster.cpp:1037)
2026-07-20 07:38:20.988 | info     |             UMD | Closing devices in cluster completed. (cluster.cpp:1046)
2026-07-20 07:38:20.988 | info     |             UMD | Cluster destructor started. (cluster.cpp:754)
2026-07-20 07:38:20.988 | info     |             UMD | Cluster destructor completed. (cluster.cpp:757)
