2026-07-20 06:16:40.085 | DEBUG    | ttnn:<module>:79 - Initial ttnn.CONFIG:
Config{cache_path=/home/mvasiljevic/.cache/ttnn,model_cache_path=/home/mvasiljevic/.cache/ttnn/models,tmp_dir=/tmp/ttnn,enable_model_cache=false,enable_fast_runtime_mode=true,throw_exception_on_fallback=false,enable_logging=false,enable_graph_report=false,enable_graph_python_stack_traces=false,enable_detailed_buffer_report=false,enable_detailed_tensor_report=false,enable_comparison_mode=false,comparison_mode_should_raise_exception=false,comparison_mode_pcc=0.9999,root_report_path=generated/ttnn/reports,report_name=std::nullopt,std::nullopt}
2026-07-20 06:16:40.119 | info     |          Device | Opening user mode device driver (tt_cluster.cpp:228)
2026-07-20 06:16:40.120 | info     |             UMD | Cluster constructor started. (cluster.cpp:348)
2026-07-20 06:16:40.120 | info     |             UMD | Creating TopologyDiscovery for architecture: blackhole (topology_discovery.cpp:91)
2026-07-20 06:16:40.120 | info     |             UMD | Starting topology discovery. (topology_discovery.cpp:110)
2026-07-20 06:16:40.121 | info     |             UMD | Established firmware bundle version: 19.8.0 (topology_discovery.cpp:569)
2026-07-20 06:16:40.121 | info     |             UMD | Firmware bundle version 19.8.0 on the system is newer than the latest fully tested version 19.5.0 for blackhole architecture. Newest features may not be supported. (topology_discovery.cpp:601)
2026-07-20 06:16:40.125 | info     |             UMD | Completed topology discovery. (topology_discovery.cpp:114)
2026-07-20 06:16:40.346 | info     |             UMD | Opening local chip ids/PCIe ids: {0, 1, 2, 3}/[0, 1, 2, 3] and remote chip ids {} (cluster.cpp:168)
2026-07-20 06:16:40.346 | info     |             UMD | IOMMU: enabled (cluster.cpp:142)
2026-07-20 06:16:40.346 | info     |             UMD | KMD version: 2.8.0 (cluster.cpp:145)
2026-07-20 06:16:40.346 | info     |             UMD | Cluster constructor completed. (cluster.cpp:520)
2026-07-20 06:16:40.347 | info     |             UMD | Starting devices in cluster (cluster.cpp:1024)
2026-07-20 06:16:40.470 | info     |             UMD | Starting devices in cluster completed. (cluster.cpp:1032)
2026-07-20 06:16:40.596 | info     |     Distributed | Using auto discovery to generate mesh graph. (metal_env.cpp:367)
2026-07-20 06:16:40.596 | info     |     Distributed | Constructing control plane using auto-discovery (no mesh graph descriptor). (metal_env.cpp:429)
2026-07-20 06:16:40.596 | warning  |          Always | Unknown motherboard 'B850M-C' for chip_id=0 (bus_id=0x1) — falling back to bus_id as tray_id. Add this motherboard and its bus IDs to mobo_to_bus_ids in physical_system_discovery.cpp. (physical_system_discovery.cpp:89)
2026-07-20 06:16:40.596 | warning  |          Always | Unknown motherboard 'B850M-C' for chip_id=1 (bus_id=0x2) — falling back to bus_id as tray_id. Add this motherboard and its bus IDs to mobo_to_bus_ids in physical_system_discovery.cpp. (physical_system_discovery.cpp:89)
2026-07-20 06:16:40.596 | warning  |          Always | Unknown motherboard 'B850M-C' for chip_id=2 (bus_id=0x3) — falling back to bus_id as tray_id. Add this motherboard and its bus IDs to mobo_to_bus_ids in physical_system_discovery.cpp. (physical_system_discovery.cpp:89)
2026-07-20 06:16:40.596 | warning  |          Always | Unknown motherboard 'B850M-C' for chip_id=3 (bus_id=0x4) — falling back to bus_id as tray_id. Add this motherboard and its bus IDs to mobo_to_bus_ids in physical_system_discovery.cpp. (physical_system_discovery.cpp:89)
2026-07-20 06:16:40.596 | warning  |          Always | Unknown motherboard 'B850M-C' for chip_id=1 (bus_id=0x2) — falling back to bus_id as tray_id. Add this motherboard and its bus IDs to mobo_to_bus_ids in physical_system_discovery.cpp. (physical_system_discovery.cpp:89)
2026-07-20 06:16:40.596 | warning  |          Always | Unknown motherboard 'B850M-C' for chip_id=0 (bus_id=0x1) — falling back to bus_id as tray_id. Add this motherboard and its bus IDs to mobo_to_bus_ids in physical_system_discovery.cpp. (physical_system_discovery.cpp:89)
2026-07-20 06:16:40.596 | warning  |          Always | Unknown motherboard 'B850M-C' for chip_id=2 (bus_id=0x3) — falling back to bus_id as tray_id. Add this motherboard and its bus IDs to mobo_to_bus_ids in physical_system_discovery.cpp. (physical_system_discovery.cpp:89)
2026-07-20 06:16:40.596 | warning  |          Always | Unknown motherboard 'B850M-C' for chip_id=3 (bus_id=0x4) — falling back to bus_id as tray_id. Add this motherboard and its bus IDs to mobo_to_bus_ids in physical_system_discovery.cpp. (physical_system_discovery.cpp:89)
2026-07-20 06:16:40.596 | info     |          Fabric | Logical multi-mesh adjacency: intermesh degree histogram {0:1}; intra-mesh degree histograms mesh0 {2:4} (topology_mapper_utils.cpp:2342)
2026-07-20 06:16:40.596 | info     |          Fabric | Physical multi-mesh adjacency: intermesh degree histogram {0:1}; intra-mesh degree histograms mesh0 {2:4} (topology_mapper_utils.cpp:2350)
2026-07-20 06:16:40.596 | DEBUG    | ttnn.device:__init__:152 - Using default dispatch core type for this system: DispatchCoreType.WORKER
2026-07-20 06:16:40.597 | DEBUG    | ttnn.device:__init__:154 - Using default dispatch core axis for this system: DispatchCoreAxis.COL
2026-07-20 06:16:40.601 | info     |    BuildKernels | Using pre-compiled firmware from: /home/mvasiljevic/tt-metal/tt_metal/pre-compiled/13793420398762238087/ (build_env_manager.cpp:347)
2026-07-20 06:16:40.602 | info     |    BuildKernels | Using pre-compiled firmware from: /home/mvasiljevic/tt-metal/tt_metal/pre-compiled/13793420398762238087/ (build_env_manager.cpp:347)
2026-07-20 06:16:40.601 | info     |    BuildKernels | Using pre-compiled firmware from: /home/mvasiljevic/tt-metal/tt_metal/pre-compiled/13793420398762238087/ (build_env_manager.cpp:347)
2026-07-20 06:16:40.601 | info     |    BuildKernels | Using pre-compiled firmware from: /home/mvasiljevic/tt-metal/tt_metal/pre-compiled/13793420398762238087/ (build_env_manager.cpp:347)
2026-07-20 06:16:40.635 | info     |           Metal | Initializing Fabric (fabric_firmware_initializer.cpp:288)
2026-07-20 06:16:40.655 | info     |           Metal | Fabric initialized on Device 0 (device.cpp:429)
2026-07-20 06:16:40.661 | info     |           Metal | Fabric initialized on Device 1 (device.cpp:429)
2026-07-20 06:16:40.662 | info     |           Metal | Fabric initialized on Device 2 (device.cpp:429)
2026-07-20 06:16:40.663 | info     |           Metal | Fabric initialized on Device 3 (device.cpp:429)
2026-07-20 06:16:40.663 | info     |           Metal | Fabric initialized on 4 devices (fabric_firmware_initializer.cpp:435)
2026-07-20 06:16:40.663 | info     |           Metal | Fabric Initialized with config FabricConfig::FABRIC_1D (fabric_firmware_initializer.cpp:305)
2026-07-20 06:16:40.703 | info     |           Metal | ShmResourceTracker: removed orphaned shm '/tt_device_154095681929600_memory' (shm_resource_tracker.cpp:282)
2026-07-20 06:16:40.703 | info     |           Metal | ShmResourceTracker: removed orphaned shm '/tt_device_154095681929601_memory' (shm_resource_tracker.cpp:282)
2026-07-20 06:16:40.703 | info     |           Metal | ShmResourceTracker: removed orphaned shm '/tt_device_154095681932032_memory' (shm_resource_tracker.cpp:282)
2026-07-20 06:16:40.703 | info     |           Metal | ShmResourceTracker: removed orphaned shm '/tt_device_154095681932033_memory' (shm_resource_tracker.cpp:282)
2026-07-20 06:16:41.282 | info     |           Metal | [Real-time profiler] Device 1 sync complete: 100 samples, frequency=1.349991 GHz, device_time_at_sync=34588720814067 cycles (realtime_profiler_manager.cpp:1127)
2026-07-20 06:16:41.282 | info     |           Metal | [Real-time profiler] Device 2 sync complete: 100 samples, frequency=1.349993 GHz, device_time_at_sync=34602262419196 cycles (realtime_profiler_manager.cpp:1127)
2026-07-20 06:16:41.283 | info     |           Metal | [Real-time profiler] Device 0 sync complete: 100 samples, frequency=1.349987 GHz, device_time_at_sync=34577776480323 cycles (realtime_profiler_manager.cpp:1127)
2026-07-20 06:16:41.284 | info     |           Metal | [Real-time profiler] Device 3 sync complete: 100 samples, frequency=1.349985 GHz, device_time_at_sync=34616369563472 cycles (realtime_profiler_manager.cpp:1127)
entry[0]             top1=0.990 (99/100)  top5=1.000 (100/100)  top100=1.000 (100/100)
AGGREGATE            top1=0.990 (99/100)  top5=1.000 (100/100)  top100=1.000 (100/100)
nanobind: leaked 1 instances!
 - leaked instance 0x78812855f1f8 of type "ttnn._ttnn.tensor.CoreRangeSet"
nanobind: leaked 24 types!
 - leaked type "MathFidelity"
 - leaked type "ttnn._ttnn.operations.matmul.MatmulMultiCoreReuseMultiCast1DProgramConfig"
 - leaked type "ttnn._ttnn.operations.matmul.MatmulInputs"
 - leaked type "ttnn._ttnn.multi_device.MeshMapperConfig"
 - leaked type "ttnn._ttnn.operations.matmul.MatmulMultiCoreReuseMultiCastBatchedDRAMShardedProgramConfig"
 - leaked type "BufferType"
 - leaked type "UnaryOpType"
 - leaked type "Layout"
 - leaked type "ttnn._ttnn.operations.matmul.MatmulMultiCoreReuseOptimizedProgramFactory"
 - leaked type "ttnn._ttnn.operations.matmul.MatmulParams"
 - ... skipped remainder
nanobind: leaked 263 functions!
 - leaked function ""
 - leaked function "to_json"
 - leaked function "get_tile"
 - leaked function "reset_sub_device_stall_group"
 - leaked function "__init__"
 - leaked function ""
 - leaked function "get_fabric_node_id"
 - leaked function "host_buffer"
 - leaked function "clear_loaded_sub_device_manager"
 - leaked function ""
 - ... skipped remainder
nanobind: this is likely caused by a reference counting issue in the binding code.
See https://nanobind.readthedocs.io/en/latest/refleaks.html2026-07-20 06:24:25.371 | info     |    BuildKernels | JIT cache stats: 156/203 hits (76.8%) [156 cached, 83 build-once dedup, 0 merged artifacts, 0 merged genfiles] (build_cache_telemetry.cpp:207)
2026-07-20 06:24:25.371 | info     |    BuildKernels | JIT telemetry: 3 registered TelemetryTokens (build_cache_telemetry.cpp:230)
2026-07-20 06:24:25.384 | info     |          Device | Closing user mode device drivers (tt_cluster.cpp:512)
2026-07-20 06:24:25.384 | info     |             UMD | Closing devices in cluster (cluster.cpp:1037)
2026-07-20 06:24:25.905 | info     |             UMD | Closing devices in cluster completed. (cluster.cpp:1046)
2026-07-20 06:24:25.905 | info     |             UMD | Cluster destructor started. (cluster.cpp:754)
2026-07-20 06:24:25.905 | info     |             UMD | Cluster destructor completed. (cluster.cpp:757)
