2026-07-20 08:22:34.336 | DEBUG    | ttnn:<module>:79 - Initial ttnn.CONFIG:
Config{cache_path=/home/mvasiljevic/.cache/ttnn,model_cache_path=/home/mvasiljevic/.cache/ttnn/models,tmp_dir=/tmp/ttnn,enable_model_cache=false,enable_fast_runtime_mode=true,throw_exception_on_fallback=false,enable_logging=false,enable_graph_report=false,enable_graph_python_stack_traces=false,enable_detailed_buffer_report=false,enable_detailed_tensor_report=false,enable_comparison_mode=false,comparison_mode_should_raise_exception=false,comparison_mode_pcc=0.9999,root_report_path=generated/ttnn/reports,report_name=std::nullopt,std::nullopt}
============================= test session starts ==============================
platform linux -- Python 3.12.13, pytest-9.0.3, pluggy-1.6.0 -- /home/mvasiljevic/tt-metal/python_env/bin/python3
cachedir: .pytest_cache
benchmark: 5.2.3 (defaults: timer=time.perf_counter disable_gc=False min_rounds=5 min_time=0.000005 max_time=1.0 calibration_precision=10 warmup=False warmup_iterations=100000)
rootdir: /home/mvasiljevic/tt-metal
configfile: pytest.ini
plugins: github-actions-annotate-failures-0.3.0, anyio-4.14.2, dash-2.15.0, split-0.11.0, timeout-2.4.0, benchmark-5.2.3, cov-7.0.0
timeout: 300.0s
timeout method: signal
timeout func_only: False
collecting ... collected 10 items / 3 deselected / 7 selected

models/autoports/mistralai_mistral_small_24b_instruct_2501/tests/test_full_model.py::test_full_model_policy_preserves_accepted_decoder_defaults PASSED
models/autoports/mistralai_mistral_small_24b_instruct_2501/tests/test_full_model.py::test_full_context_capacity_accounting_includes_split_trace_region PASSED
models/autoports/mistralai_mistral_small_24b_instruct_2501/tests/test_full_model.py::test_readiness_and_explicit_state_signatures PASSED
models/autoports/mistralai_mistral_small_24b_instruct_2501/tests/test_full_model.py::test_fixed_slot_page_table_preserves_active_mapping_and_fills_inactive_rows PASSED
models/autoports/mistralai_mistral_small_24b_instruct_2501/tests/test_full_model.py::test_decode_separates_signed_cache_positions_from_rope_positions PASSED
models/autoports/mistralai_mistral_small_24b_instruct_2501/tests/test_full_model.py::test_selected_split_sampler_and_trace_feedback_are_canonical PASSED
models/autoports/mistralai_mistral_small_24b_instruct_2501/tests/test_full_model.py::test_optimized_generate_has_no_host_argmax_or_full_logit_feedback PASSED

=============================== warnings summary ===============================
<frozen importlib._bootstrap>:488
  <frozen importlib._bootstrap>:488: DeprecationWarning: builtin type SwigPyPacked has no __module__ attribute

<frozen importlib._bootstrap>:488
  <frozen importlib._bootstrap>:488: DeprecationWarning: builtin type SwigPyObject has no __module__ attribute

python_env/lib/python3.12/site-packages/pydantic/_internal/_config.py:291
  /home/mvasiljevic/tt-metal/python_env/lib/python3.12/site-packages/pydantic/_internal/_config.py:291: PydanticDeprecatedSince20: Support for class-based `config` is deprecated, use ConfigDict instead. Deprecated in Pydantic V2.0 to be removed in V3.0. See Pydantic V2 Migration Guide at https://errors.pydantic.dev/2.9/migration/
    warnings.warn(DEPRECATION_MESSAGE, DeprecationWarning)

-- Docs: https://docs.pytest.org/en/stable/how-to/capture-warnings.html
==================================== PASSES ====================================
- generated xml file: /home/mvasiljevic/tt-metal/generated/test_reports/most_recent_tests.xml -
============================== slowest durations ===============================
0.21s setup    models/autoports/mistralai_mistral_small_24b_instruct_2501/tests/test_full_model.py::test_full_model_policy_preserves_accepted_decoder_defaults
0.20s setup    models/autoports/mistralai_mistral_small_24b_instruct_2501/tests/test_full_model.py::test_optimized_generate_has_no_host_argmax_or_full_logit_feedback
0.20s setup    models/autoports/mistralai_mistral_small_24b_instruct_2501/tests/test_full_model.py::test_decode_separates_signed_cache_positions_from_rope_positions
0.19s setup    models/autoports/mistralai_mistral_small_24b_instruct_2501/tests/test_full_model.py::test_fixed_slot_page_table_preserves_active_mapping_and_fills_inactive_rows
0.19s setup    models/autoports/mistralai_mistral_small_24b_instruct_2501/tests/test_full_model.py::test_full_context_capacity_accounting_includes_split_trace_region
0.19s setup    models/autoports/mistralai_mistral_small_24b_instruct_2501/tests/test_full_model.py::test_selected_split_sampler_and_trace_feedback_are_canonical
0.19s setup    models/autoports/mistralai_mistral_small_24b_instruct_2501/tests/test_full_model.py::test_readiness_and_explicit_state_signatures

(14 durations < 0.005s hidden.  Use -vv to show these durations.)
=========================== short test summary info ============================
PASSED models/autoports/mistralai_mistral_small_24b_instruct_2501/tests/test_full_model.py::test_full_model_policy_preserves_accepted_decoder_defaults
PASSED models/autoports/mistralai_mistral_small_24b_instruct_2501/tests/test_full_model.py::test_full_context_capacity_accounting_includes_split_trace_region
PASSED models/autoports/mistralai_mistral_small_24b_instruct_2501/tests/test_full_model.py::test_readiness_and_explicit_state_signatures
PASSED models/autoports/mistralai_mistral_small_24b_instruct_2501/tests/test_full_model.py::test_fixed_slot_page_table_preserves_active_mapping_and_fills_inactive_rows
PASSED models/autoports/mistralai_mistral_small_24b_instruct_2501/tests/test_full_model.py::test_decode_separates_signed_cache_positions_from_rope_positions
PASSED models/autoports/mistralai_mistral_small_24b_instruct_2501/tests/test_full_model.py::test_selected_split_sampler_and_trace_feedback_are_canonical
PASSED models/autoports/mistralai_mistral_small_24b_instruct_2501/tests/test_full_model.py::test_optimized_generate_has_no_host_argmax_or_full_logit_feedback
================= 7 passed, 3 deselected, 3 warnings in 2.09s ==================
sys:1: DeprecationWarning: builtin type swigvarlink has no __module__ attribute
nanobind: leaked 2 instances!
 - leaked instance 0x7a361dc11f98 of type "ttnn._ttnn.tensor.CoreRangeSet"
 - leaked instance 0x7a361d67c108 of type "ttnn._ttnn.tensor.MemoryConfig"
nanobind: leaked 26 types!
 - leaked type "MathFidelity"
 - leaked type "ttnn._ttnn.operations.matmul.MatmulMultiCoreReuseMultiCast1DProgramConfig"
 - leaked type "FabricConfig"
 - leaked type "ttnn._ttnn.operations.matmul.MatmulInputs"
 - leaked type "ttnn._ttnn.multi_device.MeshMapperConfig"
 - leaked type "ttnn._ttnn.operations.matmul.MatmulMultiCoreReuseMultiCastBatchedDRAMShardedProgramConfig"
 - leaked type "BufferType"
 - leaked type "UnaryOpType"
 - leaked type "Layout"
 - leaked type "ttnn._ttnn.operations.matmul.MatmulMultiCoreReuseOptimizedProgramFactory"
 - ... skipped remainder
nanobind: leaked 263 functions!
 - leaked function ""
 - leaked function ""
 - leaked function ""
 - leaked function "from_json"
 - leaked function "reshape"
 - leaked function ""
 - leaked function ""
 - leaked function ""
 - leaked function "from_json"
 - leaked function ""
 - ... skipped remainder
nanobind: this is likely caused by a reference counting issue in the binding code.
See https://nanobind.readthedocs.io/en/latest/refleaks.html2026-07-20 08:22:40.755 | DEBUG    | ttnn:<module>:79 - Initial ttnn.CONFIG:
Config{cache_path=/home/mvasiljevic/.cache/ttnn,model_cache_path=/home/mvasiljevic/.cache/ttnn/models,tmp_dir=/tmp/ttnn,enable_model_cache=false,enable_fast_runtime_mode=true,throw_exception_on_fallback=false,enable_logging=false,enable_graph_report=false,enable_graph_python_stack_traces=false,enable_detailed_buffer_report=false,enable_detailed_tensor_report=false,enable_comparison_mode=false,comparison_mode_should_raise_exception=false,comparison_mode_pcc=0.9999,root_report_path=generated/ttnn/reports,report_name=std::nullopt,std::nullopt}
============================= test session starts ==============================
platform linux -- Python 3.12.13, pytest-9.0.3, pluggy-1.6.0 -- /home/mvasiljevic/tt-metal/python_env/bin/python3
cachedir: .pytest_cache
benchmark: 5.2.3 (defaults: timer=time.perf_counter disable_gc=False min_rounds=5 min_time=0.000005 max_time=1.0 calibration_precision=10 warmup=False warmup_iterations=100000)
rootdir: /home/mvasiljevic/tt-metal
configfile: pytest.ini
plugins: github-actions-annotate-failures-0.3.0, anyio-4.14.2, dash-2.15.0, split-0.11.0, timeout-2.4.0, benchmark-5.2.3, cov-7.0.0
timeout: 300.0s
timeout method: signal
timeout func_only: False
collecting ... collected 2 items

models/common/readiness_check/test_generate.py::test_chat_template_accepts_batch_encoding_input_ids PASSED
models/common/readiness_check/test_run_autoregressive.py::test_hf_greedy_supplies_attention_mask_for_eos_as_pad_tokenizers PASSED

=============================== warnings summary ===============================
<frozen importlib._bootstrap>:488
  <frozen importlib._bootstrap>:488: DeprecationWarning: builtin type SwigPyPacked has no __module__ attribute

<frozen importlib._bootstrap>:488
  <frozen importlib._bootstrap>:488: DeprecationWarning: builtin type SwigPyObject has no __module__ attribute

-- Docs: https://docs.pytest.org/en/stable/how-to/capture-warnings.html
==================================== PASSES ====================================
- generated xml file: /home/mvasiljevic/tt-metal/generated/test_reports/most_recent_tests.xml -
============================== slowest durations ===============================
0.20s setup    models/common/readiness_check/test_generate.py::test_chat_template_accepts_batch_encoding_input_ids
0.19s setup    models/common/readiness_check/test_run_autoregressive.py::test_hf_greedy_supplies_attention_mask_for_eos_as_pad_tokenizers

(4 durations < 0.005s hidden.  Use -vv to show these durations.)
=========================== short test summary info ============================
PASSED models/common/readiness_check/test_generate.py::test_chat_template_accepts_batch_encoding_input_ids
PASSED models/common/readiness_check/test_run_autoregressive.py::test_hf_greedy_supplies_attention_mask_for_eos_as_pad_tokenizers
======================== 2 passed, 2 warnings in 1.01s =========================
sys:1: DeprecationWarning: builtin type swigvarlink has no __module__ attribute
nanobind: leaked 2 instances!
 - leaked instance 0x727e2e519e18 of type "ttnn._ttnn.tensor.CoreRangeSet"
 - leaked instance 0x727e2dda0108 of type "ttnn._ttnn.tensor.MemoryConfig"
nanobind: leaked 20 types!
 - leaked type "ttnn._ttnn.operations.matmul.MatmulMultiCoreReuseMultiCast1DProgramConfig"
 - leaked type "ttnn._ttnn.operations.matmul.MatmulInputs"
 - leaked type "ttnn._ttnn.operations.matmul.MatmulMultiCoreReuseMultiCastBatchedDRAMShardedProgramConfig"
 - leaked type "BufferType"
 - leaked type "UnaryOpType"
 - leaked type "Layout"
 - leaked type "ttnn._ttnn.operations.matmul.MatmulMultiCoreReuseOptimizedProgramFactory"
 - leaked type "Arch"
 - leaked type "ttnn._ttnn.operations.matmul.MatmulParams"
 - leaked type "ttnn._ttnn.tensor.CoreRangeSet"
 - ... skipped remainder
nanobind: leaked 247 functions!
 - leaked function ""
 - leaked function ""
 - leaked function "get_device_ids"
 - leaked function ""
 - leaked function ""
 - leaked function ""
 - leaked function "arch"
 - leaked function ""
 - leaked function ""
 - leaked function "get_tile"
 - ... skipped remainder
nanobind: this is likely caused by a reference counting issue in the binding code.
See https://nanobind.readthedocs.io/en/latest/refleaks.htmlAll done! ✨ 🍰 ✨
11 files would be left unchanged.
