2026-07-19 12:27:06.072 | info     |          Device | Opening user mode device driver (tt_cluster.cpp:228)
2026-07-19 12:27:06.072 | info     |             UMD | Cluster constructor started. (cluster.cpp:348)
2026-07-19 12:27:06.072 | info     |             UMD | Creating TopologyDiscovery for architecture: blackhole (topology_discovery.cpp:91)
2026-07-19 12:27:06.072 | info     |             UMD | Starting topology discovery. (topology_discovery.cpp:110)
2026-07-19 12:27:06.074 | info     |             UMD | Established firmware bundle version: 19.8.0 (topology_discovery.cpp:569)
2026-07-19 12:27:06.074 | info     |             UMD | Firmware bundle version 19.8.0 on the system is newer than the latest fully tested version 19.5.0 for blackhole architecture. Newest features may not be supported. (topology_discovery.cpp:601)
2026-07-19 12:27:06.078 | info     |             UMD | Completed topology discovery. (topology_discovery.cpp:114)
2026-07-19 12:27:06.300 | info     |             UMD | Opening local chip ids/PCIe ids: {0, 1, 2, 3}/[0, 1, 2, 3] and remote chip ids {} (cluster.cpp:168)
2026-07-19 12:27:06.300 | info     |             UMD | IOMMU: enabled (cluster.cpp:142)
2026-07-19 12:27:06.300 | info     |             UMD | KMD version: 2.8.0 (cluster.cpp:145)
2026-07-19 12:27:06.300 | info     |             UMD | Cluster constructor completed. (cluster.cpp:520)
2026-07-19 12:27:06.301 | info     |             UMD | Starting devices in cluster (cluster.cpp:1024)
2026-07-19 12:27:06.482 | info     |             UMD | Starting devices in cluster completed. (cluster.cpp:1032)
--------------------------------------------------------------------------
It appears as if there is not enough space for /dev/shm/sm_segment.23ff5195c3f7.1000.e2180000.0 (the shared-memory backing
file). It is likely that your MPI job will now either abort or experience
performance degradation.

  Local host:  23ff5195c3f7
  Space Requested: 16777216 B
  Space Available: 17539072 B
--------------------------------------------------------------------------
2026-07-19 12:27:06.608 | DEBUG    | ttnn.device:__init__:152 - Using default dispatch core type for this system: DispatchCoreType.WORKER
2026-07-19 12:27:06.608 | DEBUG    | ttnn.device:__init__:154 - Using default dispatch core axis for this system: DispatchCoreAxis.COL
2026-07-19 12:27:06.608 | info     |     Distributed | Using auto discovery to generate mesh graph. (metal_env.cpp:367)
2026-07-19 12:27:06.608 | info     |     Distributed | Constructing control plane using auto-discovery (no mesh graph descriptor). (metal_env.cpp:429)
2026-07-19 12:27:06.608 | warning  |          Always | Unknown motherboard 'B850M-C' for chip_id=0 (bus_id=0x1) — falling back to bus_id as tray_id. Add this motherboard and its bus IDs to mobo_to_bus_ids in physical_system_discovery.cpp. (physical_system_discovery.cpp:89)
2026-07-19 12:27:06.608 | warning  |          Always | Unknown motherboard 'B850M-C' for chip_id=1 (bus_id=0x2) — falling back to bus_id as tray_id. Add this motherboard and its bus IDs to mobo_to_bus_ids in physical_system_discovery.cpp. (physical_system_discovery.cpp:89)
2026-07-19 12:27:06.608 | warning  |          Always | Unknown motherboard 'B850M-C' for chip_id=2 (bus_id=0x3) — falling back to bus_id as tray_id. Add this motherboard and its bus IDs to mobo_to_bus_ids in physical_system_discovery.cpp. (physical_system_discovery.cpp:89)
2026-07-19 12:27:06.608 | warning  |          Always | Unknown motherboard 'B850M-C' for chip_id=3 (bus_id=0x4) — falling back to bus_id as tray_id. Add this motherboard and its bus IDs to mobo_to_bus_ids in physical_system_discovery.cpp. (physical_system_discovery.cpp:89)
2026-07-19 12:27:06.608 | warning  |          Always | Unknown motherboard 'B850M-C' for chip_id=1 (bus_id=0x2) — falling back to bus_id as tray_id. Add this motherboard and its bus IDs to mobo_to_bus_ids in physical_system_discovery.cpp. (physical_system_discovery.cpp:89)
2026-07-19 12:27:06.608 | warning  |          Always | Unknown motherboard 'B850M-C' for chip_id=0 (bus_id=0x1) — falling back to bus_id as tray_id. Add this motherboard and its bus IDs to mobo_to_bus_ids in physical_system_discovery.cpp. (physical_system_discovery.cpp:89)
2026-07-19 12:27:06.608 | warning  |          Always | Unknown motherboard 'B850M-C' for chip_id=2 (bus_id=0x3) — falling back to bus_id as tray_id. Add this motherboard and its bus IDs to mobo_to_bus_ids in physical_system_discovery.cpp. (physical_system_discovery.cpp:89)
2026-07-19 12:27:06.608 | warning  |          Always | Unknown motherboard 'B850M-C' for chip_id=3 (bus_id=0x4) — falling back to bus_id as tray_id. Add this motherboard and its bus IDs to mobo_to_bus_ids in physical_system_discovery.cpp. (physical_system_discovery.cpp:89)
2026-07-19 12:27:06.608 | info     |          Fabric | Logical multi-mesh adjacency: intermesh degree histogram {0:1}; intra-mesh degree histograms mesh0 {2:4} (topology_mapper_utils.cpp:2342)
2026-07-19 12:27:06.608 | info     |          Fabric | Physical multi-mesh adjacency: intermesh degree histogram {0:1}; intra-mesh degree histograms mesh0 {2:4} (topology_mapper_utils.cpp:2350)
2026-07-19 12:27:06.612 | info     |    BuildKernels | Using pre-compiled firmware from: /home/mvasiljevic/tt-mlir/third_party/tt-metal/src/tt-metal/tt_metal/pre-compiled/13793420398762238087/ (build_env_manager.cpp:347)
2026-07-19 12:27:06.613 | info     |    BuildKernels | Using pre-compiled firmware from: /home/mvasiljevic/tt-mlir/third_party/tt-metal/src/tt-metal/tt_metal/pre-compiled/13793420398762238087/ (build_env_manager.cpp:347)
2026-07-19 12:27:06.613 | info     |    BuildKernels | Using pre-compiled firmware from: /home/mvasiljevic/tt-mlir/third_party/tt-metal/src/tt-metal/tt_metal/pre-compiled/13793420398762238087/ (build_env_manager.cpp:347)
2026-07-19 12:27:06.614 | info     |    BuildKernels | Using pre-compiled firmware from: /home/mvasiljevic/tt-mlir/third_party/tt-metal/src/tt-metal/tt_metal/pre-compiled/13793420398762238087/ (build_env_manager.cpp:347)
2026-07-19 12:27:06.642 | warning  |           Metal | Opening subset of mmio devices slows down UMD read/write to remote chips. If opening more devices, consider using CreateDevices API. (device_manager.cpp:261)
2026-07-19 12:27:06.681 | info     |           Metal | ShmResourceTracker: removed orphaned shm '/tt_device_154095681929600_memory' (shm_resource_tracker.cpp:282)
2026-07-19 12:27:07.261 | info     |           Metal | [Real-time profiler] Device 3 sync complete: 100 samples, frequency=1.349982 GHz, device_time_at_sync=400109523813 cycles (realtime_profiler_manager.cpp:1127)
2026-07-19 12:27:07.843 | info     |             UMD | Creating TopologyDiscovery for architecture: blackhole (topology_discovery.cpp:91)
2026-07-19 12:27:07.843 | info     |             UMD | Starting topology discovery. (topology_discovery.cpp:110)
2026-07-19 12:27:07.844 | info     |             UMD | Established firmware bundle version: 19.8.0 (topology_discovery.cpp:569)
2026-07-19 12:27:07.844 | info     |             UMD | Firmware bundle version 19.8.0 on the system is newer than the latest fully tested version 19.5.0 for blackhole architecture. Newest features may not be supported. (topology_discovery.cpp:601)
2026-07-19 12:27:07.848 | info     |             UMD | Completed topology discovery. (topology_discovery.cpp:114)
2026-07-19 12:27:07.851 | info     |           Metal | Using programmatically configured mock mode: /tmp/umd_rQoc6x/cluster_descriptor.yaml (metal_env.cpp:129)
2026-07-19 12:27:07.851 | info     |          Device | Opening user mode device driver (tt_cluster.cpp:228)
2026-07-19 12:27:07.852 | warning  |          Device | Currently using mock cluster descriptor, all device driver calls will be mocked (tt_cluster.cpp:251)
2026-07-19 12:27:07.852 | info     |             UMD | Cluster constructor started. (cluster.cpp:348)
2026-07-19 12:27:07.854 | info     |             UMD | Cluster constructor completed. (cluster.cpp:520)
2026-07-19 12:27:07.855 | info     |             UMD | Starting devices in cluster (cluster.cpp:1024)
2026-07-19 12:27:07.855 | info     |             UMD | Starting devices in cluster completed. (cluster.cpp:1032)
2026-07-19 12:27:07.856 | info     |     Distributed | Using auto discovery to generate mesh graph. (metal_env.cpp:367)
2026-07-19 12:27:07.856 | info     |     Distributed | Constructing control plane using auto-discovery (no mesh graph descriptor). (metal_env.cpp:429)
2026-07-19 12:27:07.856 | info     |          Fabric | Logical multi-mesh adjacency: intermesh degree histogram {0:1}; intra-mesh degree histograms mesh0 {2:4} (topology_mapper_utils.cpp:2342)
2026-07-19 12:27:07.856 | info     |          Fabric | Physical multi-mesh adjacency: intermesh degree histogram {0:1}; intra-mesh degree histograms mesh0 {2:4} (topology_mapper_utils.cpp:2350)
2026-07-19 12:27:07.858 | info     |    BuildKernels | Using pre-compiled firmware from: /home/mvasiljevic/tt-mlir/third_party/tt-metal/src/tt-metal/tt_metal/pre-compiled/13793420398762238087/ (build_env_manager.cpp:347)
2026-07-19 12:27:07.859 | info     |    BuildKernels | Using pre-compiled firmware from: /home/mvasiljevic/tt-mlir/third_party/tt-metal/src/tt-metal/tt_metal/pre-compiled/13793420398762238087/ (build_env_manager.cpp:347)
2026-07-19 12:27:07.860 | info     |    BuildKernels | Using pre-compiled firmware from: /home/mvasiljevic/tt-mlir/third_party/tt-metal/src/tt-metal/tt_metal/pre-compiled/13793420398762238087/ (build_env_manager.cpp:347)
2026-07-19 12:27:07.860 | info     |    BuildKernels | Using pre-compiled firmware from: /home/mvasiljevic/tt-mlir/third_party/tt-metal/src/tt-metal/tt_metal/pre-compiled/13793420398762238087/ (build_env_manager.cpp:347)
2026-07-19 12:27:07.860 | warning  |           Metal | Opening subset of mmio devices slows down UMD read/write to remote chips. If opening more devices, consider using CreateDevices API. (device_manager.cpp:261)
2026-07-19 12:27:07.861 | info     |           Metal | Skipping host-side CQ initialization for mock devices (command_queue_initializer.cpp:27)
2026-07-19 12:27:07.861 | info     |           Metal | Skipping dispatch firmware initialization for mock devices (dispatch_kernel_initializer.cpp:88)
2026-07-19 12:27:07.861 | info     |           Metal | Skipping fabric configure (router sync) for mock devices (fabric_firmware_initializer.cpp:319)
2026-07-19 12:27:07.861 | info     |           Metal | Disabling and clearing program cache on MeshDevice 1 (mesh_device.cpp:1064)
2026-07-19 12:27:07.869 | info     |           Metal | Disabling and clearing program cache on MeshDevice 1 (mesh_device.cpp:1064)
2026-07-19 12:27:07.869 | info     |           Metal | Disabling and clearing program cache on MeshDevice 1 (mesh_device.cpp:1064)
2026-07-19 12:27:07.870 | info     |           Metal | Disabling and clearing program cache on MeshDevice 1 (mesh_device.cpp:1064)
2026-07-19 12:27:07.870 | info     |           Metal | Disabling and clearing program cache on MeshDevice 1 (mesh_device.cpp:1064)
2026-07-19 12:27:07.870 | info     |           Metal | Disabling and clearing program cache on MeshDevice 1 (mesh_device.cpp:1064)
2026-07-19 12:27:07.870 | info     |           Metal | Disabling and clearing program cache on MeshDevice 1 (mesh_device.cpp:1064)
2026-07-19 12:27:07.870 | info     |           Metal | Disabling and clearing program cache on MeshDevice 1 (mesh_device.cpp:1064)
2026-07-19 12:27:07.871 | info     |           Metal | Disabling and clearing program cache on MeshDevice 1 (mesh_device.cpp:1064)
2026-07-19 12:27:07.871 | info     |           Metal | Disabling and clearing program cache on MeshDevice 1 (mesh_device.cpp:1064)
2026-07-19 12:27:07.871 | info     |           Metal | Disabling and clearing program cache on MeshDevice 1 (mesh_device.cpp:1064)
2026-07-19 12:27:07.871 | info     |           Metal | Disabling and clearing program cache on MeshDevice 1 (mesh_device.cpp:1064)
2026-07-19 12:27:07.872 | info     |           Metal | Disabling and clearing program cache on MeshDevice 1 (mesh_device.cpp:1064)
2026-07-19 12:27:07.872 | info     |           Metal | Disabling and clearing program cache on MeshDevice 1 (mesh_device.cpp:1064)
2026-07-19 12:27:07.872 | info     |           Metal | Disabling and clearing program cache on MeshDevice 1 (mesh_device.cpp:1064)
2026-07-19 12:27:07.873 | info     |           Metal | Disabling and clearing program cache on MeshDevice 1 (mesh_device.cpp:1064)
2026-07-19 12:27:07.873 | info     |           Metal | Disabling and clearing program cache on MeshDevice 1 (mesh_device.cpp:1064)
2026-07-19 12:27:07.873 | info     |           Metal | Disabling and clearing program cache on MeshDevice 1 (mesh_device.cpp:1064)
2026-07-19 12:27:07.873 | info     |           Metal | Disabling and clearing program cache on MeshDevice 1 (mesh_device.cpp:1064)
2026-07-19 12:27:07.874 | info     |           Metal | Disabling and clearing program cache on MeshDevice 1 (mesh_device.cpp:1064)
2026-07-19 12:27:07.874 | info     |           Metal | Disabling and clearing program cache on MeshDevice 1 (mesh_device.cpp:1064)
2026-07-19 12:27:07.874 | info     |           Metal | Disabling and clearing program cache on MeshDevice 1 (mesh_device.cpp:1064)
2026-07-19 12:27:07.874 | info     |           Metal | Disabling and clearing program cache on MeshDevice 1 (mesh_device.cpp:1064)
2026-07-19 12:27:07.875 | info     |           Metal | Disabling and clearing program cache on MeshDevice 1 (mesh_device.cpp:1064)
2026-07-19 12:27:07.875 | info     |           Metal | Disabling and clearing program cache on MeshDevice 1 (mesh_device.cpp:1064)
2026-07-19 12:27:07.875 | info     |           Metal | Disabling and clearing program cache on MeshDevice 1 (mesh_device.cpp:1064)
2026-07-19 12:27:07.875 | info     |           Metal | Disabling and clearing program cache on MeshDevice 1 (mesh_device.cpp:1064)
2026-07-19 12:27:07.875 | critical |          Always | TT_FATAL: Error: Output memory layout must be WIDTH_SHARDED or BLOCK_SHARDED on a 1-row grid. Provided tensor memory layout: TensorMemoryLayout::BLOCK_SHARDED (assert.hpp:104)
2026-07-19 12:27:07.875 | info     |           Metal | Disabling and clearing program cache on MeshDevice 1 (mesh_device.cpp:1064)
2026-07-19 12:27:07.876 | critical |          Always | TT_FATAL: Error: Output memory layout must be WIDTH_SHARDED or BLOCK_SHARDED on a 1-row grid. Provided tensor memory layout: TensorMemoryLayout::BLOCK_SHARDED (assert.hpp:104)
2026-07-19 12:27:07.876 | info     |           Metal | Disabling and clearing program cache on MeshDevice 1 (mesh_device.cpp:1064)
2026-07-19 12:27:07.876 | critical |          Always | TT_FATAL: Error: Output memory layout must be WIDTH_SHARDED or BLOCK_SHARDED on a 1-row grid. Provided tensor memory layout: TensorMemoryLayout::BLOCK_SHARDED (assert.hpp:104)
2026-07-19 12:27:07.876 | info     |           Metal | Disabling and clearing program cache on MeshDevice 1 (mesh_device.cpp:1064)
2026-07-19 12:27:07.876 | critical |          Always | TT_FATAL: Error: Output memory layout must be WIDTH_SHARDED or BLOCK_SHARDED on a 1-row grid. Provided tensor memory layout: TensorMemoryLayout::BLOCK_SHARDED (assert.hpp:104)
2026-07-19 12:27:07.876 | info     |           Metal | Disabling and clearing program cache on MeshDevice 1 (mesh_device.cpp:1064)
2026-07-19 12:27:07.876 | critical |          Always | TT_FATAL: Error: Output memory layout must be WIDTH_SHARDED or BLOCK_SHARDED on a 1-row grid. Provided tensor memory layout: TensorMemoryLayout::BLOCK_SHARDED (assert.hpp:104)
2026-07-19 12:27:07.876 | info     |           Metal | Disabling and clearing program cache on MeshDevice 1 (mesh_device.cpp:1064)
2026-07-19 12:27:07.876 | critical |          Always | TT_FATAL: Error: Output memory layout must be WIDTH_SHARDED or BLOCK_SHARDED on a 1-row grid. Provided tensor memory layout: TensorMemoryLayout::BLOCK_SHARDED (assert.hpp:104)
2026-07-19 12:27:07.876 | info     |           Metal | Disabling and clearing program cache on MeshDevice 1 (mesh_device.cpp:1064)
2026-07-19 12:27:07.876 | critical |          Always | TT_FATAL: Error: Output memory layout must be WIDTH_SHARDED or BLOCK_SHARDED on a 1-row grid. Provided tensor memory layout: TensorMemoryLayout::BLOCK_SHARDED (assert.hpp:104)
2026-07-19 12:27:07.876 | info     |           Metal | Disabling and clearing program cache on MeshDevice 1 (mesh_device.cpp:1064)
2026-07-19 12:27:07.876 | critical |          Always | TT_FATAL: Error: Output memory layout must be WIDTH_SHARDED or BLOCK_SHARDED on a 1-row grid. Provided tensor memory layout: TensorMemoryLayout::BLOCK_SHARDED (assert.hpp:104)
2026-07-19 12:27:07.876 | info     |           Metal | Disabling and clearing program cache on MeshDevice 1 (mesh_device.cpp:1064)
2026-07-19 12:27:07.876 | critical |          Always | TT_FATAL: Error: Output memory layout must be WIDTH_SHARDED or BLOCK_SHARDED on a 1-row grid. Provided tensor memory layout: TensorMemoryLayout::BLOCK_SHARDED (assert.hpp:104)
2026-07-19 12:27:07.876 | info     |           Metal | Disabling and clearing program cache on MeshDevice 1 (mesh_device.cpp:1064)
2026-07-19 12:27:07.877 | critical |          Always | TT_FATAL: Error: Output memory layout must be WIDTH_SHARDED or BLOCK_SHARDED on a 1-row grid. Provided tensor memory layout: TensorMemoryLayout::BLOCK_SHARDED (assert.hpp:104)
2026-07-19 12:27:07.877 | info     |           Metal | Disabling and clearing program cache on MeshDevice 1 (mesh_device.cpp:1064)
2026-07-19 12:27:07.877 | info     |           Metal | Disabling and clearing program cache on MeshDevice 1 (mesh_device.cpp:1064)
2026-07-19 12:27:07.877 | critical |          Always | TT_FATAL: Error: input_tensor_a must be height sharded. (assert.hpp:104)
2026-07-19 12:27:07.877 | info     |           Metal | Disabling and clearing program cache on MeshDevice 1 (mesh_device.cpp:1064)
2026-07-19 12:27:07.877 | critical |          Always | TT_FATAL: Error: shard_shape[1] (64) / in0_tile.get_width() (32) must be divisible by in0_block_w (8). (assert.hpp:104)
2026-07-19 12:27:07.877 | info     |           Metal | Disabling and clearing program cache on MeshDevice 1 (mesh_device.cpp:1064)
2026-07-19 12:27:07.878 | critical |          Always | TT_FATAL: Error: shard_shape[1] (64) / in0_tile.get_width() (32) must be divisible by in0_block_w (8). (assert.hpp:104)
2026-07-19 12:27:07.878 | info     |           Metal | Disabling and clearing program cache on MeshDevice 1 (mesh_device.cpp:1064)
2026-07-19 12:27:07.878 | critical |          Always | TT_FATAL: Error: shard_shape[1] (64) / in0_tile.get_width() (32) must be divisible by in0_block_w (8). (assert.hpp:104)
2026-07-19 12:27:07.878 | info     |           Metal | Disabling and clearing program cache on MeshDevice 1 (mesh_device.cpp:1064)
2026-07-19 12:27:07.878 | critical |          Always | TT_FATAL: Error: shard_shape[1] (64) / in0_tile.get_width() (32) must be divisible by in0_block_w (8). (assert.hpp:104)
2026-07-19 12:27:07.878 | info     |           Metal | Disabling and clearing program cache on MeshDevice 1 (mesh_device.cpp:1064)
2026-07-19 12:27:07.878 | critical |          Always | TT_FATAL: Error: shard_shape[1] (64) / in0_tile.get_width() (32) must be divisible by in0_block_w (8). (assert.hpp:104)
2026-07-19 12:27:07.878 | info     |           Metal | Disabling and clearing program cache on MeshDevice 1 (mesh_device.cpp:1064)
2026-07-19 12:27:07.878 | critical |          Always | TT_FATAL: Error: shard_shape[1] (64) / in0_tile.get_width() (32) must be divisible by in0_block_w (8). (assert.hpp:104)
2026-07-19 12:27:07.878 | info     |           Metal | Disabling and clearing program cache on MeshDevice 1 (mesh_device.cpp:1064)
2026-07-19 12:27:07.878 | critical |          Always | TT_FATAL: Error: shard_shape[1] (64) / in0_tile.get_width() (32) must be divisible by in0_block_w (8). (assert.hpp:104)
2026-07-19 12:27:07.878 | info     |           Metal | Disabling and clearing program cache on MeshDevice 1 (mesh_device.cpp:1064)
2026-07-19 12:27:07.879 | critical |          Always | TT_FATAL: Error: shard_shape[1] (64) / in0_tile.get_width() (32) must be divisible by in0_block_w (8). (assert.hpp:104)
2026-07-19 12:27:07.879 | info     |           Metal | Disabling and clearing program cache on MeshDevice 1 (mesh_device.cpp:1064)
2026-07-19 12:27:07.879 | critical |          Always | TT_FATAL: Error: shard_shape[1] (64) / in0_tile.get_width() (32) must be divisible by in0_block_w (8). (assert.hpp:104)
2026-07-19 12:27:07.879 | info     |           Metal | Disabling and clearing program cache on MeshDevice 1 (mesh_device.cpp:1064)
2026-07-19 12:27:07.879 | critical |          Always | TT_FATAL: Error: shard_shape[1] (64) / in0_tile.get_width() (32) must be divisible by in0_block_w (8). (assert.hpp:104)
2026-07-19 12:27:07.879 | info     |           Metal | Disabling and clearing program cache on MeshDevice 1 (mesh_device.cpp:1064)
2026-07-19 12:27:07.879 | critical |          Always | TT_FATAL: Error: shard_shape[1] (64) / in0_tile.get_width() (32) must be divisible by in0_block_w (8). (assert.hpp:104)
2026-07-19 12:27:07.879 | info     |           Metal | Disabling and clearing program cache on MeshDevice 1 (mesh_device.cpp:1064)
2026-07-19 12:27:07.879 | critical |          Always | TT_FATAL: Error: shard_shape[1] (64) / in0_tile.get_width() (32) must be divisible by in0_block_w (8). (assert.hpp:104)
2026-07-19 12:27:07.879 | info     |           Metal | Disabling and clearing program cache on MeshDevice 1 (mesh_device.cpp:1064)
2026-07-19 12:27:07.879 | critical |          Always | TT_FATAL: Error: shard_shape[1] (64) / in0_tile.get_width() (32) must be divisible by in0_block_w (8). (assert.hpp:104)
2026-07-19 12:27:07.879 | info     |           Metal | Disabling and clearing program cache on MeshDevice 1 (mesh_device.cpp:1064)
2026-07-19 12:27:07.879 | critical |          Always | TT_FATAL: Error: shard_shape[1] (64) / in0_tile.get_width() (32) must be divisible by in0_block_w (8). (assert.hpp:104)
2026-07-19 12:27:07.880 | info     |           Metal | Disabling and clearing program cache on MeshDevice 1 (mesh_device.cpp:1064)
2026-07-19 12:27:07.880 | critical |          Always | TT_FATAL: Error: Memory layout mismatch. (assert.hpp:104)
2026-07-19 12:27:07.880 | info     |           Metal | Disabling and clearing program cache on MeshDevice 1 (mesh_device.cpp:1064)
2026-07-19 12:27:07.880 | critical |          Always | TT_FATAL: Error: Memory layout mismatch. (assert.hpp:104)
2026-07-19 12:27:07.880 | info     |           Metal | Disabling and clearing program cache on MeshDevice 1 (mesh_device.cpp:1064)
2026-07-19 12:27:07.880 | critical |          Always | TT_FATAL: Error: Memory layout mismatch. (assert.hpp:104)
2026-07-19 12:27:07.880 | info     |           Metal | Disabling and clearing program cache on MeshDevice 1 (mesh_device.cpp:1064)
2026-07-19 12:27:07.880 | critical |          Always | TT_FATAL: Error: Memory layout mismatch. (assert.hpp:104)
2026-07-19 12:27:07.880 | info     |           Metal | Disabling and clearing program cache on MeshDevice 1 (mesh_device.cpp:1064)
2026-07-19 12:27:07.880 | critical |          Always | TT_FATAL: Error: Memory layout mismatch. (assert.hpp:104)
2026-07-19 12:27:07.880 | info     |           Metal | Disabling and clearing program cache on MeshDevice 1 (mesh_device.cpp:1064)
2026-07-19 12:27:07.880 | critical |          Always | TT_FATAL: Error: Memory layout mismatch. (assert.hpp:104)
2026-07-19 12:27:07.881 | info     |           Metal | Disabling and clearing program cache on MeshDevice 1 (mesh_device.cpp:1064)
2026-07-19 12:27:07.881 | critical |          Always | TT_FATAL: Error: Memory layout mismatch. (assert.hpp:104)
2026-07-19 12:27:07.881 | info     |           Metal | Disabling and clearing program cache on MeshDevice 1 (mesh_device.cpp:1064)
2026-07-19 12:27:07.881 | critical |          Always | TT_FATAL: Error: Memory layout mismatch. (assert.hpp:104)
2026-07-19 12:27:07.881 | info     |           Metal | Disabling and clearing program cache on MeshDevice 1 (mesh_device.cpp:1064)
2026-07-19 12:27:07.881 | critical |          Always | TT_FATAL: Error: Memory layout mismatch. (assert.hpp:104)
2026-07-19 12:27:07.881 | info     |           Metal | Disabling and clearing program cache on MeshDevice 1 (mesh_device.cpp:1064)
2026-07-19 12:27:07.881 | critical |          Always | TT_FATAL: Error: Memory layout mismatch. (assert.hpp:104)
2026-07-19 12:27:07.881 | info     |           Metal | Disabling and clearing program cache on MeshDevice 1 (mesh_device.cpp:1064)
2026-07-19 12:27:07.882 | info     |           Metal | Disabling and clearing program cache on MeshDevice 1 (mesh_device.cpp:1064)
2026-07-19 12:27:07.882 | critical |          Always | TT_FATAL: Error: input_tensor_a must be height sharded. (assert.hpp:104)
2026-07-19 12:27:07.882 | info     |           Metal | Disabling and clearing program cache on MeshDevice 1 (mesh_device.cpp:1064)
2026-07-19 12:27:07.882 | critical |          Always | TT_FATAL: Error: shard_shape[1] (96) / in0_tile.get_width() (32) must be divisible by in0_block_w (8). (assert.hpp:104)
2026-07-19 12:27:07.882 | info     |           Metal | Disabling and clearing program cache on MeshDevice 1 (mesh_device.cpp:1064)
2026-07-19 12:27:07.882 | critical |          Always | TT_FATAL: Error: shard_shape[1] (96) / in0_tile.get_width() (32) must be divisible by in0_block_w (8). (assert.hpp:104)
2026-07-19 12:27:07.882 | info     |           Metal | Disabling and clearing program cache on MeshDevice 1 (mesh_device.cpp:1064)
2026-07-19 12:27:07.882 | critical |          Always | TT_FATAL: Error: shard_shape[1] (96) / in0_tile.get_width() (32) must be divisible by in0_block_w (8). (assert.hpp:104)
2026-07-19 12:27:07.882 | info     |           Metal | Disabling and clearing program cache on MeshDevice 1 (mesh_device.cpp:1064)
2026-07-19 12:27:07.882 | critical |          Always | TT_FATAL: Error: shard_shape[1] (96) / in0_tile.get_width() (32) must be divisible by in0_block_w (8). (assert.hpp:104)
2026-07-19 12:27:07.882 | info     |           Metal | Disabling and clearing program cache on MeshDevice 1 (mesh_device.cpp:1064)
2026-07-19 12:27:07.882 | critical |          Always | TT_FATAL: Error: shard_shape[1] (96) / in0_tile.get_width() (32) must be divisible by in0_block_w (8). (assert.hpp:104)
2026-07-19 12:27:07.882 | info     |           Metal | Disabling and clearing program cache on MeshDevice 1 (mesh_device.cpp:1064)
2026-07-19 12:27:07.883 | critical |          Always | TT_FATAL: Error: shard_shape[1] (96) / in0_tile.get_width() (32) must be divisible by in0_block_w (8). (assert.hpp:104)
2026-07-19 12:27:07.883 | info     |           Metal | Disabling and clearing program cache on MeshDevice 1 (mesh_device.cpp:1064)
2026-07-19 12:27:07.883 | critical |          Always | TT_FATAL: Error: shard_shape[1] (96) / in0_tile.get_width() (32) must be divisible by in0_block_w (8). (assert.hpp:104)
2026-07-19 12:27:07.883 | info     |           Metal | Disabling and clearing program cache on MeshDevice 1 (mesh_device.cpp:1064)
2026-07-19 12:27:07.883 | critical |          Always | TT_FATAL: Error: shard_shape[1] (96) / in0_tile.get_width() (32) must be divisible by in0_block_w (8). (assert.hpp:104)
2026-07-19 12:27:07.883 | info     |           Metal | Disabling and clearing program cache on MeshDevice 1 (mesh_device.cpp:1064)
2026-07-19 12:27:07.883 | critical |          Always | TT_FATAL: Error: shard_shape[1] (96) / in0_tile.get_width() (32) must be divisible by in0_block_w (8). (assert.hpp:104)
2026-07-19 12:27:07.883 | info     |           Metal | Disabling and clearing program cache on MeshDevice 1 (mesh_device.cpp:1064)
2026-07-19 12:27:07.883 | critical |          Always | TT_FATAL: Error: shard_shape[1] (96) / in0_tile.get_width() (32) must be divisible by in0_block_w (8). (assert.hpp:104)
2026-07-19 12:27:07.883 | info     |           Metal | Disabling and clearing program cache on MeshDevice 1 (mesh_device.cpp:1064)
2026-07-19 12:27:07.883 | critical |          Always | TT_FATAL: Error: shard_shape[1] (96) / in0_tile.get_width() (32) must be divisible by in0_block_w (8). (assert.hpp:104)
2026-07-19 12:27:07.883 | info     |           Metal | Disabling and clearing program cache on MeshDevice 1 (mesh_device.cpp:1064)
2026-07-19 12:27:07.883 | critical |          Always | TT_FATAL: Error: shard_shape[1] (96) / in0_tile.get_width() (32) must be divisible by in0_block_w (8). (assert.hpp:104)
2026-07-19 12:27:07.884 | info     |           Metal | Disabling and clearing program cache on MeshDevice 1 (mesh_device.cpp:1064)
2026-07-19 12:27:07.884 | critical |          Always | TT_FATAL: Error: shard_shape[1] (96) / in0_tile.get_width() (32) must be divisible by in0_block_w (8). (assert.hpp:104)
2026-07-19 12:27:07.884 | info     |           Metal | Disabling and clearing program cache on MeshDevice 1 (mesh_device.cpp:1064)
2026-07-19 12:27:07.884 | critical |          Always | TT_FATAL: Error: shard_shape[1] (96) / in0_tile.get_width() (32) must be divisible by in0_block_w (8). (assert.hpp:104)
2026-07-19 12:27:07.884 | info     |           Metal | Disabling and clearing program cache on MeshDevice 1 (mesh_device.cpp:1064)
2026-07-19 12:27:07.884 | critical |          Always | TT_FATAL: Error: Memory layout mismatch. (assert.hpp:104)
2026-07-19 12:27:07.884 | info     |           Metal | Disabling and clearing program cache on MeshDevice 1 (mesh_device.cpp:1064)
2026-07-19 12:27:07.884 | critical |          Always | TT_FATAL: Error: Memory layout mismatch. (assert.hpp:104)
2026-07-19 12:27:07.884 | info     |           Metal | Disabling and clearing program cache on MeshDevice 1 (mesh_device.cpp:1064)
2026-07-19 12:27:07.884 | critical |          Always | TT_FATAL: Error: Memory layout mismatch. (assert.hpp:104)
2026-07-19 12:27:07.884 | info     |           Metal | Disabling and clearing program cache on MeshDevice 1 (mesh_device.cpp:1064)
2026-07-19 12:27:07.884 | critical |          Always | TT_FATAL: Error: Memory layout mismatch. (assert.hpp:104)
2026-07-19 12:27:07.884 | info     |           Metal | Disabling and clearing program cache on MeshDevice 1 (mesh_device.cpp:1064)
2026-07-19 12:27:07.884 | critical |          Always | TT_FATAL: Error: Memory layout mismatch. (assert.hpp:104)
2026-07-19 12:27:07.885 | info     |           Metal | Disabling and clearing program cache on MeshDevice 1 (mesh_device.cpp:1064)
2026-07-19 12:27:07.885 | critical |          Always | TT_FATAL: Error: Memory layout mismatch. (assert.hpp:104)
2026-07-19 12:27:07.885 | info     |           Metal | Disabling and clearing program cache on MeshDevice 1 (mesh_device.cpp:1064)
2026-07-19 12:27:07.885 | critical |          Always | TT_FATAL: Error: Memory layout mismatch. (assert.hpp:104)
2026-07-19 12:27:07.885 | info     |           Metal | Disabling and clearing program cache on MeshDevice 1 (mesh_device.cpp:1064)
2026-07-19 12:27:07.885 | critical |          Always | TT_FATAL: Error: Memory layout mismatch. (assert.hpp:104)
2026-07-19 12:27:07.885 | info     |           Metal | Disabling and clearing program cache on MeshDevice 1 (mesh_device.cpp:1064)
2026-07-19 12:27:07.885 | critical |          Always | TT_FATAL: Error: Memory layout mismatch. (assert.hpp:104)
2026-07-19 12:27:07.885 | info     |           Metal | Disabling and clearing program cache on MeshDevice 1 (mesh_device.cpp:1064)
2026-07-19 12:27:07.885 | critical |          Always | TT_FATAL: Error: Memory layout mismatch. (assert.hpp:104)
2026-07-19 12:27:07.885 | info     |           Metal | Disabling and clearing program cache on MeshDevice 1 (mesh_device.cpp:1064)
2026-07-19 12:27:07.886 | info     |           Metal | Disabling and clearing program cache on MeshDevice 1 (mesh_device.cpp:1064)
2026-07-19 12:27:07.886 | critical |          Always | TT_FATAL: Error: input_tensor_a must be height sharded. (assert.hpp:104)
2026-07-19 12:27:07.886 | info     |           Metal | Disabling and clearing program cache on MeshDevice 1 (mesh_device.cpp:1064)
2026-07-19 12:27:07.886 | critical |          Always | TT_FATAL: Error: shard_shape[1] (128) / in0_tile.get_width() (32) must be divisible by in0_block_w (8). (assert.hpp:104)
2026-07-19 12:27:07.886 | info     |           Metal | Disabling and clearing program cache on MeshDevice 1 (mesh_device.cpp:1064)
2026-07-19 12:27:07.886 | critical |          Always | TT_FATAL: Error: shard_shape[1] (128) / in0_tile.get_width() (32) must be divisible by in0_block_w (8). (assert.hpp:104)
2026-07-19 12:27:07.886 | info     |           Metal | Disabling and clearing program cache on MeshDevice 1 (mesh_device.cpp:1064)
2026-07-19 12:27:07.886 | critical |          Always | TT_FATAL: Error: shard_shape[1] (128) / in0_tile.get_width() (32) must be divisible by in0_block_w (8). (assert.hpp:104)
2026-07-19 12:27:07.886 | info     |           Metal | Disabling and clearing program cache on MeshDevice 1 (mesh_device.cpp:1064)
2026-07-19 12:27:07.886 | critical |          Always | TT_FATAL: Error: shard_shape[1] (128) / in0_tile.get_width() (32) must be divisible by in0_block_w (8). (assert.hpp:104)
2026-07-19 12:27:07.886 | info     |           Metal | Disabling and clearing program cache on MeshDevice 1 (mesh_device.cpp:1064)
2026-07-19 12:27:07.887 | critical |          Always | TT_FATAL: Error: shard_shape[1] (128) / in0_tile.get_width() (32) must be divisible by in0_block_w (8). (assert.hpp:104)
2026-07-19 12:27:07.887 | info     |           Metal | Disabling and clearing program cache on MeshDevice 1 (mesh_device.cpp:1064)
2026-07-19 12:27:07.887 | critical |          Always | TT_FATAL: Error: shard_shape[1] (128) / in0_tile.get_width() (32) must be divisible by in0_block_w (8). (assert.hpp:104)
2026-07-19 12:27:07.887 | info     |           Metal | Disabling and clearing program cache on MeshDevice 1 (mesh_device.cpp:1064)
2026-07-19 12:27:07.887 | critical |          Always | TT_FATAL: Error: shard_shape[1] (128) / in0_tile.get_width() (32) must be divisible by in0_block_w (8). (assert.hpp:104)
2026-07-19 12:27:07.887 | info     |           Metal | Disabling and clearing program cache on MeshDevice 1 (mesh_device.cpp:1064)
2026-07-19 12:27:07.887 | critical |          Always | TT_FATAL: Error: shard_shape[1] (128) / in0_tile.get_width() (32) must be divisible by in0_block_w (8). (assert.hpp:104)
2026-07-19 12:27:07.887 | info     |           Metal | Disabling and clearing program cache on MeshDevice 1 (mesh_device.cpp:1064)
2026-07-19 12:27:07.887 | critical |          Always | TT_FATAL: Error: shard_shape[1] (128) / in0_tile.get_width() (32) must be divisible by in0_block_w (8). (assert.hpp:104)
2026-07-19 12:27:07.887 | info     |           Metal | Disabling and clearing program cache on MeshDevice 1 (mesh_device.cpp:1064)
2026-07-19 12:27:07.887 | critical |          Always | TT_FATAL: Error: shard_shape[1] (128) / in0_tile.get_width() (32) must be divisible by in0_block_w (8). (assert.hpp:104)
2026-07-19 12:27:07.887 | info     |           Metal | Disabling and clearing program cache on MeshDevice 1 (mesh_device.cpp:1064)
2026-07-19 12:27:07.887 | critical |          Always | TT_FATAL: Error: shard_shape[1] (128) / in0_tile.get_width() (32) must be divisible by in0_block_w (8). (assert.hpp:104)
2026-07-19 12:27:07.887 | info     |           Metal | Disabling and clearing program cache on MeshDevice 1 (mesh_device.cpp:1064)
2026-07-19 12:27:07.888 | critical |          Always | TT_FATAL: Error: shard_shape[1] (128) / in0_tile.get_width() (32) must be divisible by in0_block_w (8). (assert.hpp:104)
2026-07-19 12:27:07.888 | info     |           Metal | Disabling and clearing program cache on MeshDevice 1 (mesh_device.cpp:1064)
2026-07-19 12:27:07.888 | critical |          Always | TT_FATAL: Error: shard_shape[1] (128) / in0_tile.get_width() (32) must be divisible by in0_block_w (8). (assert.hpp:104)
2026-07-19 12:27:07.888 | info     |           Metal | Disabling and clearing program cache on MeshDevice 1 (mesh_device.cpp:1064)
2026-07-19 12:27:07.888 | critical |          Always | TT_FATAL: Error: shard_shape[1] (128) / in0_tile.get_width() (32) must be divisible by in0_block_w (8). (assert.hpp:104)
2026-07-19 12:27:07.888 | info     |           Metal | Disabling and clearing program cache on MeshDevice 1 (mesh_device.cpp:1064)
2026-07-19 12:27:07.888 | critical |          Always | TT_FATAL: Error: Memory layout mismatch. (assert.hpp:104)
2026-07-19 12:27:07.888 | info     |           Metal | Disabling and clearing program cache on MeshDevice 1 (mesh_device.cpp:1064)
2026-07-19 12:27:07.888 | critical |          Always | TT_FATAL: Error: Memory layout mismatch. (assert.hpp:104)
2026-07-19 12:27:07.888 | info     |           Metal | Disabling and clearing program cache on MeshDevice 1 (mesh_device.cpp:1064)
2026-07-19 12:27:07.888 | critical |          Always | TT_FATAL: Error: Memory layout mismatch. (assert.hpp:104)
2026-07-19 12:27:07.888 | info     |           Metal | Disabling and clearing program cache on MeshDevice 1 (mesh_device.cpp:1064)
2026-07-19 12:27:07.888 | critical |          Always | TT_FATAL: Error: Memory layout mismatch. (assert.hpp:104)
2026-07-19 12:27:07.888 | info     |           Metal | Disabling and clearing program cache on MeshDevice 1 (mesh_device.cpp:1064)
2026-07-19 12:27:07.889 | critical |          Always | TT_FATAL: Error: Memory layout mismatch. (assert.hpp:104)
2026-07-19 12:27:07.889 | info     |           Metal | Disabling and clearing program cache on MeshDevice 1 (mesh_device.cpp:1064)
2026-07-19 12:27:07.889 | critical |          Always | TT_FATAL: Error: Memory layout mismatch. (assert.hpp:104)
2026-07-19 12:27:07.889 | info     |           Metal | Disabling and clearing program cache on MeshDevice 1 (mesh_device.cpp:1064)
2026-07-19 12:27:07.889 | critical |          Always | TT_FATAL: Error: Memory layout mismatch. (assert.hpp:104)
2026-07-19 12:27:07.889 | info     |           Metal | Disabling and clearing program cache on MeshDevice 1 (mesh_device.cpp:1064)
2026-07-19 12:27:07.889 | critical |          Always | TT_FATAL: Error: Memory layout mismatch. (assert.hpp:104)
2026-07-19 12:27:07.889 | info     |           Metal | Disabling and clearing program cache on MeshDevice 1 (mesh_device.cpp:1064)
2026-07-19 12:27:07.889 | critical |          Always | TT_FATAL: Error: Memory layout mismatch. (assert.hpp:104)
2026-07-19 12:27:07.889 | info     |           Metal | Disabling and clearing program cache on MeshDevice 1 (mesh_device.cpp:1064)
2026-07-19 12:27:07.889 | critical |          Always | TT_FATAL: Error: Memory layout mismatch. (assert.hpp:104)
2026-07-19 12:27:07.889 | info     |           Metal | Disabling and clearing program cache on MeshDevice 1 (mesh_device.cpp:1064)
2026-07-19 12:27:07.890 | info     |           Metal | Disabling and clearing program cache on MeshDevice 1 (mesh_device.cpp:1064)
2026-07-19 12:27:07.890 | critical |          Always | TT_FATAL: Error: input_tensor_a must be height sharded. (assert.hpp:104)
2026-07-19 12:27:07.890 | info     |           Metal | Disabling and clearing program cache on MeshDevice 1 (mesh_device.cpp:1064)
2026-07-19 12:27:07.890 | critical |          Always | TT_FATAL: Error: shard_shape[1] (160) / in0_tile.get_width() (32) must be divisible by in0_block_w (8). (assert.hpp:104)
2026-07-19 12:27:07.890 | info     |           Metal | Disabling and clearing program cache on MeshDevice 1 (mesh_device.cpp:1064)
2026-07-19 12:27:07.890 | critical |          Always | TT_FATAL: Error: shard_shape[1] (160) / in0_tile.get_width() (32) must be divisible by in0_block_w (8). (assert.hpp:104)
2026-07-19 12:27:07.890 | info     |           Metal | Disabling and clearing program cache on MeshDevice 1 (mesh_device.cpp:1064)
2026-07-19 12:27:07.890 | critical |          Always | TT_FATAL: Error: shard_shape[1] (160) / in0_tile.get_width() (32) must be divisible by in0_block_w (8). (assert.hpp:104)
2026-07-19 12:27:07.890 | info     |           Metal | Disabling and clearing program cache on MeshDevice 1 (mesh_device.cpp:1064)
2026-07-19 12:27:07.890 | critical |          Always | TT_FATAL: Error: shard_shape[1] (160) / in0_tile.get_width() (32) must be divisible by in0_block_w (8). (assert.hpp:104)
2026-07-19 12:27:07.890 | info     |           Metal | Disabling and clearing program cache on MeshDevice 1 (mesh_device.cpp:1064)
2026-07-19 12:27:07.891 | critical |          Always | TT_FATAL: Error: shard_shape[1] (160) / in0_tile.get_width() (32) must be divisible by in0_block_w (8). (assert.hpp:104)
2026-07-19 12:27:07.891 | info     |           Metal | Disabling and clearing program cache on MeshDevice 1 (mesh_device.cpp:1064)
2026-07-19 12:27:07.891 | critical |          Always | TT_FATAL: Error: shard_shape[1] (160) / in0_tile.get_width() (32) must be divisible by in0_block_w (8). (assert.hpp:104)
2026-07-19 12:27:07.891 | info     |           Metal | Disabling and clearing program cache on MeshDevice 1 (mesh_device.cpp:1064)
2026-07-19 12:27:07.891 | critical |          Always | TT_FATAL: Error: shard_shape[1] (160) / in0_tile.get_width() (32) must be divisible by in0_block_w (8). (assert.hpp:104)
2026-07-19 12:27:07.891 | info     |           Metal | Disabling and clearing program cache on MeshDevice 1 (mesh_device.cpp:1064)
2026-07-19 12:27:07.891 | critical |          Always | TT_FATAL: Error: shard_shape[1] (160) / in0_tile.get_width() (32) must be divisible by in0_block_w (8). (assert.hpp:104)
2026-07-19 12:27:07.891 | info     |           Metal | Disabling and clearing program cache on MeshDevice 1 (mesh_device.cpp:1064)
2026-07-19 12:27:07.891 | critical |          Always | TT_FATAL: Error: shard_shape[1] (160) / in0_tile.get_width() (32) must be divisible by in0_block_w (8). (assert.hpp:104)
2026-07-19 12:27:07.891 | info     |           Metal | Disabling and clearing program cache on MeshDevice 1 (mesh_device.cpp:1064)
2026-07-19 12:27:07.891 | critical |          Always | TT_FATAL: Error: shard_shape[1] (160) / in0_tile.get_width() (32) must be divisible by in0_block_w (8). (assert.hpp:104)
2026-07-19 12:27:07.891 | info     |           Metal | Disabling and clearing program cache on MeshDevice 1 (mesh_device.cpp:1064)
2026-07-19 12:27:07.891 | critical |          Always | TT_FATAL: Error: shard_shape[1] (160) / in0_tile.get_width() (32) must be divisible by in0_block_w (8). (assert.hpp:104)
2026-07-19 12:27:07.891 | info     |           Metal | Disabling and clearing program cache on MeshDevice 1 (mesh_device.cpp:1064)
2026-07-19 12:27:07.892 | critical |          Always | TT_FATAL: Error: shard_shape[1] (160) / in0_tile.get_width() (32) must be divisible by in0_block_w (8). (assert.hpp:104)
2026-07-19 12:27:07.892 | info     |           Metal | Disabling and clearing program cache on MeshDevice 1 (mesh_device.cpp:1064)
2026-07-19 12:27:07.892 | critical |          Always | TT_FATAL: Error: shard_shape[1] (160) / in0_tile.get_width() (32) must be divisible by in0_block_w (8). (assert.hpp:104)
2026-07-19 12:27:07.892 | info     |           Metal | Disabling and clearing program cache on MeshDevice 1 (mesh_device.cpp:1064)
2026-07-19 12:27:07.892 | critical |          Always | TT_FATAL: Error: shard_shape[1] (160) / in0_tile.get_width() (32) must be divisible by in0_block_w (8). (assert.hpp:104)
2026-07-19 12:27:07.892 | info     |           Metal | Disabling and clearing program cache on MeshDevice 1 (mesh_device.cpp:1064)
2026-07-19 12:27:07.892 | critical |          Always | TT_FATAL: Error: Memory layout mismatch. (assert.hpp:104)
2026-07-19 12:27:07.892 | info     |           Metal | Disabling and clearing program cache on MeshDevice 1 (mesh_device.cpp:1064)
2026-07-19 12:27:07.892 | critical |          Always | TT_FATAL: Error: Memory layout mismatch. (assert.hpp:104)
2026-07-19 12:27:07.892 | info     |           Metal | Disabling and clearing program cache on MeshDevice 1 (mesh_device.cpp:1064)
2026-07-19 12:27:07.892 | critical |          Always | TT_FATAL: Error: Memory layout mismatch. (assert.hpp:104)
2026-07-19 12:27:07.892 | info     |           Metal | Disabling and clearing program cache on MeshDevice 1 (mesh_device.cpp:1064)
2026-07-19 12:27:07.892 | critical |          Always | TT_FATAL: Error: Memory layout mismatch. (assert.hpp:104)
2026-07-19 12:27:07.892 | info     |           Metal | Disabling and clearing program cache on MeshDevice 1 (mesh_device.cpp:1064)
2026-07-19 12:27:07.892 | critical |          Always | TT_FATAL: Error: Memory layout mismatch. (assert.hpp:104)
2026-07-19 12:27:07.893 | info     |           Metal | Disabling and clearing program cache on MeshDevice 1 (mesh_device.cpp:1064)
2026-07-19 12:27:07.893 | critical |          Always | TT_FATAL: Error: Memory layout mismatch. (assert.hpp:104)
2026-07-19 12:27:07.893 | info     |           Metal | Disabling and clearing program cache on MeshDevice 1 (mesh_device.cpp:1064)
2026-07-19 12:27:07.893 | critical |          Always | TT_FATAL: Error: Memory layout mismatch. (assert.hpp:104)
2026-07-19 12:27:07.893 | info     |           Metal | Disabling and clearing program cache on MeshDevice 1 (mesh_device.cpp:1064)
2026-07-19 12:27:07.893 | critical |          Always | TT_FATAL: Error: Memory layout mismatch. (assert.hpp:104)
2026-07-19 12:27:07.893 | info     |           Metal | Disabling and clearing program cache on MeshDevice 1 (mesh_device.cpp:1064)
2026-07-19 12:27:07.893 | critical |          Always | TT_FATAL: Error: Memory layout mismatch. (assert.hpp:104)
2026-07-19 12:27:07.893 | info     |           Metal | Disabling and clearing program cache on MeshDevice 1 (mesh_device.cpp:1064)
2026-07-19 12:27:07.893 | critical |          Always | TT_FATAL: Error: Memory layout mismatch. (assert.hpp:104)
2026-07-19 12:27:07.893 | info     |           Metal | Disabling and clearing program cache on MeshDevice 1 (mesh_device.cpp:1064)
2026-07-19 12:27:07.893 | critical |          Always | TT_FATAL: Num output blocks along x (12) must be smaller than or equal to the number of columns in compute grid (11)! (assert.hpp:104)
2026-07-19 12:27:07.893 | info     |           Metal | Disabling and clearing program cache on MeshDevice 1 (mesh_device.cpp:1064)
2026-07-19 12:27:07.893 | critical |          Always | TT_FATAL: Error: input_tensor_a must be height sharded. (assert.hpp:104)
2026-07-19 12:27:07.894 | info     |           Metal | Disabling and clearing program cache on MeshDevice 1 (mesh_device.cpp:1064)
2026-07-19 12:27:07.894 | critical |          Always | TT_FATAL: Error: input_tensor_a must be width sharded. Provided tensor memory layout: TensorMemoryLayout::BLOCK_SHARDED (assert.hpp:104)
2026-07-19 12:27:07.894 | info     |           Metal | Disabling and clearing program cache on MeshDevice 1 (mesh_device.cpp:1064)
2026-07-19 12:27:07.894 | critical |          Always | TT_FATAL: Error: input_tensor_a must be width sharded. Provided tensor memory layout: TensorMemoryLayout::BLOCK_SHARDED (assert.hpp:104)
2026-07-19 12:27:07.894 | info     |           Metal | Disabling and clearing program cache on MeshDevice 1 (mesh_device.cpp:1064)
2026-07-19 12:27:07.894 | critical |          Always | TT_FATAL: Error: input_tensor_a must be width sharded. Provided tensor memory layout: TensorMemoryLayout::BLOCK_SHARDED (assert.hpp:104)
2026-07-19 12:27:07.894 | info     |           Metal | Disabling and clearing program cache on MeshDevice 1 (mesh_device.cpp:1064)
2026-07-19 12:27:07.894 | critical |          Always | TT_FATAL: Error: input_tensor_a must be width sharded. Provided tensor memory layout: TensorMemoryLayout::BLOCK_SHARDED (assert.hpp:104)
2026-07-19 12:27:07.894 | info     |           Metal | Disabling and clearing program cache on MeshDevice 1 (mesh_device.cpp:1064)
2026-07-19 12:27:07.894 | critical |          Always | TT_FATAL: Error: input_tensor_a must be width sharded. Provided tensor memory layout: TensorMemoryLayout::BLOCK_SHARDED (assert.hpp:104)
2026-07-19 12:27:07.894 | info     |           Metal | Disabling and clearing program cache on MeshDevice 1 (mesh_device.cpp:1064)
2026-07-19 12:27:07.894 | critical |          Always | TT_FATAL: Error: input_tensor_a must be width sharded. Provided tensor memory layout: TensorMemoryLayout::BLOCK_SHARDED (assert.hpp:104)
2026-07-19 12:27:07.894 | info     |           Metal | Disabling and clearing program cache on MeshDevice 1 (mesh_device.cpp:1064)
2026-07-19 12:27:07.894 | critical |          Always | TT_FATAL: Error: input_tensor_a must be width sharded. Provided tensor memory layout: TensorMemoryLayout::BLOCK_SHARDED (assert.hpp:104)
2026-07-19 12:27:07.895 | info     |           Metal | Disabling and clearing program cache on MeshDevice 1 (mesh_device.cpp:1064)
2026-07-19 12:27:07.895 | critical |          Always | TT_FATAL: Error: input_tensor_a must be width sharded. Provided tensor memory layout: TensorMemoryLayout::BLOCK_SHARDED (assert.hpp:104)
2026-07-19 12:27:07.895 | info     |           Metal | Disabling and clearing program cache on MeshDevice 1 (mesh_device.cpp:1064)
2026-07-19 12:27:07.895 | critical |          Always | TT_FATAL: Error: input_tensor_a must be width sharded. Provided tensor memory layout: TensorMemoryLayout::BLOCK_SHARDED (assert.hpp:104)
2026-07-19 12:27:07.895 | info     |           Metal | Disabling and clearing program cache on MeshDevice 1 (mesh_device.cpp:1064)
2026-07-19 12:27:07.895 | critical |          Always | TT_FATAL: Error: input_tensor_a must be width sharded. Provided tensor memory layout: TensorMemoryLayout::BLOCK_SHARDED (assert.hpp:104)
2026-07-19 12:27:07.895 | info     |           Metal | Disabling and clearing program cache on MeshDevice 1 (mesh_device.cpp:1064)
2026-07-19 12:27:07.895 | critical |          Always | TT_FATAL: Error: input_tensor_a must be width sharded. Provided tensor memory layout: TensorMemoryLayout::BLOCK_SHARDED (assert.hpp:104)
2026-07-19 12:27:07.895 | info     |           Metal | Disabling and clearing program cache on MeshDevice 1 (mesh_device.cpp:1064)
2026-07-19 12:27:07.895 | critical |          Always | TT_FATAL: Error: input_tensor_a must be width sharded. Provided tensor memory layout: TensorMemoryLayout::BLOCK_SHARDED (assert.hpp:104)
2026-07-19 12:27:07.895 | info     |           Metal | Disabling and clearing program cache on MeshDevice 1 (mesh_device.cpp:1064)
2026-07-19 12:27:07.895 | critical |          Always | TT_FATAL: Error: input_tensor_a must be width sharded. Provided tensor memory layout: TensorMemoryLayout::BLOCK_SHARDED (assert.hpp:104)
2026-07-19 12:27:07.895 | info     |           Metal | Disabling and clearing program cache on MeshDevice 1 (mesh_device.cpp:1064)
2026-07-19 12:27:07.895 | critical |          Always | TT_FATAL: Error: input_tensor_a must be width sharded. Provided tensor memory layout: TensorMemoryLayout::BLOCK_SHARDED (assert.hpp:104)
2026-07-19 12:27:07.895 | info     |           Metal | Disabling and clearing program cache on MeshDevice 1 (mesh_device.cpp:1064)
2026-07-19 12:27:07.895 | critical |          Always | TT_FATAL: Error: input_tensor_a must be width sharded. Provided tensor memory layout: TensorMemoryLayout::BLOCK_SHARDED (assert.hpp:104)
2026-07-19 12:27:07.896 | info     |           Metal | Disabling and clearing program cache on MeshDevice 1 (mesh_device.cpp:1064)
2026-07-19 12:27:07.896 | critical |          Always | TT_FATAL: Error: input_tensor_a must be width sharded. Provided tensor memory layout: TensorMemoryLayout::BLOCK_SHARDED (assert.hpp:104)
2026-07-19 12:27:07.896 | info     |           Metal | Disabling and clearing program cache on MeshDevice 1 (mesh_device.cpp:1064)
2026-07-19 12:27:07.896 | critical |          Always | TT_FATAL: Error: input_tensor_a must be width sharded. Provided tensor memory layout: TensorMemoryLayout::BLOCK_SHARDED (assert.hpp:104)
2026-07-19 12:27:07.896 | info     |           Metal | Disabling and clearing program cache on MeshDevice 1 (mesh_device.cpp:1064)
2026-07-19 12:27:07.896 | critical |          Always | TT_FATAL: Error: input_tensor_a must be width sharded. Provided tensor memory layout: TensorMemoryLayout::BLOCK_SHARDED (assert.hpp:104)
2026-07-19 12:27:07.896 | info     |           Metal | Disabling and clearing program cache on MeshDevice 1 (mesh_device.cpp:1064)
2026-07-19 12:27:07.896 | critical |          Always | TT_FATAL: Error: input_tensor_a must be width sharded. Provided tensor memory layout: TensorMemoryLayout::BLOCK_SHARDED (assert.hpp:104)
2026-07-19 12:27:07.896 | info     |           Metal | Disabling and clearing program cache on MeshDevice 1 (mesh_device.cpp:1064)
2026-07-19 12:27:07.896 | critical |          Always | TT_FATAL: Error: input_tensor_a must be width sharded. Provided tensor memory layout: TensorMemoryLayout::BLOCK_SHARDED (assert.hpp:104)
2026-07-19 12:27:07.896 | info     |           Metal | Disabling and clearing program cache on MeshDevice 1 (mesh_device.cpp:1064)
2026-07-19 12:27:07.896 | critical |          Always | TT_FATAL: Error: input_tensor_a must be width sharded. Provided tensor memory layout: TensorMemoryLayout::BLOCK_SHARDED (assert.hpp:104)
2026-07-19 12:27:07.896 | info     |           Metal | Disabling and clearing program cache on MeshDevice 1 (mesh_device.cpp:1064)
2026-07-19 12:27:07.896 | critical |          Always | TT_FATAL: Error: input_tensor_a must be width sharded. Provided tensor memory layout: TensorMemoryLayout::BLOCK_SHARDED (assert.hpp:104)
2026-07-19 12:27:07.896 | info     |           Metal | Disabling and clearing program cache on MeshDevice 1 (mesh_device.cpp:1064)
2026-07-19 12:27:07.897 | critical |          Always | TT_FATAL: Error: input_tensor_a must be width sharded. Provided tensor memory layout: TensorMemoryLayout::BLOCK_SHARDED (assert.hpp:104)
2026-07-19 12:27:07.897 | info     |           Metal | Disabling and clearing program cache on MeshDevice 1 (mesh_device.cpp:1064)
2026-07-19 12:27:07.897 | critical |          Always | TT_FATAL: Error: input_tensor_a must be width sharded. Provided tensor memory layout: TensorMemoryLayout::BLOCK_SHARDED (assert.hpp:104)
2026-07-19 12:27:07.897 | info     |           Metal | Disabling and clearing program cache on MeshDevice 1 (mesh_device.cpp:1064)
2026-07-19 12:27:07.897 | info     |           Metal | Disabling and clearing program cache on MeshDevice 1 (mesh_device.cpp:1064)
2026-07-19 12:27:07.897 | critical |          Always | TT_FATAL: Error: input_tensor_a must be height sharded. (assert.hpp:104)
2026-07-19 12:27:07.897 | info     |           Metal | Disabling and clearing program cache on MeshDevice 1 (mesh_device.cpp:1064)
2026-07-19 12:27:07.897 | critical |          Always | TT_FATAL: Error: input_tensor_a must be width sharded. Provided tensor memory layout: TensorMemoryLayout::BLOCK_SHARDED (assert.hpp:104)
2026-07-19 12:27:07.897 | info     |           Metal | Disabling and clearing program cache on MeshDevice 1 (mesh_device.cpp:1064)
2026-07-19 12:27:07.897 | critical |          Always | TT_FATAL: Error: input_tensor_a must be width sharded. Provided tensor memory layout: TensorMemoryLayout::BLOCK_SHARDED (assert.hpp:104)
2026-07-19 12:27:07.898 | info     |           Metal | Disabling and clearing program cache on MeshDevice 1 (mesh_device.cpp:1064)
2026-07-19 12:27:07.898 | critical |          Always | TT_FATAL: Error: input_tensor_a must be width sharded. Provided tensor memory layout: TensorMemoryLayout::BLOCK_SHARDED (assert.hpp:104)
2026-07-19 12:27:07.898 | info     |           Metal | Disabling and clearing program cache on MeshDevice 1 (mesh_device.cpp:1064)
2026-07-19 12:27:07.898 | critical |          Always | TT_FATAL: Error: input_tensor_a must be width sharded. Provided tensor memory layout: TensorMemoryLayout::BLOCK_SHARDED (assert.hpp:104)
2026-07-19 12:27:07.898 | info     |           Metal | Disabling and clearing program cache on MeshDevice 1 (mesh_device.cpp:1064)
2026-07-19 12:27:07.898 | critical |          Always | TT_FATAL: Error: input_tensor_a must be width sharded. Provided tensor memory layout: TensorMemoryLayout::BLOCK_SHARDED (assert.hpp:104)
2026-07-19 12:27:07.898 | info     |           Metal | Disabling and clearing program cache on MeshDevice 1 (mesh_device.cpp:1064)
2026-07-19 12:27:07.898 | critical |          Always | TT_FATAL: Error: input_tensor_a must be width sharded. Provided tensor memory layout: TensorMemoryLayout::BLOCK_SHARDED (assert.hpp:104)
2026-07-19 12:27:07.898 | info     |           Metal | Disabling and clearing program cache on MeshDevice 1 (mesh_device.cpp:1064)
2026-07-19 12:27:07.898 | critical |          Always | TT_FATAL: Error: input_tensor_a must be width sharded. Provided tensor memory layout: TensorMemoryLayout::BLOCK_SHARDED (assert.hpp:104)
2026-07-19 12:27:07.898 | info     |           Metal | Disabling and clearing program cache on MeshDevice 1 (mesh_device.cpp:1064)
2026-07-19 12:27:07.898 | critical |          Always | TT_FATAL: Error: input_tensor_a must be width sharded. Provided tensor memory layout: TensorMemoryLayout::BLOCK_SHARDED (assert.hpp:104)
2026-07-19 12:27:07.898 | info     |           Metal | Disabling and clearing program cache on MeshDevice 1 (mesh_device.cpp:1064)
2026-07-19 12:27:07.898 | critical |          Always | TT_FATAL: Error: input_tensor_a must be width sharded. Provided tensor memory layout: TensorMemoryLayout::BLOCK_SHARDED (assert.hpp:104)
2026-07-19 12:27:07.898 | info     |           Metal | Disabling and clearing program cache on MeshDevice 1 (mesh_device.cpp:1064)
2026-07-19 12:27:07.899 | critical |          Always | TT_FATAL: Error: input_tensor_a must be width sharded. Provided tensor memory layout: TensorMemoryLayout::BLOCK_SHARDED (assert.hpp:104)
2026-07-19 12:27:07.899 | info     |           Metal | Disabling and clearing program cache on MeshDevice 1 (mesh_device.cpp:1064)
2026-07-19 12:27:07.899 | critical |          Always | TT_FATAL: Error: input_tensor_a must be width sharded. Provided tensor memory layout: TensorMemoryLayout::BLOCK_SHARDED (assert.hpp:104)
2026-07-19 12:27:07.899 | info     |           Metal | Disabling and clearing program cache on MeshDevice 1 (mesh_device.cpp:1064)
2026-07-19 12:27:07.899 | critical |          Always | TT_FATAL: Error: input_tensor_a must be width sharded. Provided tensor memory layout: TensorMemoryLayout::BLOCK_SHARDED (assert.hpp:104)
2026-07-19 12:27:07.899 | info     |           Metal | Disabling and clearing program cache on MeshDevice 1 (mesh_device.cpp:1064)
2026-07-19 12:27:07.899 | critical |          Always | TT_FATAL: Error: input_tensor_a must be width sharded. Provided tensor memory layout: TensorMemoryLayout::BLOCK_SHARDED (assert.hpp:104)
2026-07-19 12:27:07.899 | info     |           Metal | Disabling and clearing program cache on MeshDevice 1 (mesh_device.cpp:1064)
2026-07-19 12:27:07.899 | critical |          Always | TT_FATAL: Error: input_tensor_a must be width sharded. Provided tensor memory layout: TensorMemoryLayout::BLOCK_SHARDED (assert.hpp:104)
2026-07-19 12:27:07.899 | info     |           Metal | Disabling and clearing program cache on MeshDevice 1 (mesh_device.cpp:1064)
2026-07-19 12:27:07.899 | critical |          Always | TT_FATAL: Error: input_tensor_a must be width sharded. Provided tensor memory layout: TensorMemoryLayout::BLOCK_SHARDED (assert.hpp:104)
2026-07-19 12:27:07.899 | info     |           Metal | Disabling and clearing program cache on MeshDevice 1 (mesh_device.cpp:1064)
2026-07-19 12:27:07.899 | critical |          Always | TT_FATAL: Error: input_tensor_a must be width sharded. Provided tensor memory layout: TensorMemoryLayout::BLOCK_SHARDED (assert.hpp:104)
2026-07-19 12:27:07.899 | info     |           Metal | Disabling and clearing program cache on MeshDevice 1 (mesh_device.cpp:1064)
2026-07-19 12:27:07.899 | critical |          Always | TT_FATAL: Error: input_tensor_a must be width sharded. Provided tensor memory layout: TensorMemoryLayout::BLOCK_SHARDED (assert.hpp:104)
2026-07-19 12:27:07.900 | info     |           Metal | Disabling and clearing program cache on MeshDevice 1 (mesh_device.cpp:1064)
2026-07-19 12:27:07.900 | critical |          Always | TT_FATAL: Error: input_tensor_a must be width sharded. Provided tensor memory layout: TensorMemoryLayout::BLOCK_SHARDED (assert.hpp:104)
2026-07-19 12:27:07.900 | info     |           Metal | Disabling and clearing program cache on MeshDevice 1 (mesh_device.cpp:1064)
2026-07-19 12:27:07.900 | critical |          Always | TT_FATAL: Error: input_tensor_a must be width sharded. Provided tensor memory layout: TensorMemoryLayout::BLOCK_SHARDED (assert.hpp:104)
2026-07-19 12:27:07.900 | info     |           Metal | Disabling and clearing program cache on MeshDevice 1 (mesh_device.cpp:1064)
2026-07-19 12:27:07.900 | critical |          Always | TT_FATAL: Error: input_tensor_a must be width sharded. Provided tensor memory layout: TensorMemoryLayout::BLOCK_SHARDED (assert.hpp:104)
2026-07-19 12:27:07.900 | info     |           Metal | Disabling and clearing program cache on MeshDevice 1 (mesh_device.cpp:1064)
2026-07-19 12:27:07.900 | critical |          Always | TT_FATAL: Error: input_tensor_a must be width sharded. Provided tensor memory layout: TensorMemoryLayout::BLOCK_SHARDED (assert.hpp:104)
2026-07-19 12:27:07.900 | info     |           Metal | Disabling and clearing program cache on MeshDevice 1 (mesh_device.cpp:1064)
2026-07-19 12:27:07.900 | critical |          Always | TT_FATAL: Error: input_tensor_a must be width sharded. Provided tensor memory layout: TensorMemoryLayout::BLOCK_SHARDED (assert.hpp:104)
2026-07-19 12:27:07.900 | info     |           Metal | Disabling and clearing program cache on MeshDevice 1 (mesh_device.cpp:1064)
2026-07-19 12:27:07.900 | critical |          Always | TT_FATAL: Error: input_tensor_a must be width sharded. Provided tensor memory layout: TensorMemoryLayout::BLOCK_SHARDED (assert.hpp:104)
2026-07-19 12:27:07.900 | info     |           Metal | Disabling and clearing program cache on MeshDevice 1 (mesh_device.cpp:1064)
2026-07-19 12:27:07.900 | critical |          Always | TT_FATAL: Error: input_tensor_a must be width sharded. Provided tensor memory layout: TensorMemoryLayout::BLOCK_SHARDED (assert.hpp:104)
2026-07-19 12:27:07.901 | info     |           Metal | Disabling and clearing program cache on MeshDevice 1 (mesh_device.cpp:1064)
2026-07-19 12:27:07.901 | info     |           Metal | Disabling and clearing program cache on MeshDevice 1 (mesh_device.cpp:1064)
2026-07-19 12:27:07.901 | critical |          Always | TT_FATAL: Error: input_tensor_a must be height sharded. (assert.hpp:104)
2026-07-19 12:27:07.901 | info     |           Metal | Disabling and clearing program cache on MeshDevice 1 (mesh_device.cpp:1064)
2026-07-19 12:27:07.901 | critical |          Always | TT_FATAL: Error: input_tensor_a must be width sharded. Provided tensor memory layout: TensorMemoryLayout::BLOCK_SHARDED (assert.hpp:104)
2026-07-19 12:27:07.901 | info     |           Metal | Disabling and clearing program cache on MeshDevice 1 (mesh_device.cpp:1064)
2026-07-19 12:27:07.901 | critical |          Always | TT_FATAL: Error: input_tensor_a must be width sharded. Provided tensor memory layout: TensorMemoryLayout::BLOCK_SHARDED (assert.hpp:104)
2026-07-19 12:27:07.901 | info     |           Metal | Disabling and clearing program cache on MeshDevice 1 (mesh_device.cpp:1064)
2026-07-19 12:27:07.901 | critical |          Always | TT_FATAL: Error: input_tensor_a must be width sharded. Provided tensor memory layout: TensorMemoryLayout::BLOCK_SHARDED (assert.hpp:104)
2026-07-19 12:27:07.901 | info     |           Metal | Disabling and clearing program cache on MeshDevice 1 (mesh_device.cpp:1064)
2026-07-19 12:27:07.901 | critical |          Always | TT_FATAL: Error: input_tensor_a must be width sharded. Provided tensor memory layout: TensorMemoryLayout::BLOCK_SHARDED (assert.hpp:104)
2026-07-19 12:27:07.902 | info     |           Metal | Disabling and clearing program cache on MeshDevice 1 (mesh_device.cpp:1064)
2026-07-19 12:27:07.902 | critical |          Always | TT_FATAL: Error: input_tensor_a must be width sharded. Provided tensor memory layout: TensorMemoryLayout::BLOCK_SHARDED (assert.hpp:104)
2026-07-19 12:27:07.902 | info     |           Metal | Disabling and clearing program cache on MeshDevice 1 (mesh_device.cpp:1064)
2026-07-19 12:27:07.902 | critical |          Always | TT_FATAL: Error: input_tensor_a must be width sharded. Provided tensor memory layout: TensorMemoryLayout::BLOCK_SHARDED (assert.hpp:104)
2026-07-19 12:27:07.902 | info     |           Metal | Disabling and clearing program cache on MeshDevice 1 (mesh_device.cpp:1064)
2026-07-19 12:27:07.902 | critical |          Always | TT_FATAL: Error: input_tensor_a must be width sharded. Provided tensor memory layout: TensorMemoryLayout::BLOCK_SHARDED (assert.hpp:104)
2026-07-19 12:27:07.902 | info     |           Metal | Disabling and clearing program cache on MeshDevice 1 (mesh_device.cpp:1064)
2026-07-19 12:27:07.902 | critical |          Always | TT_FATAL: Error: input_tensor_a must be width sharded. Provided tensor memory layout: TensorMemoryLayout::BLOCK_SHARDED (assert.hpp:104)
2026-07-19 12:27:07.902 | info     |           Metal | Disabling and clearing program cache on MeshDevice 1 (mesh_device.cpp:1064)
2026-07-19 12:27:07.902 | critical |          Always | TT_FATAL: Error: input_tensor_a must be width sharded. Provided tensor memory layout: TensorMemoryLayout::BLOCK_SHARDED (assert.hpp:104)
2026-07-19 12:27:07.902 | info     |           Metal | Disabling and clearing program cache on MeshDevice 1 (mesh_device.cpp:1064)
2026-07-19 12:27:07.902 | critical |          Always | TT_FATAL: Error: input_tensor_a must be width sharded. Provided tensor memory layout: TensorMemoryLayout::BLOCK_SHARDED (assert.hpp:104)
2026-07-19 12:27:07.902 | info     |           Metal | Disabling and clearing program cache on MeshDevice 1 (mesh_device.cpp:1064)
2026-07-19 12:27:07.902 | critical |          Always | TT_FATAL: Error: input_tensor_a must be width sharded. Provided tensor memory layout: TensorMemoryLayout::BLOCK_SHARDED (assert.hpp:104)
2026-07-19 12:27:07.902 | info     |           Metal | Disabling and clearing program cache on MeshDevice 1 (mesh_device.cpp:1064)
2026-07-19 12:27:07.903 | critical |          Always | TT_FATAL: Error: input_tensor_a must be width sharded. Provided tensor memory layout: TensorMemoryLayout::BLOCK_SHARDED (assert.hpp:104)
2026-07-19 12:27:07.903 | info     |           Metal | Disabling and clearing program cache on MeshDevice 1 (mesh_device.cpp:1064)
2026-07-19 12:27:07.903 | critical |          Always | TT_FATAL: Error: input_tensor_a must be width sharded. Provided tensor memory layout: TensorMemoryLayout::BLOCK_SHARDED (assert.hpp:104)
2026-07-19 12:27:07.903 | info     |           Metal | Disabling and clearing program cache on MeshDevice 1 (mesh_device.cpp:1064)
2026-07-19 12:27:07.903 | critical |          Always | TT_FATAL: Error: input_tensor_a must be width sharded. Provided tensor memory layout: TensorMemoryLayout::BLOCK_SHARDED (assert.hpp:104)
2026-07-19 12:27:07.903 | info     |           Metal | Disabling and clearing program cache on MeshDevice 1 (mesh_device.cpp:1064)
2026-07-19 12:27:07.903 | critical |          Always | TT_FATAL: Error: input_tensor_a must be width sharded. Provided tensor memory layout: TensorMemoryLayout::BLOCK_SHARDED (assert.hpp:104)
2026-07-19 12:27:07.903 | info     |           Metal | Disabling and clearing program cache on MeshDevice 1 (mesh_device.cpp:1064)
2026-07-19 12:27:07.903 | critical |          Always | TT_FATAL: Error: input_tensor_a must be width sharded. Provided tensor memory layout: TensorMemoryLayout::BLOCK_SHARDED (assert.hpp:104)
2026-07-19 12:27:07.903 | info     |           Metal | Disabling and clearing program cache on MeshDevice 1 (mesh_device.cpp:1064)
2026-07-19 12:27:07.903 | critical |          Always | TT_FATAL: Error: input_tensor_a must be width sharded. Provided tensor memory layout: TensorMemoryLayout::BLOCK_SHARDED (assert.hpp:104)
2026-07-19 12:27:07.903 | info     |           Metal | Disabling and clearing program cache on MeshDevice 1 (mesh_device.cpp:1064)
2026-07-19 12:27:07.903 | critical |          Always | TT_FATAL: Error: input_tensor_a must be width sharded. Provided tensor memory layout: TensorMemoryLayout::BLOCK_SHARDED (assert.hpp:104)
2026-07-19 12:27:07.903 | info     |           Metal | Disabling and clearing program cache on MeshDevice 1 (mesh_device.cpp:1064)
2026-07-19 12:27:07.903 | critical |          Always | TT_FATAL: Error: input_tensor_a must be width sharded. Provided tensor memory layout: TensorMemoryLayout::BLOCK_SHARDED (assert.hpp:104)
2026-07-19 12:27:07.904 | info     |           Metal | Disabling and clearing program cache on MeshDevice 1 (mesh_device.cpp:1064)
2026-07-19 12:27:07.904 | critical |          Always | TT_FATAL: Error: input_tensor_a must be width sharded. Provided tensor memory layout: TensorMemoryLayout::BLOCK_SHARDED (assert.hpp:104)
2026-07-19 12:27:07.904 | info     |           Metal | Disabling and clearing program cache on MeshDevice 1 (mesh_device.cpp:1064)
2026-07-19 12:27:07.904 | critical |          Always | TT_FATAL: Error: input_tensor_a must be width sharded. Provided tensor memory layout: TensorMemoryLayout::BLOCK_SHARDED (assert.hpp:104)
2026-07-19 12:27:07.904 | info     |           Metal | Disabling and clearing program cache on MeshDevice 1 (mesh_device.cpp:1064)
2026-07-19 12:27:07.904 | critical |          Always | TT_FATAL: Error: input_tensor_a must be width sharded. Provided tensor memory layout: TensorMemoryLayout::BLOCK_SHARDED (assert.hpp:104)
2026-07-19 12:27:07.904 | info     |           Metal | Disabling and clearing program cache on MeshDevice 1 (mesh_device.cpp:1064)
2026-07-19 12:27:07.904 | critical |          Always | TT_FATAL: Error: input_tensor_a must be width sharded. Provided tensor memory layout: TensorMemoryLayout::BLOCK_SHARDED (assert.hpp:104)
2026-07-19 12:27:07.904 | info     |           Metal | Disabling and clearing program cache on MeshDevice 1 (mesh_device.cpp:1064)
2026-07-19 12:27:07.904 | critical |          Always | TT_FATAL: Error: input_tensor_a must be width sharded. Provided tensor memory layout: TensorMemoryLayout::BLOCK_SHARDED (assert.hpp:104)
2026-07-19 12:27:07.904 | info     |           Metal | Disabling and clearing program cache on MeshDevice 1 (mesh_device.cpp:1064)
2026-07-19 12:27:07.904 | info     |           Metal | Disabling and clearing program cache on MeshDevice 1 (mesh_device.cpp:1064)
2026-07-19 12:27:07.905 | critical |          Always | TT_FATAL: Error: input_tensor_a must be height sharded. (assert.hpp:104)
2026-07-19 12:27:07.905 | info     |           Metal | Disabling and clearing program cache on MeshDevice 1 (mesh_device.cpp:1064)
2026-07-19 12:27:07.905 | critical |          Always | TT_FATAL: Error: input_tensor_a must be width sharded. Provided tensor memory layout: TensorMemoryLayout::BLOCK_SHARDED (assert.hpp:104)
2026-07-19 12:27:07.905 | info     |           Metal | Disabling and clearing program cache on MeshDevice 1 (mesh_device.cpp:1064)
2026-07-19 12:27:07.905 | critical |          Always | TT_FATAL: Error: input_tensor_a must be width sharded. Provided tensor memory layout: TensorMemoryLayout::BLOCK_SHARDED (assert.hpp:104)
2026-07-19 12:27:07.905 | info     |           Metal | Disabling and clearing program cache on MeshDevice 1 (mesh_device.cpp:1064)
2026-07-19 12:27:07.905 | critical |          Always | TT_FATAL: Error: input_tensor_a must be width sharded. Provided tensor memory layout: TensorMemoryLayout::BLOCK_SHARDED (assert.hpp:104)
2026-07-19 12:27:07.905 | info     |           Metal | Disabling and clearing program cache on MeshDevice 1 (mesh_device.cpp:1064)
2026-07-19 12:27:07.905 | critical |          Always | TT_FATAL: Error: input_tensor_a must be width sharded. Provided tensor memory layout: TensorMemoryLayout::BLOCK_SHARDED (assert.hpp:104)
2026-07-19 12:27:07.905 | info     |           Metal | Disabling and clearing program cache on MeshDevice 1 (mesh_device.cpp:1064)
2026-07-19 12:27:07.905 | critical |          Always | TT_FATAL: Error: input_tensor_a must be width sharded. Provided tensor memory layout: TensorMemoryLayout::BLOCK_SHARDED (assert.hpp:104)
2026-07-19 12:27:07.905 | info     |           Metal | Disabling and clearing program cache on MeshDevice 1 (mesh_device.cpp:1064)
2026-07-19 12:27:07.905 | critical |          Always | TT_FATAL: Error: input_tensor_a must be width sharded. Provided tensor memory layout: TensorMemoryLayout::BLOCK_SHARDED (assert.hpp:104)
2026-07-19 12:27:07.905 | info     |           Metal | Disabling and clearing program cache on MeshDevice 1 (mesh_device.cpp:1064)
2026-07-19 12:27:07.906 | critical |          Always | TT_FATAL: Error: input_tensor_a must be width sharded. Provided tensor memory layout: TensorMemoryLayout::BLOCK_SHARDED (assert.hpp:104)
2026-07-19 12:27:07.906 | info     |           Metal | Disabling and clearing program cache on MeshDevice 1 (mesh_device.cpp:1064)
2026-07-19 12:27:07.906 | critical |          Always | TT_FATAL: Error: input_tensor_a must be width sharded. Provided tensor memory layout: TensorMemoryLayout::BLOCK_SHARDED (assert.hpp:104)
2026-07-19 12:27:07.906 | info     |           Metal | Disabling and clearing program cache on MeshDevice 1 (mesh_device.cpp:1064)
2026-07-19 12:27:07.906 | critical |          Always | TT_FATAL: Error: input_tensor_a must be width sharded. Provided tensor memory layout: TensorMemoryLayout::BLOCK_SHARDED (assert.hpp:104)
2026-07-19 12:27:07.906 | info     |           Metal | Disabling and clearing program cache on MeshDevice 1 (mesh_device.cpp:1064)
2026-07-19 12:27:07.906 | critical |          Always | TT_FATAL: Error: input_tensor_a must be width sharded. Provided tensor memory layout: TensorMemoryLayout::BLOCK_SHARDED (assert.hpp:104)
2026-07-19 12:27:07.906 | info     |           Metal | Disabling and clearing program cache on MeshDevice 1 (mesh_device.cpp:1064)
2026-07-19 12:27:07.906 | critical |          Always | TT_FATAL: Error: input_tensor_a must be width sharded. Provided tensor memory layout: TensorMemoryLayout::BLOCK_SHARDED (assert.hpp:104)
2026-07-19 12:27:07.906 | info     |           Metal | Disabling and clearing program cache on MeshDevice 1 (mesh_device.cpp:1064)
2026-07-19 12:27:07.906 | critical |          Always | TT_FATAL: Error: input_tensor_a must be width sharded. Provided tensor memory layout: TensorMemoryLayout::BLOCK_SHARDED (assert.hpp:104)
2026-07-19 12:27:07.906 | info     |           Metal | Disabling and clearing program cache on MeshDevice 1 (mesh_device.cpp:1064)
2026-07-19 12:27:07.906 | critical |          Always | TT_FATAL: Error: input_tensor_a must be width sharded. Provided tensor memory layout: TensorMemoryLayout::BLOCK_SHARDED (assert.hpp:104)
2026-07-19 12:27:07.906 | info     |           Metal | Disabling and clearing program cache on MeshDevice 1 (mesh_device.cpp:1064)
2026-07-19 12:27:07.906 | critical |          Always | TT_FATAL: Error: input_tensor_a must be width sharded. Provided tensor memory layout: TensorMemoryLayout::BLOCK_SHARDED (assert.hpp:104)
2026-07-19 12:27:07.907 | info     |           Metal | Disabling and clearing program cache on MeshDevice 1 (mesh_device.cpp:1064)
2026-07-19 12:27:07.907 | critical |          Always | TT_FATAL: Error: input_tensor_a must be width sharded. Provided tensor memory layout: TensorMemoryLayout::BLOCK_SHARDED (assert.hpp:104)
2026-07-19 12:27:07.907 | info     |           Metal | Disabling and clearing program cache on MeshDevice 1 (mesh_device.cpp:1064)
2026-07-19 12:27:07.907 | critical |          Always | TT_FATAL: Error: input_tensor_a must be width sharded. Provided tensor memory layout: TensorMemoryLayout::BLOCK_SHARDED (assert.hpp:104)
2026-07-19 12:27:07.907 | info     |           Metal | Disabling and clearing program cache on MeshDevice 1 (mesh_device.cpp:1064)
2026-07-19 12:27:07.907 | critical |          Always | TT_FATAL: Error: input_tensor_a must be width sharded. Provided tensor memory layout: TensorMemoryLayout::BLOCK_SHARDED (assert.hpp:104)
2026-07-19 12:27:07.907 | info     |           Metal | Disabling and clearing program cache on MeshDevice 1 (mesh_device.cpp:1064)
2026-07-19 12:27:07.907 | critical |          Always | TT_FATAL: Error: input_tensor_a must be width sharded. Provided tensor memory layout: TensorMemoryLayout::BLOCK_SHARDED (assert.hpp:104)
2026-07-19 12:27:07.907 | info     |           Metal | Disabling and clearing program cache on MeshDevice 1 (mesh_device.cpp:1064)
2026-07-19 12:27:07.907 | critical |          Always | TT_FATAL: Error: input_tensor_a must be width sharded. Provided tensor memory layout: TensorMemoryLayout::BLOCK_SHARDED (assert.hpp:104)
2026-07-19 12:27:07.907 | info     |           Metal | Disabling and clearing program cache on MeshDevice 1 (mesh_device.cpp:1064)
2026-07-19 12:27:07.907 | critical |          Always | TT_FATAL: Error: input_tensor_a must be width sharded. Provided tensor memory layout: TensorMemoryLayout::BLOCK_SHARDED (assert.hpp:104)
2026-07-19 12:27:07.907 | info     |           Metal | Disabling and clearing program cache on MeshDevice 1 (mesh_device.cpp:1064)
2026-07-19 12:27:07.907 | critical |          Always | TT_FATAL: Error: input_tensor_a must be width sharded. Provided tensor memory layout: TensorMemoryLayout::BLOCK_SHARDED (assert.hpp:104)
2026-07-19 12:27:07.907 | info     |           Metal | Disabling and clearing program cache on MeshDevice 1 (mesh_device.cpp:1064)
2026-07-19 12:27:07.908 | critical |          Always | TT_FATAL: Error: input_tensor_a must be width sharded. Provided tensor memory layout: TensorMemoryLayout::BLOCK_SHARDED (assert.hpp:104)
2026-07-19 12:27:07.908 | info     |           Metal | Disabling and clearing program cache on MeshDevice 1 (mesh_device.cpp:1064)
2026-07-19 12:27:07.908 | critical |          Always | TT_FATAL: Error: input_tensor_a must be width sharded. Provided tensor memory layout: TensorMemoryLayout::BLOCK_SHARDED (assert.hpp:104)
2026-07-19 12:27:07.908 | info     |           Metal | Disabling and clearing program cache on MeshDevice 1 (mesh_device.cpp:1064)
2026-07-19 12:27:07.908 | critical |          Always | TT_FATAL: Error: input_tensor_a must be width sharded. Provided tensor memory layout: TensorMemoryLayout::BLOCK_SHARDED (assert.hpp:104)
2026-07-19 12:27:07.908 | info     |           Metal | Disabling and clearing program cache on MeshDevice 1 (mesh_device.cpp:1064)
2026-07-19 12:27:07.908 | info     |           Metal | Disabling and clearing program cache on MeshDevice 1 (mesh_device.cpp:1064)
2026-07-19 12:27:07.908 | info     |           Metal | Disabling and clearing program cache on MeshDevice 1 (mesh_device.cpp:1064)
2026-07-19 12:27:07.908 | critical |          Always | TT_FATAL: Error: input_tensor_a must be width sharded. Provided tensor memory layout: TensorMemoryLayout::HEIGHT_SHARDED (assert.hpp:104)
2026-07-19 12:27:07.909 | info     |           Metal | Disabling and clearing program cache on MeshDevice 1 (mesh_device.cpp:1064)
2026-07-19 12:27:07.909 | critical |          Always | TT_FATAL: Error: input_tensor_a must be width sharded. Provided tensor memory layout: TensorMemoryLayout::HEIGHT_SHARDED (assert.hpp:104)
2026-07-19 12:27:07.909 | info     |           Metal | Disabling and clearing program cache on MeshDevice 1 (mesh_device.cpp:1064)
2026-07-19 12:27:07.909 | critical |          Always | TT_FATAL: Error: input_tensor_a must be width sharded. Provided tensor memory layout: TensorMemoryLayout::HEIGHT_SHARDED (assert.hpp:104)
2026-07-19 12:27:07.909 | info     |           Metal | Disabling and clearing program cache on MeshDevice 1 (mesh_device.cpp:1064)
2026-07-19 12:27:07.909 | critical |          Always | TT_FATAL: Error: input_tensor_a must be width sharded. Provided tensor memory layout: TensorMemoryLayout::HEIGHT_SHARDED (assert.hpp:104)
2026-07-19 12:27:07.909 | info     |           Metal | Disabling and clearing program cache on MeshDevice 1 (mesh_device.cpp:1064)
2026-07-19 12:27:07.909 | critical |          Always | TT_FATAL: Error: input_tensor_a must be width sharded. Provided tensor memory layout: TensorMemoryLayout::HEIGHT_SHARDED (assert.hpp:104)
2026-07-19 12:27:07.909 | info     |           Metal | Disabling and clearing program cache on MeshDevice 1 (mesh_device.cpp:1064)
2026-07-19 12:27:07.909 | critical |          Always | TT_FATAL: Error: input_tensor_a must be width sharded. Provided tensor memory layout: TensorMemoryLayout::HEIGHT_SHARDED (assert.hpp:104)
2026-07-19 12:27:07.909 | info     |           Metal | Disabling and clearing program cache on MeshDevice 1 (mesh_device.cpp:1064)
2026-07-19 12:27:07.909 | critical |          Always | TT_FATAL: Error: input_tensor_a must be width sharded. Provided tensor memory layout: TensorMemoryLayout::HEIGHT_SHARDED (assert.hpp:104)
2026-07-19 12:27:07.909 | info     |           Metal | Disabling and clearing program cache on MeshDevice 1 (mesh_device.cpp:1064)
2026-07-19 12:27:07.909 | critical |          Always | TT_FATAL: Error: input_tensor_a must be width sharded. Provided tensor memory layout: TensorMemoryLayout::HEIGHT_SHARDED (assert.hpp:104)
2026-07-19 12:27:07.909 | info     |           Metal | Disabling and clearing program cache on MeshDevice 1 (mesh_device.cpp:1064)
2026-07-19 12:27:07.910 | critical |          Always | TT_FATAL: Error: input_tensor_a must be width sharded. Provided tensor memory layout: TensorMemoryLayout::HEIGHT_SHARDED (assert.hpp:104)
2026-07-19 12:27:07.910 | info     |           Metal | Disabling and clearing program cache on MeshDevice 1 (mesh_device.cpp:1064)
2026-07-19 12:27:07.910 | critical |          Always | TT_FATAL: Error: input_tensor_a must be width sharded. Provided tensor memory layout: TensorMemoryLayout::HEIGHT_SHARDED (assert.hpp:104)
2026-07-19 12:27:07.910 | info     |           Metal | Disabling and clearing program cache on MeshDevice 1 (mesh_device.cpp:1064)
2026-07-19 12:27:07.910 | critical |          Always | TT_FATAL: Error: input_tensor_a must be width sharded. Provided tensor memory layout: TensorMemoryLayout::HEIGHT_SHARDED (assert.hpp:104)
2026-07-19 12:27:07.910 | info     |           Metal | Disabling and clearing program cache on MeshDevice 1 (mesh_device.cpp:1064)
2026-07-19 12:27:07.910 | critical |          Always | TT_FATAL: Error: input_tensor_a must be width sharded. Provided tensor memory layout: TensorMemoryLayout::HEIGHT_SHARDED (assert.hpp:104)
2026-07-19 12:27:07.910 | info     |           Metal | Disabling and clearing program cache on MeshDevice 1 (mesh_device.cpp:1064)
2026-07-19 12:27:07.910 | critical |          Always | TT_FATAL: Error: input_tensor_a must be width sharded. Provided tensor memory layout: TensorMemoryLayout::HEIGHT_SHARDED (assert.hpp:104)
2026-07-19 12:27:07.910 | info     |           Metal | Disabling and clearing program cache on MeshDevice 1 (mesh_device.cpp:1064)
2026-07-19 12:27:07.910 | critical |          Always | TT_FATAL: Error: input_tensor_a must be width sharded. Provided tensor memory layout: TensorMemoryLayout::HEIGHT_SHARDED (assert.hpp:104)
2026-07-19 12:27:07.910 | info     |           Metal | Disabling and clearing program cache on MeshDevice 1 (mesh_device.cpp:1064)
2026-07-19 12:27:07.910 | critical |          Always | TT_FATAL: Error: input_tensor_a must be width sharded. Provided tensor memory layout: TensorMemoryLayout::HEIGHT_SHARDED (assert.hpp:104)
2026-07-19 12:27:07.910 | info     |           Metal | Disabling and clearing program cache on MeshDevice 1 (mesh_device.cpp:1064)
2026-07-19 12:27:07.910 | critical |          Always | TT_FATAL: Error: input_tensor_a must be width sharded. Provided tensor memory layout: TensorMemoryLayout::HEIGHT_SHARDED (assert.hpp:104)
2026-07-19 12:27:07.910 | info     |           Metal | Disabling and clearing program cache on MeshDevice 1 (mesh_device.cpp:1064)
2026-07-19 12:27:07.911 | critical |          Always | TT_FATAL: Error: input_tensor_a must be width sharded. Provided tensor memory layout: TensorMemoryLayout::HEIGHT_SHARDED (assert.hpp:104)
2026-07-19 12:27:07.911 | info     |           Metal | Disabling and clearing program cache on MeshDevice 1 (mesh_device.cpp:1064)
2026-07-19 12:27:07.911 | critical |          Always | TT_FATAL: Error: input_tensor_a must be width sharded. Provided tensor memory layout: TensorMemoryLayout::HEIGHT_SHARDED (assert.hpp:104)
2026-07-19 12:27:07.911 | info     |           Metal | Disabling and clearing program cache on MeshDevice 1 (mesh_device.cpp:1064)
2026-07-19 12:27:07.911 | critical |          Always | TT_FATAL: Error: input_tensor_a must be width sharded. Provided tensor memory layout: TensorMemoryLayout::HEIGHT_SHARDED (assert.hpp:104)
2026-07-19 12:27:07.911 | info     |           Metal | Disabling and clearing program cache on MeshDevice 1 (mesh_device.cpp:1064)
2026-07-19 12:27:07.911 | critical |          Always | TT_FATAL: Error: input_tensor_a must be width sharded. Provided tensor memory layout: TensorMemoryLayout::HEIGHT_SHARDED (assert.hpp:104)
2026-07-19 12:27:07.911 | info     |           Metal | Disabling and clearing program cache on MeshDevice 1 (mesh_device.cpp:1064)
2026-07-19 12:27:07.911 | critical |          Always | TT_FATAL: Error: input_tensor_a must be width sharded. Provided tensor memory layout: TensorMemoryLayout::HEIGHT_SHARDED (assert.hpp:104)
2026-07-19 12:27:07.911 | info     |           Metal | Disabling and clearing program cache on MeshDevice 1 (mesh_device.cpp:1064)
2026-07-19 12:27:07.911 | critical |          Always | TT_FATAL: Error: input_tensor_a must be width sharded. Provided tensor memory layout: TensorMemoryLayout::HEIGHT_SHARDED (assert.hpp:104)
2026-07-19 12:27:07.911 | info     |           Metal | Disabling and clearing program cache on MeshDevice 1 (mesh_device.cpp:1064)
2026-07-19 12:27:07.911 | critical |          Always | TT_FATAL: Error: input_tensor_a must be width sharded. Provided tensor memory layout: TensorMemoryLayout::HEIGHT_SHARDED (assert.hpp:104)
2026-07-19 12:27:07.911 | info     |           Metal | Disabling and clearing program cache on MeshDevice 1 (mesh_device.cpp:1064)
2026-07-19 12:27:07.911 | critical |          Always | TT_FATAL: Error: input_tensor_a must be width sharded. Provided tensor memory layout: TensorMemoryLayout::HEIGHT_SHARDED (assert.hpp:104)
2026-07-19 12:27:07.913 | info     |           Metal | Disabling and clearing program cache on MeshDevice 1 (mesh_device.cpp:1064)
2026-07-19 12:27:07.913 | info     |           Metal | Disabling and clearing program cache on MeshDevice 1 (mesh_device.cpp:1064)
2026-07-19 12:27:07.915 | info     |           Metal | Disabling and clearing program cache on MeshDevice 1 (mesh_device.cpp:1064)
2026-07-19 12:27:07.916 | info     |           Metal | Skipping fabric teardown for mock devices (fabric_firmware_initializer.cpp:334)
2026-07-19 12:27:07.916 | info     |          Device | Closing user mode device drivers (tt_cluster.cpp:512)
2026-07-19 12:27:07.916 | info     |             UMD | Closing devices in cluster (cluster.cpp:1037)
2026-07-19 12:27:07.916 | info     |             UMD | Closing devices in cluster completed. (cluster.cpp:1046)
2026-07-19 12:27:07.916 | info     |             UMD | Cluster destructor started. (cluster.cpp:754)
2026-07-19 12:27:07.916 | info     |             UMD | Cluster destructor completed. (cluster.cpp:757)
