2026-07-19 18:11:41.554 | DEBUG    | ttnn:<module>:76 - Loading ttnn configuration overrides from environment variable TTNN_CONFIG_OVERRIDES
2026-07-19 18:11:41.554 | DEBUG    | ttnn:<module>:79 - Initial ttnn.CONFIG:
Config{cache_path=/home/mvasiljevic/.cache/ttnn,model_cache_path=/home/mvasiljevic/.cache/ttnn/models,tmp_dir=/tmp/ttnn,enable_model_cache=false,enable_fast_runtime_mode=true,throw_exception_on_fallback=true,enable_logging=false,enable_graph_report=false,enable_graph_python_stack_traces=false,enable_detailed_buffer_report=false,enable_detailed_tensor_report=false,enable_comparison_mode=false,comparison_mode_should_raise_exception=false,comparison_mode_pcc=0.9999,root_report_path=generated/ttnn/reports,report_name=std::nullopt,std::nullopt}
2026-07-19 18:11:41.589 | info     |          Device | Opening user mode device driver (tt_cluster.cpp:228)
2026-07-19 18:11:41.589 | info     |             UMD | Cluster constructor started. (cluster.cpp:348)
2026-07-19 18:11:41.589 | info     |             UMD | Creating TopologyDiscovery for architecture: blackhole (topology_discovery.cpp:91)
2026-07-19 18:11:41.589 | info     |             UMD | Starting topology discovery. (topology_discovery.cpp:110)
2026-07-19 18:11:41.590 | info     |             UMD | Established firmware bundle version: 19.8.0 (topology_discovery.cpp:569)
2026-07-19 18:11:41.590 | info     |             UMD | Firmware bundle version 19.8.0 on the system is newer than the latest fully tested version 19.5.0 for blackhole architecture. Newest features may not be supported. (topology_discovery.cpp:601)
2026-07-19 18:11:41.594 | info     |             UMD | Completed topology discovery. (topology_discovery.cpp:114)
2026-07-19 18:11:41.814 | info     |             UMD | Opening local chip ids/PCIe ids: {0, 1, 2, 3}/[0, 1, 2, 3] and remote chip ids {} (cluster.cpp:168)
2026-07-19 18:11:41.814 | info     |             UMD | IOMMU: enabled (cluster.cpp:142)
2026-07-19 18:11:41.814 | info     |             UMD | KMD version: 2.8.0 (cluster.cpp:145)
2026-07-19 18:11:41.814 | info     |             UMD | Cluster constructor completed. (cluster.cpp:520)
2026-07-19 18:11:41.816 | info     |             UMD | Starting devices in cluster (cluster.cpp:1024)
2026-07-19 18:11:41.990 | info     |             UMD | Starting devices in cluster completed. (cluster.cpp:1032)
--------------------------------------------------------------------------
It appears as if there is not enough space for /dev/shm/sm_segment.23ff5195c3f7.1000.15f80000.0 (the shared-memory backing
file). It is likely that your MPI job will now either abort or experience
performance degradation.

  Local host:  23ff5195c3f7
  Space Requested: 16777216 B
  Space Available: 17539072 B
--------------------------------------------------------------------------
2026-07-19 18:11:42.114 | info     |     Distributed | Using auto discovery to generate mesh graph. (metal_env.cpp:367)
2026-07-19 18:11:42.114 | info     |     Distributed | Constructing control plane using auto-discovery (no mesh graph descriptor). (metal_env.cpp:429)
2026-07-19 18:11:42.114 | warning  |          Always | Unknown motherboard 'B850M-C' for chip_id=0 (bus_id=0x1) — falling back to bus_id as tray_id. Add this motherboard and its bus IDs to mobo_to_bus_ids in physical_system_discovery.cpp. (physical_system_discovery.cpp:89)
2026-07-19 18:11:42.114 | warning  |          Always | Unknown motherboard 'B850M-C' for chip_id=1 (bus_id=0x2) — falling back to bus_id as tray_id. Add this motherboard and its bus IDs to mobo_to_bus_ids in physical_system_discovery.cpp. (physical_system_discovery.cpp:89)
2026-07-19 18:11:42.114 | warning  |          Always | Unknown motherboard 'B850M-C' for chip_id=2 (bus_id=0x3) — falling back to bus_id as tray_id. Add this motherboard and its bus IDs to mobo_to_bus_ids in physical_system_discovery.cpp. (physical_system_discovery.cpp:89)
2026-07-19 18:11:42.114 | warning  |          Always | Unknown motherboard 'B850M-C' for chip_id=3 (bus_id=0x4) — falling back to bus_id as tray_id. Add this motherboard and its bus IDs to mobo_to_bus_ids in physical_system_discovery.cpp. (physical_system_discovery.cpp:89)
2026-07-19 18:11:42.114 | warning  |          Always | Unknown motherboard 'B850M-C' for chip_id=1 (bus_id=0x2) — falling back to bus_id as tray_id. Add this motherboard and its bus IDs to mobo_to_bus_ids in physical_system_discovery.cpp. (physical_system_discovery.cpp:89)
2026-07-19 18:11:42.114 | warning  |          Always | Unknown motherboard 'B850M-C' for chip_id=0 (bus_id=0x1) — falling back to bus_id as tray_id. Add this motherboard and its bus IDs to mobo_to_bus_ids in physical_system_discovery.cpp. (physical_system_discovery.cpp:89)
2026-07-19 18:11:42.114 | warning  |          Always | Unknown motherboard 'B850M-C' for chip_id=2 (bus_id=0x3) — falling back to bus_id as tray_id. Add this motherboard and its bus IDs to mobo_to_bus_ids in physical_system_discovery.cpp. (physical_system_discovery.cpp:89)
2026-07-19 18:11:42.114 | warning  |          Always | Unknown motherboard 'B850M-C' for chip_id=3 (bus_id=0x4) — falling back to bus_id as tray_id. Add this motherboard and its bus IDs to mobo_to_bus_ids in physical_system_discovery.cpp. (physical_system_discovery.cpp:89)
2026-07-19 18:11:42.114 | info     |          Fabric | Logical multi-mesh adjacency: intermesh degree histogram {0:1}; intra-mesh degree histograms mesh0 {2:4} (topology_mapper_utils.cpp:2342)
2026-07-19 18:11:42.114 | info     |          Fabric | Physical multi-mesh adjacency: intermesh degree histogram {0:1}; intra-mesh degree histograms mesh0 {2:4} (topology_mapper_utils.cpp:2350)
2026-07-19 18:11:42.115 | DEBUG    | ttnn.device:__init__:152 - Using default dispatch core type for this system: DispatchCoreType.WORKER
2026-07-19 18:11:42.115 | DEBUG    | ttnn.device:__init__:154 - Using default dispatch core axis for this system: DispatchCoreAxis.COL
2026-07-19 18:11:42.120 | info     |    BuildKernels | Using pre-compiled firmware from: /home/mvasiljevic/tt-metal/tt_metal/pre-compiled/13793420398762238087/ (build_env_manager.cpp:347)
2026-07-19 18:11:42.120 | info     |    BuildKernels | Using pre-compiled firmware from: /home/mvasiljevic/tt-metal/tt_metal/pre-compiled/13793420398762238087/ (build_env_manager.cpp:347)
2026-07-19 18:11:42.120 | info     |    BuildKernels | Using pre-compiled firmware from: /home/mvasiljevic/tt-metal/tt_metal/pre-compiled/13793420398762238087/ (build_env_manager.cpp:347)
2026-07-19 18:11:42.120 | info     |    BuildKernels | Using pre-compiled firmware from: /home/mvasiljevic/tt-metal/tt_metal/pre-compiled/13793420398762238087/ (build_env_manager.cpp:347)
2026-07-19 18:11:42.155 | info     |           Metal | Initializing Fabric (fabric_firmware_initializer.cpp:288)
2026-07-19 18:11:42.183 | info     |           Metal | Fabric initialized on Device 0 (device.cpp:429)
2026-07-19 18:11:42.183 | info     |           Metal | Fabric initialized on Device 1 (device.cpp:429)
2026-07-19 18:11:42.184 | info     |           Metal | Fabric initialized on Device 2 (device.cpp:429)
2026-07-19 18:11:42.185 | info     |           Metal | Fabric initialized on Device 3 (device.cpp:429)
2026-07-19 18:11:42.185 | info     |           Metal | Fabric initialized on 4 devices (fabric_firmware_initializer.cpp:435)
2026-07-19 18:11:42.185 | info     |           Metal | Fabric Initialized with config FabricConfig::FABRIC_1D_RING (fabric_firmware_initializer.cpp:305)
2026-07-19 18:11:42.225 | info     |           Metal | ShmResourceTracker: removed orphaned shm '/tt_device_154095681929600_memory' (shm_resource_tracker.cpp:282)
2026-07-19 18:11:42.225 | info     |           Metal | ShmResourceTracker: removed orphaned shm '/tt_device_154095681929601_memory' (shm_resource_tracker.cpp:282)
2026-07-19 18:11:42.225 | info     |           Metal | ShmResourceTracker: removed orphaned shm '/tt_device_154095681932032_memory' (shm_resource_tracker.cpp:282)
2026-07-19 18:11:42.225 | info     |           Metal | ShmResourceTracker: removed orphaned shm '/tt_device_154095681932033_memory' (shm_resource_tracker.cpp:282)
2026-07-19 18:11:42.804 | info     |           Metal | [Real-time profiler] Device 2 sync complete: 100 samples, frequency=1.349983 GHz, device_time_at_sync=11303002225295 cycles (realtime_profiler_manager.cpp:1127)
2026-07-19 18:11:42.804 | info     |           Metal | [Real-time profiler] Device 0 sync complete: 100 samples, frequency=1.349986 GHz, device_time_at_sync=11318102471629 cycles (realtime_profiler_manager.cpp:1127)
2026-07-19 18:11:42.805 | info     |           Metal | [Real-time profiler] Device 1 sync complete: 100 samples, frequency=1.349980 GHz, device_time_at_sync=11294632715387 cycles (realtime_profiler_manager.cpp:1127)
2026-07-19 18:11:42.805 | info     |           Metal | [Real-time profiler] Device 3 sync complete: 100 samples, frequency=1.349972 GHz, device_time_at_sync=11313263970185 cycles (realtime_profiler_manager.cpp:1127)
Prompt (184 tokens):
Every morning Aya goes for a $9$-kilometer-long walk and stops at a coffee shop afterwards. When she walks at a constant speed of $s$ kilometers per hour, the walk takes her 4 hours, including $t$ minutes spent in the coffee shop. When she walks $s+2$ kilometers per hour, the walk takes her 2 hours and 24 minutes, including $t$ minutes spent in the coffee shop. Suppose Aya walks at $s+\frac{1}{2}$ kilometers per hour. Find the number of minutes the walk takes her, including the $t$ minutes spent in the coffee shop.
Please reason step by step, and put your final answer within\boxed
Answer:

Running HF reference on cpu...
Loading weights:   0%|          | 0/291 [00:00<?, ?it/s]Loading weights: 100%|██████████| 291/291 [00:00<00:00, 34369.86it/s]
[transformers] Ignoring clean_up_tokenization_spaces=True for BPE tokenizer TokenizersBackend. The clean_up_tokenization post-processing step is designed for WordPiece tokenizers and is destructive for BPE (it strips spaces before punctuation). Set clean_up_tokenization_spaces=False to suppress this warning, or set clean_up_tokenization_spaces_for_bpe_even_though_it_will_corrupt_output=True to force cleanup anyway.
2026-07-19 18:12:36.865 | warning  |              Op | ttnn::tilize: Using input shard spec for output tensor because the legacy sharded optimized program factory is being used (tilize_device_operation.cpp:151)
HF produced 100 tokens.
Building TT generator...
Running TT autoregressive generation...
TT produced 100 tokens.

Saved HF completion → /home/mvasiljevic/tt-metal/models/autoports/meta_llama_llama_3_1_8b_instruct/doc/full_model/artifacts/autoregressive/hf_completion.txt
Saved TT completion → /home/mvasiljevic/tt-metal/models/autoports/meta_llama_llama_3_1_8b_instruct/doc/full_model/artifacts/autoregressive/tt_completion.txt
Saved metadata     → /home/mvasiljevic/tt-metal/models/autoports/meta_llama_llama_3_1_8b_instruct/doc/full_model/artifacts/autoregressive/autoregressive_meta.json
nanobind: leaked 2 instances!
 - leaked instance 0x78680042b5e8 of type "ttnn._ttnn.device.DispatchCoreConfig"
 - leaked instance 0x78680031f318 of type "ttnn._ttnn.tensor.CoreRangeSet"
nanobind: leaked 38 types!
 - leaked type "DispatchCoreAxis"
 - leaked type "ttnn._ttnn.device.SubDeviceManagerId"
 - leaked type "MathFidelity"
 - leaked type "ttnn._ttnn.operations.matmul.MatmulMultiCoreReuseMultiCast1DProgramConfig"
 - leaked type "ttnn._ttnn.operations.matmul.MatmulInputs"
 - leaked type "ttnn._ttnn.multi_device.MeshMapperConfig"
 - leaked type "ttnn._ttnn.operations.matmul.MatmulMultiCoreReuseMultiCastBatchedDRAMShardedProgramConfig"
 - leaked type "BufferType"
 - leaked type "UnaryOpType"
 - leaked type "Layout"
 - ... skipped remainder
nanobind: leaked 321 functions!
 - leaked function "__init__"
 - leaked function "to_json"
 - leaked function "contains"
 - leaked function "from_json"
 - leaked function ""
 - leaked function "tensor_topology"
 - leaked function ""
 - leaked function "device"
 - leaked function "update_tensor_topology"
 - leaked function ""
 - ... skipped remainder
nanobind: this is likely caused by a reference counting issue in the binding code.
See https://nanobind.readthedocs.io/en/latest/refleaks.html2026-07-19 18:15:51.180 | info     |    BuildKernels | JIT cache stats: 459/459 hits (100.0%) [459 cached, 109 build-once dedup, 0 merged artifacts, 0 merged genfiles] (build_cache_telemetry.cpp:207)
2026-07-19 18:15:51.180 | info     |    BuildKernels | JIT telemetry: 3 registered TelemetryTokens (build_cache_telemetry.cpp:230)
2026-07-19 18:15:51.195 | info     |          Device | Closing user mode device drivers (tt_cluster.cpp:512)
2026-07-19 18:15:51.195 | info     |             UMD | Closing devices in cluster (cluster.cpp:1037)
2026-07-19 18:15:51.702 | info     |             UMD | Closing devices in cluster completed. (cluster.cpp:1046)
2026-07-19 18:15:51.703 | info     |             UMD | Cluster destructor started. (cluster.cpp:754)
2026-07-19 18:15:51.703 | info     |             UMD | Cluster destructor completed. (cluster.cpp:757)
