2026-07-19 19:23:39.963 | DEBUG    | ttnn:<module>:76 - Loading ttnn configuration overrides from environment variable TTNN_CONFIG_OVERRIDES
2026-07-19 19:23:39.963 | DEBUG    | ttnn:<module>:79 - Initial ttnn.CONFIG:
Config{cache_path=/home/mvasiljevic/.cache/ttnn,model_cache_path=/home/mvasiljevic/.cache/ttnn/models,tmp_dir=/tmp/ttnn,enable_model_cache=false,enable_fast_runtime_mode=true,throw_exception_on_fallback=true,enable_logging=false,enable_graph_report=false,enable_graph_python_stack_traces=false,enable_detailed_buffer_report=false,enable_detailed_tensor_report=false,enable_comparison_mode=false,comparison_mode_should_raise_exception=false,comparison_mode_pcc=0.9999,root_report_path=generated/ttnn/reports,report_name=std::nullopt,std::nullopt}
2026-07-19 19:23:41.313 | info     |          Device | Opening user mode device driver (tt_cluster.cpp:228)
2026-07-19 19:23:41.313 | info     |             UMD | Cluster constructor started. (cluster.cpp:348)
2026-07-19 19:23:41.313 | info     |             UMD | Creating TopologyDiscovery for architecture: blackhole (topology_discovery.cpp:91)
2026-07-19 19:23:41.313 | info     |             UMD | Starting topology discovery. (topology_discovery.cpp:110)
2026-07-19 19:23:41.315 | info     |             UMD | Established firmware bundle version: 19.8.0 (topology_discovery.cpp:569)
2026-07-19 19:23:41.315 | info     |             UMD | Firmware bundle version 19.8.0 on the system is newer than the latest fully tested version 19.5.0 for blackhole architecture. Newest features may not be supported. (topology_discovery.cpp:601)
2026-07-19 19:23:41.319 | info     |             UMD | Completed topology discovery. (topology_discovery.cpp:114)
2026-07-19 19:23:41.539 | info     |             UMD | Opening local chip ids/PCIe ids: {0, 1, 2, 3}/[0, 1, 2, 3] and remote chip ids {} (cluster.cpp:168)
2026-07-19 19:23:41.540 | info     |             UMD | IOMMU: enabled (cluster.cpp:142)
2026-07-19 19:23:41.540 | info     |             UMD | KMD version: 2.8.0 (cluster.cpp:145)
2026-07-19 19:23:41.540 | info     |             UMD | Cluster constructor completed. (cluster.cpp:520)
2026-07-19 19:23:41.541 | info     |             UMD | Starting devices in cluster (cluster.cpp:1024)
2026-07-19 19:23:41.697 | info     |             UMD | Starting devices in cluster completed. (cluster.cpp:1032)
--------------------------------------------------------------------------
It appears as if there is not enough space for /dev/shm/sm_segment.23ff5195c3f7.1000.ad570000.0 (the shared-memory backing
file). It is likely that your MPI job will now either abort or experience
performance degradation.

  Local host:  23ff5195c3f7
  Space Requested: 16777216 B
  Space Available: 17489920 B
--------------------------------------------------------------------------
2026-07-19 19:23:41.830 | info     |     Distributed | Using auto discovery to generate mesh graph. (metal_env.cpp:367)
2026-07-19 19:23:41.830 | info     |     Distributed | Constructing control plane using auto-discovery (no mesh graph descriptor). (metal_env.cpp:429)
2026-07-19 19:23:41.830 | warning  |          Always | Unknown motherboard 'B850M-C' for chip_id=0 (bus_id=0x1) — falling back to bus_id as tray_id. Add this motherboard and its bus IDs to mobo_to_bus_ids in physical_system_discovery.cpp. (physical_system_discovery.cpp:89)
2026-07-19 19:23:41.830 | warning  |          Always | Unknown motherboard 'B850M-C' for chip_id=1 (bus_id=0x2) — falling back to bus_id as tray_id. Add this motherboard and its bus IDs to mobo_to_bus_ids in physical_system_discovery.cpp. (physical_system_discovery.cpp:89)
2026-07-19 19:23:41.830 | warning  |          Always | Unknown motherboard 'B850M-C' for chip_id=2 (bus_id=0x3) — falling back to bus_id as tray_id. Add this motherboard and its bus IDs to mobo_to_bus_ids in physical_system_discovery.cpp. (physical_system_discovery.cpp:89)
2026-07-19 19:23:41.830 | warning  |          Always | Unknown motherboard 'B850M-C' for chip_id=3 (bus_id=0x4) — falling back to bus_id as tray_id. Add this motherboard and its bus IDs to mobo_to_bus_ids in physical_system_discovery.cpp. (physical_system_discovery.cpp:89)
2026-07-19 19:23:41.830 | warning  |          Always | Unknown motherboard 'B850M-C' for chip_id=1 (bus_id=0x2) — falling back to bus_id as tray_id. Add this motherboard and its bus IDs to mobo_to_bus_ids in physical_system_discovery.cpp. (physical_system_discovery.cpp:89)
2026-07-19 19:23:41.830 | warning  |          Always | Unknown motherboard 'B850M-C' for chip_id=0 (bus_id=0x1) — falling back to bus_id as tray_id. Add this motherboard and its bus IDs to mobo_to_bus_ids in physical_system_discovery.cpp. (physical_system_discovery.cpp:89)
2026-07-19 19:23:41.830 | warning  |          Always | Unknown motherboard 'B850M-C' for chip_id=2 (bus_id=0x3) — falling back to bus_id as tray_id. Add this motherboard and its bus IDs to mobo_to_bus_ids in physical_system_discovery.cpp. (physical_system_discovery.cpp:89)
2026-07-19 19:23:41.830 | warning  |          Always | Unknown motherboard 'B850M-C' for chip_id=3 (bus_id=0x4) — falling back to bus_id as tray_id. Add this motherboard and its bus IDs to mobo_to_bus_ids in physical_system_discovery.cpp. (physical_system_discovery.cpp:89)
2026-07-19 19:23:41.831 | info     |          Fabric | Logical multi-mesh adjacency: intermesh degree histogram {0:1}; intra-mesh degree histograms mesh0 {2:4} (topology_mapper_utils.cpp:2342)
2026-07-19 19:23:41.831 | info     |          Fabric | Physical multi-mesh adjacency: intermesh degree histogram {0:1}; intra-mesh degree histograms mesh0 {2:4} (topology_mapper_utils.cpp:2350)
2026-07-19 19:23:41.831 | DEBUG    | ttnn.device:__init__:152 - Using default dispatch core type for this system: DispatchCoreType.WORKER
2026-07-19 19:23:41.831 | DEBUG    | ttnn.device:__init__:154 - Using default dispatch core axis for this system: DispatchCoreAxis.COL
2026-07-19 19:23:41.836 | info     |    BuildKernels | Using pre-compiled firmware from: /home/mvasiljevic/tt-metal/tt_metal/pre-compiled/13793420398762238087/ (build_env_manager.cpp:347)
2026-07-19 19:23:41.836 | info     |    BuildKernels | Using pre-compiled firmware from: /home/mvasiljevic/tt-metal/tt_metal/pre-compiled/13793420398762238087/ (build_env_manager.cpp:347)
2026-07-19 19:23:41.836 | info     |    BuildKernels | Using pre-compiled firmware from: /home/mvasiljevic/tt-metal/tt_metal/pre-compiled/13793420398762238087/ (build_env_manager.cpp:347)
2026-07-19 19:23:41.836 | info     |    BuildKernels | Using pre-compiled firmware from: /home/mvasiljevic/tt-metal/tt_metal/pre-compiled/13793420398762238087/ (build_env_manager.cpp:347)
2026-07-19 19:23:41.871 | info     |           Metal | Initializing Fabric (fabric_firmware_initializer.cpp:288)
2026-07-19 19:23:41.898 | info     |           Metal | Fabric initialized on Device 0 (device.cpp:429)
2026-07-19 19:23:41.899 | info     |           Metal | Fabric initialized on Device 1 (device.cpp:429)
2026-07-19 19:23:41.899 | info     |           Metal | Fabric initialized on Device 2 (device.cpp:429)
2026-07-19 19:23:41.900 | info     |           Metal | Fabric initialized on Device 3 (device.cpp:429)
2026-07-19 19:23:41.900 | info     |           Metal | Fabric initialized on 4 devices (fabric_firmware_initializer.cpp:435)
2026-07-19 19:23:41.900 | info     |           Metal | Fabric Initialized with config FabricConfig::FABRIC_1D_RING (fabric_firmware_initializer.cpp:305)
2026-07-19 19:23:41.939 | info     |           Metal | ShmResourceTracker: removed orphaned shm '/tt_device_154095681929600_memory' (shm_resource_tracker.cpp:282)
2026-07-19 19:23:41.939 | info     |           Metal | ShmResourceTracker: removed orphaned shm '/tt_device_154095681929601_memory' (shm_resource_tracker.cpp:282)
2026-07-19 19:23:41.939 | info     |           Metal | ShmResourceTracker: removed orphaned shm '/tt_device_154095681932032_memory' (shm_resource_tracker.cpp:282)
2026-07-19 19:23:41.939 | info     |           Metal | ShmResourceTracker: removed orphaned shm '/tt_device_154095681932033_memory' (shm_resource_tracker.cpp:282)
2026-07-19 19:23:42.519 | info     |           Metal | [Real-time profiler] Device 2 sync complete: 100 samples, frequency=1.349981 GHz, device_time_at_sync=15853771751938 cycles (realtime_profiler_manager.cpp:1127)
2026-07-19 19:23:42.519 | info     |           Metal | [Real-time profiler] Device 1 sync complete: 100 samples, frequency=1.349983 GHz, device_time_at_sync=15844123702009 cycles (realtime_profiler_manager.cpp:1127)
2026-07-19 19:23:42.519 | info     |           Metal | [Real-time profiler] Device 3 sync complete: 100 samples, frequency=1.349978 GHz, device_time_at_sync=15865410078280 cycles (realtime_profiler_manager.cpp:1127)
2026-07-19 19:23:42.521 | info     |           Metal | [Real-time profiler] Device 0 sync complete: 100 samples, frequency=1.349996 GHz, device_time_at_sync=15866546957912 cycles (realtime_profiler_manager.cpp:1127)
expected=[17, 4110, 8203, 12296, 16389, 20482, 24575, 28668, 32761, 36854, 40947, 45040, 49133, 53226, 57319, 61412, 65505, 69598, 73691, 77784, 81877, 85970, 90063, 94156, 98249, 102342, 106435, 110528, 114621, 118714, 122807, 126900]
candidate_tokens=[17, 4110, 8203, 12296, 16389, 20482, 24575, 28668, 32761, 36854, 40947, 45040, 49133, 53226, 57319, 61412, 65505, 69598, 73691, 77784, 81877, 85970, 90063, 94156, 98249, 102342, 106435, 110528, 114621, 118714, 122807, 126900]
greedy_one=[17, 4110, 8203, 12296, 16389, 20482, 24575, 28668, 32761, 36854, 40947, 45040, 49133, 53226, 57319, 61412, 65505, 69598, 73691, 77784, 81877, 85970, 90063, 94156, 98249, 102342, 106435, 110528, 114621, 118714, 122807, 126900]
greedy_two=[17, 4110, 8203, 12296, 16389, 20482, 24575, 28668, 32761, 36854, 40947, 45040, 49133, 53226, 57319, 61412, 65505, 69598, 73691, 77784, 81877, 85970, 90063, 94156, 98249, 102342, 106435, 110528, 114621, 118714, 122807, 126900]
greedy_caller_output=[17, 4110, 8203, 12296, 16389, 20482, 24575, 28668, 32761, 36854, 40947, 45040, 49133, 53226, 57319, 61412, 65505, 69598, 73691, 77784, 81877, 85970, 90063, 94156, 98249, 102342, 106435, 110528, 114621, 118714, 122807, 126900]
force=[17, 4110, 8203, 12296, 16389, 20482, 24575, 28668, 32761, 36854, 40947, 45040, 49133, 53226, 57319, 61412, 65505, 69598, 73691, 77784, 81877, 85970, 90063, 94156, 98249, 102342, 106435, 110528, 114621, 118714, 122807, 126900]
row0_segments=[(20.0, 17), (-10.0, 32758), (-10.0, 32758), (-10.0, 29942)]
SAMPLER_WATCHER_REPRO_OK
nanobind: leaked 2 instances!
 - leaked instance 0x744b3a732598 of type "ttnn._ttnn.device.DispatchCoreConfig"
 - leaked instance 0x744b3a6164d8 of type "ttnn._ttnn.tensor.CoreRangeSet"
nanobind: leaked 35 types!
 - leaked type "DispatchCoreAxis"
 - leaked type "ttnn._ttnn.device.SubDeviceManagerId"
 - leaked type "MathFidelity"
 - leaked type "ttnn._ttnn.operations.matmul.MatmulMultiCoreReuseMultiCast1DProgramConfig"
 - leaked type "ttnn._ttnn.operations.matmul.MatmulInputs"
 - leaked type "ttnn._ttnn.operations.matmul.MatmulMultiCoreReuseMultiCastBatchedDRAMShardedProgramConfig"
 - leaked type "BufferType"
 - leaked type "UnaryOpType"
 - leaked type "Layout"
 - leaked type "ttnn._ttnn.operations.matmul.MatmulMultiCoreReuseOptimizedProgramFactory"
 - ... skipped remainder
nanobind: leaked 305 functions!
 - leaked function "__repr__"
 - leaked function ""
 - leaked function "is_sharded"
 - leaked function ""
 - leaked function ""
 - leaked function "__init__"
 - leaked function "item"
 - leaked function ""
 - leaked function "GetPCIeDeviceID"
 - leaked function "__repr__"
 - ... skipped remainder
nanobind: this is likely caused by a reference counting issue in the binding code.
See https://nanobind.readthedocs.io/en/latest/refleaks.html2026-07-19 19:23:43.499 | info     |    BuildKernels | JIT cache stats: 211/211 hits (100.0%) [211 cached, 35 build-once dedup, 0 merged artifacts, 0 merged genfiles] (build_cache_telemetry.cpp:207)
2026-07-19 19:23:43.499 | info     |    BuildKernels | JIT telemetry: 3 registered TelemetryTokens (build_cache_telemetry.cpp:230)
2026-07-19 19:23:43.512 | info     |          Device | Closing user mode device drivers (tt_cluster.cpp:512)
2026-07-19 19:23:43.512 | info     |             UMD | Closing devices in cluster (cluster.cpp:1037)
2026-07-19 19:23:43.999 | info     |             UMD | Closing devices in cluster completed. (cluster.cpp:1046)
2026-07-19 19:23:43.999 | info     |             UMD | Cluster destructor started. (cluster.cpp:754)
2026-07-19 19:23:43.999 | info     |             UMD | Cluster destructor completed. (cluster.cpp:757)
