2026-07-16 05:07:40.846 | DEBUG    | ttnn:<module>:79 - Initial ttnn.CONFIG:
Config{cache_path=/home/mvasiljevic/.cache/ttnn,model_cache_path=/home/mvasiljevic/.cache/ttnn/models,tmp_dir=/tmp/ttnn,enable_model_cache=false,enable_fast_runtime_mode=true,throw_exception_on_fallback=false,enable_logging=false,enable_graph_report=false,enable_graph_python_stack_traces=false,enable_detailed_buffer_report=false,enable_detailed_tensor_report=false,enable_comparison_mode=false,comparison_mode_should_raise_exception=false,comparison_mode_pcc=0.9999,root_report_path=generated/ttnn/reports,report_name=std::nullopt,std::nullopt}
============================= test session starts ==============================
platform linux -- Python 3.12.13, pytest-9.0.3, pluggy-1.6.0 -- /home/mvasiljevic/tt-metal/python_env/bin/python3
cachedir: .pytest_cache
benchmark: 5.2.3 (defaults: timer=time.perf_counter disable_gc=False min_rounds=5 min_time=0.000005 max_time=1.0 calibration_precision=10 warmup=False warmup_iterations=100000)
rootdir: /home/mvasiljevic/tt-metal
configfile: pytest.ini
plugins: github-actions-annotate-failures-0.3.0, anyio-4.14.2, dash-2.15.0, split-0.11.0, timeout-2.4.0, benchmark-5.2.3, cov-7.0.0
timeout: 300.0s
timeout method: signal
timeout func_only: False
collecting ... collected 13 items / 8 deselected / 5 selected

models/autoports/tiiuae_falcon3_7b_base/tests/test_optimized_decoder.py::test_optimized_runtime_is_implementation_owned_and_host_fallback_free PASSED
models/autoports/tiiuae_falcon3_7b_base/tests/test_optimized_decoder.py::test_optimized_bf16_layout_prefill_decode_smoke 2026-07-16 05:07:42.532 | info     |          Device | Opening user mode device driver (tt_cluster.cpp:228)
2026-07-16 05:07:42.532 | info     |             UMD | Cluster constructor started. (cluster.cpp:348)
2026-07-16 05:07:42.532 | info     |             UMD | Creating TopologyDiscovery for architecture: blackhole (topology_discovery.cpp:91)
2026-07-16 05:07:42.532 | info     |             UMD | Starting topology discovery. (topology_discovery.cpp:110)
2026-07-16 05:07:42.535 | info     |             UMD | Established firmware bundle version: 19.8.0 (topology_discovery.cpp:569)
2026-07-16 05:07:42.535 | info     |             UMD | Firmware bundle version 19.8.0 on the system is newer than the latest fully tested version 19.5.0 for blackhole architecture. Newest features may not be supported. (topology_discovery.cpp:601)
2026-07-16 05:07:42.539 | info     |             UMD | Completed topology discovery. (topology_discovery.cpp:114)
2026-07-16 05:07:42.649 | info     |             UMD | Opening local chip ids/PCIe ids: {0, 1}/[2, 3] and remote chip ids {} (cluster.cpp:168)
2026-07-16 05:07:42.649 | info     |             UMD | IOMMU: enabled (cluster.cpp:142)
2026-07-16 05:07:42.649 | info     |             UMD | KMD version: 2.8.0 (cluster.cpp:145)
2026-07-16 05:07:42.649 | info     |             UMD | Cluster constructor completed. (cluster.cpp:520)
2026-07-16 05:07:42.650 | info     |             UMD | Starting devices in cluster (cluster.cpp:1024)
2026-07-16 05:07:42.651 | info     |             UMD | Starting devices in cluster completed. (cluster.cpp:1032)
2026-07-16 05:07:42.730 | DEBUG    | ttnn.device:__init__:152 - Using default dispatch core type for this system: DispatchCoreType.WORKER
2026-07-16 05:07:42.730 | DEBUG    | ttnn.device:__init__:154 - Using default dispatch core axis for this system: DispatchCoreAxis.COL
2026-07-16 05:07:42.730 | info     |     Distributed | Using auto discovery to generate mesh graph. (metal_env.cpp:367)
2026-07-16 05:07:42.731 | info     |     Distributed | Constructing control plane using auto-discovery (no mesh graph descriptor). (metal_env.cpp:429)
2026-07-16 05:07:42.731 | warning  |          Always | Unknown motherboard 'B850M-C' for chip_id=0 (bus_id=0x3) — falling back to bus_id as tray_id. Add this motherboard and its bus IDs to mobo_to_bus_ids in physical_system_discovery.cpp. (physical_system_discovery.cpp:89)
2026-07-16 05:07:42.731 | warning  |          Always | Unknown motherboard 'B850M-C' for chip_id=1 (bus_id=0x4) — falling back to bus_id as tray_id. Add this motherboard and its bus IDs to mobo_to_bus_ids in physical_system_discovery.cpp. (physical_system_discovery.cpp:89)
2026-07-16 05:07:42.731 | warning  |          Always | Unknown motherboard 'B850M-C' for chip_id=0 (bus_id=0x3) — falling back to bus_id as tray_id. Add this motherboard and its bus IDs to mobo_to_bus_ids in physical_system_discovery.cpp. (physical_system_discovery.cpp:89)
2026-07-16 05:07:42.731 | warning  |          Always | Unknown motherboard 'B850M-C' for chip_id=1 (bus_id=0x4) — falling back to bus_id as tray_id. Add this motherboard and its bus IDs to mobo_to_bus_ids in physical_system_discovery.cpp. (physical_system_discovery.cpp:89)
2026-07-16 05:07:42.731 | info     |          Fabric | Logical multi-mesh adjacency: intermesh degree histogram {0:1}; intra-mesh degree histograms mesh0 {1:2} (topology_mapper_utils.cpp:2342)
2026-07-16 05:07:42.731 | info     |          Fabric | Physical multi-mesh adjacency: intermesh degree histogram {0:1}; intra-mesh degree histograms mesh0 {1:2} (topology_mapper_utils.cpp:2350)
2026-07-16 05:07:42.735 | info     |    BuildKernels | Using pre-compiled firmware from: /home/mvasiljevic/tt-metal/tt_metal/pre-compiled/13793420398762238087/ (build_env_manager.cpp:347)
2026-07-16 05:07:42.735 | info     |    BuildKernels | Using pre-compiled firmware from: /home/mvasiljevic/tt-metal/tt_metal/pre-compiled/13793420398762238087/ (build_env_manager.cpp:347)
2026-07-16 05:07:42.752 | warning  |           Metal | Opening subset of mmio devices slows down UMD read/write to remote chips. If opening more devices, consider using CreateDevices API. (device_manager.cpp:261)
2026-07-16 05:07:42.791 | info     |           Metal | ShmResourceTracker: removed orphaned shm '/tt_device_154095681929601_memory' (shm_resource_tracker.cpp:282)
2026-07-16 05:07:43.369 | info     |           Metal | [Real-time profiler] Device 0 sync complete: 100 samples, frequency=1.349994 GHz, device_time_at_sync=1532170822073 cycles (realtime_profiler_manager.cpp:1127)
2026-07-16 05:07:46.842 | INFO     | models.autoports.tiiuae_falcon3_7b_base.tests.test_functional_decoder:_assert_pcc:158 - optimized bf16 prefill seq=17: PCC=0.99880755 target=0.99
2026-07-16 05:07:46.892 | INFO     | models.autoports.tiiuae_falcon3_7b_base.tests.test_functional_decoder:_assert_pcc:158 - optimized bf16 decode position=17: PCC=0.99961181 target=0.99
PASSED
models/autoports/tiiuae_falcon3_7b_base/tests/test_optimized_decoder.py::test_shard_advisor_candidate_prefill_decode_smoke 2026-07-16 05:07:52.476 | INFO     | models.autoports.tiiuae_falcon3_7b_base.tests.test_functional_decoder:_assert_pcc:158 - shard-advisor bfp8 prefill seq=17: PCC=0.99863828 target=0.99
2026-07-16 05:07:52.521 | INFO     | models.autoports.tiiuae_falcon3_7b_base.tests.test_functional_decoder:_assert_pcc:158 - shard-advisor bfp8 decode position=17: PCC=0.99930066 target=0.99
PASSED
models/autoports/tiiuae_falcon3_7b_base/tests/test_optimized_decoder.py::test_selected_decoder_semantics_cache_and_repeated_decode 2026-07-16 05:07:55.687 | INFO     | models.autoports.tiiuae_falcon3_7b_base.tests.test_functional_decoder:_assert_pcc:158 - selected prefill seq=17: PCC=0.99276784 target=0.99
2026-07-16 05:07:56.139 | INFO     | models.autoports.tiiuae_falcon3_7b_base.tests.test_functional_decoder:_assert_pcc:158 - selected prefill seq=31: PCC=0.99247048 target=0.99
2026-07-16 05:07:57.302 | INFO     | models.autoports.tiiuae_falcon3_7b_base.tests.test_functional_decoder:_assert_pcc:158 - selected prefill seq=128: PCC=0.99190377 target=0.99
2026-07-16 05:07:57.465 | INFO     | models.autoports.tiiuae_falcon3_7b_base.tests.test_functional_decoder:_assert_pcc:158 - synthetic prefill key cache: PCC=0.99983862 target=0.99
2026-07-16 05:07:57.471 | INFO     | models.autoports.tiiuae_falcon3_7b_base.tests.test_functional_decoder:_assert_pcc:158 - synthetic prefill value cache: PCC=0.99984311 target=0.99
2026-07-16 05:07:57.478 | INFO     | models.autoports.tiiuae_falcon3_7b_base.tests.test_functional_decoder:_assert_pcc:158 - selected decode query position=17: PCC=0.99989585 target=0.99
2026-07-16 05:07:57.505 | INFO     | models.autoports.tiiuae_falcon3_7b_base.tests.test_functional_decoder:_assert_pcc:158 - selected decode position=17: PCC=0.99241727 target=0.99
2026-07-16 05:07:57.522 | INFO     | models.autoports.tiiuae_falcon3_7b_base.tests.test_functional_decoder:_assert_pcc:158 - synthetic prefill key cache: PCC=0.99984035 target=0.99
2026-07-16 05:07:57.528 | INFO     | models.autoports.tiiuae_falcon3_7b_base.tests.test_functional_decoder:_assert_pcc:158 - synthetic prefill value cache: PCC=0.99984483 target=0.99
2026-07-16 05:07:57.535 | INFO     | models.autoports.tiiuae_falcon3_7b_base.tests.test_functional_decoder:_assert_pcc:158 - selected decode query position=18: PCC=0.99989558 target=0.99
2026-07-16 05:07:57.556 | INFO     | models.autoports.tiiuae_falcon3_7b_base.tests.test_functional_decoder:_assert_pcc:158 - selected decode position=18: PCC=0.99236339 target=0.99
2026-07-16 05:07:57.573 | INFO     | models.autoports.tiiuae_falcon3_7b_base.tests.test_functional_decoder:_assert_pcc:158 - synthetic prefill key cache: PCC=0.99984166 target=0.99
2026-07-16 05:07:57.580 | INFO     | models.autoports.tiiuae_falcon3_7b_base.tests.test_functional_decoder:_assert_pcc:158 - synthetic prefill value cache: PCC=0.99984619 target=0.99
PASSED
models/autoports/tiiuae_falcon3_7b_base/tests/test_optimized_decoder.py::test_selected_decoder_real_layer_prefill_decode 2026-07-16 05:08:00.650 | INFO     | models.autoports.tiiuae_falcon3_7b_base.tests.test_functional_decoder:_assert_pcc:158 - selected real layer 14 prefill: PCC=0.99278423 target=0.99
2026-07-16 05:08:00.671 | INFO     | models.autoports.tiiuae_falcon3_7b_base.tests.test_functional_decoder:_assert_pcc:158 - selected real layer 14 decode: PCC=0.99248206 target=0.99
PASSED

==================================== PASSES ====================================
- generated xml file: /home/mvasiljevic/tt-metal/generated/test_reports/most_recent_tests.xml -
============================== slowest durations ===============================
5.43s call     models/autoports/tiiuae_falcon3_7b_base/tests/test_optimized_decoder.py::test_shard_advisor_candidate_prefill_decode_smoke
4.86s call     models/autoports/tiiuae_falcon3_7b_base/tests/test_optimized_decoder.py::test_selected_decoder_semantics_cache_and_repeated_decode
3.73s call     models/autoports/tiiuae_falcon3_7b_base/tests/test_optimized_decoder.py::test_optimized_bf16_layout_prefill_decode_smoke
2.89s call     models/autoports/tiiuae_falcon3_7b_base/tests/test_optimized_decoder.py::test_selected_decoder_real_layer_prefill_decode
1.03s setup    models/autoports/tiiuae_falcon3_7b_base/tests/test_optimized_decoder.py::test_optimized_bf16_layout_prefill_decode_smoke
0.20s setup    models/autoports/tiiuae_falcon3_7b_base/tests/test_optimized_decoder.py::test_optimized_runtime_is_implementation_owned_and_host_fallback_free
0.20s setup    models/autoports/tiiuae_falcon3_7b_base/tests/test_optimized_decoder.py::test_shard_advisor_candidate_prefill_decode_smoke
0.20s setup    models/autoports/tiiuae_falcon3_7b_base/tests/test_optimized_decoder.py::test_selected_decoder_semantics_cache_and_repeated_decode
0.18s setup    models/autoports/tiiuae_falcon3_7b_base/tests/test_optimized_decoder.py::test_selected_decoder_real_layer_prefill_decode
0.12s teardown models/autoports/tiiuae_falcon3_7b_base/tests/test_optimized_decoder.py::test_selected_decoder_real_layer_prefill_decode
0.00s call     models/autoports/tiiuae_falcon3_7b_base/tests/test_optimized_decoder.py::test_optimized_runtime_is_implementation_owned_and_host_fallback_free
0.00s teardown models/autoports/tiiuae_falcon3_7b_base/tests/test_optimized_decoder.py::test_optimized_bf16_layout_prefill_decode_smoke
0.00s teardown models/autoports/tiiuae_falcon3_7b_base/tests/test_optimized_decoder.py::test_shard_advisor_candidate_prefill_decode_smoke
0.00s teardown models/autoports/tiiuae_falcon3_7b_base/tests/test_optimized_decoder.py::test_selected_decoder_semantics_cache_and_repeated_decode
0.00s teardown models/autoports/tiiuae_falcon3_7b_base/tests/test_optimized_decoder.py::test_optimized_runtime_is_implementation_owned_and_host_fallback_free
=========================== short test summary info ============================
PASSED models/autoports/tiiuae_falcon3_7b_base/tests/test_optimized_decoder.py::test_optimized_runtime_is_implementation_owned_and_host_fallback_free
PASSED models/autoports/tiiuae_falcon3_7b_base/tests/test_optimized_decoder.py::test_optimized_bf16_layout_prefill_decode_smoke
PASSED models/autoports/tiiuae_falcon3_7b_base/tests/test_optimized_decoder.py::test_shard_advisor_candidate_prefill_decode_smoke
PASSED models/autoports/tiiuae_falcon3_7b_base/tests/test_optimized_decoder.py::test_selected_decoder_semantics_cache_and_repeated_decode
PASSED models/autoports/tiiuae_falcon3_7b_base/tests/test_optimized_decoder.py::test_selected_decoder_real_layer_prefill_decode
======================= 5 passed, 8 deselected in 19.51s =======================
nanobind: leaked 2 instances!
 - leaked instance 0x73dc159c5e18 of type "ttnn._ttnn.tensor.CoreRangeSet"
 - leaked instance 0x73dc1524c108 of type "ttnn._ttnn.tensor.MemoryConfig"
nanobind: leaked 20 types!
 - leaked type "ttnn._ttnn.operations.matmul.MatmulMultiCoreReuseMultiCast1DProgramConfig"
 - leaked type "ttnn._ttnn.operations.matmul.MatmulInputs"
 - leaked type "ttnn._ttnn.operations.matmul.MatmulMultiCoreReuseMultiCastBatchedDRAMShardedProgramConfig"
 - leaked type "BufferType"
 - leaked type "UnaryOpType"
 - leaked type "Layout"
 - leaked type "ttnn._ttnn.operations.matmul.MatmulMultiCoreReuseOptimizedProgramFactory"
 - leaked type "Arch"
 - leaked type "ttnn._ttnn.operations.matmul.MatmulParams"
 - leaked type "ttnn._ttnn.tensor.CoreRangeSet"
 - ... skipped remainder
nanobind: leaked 247 functions!
 - leaked function ""
 - leaked function "arch"
 - leaked function ""
 - leaked function "to_json"
 - leaked function ""
 - leaked function ""
 - leaked function ""
 - leaked function ""
 - leaked function ""
 - leaked function "__repr__"
 - ... skipped remainder
nanobind: this is likely caused by a reference counting issue in the binding code.
See https://nanobind.readthedocs.io/en/latest/refleaks.html2026-07-16 05:08:02.669 | info     |    BuildKernels | JIT cache stats: 376/376 hits (100.0%) [376 cached, 342 build-once dedup, 0 merged artifacts, 0 merged genfiles] (build_cache_telemetry.cpp:207)
2026-07-16 05:08:02.669 | info     |    BuildKernels | JIT telemetry: 3 registered TelemetryTokens (build_cache_telemetry.cpp:230)
2026-07-16 05:08:02.678 | info     |          Device | Closing user mode device drivers (tt_cluster.cpp:512)
2026-07-16 05:08:02.678 | info     |             UMD | Closing devices in cluster (cluster.cpp:1037)
2026-07-16 05:08:02.987 | info     |             UMD | Closing devices in cluster completed. (cluster.cpp:1046)
2026-07-16 05:08:02.987 | info     |             UMD | Cluster destructor started. (cluster.cpp:754)
2026-07-16 05:08:02.987 | info     |             UMD | Cluster destructor completed. (cluster.cpp:757)
