2026-07-16 06:02:05.790 | DEBUG    | ttnn:<module>:79 - Initial ttnn.CONFIG:
Config{cache_path=/home/mvasiljevic/.cache/ttnn,model_cache_path=/home/mvasiljevic/.cache/ttnn/models,tmp_dir=/tmp/ttnn,enable_model_cache=false,enable_fast_runtime_mode=true,throw_exception_on_fallback=false,enable_logging=false,enable_graph_report=false,enable_graph_python_stack_traces=false,enable_detailed_buffer_report=false,enable_detailed_tensor_report=false,enable_comparison_mode=false,comparison_mode_should_raise_exception=false,comparison_mode_pcc=0.9999,root_report_path=generated/ttnn/reports,report_name=std::nullopt,std::nullopt}
============================= test session starts ==============================
platform linux -- Python 3.12.13, pytest-9.0.3, pluggy-1.6.0 -- /home/mvasiljevic/tt-metal/python_env/bin/python3
cachedir: .pytest_cache
benchmark: 5.2.3 (defaults: timer=time.perf_counter disable_gc=False min_rounds=5 min_time=0.000005 max_time=1.0 calibration_precision=10 warmup=False warmup_iterations=100000)
rootdir: /home/mvasiljevic/tt-metal
configfile: pytest.ini
plugins: github-actions-annotate-failures-0.3.0, anyio-4.14.2, dash-2.15.0, split-0.11.0, timeout-2.4.0, benchmark-5.2.3, cov-7.0.0
timeout: 300.0s
timeout method: signal
timeout func_only: False
collecting ... collected 14 items

models/autoports/tiiuae_falcon3_7b_base/tests/test_optimized_decoder.py::test_optimized_runtime_is_implementation_owned_and_host_fallback_free PASSED
models/autoports/tiiuae_falcon3_7b_base/tests/test_optimized_decoder.py::test_optimized_bf16_layout_prefill_decode_smoke 2026-07-16 06:02:07.678 | info     |          Device | Opening user mode device driver (tt_cluster.cpp:228)
2026-07-16 06:02:07.678 | info     |             UMD | Cluster constructor started. (cluster.cpp:348)
2026-07-16 06:02:07.679 | info     |             UMD | Creating TopologyDiscovery for architecture: blackhole (topology_discovery.cpp:91)
2026-07-16 06:02:07.679 | info     |             UMD | Starting topology discovery. (topology_discovery.cpp:110)
2026-07-16 06:02:07.682 | info     |             UMD | Established firmware bundle version: 19.8.0 (topology_discovery.cpp:569)
2026-07-16 06:02:07.682 | info     |             UMD | Firmware bundle version 19.8.0 on the system is newer than the latest fully tested version 19.5.0 for blackhole architecture. Newest features may not be supported. (topology_discovery.cpp:601)
2026-07-16 06:02:07.685 | info     |             UMD | Completed topology discovery. (topology_discovery.cpp:114)
2026-07-16 06:02:07.795 | info     |             UMD | Opening local chip ids/PCIe ids: {0, 1}/[2, 3] and remote chip ids {} (cluster.cpp:168)
2026-07-16 06:02:07.795 | info     |             UMD | IOMMU: enabled (cluster.cpp:142)
2026-07-16 06:02:07.795 | info     |             UMD | KMD version: 2.8.0 (cluster.cpp:145)
2026-07-16 06:02:07.795 | info     |             UMD | Cluster constructor completed. (cluster.cpp:520)
2026-07-16 06:02:07.796 | info     |             UMD | Starting devices in cluster (cluster.cpp:1024)
2026-07-16 06:02:07.928 | info     |             UMD | Starting devices in cluster completed. (cluster.cpp:1032)
2026-07-16 06:02:08.005 | DEBUG    | ttnn.device:__init__:152 - Using default dispatch core type for this system: DispatchCoreType.WORKER
2026-07-16 06:02:08.006 | DEBUG    | ttnn.device:__init__:154 - Using default dispatch core axis for this system: DispatchCoreAxis.COL
2026-07-16 06:02:08.006 | info     |     Distributed | Using auto discovery to generate mesh graph. (metal_env.cpp:367)
2026-07-16 06:02:08.006 | info     |     Distributed | Constructing control plane using auto-discovery (no mesh graph descriptor). (metal_env.cpp:429)
2026-07-16 06:02:08.006 | warning  |          Always | Unknown motherboard 'B850M-C' for chip_id=0 (bus_id=0x3) — falling back to bus_id as tray_id. Add this motherboard and its bus IDs to mobo_to_bus_ids in physical_system_discovery.cpp. (physical_system_discovery.cpp:89)
2026-07-16 06:02:08.006 | warning  |          Always | Unknown motherboard 'B850M-C' for chip_id=1 (bus_id=0x4) — falling back to bus_id as tray_id. Add this motherboard and its bus IDs to mobo_to_bus_ids in physical_system_discovery.cpp. (physical_system_discovery.cpp:89)
2026-07-16 06:02:08.006 | warning  |          Always | Unknown motherboard 'B850M-C' for chip_id=0 (bus_id=0x3) — falling back to bus_id as tray_id. Add this motherboard and its bus IDs to mobo_to_bus_ids in physical_system_discovery.cpp. (physical_system_discovery.cpp:89)
2026-07-16 06:02:08.006 | warning  |          Always | Unknown motherboard 'B850M-C' for chip_id=1 (bus_id=0x4) — falling back to bus_id as tray_id. Add this motherboard and its bus IDs to mobo_to_bus_ids in physical_system_discovery.cpp. (physical_system_discovery.cpp:89)
2026-07-16 06:02:08.006 | info     |          Fabric | Logical multi-mesh adjacency: intermesh degree histogram {0:1}; intra-mesh degree histograms mesh0 {1:2} (topology_mapper_utils.cpp:2342)
2026-07-16 06:02:08.006 | info     |          Fabric | Physical multi-mesh adjacency: intermesh degree histogram {0:1}; intra-mesh degree histograms mesh0 {1:2} (topology_mapper_utils.cpp:2350)
2026-07-16 06:02:08.010 | info     |    BuildKernels | Using pre-compiled firmware from: /home/mvasiljevic/tt-metal/tt_metal/pre-compiled/13793420398762238087/ (build_env_manager.cpp:347)
2026-07-16 06:02:08.010 | info     |    BuildKernels | Using pre-compiled firmware from: /home/mvasiljevic/tt-metal/tt_metal/pre-compiled/13793420398762238087/ (build_env_manager.cpp:347)
2026-07-16 06:02:08.024 | warning  |           Metal | Opening subset of mmio devices slows down UMD read/write to remote chips. If opening more devices, consider using CreateDevices API. (device_manager.cpp:261)
2026-07-16 06:02:08.063 | info     |           Metal | ShmResourceTracker: removed orphaned shm '/tt_device_154095681929601_memory' (shm_resource_tracker.cpp:282)
2026-07-16 06:02:08.643 | info     |           Metal | [Real-time profiler] Device 0 sync complete: 100 samples, frequency=1.349989 GHz, device_time_at_sync=2139914610964 cycles (realtime_profiler_manager.cpp:1127)
2026-07-16 06:02:12.447 | INFO     | models.autoports.tiiuae_falcon3_7b_base.tests.test_functional_decoder:_assert_pcc:158 - optimized bf16 prefill seq=17: PCC=0.99880755 target=0.99
2026-07-16 06:02:12.499 | INFO     | models.autoports.tiiuae_falcon3_7b_base.tests.test_functional_decoder:_assert_pcc:158 - optimized bf16 decode position=17: PCC=0.99957399 target=0.99
PASSED
models/autoports/tiiuae_falcon3_7b_base/tests/test_optimized_decoder.py::test_shard_advisor_candidate_prefill_decode_smoke 2026-07-16 06:02:18.038 | INFO     | models.autoports.tiiuae_falcon3_7b_base.tests.test_functional_decoder:_assert_pcc:158 - shard-advisor bfp8 prefill seq=17: PCC=0.99863828 target=0.99
2026-07-16 06:02:18.083 | INFO     | models.autoports.tiiuae_falcon3_7b_base.tests.test_functional_decoder:_assert_pcc:158 - shard-advisor bfp8 decode position=17: PCC=0.99930066 target=0.99
PASSED
models/autoports/tiiuae_falcon3_7b_base/tests/test_optimized_decoder.py::test_selected_decoder_semantics_cache_and_repeated_decode 2026-07-16 06:02:23.382 | INFO     | models.autoports.tiiuae_falcon3_7b_base.tests.test_functional_decoder:_assert_pcc:158 - selected recorded prefill seq=17: PCC=0.99998189 target=0.99
2026-07-16 06:02:23.791 | INFO     | models.autoports.tiiuae_falcon3_7b_base.tests.test_functional_decoder:_assert_pcc:158 - selected recorded prefill seq=31: PCC=0.99993461 target=0.99
2026-07-16 06:02:24.791 | INFO     | models.autoports.tiiuae_falcon3_7b_base.tests.test_functional_decoder:_assert_pcc:158 - selected recorded prefill seq=128: PCC=0.99980626 target=0.99
2026-07-16 06:02:25.005 | INFO     | models.autoports.tiiuae_falcon3_7b_base.tests.test_functional_decoder:_assert_pcc:158 - recorded layer-14 key cache: PCC=0.99677528 target=0.99
2026-07-16 06:02:25.017 | INFO     | models.autoports.tiiuae_falcon3_7b_base.tests.test_functional_decoder:_assert_pcc:158 - recorded layer-14 value cache: PCC=0.99555507 target=0.99
2026-07-16 06:02:25.027 | INFO     | models.autoports.tiiuae_falcon3_7b_base.tests.test_functional_decoder:_assert_pcc:158 - selected recorded decode query position=31: PCC=0.99733524 target=0.99
2026-07-16 06:02:25.058 | INFO     | models.autoports.tiiuae_falcon3_7b_base.tests.test_functional_decoder:_assert_pcc:158 - selected recorded decode position=31: PCC=0.99916996 target=0.99
2026-07-16 06:02:25.080 | INFO     | models.autoports.tiiuae_falcon3_7b_base.tests.test_functional_decoder:_assert_pcc:158 - recorded layer-14 key cache: PCC=0.99677183 target=0.99
2026-07-16 06:02:25.092 | INFO     | models.autoports.tiiuae_falcon3_7b_base.tests.test_functional_decoder:_assert_pcc:158 - recorded layer-14 value cache: PCC=0.99557519 target=0.99
2026-07-16 06:02:25.098 | INFO     | models.autoports.tiiuae_falcon3_7b_base.tests.test_functional_decoder:_assert_pcc:158 - selected recorded decode query position=32: PCC=0.99741886 target=0.99
2026-07-16 06:02:25.119 | INFO     | models.autoports.tiiuae_falcon3_7b_base.tests.test_functional_decoder:_assert_pcc:158 - selected recorded decode position=32: PCC=0.99905190 target=0.99
2026-07-16 06:02:25.142 | INFO     | models.autoports.tiiuae_falcon3_7b_base.tests.test_functional_decoder:_assert_pcc:158 - recorded layer-14 key cache: PCC=0.99678000 target=0.99
2026-07-16 06:02:25.154 | INFO     | models.autoports.tiiuae_falcon3_7b_base.tests.test_functional_decoder:_assert_pcc:158 - recorded layer-14 value cache: PCC=0.99555947 target=0.99
PASSED
models/autoports/tiiuae_falcon3_7b_base/tests/test_optimized_decoder.py::test_selected_decoder_real_layer_prefill_decode 2026-07-16 06:02:30.378 | INFO     | models.autoports.tiiuae_falcon3_7b_base.tests.test_functional_decoder:_assert_pcc:158 - selected real layer 14 prefill: PCC=0.99998189 target=0.99
2026-07-16 06:02:30.403 | INFO     | models.autoports.tiiuae_falcon3_7b_base.tests.test_functional_decoder:_assert_pcc:158 - selected real layer 14 decode: PCC=0.99999839 target=0.99
PASSED
models/autoports/tiiuae_falcon3_7b_base/tests/test_optimized_decoder.py::test_warmed_prefill_and_traced_decode_candidates[device_params0] SKIPPED
models/autoports/tiiuae_falcon3_7b_base/tests/test_optimized_decoder.py::test_batch1_traced_decode_candidates[device_params0] SKIPPED
models/autoports/tiiuae_falcon3_7b_base/tests/test_optimized_decoder.py::test_recorded_seq31_precision_frontier[device_params0] SKIPPED
models/autoports/tiiuae_falcon3_7b_base/tests/test_optimized_decoder.py::test_decode_candidate_sweep[device_params0] SKIPPED
models/autoports/tiiuae_falcon3_7b_base/tests/test_optimized_decoder.py::test_dram_bfp4_weight_materialization SKIPPED
models/autoports/tiiuae_falcon3_7b_base/tests/test_optimized_decoder.py::test_dram_bfp4_matmul_localization SKIPPED
models/autoports/tiiuae_falcon3_7b_base/tests/test_optimized_decoder.py::test_dram_bfp4_stage_localization SKIPPED
models/autoports/tiiuae_falcon3_7b_base/tests/test_optimized_decoder.py::test_dram_bfp4_prefill_stage_localization SKIPPED
models/autoports/tiiuae_falcon3_7b_base/tests/test_optimized_decoder.py::test_profile_selected_decoder[device_params0] SKIPPED

==================================== PASSES ====================================
- generated xml file: /home/mvasiljevic/tt-metal/generated/test_reports/most_recent_tests.xml -
============================== slowest durations ===============================
6.91s call     models/autoports/tiiuae_falcon3_7b_base/tests/test_optimized_decoder.py::test_selected_decoder_semantics_cache_and_repeated_decode
5.39s call     models/autoports/tiiuae_falcon3_7b_base/tests/test_optimized_decoder.py::test_shard_advisor_candidate_prefill_decode_smoke
5.02s call     models/autoports/tiiuae_falcon3_7b_base/tests/test_optimized_decoder.py::test_selected_decoder_real_layer_prefill_decode
4.05s call     models/autoports/tiiuae_falcon3_7b_base/tests/test_optimized_decoder.py::test_optimized_bf16_layout_prefill_decode_smoke
1.16s setup    models/autoports/tiiuae_falcon3_7b_base/tests/test_optimized_decoder.py::test_optimized_bf16_layout_prefill_decode_smoke
0.21s setup    models/autoports/tiiuae_falcon3_7b_base/tests/test_optimized_decoder.py::test_selected_decoder_real_layer_prefill_decode
0.20s setup    models/autoports/tiiuae_falcon3_7b_base/tests/test_optimized_decoder.py::test_optimized_runtime_is_implementation_owned_and_host_fallback_free
0.19s setup    models/autoports/tiiuae_falcon3_7b_base/tests/test_optimized_decoder.py::test_selected_decoder_semantics_cache_and_repeated_decode
0.19s setup    models/autoports/tiiuae_falcon3_7b_base/tests/test_optimized_decoder.py::test_shard_advisor_candidate_prefill_decode_smoke
0.14s teardown models/autoports/tiiuae_falcon3_7b_base/tests/test_optimized_decoder.py::test_profile_selected_decoder[device_params0]

(23 durations < 0.005s hidden.  Use -vv to show these durations.)
=========================== short test summary info ============================
PASSED models/autoports/tiiuae_falcon3_7b_base/tests/test_optimized_decoder.py::test_optimized_runtime_is_implementation_owned_and_host_fallback_free
PASSED models/autoports/tiiuae_falcon3_7b_base/tests/test_optimized_decoder.py::test_optimized_bf16_layout_prefill_decode_smoke
PASSED models/autoports/tiiuae_falcon3_7b_base/tests/test_optimized_decoder.py::test_shard_advisor_candidate_prefill_decode_smoke
PASSED models/autoports/tiiuae_falcon3_7b_base/tests/test_optimized_decoder.py::test_selected_decoder_semantics_cache_and_repeated_decode
PASSED models/autoports/tiiuae_falcon3_7b_base/tests/test_optimized_decoder.py::test_selected_decoder_real_layer_prefill_decode
SKIPPED [1] models/autoports/tiiuae_falcon3_7b_base/tests/test_optimized_decoder.py:477: manual final performance gate
SKIPPED [1] models/autoports/tiiuae_falcon3_7b_base/tests/test_optimized_decoder.py:588: manual final performance gate
SKIPPED [1] models/autoports/tiiuae_falcon3_7b_base/tests/test_optimized_decoder.py:683: manual recorded precision frontier
SKIPPED [1] models/autoports/tiiuae_falcon3_7b_base/tests/test_optimized_decoder.py:826: manual optimization sweep
SKIPPED [1] models/autoports/tiiuae_falcon3_7b_base/tests/test_optimized_decoder.py:1036: manual AutoFix diagnostic
SKIPPED [1] models/autoports/tiiuae_falcon3_7b_base/tests/test_optimized_decoder.py:1091: manual AutoFix diagnostic
SKIPPED [1] models/autoports/tiiuae_falcon3_7b_base/tests/test_optimized_decoder.py:1206: manual AutoFix diagnostic
SKIPPED [1] models/autoports/tiiuae_falcon3_7b_base/tests/test_optimized_decoder.py:1283: manual AutoFix diagnostic
SKIPPED [1] models/autoports/tiiuae_falcon3_7b_base/tests/test_optimized_decoder.py:1374: manual Tracy profile
======================== 5 passed, 9 skipped in 24.31s =========================
nanobind: leaked 2 instances!
 - leaked instance 0x746ae9ee9e18 of type "ttnn._ttnn.tensor.CoreRangeSet"
 - leaked instance 0x746ae9954108 of type "ttnn._ttnn.tensor.MemoryConfig"
nanobind: leaked 20 types!
 - leaked type "ttnn._ttnn.operations.matmul.MatmulMultiCoreReuseMultiCast1DProgramConfig"
 - leaked type "ttnn._ttnn.operations.matmul.MatmulInputs"
 - leaked type "ttnn._ttnn.operations.matmul.MatmulMultiCoreReuseMultiCastBatchedDRAMShardedProgramConfig"
 - leaked type "BufferType"
 - leaked type "UnaryOpType"
 - leaked type "Layout"
 - leaked type "ttnn._ttnn.operations.matmul.MatmulMultiCoreReuseOptimizedProgramFactory"
 - leaked type "Arch"
 - leaked type "ttnn._ttnn.operations.matmul.MatmulParams"
 - leaked type "ttnn._ttnn.tensor.CoreRangeSet"
 - ... skipped remainder
nanobind: leaked 247 functions!
 - leaked function ""
 - leaked function ""
 - leaked function "from_json"
 - leaked function "sfpu_eps"
 - leaked function "__init__"
 - leaked function "to_json"
 - leaked function "__repr__"
 - leaked function "get_submeshes"
 - leaked function "buffer_num_pages"
 - leaked function "from_json"
 - ... skipped remainder
nanobind: this is likely caused by a reference counting issue in the binding code.
See https://nanobind.readthedocs.io/en/latest/refleaks.html2026-07-16 06:02:32.365 | info     |    BuildKernels | JIT cache stats: 381/381 hits (100.0%) [381 cached, 366 build-once dedup, 0 merged artifacts, 0 merged genfiles] (build_cache_telemetry.cpp:207)
2026-07-16 06:02:32.365 | info     |    BuildKernels | JIT telemetry: 3 registered TelemetryTokens (build_cache_telemetry.cpp:230)
2026-07-16 06:02:32.374 | info     |          Device | Closing user mode device drivers (tt_cluster.cpp:512)
2026-07-16 06:02:32.374 | info     |             UMD | Closing devices in cluster (cluster.cpp:1037)
2026-07-16 06:02:32.573 | info     |             UMD | Closing devices in cluster completed. (cluster.cpp:1046)
2026-07-16 06:02:32.573 | info     |             UMD | Cluster destructor started. (cluster.cpp:754)
2026-07-16 06:02:32.573 | info     |             UMD | Cluster destructor completed. (cluster.cpp:757)
