2026-07-16 05:21:01.300 | DEBUG    | ttnn:<module>:79 - Initial ttnn.CONFIG:
Config{cache_path=/home/mvasiljevic/.cache/ttnn,model_cache_path=/home/mvasiljevic/.cache/ttnn/models,tmp_dir=/tmp/ttnn,enable_model_cache=false,enable_fast_runtime_mode=true,throw_exception_on_fallback=false,enable_logging=false,enable_graph_report=false,enable_graph_python_stack_traces=false,enable_detailed_buffer_report=false,enable_detailed_tensor_report=false,enable_comparison_mode=false,comparison_mode_should_raise_exception=false,comparison_mode_pcc=0.9999,root_report_path=generated/ttnn/reports,report_name=std::nullopt,std::nullopt}
============================= test session starts ==============================
platform linux -- Python 3.12.13, pytest-9.0.3, pluggy-1.6.0 -- /home/mvasiljevic/tt-metal/python_env/bin/python3
cachedir: .pytest_cache
benchmark: 5.2.3 (defaults: timer=time.perf_counter disable_gc=False min_rounds=5 min_time=0.000005 max_time=1.0 calibration_precision=10 warmup=False warmup_iterations=100000)
rootdir: /home/mvasiljevic/tt-metal
configfile: pytest.ini
plugins: github-actions-annotate-failures-0.3.0, anyio-4.14.2, dash-2.15.0, split-0.11.0, timeout-2.4.0, benchmark-5.2.3, cov-7.0.0
timeout: 300.0s
timeout method: signal
timeout func_only: False
collecting ... collected 1 item

models/autoports/tiiuae_falcon3_7b_base/tests/test_optimized_decoder.py::test_selected_decoder_semantics_cache_and_repeated_decode 2026-07-16 05:21:02.815 | info     |          Device | Opening user mode device driver (tt_cluster.cpp:228)
2026-07-16 05:21:02.815 | info     |             UMD | Cluster constructor started. (cluster.cpp:348)
2026-07-16 05:21:02.815 | info     |             UMD | Creating TopologyDiscovery for architecture: blackhole (topology_discovery.cpp:91)
2026-07-16 05:21:02.815 | info     |             UMD | Starting topology discovery. (topology_discovery.cpp:110)
2026-07-16 05:21:02.818 | info     |             UMD | Established firmware bundle version: 19.8.0 (topology_discovery.cpp:569)
2026-07-16 05:21:02.818 | info     |             UMD | Firmware bundle version 19.8.0 on the system is newer than the latest fully tested version 19.5.0 for blackhole architecture. Newest features may not be supported. (topology_discovery.cpp:601)
2026-07-16 05:21:02.822 | info     |             UMD | Completed topology discovery. (topology_discovery.cpp:114)
2026-07-16 05:21:02.932 | info     |             UMD | Opening local chip ids/PCIe ids: {0, 1}/[2, 3] and remote chip ids {} (cluster.cpp:168)
2026-07-16 05:21:02.932 | info     |             UMD | IOMMU: enabled (cluster.cpp:142)
2026-07-16 05:21:02.933 | info     |             UMD | KMD version: 2.8.0 (cluster.cpp:145)
2026-07-16 05:21:02.933 | info     |             UMD | Cluster constructor completed. (cluster.cpp:520)
2026-07-16 05:21:02.934 | info     |             UMD | Starting devices in cluster (cluster.cpp:1024)
2026-07-16 05:21:03.043 | info     |             UMD | Starting devices in cluster completed. (cluster.cpp:1032)
2026-07-16 05:21:03.121 | DEBUG    | ttnn.device:__init__:152 - Using default dispatch core type for this system: DispatchCoreType.WORKER
2026-07-16 05:21:03.121 | DEBUG    | ttnn.device:__init__:154 - Using default dispatch core axis for this system: DispatchCoreAxis.COL
2026-07-16 05:21:03.121 | info     |     Distributed | Using auto discovery to generate mesh graph. (metal_env.cpp:367)
2026-07-16 05:21:03.121 | info     |     Distributed | Constructing control plane using auto-discovery (no mesh graph descriptor). (metal_env.cpp:429)
2026-07-16 05:21:03.122 | warning  |          Always | Unknown motherboard 'B850M-C' for chip_id=0 (bus_id=0x3) — falling back to bus_id as tray_id. Add this motherboard and its bus IDs to mobo_to_bus_ids in physical_system_discovery.cpp. (physical_system_discovery.cpp:89)
2026-07-16 05:21:03.122 | warning  |          Always | Unknown motherboard 'B850M-C' for chip_id=1 (bus_id=0x4) — falling back to bus_id as tray_id. Add this motherboard and its bus IDs to mobo_to_bus_ids in physical_system_discovery.cpp. (physical_system_discovery.cpp:89)
2026-07-16 05:21:03.122 | warning  |          Always | Unknown motherboard 'B850M-C' for chip_id=0 (bus_id=0x3) — falling back to bus_id as tray_id. Add this motherboard and its bus IDs to mobo_to_bus_ids in physical_system_discovery.cpp. (physical_system_discovery.cpp:89)
2026-07-16 05:21:03.122 | warning  |          Always | Unknown motherboard 'B850M-C' for chip_id=1 (bus_id=0x4) — falling back to bus_id as tray_id. Add this motherboard and its bus IDs to mobo_to_bus_ids in physical_system_discovery.cpp. (physical_system_discovery.cpp:89)
2026-07-16 05:21:03.122 | info     |          Fabric | Logical multi-mesh adjacency: intermesh degree histogram {0:1}; intra-mesh degree histograms mesh0 {1:2} (topology_mapper_utils.cpp:2342)
2026-07-16 05:21:03.122 | info     |          Fabric | Physical multi-mesh adjacency: intermesh degree histogram {0:1}; intra-mesh degree histograms mesh0 {1:2} (topology_mapper_utils.cpp:2350)
2026-07-16 05:21:03.125 | info     |    BuildKernels | Using pre-compiled firmware from: /home/mvasiljevic/tt-metal/tt_metal/pre-compiled/13793420398762238087/ (build_env_manager.cpp:347)
2026-07-16 05:21:03.125 | info     |    BuildKernels | Using pre-compiled firmware from: /home/mvasiljevic/tt-metal/tt_metal/pre-compiled/13793420398762238087/ (build_env_manager.cpp:347)
2026-07-16 05:21:03.140 | warning  |           Metal | Opening subset of mmio devices slows down UMD read/write to remote chips. If opening more devices, consider using CreateDevices API. (device_manager.cpp:261)
2026-07-16 05:21:03.180 | info     |           Metal | ShmResourceTracker: removed orphaned shm '/tt_device_154095681929601_memory' (shm_resource_tracker.cpp:282)
2026-07-16 05:21:03.757 | info     |           Metal | [Real-time profiler] Device 0 sync complete: 100 samples, frequency=1.349988 GHz, device_time_at_sync=1779860670275 cycles (realtime_profiler_manager.cpp:1127)
2026-07-16 05:21:06.634 | INFO     | models.autoports.tiiuae_falcon3_7b_base.tests.test_functional_decoder:_assert_pcc:158 - selected prefill seq=17: PCC=0.99276784 target=0.99
2026-07-16 05:21:07.083 | INFO     | models.autoports.tiiuae_falcon3_7b_base.tests.test_functional_decoder:_assert_pcc:158 - selected prefill seq=31: PCC=0.99247048 target=0.99
2026-07-16 05:21:08.270 | INFO     | models.autoports.tiiuae_falcon3_7b_base.tests.test_functional_decoder:_assert_pcc:158 - selected prefill seq=128: PCC=0.99190377 target=0.99
2026-07-16 05:21:08.430 | INFO     | models.autoports.tiiuae_falcon3_7b_base.tests.test_functional_decoder:_assert_pcc:158 - synthetic prefill key cache: PCC=0.99983862 target=0.99
2026-07-16 05:21:08.436 | INFO     | models.autoports.tiiuae_falcon3_7b_base.tests.test_functional_decoder:_assert_pcc:158 - synthetic prefill value cache: PCC=0.99984311 target=0.99
2026-07-16 05:21:08.459 | INFO     | models.autoports.tiiuae_falcon3_7b_base.tests.test_functional_decoder:_assert_pcc:158 - selected decode query position=17: PCC=0.99989585 target=0.99
2026-07-16 05:21:08.500 | INFO     | models.autoports.tiiuae_falcon3_7b_base.tests.test_functional_decoder:_assert_pcc:158 - selected decode position=17: PCC=0.99241727 target=0.99
2026-07-16 05:21:08.518 | INFO     | models.autoports.tiiuae_falcon3_7b_base.tests.test_functional_decoder:_assert_pcc:158 - synthetic prefill key cache: PCC=0.99984035 target=0.99
2026-07-16 05:21:08.524 | INFO     | models.autoports.tiiuae_falcon3_7b_base.tests.test_functional_decoder:_assert_pcc:158 - synthetic prefill value cache: PCC=0.99984483 target=0.99
2026-07-16 05:21:08.531 | INFO     | models.autoports.tiiuae_falcon3_7b_base.tests.test_functional_decoder:_assert_pcc:158 - selected decode query position=18: PCC=0.99989558 target=0.99
2026-07-16 05:21:08.554 | INFO     | models.autoports.tiiuae_falcon3_7b_base.tests.test_functional_decoder:_assert_pcc:158 - selected decode position=18: PCC=0.99236339 target=0.99
2026-07-16 05:21:08.572 | INFO     | models.autoports.tiiuae_falcon3_7b_base.tests.test_functional_decoder:_assert_pcc:158 - synthetic prefill key cache: PCC=0.99984166 target=0.99
2026-07-16 05:21:08.579 | INFO     | models.autoports.tiiuae_falcon3_7b_base.tests.test_functional_decoder:_assert_pcc:158 - synthetic prefill value cache: PCC=0.99984619 target=0.99
PASSED

==================================== PASSES ====================================
- generated xml file: /home/mvasiljevic/tt-metal/generated/test_reports/most_recent_tests.xml -
============================== slowest durations ===============================
5.05s call     models/autoports/tiiuae_falcon3_7b_base/tests/test_optimized_decoder.py::test_selected_decoder_semantics_cache_and_repeated_decode
1.15s setup    models/autoports/tiiuae_falcon3_7b_base/tests/test_optimized_decoder.py::test_selected_decoder_semantics_cache_and_repeated_decode
0.13s teardown models/autoports/tiiuae_falcon3_7b_base/tests/test_optimized_decoder.py::test_selected_decoder_semantics_cache_and_repeated_decode
=========================== short test summary info ============================
PASSED models/autoports/tiiuae_falcon3_7b_base/tests/test_optimized_decoder.py::test_selected_decoder_semantics_cache_and_repeated_decode
============================== 1 passed in 6.99s ===============================
nanobind: leaked 2 instances!
 - leaked instance 0x7f9e5ea28108 of type "ttnn._ttnn.tensor.MemoryConfig"
 - leaked instance 0x7f9e5f1a1f08 of type "ttnn._ttnn.tensor.CoreRangeSet"
nanobind: leaked 20 types!
 - leaked type "ttnn._ttnn.operations.matmul.MatmulMultiCoreReuseMultiCast1DProgramConfig"
 - leaked type "ttnn._ttnn.operations.matmul.MatmulInputs"
 - leaked type "ttnn._ttnn.operations.matmul.MatmulMultiCoreReuseMultiCastBatchedDRAMShardedProgramConfig"
 - leaked type "BufferType"
 - leaked type "UnaryOpType"
 - leaked type "Layout"
 - leaked type "ttnn._ttnn.operations.matmul.MatmulMultiCoreReuseOptimizedProgramFactory"
 - leaked type "Arch"
 - leaked type "ttnn._ttnn.operations.matmul.MatmulParams"
 - leaked type "ttnn._ttnn.tensor.CoreRangeSet"
 - ... skipped remainder
nanobind: leaked 247 functions!
 - leaked function "unpad_from_tile"
 - leaked function ""
 - leaked function ""
 - leaked function ""
 - leaked function ""
 - leaked function "devices"
 - leaked function "disable_and_clear_program_cache"
 - leaked function "to_list"
 - leaked function "__init__"
 - leaked function "get_layout"
 - ... skipped remainder
nanobind: this is likely caused by a reference counting issue in the binding code.
See https://nanobind.readthedocs.io/en/latest/refleaks.html2026-07-16 05:21:10.712 | info     |    BuildKernels | JIT cache stats: 264/264 hits (100.0%) [264 cached, 284 build-once dedup, 0 merged artifacts, 0 merged genfiles] (build_cache_telemetry.cpp:207)
2026-07-16 05:21:10.712 | info     |    BuildKernels | JIT telemetry: 3 registered TelemetryTokens (build_cache_telemetry.cpp:230)
2026-07-16 05:21:10.721 | info     |          Device | Closing user mode device drivers (tt_cluster.cpp:512)
2026-07-16 05:21:10.721 | info     |             UMD | Closing devices in cluster (cluster.cpp:1037)
2026-07-16 05:21:10.978 | info     |             UMD | Closing devices in cluster completed. (cluster.cpp:1046)
2026-07-16 05:21:10.978 | info     |             UMD | Cluster destructor started. (cluster.cpp:754)
2026-07-16 05:21:10.978 | info     |             UMD | Cluster destructor completed. (cluster.cpp:757)
