2026-07-16 06:00:37.906 | INFO     | __main__:main:189 - Setting profiler artifacts folder to models/autoports/tiiuae_falcon3_7b_base/doc/optimized_decoder/tracy/dense_layer
2026-07-16 06:00:37.907 | INFO     | __main__:main:395 - Using port 8086
2026-07-16 06:00:37.907 | INFO     | tracy:run_report_setup:91 - Verifying tracy profiling tools
2026-07-16 06:00:37.920 | INFO     | tracy:run_report_setup:112 - Capture command: ('/home/mvasiljevic/tt-metal/build/tools/profiler/bin/tracy-capture -o models/autoports/tiiuae_falcon3_7b_base/doc/optimized_decoder/tracy/dense_layer/.logs/tracy_profile_log_host.tracy -f -p 8086',)
Connecting to 127.0.0.1:8086...2026-07-16 06:00:37.925 | INFO     | __main__:main:413 - Test process started
2026-07-16 06:00:38.619 | INFO     | __main__:main:189 - Setting profiler artifacts folder to models/autoports/tiiuae_falcon3_7b_base/doc/optimized_decoder/tracy/dense_layer
2026-07-16 06:00:38.849 | DEBUG    | ttnn:<module>:79 - Initial ttnn.CONFIG:
Config{cache_path=/home/mvasiljevic/.cache/ttnn,model_cache_path=/home/mvasiljevic/.cache/ttnn/models,tmp_dir=/tmp/ttnn,enable_model_cache=false,enable_fast_runtime_mode=true,throw_exception_on_fallback=false,enable_logging=false,enable_graph_report=false,enable_graph_python_stack_traces=false,enable_detailed_buffer_report=false,enable_detailed_tensor_report=false,enable_comparison_mode=false,comparison_mode_should_raise_exception=false,comparison_mode_pcc=0.9999,root_report_path=generated/ttnn/reports,report_name=std::nullopt,std::nullopt}
============================= test session starts ==============================
platform linux -- Python 3.12.13, pytest-9.0.3, pluggy-1.6.0 -- /home/mvasiljevic/tt-metal/python_env/bin/python
cachedir: .pytest_cache
benchmark: 5.2.3 (defaults: timer=time.perf_counter disable_gc=False min_rounds=5 min_time=0.000005 max_time=1.0 calibration_precision=10 warmup=False warmup_iterations=100000)
rootdir: /home/mvasiljevic/tt-metal
configfile: pytest.ini
plugins: github-actions-annotate-failures-0.3.0, anyio-4.14.2, dash-2.15.0, split-0.11.0, timeout-2.4.0, benchmark-5.2.3, cov-7.0.0
timeout: 300.0s
timeout method: signal
timeout func_only: False
collecting ... collected 1 item

models/autoports/tiiuae_falcon3_7b_base/tests/test_optimized_decoder.py::test_profile_selected_decoder[device_params0] 2026-07-16 06:00:41.150 | info     |          Device | Opening user mode device driver (tt_cluster.cpp:228)
2026-07-16 06:00:41.150 | info     |             UMD | Cluster constructor started. (cluster.cpp:348)
2026-07-16 06:00:41.150 | info     |             UMD | Creating TopologyDiscovery for architecture: blackhole (topology_discovery.cpp:91)
2026-07-16 06:00:41.150 | info     |             UMD | Starting topology discovery. (topology_discovery.cpp:110)
2026-07-16 06:00:41.153 | info     |             UMD | Established firmware bundle version: 19.8.0 (topology_discovery.cpp:569)
2026-07-16 06:00:41.153 | info     |             UMD | Firmware bundle version 19.8.0 on the system is newer than the latest fully tested version 19.5.0 for blackhole architecture. Newest features may not be supported. (topology_discovery.cpp:601)
2026-07-16 06:00:41.156 | info     |             UMD | Completed topology discovery. (topology_discovery.cpp:114)
2026-07-16 06:00:41.267 | info     |             UMD | Opening local chip ids/PCIe ids: {0, 1}/[2, 3] and remote chip ids {} (cluster.cpp:168)
2026-07-16 06:00:41.267 | info     |             UMD | IOMMU: enabled (cluster.cpp:142)
2026-07-16 06:00:41.267 | info     |             UMD | KMD version: 2.8.0 (cluster.cpp:145)
2026-07-16 06:00:41.267 | info     |             UMD | Cluster constructor completed. (cluster.cpp:520)
2026-07-16 06:00:41.268 | info     |             UMD | Starting devices in cluster (cluster.cpp:1024)
2026-07-16 06:00:41.318 | info     |             UMD | Starting devices in cluster completed. (cluster.cpp:1032)
2026-07-16 06:00:41.395 | DEBUG    | ttnn.device:__init__:152 - Using default dispatch core type for this system: DispatchCoreType.WORKER
2026-07-16 06:00:41.395 | DEBUG    | ttnn.device:__init__:154 - Using default dispatch core axis for this system: DispatchCoreAxis.COL
2026-07-16 06:00:41.395 | info     |     Distributed | Using auto discovery to generate mesh graph. (metal_env.cpp:367)
2026-07-16 06:00:41.395 | info     |     Distributed | Constructing control plane using auto-discovery (no mesh graph descriptor). (metal_env.cpp:429)
2026-07-16 06:00:41.395 | warning  |          Always | Unknown motherboard 'B850M-C' for chip_id=0 (bus_id=0x3) — falling back to bus_id as tray_id. Add this motherboard and its bus IDs to mobo_to_bus_ids in physical_system_discovery.cpp. (physical_system_discovery.cpp:89)
2026-07-16 06:00:41.395 | warning  |          Always | Unknown motherboard 'B850M-C' for chip_id=1 (bus_id=0x4) — falling back to bus_id as tray_id. Add this motherboard and its bus IDs to mobo_to_bus_ids in physical_system_discovery.cpp. (physical_system_discovery.cpp:89)
2026-07-16 06:00:41.395 | warning  |          Always | Unknown motherboard 'B850M-C' for chip_id=0 (bus_id=0x3) — falling back to bus_id as tray_id. Add this motherboard and its bus IDs to mobo_to_bus_ids in physical_system_discovery.cpp. (physical_system_discovery.cpp:89)
2026-07-16 06:00:41.395 | warning  |          Always | Unknown motherboard 'B850M-C' for chip_id=1 (bus_id=0x4) — falling back to bus_id as tray_id. Add this motherboard and its bus IDs to mobo_to_bus_ids in physical_system_discovery.cpp. (physical_system_discovery.cpp:89)
2026-07-16 06:00:41.395 | info     |          Fabric | Logical multi-mesh adjacency: intermesh degree histogram {0:1}; intra-mesh degree histograms mesh0 {1:2} (topology_mapper_utils.cpp:2342)
2026-07-16 06:00:41.395 | info     |          Fabric | Physical multi-mesh adjacency: intermesh degree histogram {0:1}; intra-mesh degree histograms mesh0 {1:2} (topology_mapper_utils.cpp:2350)
2026-07-16 06:00:41.420 | warning  |           Metal | Opening subset of mmio devices slows down UMD read/write to remote chips. If opening more devices, consider using CreateDevices API. (device_manager.cpp:261)
2026-07-16 06:00:41.427 | info     |           Metal | Profiler started on device 0 (profiler_initializer.cpp:49)
2026-07-16 06:00:41.469 | info     |           Metal | ShmResourceTracker: removed orphaned shm '/tt_device_154095681929601_memory' (shm_resource_tracker.cpp:282)
2026-07-16 06:00:42.048 | info     |           Metal | [Real-time profiler] Device 0 sync complete: 100 samples, frequency=1.349988 GHz, device_time_at_sync=2128021111741 cycles (realtime_profiler_manager.cpp:1127)
2026-07-16 06:00:47.032 | INFO     | tracy:signpost:49 - PERF_PREFILL
2026-07-16 06:00:47.040 | INFO     | tracy:signpost:49 - PERF_PREFILL_END
2026-07-16 06:00:47.176 | INFO     | tracy:signpost:49 - PERF_DECODE
2026-07-16 06:00:47.179 | INFO     | tracy:signpost:49 - PERF_DECODE_END
PASSED2026-07-16 06:00:47.769 | info     |           Metal | Device kernel duration perf summary (device=0): count=1028, min=532ns, avg=13376.5ns, max=336591ns (profiler_analysis.cpp:675)
2026-07-16 06:00:47.769 | info     |           Metal | Device kernel duration perf histogram (device=0): (buckets=10, bucket_size=33700ns, range=[0..337000), underflow(<0ns)=0, overflow(>=337000ns)=0) (profiler_analysis.cpp:718)
2026-07-16 06:00:47.769 | info     |           Metal |   [           0 ..        33700) |########################################|      940 (profiler_analysis.cpp:723)
2026-07-16 06:00:47.769 | info     |           Metal |   [       33700 ..        67400) |#                                       |       32 (profiler_analysis.cpp:723)
2026-07-16 06:00:47.769 | info     |           Metal |   [       67400 ..       101100) |#                                       |       16 (profiler_analysis.cpp:723)
2026-07-16 06:00:47.769 | info     |           Metal |   [      101100 ..       134800) |#                                       |       12 (profiler_analysis.cpp:723)
2026-07-16 06:00:47.769 | info     |           Metal |   [      134800 ..       168500) |                                        |        8 (profiler_analysis.cpp:723)
2026-07-16 06:00:47.769 | info     |           Metal |   [      168500 ..       202200) |                                        |        8 (profiler_analysis.cpp:723)
2026-07-16 06:00:47.769 | info     |           Metal |   [      202200 ..       235900) |                                        |        0 (profiler_analysis.cpp:723)
2026-07-16 06:00:47.769 | info     |           Metal |   [      235900 ..       269600) |                                        |        0 (profiler_analysis.cpp:723)
2026-07-16 06:00:47.769 | info     |           Metal |   [      269600 ..       303300) |                                        |        0 (profiler_analysis.cpp:723)
2026-07-16 06:00:47.769 | info     |           Metal |   [      303300 ..       337000) |#                                       |       12 (profiler_analysis.cpp:723)


==================================== PASSES ====================================
- generated xml file: /home/mvasiljevic/tt-metal/generated/test_reports/most_recent_tests.xml -
============================== slowest durations ===============================
5.34s call     models/autoports/tiiuae_falcon3_7b_base/tests/test_optimized_decoder.py::test_profile_selected_decoder[device_params0]
1.12s setup    models/autoports/tiiuae_falcon3_7b_base/tests/test_optimized_decoder.py::test_profile_selected_decoder[device_params0]
0.80s teardown models/autoports/tiiuae_falcon3_7b_base/tests/test_optimized_decoder.py::test_profile_selected_decoder[device_params0]
=========================== short test summary info ============================
PASSED models/autoports/tiiuae_falcon3_7b_base/tests/test_optimized_decoder.py::test_profile_selected_decoder[device_params0]
============================== 1 passed in 8.14s ===============================
nanobind: leaked 2 instances!
 - leaked instance 0x7e53d4135ea8 of type "ttnn._ttnn.tensor.CoreRangeSet"
 - leaked instance 0x7e53b1590348 of type "ttnn._ttnn.tensor.MemoryConfig"
nanobind: leaked 20 types!
 - leaked type "ttnn._ttnn.operations.matmul.MatmulMultiCoreReuseMultiCast1DProgramConfig"
 - leaked type "ttnn._ttnn.operations.matmul.MatmulInputs"
 - leaked type "ttnn._ttnn.operations.matmul.MatmulMultiCoreReuseMultiCastBatchedDRAMShardedProgramConfig"
 - leaked type "BufferType"
 - leaked type "UnaryOpType"
 - leaked type "Layout"
 - leaked type "ttnn._ttnn.operations.matmul.MatmulMultiCoreReuseOptimizedProgramFactory"
 - leaked type "Arch"
 - leaked type "ttnn._ttnn.operations.matmul.MatmulParams"
 - leaked type "ttnn._ttnn.tensor.CoreRangeSet"
 - ... skipped remainder
nanobind: leaked 247 functions!
 - leaked function ""
 - leaked function ""
 - leaked function ""
 - leaked function "logical_volume"
 - leaked function "remove_sub_device_manager"
 - leaked function ""
 - leaked function "__repr__"
 - leaked function "to_json"
 - leaked function "to_json"
 - leaked function ""
 - ... skipped remainder
nanobind: this is likely caused by a reference counting issue in the binding code.
See https://nanobind.readthedocs.io/en/latest/refleaks.html2026-07-16 06:00:49.869 | info     |    BuildKernels | JIT cache stats: 184/184 hits (100.0%) [184 cached, 104 build-once dedup, 0 merged artifacts, 0 merged genfiles] (build_cache_telemetry.cpp:207)
2026-07-16 06:00:49.869 | info     |    BuildKernels | JIT telemetry: 3 registered TelemetryTokens (build_cache_telemetry.cpp:230)
2026-07-16 06:00:49.877 | info     |          Device | Closing user mode device drivers (tt_cluster.cpp:512)
2026-07-16 06:00:49.877 | info     |             UMD | Closing devices in cluster (cluster.cpp:1037)
2026-07-16 06:00:50.061 | info     |             UMD | Closing devices in cluster completed. (cluster.cpp:1046)
2026-07-16 06:00:50.061 | info     |             UMD | Cluster destructor started. (cluster.cpp:754)
2026-07-16 06:00:50.061 | info     |             UMD | Cluster destructor completed. (cluster.cpp:757)

Timer resolution: 0 ns

Frames: 2
Time span: 11.41 s
Zones: 477,382
Elapsed time: 11.21 s
Saving trace... done!
Trace size 4523.32 KB (17.88% ratio)
2026-07-16 06:00:50.205 | INFO     | __main__:main:452 - Copying /home/mvasiljevic/tt-metal/generated/profiler/.logs/tracy_profile_log_host.tracy to /home/mvasiljevic/tt-metal/build/profiler/build_wasm/traces/test_optimized_decoder_2026_07_16_06_00_50.tracy
2026-07-16 06:00:50.206 | INFO     | __main__:main:455 - Copied /home/mvasiljevic/tt-metal/generated/profiler/.logs/tracy_profile_log_host.tracy to /home/mvasiljevic/tt-metal/build/profiler/build_wasm/traces/test_optimized_decoder_2026_07_16_06_00_50.tracy
2026-07-16 06:00:50.207 | INFO     | __main__:main:464 - embed.tracy -> traces/test_optimized_decoder_2026_07_16_06_00_50.tracy
2026-07-16 06:00:50.207 | INFO     | tracy.serve_wasm:launch_server_subprocess:284 - Launching tracy web app GUI server subprocess...
2026-07-16 06:00:50.207 | INFO     | tracy.serve_wasm:launch_server_subprocess:287 - Tracy WASM web UI (open in browser): http://localhost:8080/ (WebSocket for live reload: ws://localhost:8081/)
2026-07-16 06:00:50.208 | INFO     | tracy.serve_wasm:launch_server_subprocess:307 - Running command: /home/mvasiljevic/tt-metal/python_env/bin/python /home/mvasiljevic/tt-metal/tools/tracy/serve_wasm.py --port 8080
2026-07-16 06:00:50.208 | INFO     | tracy.serve_wasm:launch_server_subprocess:332 - Started server with PID 442075, logging to /home/mvasiljevic/tt-metal/generated/profiler/tracy_wasm_gui_server.log
2026-07-16 06:00:50.411 | INFO     | tracy:generate_report:162 - Host side ops time report generated at models/autoports/tiiuae_falcon3_7b_base/doc/optimized_decoder/tracy/dense_layer/.logs/tracy_ops_times.csv
2026-07-16 06:00:50.422 | INFO     | tracy:generate_report:173 - Host side ops data report generated at models/autoports/tiiuae_falcon3_7b_base/doc/optimized_decoder/tracy/dense_layer/.logs/tracy_ops_data.csv
2026-07-16 06:00:50.422 | INFO     | tracy.process_ops_logs:import_tracy_op_logs:345 - Importing ops logs
/home/mvasiljevic/tt-metal/tools/tracy/process_ops_logs.py:450: DtypeWarning: Columns (3,4,8) have mixed types. Specify dtype option on import or set low_memory=False.
  df = pd.read_csv(tracyOpTimesLog)
2026-07-16 06:00:50.916 | INFO     | tracy.perf_counter_analysis:get_device_op_data:2140 - Getting device ops
2026-07-16 06:00:50.916 | INFO     | tracy.process_ops_logs:append_device_data:1009 - Appending device data
2026-07-16 06:00:51.402 | INFO     | tracy.process_ops_logs:generate_reports:1342 - OPs' perf analysis is finished! Generating reports ...
2026-07-16 06:00:51.402 | INFO     | tracy.process_ops_logs:generate_reports:1360 - Copying runtime artifacts
2026-07-16 06:00:51.415 | INFO     | tracy.process_ops_logs:generate_reports:1369 - Generating OPs CSV
2026-07-16 06:00:51.688 | INFO     | tracy.process_ops_logs:generate_reports:1765 - OPs csv generated at: /home/mvasiljevic/tt-metal/models/autoports/tiiuae_falcon3_7b_base/doc/optimized_decoder/tracy/dense_layer/reports/2026_07_16_06_00_51/ops_perf_results_2026_07_16_06_00_51.csv
