2026-07-16 06:02:39.800 | DEBUG    | ttnn:<module>:79 - Initial ttnn.CONFIG:
Config{cache_path=/home/mvasiljevic/.cache/ttnn,model_cache_path=/home/mvasiljevic/.cache/ttnn/models,tmp_dir=/tmp/ttnn,enable_model_cache=false,enable_fast_runtime_mode=true,throw_exception_on_fallback=false,enable_logging=false,enable_graph_report=false,enable_graph_python_stack_traces=false,enable_detailed_buffer_report=false,enable_detailed_tensor_report=false,enable_comparison_mode=false,comparison_mode_should_raise_exception=false,comparison_mode_pcc=0.9999,root_report_path=generated/ttnn/reports,report_name=std::nullopt,std::nullopt}
============================= test session starts ==============================
platform linux -- Python 3.12.13, pytest-9.0.3, pluggy-1.6.0 -- /home/mvasiljevic/tt-metal/python_env/bin/python3
cachedir: .pytest_cache
benchmark: 5.2.3 (defaults: timer=time.perf_counter disable_gc=False min_rounds=5 min_time=0.000005 max_time=1.0 calibration_precision=10 warmup=False warmup_iterations=100000)
rootdir: /home/mvasiljevic/tt-metal
configfile: pytest.ini
plugins: github-actions-annotate-failures-0.3.0, anyio-4.14.2, dash-2.15.0, split-0.11.0, timeout-2.4.0, benchmark-5.2.3, cov-7.0.0
timeout: 300.0s
timeout method: signal
timeout func_only: False
collecting ... collected 1 item

models/autoports/tiiuae_falcon3_7b_base/tests/test_optimized_decoder.py::test_selected_decoder_semantics_cache_and_repeated_decode 2026-07-16 06:02:41.297 | info     |          Device | Opening user mode device driver (tt_cluster.cpp:228)
2026-07-16 06:02:41.297 | info     |             UMD | Cluster constructor started. (cluster.cpp:348)
2026-07-16 06:02:41.297 | info     |             UMD | Creating TopologyDiscovery for architecture: blackhole (topology_discovery.cpp:91)
2026-07-16 06:02:41.297 | info     |             UMD | Starting topology discovery. (topology_discovery.cpp:110)
2026-07-16 06:02:41.300 | info     |             UMD | Established firmware bundle version: 19.8.0 (topology_discovery.cpp:569)
2026-07-16 06:02:41.300 | info     |             UMD | Firmware bundle version 19.8.0 on the system is newer than the latest fully tested version 19.5.0 for blackhole architecture. Newest features may not be supported. (topology_discovery.cpp:601)
2026-07-16 06:02:41.302 | info     |             UMD | Completed topology discovery. (topology_discovery.cpp:114)
2026-07-16 06:02:41.413 | info     |             UMD | Opening local chip ids/PCIe ids: {0, 1}/[2, 3] and remote chip ids {} (cluster.cpp:168)
2026-07-16 06:02:41.413 | info     |             UMD | IOMMU: enabled (cluster.cpp:142)
2026-07-16 06:02:41.413 | info     |             UMD | KMD version: 2.8.0 (cluster.cpp:145)
2026-07-16 06:02:41.413 | info     |             UMD | Cluster constructor completed. (cluster.cpp:520)
2026-07-16 06:02:41.414 | info     |             UMD | Starting devices in cluster (cluster.cpp:1024)
2026-07-16 06:02:41.532 | info     |             UMD | Starting devices in cluster completed. (cluster.cpp:1032)
2026-07-16 06:02:41.608 | DEBUG    | ttnn.device:__init__:152 - Using default dispatch core type for this system: DispatchCoreType.WORKER
2026-07-16 06:02:41.608 | DEBUG    | ttnn.device:__init__:154 - Using default dispatch core axis for this system: DispatchCoreAxis.COL
2026-07-16 06:02:41.608 | info     |     Distributed | Using auto discovery to generate mesh graph. (metal_env.cpp:367)
2026-07-16 06:02:41.608 | info     |     Distributed | Constructing control plane using auto-discovery (no mesh graph descriptor). (metal_env.cpp:429)
2026-07-16 06:02:41.608 | warning  |          Always | Unknown motherboard 'B850M-C' for chip_id=0 (bus_id=0x3) — falling back to bus_id as tray_id. Add this motherboard and its bus IDs to mobo_to_bus_ids in physical_system_discovery.cpp. (physical_system_discovery.cpp:89)
2026-07-16 06:02:41.608 | warning  |          Always | Unknown motherboard 'B850M-C' for chip_id=1 (bus_id=0x4) — falling back to bus_id as tray_id. Add this motherboard and its bus IDs to mobo_to_bus_ids in physical_system_discovery.cpp. (physical_system_discovery.cpp:89)
2026-07-16 06:02:41.608 | warning  |          Always | Unknown motherboard 'B850M-C' for chip_id=0 (bus_id=0x3) — falling back to bus_id as tray_id. Add this motherboard and its bus IDs to mobo_to_bus_ids in physical_system_discovery.cpp. (physical_system_discovery.cpp:89)
2026-07-16 06:02:41.608 | warning  |          Always | Unknown motherboard 'B850M-C' for chip_id=1 (bus_id=0x4) — falling back to bus_id as tray_id. Add this motherboard and its bus IDs to mobo_to_bus_ids in physical_system_discovery.cpp. (physical_system_discovery.cpp:89)
2026-07-16 06:02:41.609 | info     |          Fabric | Logical multi-mesh adjacency: intermesh degree histogram {0:1}; intra-mesh degree histograms mesh0 {1:2} (topology_mapper_utils.cpp:2342)
2026-07-16 06:02:41.609 | info     |          Fabric | Physical multi-mesh adjacency: intermesh degree histogram {0:1}; intra-mesh degree histograms mesh0 {1:2} (topology_mapper_utils.cpp:2350)
2026-07-16 06:02:41.638 | info     |       LLRuntime | Watcher log file: /home/mvasiljevic/tt-metal/generated/watcher/watcher.log (watcher_server.cpp:286)
2026-07-16 06:02:41.638 | info     |       LLRuntime | Watcher attached device 0 (watcher_server.cpp:132)
2026-07-16 06:02:41.638 | info     |       LLRuntime | Watcher attached device 1 (watcher_server.cpp:132)
2026-07-16 06:02:41.638 | info     |       LLRuntime | Watcher server initialized, disabled features: None (watcher_server.cpp:547)
2026-07-16 06:02:41.638 | info     |           Metal | Watcher checking device 0 (watcher_device_reader.cpp:393)
2026-07-16 06:02:41.638 | warning  |           Metal | Opening subset of mmio devices slows down UMD read/write to remote chips. If opening more devices, consider using CreateDevices API. (device_manager.cpp:261)
2026-07-16 06:02:41.642 | info     |           Metal | Watcher checking device 1 (watcher_device_reader.cpp:393)
2026-07-16 06:02:41.684 | info     |           Metal | ShmResourceTracker: removed orphaned shm '/tt_device_154095681929601_memory' (shm_resource_tracker.cpp:282)
2026-07-16 06:02:42.264 | info     |           Metal | [Real-time profiler] Device 0 sync complete: 100 samples, frequency=1.349993 GHz, device_time_at_sync=2173304473707 cycles (realtime_profiler_manager.cpp:1127)
2026-07-16 06:02:47.674 | INFO     | models.autoports.tiiuae_falcon3_7b_base.tests.test_functional_decoder:_assert_pcc:158 - selected recorded prefill seq=17: PCC=0.99998189 target=0.99
2026-07-16 06:02:48.088 | INFO     | models.autoports.tiiuae_falcon3_7b_base.tests.test_functional_decoder:_assert_pcc:158 - selected recorded prefill seq=31: PCC=0.99993461 target=0.99
2026-07-16 06:02:49.200 | INFO     | models.autoports.tiiuae_falcon3_7b_base.tests.test_functional_decoder:_assert_pcc:158 - selected recorded prefill seq=128: PCC=0.99980626 target=0.99
2026-07-16 06:02:49.462 | INFO     | models.autoports.tiiuae_falcon3_7b_base.tests.test_functional_decoder:_assert_pcc:158 - recorded layer-14 key cache: PCC=0.99677528 target=0.99
2026-07-16 06:02:49.473 | INFO     | models.autoports.tiiuae_falcon3_7b_base.tests.test_functional_decoder:_assert_pcc:158 - recorded layer-14 value cache: PCC=0.99555507 target=0.99
2026-07-16 06:02:49.495 | INFO     | models.autoports.tiiuae_falcon3_7b_base.tests.test_functional_decoder:_assert_pcc:158 - selected recorded decode query position=31: PCC=0.99733524 target=0.99
2026-07-16 06:02:49.542 | INFO     | models.autoports.tiiuae_falcon3_7b_base.tests.test_functional_decoder:_assert_pcc:158 - selected recorded decode position=31: PCC=0.99916996 target=0.99
2026-07-16 06:02:49.572 | INFO     | models.autoports.tiiuae_falcon3_7b_base.tests.test_functional_decoder:_assert_pcc:158 - recorded layer-14 key cache: PCC=0.99677183 target=0.99
2026-07-16 06:02:49.583 | INFO     | models.autoports.tiiuae_falcon3_7b_base.tests.test_functional_decoder:_assert_pcc:158 - recorded layer-14 value cache: PCC=0.99557519 target=0.99
2026-07-16 06:02:49.593 | INFO     | models.autoports.tiiuae_falcon3_7b_base.tests.test_functional_decoder:_assert_pcc:158 - selected recorded decode query position=32: PCC=0.99741886 target=0.99
2026-07-16 06:02:49.622 | INFO     | models.autoports.tiiuae_falcon3_7b_base.tests.test_functional_decoder:_assert_pcc:158 - selected recorded decode position=32: PCC=0.99905190 target=0.99
2026-07-16 06:02:49.653 | INFO     | models.autoports.tiiuae_falcon3_7b_base.tests.test_functional_decoder:_assert_pcc:158 - recorded layer-14 key cache: PCC=0.99678000 target=0.99
2026-07-16 06:02:49.666 | INFO     | models.autoports.tiiuae_falcon3_7b_base.tests.test_functional_decoder:_assert_pcc:158 - recorded layer-14 value cache: PCC=0.99555947 target=0.99
PASSED

==================================== PASSES ====================================
- generated xml file: /home/mvasiljevic/tt-metal/generated/test_reports/most_recent_tests.xml -
============================== slowest durations ===============================
7.68s call     models/autoports/tiiuae_falcon3_7b_base/tests/test_optimized_decoder.py::test_selected_decoder_semantics_cache_and_repeated_decode
1.18s setup    models/autoports/tiiuae_falcon3_7b_base/tests/test_optimized_decoder.py::test_selected_decoder_semantics_cache_and_repeated_decode
0.13s teardown models/autoports/tiiuae_falcon3_7b_base/tests/test_optimized_decoder.py::test_selected_decoder_semantics_cache_and_repeated_decode
=========================== short test summary info ============================
PASSED models/autoports/tiiuae_falcon3_7b_base/tests/test_optimized_decoder.py::test_selected_decoder_semantics_cache_and_repeated_decode
============================== 1 passed in 9.66s ===============================
2026-07-16 06:02:51.652 | info     |           Metal | Watcher checking device 0 (watcher_device_reader.cpp:393)
2026-07-16 06:02:51.657 | info     |           Metal | Watcher checking device 1 (watcher_device_reader.cpp:393)
nanobind: leaked 2 instances!
 - leaked instance 0x747967fd5e78 of type "ttnn._ttnn.tensor.CoreRangeSet"
 - leaked instance 0x74796785c108 of type "ttnn._ttnn.tensor.MemoryConfig"
nanobind: leaked 20 types!
 - leaked type "ttnn._ttnn.operations.matmul.MatmulMultiCoreReuseMultiCast1DProgramConfig"
 - leaked type "ttnn._ttnn.operations.matmul.MatmulInputs"
 - leaked type "ttnn._ttnn.operations.matmul.MatmulMultiCoreReuseMultiCastBatchedDRAMShardedProgramConfig"
 - leaked type "BufferType"
 - leaked type "UnaryOpType"
 - leaked type "Layout"
 - leaked type "ttnn._ttnn.operations.matmul.MatmulMultiCoreReuseOptimizedProgramFactory"
 - leaked type "Arch"
 - leaked type "ttnn._ttnn.operations.matmul.MatmulParams"
 - leaked type "ttnn._ttnn.tensor.CoreRangeSet"
 - ... skipped remainder
nanobind: leaked 247 functions!
 - leaked function "get_submeshes"
 - leaked function "__init__"
 - leaked function ""
 - leaked function "pop_current_command_queue_id_for_thread"
 - leaked function "to_json"
 - leaked function ""
 - leaked function ""
 - leaked function ""
 - leaked function ""
 - leaked function ""
 - ... skipped remainder
nanobind: this is likely caused by a reference counting issue in the binding code.
See https://nanobind.readthedocs.io/en/latest/refleaks.html2026-07-16 06:02:51.775 | info     |    BuildKernels | JIT cache stats: 263/263 hits (100.0%) [263 cached, 294 build-once dedup, 0 merged artifacts, 0 merged genfiles] (build_cache_telemetry.cpp:207)
2026-07-16 06:02:51.775 | info     |    BuildKernels | JIT telemetry: 3 registered TelemetryTokens (build_cache_telemetry.cpp:230)
2026-07-16 06:02:51.776 | info     |       LLRuntime | Watcher thread stopped watching... (watcher_server.cpp:595)
2026-07-16 06:02:51.776 | info     |       LLRuntime | Watcher detached device 0 (watcher_server.cpp:181)
2026-07-16 06:02:51.776 | info     |       LLRuntime | Watcher detached device 1 (watcher_server.cpp:181)
2026-07-16 06:02:51.783 | info     |          Device | Closing user mode device drivers (tt_cluster.cpp:512)
2026-07-16 06:02:51.783 | info     |             UMD | Closing devices in cluster (cluster.cpp:1037)
2026-07-16 06:02:52.075 | info     |             UMD | Closing devices in cluster completed. (cluster.cpp:1046)
2026-07-16 06:02:52.075 | info     |             UMD | Cluster destructor started. (cluster.cpp:754)
2026-07-16 06:02:52.075 | info     |             UMD | Cluster destructor completed. (cluster.cpp:757)
