2026-07-02 12:36:36.230 | DEBUG    | ttnn:<module>:79 - Initial ttnn.CONFIG:
Config{cache_path=/home/ubuntu/.cache/ttnn,model_cache_path=/home/ubuntu/.cache/ttnn/models,tmp_dir=/tmp/ttnn,enable_model_cache=false,enable_fast_runtime_mode=true,throw_exception_on_fallback=false,enable_logging=false,enable_graph_report=false,enable_graph_python_stack_traces=false,enable_detailed_buffer_report=false,enable_detailed_tensor_report=false,enable_comparison_mode=false,comparison_mode_should_raise_exception=false,comparison_mode_pcc=0.9999,root_report_path=generated/ttnn/reports,report_name=std::nullopt,std::nullopt}
2026-07-02 12:36:36.311 | info     |          Device | Opening user mode device driver (tt_cluster.cpp:228)
2026-07-02 12:36:36.311 | info     |             UMD | Cluster constructor started. (cluster.cpp:348)
2026-07-02 12:36:36.311 | info     |             UMD | Creating TopologyDiscovery for architecture: blackhole (topology_discovery.cpp:91)
2026-07-02 12:36:36.311 | info     |             UMD | Starting topology discovery. (topology_discovery.cpp:110)
2026-07-02 12:36:36.312 | info     |             UMD | Established firmware bundle version: 19.9.0 (topology_discovery.cpp:569)
2026-07-02 12:36:36.312 | info     |             UMD | Firmware bundle version 19.9.0 on the system is newer than the latest fully tested version 19.5.0 for blackhole architecture. Newest features may not be supported. (topology_discovery.cpp:601)
2026-07-02 12:36:36.316 | info     |             UMD | Completed topology discovery. (topology_discovery.cpp:114)
2026-07-02 12:36:36.486 | info     |             UMD | Opening local chip ids/PCIe ids: {0, 1, 2, 3}/[1, 2, 3, 0] and remote chip ids {} (cluster.cpp:168)
2026-07-02 12:36:36.486 | info     |             UMD | IOMMU: enabled (cluster.cpp:142)
2026-07-02 12:36:36.486 | info     |             UMD | KMD version: 2.4.1 (cluster.cpp:145)
2026-07-02 12:36:36.486 | info     |             UMD | Cluster constructor completed. (cluster.cpp:520)
2026-07-02 12:36:36.489 | info     |             UMD | Starting devices in cluster (cluster.cpp:1024)
2026-07-02 12:36:36.597 | info     |             UMD | Starting devices in cluster completed. (cluster.cpp:1032)
2026-07-02 12:36:37.198 | info     |     Distributed | Using auto discovery to generate mesh graph. (metal_env.cpp:367)
2026-07-02 12:36:37.198 | info     |     Distributed | Constructing control plane using auto-discovery (no mesh graph descriptor). (metal_env.cpp:429)
2026-07-02 12:36:37.199 | info     |          Fabric | Logical multi-mesh adjacency: intermesh degree histogram {0:1}; intra-mesh degree histograms mesh0 {2:4} (topology_mapper_utils.cpp:2342)
2026-07-02 12:36:37.199 | info     |          Fabric | Physical multi-mesh adjacency: intermesh degree histogram {0:1}; intra-mesh degree histograms mesh0 {2:4} (topology_mapper_utils.cpp:2350)
2026-07-02 12:36:37.200 | DEBUG    | ttnn.device:__init__:152 - Using default dispatch core type for this system: DispatchCoreType.WORKER
2026-07-02 12:36:37.200 | DEBUG    | ttnn.device:__init__:154 - Using default dispatch core axis for this system: DispatchCoreAxis.COL
2026-07-02 12:36:37.215 | info     |    BuildKernels | Using pre-compiled firmware from: /home/ubuntu/tt-metal/tt_metal/pre-compiled/13793420398762238087/ (build_env_manager.cpp:347)
2026-07-02 12:36:37.215 | info     |    BuildKernels | Using pre-compiled firmware from: /home/ubuntu/tt-metal/tt_metal/pre-compiled/13793420398762238087/ (build_env_manager.cpp:347)
2026-07-02 12:36:37.215 | info     |    BuildKernels | Using pre-compiled firmware from: /home/ubuntu/tt-metal/tt_metal/pre-compiled/13793420398762238087/ (build_env_manager.cpp:347)
2026-07-02 12:36:37.215 | info     |    BuildKernels | Using pre-compiled firmware from: /home/ubuntu/tt-metal/tt_metal/pre-compiled/13793420398762238087/ (build_env_manager.cpp:347)
2026-07-02 12:36:37.273 | info     |           Metal | Initializing Fabric (fabric_firmware_initializer.cpp:288)
2026-07-02 12:36:37.330 | info     |           Metal | Fabric initialized on Device 0 (device.cpp:429)
2026-07-02 12:36:37.335 | info     |           Metal | Fabric initialized on Device 1 (device.cpp:429)
2026-07-02 12:36:37.336 | info     |           Metal | Fabric initialized on Device 2 (device.cpp:429)
2026-07-02 12:36:37.338 | info     |           Metal | Fabric initialized on Device 3 (device.cpp:429)
2026-07-02 12:36:37.338 | info     |           Metal | Fabric initialized on 4 devices (fabric_firmware_initializer.cpp:435)
2026-07-02 12:36:37.338 | info     |           Metal | Fabric Initialized with config FabricConfig::FABRIC_1D_RING (fabric_firmware_initializer.cpp:305)
2026-07-02 12:36:37.391 | info     |           Metal | ShmResourceTracker: removed orphaned shm '/tt_device_143238002115104_memory' (shm_resource_tracker.cpp:282)
2026-07-02 12:36:37.391 | info     |           Metal | ShmResourceTracker: removed orphaned shm '/tt_device_143238002118688_memory' (shm_resource_tracker.cpp:282)
2026-07-02 12:36:37.391 | info     |           Metal | ShmResourceTracker: removed orphaned shm '/tt_device_143238002114624_memory' (shm_resource_tracker.cpp:282)
2026-07-02 12:36:37.391 | info     |           Metal | ShmResourceTracker: removed orphaned shm '/tt_device_143238002115584_memory' (shm_resource_tracker.cpp:282)
2026-07-02 12:36:37.971 | info     |           Metal | [Real-time profiler] Device 2 sync complete: 100 samples, frequency=1.349968 GHz, device_time_at_sync=3673735098462 cycles (realtime_profiler_manager.cpp:1127)
2026-07-02 12:36:37.974 | info     |           Metal | [Real-time profiler] Device 3 sync complete: 100 samples, frequency=1.349988 GHz, device_time_at_sync=3677399176512 cycles (realtime_profiler_manager.cpp:1127)
2026-07-02 12:36:37.974 | info     |           Metal | [Real-time profiler] Device 0 sync complete: 100 samples, frequency=1.349977 GHz, device_time_at_sync=3670349905342 cycles (realtime_profiler_manager.cpp:1127)
2026-07-02 12:36:37.974 | info     |           Metal | [Real-time profiler] Device 1 sync complete: 100 samples, frequency=1.349980 GHz, device_time_at_sync=3673682035307 cycles (realtime_profiler_manager.cpp:1127)
Traceback (most recent call last):
  File "/home/ubuntu/tt-metal/ttnn/ttnn/decorators.py", line 473, in __call__
    result = self.function(*function_args, **function_kwargs)
             ^^^^^^^^^^^^^^^^^^^^^^^^^^^^^^^^^^^^^^^^^^^^^^^^
TypeError: __call__(): incompatible function arguments. The following argument types are supported:
    1. __call__(self, input_tensor: ttnn._ttnn.tensor.Tensor, num_devices: int, barrier_semaphores: collections.abc.Sequence[ttnn._ttnn.global_semaphore.global_semaphore], rs_global_semaphores: collections.abc.Sequence[ttnn._ttnn.global_semaphore.global_semaphore], ag_global_semaphores: collections.abc.Sequence[ttnn._ttnn.global_semaphore.global_semaphore], math_op: ttnn._ttnn.operations.reduction.ReduceType, *, memory_config: ttnn._ttnn.tensor.MemoryConfig | None = None, topology: ttnn._ttnn.operations.ccl.Topology = Topology.Linear, num_links: int | None = None, subdevice_id: ttnn._ttnn.device.SubDeviceId | None = None) -> ttnn._ttnn.tensor.Tensor
    2. __call__(self, input_tensor: ttnn._ttnn.tensor.Tensor, cluster_axis: int | None = None, mesh_device: ttnn._ttnn.multi_device.MeshDevice, barrier_semaphores: collections.abc.Sequence[ttnn._ttnn.global_semaphore.global_semaphore] | None = None, rs_global_semaphores: collections.abc.Sequence[ttnn._ttnn.global_semaphore.global_semaphore] | None = None, ag_global_semaphores: collections.abc.Sequence[ttnn._ttnn.global_semaphore.global_semaphore] | None = None, math_op: ttnn._ttnn.operations.reduction.ReduceType, *, memory_config: ttnn._ttnn.tensor.MemoryConfig | None = None, topology: ttnn._ttnn.operations.ccl.Topology | None = Topology.Linear, num_links: int | None = None, subdevice_id: ttnn._ttnn.device.SubDeviceId | None = None) -> ttnn._ttnn.tensor.Tensor
    3. __call__(self, input_tensor: ttnn._ttnn.tensor.Tensor, buffer_tensor: ttnn._ttnn.tensor.Tensor, cluster_axis: int, mesh_device: ttnn._ttnn.multi_device.MeshDevice, multi_device_global_semaphore: ttnn._ttnn.global_semaphore.global_semaphore, *, dtype: ttnn._ttnn.tensor.DataType | None = None, memory_config: ttnn._ttnn.tensor.MemoryConfig | None = None, topology: ttnn._ttnn.operations.ccl.Topology = Topology.Linear, num_links: int | None = None, subdevice_id: ttnn._ttnn.device.SubDeviceId | None = None, use_noc1_only: bool = False, use_optimal_ccl_for_llama: bool = False) -> ttnn._ttnn.tensor.Tensor

Invoked with types: ttnn._ttnn.operations.experimental.ccl_experimental.all_reduce_async_t, ttnn._ttnn.tensor.Tensor, ttnn._ttnn.tensor.Tensor, kwargs = { cluster_axis: int, mesh_device: ttnn._ttnn.multi_device.MeshDevice, multi_device_global_semaphore: ttnn._ttnn.global_semaphore.global_semaphore, math_op: ttnn._ttnn.operations.reduction.ReduceType, memory_config: ttnn._ttnn.tensor.MemoryConfig, topology: ttnn._ttnn.operations.ccl.Topology, num_links: int }

The above exception was the direct cause of the following exception:

Traceback (most recent call last):
  File "<stdin>", line 24, in <module>
  File "/home/ubuntu/tt-metal/ttnn/ttnn/decorators.py", line 480, in __call__
    raise TypeError(enhanced_msg) from e
TypeError:
ttnn.experimental.all_reduce_async(): incompatible function arguments.

Called with:
  all_reduce_async(ttnn.Tensor, ttnn.Tensor, cluster_axis=1, mesh_device=MeshDevice(1x4 grid, 4 devices), multi_device_global_semaphore=<ttnn._ttnn.global_semaphore.global_semaphore object at 0x7fef93059110>, math_op=ReduceType.Sum, memory_config=MemoryConfig(memory_layout=TensorMemoryLayout::INTERLEAVED,buffer_type=BufferType::DRAM,shard_spec=std::nullopt,nd_shard_spec=std::nullopt,created_with_nd_shard_spec=0), topology=Topology.Ring, num_links=1)

Available signatures:
  all_reduce_async(input_tensor: ttnn.Tensor, num_devices: int, barrier_semaphores: collections.abc.Sequence[ttnn._ttnn.global_semaphore.global_semaphore], rs_global_semaphores: collections.abc.Sequence[ttnn._ttnn.global_semaphore.global_semaphore], ag_global_semaphores: collections.abc.Sequence[ttnn._ttnn.global_semaphore.global_semaphore], math_op: ttnn.reduction.ReduceType, *, memory_config: ttnn.MemoryConfig | None = None, topology: ttnn.ccl.Topology = Topology.Linear, num_links: int | None = None, subdevice_id: ttnn._ttnn.device.SubDeviceId | None = None)
  all_reduce_async(input_tensor: ttnn.Tensor, cluster_axis: int | None = None, mesh_device: ttnn._ttnn.multi_device.MeshDevice, barrier_semaphores: collections.abc.Sequence[ttnn._ttnn.global_semaphore.global_semaphore] | None = None, rs_global_semaphores: collections.abc.Sequence[ttnn._ttnn.global_semaphore.global_semaphore] | None = None, ag_global_semaphores: collections.abc.Sequence[ttnn._ttnn.global_semaphore.global_semaphore] | None = None, math_op: ttnn.reduction.ReduceType, *, memory_config: ttnn.MemoryConfig | None = None, topology: ttnn.ccl.Topology | None = Topology.Linear, num_links: int | None = None, subdevice_id: ttnn._ttnn.device.SubDeviceId | None = None)
  all_reduce_async(input_tensor: ttnn.Tensor, buffer_tensor: ttnn.Tensor, cluster_axis: int, mesh_device: ttnn._ttnn.multi_device.MeshDevice, multi_device_global_semaphore: ttnn._ttnn.global_semaphore.global_semaphore, *, dtype: ttnn.DataType | None = None, memory_config: ttnn.MemoryConfig | None = None, topology: ttnn.ccl.Topology = Topology.Linear, num_links: int | None = None, subdevice_id: ttnn._ttnn.device.SubDeviceId | None = None, use_noc1_only: bool = False, use_optimal_ccl_for_llama: bool = False)
nanobind: leaked 2 instances!
 - leaked instance 0x7fef937b8df8 of type "ttnn._ttnn.tensor.CoreRangeSet"
 - leaked instance 0x7fef938c0df8 of type "ttnn._ttnn.device.DispatchCoreConfig"
nanobind: leaked 41 types!
 - leaked type "DispatchCoreAxis"
 - leaked type "ttnn._ttnn.device.SubDeviceManagerId"
 - leaked type "MathFidelity"
 - leaked type "ttnn._ttnn.operations.matmul.MatmulMultiCoreReuseMultiCast1DProgramConfig"
 - leaked type "ttnn._ttnn.types.Shape"
 - leaked type "ttnn._ttnn.operations.matmul.MatmulInputs"
 - leaked type "ttnn._ttnn.operations.matmul.MatmulMultiCoreReuseMultiCastBatchedDRAMShardedProgramConfig"
 - leaked type "BufferType"
 - leaked type "UnaryOpType"
 - leaked type "Layout"
 - ... skipped remainder
nanobind: leaked 341 functions!
 - leaked function ""
 - leaked function ""
 - leaked function "height_sharded"
 - leaked function "default_core_range"
 - leaked function ""
 - leaked function "GetNumAvailableDevices"
 - leaked function ""
 - leaked function ""
 - leaked function ""
 - leaked function "load_sub_device_manager"
 - ... skipped remainder
nanobind: this is likely caused by a reference counting issue in the binding code.
See https://nanobind.readthedocs.io/en/latest/refleaks.html2026-07-02 12:36:39.352 | info     |    BuildKernels | JIT cache stats: 45/56 hits (80.4%) [45 cached, 50 build-once dedup, 0 merged artifacts, 0 merged genfiles] (build_cache_telemetry.cpp:207)
2026-07-02 12:36:39.352 | info     |    BuildKernels | JIT telemetry: 3 registered TelemetryTokens (build_cache_telemetry.cpp:230)
2026-07-02 12:36:39.372 | info     |          Device | Closing user mode device drivers (tt_cluster.cpp:512)
2026-07-02 12:36:39.372 | info     |             UMD | Closing devices in cluster (cluster.cpp:1037)
2026-07-02 12:36:40.062 | info     |             UMD | Closing devices in cluster completed. (cluster.cpp:1046)
2026-07-02 12:36:40.062 | info     |             UMD | Cluster destructor started. (cluster.cpp:754)
2026-07-02 12:36:40.062 | info     |             UMD | Cluster destructor completed. (cluster.cpp:757)
