                      All available boards on host (UMD):
┏━━━━━━━━━━━━┳━━━━━━━━━━━━┳━━━━━━━━━━━━┳━━━━━━━━━━━━┳━━━━━━━━━━━━━┳━━━━━━━━━━━━┓
┃ UMD Chip   ┃            ┃            ┃            ┃ Device      ┃ Board      ┃
┃ ID         ┃ PCI BDF    ┃ PCI Dev ID ┃ Board Type ┃ Series      ┃ Number     ┃
┡━━━━━━━━━━━━╇━━━━━━━━━━━━╇━━━━━━━━━━━━╇━━━━━━━━━━━━╇━━━━━━━━━━━━━╇━━━━━━━━━━━━┩
│ 0          │ 0000:01:0… │ /dev/tens… │ Blackhole  │ p150b       │ 000004123… │
│ 1          │ 0000:41:0… │ /dev/tens… │ Blackhole  │ p150b       │ 000004123… │
│ 2          │ 0000:42:0… │ /dev/tens… │ Blackhole  │ p150b       │ 000004123… │
│ 3          │ 0000:c1:0… │ /dev/tens… │ Blackhole  │ p150b       │ 000004123… │
└────────────┴────────────┴────────────┴────────────┴─────────────┴────────────┘
                        Boards that can be reset (UMD):
┏━━━━━━━━━━━━┳━━━━━━━━━━━━┳━━━━━━━━━━━━┳━━━━━━━━━━━━┳━━━━━━━━━━━━━┳━━━━━━━━━━━━┓
┃ UMD Chip   ┃            ┃            ┃            ┃ Device      ┃ Board      ┃
┃ ID         ┃ PCI BDF    ┃ PCI Dev ID ┃ Board Type ┃ Series      ┃ Number     ┃
┡━━━━━━━━━━━━╇━━━━━━━━━━━━╇━━━━━━━━━━━━╇━━━━━━━━━━━━╇━━━━━━━━━━━━━╇━━━━━━━━━━━━┩
│ 0          │ 0000:01:0… │ /dev/tens… │ Blackhole  │ p150b       │ 000004123… │
│ 1          │ 0000:41:0… │ /dev/tens… │ Blackhole  │ p150b       │ 000004123… │
│ 2          │ 0000:42:0… │ /dev/tens… │ Blackhole  │ p150b       │ 000004123… │
│ 3          │ 0000:c1:0… │ /dev/tens… │ Blackhole  │ p150b       │ 000004123… │
└────────────┴────────────┴────────────┴────────────┴─────────────┴────────────┘
