====================================================================================================
BGE-M3 B12/S8192 TP=2 SEQUENCE-PARALLEL (1x N300 = 2 chips) — tt-perf-report SUMMARY
Regenerated on every tracy run via: python .auto/gen_perf_report.py [csv]
====================================================================================================
Generated : 2026-07-14 16:14:44 UTC
Commit    : 3fde30939ff bge_n300 TP2 #190: QKV minimal_matmul k4->k8 (seq-parallel L1 headroom); 1571->1564ms PCC 0.9530
Perf      : traced best (measure.sh) = 1560.6ms  |  tracy-unrolled avg = 1612ms  |  baseline single-chip = 3213ms
PCC gate  : 0.93 (current 0.9530)
CSV       : generated/profiler/reports/2026_07_14_12_12_21/ops_perf_results_2026_07_14_12_12_21.csv

ARCHITECTURE: sequence-parallel TP2. Activations sharded on seq dim (S/2=4096 per chip),
weights replicated. MLP/LN/embed/output-proj token-local (zero comm). Attention all-gathers
K,V only (Q stays local): local Sq=4096 queries attend to full gathered Sk=8192 keys.

====================================================================================================
AGGREGATE BY OP TYPE (device 0, sorted by total device time)
====================================================================================================
 total_ms     %    n   avg_us  FLOP%  DRAM% cores bound  OP
   2938.6  58.0   90    32651    0.0    0.0    64        SDPAOperation
   1129.6  22.3  160     7060    0.0    0.0     9        AllGatherDeviceOperation
    243.0   4.8   71     3423   51.7   26.0  64.0  SLOW  MinimalMatmulDeviceOperation b={12} x 4096 x 1024 x 4096
    191.2   3.8   70     2731   48.9   26.4  64.0  SLOW  MinimalMatmulDeviceOperation b={12} x 4096 x 1024 x 3072
    184.4   3.6   70     2635   67.2   33.7  64.0  FLOP  MinimalMatmulDeviceOperation b={12} x 4096 x 4096 x 1024
    172.6   3.4  143     1207    0.0    0.0    64        LayerNormDeviceOperation
    102.8   2.0   70     1468    0.0    0.0    64        GenericOpDeviceOperation
     57.6   1.1   70      823   53.8   42.9  64.0  SLOW  MinimalMatmulDeviceOperation b={12} x 4096 x 1024 x 1024
     42.7   0.8   70      610    0.0    0.0    64        NLPConcatHeadsDeviceOperation
      6.9   0.1    7      983    0.0    0.0    64        EmbeddingsDeviceOperation

device0 total device-time = 5069.4ms across 821 ops (x2 tracy passes)

====================================================================================================
OPTIMIZATION CANDIDATES (ranked by opportunity) — see .auto/prompt.md for full lever inventory
====================================================================================================

1. SDPA — ~58% of runtime, ~33ms/op. BIGGEST LEVER.
   - Chunk config q512/k512 BOUNDED (q1024 crashes=kernel limit, k1024 crashes=L1).
   - Low FLOP util (~22% of 156 TFLOP/s peak) => softmax/SFPU-reduction bound, not matmul bound.
   - TODO: SWEEP SDPA program_config grid for the Sq=4096/Sk=8192 shape in-model.

2. AllGather (K/V) — ~22% of runtime, ~7ms/op, ONLY 9 CORES.
   - USER HINT: give the CCL more cores (8x8, 8x4) via sub_core_grids / worker grid.
   - N300 = 1 ethernet link/axis (HW cap) but the gather worker core count IS tunable.
   - Best idea: OVERLAP K/V gather with QKV/MLP compute via 2 command queues.

3. Matmuls (SWEEP block sizes, don't one-knob — current configs tuned for M=8192 single-chip, now M=4096):
   - MLPwo b12x4096x1024x4096 ~4.8%, ~52% FLOP
   - QKV   b12x4096x1024x3072 ~3.8%, ~49% FLOP (k8; k16 crashes L1)
   - MLPwi b12x4096x4096x1024 ~3.6%, ~67% FLOP (best)
   - AttnOut b12x4096x1024x1024 ~1.1%, ~54% FLOP

4. LayerNorm ~3.4% bandwidth-bound; sharding impossible at scale. GenericOp (residual) ~2%.

METHOD: tracy perf -> pick candidate -> SWEEP the config space -> apply winner
-> measure.sh keep/revert -> re-run tracy -> re-run this script.

====================================================================================================
RAW tt-perf-report OUTPUT (native tool, ops >=0.5%, first ~2 layers)
cmd: tt-perf-report <csv> --ignore-signposts --no-color --no-host-ops --no-merge-devices --min-percentage 0.5
====================================================================================================
Detected CSV format: v2.1 (with device arch and worker core count)
No DEVICE ARCH values found. Defaulting to 'wormhole'.
Using architecture from CSV: wormhole
No DEVICE ARCH values found. Defaulting to 'wormhole'.
No non-zero AVAILABLE WORKER CORE COUNT values found. Defaulting to 64 cores.
Architecture: wormhole, Worker cores: 64
Sorting CSV by 'HOST START TS' column...
Ignoring all signposts. Using the entire file for analysis.
Detected data from 2 devices. Keeping separate device data...

🚀 Performance Report 🚀
========================

ID     Total %  Bound  OP Code                                                   Device   Device Time    Op-to-Op Gap  Cores  DRAM      DRAM %  FLOPs         FLOPs %  Math Fidelity
-----------------------------------------------------------------------------------------------------------------------------------------------------------------------------------------------
    2    0.0 %         EmbeddingsDeviceOperation                                       0       1,038 μs                   64                                               UINT32, BF16 => BF16
    3    0.0 %         EmbeddingsDeviceOperation                                       1       1,029 μs          0 μs     64                                               UINT32, BF16 => BF16
    4    1.9 %         EmbeddingsDeviceOperation                                       0         992 μs    520,713 μs     64                                               UINT32, BF16 => BF16
    5    1.9 %         EmbeddingsDeviceOperation                                       1       1,003 μs    520,733 μs     64                                               UINT32, BF16 => BF16
    6    0.0 %         LayerNormDeviceOperation                                        0       1,762 μs      9,602 μs     64                                                 BF16, BF16 => BF16
    7    0.0 %         LayerNormDeviceOperation                                        1       1,766 μs      9,581 μs     64                                                 BF16, BF16 => BF16
    8    3.4 %   SLOW  MinimalMatmulDeviceOperation b={12} x 4096 x 1024 x 3072        0       3,852 μs    941,712 μs     64   66 GB/s  23.0 %   80.3 TFLOPs   34.5 %  LoFi BF16 x BFP8 => BFP8
    9    3.4 %   SLOW  MinimalMatmulDeviceOperation b={12} x 4096 x 1024 x 3072        1       3,834 μs    941,710 μs     64   66 GB/s  23.1 %   80.7 TFLOPs   34.6 %  LoFi BF16 x BFP8 => BFP8
   10    1.7 %         GenericOpDeviceOperation                                        1       1,711 μs    466,997 μs     64                                                 BFP8, BFP8 => BFP8
   11    1.7 %         GenericOpDeviceOperation                                        0       1,702 μs    467,124 μs     64                                                 BFP8, BFP8 => BFP8
   12    5.0 %         AllGatherDeviceOperation                                        1       7,074 μs  1,385,041 μs      9                                                       BFP8 => BFP8
   13    5.0 %         AllGatherDeviceOperation                                        0       7,075 μs  1,385,048 μs      9                                                       BFP8 => BFP8
   14    0.0 %         AllGatherDeviceOperation                                        1       7,069 μs          1 μs      9                                                       BFP8 => BFP8
   15    0.0 %         AllGatherDeviceOperation                                        0       7,071 μs          1 μs      9                                                       BFP8 => BFP8
   16    5.9 %         SDPAOperation                                                   0      32,680 μs  1,629,987 μs     64                                                 BFP8, BFP8 => BFP8
   17    5.9 %         SDPAOperation                                                   1      32,666 μs  1,629,996 μs     64                                                 BFP8, BFP8 => BFP8
   18    1.4 %         NLPConcatHeadsDeviceOperation                                   0         652 μs    380,329 μs     64                                                       BFP8 => BFP8
   19    1.4 %         NLPConcatHeadsDeviceOperation                                   1         662 μs    381,470 μs     64                                                       BFP8 => BFP8
   20    3.2 %   SLOW  MinimalMatmulDeviceOperation b={12} x 4096 x 1024 x 1024        0         834 μs    888,572 μs     64  122 GB/s  42.3 %  123.6 TFLOPs   53.1 %  LoFi BFP8 x BFP8 => BFP8
   21    3.2 %   SLOW  MinimalMatmulDeviceOperation b={12} x 4096 x 1024 x 1024        1         857 μs    888,563 μs     64  119 GB/s  41.2 %  120.2 TFLOPs   51.6 %  LoFi BFP8 x BFP8 => BFP8
   22    0.0 %         LayerNormDeviceOperation                                        0       1,299 μs      9,419 μs     64                                                 BFP8, BF16 => BFP8
   23    0.0 %         LayerNormDeviceOperation                                        1       1,307 μs      9,413 μs     64                                                 BFP8, BF16 => BFP8
   24    3.9 %   SLOW  MinimalMatmulDeviceOperation b={12} x 4096 x 1024 x 4096        0       3,414 μs  1,088,906 μs     64   75 GB/s  26.0 %  120.8 TFLOPs   51.9 %  LoFi BFP8 x BFP8 => BFP8
   25    3.9 %   SLOW  MinimalMatmulDeviceOperation b={12} x 4096 x 1024 x 4096        1       3,458 μs  1,088,900 μs     64   74 GB/s  25.7 %  119.3 TFLOPs   51.2 %  LoFi BFP8 x BFP8 => BFP8
   26    3.2 %   FLOP  MinimalMatmulDeviceOperation b={12} x 4096 x 4096 x 1024        0       2,637 μs    894,531 μs     64   97 GB/s  33.7 %  156.4 TFLOPs   67.2 %  LoFi BFP8 x BFP8 => BFP8
   27    3.2 %   FLOP  MinimalMatmulDeviceOperation b={12} x 4096 x 4096 x 1024        1       2,638 μs    894,575 μs     64   97 GB/s  33.7 %  156.3 TFLOPs   67.1 %  LoFi BFP8 x BFP8 => BFP8
   28    0.0 %         LayerNormDeviceOperation                                        0       1,246 μs      7,167 μs     64                                                 BFP8, BFP8 => BFP8
   29    0.0 %         LayerNormDeviceOperation                                        1       1,245 μs      7,251 μs     64                                                 BFP8, BFP8 => BFP8
   30    3.4 %   SLOW  MinimalMatmulDeviceOperation b={12} x 4096 x 1024 x 3072        0       2,737 μs    957,923 μs     64   75 GB/s  25.9 %  113.0 TFLOPs   48.5 %  LoFi BFP8 x BFP8 => BFP8
   31    3.4 %   SLOW  MinimalMatmulDeviceOperation b={12} x 4096 x 1024 x 3072        1       2,791 μs    957,924 μs     64   73 GB/s  25.4 %  110.8 TFLOPs   47.6 %  LoFi BFP8 x BFP8 => BFP8
   32    0.0 %         GenericOpDeviceOperation                                        1       1,505 μs          1 μs     64                                                 BFP8, BFP8 => BFP8
   33    0.0 %         GenericOpDeviceOperation                                        0       1,519 μs          1 μs     64                                                 BFP8, BFP8 => BFP8
   34    0.0 %         AllGatherDeviceOperation                                        1       7,068 μs          1 μs      9                                                       BFP8 => BFP8
   35    0.0 %         AllGatherDeviceOperation                                        0       7,194 μs          1 μs      9                                                       BFP8 => BFP8
   36    0.0 %         AllGatherDeviceOperation                                        1       7,060 μs          1 μs      9                                                       BFP8 => BFP8
   37    0.0 %         AllGatherDeviceOperation                                        0       7,057 μs          1 μs      9                                                       BFP8 => BFP8
   38    0.1 %         SDPAOperation                                                   0      32,651 μs          1 μs     64                                                 BFP8, BFP8 => BFP8
   39    0.1 %         SDPAOperation                                                   1      32,653 μs          1 μs     64                                                 BFP8, BFP8 => BFP8
   40    0.0 %         NLPConcatHeadsDeviceOperation                                   0         620 μs          1 μs     64                                                       BFP8 => BFP8
   41    0.0 %         NLPConcatHeadsDeviceOperation                                   1         614 μs          1 μs     64                                                       BFP8 => BFP8
   42    0.0 %   SLOW  MinimalMatmulDeviceOperation b={12} x 4096 x 1024 x 1024        0         816 μs          1 μs     64  125 GB/s  43.3 %  126.3 TFLOPs   54.2 %  LoFi BFP8 x BFP8 => BFP8
   43    0.0 %   SLOW  MinimalMatmulDeviceOperation b={12} x 4096 x 1024 x 1024        1         858 μs          1 μs     64  119 GB/s  41.2 %  120.2 TFLOPs   51.6 %  LoFi BFP8 x BFP8 => BFP8
   44    0.0 %         LayerNormDeviceOperation                                        0       1,230 μs         13 μs     64                                                 BFP8, BFP8 => BFP8
   45    0.0 %         LayerNormDeviceOperation                                        1       1,246 μs         13 μs     64                                                 BFP8, BFP8 => BFP8
   46    0.2 %   SLOW  MinimalMatmulDeviceOperation b={12} x 4096 x 1024 x 4096        0       3,434 μs     59,979 μs     64   75 GB/s  25.9 %  120.1 TFLOPs   51.6 %  LoFi BFP8 x BFP8 => BFP8
   47    0.2 %   SLOW  MinimalMatmulDeviceOperation b={12} x 4096 x 1024 x 4096        1       3,474 μs     60,912 μs     64   74 GB/s  25.6 %  118.7 TFLOPs   51.0 %  LoFi BFP8 x BFP8 => BFP8
   48    0.0 %   FLOP  MinimalMatmulDeviceOperation b={12} x 4096 x 4096 x 1024        0       2,632 μs          1 μs     64   97 GB/s  33.7 %  156.6 TFLOPs   67.3 %  LoFi BFP8 x BFP8 => BFP8
   49    0.0 %   FLOP  MinimalMatmulDeviceOperation b={12} x 4096 x 4096 x 1024        1       2,633 μs          1 μs     64   97 GB/s  33.7 %  156.6 TFLOPs   67.2 %  LoFi BFP8 x BFP8 => BFP8
   50    0.0 %         LayerNormDeviceOperation                                        0       1,137 μs         13 μs     64                                                 BFP8, BFP8 => BFP8
   51    0.0 %         LayerNormDeviceOperation                                        1       1,203 μs         13 μs     64                                                 BFP8, BFP8 => BFP8
   52    0.2 %   SLOW  MinimalMatmulDeviceOperation b={12} x 4096 x 1024 x 3072        0       2,773 μs     47,704 μs     64   74 GB/s  25.6 %  111.5 TFLOPs   47.9 %  LoFi BFP8 x BFP8 => BFP8
   53    0.2 %   SLOW  MinimalMatmulDeviceOperation b={12} x 4096 x 1024 x 3072        1       2,806 μs     48,190 μs     64   73 GB/s  25.3 %  110.2 TFLOPs   47.3 %  LoFi BFP8 x BFP8 => BFP8
   54    0.0 %         GenericOpDeviceOperation                                        1       1,559 μs          1 μs     64                                                 BFP8, BFP8 => BFP8
   55    0.0 %         GenericOpDeviceOperation                                        0       1,476 μs          1 μs     64                                                 BFP8, BFP8 => BFP8
   56    0.0 %         AllGatherDeviceOperation                                        1       7,194 μs          1 μs      9                                                       BFP8 => BFP8
   57    0.0 %         AllGatherDeviceOperation                                        0       7,064 μs          1 μs      9                                                       BFP8 => BFP8
   58    0.0 %         AllGatherDeviceOperation                                        1       7,057 μs          1 μs      9                                                       BFP8 => BFP8
   59    0.0 %         AllGatherDeviceOperation                                        0       7,054 μs          1 μs      9                                                       BFP8 => BFP8
   60    0.1 %         SDPAOperation                                                   0      32,657 μs          1 μs     64                                                 BFP8, BFP8 => BFP8
   61    0.1 %         SDPAOperation                                                   1      32,654 μs          1 μs     64                                                 BFP8, BFP8 => BFP8
   62    0.0 %         NLPConcatHeadsDeviceOperation                                   0         612 μs          1 μs     64                                                       BFP8 => BFP8
   63    0.0 %         NLPConcatHeadsDeviceOperation                                   1         606 μs          1 μs     64                                                       BFP8 => BFP8
   64    0.0 %   SLOW  MinimalMatmulDeviceOperation b={12} x 4096 x 1024 x 1024        0         827 μs          1 μs     64  123 GB/s  42.7 %  124.6 TFLOPs   53.5 %  LoFi BFP8 x BFP8 => BFP8
   65    0.0 %   SLOW  MinimalMatmulDeviceOperation b={12} x 4096 x 1024 x 1024        1         869 μs          1 μs     64  117 GB/s  40.7 %  118.7 TFLOPs   51.0 %  LoFi BFP8 x BFP8 => BFP8
   66    0.0 %         LayerNormDeviceOperation                                        0       1,231 μs         13 μs     64                                                 BFP8, BFP8 => BFP8
