2026-07-19 06:09:56.265 | INFO     | __main__:main:189 - Setting profiler artifacts folder to models/autoports/meta_llama_llama_3_1_70b_instruct/doc/optimized_multichip_decoder/baseline/tracy
2026-07-19 06:09:56.266 | INFO     | __main__:main:395 - Using port 8086
2026-07-19 06:09:56.266 | INFO     | tracy:run_report_setup:91 - Verifying tracy profiling tools
2026-07-19 06:09:56.273 | INFO     | __main__:main:413 - Test process started
2026-07-19 06:09:56.977 | INFO     | __main__:main:189 - Setting profiler artifacts folder to models/autoports/meta_llama_llama_3_1_70b_instruct/doc/optimized_multichip_decoder/baseline/tracy
2026-07-19 06:09:57.207 | DEBUG    | ttnn:<module>:79 - Initial ttnn.CONFIG:
Config{cache_path=/home/mvasiljevic/.cache/ttnn,model_cache_path=/home/mvasiljevic/.cache/ttnn/models,tmp_dir=/tmp/ttnn,enable_model_cache=false,enable_fast_runtime_mode=true,throw_exception_on_fallback=false,enable_logging=false,enable_graph_report=false,enable_graph_python_stack_traces=false,enable_detailed_buffer_report=false,enable_detailed_tensor_report=false,enable_comparison_mode=false,comparison_mode_should_raise_exception=false,comparison_mode_pcc=0.9999,root_report_path=generated/ttnn/reports,report_name=std::nullopt,std::nullopt}
============================= test session starts ==============================
platform linux -- Python 3.12.13, pytest-9.0.3, pluggy-1.6.0 -- /home/mvasiljevic/tt-metal/python_env/bin/python
cachedir: .pytest_cache
benchmark: 5.2.3 (defaults: timer=time.perf_counter disable_gc=False min_rounds=5 min_time=0.000005 max_time=1.0 calibration_precision=10 warmup=False warmup_iterations=100000)
rootdir: /home/mvasiljevic/tt-metal
configfile: pytest.ini
plugins: github-actions-annotate-failures-0.3.0, anyio-4.14.2, dash-2.15.0, split-0.11.0, timeout-2.4.0, benchmark-5.2.3, cov-7.0.0
timeout: 300.0s
timeout method: signal
timeout func_only: False
collecting ... collected 9 items / 8 deselected / 1 selected

models/autoports/meta_llama_llama_3_1_70b_instruct/tests/test_multichip_decoder.py::test_multichip_profiler_smoke[blackhole-blackhole-1x4-ring] 2026-07-19 06:09:59.488 | info     |          Device | Opening user mode device driver (tt_cluster.cpp:228)
2026-07-19 06:09:59.488 | info     |             UMD | Cluster constructor started. (cluster.cpp:348)
2026-07-19 06:09:59.489 | info     |             UMD | Creating TopologyDiscovery for architecture: blackhole (topology_discovery.cpp:91)
2026-07-19 06:09:59.489 | info     |             UMD | Starting topology discovery. (topology_discovery.cpp:110)
2026-07-19 06:09:59.490 | info     |             UMD | Established firmware bundle version: 19.8.0 (topology_discovery.cpp:569)
2026-07-19 06:09:59.490 | info     |             UMD | Firmware bundle version 19.8.0 on the system is newer than the latest fully tested version 19.5.0 for blackhole architecture. Newest features may not be supported. (topology_discovery.cpp:601)
2026-07-19 06:09:59.494 | info     |             UMD | Completed topology discovery. (topology_discovery.cpp:114)
2026-07-19 06:09:59.717 | info     |             UMD | Opening local chip ids/PCIe ids: {0, 1, 2, 3}/[0, 1, 2, 3] and remote chip ids {} (cluster.cpp:168)
2026-07-19 06:09:59.717 | info     |             UMD | IOMMU: enabled (cluster.cpp:142)
2026-07-19 06:09:59.717 | info     |             UMD | KMD version: 2.8.0 (cluster.cpp:145)
2026-07-19 06:09:59.717 | info     |             UMD | Cluster constructor completed. (cluster.cpp:520)
2026-07-19 06:09:59.719 | info     |             UMD | Starting devices in cluster (cluster.cpp:1024)
2026-07-19 06:09:59.845 | info     |             UMD | Starting devices in cluster completed. (cluster.cpp:1032)
--------------------------------------------------------------------------
It appears as if there is not enough space for /dev/shm/sm_segment.23ff5195c3f7.1000.19cb0000.0 (the shared-memory backing
file). It is likely that your MPI job will now either abort or experience
performance degradation.

  Local host:  23ff5195c3f7
  Space Requested: 16777216 B
  Space Available: 17489920 B
--------------------------------------------------------------------------
2026-07-19 06:09:59.970 | DEBUG    | ttnn.device:__init__:152 - Using default dispatch core type for this system: DispatchCoreType.WORKER
2026-07-19 06:09:59.970 | DEBUG    | ttnn.device:__init__:154 - Using default dispatch core axis for this system: DispatchCoreAxis.COL
2026-07-19 06:09:59.970 | info     |     Distributed | Using auto discovery to generate mesh graph. (metal_env.cpp:367)
2026-07-19 06:09:59.970 | info     |     Distributed | Constructing control plane using auto-discovery (no mesh graph descriptor). (metal_env.cpp:429)
2026-07-19 06:09:59.971 | warning  |          Always | Unknown motherboard 'B850M-C' for chip_id=0 (bus_id=0x1) — falling back to bus_id as tray_id. Add this motherboard and its bus IDs to mobo_to_bus_ids in physical_system_discovery.cpp. (physical_system_discovery.cpp:89)
2026-07-19 06:09:59.971 | warning  |          Always | Unknown motherboard 'B850M-C' for chip_id=1 (bus_id=0x2) — falling back to bus_id as tray_id. Add this motherboard and its bus IDs to mobo_to_bus_ids in physical_system_discovery.cpp. (physical_system_discovery.cpp:89)
2026-07-19 06:09:59.971 | warning  |          Always | Unknown motherboard 'B850M-C' for chip_id=2 (bus_id=0x3) — falling back to bus_id as tray_id. Add this motherboard and its bus IDs to mobo_to_bus_ids in physical_system_discovery.cpp. (physical_system_discovery.cpp:89)
2026-07-19 06:09:59.971 | warning  |          Always | Unknown motherboard 'B850M-C' for chip_id=3 (bus_id=0x4) — falling back to bus_id as tray_id. Add this motherboard and its bus IDs to mobo_to_bus_ids in physical_system_discovery.cpp. (physical_system_discovery.cpp:89)
2026-07-19 06:09:59.971 | warning  |          Always | Unknown motherboard 'B850M-C' for chip_id=1 (bus_id=0x2) — falling back to bus_id as tray_id. Add this motherboard and its bus IDs to mobo_to_bus_ids in physical_system_discovery.cpp. (physical_system_discovery.cpp:89)
2026-07-19 06:09:59.971 | warning  |          Always | Unknown motherboard 'B850M-C' for chip_id=0 (bus_id=0x1) — falling back to bus_id as tray_id. Add this motherboard and its bus IDs to mobo_to_bus_ids in physical_system_discovery.cpp. (physical_system_discovery.cpp:89)
2026-07-19 06:09:59.971 | warning  |          Always | Unknown motherboard 'B850M-C' for chip_id=2 (bus_id=0x3) — falling back to bus_id as tray_id. Add this motherboard and its bus IDs to mobo_to_bus_ids in physical_system_discovery.cpp. (physical_system_discovery.cpp:89)
2026-07-19 06:09:59.971 | warning  |          Always | Unknown motherboard 'B850M-C' for chip_id=3 (bus_id=0x4) — falling back to bus_id as tray_id. Add this motherboard and its bus IDs to mobo_to_bus_ids in physical_system_discovery.cpp. (physical_system_discovery.cpp:89)
2026-07-19 06:09:59.971 | info     |          Fabric | Logical multi-mesh adjacency: intermesh degree histogram {0:1}; intra-mesh degree histograms mesh0 {2:4} (topology_mapper_utils.cpp:2342)
2026-07-19 06:09:59.971 | info     |          Fabric | Physical multi-mesh adjacency: intermesh degree histogram {0:1}; intra-mesh degree histograms mesh0 {2:4} (topology_mapper_utils.cpp:2350)
2026-07-19 06:10:00.024 | info     |           Metal | Profiler started on device 0 (profiler_initializer.cpp:49)
2026-07-19 06:10:00.030 | info     |           Metal | Profiler started on device 1 (profiler_initializer.cpp:49)
2026-07-19 06:10:00.037 | info     |           Metal | Profiler started on device 2 (profiler_initializer.cpp:49)
2026-07-19 06:10:00.043 | info     |           Metal | Profiler started on device 3 (profiler_initializer.cpp:49)
2026-07-19 06:10:00.043 | info     |           Metal | Initializing Fabric (fabric_firmware_initializer.cpp:288)
2026-07-19 06:10:00.065 | info     |           Metal | Fabric initialized on Device 0 (device.cpp:429)
2026-07-19 06:10:00.076 | info     |           Metal | Fabric initialized on Device 1 (device.cpp:429)
2026-07-19 06:10:00.077 | info     |           Metal | Fabric initialized on Device 2 (device.cpp:429)
2026-07-19 06:10:00.078 | info     |           Metal | Fabric initialized on Device 3 (device.cpp:429)
2026-07-19 06:10:00.078 | info     |           Metal | Fabric initialized on 4 devices (fabric_firmware_initializer.cpp:435)
2026-07-19 06:10:00.078 | info     |           Metal | Fabric Initialized with config FabricConfig::FABRIC_1D_RING (fabric_firmware_initializer.cpp:305)
2026-07-19 06:10:00.121 | info     |           Metal | ShmResourceTracker: removed orphaned shm '/tt_device_154095681929600_memory' (shm_resource_tracker.cpp:282)
2026-07-19 06:10:00.121 | info     |           Metal | ShmResourceTracker: removed orphaned shm '/tt_device_154095681929601_memory' (shm_resource_tracker.cpp:282)
2026-07-19 06:10:00.121 | info     |           Metal | ShmResourceTracker: removed orphaned shm '/tt_device_154095681932032_memory' (shm_resource_tracker.cpp:282)
2026-07-19 06:10:00.121 | info     |           Metal | ShmResourceTracker: removed orphaned shm '/tt_device_154095681932033_memory' (shm_resource_tracker.cpp:282)
2026-07-19 06:10:00.701 | info     |           Metal | [Real-time profiler] Device 0 sync complete: 100 samples, frequency=1.349987 GHz, device_time_at_sync=13982985386919 cycles (realtime_profiler_manager.cpp:1127)
2026-07-19 06:10:00.701 | info     |           Metal | [Real-time profiler] Device 1 sync complete: 100 samples, frequency=1.349985 GHz, device_time_at_sync=13993594378923 cycles (realtime_profiler_manager.cpp:1127)
2026-07-19 06:10:00.702 | info     |           Metal | [Real-time profiler] Device 3 sync complete: 100 samples, frequency=1.349987 GHz, device_time_at_sync=14021450539469 cycles (realtime_profiler_manager.cpp:1127)
2026-07-19 06:10:00.703 | info     |           Metal | [Real-time profiler] Device 2 sync complete: 100 samples, frequency=1.349988 GHz, device_time_at_sync=14006180580821 cycles (realtime_profiler_manager.cpp:1127)
2026-07-19 06:10:00.732 | DEBUG    | conftest:mesh_device:599 - multidevice with 4 devices is created
2026-07-19 06:10:10.242 | INFO     | tracy:signpost:49 - MULTICHIP_PREFILL
2026-07-19 06:10:10.332 | INFO     | tracy:signpost:49 - MULTICHIP_PREFILL_END
2026-07-19 06:10:10.442 | INFO     | tracy:signpost:49 - MULTICHIP_TRACE_DECODE
2026-07-19 06:10:10.449 | INFO     | tracy:signpost:49 - MULTICHIP_TRACE_DECODE_END
PASSED

==================================== PASSES ====================================
- generated xml file: /home/mvasiljevic/tt-metal/generated/test_reports/most_recent_tests.xml -
============================== slowest durations ===============================
9.72s call     models/autoports/meta_llama_llama_3_1_70b_instruct/tests/test_multichip_decoder.py::test_multichip_profiler_smoke[blackhole-blackhole-1x4-ring]
1.53s teardown models/autoports/meta_llama_llama_3_1_70b_instruct/tests/test_multichip_decoder.py::test_multichip_profiler_smoke[blackhole-blackhole-1x4-ring]
1.45s setup    models/autoports/meta_llama_llama_3_1_70b_instruct/tests/test_multichip_decoder.py::test_multichip_profiler_smoke[blackhole-blackhole-1x4-ring]
=========================== short test summary info ============================
PASSED models/autoports/meta_llama_llama_3_1_70b_instruct/tests/test_multichip_decoder.py::test_multichip_profiler_smoke[blackhole-blackhole-1x4-ring]
======================= 1 passed, 8 deselected in 13.53s =======================
nanobind: leaked 2 instances!
 - leaked instance 0x752a11cf8408 of type "ttnn._ttnn.tensor.MemoryConfig"
 - leaked instance 0x752a1a5fdf98 of type "ttnn._ttnn.tensor.CoreRangeSet"
nanobind: leaked 22 types!
 - leaked type "ttnn._ttnn.operations.matmul.MatmulMultiCoreReuseMultiCast1DProgramConfig"
 - leaked type "FabricConfig"
 - leaked type "ttnn._ttnn.operations.matmul.MatmulInputs"
 - leaked type "ttnn._ttnn.operations.matmul.MatmulMultiCoreReuseMultiCastBatchedDRAMShardedProgramConfig"
 - leaked type "BufferType"
 - leaked type "UnaryOpType"
 - leaked type "Layout"
 - leaked type "ttnn._ttnn.operations.matmul.MatmulMultiCoreReuseOptimizedProgramFactory"
 - leaked type "Arch"
 - leaked type "ttnn._ttnn.operations.matmul.MatmulParams"
 - ... skipped remainder
nanobind: leaked 247 functions!
 - leaked function ""
 - leaked function "__repr__"
 - leaked function "push_current_command_queue_id_for_thread"
 - leaked function "disable_and_clear_program_cache"
 - leaked function "get_optimal_dram_bank_to_logical_worker_assignment"
 - leaked function ""
 - leaked function ""
 - leaked function ""
 - leaked function "unpad_from_tile"
 - leaked function "get_view"
 - ... skipped remainder
nanobind: this is likely caused by a reference counting issue in the binding code.
See https://nanobind.readthedocs.io/en/latest/refleaks.html2026-07-19 06:10:13.647 | info     |    BuildKernels | JIT cache stats: 247/247 hits (100.0%) [247 cached, 90 build-once dedup, 0 merged artifacts, 0 merged genfiles] (build_cache_telemetry.cpp:207)
2026-07-19 06:10:13.647 | info     |    BuildKernels | JIT telemetry: 3 registered TelemetryTokens (build_cache_telemetry.cpp:230)
2026-07-19 06:10:13.663 | info     |          Device | Closing user mode device drivers (tt_cluster.cpp:512)
2026-07-19 06:10:13.663 | info     |             UMD | Closing devices in cluster (cluster.cpp:1037)
2026-07-19 06:10:14.244 | info     |             UMD | Closing devices in cluster completed. (cluster.cpp:1046)
2026-07-19 06:10:14.245 | info     |             UMD | Cluster destructor started. (cluster.cpp:754)
2026-07-19 06:10:14.245 | info     |             UMD | Cluster destructor completed. (cluster.cpp:757)
2026-07-19 06:10:14.461 | INFO     | __main__:main:452 - Copying /home/mvasiljevic/tt-metal/generated/profiler/.logs/tracy_profile_log_host.tracy to /home/mvasiljevic/tt-metal/build/profiler/build_wasm/traces/profiler_smoke_2026_07_19_06_10_14.tracy
2026-07-19 06:10:14.463 | INFO     | __main__:main:455 - Copied /home/mvasiljevic/tt-metal/generated/profiler/.logs/tracy_profile_log_host.tracy to /home/mvasiljevic/tt-metal/build/profiler/build_wasm/traces/profiler_smoke_2026_07_19_06_10_14.tracy
2026-07-19 06:10:14.464 | INFO     | __main__:main:464 - embed.tracy -> traces/profiler_smoke_2026_07_19_06_10_14.tracy
2026-07-19 06:10:14.464 | INFO     | tracy.serve_wasm:launch_server_subprocess:284 - Launching tracy web app GUI server subprocess...
2026-07-19 06:10:14.464 | INFO     | tracy.serve_wasm:launch_server_subprocess:287 - Tracy WASM web UI (open in browser): http://localhost:8080/ (WebSocket for live reload: ws://localhost:8081/)
2026-07-19 06:10:14.464 | INFO     | tracy.serve_wasm:launch_server_subprocess:294 - Tracy WASM server already serving port 8080; reusing it (live-reload refreshes the browser).
2026-07-19 06:10:14.683 | INFO     | tracy:generate_report:162 - Host side ops time report generated at models/autoports/meta_llama_llama_3_1_70b_instruct/doc/optimized_multichip_decoder/baseline/tracy/.logs/tracy_ops_times.csv
2026-07-19 06:10:14.694 | INFO     | tracy:generate_report:173 - Host side ops data report generated at models/autoports/meta_llama_llama_3_1_70b_instruct/doc/optimized_multichip_decoder/baseline/tracy/.logs/tracy_ops_data.csv
2026-07-19 06:10:14.694 | INFO     | tracy.process_ops_logs:import_tracy_op_logs:345 - Importing ops logs
/home/mvasiljevic/tt-metal/tools/tracy/process_ops_logs.py:450: DtypeWarning: Columns (3,4,8) have mixed types. Specify dtype option on import or set low_memory=False.
  df = pd.read_csv(tracyOpTimesLog)
2026-07-19 06:10:15.327 | INFO     | tracy.perf_counter_analysis:get_device_op_data:2140 - Getting device ops
2026-07-19 06:10:15.328 | INFO     | tracy.process_ops_logs:append_device_data:1009 - Appending device data
2026-07-19 06:10:16.082 | INFO     | tracy.process_ops_logs:generate_reports:1342 - OPs' perf analysis is finished! Generating reports ...
2026-07-19 06:10:16.082 | INFO     | tracy.process_ops_logs:generate_reports:1360 - Copying runtime artifacts
2026-07-19 06:10:16.100 | INFO     | tracy.process_ops_logs:generate_reports:1369 - Generating OPs CSV
2026-07-19 06:10:16.478 | INFO     | tracy.process_ops_logs:generate_reports:1765 - OPs csv generated at: /home/mvasiljevic/tt-metal/models/autoports/meta_llama_llama_3_1_70b_instruct/doc/optimized_multichip_decoder/baseline/tracy/reports/2026_07_19_06_10_16/ops_perf_results_2026_07_19_06_10_16.csv
