2026-07-18 08:42:46.412 | DEBUG    | ttnn:<module>:79 - Initial ttnn.CONFIG:
Config{cache_path=/home/mvasiljevic/.cache/ttnn,model_cache_path=/home/mvasiljevic/.cache/ttnn/models,tmp_dir=/tmp/ttnn,enable_model_cache=false,enable_fast_runtime_mode=true,throw_exception_on_fallback=false,enable_logging=false,enable_graph_report=false,enable_graph_python_stack_traces=false,enable_detailed_buffer_report=false,enable_detailed_tensor_report=false,enable_comparison_mode=false,comparison_mode_should_raise_exception=false,comparison_mode_pcc=0.9999,root_report_path=generated/ttnn/reports,report_name=std::nullopt,std::nullopt}
============================= test session starts ==============================
platform linux -- Python 3.12.13, pytest-9.0.3, pluggy-1.6.0 -- /home/mvasiljevic/tt-metal/python_env/bin/python3
cachedir: .pytest_cache
benchmark: 5.2.3 (defaults: timer=time.perf_counter disable_gc=False min_rounds=5 min_time=0.000005 max_time=1.0 calibration_precision=10 warmup=False warmup_iterations=100000)
rootdir: /home/mvasiljevic/tt-metal
configfile: pytest.ini
plugins: github-actions-annotate-failures-0.3.0, anyio-4.14.2, dash-2.15.0, split-0.11.0, timeout-2.4.0, benchmark-5.2.3, cov-7.0.0
timeout: 300.0s
timeout method: signal
timeout func_only: False
collecting ... collected 9 items / 7 deselected / 2 selected

models/autoports/meta_llama_llama_3_1_8b_instruct/tests/test_multichip_decoder.py::test_multichip_correctness_single_chip_reference[blackhole-blackhole-single-chip-reference] 2026-07-18 08:42:48.242 | info     |          Device | Opening user mode device driver (tt_cluster.cpp:228)
2026-07-18 08:42:48.242 | info     |             UMD | Cluster constructor started. (cluster.cpp:348)
2026-07-18 08:42:48.242 | info     |             UMD | Creating TopologyDiscovery for architecture: blackhole (topology_discovery.cpp:91)
2026-07-18 08:42:48.242 | info     |             UMD | Starting topology discovery. (topology_discovery.cpp:110)
2026-07-18 08:42:48.244 | info     |             UMD | Established firmware bundle version: 19.8.0 (topology_discovery.cpp:569)
2026-07-18 08:42:48.244 | info     |             UMD | Firmware bundle version 19.8.0 on the system is newer than the latest fully tested version 19.5.0 for blackhole architecture. Newest features may not be supported. (topology_discovery.cpp:601)
2026-07-18 08:42:48.248 | info     |             UMD | Completed topology discovery. (topology_discovery.cpp:114)
2026-07-18 08:42:48.470 | info     |             UMD | Opening local chip ids/PCIe ids: {0, 1, 2, 3}/[0, 1, 2, 3] and remote chip ids {} (cluster.cpp:168)
2026-07-18 08:42:48.470 | info     |             UMD | IOMMU: enabled (cluster.cpp:142)
2026-07-18 08:42:48.470 | info     |             UMD | KMD version: 2.8.0 (cluster.cpp:145)
2026-07-18 08:42:48.470 | info     |             UMD | Cluster constructor completed. (cluster.cpp:520)
2026-07-18 08:42:48.472 | info     |             UMD | Starting devices in cluster (cluster.cpp:1024)
2026-07-18 08:42:48.668 | info     |             UMD | Starting devices in cluster completed. (cluster.cpp:1032)
--------------------------------------------------------------------------
It appears as if there is not enough space for /dev/shm/sm_segment.23ff5195c3f7.1000.4e370000.0 (the shared-memory backing
file). It is likely that your MPI job will now either abort or experience
performance degradation.

  Local host:  23ff5195c3f7
  Space Requested: 16777216 B
  Space Available: 17489920 B
--------------------------------------------------------------------------
2026-07-18 08:42:48.790 | DEBUG    | ttnn.device:__init__:152 - Using default dispatch core type for this system: DispatchCoreType.WORKER
2026-07-18 08:42:48.791 | DEBUG    | ttnn.device:__init__:154 - Using default dispatch core axis for this system: DispatchCoreAxis.COL
2026-07-18 08:42:48.791 | info     |     Distributed | Using auto discovery to generate mesh graph. (metal_env.cpp:367)
2026-07-18 08:42:48.791 | info     |     Distributed | Constructing control plane using auto-discovery (no mesh graph descriptor). (metal_env.cpp:429)
2026-07-18 08:42:48.791 | warning  |          Always | Unknown motherboard 'B850M-C' for chip_id=0 (bus_id=0x1) — falling back to bus_id as tray_id. Add this motherboard and its bus IDs to mobo_to_bus_ids in physical_system_discovery.cpp. (physical_system_discovery.cpp:89)
2026-07-18 08:42:48.791 | warning  |          Always | Unknown motherboard 'B850M-C' for chip_id=1 (bus_id=0x2) — falling back to bus_id as tray_id. Add this motherboard and its bus IDs to mobo_to_bus_ids in physical_system_discovery.cpp. (physical_system_discovery.cpp:89)
2026-07-18 08:42:48.791 | warning  |          Always | Unknown motherboard 'B850M-C' for chip_id=2 (bus_id=0x3) — falling back to bus_id as tray_id. Add this motherboard and its bus IDs to mobo_to_bus_ids in physical_system_discovery.cpp. (physical_system_discovery.cpp:89)
2026-07-18 08:42:48.791 | warning  |          Always | Unknown motherboard 'B850M-C' for chip_id=3 (bus_id=0x4) — falling back to bus_id as tray_id. Add this motherboard and its bus IDs to mobo_to_bus_ids in physical_system_discovery.cpp. (physical_system_discovery.cpp:89)
2026-07-18 08:42:48.791 | warning  |          Always | Unknown motherboard 'B850M-C' for chip_id=1 (bus_id=0x2) — falling back to bus_id as tray_id. Add this motherboard and its bus IDs to mobo_to_bus_ids in physical_system_discovery.cpp. (physical_system_discovery.cpp:89)
2026-07-18 08:42:48.791 | warning  |          Always | Unknown motherboard 'B850M-C' for chip_id=0 (bus_id=0x1) — falling back to bus_id as tray_id. Add this motherboard and its bus IDs to mobo_to_bus_ids in physical_system_discovery.cpp. (physical_system_discovery.cpp:89)
2026-07-18 08:42:48.791 | warning  |          Always | Unknown motherboard 'B850M-C' for chip_id=2 (bus_id=0x3) — falling back to bus_id as tray_id. Add this motherboard and its bus IDs to mobo_to_bus_ids in physical_system_discovery.cpp. (physical_system_discovery.cpp:89)
2026-07-18 08:42:48.791 | warning  |          Always | Unknown motherboard 'B850M-C' for chip_id=3 (bus_id=0x4) — falling back to bus_id as tray_id. Add this motherboard and its bus IDs to mobo_to_bus_ids in physical_system_discovery.cpp. (physical_system_discovery.cpp:89)
2026-07-18 08:42:48.791 | info     |          Fabric | Logical multi-mesh adjacency: intermesh degree histogram {0:1}; intra-mesh degree histograms mesh0 {2:4} (topology_mapper_utils.cpp:2342)
2026-07-18 08:42:48.791 | info     |          Fabric | Physical multi-mesh adjacency: intermesh degree histogram {0:1}; intra-mesh degree histograms mesh0 {2:4} (topology_mapper_utils.cpp:2350)
2026-07-18 08:42:48.791 | warning  |       Inspector | Failed to create logging directory: /home/mvasiljevic/tt-metal/generated/inspector. Error: filesystem error: cannot remove all: Permission denied [/home/mvasiljevic/tt-metal/generated/inspector] [/home/mvasiljevic/tt-metal/generated/inspector/programs_log.yaml]

You can disable exception by setting TT_METAL_INSPECTOR_INITIALIZATION_IS_IMPORTANT=0 in your environment variables. Note that this will not throw an exception, but will log a warning instead. Running without Inspector logger will impact tt-triage functionality. (logger.cpp:37)
2026-07-18 08:42:48.796 | info     |    BuildKernels | Using pre-compiled firmware from: /home/mvasiljevic/tt-metal/tt_metal/pre-compiled/13793420398762238087/ (build_env_manager.cpp:347)
2026-07-18 08:42:48.796 | info     |    BuildKernels | Using pre-compiled firmware from: /home/mvasiljevic/tt-metal/tt_metal/pre-compiled/13793420398762238087/ (build_env_manager.cpp:347)
2026-07-18 08:42:48.796 | info     |    BuildKernels | Using pre-compiled firmware from: /home/mvasiljevic/tt-metal/tt_metal/pre-compiled/13793420398762238087/ (build_env_manager.cpp:347)
2026-07-18 08:42:48.796 | info     |    BuildKernels | Using pre-compiled firmware from: /home/mvasiljevic/tt-metal/tt_metal/pre-compiled/13793420398762238087/ (build_env_manager.cpp:347)
2026-07-18 08:42:48.824 | warning  |           Metal | Opening subset of mmio devices slows down UMD read/write to remote chips. If opening more devices, consider using CreateDevices API. (device_manager.cpp:261)
2026-07-18 08:42:48.863 | info     |           Metal | ShmResourceTracker: removed orphaned shm '/tt_device_154095681929600_memory' (shm_resource_tracker.cpp:282)
2026-07-18 08:42:48.863 | info     |           Metal | ShmResourceTracker: removed orphaned shm '/tt_device_154095681929601_memory' (shm_resource_tracker.cpp:282)
2026-07-18 08:42:48.863 | info     |           Metal | ShmResourceTracker: removed orphaned shm '/tt_device_154095681932032_memory' (shm_resource_tracker.cpp:282)
2026-07-18 08:42:48.863 | info     |           Metal | ShmResourceTracker: removed orphaned shm '/tt_device_154095681932033_memory' (shm_resource_tracker.cpp:282)
2026-07-18 08:42:49.441 | info     |           Metal | [Real-time profiler] Device 3 sync complete: 100 samples, frequency=1.349981 GHz, device_time_at_sync=659963115407 cycles (realtime_profiler_manager.cpp:1127)
2026-07-18 08:42:49.457 | DEBUG    | conftest:mesh_device:599 - multidevice with 1 devices is created
PASSED
models/autoports/meta_llama_llama_3_1_8b_instruct/tests/test_multichip_decoder.py::test_multichip_correctness_cache_determinism_and_trace_contract[blackhole-p300-1x4-ring] 2026-07-18 08:42:52.424 | DEBUG    | ttnn.device:__init__:152 - Using default dispatch core type for this system: DispatchCoreType.WORKER
2026-07-18 08:42:52.424 | DEBUG    | ttnn.device:__init__:154 - Using default dispatch core axis for this system: DispatchCoreAxis.COL
2026-07-18 08:42:52.424 | info     |           Metal | Fabric config changed from FabricConfig::DISABLED to FabricConfig::FABRIC_1D_RING, reinitializing control plane (metal_env.cpp:281)
2026-07-18 08:42:52.424 | info     |     Distributed | Using auto discovery to generate mesh graph. (metal_env.cpp:367)
2026-07-18 08:42:52.424 | info     |     Distributed | Constructing control plane using auto-discovery (no mesh graph descriptor). (metal_env.cpp:429)
2026-07-18 08:42:52.424 | warning  |          Always | Unknown motherboard 'B850M-C' for chip_id=0 (bus_id=0x1) — falling back to bus_id as tray_id. Add this motherboard and its bus IDs to mobo_to_bus_ids in physical_system_discovery.cpp. (physical_system_discovery.cpp:89)
2026-07-18 08:42:52.424 | warning  |          Always | Unknown motherboard 'B850M-C' for chip_id=1 (bus_id=0x2) — falling back to bus_id as tray_id. Add this motherboard and its bus IDs to mobo_to_bus_ids in physical_system_discovery.cpp. (physical_system_discovery.cpp:89)
2026-07-18 08:42:52.424 | warning  |          Always | Unknown motherboard 'B850M-C' for chip_id=2 (bus_id=0x3) — falling back to bus_id as tray_id. Add this motherboard and its bus IDs to mobo_to_bus_ids in physical_system_discovery.cpp. (physical_system_discovery.cpp:89)
2026-07-18 08:42:52.424 | warning  |          Always | Unknown motherboard 'B850M-C' for chip_id=3 (bus_id=0x4) — falling back to bus_id as tray_id. Add this motherboard and its bus IDs to mobo_to_bus_ids in physical_system_discovery.cpp. (physical_system_discovery.cpp:89)
2026-07-18 08:42:52.424 | warning  |          Always | Unknown motherboard 'B850M-C' for chip_id=1 (bus_id=0x2) — falling back to bus_id as tray_id. Add this motherboard and its bus IDs to mobo_to_bus_ids in physical_system_discovery.cpp. (physical_system_discovery.cpp:89)
2026-07-18 08:42:52.424 | warning  |          Always | Unknown motherboard 'B850M-C' for chip_id=0 (bus_id=0x1) — falling back to bus_id as tray_id. Add this motherboard and its bus IDs to mobo_to_bus_ids in physical_system_discovery.cpp. (physical_system_discovery.cpp:89)
2026-07-18 08:42:52.424 | warning  |          Always | Unknown motherboard 'B850M-C' for chip_id=2 (bus_id=0x3) — falling back to bus_id as tray_id. Add this motherboard and its bus IDs to mobo_to_bus_ids in physical_system_discovery.cpp. (physical_system_discovery.cpp:89)
2026-07-18 08:42:52.424 | warning  |          Always | Unknown motherboard 'B850M-C' for chip_id=3 (bus_id=0x4) — falling back to bus_id as tray_id. Add this motherboard and its bus IDs to mobo_to_bus_ids in physical_system_discovery.cpp. (physical_system_discovery.cpp:89)
2026-07-18 08:42:52.425 | info     |          Fabric | Logical multi-mesh adjacency: intermesh degree histogram {0:1}; intra-mesh degree histograms mesh0 {2:4} (topology_mapper_utils.cpp:2342)
2026-07-18 08:42:52.425 | info     |          Fabric | Physical multi-mesh adjacency: intermesh degree histogram {0:1}; intra-mesh degree histograms mesh0 {2:4} (topology_mapper_utils.cpp:2350)
2026-07-18 08:42:52.435 | warning  |       Inspector | Failed to create logging directory: /home/mvasiljevic/tt-metal/generated/inspector. Error: filesystem error: cannot remove all: Permission denied [/home/mvasiljevic/tt-metal/generated/inspector] [/home/mvasiljevic/tt-metal/generated/inspector/programs_log.yaml]

You can disable exception by setting TT_METAL_INSPECTOR_INITIALIZATION_IS_IMPORTANT=0 in your environment variables. Note that this will not throw an exception, but will log a warning instead. Running without Inspector logger will impact tt-triage functionality. (logger.cpp:37)
2026-07-18 08:42:52.437 | info     |    BuildKernels | Using pre-compiled firmware from: /home/mvasiljevic/tt-metal/tt_metal/pre-compiled/13793420398762238087/ (build_env_manager.cpp:347)
2026-07-18 08:42:52.439 | info     |    BuildKernels | Using pre-compiled firmware from: /home/mvasiljevic/tt-metal/tt_metal/pre-compiled/13793420398762238087/ (build_env_manager.cpp:347)
2026-07-18 08:42:52.439 | info     |    BuildKernels | Using pre-compiled firmware from: /home/mvasiljevic/tt-metal/tt_metal/pre-compiled/13793420398762238087/ (build_env_manager.cpp:347)
2026-07-18 08:42:52.440 | info     |    BuildKernels | Using pre-compiled firmware from: /home/mvasiljevic/tt-metal/tt_metal/pre-compiled/13793420398762238087/ (build_env_manager.cpp:347)
2026-07-18 08:42:52.470 | info     |           Metal | Initializing Fabric (fabric_firmware_initializer.cpp:288)
2026-07-18 08:42:52.487 | info     |           Metal | Fabric initialized on Device 3 (device.cpp:429)
2026-07-18 08:42:52.488 | info     |           Metal | Fabric initialized on Device 0 (device.cpp:429)
2026-07-18 08:42:52.489 | info     |           Metal | Fabric initialized on Device 1 (device.cpp:429)
2026-07-18 08:42:52.489 | info     |           Metal | Fabric initialized on Device 2 (device.cpp:429)
2026-07-18 08:42:52.489 | info     |           Metal | Fabric initialized on 4 devices (fabric_firmware_initializer.cpp:435)
2026-07-18 08:42:52.489 | info     |           Metal | Fabric Initialized with config FabricConfig::FABRIC_1D_RING (fabric_firmware_initializer.cpp:305)
2026-07-18 08:42:53.108 | info     |           Metal | [Real-time profiler] Device 0 sync complete: 100 samples, frequency=1.349986 GHz, device_time_at_sync=691105922518 cycles (realtime_profiler_manager.cpp:1127)
2026-07-18 08:42:53.108 | info     |           Metal | [Real-time profiler] Device 2 sync complete: 100 samples, frequency=1.349983 GHz, device_time_at_sync=663474668438 cycles (realtime_profiler_manager.cpp:1127)
2026-07-18 08:42:53.110 | info     |           Metal | [Real-time profiler] Device 1 sync complete: 100 samples, frequency=1.349993 GHz, device_time_at_sync=662166881543 cycles (realtime_profiler_manager.cpp:1127)
2026-07-18 08:42:53.137 | DEBUG    | conftest:mesh_device:599 - multidevice with 4 devices is created
TP4 prefill vs optimized: 0.9999993670541333
TP4 decode vs optimized: 0.9999886729313879
TP4 local key-cache heads: 0.999987089351028
TP4 local value-cache heads: 0.9999805259270089
paged TP4 decode run=0: 0.999987125937171
paged TP4 decode run=1: 0.999987125937171
paged TP4 decode run=2: 0.999987125937171
paged physical key block: 0.9999840630389415
paged physical value block: 0.9999753047648897
boundary-walk seed TP4 prefill: 0.9999996415491823
page-boundary TP4 decode position=63: 0.9999704508271066
page-boundary TP4 decode position=64: 0.9999710440478383
page-boundary TP4 decode position=65: 0.9999695769724863
rank=0 physical key page=0: 0.9999182458441012
rank=0 physical key page=1: 0.9998681867453636
rank=1 physical key page=0: 0.9999169982515718
rank=1 physical key page=1: 0.9998642445848487
rank=2 physical key page=0: 0.9999180349235152
rank=2 physical key page=1: 0.9998680299319678
rank=3 physical key page=0: 0.9999188183409954
rank=3 physical key page=1: 0.9998700307328476
rank=0 physical value page=0: 0.999937401414035
rank=0 physical value page=1: 0.9998980943123105
rank=1 physical value page=0: 0.9999382145761156
rank=1 physical value page=1: 0.9998992151133265
rank=2 physical value page=0: 0.9999369618207434
rank=2 physical value page=1: 0.9998975467926184
rank=3 physical value page=0: 0.9999387488846367
rank=3 physical value page=1: 0.9998997085950964
second-page trace replay=0: 1.0
second-page trace replay=1: 1.0
second-page trace replay=2: 1.0
second-page trace replay=3: 1.0
second-page trace replay=4: 1.0
PASSED

==================================== PASSES ====================================
- generated xml file: /home/mvasiljevic/tt-metal/generated/test_reports/most_recent_tests.xml -
============================== slowest durations ===============================
3.89s call     models/autoports/meta_llama_llama_3_1_8b_instruct/tests/test_multichip_decoder.py::test_multichip_correctness_cache_determinism_and_trace_contract[blackhole-p300-1x4-ring]
2.64s call     models/autoports/meta_llama_llama_3_1_8b_instruct/tests/test_multichip_decoder.py::test_multichip_correctness_single_chip_reference[blackhole-blackhole-single-chip-reference]
1.41s setup    models/autoports/meta_llama_llama_3_1_8b_instruct/tests/test_multichip_decoder.py::test_multichip_correctness_single_chip_reference[blackhole-blackhole-single-chip-reference]
0.92s setup    models/autoports/meta_llama_llama_3_1_8b_instruct/tests/test_multichip_decoder.py::test_multichip_correctness_cache_determinism_and_trace_contract[blackhole-p300-1x4-ring]
0.12s teardown models/autoports/meta_llama_llama_3_1_8b_instruct/tests/test_multichip_decoder.py::test_multichip_correctness_cache_determinism_and_trace_contract[blackhole-p300-1x4-ring]
0.12s teardown models/autoports/meta_llama_llama_3_1_8b_instruct/tests/test_multichip_decoder.py::test_multichip_correctness_single_chip_reference[blackhole-blackhole-single-chip-reference]
=========================== short test summary info ============================
PASSED models/autoports/meta_llama_llama_3_1_8b_instruct/tests/test_multichip_decoder.py::test_multichip_correctness_single_chip_reference[blackhole-blackhole-single-chip-reference]
PASSED models/autoports/meta_llama_llama_3_1_8b_instruct/tests/test_multichip_decoder.py::test_multichip_correctness_cache_determinism_and_trace_contract[blackhole-p300-1x4-ring]
======================= 2 passed, 7 deselected in 10.07s =======================
nanobind: leaked 2 instances!
 - leaked instance 0x7f7fabc0c108 of type "ttnn._ttnn.tensor.MemoryConfig"
 - leaked instance 0x7f7fac385f68 of type "ttnn._ttnn.tensor.CoreRangeSet"
nanobind: leaked 22 types!
 - leaked type "ttnn._ttnn.operations.matmul.MatmulMultiCoreReuseMultiCast1DProgramConfig"
 - leaked type "FabricConfig"
 - leaked type "ttnn._ttnn.operations.matmul.MatmulInputs"
 - leaked type "ttnn._ttnn.operations.matmul.MatmulMultiCoreReuseMultiCastBatchedDRAMShardedProgramConfig"
 - leaked type "BufferType"
 - leaked type "UnaryOpType"
 - leaked type "Layout"
 - leaked type "ttnn._ttnn.operations.matmul.MatmulMultiCoreReuseOptimizedProgramFactory"
 - leaked type "Arch"
 - leaked type "ttnn._ttnn.operations.matmul.MatmulParams"
 - ... skipped remainder
nanobind: leaked 247 functions!
 - leaked function "sfpu_nan"
 - leaked function "tensor_topology"
 - leaked function "devices"
 - leaked function "to_numpy"
 - leaked function ""
 - leaked function "clear_loaded_sub_device_manager"
 - leaked function ""
 - leaked function "__repr__"
 - leaked function ""
 - leaked function "sfpu_eps"
 - ... skipped remainder
nanobind: this is likely caused by a reference counting issue in the binding code.
See https://nanobind.readthedocs.io/en/latest/refleaks.html2026-07-18 08:42:58.942 | info     |    BuildKernels | JIT cache stats: 443/445 hits (99.6%) [443 cached, 769 build-once dedup, 0 merged artifacts, 0 merged genfiles] (build_cache_telemetry.cpp:207)
2026-07-18 08:42:58.942 | info     |    BuildKernels | JIT telemetry: 3 registered TelemetryTokens (build_cache_telemetry.cpp:230)
2026-07-18 08:42:58.956 | info     |          Device | Closing user mode device drivers (tt_cluster.cpp:512)
2026-07-18 08:42:58.956 | info     |             UMD | Closing devices in cluster (cluster.cpp:1037)
2026-07-18 08:42:59.486 | info     |             UMD | Closing devices in cluster completed. (cluster.cpp:1046)
2026-07-18 08:42:59.486 | info     |             UMD | Cluster destructor started. (cluster.cpp:754)
2026-07-18 08:42:59.486 | info     |             UMD | Cluster destructor completed. (cluster.cpp:757)
