2026-07-18 09:26:44.798 | DEBUG    | ttnn:<module>:79 - Initial ttnn.CONFIG:
Config{cache_path=/home/mvasiljevic/.cache/ttnn,model_cache_path=/home/mvasiljevic/.cache/ttnn/models,tmp_dir=/tmp/ttnn,enable_model_cache=false,enable_fast_runtime_mode=true,throw_exception_on_fallback=false,enable_logging=false,enable_graph_report=false,enable_graph_python_stack_traces=false,enable_detailed_buffer_report=false,enable_detailed_tensor_report=false,enable_comparison_mode=false,comparison_mode_should_raise_exception=false,comparison_mode_pcc=0.9999,root_report_path=generated/ttnn/reports,report_name=std::nullopt,std::nullopt}
============================= test session starts ==============================
platform linux -- Python 3.12.13, pytest-9.0.3, pluggy-1.6.0 -- /home/mvasiljevic/tt-metal/python_env/bin/python3
cachedir: .pytest_cache
benchmark: 5.2.3 (defaults: timer=time.perf_counter disable_gc=False min_rounds=5 min_time=0.000005 max_time=1.0 calibration_precision=10 warmup=False warmup_iterations=100000)
rootdir: /home/mvasiljevic/tt-metal
configfile: pytest.ini
plugins: github-actions-annotate-failures-0.3.0, anyio-4.14.2, dash-2.15.0, split-0.11.0, timeout-2.4.0, benchmark-5.2.3, cov-7.0.0
timeout: 300.0s
timeout method: signal
timeout func_only: False
collecting ... collected 10 items / 9 deselected / 1 selected

models/autoports/meta_llama_llama_3_1_8b_instruct/tests/test_multichip_decoder.py::test_multichip_fused_matmul_reduce_scatter_probe[blackhole-p300-1x4-ring] 2026-07-18 09:26:46.649 | info     |          Device | Opening user mode device driver (tt_cluster.cpp:228)
2026-07-18 09:26:46.649 | info     |             UMD | Cluster constructor started. (cluster.cpp:348)
2026-07-18 09:26:46.649 | info     |             UMD | Creating TopologyDiscovery for architecture: blackhole (topology_discovery.cpp:91)
2026-07-18 09:26:46.649 | info     |             UMD | Starting topology discovery. (topology_discovery.cpp:110)
2026-07-18 09:26:46.650 | info     |             UMD | Established firmware bundle version: 19.8.0 (topology_discovery.cpp:569)
2026-07-18 09:26:46.650 | info     |             UMD | Firmware bundle version 19.8.0 on the system is newer than the latest fully tested version 19.5.0 for blackhole architecture. Newest features may not be supported. (topology_discovery.cpp:601)
2026-07-18 09:26:46.654 | info     |             UMD | Completed topology discovery. (topology_discovery.cpp:114)
2026-07-18 09:26:46.875 | info     |             UMD | Opening local chip ids/PCIe ids: {0, 1, 2, 3}/[0, 1, 2, 3] and remote chip ids {} (cluster.cpp:168)
2026-07-18 09:26:46.875 | info     |             UMD | IOMMU: enabled (cluster.cpp:142)
2026-07-18 09:26:46.875 | info     |             UMD | KMD version: 2.8.0 (cluster.cpp:145)
2026-07-18 09:26:46.875 | info     |             UMD | Cluster constructor completed. (cluster.cpp:520)
2026-07-18 09:26:46.877 | info     |             UMD | Starting devices in cluster (cluster.cpp:1024)
2026-07-18 09:26:47.079 | info     |             UMD | Starting devices in cluster completed. (cluster.cpp:1032)
--------------------------------------------------------------------------
It appears as if there is not enough space for /dev/shm/sm_segment.23ff5195c3f7.1000.e17a0000.0 (the shared-memory backing
file). It is likely that your MPI job will now either abort or experience
performance degradation.

  Local host:  23ff5195c3f7
  Space Requested: 16777216 B
  Space Available: 17539072 B
--------------------------------------------------------------------------
2026-07-18 09:26:47.202 | DEBUG    | ttnn.device:__init__:152 - Using default dispatch core type for this system: DispatchCoreType.WORKER
2026-07-18 09:26:47.202 | DEBUG    | ttnn.device:__init__:154 - Using default dispatch core axis for this system: DispatchCoreAxis.COL
2026-07-18 09:26:47.202 | info     |     Distributed | Using auto discovery to generate mesh graph. (metal_env.cpp:367)
2026-07-18 09:26:47.202 | info     |     Distributed | Constructing control plane using auto-discovery (no mesh graph descriptor). (metal_env.cpp:429)
2026-07-18 09:26:47.203 | warning  |          Always | Unknown motherboard 'B850M-C' for chip_id=0 (bus_id=0x1) — falling back to bus_id as tray_id. Add this motherboard and its bus IDs to mobo_to_bus_ids in physical_system_discovery.cpp. (physical_system_discovery.cpp:89)
2026-07-18 09:26:47.203 | warning  |          Always | Unknown motherboard 'B850M-C' for chip_id=1 (bus_id=0x2) — falling back to bus_id as tray_id. Add this motherboard and its bus IDs to mobo_to_bus_ids in physical_system_discovery.cpp. (physical_system_discovery.cpp:89)
2026-07-18 09:26:47.203 | warning  |          Always | Unknown motherboard 'B850M-C' for chip_id=2 (bus_id=0x3) — falling back to bus_id as tray_id. Add this motherboard and its bus IDs to mobo_to_bus_ids in physical_system_discovery.cpp. (physical_system_discovery.cpp:89)
2026-07-18 09:26:47.203 | warning  |          Always | Unknown motherboard 'B850M-C' for chip_id=3 (bus_id=0x4) — falling back to bus_id as tray_id. Add this motherboard and its bus IDs to mobo_to_bus_ids in physical_system_discovery.cpp. (physical_system_discovery.cpp:89)
2026-07-18 09:26:47.203 | warning  |          Always | Unknown motherboard 'B850M-C' for chip_id=1 (bus_id=0x2) — falling back to bus_id as tray_id. Add this motherboard and its bus IDs to mobo_to_bus_ids in physical_system_discovery.cpp. (physical_system_discovery.cpp:89)
2026-07-18 09:26:47.203 | warning  |          Always | Unknown motherboard 'B850M-C' for chip_id=0 (bus_id=0x1) — falling back to bus_id as tray_id. Add this motherboard and its bus IDs to mobo_to_bus_ids in physical_system_discovery.cpp. (physical_system_discovery.cpp:89)
2026-07-18 09:26:47.203 | warning  |          Always | Unknown motherboard 'B850M-C' for chip_id=2 (bus_id=0x3) — falling back to bus_id as tray_id. Add this motherboard and its bus IDs to mobo_to_bus_ids in physical_system_discovery.cpp. (physical_system_discovery.cpp:89)
2026-07-18 09:26:47.203 | warning  |          Always | Unknown motherboard 'B850M-C' for chip_id=3 (bus_id=0x4) — falling back to bus_id as tray_id. Add this motherboard and its bus IDs to mobo_to_bus_ids in physical_system_discovery.cpp. (physical_system_discovery.cpp:89)
2026-07-18 09:26:47.203 | info     |          Fabric | Logical multi-mesh adjacency: intermesh degree histogram {0:1}; intra-mesh degree histograms mesh0 {2:4} (topology_mapper_utils.cpp:2342)
2026-07-18 09:26:47.203 | info     |          Fabric | Physical multi-mesh adjacency: intermesh degree histogram {0:1}; intra-mesh degree histograms mesh0 {2:4} (topology_mapper_utils.cpp:2350)
2026-07-18 09:26:47.203 | warning  |       Inspector | Failed to create logging directory: /home/mvasiljevic/tt-metal/generated/inspector. Error: filesystem error: cannot remove all: Permission denied [/home/mvasiljevic/tt-metal/generated/inspector] [/home/mvasiljevic/tt-metal/generated/inspector/programs_log.yaml]

You can disable exception by setting TT_METAL_INSPECTOR_INITIALIZATION_IS_IMPORTANT=0 in your environment variables. Note that this will not throw an exception, but will log a warning instead. Running without Inspector logger will impact tt-triage functionality. (logger.cpp:37)
2026-07-18 09:26:47.208 | info     |    BuildKernels | Using pre-compiled firmware from: /home/mvasiljevic/tt-metal/tt_metal/pre-compiled/13793420398762238087/ (build_env_manager.cpp:347)
2026-07-18 09:26:47.208 | info     |    BuildKernels | Using pre-compiled firmware from: /home/mvasiljevic/tt-metal/tt_metal/pre-compiled/13793420398762238087/ (build_env_manager.cpp:347)
2026-07-18 09:26:47.208 | info     |    BuildKernels | Using pre-compiled firmware from: /home/mvasiljevic/tt-metal/tt_metal/pre-compiled/13793420398762238087/ (build_env_manager.cpp:347)
2026-07-18 09:26:47.208 | info     |    BuildKernels | Using pre-compiled firmware from: /home/mvasiljevic/tt-metal/tt_metal/pre-compiled/13793420398762238087/ (build_env_manager.cpp:347)
2026-07-18 09:26:47.242 | info     |           Metal | Initializing Fabric (fabric_firmware_initializer.cpp:288)
2026-07-18 09:26:47.270 | info     |           Metal | Fabric initialized on Device 0 (device.cpp:429)
2026-07-18 09:26:47.270 | info     |           Metal | Fabric initialized on Device 1 (device.cpp:429)
2026-07-18 09:26:47.271 | info     |           Metal | Fabric initialized on Device 2 (device.cpp:429)
2026-07-18 09:26:47.272 | info     |           Metal | Fabric initialized on Device 3 (device.cpp:429)
2026-07-18 09:26:47.272 | info     |           Metal | Fabric initialized on 4 devices (fabric_firmware_initializer.cpp:435)
2026-07-18 09:26:47.272 | info     |           Metal | Fabric Initialized with config FabricConfig::FABRIC_1D_RING (fabric_firmware_initializer.cpp:305)
2026-07-18 09:26:47.311 | info     |           Metal | ShmResourceTracker: removed orphaned shm '/tt_device_154095681929600_memory' (shm_resource_tracker.cpp:282)
2026-07-18 09:26:47.311 | info     |           Metal | ShmResourceTracker: removed orphaned shm '/tt_device_154095681929601_memory' (shm_resource_tracker.cpp:282)
2026-07-18 09:26:47.311 | info     |           Metal | ShmResourceTracker: removed orphaned shm '/tt_device_154095681932032_memory' (shm_resource_tracker.cpp:282)
2026-07-18 09:26:47.311 | info     |           Metal | ShmResourceTracker: removed orphaned shm '/tt_device_154095681932033_memory' (shm_resource_tracker.cpp:282)
2026-07-18 09:26:47.891 | info     |           Metal | [Real-time profiler] Device 3 sync complete: 100 samples, frequency=1.349986 GHz, device_time_at_sync=2865936958156 cycles (realtime_profiler_manager.cpp:1127)
2026-07-18 09:26:47.891 | info     |           Metal | [Real-time profiler] Device 0 sync complete: 100 samples, frequency=1.349998 GHz, device_time_at_sync=2887090042850 cycles (realtime_profiler_manager.cpp:1127)
2026-07-18 09:26:47.892 | info     |           Metal | [Real-time profiler] Device 2 sync complete: 100 samples, frequency=1.349983 GHz, device_time_at_sync=2862558008303 cycles (realtime_profiler_manager.cpp:1127)
2026-07-18 09:26:47.893 | info     |           Metal | [Real-time profiler] Device 1 sync complete: 100 samples, frequency=1.349993 GHz, device_time_at_sync=2859531815574 cycles (realtime_profiler_manager.cpp:1127)
2026-07-18 09:26:47.922 | DEBUG    | conftest:mesh_device:599 - multidevice with 4 devices is created
fused O+RS rank=0: 1.0
fused O+RS rank=1: 1.0
fused O+RS rank=2: 1.0
fused O+RS rank=3: 1.0
MULTICHIP_FUSED_MM_RS_PROBE projection=O separate_interleaved_ms=0.052418 fused_interleaved_ms=0.066379 fused_over_separate=1.266342 min_rank_pcc=0.999999940395 shape=32x1024x4096 weight_dtype=bfloat4_b math=LoFi program=2d_mcast_8x6
fused down+RS rank=0: 1.0
fused down+RS rank=1: 1.0
fused down+RS rank=2: 1.0
fused down+RS rank=3: 1.0
MULTICHIP_FUSED_MM_RS_PROBE projection=down separate_interleaved_ms=0.098161 fused_interleaved_ms=0.112457 fused_over_separate=1.145637 min_rank_pcc=0.999999940395 shape=32x3584x4096 weight_dtype=bfloat4_b math=LoFi program=2d_mcast_8x6
PASSED

==================================== PASSES ====================================
- generated xml file: /home/mvasiljevic/tt-metal/generated/test_reports/most_recent_tests.xml -
============================== slowest durations ===============================
3.31s call     models/autoports/meta_llama_llama_3_1_8b_instruct/tests/test_multichip_decoder.py::test_multichip_fused_matmul_reduce_scatter_probe[blackhole-p300-1x4-ring]
1.48s setup    models/autoports/meta_llama_llama_3_1_8b_instruct/tests/test_multichip_decoder.py::test_multichip_fused_matmul_reduce_scatter_probe[blackhole-p300-1x4-ring]
0.12s teardown models/autoports/meta_llama_llama_3_1_8b_instruct/tests/test_multichip_decoder.py::test_multichip_fused_matmul_reduce_scatter_probe[blackhole-p300-1x4-ring]
=========================== short test summary info ============================
PASSED models/autoports/meta_llama_llama_3_1_8b_instruct/tests/test_multichip_decoder.py::test_multichip_fused_matmul_reduce_scatter_probe[blackhole-p300-1x4-ring]
======================= 1 passed, 9 deselected in 5.88s ========================
nanobind: leaked 2 instances!
 - leaked instance 0x780a6fc55db8 of type "ttnn._ttnn.tensor.CoreRangeSet"
 - leaked instance 0x780a6f4dc108 of type "ttnn._ttnn.tensor.MemoryConfig"
nanobind: leaked 22 types!
 - leaked type "ttnn._ttnn.operations.matmul.MatmulMultiCoreReuseMultiCast1DProgramConfig"
 - leaked type "FabricConfig"
 - leaked type "ttnn._ttnn.operations.matmul.MatmulInputs"
 - leaked type "ttnn._ttnn.operations.matmul.MatmulMultiCoreReuseMultiCastBatchedDRAMShardedProgramConfig"
 - leaked type "BufferType"
 - leaked type "UnaryOpType"
 - leaked type "Layout"
 - leaked type "ttnn._ttnn.operations.matmul.MatmulMultiCoreReuseOptimizedProgramFactory"
 - leaked type "Arch"
 - leaked type "ttnn._ttnn.operations.matmul.MatmulParams"
 - ... skipped remainder
nanobind: leaked 247 functions!
 - leaked function "to_json"
 - leaked function "devices"
 - leaked function ""
 - leaked function "num_cores"
 - leaked function "from_json"
 - leaked function "__hash__"
 - leaked function "to_numpy"
 - leaked function ""
 - leaked function ""
 - leaked function ""
 - ... skipped remainder
nanobind: this is likely caused by a reference counting issue in the binding code.
See https://nanobind.readthedocs.io/en/latest/refleaks.html2026-07-18 09:26:53.197 | info     |    BuildKernels | JIT cache stats: 75/83 hits (90.4%) [75 cached, 83 build-once dedup, 0 merged artifacts, 0 merged genfiles] (build_cache_telemetry.cpp:207)
2026-07-18 09:26:53.197 | info     |    BuildKernels | JIT telemetry: 3 registered TelemetryTokens (build_cache_telemetry.cpp:230)
2026-07-18 09:26:53.209 | info     |          Device | Closing user mode device drivers (tt_cluster.cpp:512)
2026-07-18 09:26:53.209 | info     |             UMD | Closing devices in cluster (cluster.cpp:1037)
2026-07-18 09:26:53.811 | info     |             UMD | Closing devices in cluster completed. (cluster.cpp:1046)
2026-07-18 09:26:53.811 | info     |             UMD | Cluster destructor started. (cluster.cpp:754)
2026-07-18 09:26:53.812 | info     |             UMD | Cluster destructor completed. (cluster.cpp:757)
