2026-07-18 09:14:22.653 | DEBUG    | ttnn:<module>:79 - Initial ttnn.CONFIG:
Config{cache_path=/home/mvasiljevic/.cache/ttnn,model_cache_path=/home/mvasiljevic/.cache/ttnn/models,tmp_dir=/tmp/ttnn,enable_model_cache=false,enable_fast_runtime_mode=true,throw_exception_on_fallback=false,enable_logging=false,enable_graph_report=false,enable_graph_python_stack_traces=false,enable_detailed_buffer_report=false,enable_detailed_tensor_report=false,enable_comparison_mode=false,comparison_mode_should_raise_exception=false,comparison_mode_pcc=0.9999,root_report_path=generated/ttnn/reports,report_name=std::nullopt,std::nullopt}
============================= test session starts ==============================
platform linux -- Python 3.12.13, pytest-9.0.3, pluggy-1.6.0 -- /home/mvasiljevic/tt-metal/python_env/bin/python3
cachedir: .pytest_cache
benchmark: 5.2.3 (defaults: timer=time.perf_counter disable_gc=False min_rounds=5 min_time=0.000005 max_time=1.0 calibration_precision=10 warmup=False warmup_iterations=100000)
rootdir: /home/mvasiljevic/tt-metal
configfile: pytest.ini
plugins: github-actions-annotate-failures-0.3.0, anyio-4.14.2, dash-2.15.0, split-0.11.0, timeout-2.4.0, benchmark-5.2.3, cov-7.0.0
timeout: 300.0s
timeout method: signal
timeout func_only: False
collecting ... collected 9 items / 7 deselected / 2 selected

models/autoports/meta_llama_llama_3_1_8b_instruct/tests/test_multichip_decoder.py::test_single_chip_warmed_perf_reference[blackhole-blackhole-single-chip-reference] 2026-07-18 09:14:24.300 | info     |          Device | Opening user mode device driver (tt_cluster.cpp:228)
2026-07-18 09:14:24.300 | info     |             UMD | Cluster constructor started. (cluster.cpp:348)
2026-07-18 09:14:24.300 | info     |             UMD | Creating TopologyDiscovery for architecture: blackhole (topology_discovery.cpp:91)
2026-07-18 09:14:24.300 | info     |             UMD | Starting topology discovery. (topology_discovery.cpp:110)
2026-07-18 09:14:24.302 | info     |             UMD | Established firmware bundle version: 19.8.0 (topology_discovery.cpp:569)
2026-07-18 09:14:24.302 | info     |             UMD | Firmware bundle version 19.8.0 on the system is newer than the latest fully tested version 19.5.0 for blackhole architecture. Newest features may not be supported. (topology_discovery.cpp:601)
2026-07-18 09:14:24.306 | info     |             UMD | Completed topology discovery. (topology_discovery.cpp:114)
2026-07-18 09:14:24.527 | info     |             UMD | Opening local chip ids/PCIe ids: {0, 1, 2, 3}/[0, 1, 2, 3] and remote chip ids {} (cluster.cpp:168)
2026-07-18 09:14:24.527 | info     |             UMD | IOMMU: enabled (cluster.cpp:142)
2026-07-18 09:14:24.527 | info     |             UMD | KMD version: 2.8.0 (cluster.cpp:145)
2026-07-18 09:14:24.527 | info     |             UMD | Cluster constructor completed. (cluster.cpp:520)
2026-07-18 09:14:24.529 | info     |             UMD | Starting devices in cluster (cluster.cpp:1024)
2026-07-18 09:14:24.693 | info     |             UMD | Starting devices in cluster completed. (cluster.cpp:1032)
--------------------------------------------------------------------------
It appears as if there is not enough space for /dev/shm/sm_segment.23ff5195c3f7.1000.64f90000.0 (the shared-memory backing
file). It is likely that your MPI job will now either abort or experience
performance degradation.

  Local host:  23ff5195c3f7
  Space Requested: 16777216 B
  Space Available: 17489920 B
--------------------------------------------------------------------------
2026-07-18 09:14:24.819 | DEBUG    | ttnn.device:__init__:152 - Using default dispatch core type for this system: DispatchCoreType.WORKER
2026-07-18 09:14:24.819 | DEBUG    | ttnn.device:__init__:154 - Using default dispatch core axis for this system: DispatchCoreAxis.COL
2026-07-18 09:14:24.819 | info     |     Distributed | Using auto discovery to generate mesh graph. (metal_env.cpp:367)
2026-07-18 09:14:24.819 | info     |     Distributed | Constructing control plane using auto-discovery (no mesh graph descriptor). (metal_env.cpp:429)
2026-07-18 09:14:24.819 | warning  |          Always | Unknown motherboard 'B850M-C' for chip_id=0 (bus_id=0x1) — falling back to bus_id as tray_id. Add this motherboard and its bus IDs to mobo_to_bus_ids in physical_system_discovery.cpp. (physical_system_discovery.cpp:89)
2026-07-18 09:14:24.819 | warning  |          Always | Unknown motherboard 'B850M-C' for chip_id=1 (bus_id=0x2) — falling back to bus_id as tray_id. Add this motherboard and its bus IDs to mobo_to_bus_ids in physical_system_discovery.cpp. (physical_system_discovery.cpp:89)
2026-07-18 09:14:24.819 | warning  |          Always | Unknown motherboard 'B850M-C' for chip_id=2 (bus_id=0x3) — falling back to bus_id as tray_id. Add this motherboard and its bus IDs to mobo_to_bus_ids in physical_system_discovery.cpp. (physical_system_discovery.cpp:89)
2026-07-18 09:14:24.819 | warning  |          Always | Unknown motherboard 'B850M-C' for chip_id=3 (bus_id=0x4) — falling back to bus_id as tray_id. Add this motherboard and its bus IDs to mobo_to_bus_ids in physical_system_discovery.cpp. (physical_system_discovery.cpp:89)
2026-07-18 09:14:24.819 | warning  |          Always | Unknown motherboard 'B850M-C' for chip_id=1 (bus_id=0x2) — falling back to bus_id as tray_id. Add this motherboard and its bus IDs to mobo_to_bus_ids in physical_system_discovery.cpp. (physical_system_discovery.cpp:89)
2026-07-18 09:14:24.819 | warning  |          Always | Unknown motherboard 'B850M-C' for chip_id=0 (bus_id=0x1) — falling back to bus_id as tray_id. Add this motherboard and its bus IDs to mobo_to_bus_ids in physical_system_discovery.cpp. (physical_system_discovery.cpp:89)
2026-07-18 09:14:24.819 | warning  |          Always | Unknown motherboard 'B850M-C' for chip_id=2 (bus_id=0x3) — falling back to bus_id as tray_id. Add this motherboard and its bus IDs to mobo_to_bus_ids in physical_system_discovery.cpp. (physical_system_discovery.cpp:89)
2026-07-18 09:14:24.819 | warning  |          Always | Unknown motherboard 'B850M-C' for chip_id=3 (bus_id=0x4) — falling back to bus_id as tray_id. Add this motherboard and its bus IDs to mobo_to_bus_ids in physical_system_discovery.cpp. (physical_system_discovery.cpp:89)
2026-07-18 09:14:24.819 | info     |          Fabric | Logical multi-mesh adjacency: intermesh degree histogram {0:1}; intra-mesh degree histograms mesh0 {2:4} (topology_mapper_utils.cpp:2342)
2026-07-18 09:14:24.819 | info     |          Fabric | Physical multi-mesh adjacency: intermesh degree histogram {0:1}; intra-mesh degree histograms mesh0 {2:4} (topology_mapper_utils.cpp:2350)
2026-07-18 09:14:24.819 | warning  |       Inspector | Failed to create logging directory: /home/mvasiljevic/tt-metal/generated/inspector. Error: filesystem error: cannot remove all: Permission denied [/home/mvasiljevic/tt-metal/generated/inspector] [/home/mvasiljevic/tt-metal/generated/inspector/programs_log.yaml]

You can disable exception by setting TT_METAL_INSPECTOR_INITIALIZATION_IS_IMPORTANT=0 in your environment variables. Note that this will not throw an exception, but will log a warning instead. Running without Inspector logger will impact tt-triage functionality. (logger.cpp:37)
2026-07-18 09:14:24.824 | info     |    BuildKernels | Using pre-compiled firmware from: /home/mvasiljevic/tt-metal/tt_metal/pre-compiled/13793420398762238087/ (build_env_manager.cpp:347)
2026-07-18 09:14:24.824 | info     |    BuildKernels | Using pre-compiled firmware from: /home/mvasiljevic/tt-metal/tt_metal/pre-compiled/13793420398762238087/ (build_env_manager.cpp:347)
2026-07-18 09:14:24.824 | info     |    BuildKernels | Using pre-compiled firmware from: /home/mvasiljevic/tt-metal/tt_metal/pre-compiled/13793420398762238087/ (build_env_manager.cpp:347)
2026-07-18 09:14:24.824 | info     |    BuildKernels | Using pre-compiled firmware from: /home/mvasiljevic/tt-metal/tt_metal/pre-compiled/13793420398762238087/ (build_env_manager.cpp:347)
2026-07-18 09:14:24.852 | warning  |           Metal | Opening subset of mmio devices slows down UMD read/write to remote chips. If opening more devices, consider using CreateDevices API. (device_manager.cpp:261)
2026-07-18 09:14:24.891 | info     |           Metal | ShmResourceTracker: removed orphaned shm '/tt_device_154095681929600_memory' (shm_resource_tracker.cpp:282)
2026-07-18 09:14:24.891 | info     |           Metal | ShmResourceTracker: removed orphaned shm '/tt_device_154095681929601_memory' (shm_resource_tracker.cpp:282)
2026-07-18 09:14:24.891 | info     |           Metal | ShmResourceTracker: removed orphaned shm '/tt_device_154095681932032_memory' (shm_resource_tracker.cpp:282)
2026-07-18 09:14:24.891 | info     |           Metal | ShmResourceTracker: removed orphaned shm '/tt_device_154095681932033_memory' (shm_resource_tracker.cpp:282)
2026-07-18 09:14:25.470 | info     |           Metal | [Real-time profiler] Device 3 sync complete: 100 samples, frequency=1.349974 GHz, device_time_at_sync=2251747497396 cycles (realtime_profiler_manager.cpp:1127)
2026-07-18 09:14:25.486 | DEBUG    | conftest:mesh_device:599 - multidevice with 1 devices is created
2026-07-18 09:14:27.233 | INFO     | tracy:signpost:49 - PERF_SINGLE_PREFILL
2026-07-18 09:14:27.246 | INFO     | tracy:signpost:49 - PERF_SINGLE_PREFILL_END
2026-07-18 09:14:27.246 | INFO     | tracy:signpost:49 - PERF_SINGLE_DECODE
2026-07-18 09:14:27.390 | INFO     | tracy:signpost:49 - PERF_SINGLE_DECODE_END
SINGLE_CHIP_PERF_REFERENCE variant=interleaved_1d batch=1 seq=18 single_prefill_ms=1.250855 single_decode_ms=0.582344 prefill_repeats=10 trace_replays=200
PASSED
models/autoports/meta_llama_llama_3_1_8b_instruct/tests/test_multichip_decoder.py::test_single_and_multichip_warmed_perf[blackhole-p300-1x4-ring] 2026-07-18 09:14:27.962 | DEBUG    | ttnn.device:__init__:152 - Using default dispatch core type for this system: DispatchCoreType.WORKER
2026-07-18 09:14:27.963 | DEBUG    | ttnn.device:__init__:154 - Using default dispatch core axis for this system: DispatchCoreAxis.COL
2026-07-18 09:14:27.963 | info     |           Metal | Fabric config changed from FabricConfig::DISABLED to FabricConfig::FABRIC_1D_RING, reinitializing control plane (metal_env.cpp:281)
2026-07-18 09:14:27.963 | info     |     Distributed | Using auto discovery to generate mesh graph. (metal_env.cpp:367)
2026-07-18 09:14:27.963 | info     |     Distributed | Constructing control plane using auto-discovery (no mesh graph descriptor). (metal_env.cpp:429)
2026-07-18 09:14:27.963 | warning  |          Always | Unknown motherboard 'B850M-C' for chip_id=0 (bus_id=0x1) — falling back to bus_id as tray_id. Add this motherboard and its bus IDs to mobo_to_bus_ids in physical_system_discovery.cpp. (physical_system_discovery.cpp:89)
2026-07-18 09:14:27.963 | warning  |          Always | Unknown motherboard 'B850M-C' for chip_id=1 (bus_id=0x2) — falling back to bus_id as tray_id. Add this motherboard and its bus IDs to mobo_to_bus_ids in physical_system_discovery.cpp. (physical_system_discovery.cpp:89)
2026-07-18 09:14:27.963 | warning  |          Always | Unknown motherboard 'B850M-C' for chip_id=2 (bus_id=0x3) — falling back to bus_id as tray_id. Add this motherboard and its bus IDs to mobo_to_bus_ids in physical_system_discovery.cpp. (physical_system_discovery.cpp:89)
2026-07-18 09:14:27.963 | warning  |          Always | Unknown motherboard 'B850M-C' for chip_id=3 (bus_id=0x4) — falling back to bus_id as tray_id. Add this motherboard and its bus IDs to mobo_to_bus_ids in physical_system_discovery.cpp. (physical_system_discovery.cpp:89)
2026-07-18 09:14:27.963 | warning  |          Always | Unknown motherboard 'B850M-C' for chip_id=1 (bus_id=0x2) — falling back to bus_id as tray_id. Add this motherboard and its bus IDs to mobo_to_bus_ids in physical_system_discovery.cpp. (physical_system_discovery.cpp:89)
2026-07-18 09:14:27.963 | warning  |          Always | Unknown motherboard 'B850M-C' for chip_id=0 (bus_id=0x1) — falling back to bus_id as tray_id. Add this motherboard and its bus IDs to mobo_to_bus_ids in physical_system_discovery.cpp. (physical_system_discovery.cpp:89)
2026-07-18 09:14:27.963 | warning  |          Always | Unknown motherboard 'B850M-C' for chip_id=2 (bus_id=0x3) — falling back to bus_id as tray_id. Add this motherboard and its bus IDs to mobo_to_bus_ids in physical_system_discovery.cpp. (physical_system_discovery.cpp:89)
2026-07-18 09:14:27.963 | warning  |          Always | Unknown motherboard 'B850M-C' for chip_id=3 (bus_id=0x4) — falling back to bus_id as tray_id. Add this motherboard and its bus IDs to mobo_to_bus_ids in physical_system_discovery.cpp. (physical_system_discovery.cpp:89)
2026-07-18 09:14:27.963 | info     |          Fabric | Logical multi-mesh adjacency: intermesh degree histogram {0:1}; intra-mesh degree histograms mesh0 {2:4} (topology_mapper_utils.cpp:2342)
2026-07-18 09:14:27.963 | info     |          Fabric | Physical multi-mesh adjacency: intermesh degree histogram {0:1}; intra-mesh degree histograms mesh0 {2:4} (topology_mapper_utils.cpp:2350)
2026-07-18 09:14:27.973 | warning  |       Inspector | Failed to create logging directory: /home/mvasiljevic/tt-metal/generated/inspector. Error: filesystem error: cannot remove all: Permission denied [/home/mvasiljevic/tt-metal/generated/inspector] [/home/mvasiljevic/tt-metal/generated/inspector/programs_log.yaml]

You can disable exception by setting TT_METAL_INSPECTOR_INITIALIZATION_IS_IMPORTANT=0 in your environment variables. Note that this will not throw an exception, but will log a warning instead. Running without Inspector logger will impact tt-triage functionality. (logger.cpp:37)
2026-07-18 09:14:27.975 | info     |    BuildKernels | Using pre-compiled firmware from: /home/mvasiljevic/tt-metal/tt_metal/pre-compiled/13793420398762238087/ (build_env_manager.cpp:347)
2026-07-18 09:14:27.976 | info     |    BuildKernels | Using pre-compiled firmware from: /home/mvasiljevic/tt-metal/tt_metal/pre-compiled/13793420398762238087/ (build_env_manager.cpp:347)
2026-07-18 09:14:27.977 | info     |    BuildKernels | Using pre-compiled firmware from: /home/mvasiljevic/tt-metal/tt_metal/pre-compiled/13793420398762238087/ (build_env_manager.cpp:347)
2026-07-18 09:14:27.978 | info     |    BuildKernels | Using pre-compiled firmware from: /home/mvasiljevic/tt-metal/tt_metal/pre-compiled/13793420398762238087/ (build_env_manager.cpp:347)
2026-07-18 09:14:28.010 | info     |           Metal | Initializing Fabric (fabric_firmware_initializer.cpp:288)
2026-07-18 09:14:28.029 | info     |           Metal | Fabric initialized on Device 3 (device.cpp:429)
2026-07-18 09:14:28.029 | info     |           Metal | Fabric initialized on Device 0 (device.cpp:429)
2026-07-18 09:14:28.030 | info     |           Metal | Fabric initialized on Device 1 (device.cpp:429)
2026-07-18 09:14:28.031 | info     |           Metal | Fabric initialized on Device 2 (device.cpp:429)
2026-07-18 09:14:28.031 | info     |           Metal | Fabric initialized on 4 devices (fabric_firmware_initializer.cpp:435)
2026-07-18 09:14:28.031 | info     |           Metal | Fabric Initialized with config FabricConfig::FABRIC_1D_RING (fabric_firmware_initializer.cpp:305)
2026-07-18 09:14:28.649 | info     |           Metal | [Real-time profiler] Device 0 sync complete: 100 samples, frequency=1.349989 GHz, device_time_at_sync=2278747861656 cycles (realtime_profiler_manager.cpp:1127)
2026-07-18 09:14:28.649 | info     |           Metal | [Real-time profiler] Device 2 sync complete: 100 samples, frequency=1.349981 GHz, device_time_at_sync=2253270072980 cycles (realtime_profiler_manager.cpp:1127)
2026-07-18 09:14:28.650 | info     |           Metal | [Real-time profiler] Device 1 sync complete: 100 samples, frequency=1.349984 GHz, device_time_at_sync=2250775035728 cycles (realtime_profiler_manager.cpp:1127)
2026-07-18 09:14:28.677 | DEBUG    | conftest:mesh_device:599 - multidevice with 4 devices is created
2026-07-18 09:14:30.642 | INFO     | tracy:signpost:49 - PERF_MULTI_PREFILL
2026-07-18 09:14:30.652 | INFO     | tracy:signpost:49 - PERF_MULTI_PREFILL_END
2026-07-18 09:14:30.652 | INFO     | tracy:signpost:49 - PERF_MULTI_DECODE
Building brisc, compile step:
cd /home/mvasiljevic/tt-metal-cache/tt-metal-cache13793420398762238087/kernels/reader_bmm_tile_layout_in1_sender_writer_padding/6921214567473026022/brisc/ && /home/mvasiljevic/tt-metal/runtime/sfpi/compiler/bin/riscv-tt-elf-g++ -O2 -std=c++17 -ftt-nttp -ftt-constinit -ftt-consteval -ftt-no-dyninit -flto=auto -ffast-math -fno-exceptions -fno-rtti -fno-use-cxa-atexit -g -MMD -Wall -Werror -Wno-error=deprecated-declarations -Wno-error=multistatement-macros -Wno-error=parentheses -Wno-error=unused-but-set-variable -Wno-unused-variable -Wno-unused-function -mcpu=tt-bh -fno-tree-loop-distribute-patterns -I. -I.. -I/home/mvasiljevic/tt-metal/ -I/home/mvasiljevic/tt-metal/ttnn -I/home/mvasiljevic/tt-metal/ttnn/cpp -I/home/mvasiljevic/tt-metal/tt_metal -I/home/mvasiljevic/tt-metal/tt_metal/hw/inc -I/home/mvasiljevic/tt-metal/tt_metal/tt-llk/common -I/home/mvasiljevic/tt-metal/tt_metal/hostdevcommon/api -I/home/mvasiljevic/tt-metal/tt_metal/api/ -I/home/mvasiljevic/tt-metal/tt_metal/hw/ckernels/blackhole/metal/common -I/home/mvasiljevic/tt-metal/tt_metal/hw/ckernels/blackhole/metal/llk_io -I/home/mvasiljevic/tt-metal/tt_metal/hw/inc/internal/tt-1xx -I/home/mvasiljevic/tt-metal/tt_metal/hw/inc/internal/tt-1xx/blackhole -I/home/mvasiljevic/tt-metal/tt_metal/hw/inc/internal/tt-1xx/blackhole/blackhole_defines -I/home/mvasiljevic/tt-metal/tt_metal/hw/inc/internal/tt-1xx/blackhole/noc -I/home/mvasiljevic/tt-metal/tt_metal/tt-llk/tt_llk_blackhole/common/inc -I/home/mvasiljevic/tt-metal/tt_metal/tt-llk/tt_llk_blackhole/llk_lib -I/home/mvasiljevic/tt-metal/tt_metal/hw/firmware/src/tt-1xx -I/home/mvasiljevic/tt-metal/ttnn/cpp/ttnn/operations/matmul/device/kernels/dataflow -c -o /home/mvasiljevic/tt-metal-cache/tt-metal-cache13793420398762238087/kernels/reader_bmm_tile_layout_in1_sender_writer_padding/6921214567473026022/brisc/brisck.4417786103703854433.o /home/mvasiljevic/tt-metal/tt_metal/hw/firmware/src/tt-1xx/brisck.cc -MF /home/mvasiljevic/tt-metal-cache/tt-metal-cache13793420398762238087/kernels/reader_bmm_tile_layout_in1_sender_writer_padding/6921214567473026022/brisc/brisck.4417786103703854433.d -DIS_NOT_POW2_NUM_L1_BANKS=1 -DLOG_BASE_2_OF_NUM_DRAM_BANKS=3 -DNUM_DRAM_BANKS=8 -DNUM_L1_BANKS=110 -DPCIE_NOC_X=19 -DPCIE_NOC_Y=24 -DTENSIX_FIRMWARE -DLOCAL_MEM_EN=0 -DPROCESSOR_INDEX=0 -DCOMPILE_FOR_BRISC -DARCH_BLACKHOLE -DDISPATCH_MESSAGE_ADDR=4290184248 -DKERNEL_BUILD -DFULL_KERNEL_NAME="\"reader_bmm_tile_layout_in1_sender_writer_padding/6921214567473026022/\"" -DFABRIC_1D_PKT_HDR_EXTENSION_WORDS='0' -DOUT_SHARDED='1' -DROUTING_MODE='145' -DSKIP_MCAST='1' -DNOC_INDEX='0' -DNOC_MODE='0' -DKERNEL_COMPILE_TIME_ARGS=1,48,96,2,2,2,4,64,1,1,0,0,0,0,6144,1,1,0,0,1,48,2,48,2,48,2,1,2,48,0,0,0,2,576,0,0,1,2048,1,24,48,2,33685762,67240706,100795650,167905026,33751299,67306243,100861187,167970563,33816836,67371780,100926724,168036100 -DKERNEL_COMPILE_TIME_ARG_MAP="{\"cb_sparsity\",7}, {\"cb_out\",4}, {\"cb_bias\",3}, {\"cb_in1\",1}, "
In file included from ../kernel_includes.hpp:1,
                 from /home/mvasiljevic/tt-metal/tt_metal/hw/firmware/src/tt-1xx/brisck.cc:21:
/home/mvasiljevic/tt-metal/ttnn/cpp/ttnn/operations/matmul/device/kernels/dataflow/reader_bmm_tile_layout_in1_sender_writer_padding.cpp: In function 'void kernel_main()':
/home/mvasiljevic/tt-metal/ttnn/cpp/ttnn/operations/matmul/device/kernels/dataflow/reader_bmm_tile_layout_in1_sender_writer_padding.cpp:205:16: warning: variable 's' set but not used [-Wunused-but-set-variable]
  205 |     const auto s = TensorAccessor(out_args, out_tensor_addr);
      |                ^
Building brisc, compile step:
cd /home/mvasiljevic/tt-metal-cache/tt-metal-cache13793420398762238087/kernels/reader_bmm_tile_layout_in1_sender_writer_padding/10500417313557181714/brisc/ && /home/mvasiljevic/tt-metal/runtime/sfpi/compiler/bin/riscv-tt-elf-g++ -O2 -std=c++17 -ftt-nttp -ftt-constinit -ftt-consteval -ftt-no-dyninit -flto=auto -ffast-math -fno-exceptions -fno-rtti -fno-use-cxa-atexit -g -MMD -Wall -Werror -Wno-error=deprecated-declarations -Wno-error=multistatement-macros -Wno-error=parentheses -Wno-error=unused-but-set-variable -Wno-unused-variable -Wno-unused-function -mcpu=tt-bh -fno-tree-loop-distribute-patterns -I. -I.. -I/home/mvasiljevic/tt-metal/ -I/home/mvasiljevic/tt-metal/ttnn -I/home/mvasiljevic/tt-metal/ttnn/cpp -I/home/mvasiljevic/tt-metal/tt_metal -I/home/mvasiljevic/tt-metal/tt_metal/hw/inc -I/home/mvasiljevic/tt-metal/tt_metal/tt-llk/common -I/home/mvasiljevic/tt-metal/tt_metal/hostdevcommon/api -I/home/mvasiljevic/tt-metal/tt_metal/api/ -I/home/mvasiljevic/tt-metal/tt_metal/hw/ckernels/blackhole/metal/common -I/home/mvasiljevic/tt-metal/tt_metal/hw/ckernels/blackhole/metal/llk_io -I/home/mvasiljevic/tt-metal/tt_metal/hw/inc/internal/tt-1xx -I/home/mvasiljevic/tt-metal/tt_metal/hw/inc/internal/tt-1xx/blackhole -I/home/mvasiljevic/tt-metal/tt_metal/hw/inc/internal/tt-1xx/blackhole/blackhole_defines -I/home/mvasiljevic/tt-metal/tt_metal/hw/inc/internal/tt-1xx/blackhole/noc -I/home/mvasiljevic/tt-metal/tt_metal/tt-llk/tt_llk_blackhole/common/inc -I/home/mvasiljevic/tt-metal/tt_metal/tt-llk/tt_llk_blackhole/llk_lib -I/home/mvasiljevic/tt-metal/tt_metal/hw/firmware/src/tt-1xx -I/home/mvasiljevic/tt-metal/ttnn/cpp/ttnn/operations/matmul/device/kernels/dataflow -c -o /home/mvasiljevic/tt-metal-cache/tt-metal-cache13793420398762238087/kernels/reader_bmm_tile_layout_in1_sender_writer_padding/10500417313557181714/brisc/brisck.4417786103703854433.o /home/mvasiljevic/tt-metal/tt_metal/hw/firmware/src/tt-1xx/brisck.cc -MF /home/mvasiljevic/tt-metal-cache/tt-metal-cache13793420398762238087/kernels/reader_bmm_tile_layout_in1_sender_writer_padding/10500417313557181714/brisc/brisck.4417786103703854433.d -DIS_NOT_POW2_NUM_L1_BANKS=1 -DLOG_BASE_2_OF_NUM_DRAM_BANKS=3 -DNUM_DRAM_BANKS=8 -DNUM_L1_BANKS=110 -DPCIE_NOC_X=19 -DPCIE_NOC_Y=24 -DTENSIX_FIRMWARE -DLOCAL_MEM_EN=0 -DPROCESSOR_INDEX=0 -DCOMPILE_FOR_BRISC -DARCH_BLACKHOLE -DDISPATCH_MESSAGE_ADDR=4290184248 -DKERNEL_BUILD -DFULL_KERNEL_NAME="\"reader_bmm_tile_layout_in1_sender_writer_padding/10500417313557181714/\"" -DFABRIC_1D_PKT_HDR_EXTENSION_WORDS='0' -DOUT_SHARDED='1' -DROUTING_MODE='145' -DSKIP_MCAST='1' -DNOC_INDEX='0' -DNOC_MODE='0' -DKERNEL_COMPILE_TIME_ARGS=1,112,224,4,4,2,8,64,1,1,0,0,0,0,14336,1,1,0,0,1,112,4,112,4,112,4,1,4,112,0,0,0,2,576,0,0,1,2048,1,28,112,4,33685762,67240706,100795650,16975618,50528771,84083715,117638659,33816836,67371780,100926724,17106692,50659845,84214789,117769733 -DKERNEL_COMPILE_TIME_ARG_MAP="{\"cb_sparsity\",7}, {\"cb_out\",4}, {\"cb_bias\",3}, {\"cb_in1\",1}, "
In file included from ../kernel_includes.hpp:1,
                 from /home/mvasiljevic/tt-metal/tt_metal/hw/firmware/src/tt-1xx/brisck.cc:21:
/home/mvasiljevic/tt-metal/ttnn/cpp/ttnn/operations/matmul/device/kernels/dataflow/reader_bmm_tile_layout_in1_sender_writer_padding.cpp: In function 'void kernel_main()':
/home/mvasiljevic/tt-metal/ttnn/cpp/ttnn/operations/matmul/device/kernels/dataflow/reader_bmm_tile_layout_in1_sender_writer_padding.cpp:205:16: warning: variable 's' set but not used [-Wunused-but-set-variable]
  205 |     const auto s = TensorAccessor(out_args, out_tensor_addr);
      |                ^
Building ncrisc, compile step:
cd /home/mvasiljevic/tt-metal-cache/tt-metal-cache13793420398762238087/kernels/reader_interleaved_no_bcast/18016508474674630689/ncrisc/ && /home/mvasiljevic/tt-metal/runtime/sfpi/compiler/bin/riscv-tt-elf-g++ -O2 -std=c++17 -ftt-nttp -ftt-constinit -ftt-consteval -ftt-no-dyninit -flto=auto -ffast-math -fno-exceptions -fno-rtti -fno-use-cxa-atexit -g -MMD -Wall -Werror -Wno-error=deprecated-declarations -Wno-error=multistatement-macros -Wno-error=parentheses -Wno-error=unused-but-set-variable -Wno-unused-variable -Wno-unused-function -mcpu=tt-bh -fno-tree-loop-distribute-patterns -I. -I.. -I/home/mvasiljevic/tt-metal/ -I/home/mvasiljevic/tt-metal/ttnn -I/home/mvasiljevic/tt-metal/ttnn/cpp -I/home/mvasiljevic/tt-metal/tt_metal -I/home/mvasiljevic/tt-metal/tt_metal/hw/inc -I/home/mvasiljevic/tt-metal/tt_metal/tt-llk/common -I/home/mvasiljevic/tt-metal/tt_metal/hostdevcommon/api -I/home/mvasiljevic/tt-metal/tt_metal/api/ -I/home/mvasiljevic/tt-metal/tt_metal/hw/ckernels/blackhole/metal/common -I/home/mvasiljevic/tt-metal/tt_metal/hw/ckernels/blackhole/metal/llk_io -I/home/mvasiljevic/tt-metal/tt_metal/hw/inc/internal/tt-1xx -I/home/mvasiljevic/tt-metal/tt_metal/hw/inc/internal/tt-1xx/blackhole -I/home/mvasiljevic/tt-metal/tt_metal/hw/inc/internal/tt-1xx/blackhole/blackhole_defines -I/home/mvasiljevic/tt-metal/tt_metal/hw/inc/internal/tt-1xx/blackhole/noc -I/home/mvasiljevic/tt-metal/tt_metal/tt-llk/tt_llk_blackhole/common/inc -I/home/mvasiljevic/tt-metal/tt_metal/tt-llk/tt_llk_blackhole/llk_lib -I/home/mvasiljevic/tt-metal/tt_metal/hw/firmware/src/tt-1xx -I/home/mvasiljevic/tt-metal/ttnn/cpp/ttnn/operations/eltwise/binary_ng/device/kernels_ng/dataflow -c -o /home/mvasiljevic/tt-metal-cache/tt-metal-cache13793420398762238087/kernels/reader_interleaved_no_bcast/18016508474674630689/ncrisc/ncrisck.4417786103703854433.o /home/mvasiljevic/tt-metal/tt_metal/hw/firmware/src/tt-1xx/ncrisck.cc -MF /home/mvasiljevic/tt-metal-cache/tt-metal-cache13793420398762238087/kernels/reader_interleaved_no_bcast/18016508474674630689/ncrisc/ncrisck.4417786103703854433.d -DIS_NOT_POW2_NUM_L1_BANKS=1 -DLOG_BASE_2_OF_NUM_DRAM_BANKS=3 -DNUM_DRAM_BANKS=8 -DNUM_L1_BANKS=110 -DPCIE_NOC_X=19 -DPCIE_NOC_Y=24 -DTENSIX_FIRMWARE -DLOCAL_MEM_EN=0 -DPROCESSOR_INDEX=1 -DCOMPILE_FOR_NCRISC -DARCH_BLACKHOLE -DDISPATCH_MESSAGE_ADDR=4290184248 -DKERNEL_BUILD -DFULL_KERNEL_NAME="\"reader_interleaved_no_bcast/18016508474674630689/\"" -DBCAST_LLK='0' -DFABRIC_1D_PKT_HDR_EXTENSION_WORDS='0' -DFILL_TILE_WITH_FIRST_COLUMN='fill_tile_with_first_column_bfloat16' -DFILL_TILE_WITH_FIRST_COLUMN_B='fill_tile_with_first_column_bfloat16' -DFILL_TILE_WITH_FIRST_COLUMN_RM='fill_tile_with_first_column_rm_bfloat16' -DFILL_TILE_WITH_FIRST_ELEMENT='fill_tile_with_first_element_bfloat16' -DFILL_TILE_WITH_FIRST_ELEMENT_B='fill_tile_with_first_element_bfloat16' -DFILL_TILE_WITH_FIRST_ROW='fill_tile_with_first_row_bfloat16' -DFILL_TILE_WITH_FIRST_ROW_B='fill_tile_with_first_row_bfloat16' -DFILL_TILE_WITH_FIRST_ROW_RM='fill_tile_with_first_row_rm_bfloat16' -DFILL_WITH_VALUE='fill_with_val_bfloat16' -DFILL_WITH_VALUE_B='fill_with_val_bfloat16' -DROUTING_MODE='145' -DSRC_SHARDED='1' -DSRC_SHARDED_B='1' -DNOC_INDEX='0' -DNOC_MODE='0' -DKERNEL_COMPILE_TIME_ARGS=17,2048,1,28,4,33685762,67240706,100795650,16975618,50528771,84083715,117638659,33816836,67371780,100926724,17106692,50659845,84214789,117769733,17,2048,1,28,4,33685762,67240706,100795650,16975618,50528771,84083715,117638659,33816836,67371780,100926724,17106692,50659845,84214789,117769733,1
In file included from ../kernel_includes.hpp:1,
                 from /home/mvasiljevic/tt-metal/tt_metal/hw/firmware/src/tt-1xx/ncrisck.cc:22:
/home/mvasiljevic/tt-metal/ttnn/cpp/ttnn/operations/eltwise/binary_ng/device/kernels_ng/dataflow/reader_interleaved_no_bcast.cpp: In function 'void kernel_main()':
/home/mvasiljevic/tt-metal/ttnn/cpp/ttnn/operations/eltwise/binary_ng/device/kernels_ng/dataflow/reader_interleaved_no_bcast.cpp:39:20: warning: variable 'src_b_args' set but not used [-Wunused-but-set-variable]
   39 |     constexpr auto src_b_args =
      |                    ^~~~~~~~~~
2026-07-18 09:14:31.509 | INFO     | tracy:signpost:49 - PERF_MULTI_DECODE_END
perf interleaved_1d output: 0.999999803889509
MULTICHIP_PERF_RESULT variant=interleaved_1d batch=1 seq=18 single_prefill_ms=1.250855 multi_prefill_ms=0.989849 prefill_speedup=1.263683 prefill_efficiency=0.315921 single_decode_ms=0.582344 multi_decode_ms=0.405666 decode_speedup=1.435525 decode_efficiency=0.358881 prefill_repeats=10 trace_replays=200
PASSED

==================================== PASSES ====================================
- generated xml file: /home/mvasiljevic/tt-metal/generated/test_reports/most_recent_tests.xml -
============================== slowest durations ===============================
3.07s call     models/autoports/meta_llama_llama_3_1_8b_instruct/tests/test_multichip_decoder.py::test_single_and_multichip_warmed_perf[blackhole-p300-1x4-ring]
2.14s call     models/autoports/meta_llama_llama_3_1_8b_instruct/tests/test_multichip_decoder.py::test_single_chip_warmed_perf_reference[blackhole-blackhole-single-chip-reference]
1.40s setup    models/autoports/meta_llama_llama_3_1_8b_instruct/tests/test_multichip_decoder.py::test_single_chip_warmed_perf_reference[blackhole-blackhole-single-chip-reference]
0.93s setup    models/autoports/meta_llama_llama_3_1_8b_instruct/tests/test_multichip_decoder.py::test_single_and_multichip_warmed_perf[blackhole-p300-1x4-ring]
0.13s teardown models/autoports/meta_llama_llama_3_1_8b_instruct/tests/test_multichip_decoder.py::test_single_and_multichip_warmed_perf[blackhole-p300-1x4-ring]
0.12s teardown models/autoports/meta_llama_llama_3_1_8b_instruct/tests/test_multichip_decoder.py::test_single_chip_warmed_perf_reference[blackhole-blackhole-single-chip-reference]
=========================== short test summary info ============================
PASSED models/autoports/meta_llama_llama_3_1_8b_instruct/tests/test_multichip_decoder.py::test_single_chip_warmed_perf_reference[blackhole-blackhole-single-chip-reference]
PASSED models/autoports/meta_llama_llama_3_1_8b_instruct/tests/test_multichip_decoder.py::test_single_and_multichip_warmed_perf[blackhole-p300-1x4-ring]
======================= 2 passed, 7 deselected in 8.56s ========================
nanobind: leaked 2 instances!
 - leaked instance 0x71283acc4108 of type "ttnn._ttnn.tensor.MemoryConfig"
 - leaked instance 0x71283b43df38 of type "ttnn._ttnn.tensor.CoreRangeSet"
nanobind: leaked 22 types!
 - leaked type "ttnn._ttnn.operations.matmul.MatmulMultiCoreReuseMultiCast1DProgramConfig"
 - leaked type "FabricConfig"
 - leaked type "ttnn._ttnn.operations.matmul.MatmulInputs"
 - leaked type "ttnn._ttnn.operations.matmul.MatmulMultiCoreReuseMultiCastBatchedDRAMShardedProgramConfig"
 - leaked type "BufferType"
 - leaked type "UnaryOpType"
 - leaked type "Layout"
 - leaked type "ttnn._ttnn.operations.matmul.MatmulMultiCoreReuseOptimizedProgramFactory"
 - leaked type "Arch"
 - leaked type "ttnn._ttnn.operations.matmul.MatmulParams"
 - ... skipped remainder
nanobind: leaked 247 functions!
 - leaked function "get_num_devices"
 - leaked function ""
 - leaked function ""
 - leaked function ""
 - leaked function "arch"
 - leaked function "compute_output_specs"
 - leaked function ""
 - leaked function "__init__"
 - leaked function "clear_loaded_sub_device_manager"
 - leaked function "to_list"
 - ... skipped remainder
nanobind: this is likely caused by a reference counting issue in the binding code.
See https://nanobind.readthedocs.io/en/latest/refleaks.html2026-07-18 09:14:33.553 | info     |    BuildKernels | JIT cache stats: 335/344 hits (97.4%) [335 cached, 112 build-once dedup, 0 merged artifacts, 0 merged genfiles] (build_cache_telemetry.cpp:207)
2026-07-18 09:14:33.553 | info     |    BuildKernels | JIT telemetry: 3 registered TelemetryTokens (build_cache_telemetry.cpp:230)
2026-07-18 09:14:33.566 | info     |          Device | Closing user mode device drivers (tt_cluster.cpp:512)
2026-07-18 09:14:33.566 | info     |             UMD | Closing devices in cluster (cluster.cpp:1037)
2026-07-18 09:14:34.121 | info     |             UMD | Closing devices in cluster completed. (cluster.cpp:1046)
2026-07-18 09:14:34.121 | info     |             UMD | Cluster destructor started. (cluster.cpp:754)
2026-07-18 09:14:34.121 | info     |             UMD | Cluster destructor completed. (cluster.cpp:757)
