2026-07-18 09:34:27.212 | INFO     | __main__:main:189 - Setting profiler artifacts folder to models/autoports/meta_llama_llama_3_1_8b_instruct/doc/multichip_decoder/tracy
2026-07-18 09:34:27.213 | INFO     | __main__:main:395 - Using port 8086
2026-07-18 09:34:27.213 | INFO     | tracy:run_report_setup:91 - Verifying tracy profiling tools
2026-07-18 09:34:27.214 | INFO     | tracy:run_report_setup:112 - Capture command: ('/home/mvasiljevic/tt-metal/build/tools/profiler/bin/tracy-capture -o models/autoports/meta_llama_llama_3_1_8b_instruct/doc/multichip_decoder/tracy/.logs/tracy_profile_log_host.tracy -f -p 8086',)
Connecting to 127.0.0.1:8086...2026-07-18 09:34:27.220 | INFO     | __main__:main:413 - Test process started
2026-07-18 09:34:27.919 | INFO     | __main__:main:189 - Setting profiler artifacts folder to models/autoports/meta_llama_llama_3_1_8b_instruct/doc/multichip_decoder/tracy
2026-07-18 09:34:28.149 | DEBUG    | ttnn:<module>:79 - Initial ttnn.CONFIG:
Config{cache_path=/home/mvasiljevic/.cache/ttnn,model_cache_path=/home/mvasiljevic/.cache/ttnn/models,tmp_dir=/tmp/ttnn,enable_model_cache=false,enable_fast_runtime_mode=true,throw_exception_on_fallback=false,enable_logging=false,enable_graph_report=false,enable_graph_python_stack_traces=false,enable_detailed_buffer_report=false,enable_detailed_tensor_report=false,enable_comparison_mode=false,comparison_mode_should_raise_exception=false,comparison_mode_pcc=0.9999,root_report_path=generated/ttnn/reports,report_name=std::nullopt,std::nullopt}
============================= test session starts ==============================
platform linux -- Python 3.12.13, pytest-9.0.3, pluggy-1.6.0 -- /home/mvasiljevic/tt-metal/python_env/bin/python
cachedir: .pytest_cache
benchmark: 5.2.3 (defaults: timer=time.perf_counter disable_gc=False min_rounds=5 min_time=0.000005 max_time=1.0 calibration_precision=10 warmup=False warmup_iterations=100000)
rootdir: /home/mvasiljevic/tt-metal
configfile: pytest.ini
plugins: github-actions-annotate-failures-0.3.0, anyio-4.14.2, dash-2.15.0, split-0.11.0, timeout-2.4.0, benchmark-5.2.3, cov-7.0.0
timeout: 300.0s
timeout method: signal
timeout func_only: False
collecting ... collected 10 items / 8 deselected / 2 selected

models/autoports/meta_llama_llama_3_1_8b_instruct/tests/test_multichip_decoder.py::test_single_chip_warmed_perf_reference[blackhole-blackhole-single-chip-reference] 2026-07-18 09:34:30.457 | info     |          Device | Opening user mode device driver (tt_cluster.cpp:228)
2026-07-18 09:34:30.457 | info     |             UMD | Cluster constructor started. (cluster.cpp:348)
2026-07-18 09:34:30.457 | info     |             UMD | Creating TopologyDiscovery for architecture: blackhole (topology_discovery.cpp:91)
2026-07-18 09:34:30.457 | info     |             UMD | Starting topology discovery. (topology_discovery.cpp:110)
2026-07-18 09:34:30.458 | info     |             UMD | Established firmware bundle version: 19.8.0 (topology_discovery.cpp:569)
2026-07-18 09:34:30.458 | info     |             UMD | Firmware bundle version 19.8.0 on the system is newer than the latest fully tested version 19.5.0 for blackhole architecture. Newest features may not be supported. (topology_discovery.cpp:601)
2026-07-18 09:34:30.462 | info     |             UMD | Completed topology discovery. (topology_discovery.cpp:114)
2026-07-18 09:34:30.684 | info     |             UMD | Opening local chip ids/PCIe ids: {0, 1, 2, 3}/[0, 1, 2, 3] and remote chip ids {} (cluster.cpp:168)
2026-07-18 09:34:30.684 | info     |             UMD | IOMMU: enabled (cluster.cpp:142)
2026-07-18 09:34:30.684 | info     |             UMD | KMD version: 2.8.0 (cluster.cpp:145)
2026-07-18 09:34:30.684 | info     |             UMD | Cluster constructor completed. (cluster.cpp:520)
2026-07-18 09:34:30.686 | info     |             UMD | Starting devices in cluster (cluster.cpp:1024)
2026-07-18 09:34:30.833 | info     |             UMD | Starting devices in cluster completed. (cluster.cpp:1032)
--------------------------------------------------------------------------
It appears as if there is not enough space for /dev/shm/sm_segment.23ff5195c3f7.1000.cf150000.0 (the shared-memory backing
file). It is likely that your MPI job will now either abort or experience
performance degradation.

  Local host:  23ff5195c3f7
  Space Requested: 16777216 B
  Space Available: 17539072 B
--------------------------------------------------------------------------
2026-07-18 09:34:30.955 | DEBUG    | ttnn.device:__init__:152 - Using default dispatch core type for this system: DispatchCoreType.WORKER
2026-07-18 09:34:30.955 | DEBUG    | ttnn.device:__init__:154 - Using default dispatch core axis for this system: DispatchCoreAxis.COL
2026-07-18 09:34:30.955 | info     |     Distributed | Using auto discovery to generate mesh graph. (metal_env.cpp:367)
2026-07-18 09:34:30.955 | info     |     Distributed | Constructing control plane using auto-discovery (no mesh graph descriptor). (metal_env.cpp:429)
2026-07-18 09:34:30.955 | warning  |          Always | Unknown motherboard 'B850M-C' for chip_id=0 (bus_id=0x1) — falling back to bus_id as tray_id. Add this motherboard and its bus IDs to mobo_to_bus_ids in physical_system_discovery.cpp. (physical_system_discovery.cpp:89)
2026-07-18 09:34:30.955 | warning  |          Always | Unknown motherboard 'B850M-C' for chip_id=1 (bus_id=0x2) — falling back to bus_id as tray_id. Add this motherboard and its bus IDs to mobo_to_bus_ids in physical_system_discovery.cpp. (physical_system_discovery.cpp:89)
2026-07-18 09:34:30.955 | warning  |          Always | Unknown motherboard 'B850M-C' for chip_id=2 (bus_id=0x3) — falling back to bus_id as tray_id. Add this motherboard and its bus IDs to mobo_to_bus_ids in physical_system_discovery.cpp. (physical_system_discovery.cpp:89)
2026-07-18 09:34:30.955 | warning  |          Always | Unknown motherboard 'B850M-C' for chip_id=3 (bus_id=0x4) — falling back to bus_id as tray_id. Add this motherboard and its bus IDs to mobo_to_bus_ids in physical_system_discovery.cpp. (physical_system_discovery.cpp:89)
2026-07-18 09:34:30.955 | warning  |          Always | Unknown motherboard 'B850M-C' for chip_id=1 (bus_id=0x2) — falling back to bus_id as tray_id. Add this motherboard and its bus IDs to mobo_to_bus_ids in physical_system_discovery.cpp. (physical_system_discovery.cpp:89)
2026-07-18 09:34:30.955 | warning  |          Always | Unknown motherboard 'B850M-C' for chip_id=0 (bus_id=0x1) — falling back to bus_id as tray_id. Add this motherboard and its bus IDs to mobo_to_bus_ids in physical_system_discovery.cpp. (physical_system_discovery.cpp:89)
2026-07-18 09:34:30.955 | warning  |          Always | Unknown motherboard 'B850M-C' for chip_id=2 (bus_id=0x3) — falling back to bus_id as tray_id. Add this motherboard and its bus IDs to mobo_to_bus_ids in physical_system_discovery.cpp. (physical_system_discovery.cpp:89)
2026-07-18 09:34:30.955 | warning  |          Always | Unknown motherboard 'B850M-C' for chip_id=3 (bus_id=0x4) — falling back to bus_id as tray_id. Add this motherboard and its bus IDs to mobo_to_bus_ids in physical_system_discovery.cpp. (physical_system_discovery.cpp:89)
2026-07-18 09:34:30.955 | info     |          Fabric | Logical multi-mesh adjacency: intermesh degree histogram {0:1}; intra-mesh degree histograms mesh0 {2:4} (topology_mapper_utils.cpp:2342)
2026-07-18 09:34:30.955 | info     |          Fabric | Physical multi-mesh adjacency: intermesh degree histogram {0:1}; intra-mesh degree histograms mesh0 {2:4} (topology_mapper_utils.cpp:2350)
2026-07-18 09:34:30.956 | warning  |       Inspector | Failed to create logging directory: /home/mvasiljevic/tt-metal/generated/inspector. Error: filesystem error: cannot remove all: Permission denied [/home/mvasiljevic/tt-metal/generated/inspector] [/home/mvasiljevic/tt-metal/generated/inspector/programs_log.yaml]

You can disable exception by setting TT_METAL_INSPECTOR_INITIALIZATION_IS_IMPORTANT=0 in your environment variables. Note that this will not throw an exception, but will log a warning instead. Running without Inspector logger will impact tt-triage functionality. (logger.cpp:37)
2026-07-18 09:34:30.995 | warning  |           Metal | Opening subset of mmio devices slows down UMD read/write to remote chips. If opening more devices, consider using CreateDevices API. (device_manager.cpp:261)
2026-07-18 09:34:31.002 | info     |           Metal | Profiler started on device 3 (profiler_initializer.cpp:49)
2026-07-18 09:34:31.043 | info     |           Metal | ShmResourceTracker: removed orphaned shm '/tt_device_154095681929600_memory' (shm_resource_tracker.cpp:282)
2026-07-18 09:34:31.623 | info     |           Metal | [Real-time profiler] Device 3 sync complete: 100 samples, frequency=1.349983 GHz, device_time_at_sync=3264437089095 cycles (realtime_profiler_manager.cpp:1127)
2026-07-18 09:34:31.638 | DEBUG    | conftest:mesh_device:599 - multidevice with 1 devices is created
2026-07-18 09:34:33.409 | INFO     | tracy:signpost:49 - PERF_SINGLE_PREFILL
2026-07-18 09:34:33.413 | INFO     | tracy:signpost:49 - PERF_SINGLE_PREFILL_END
2026-07-18 09:34:33.413 | INFO     | tracy:signpost:49 - PERF_SINGLE_DECODE
2026-07-18 09:34:33.491 | INFO     | tracy:signpost:49 - PERF_SINGLE_DECODE_END
SINGLE_CHIP_PERF_REFERENCE variant=default batch=1 seq=18 single_prefill_ms=1.289377 single_decode_ms=0.614221 prefill_repeats=3 trace_replays=1
PASSED2026-07-18 09:34:34.009 | info     |           Metal | Device kernel duration perf summary (device=3): count=160, min=482ns, avg=37775.0ns, max=276400ns (profiler_analysis.cpp:675)
2026-07-18 09:34:34.009 | info     |           Metal | Device kernel duration perf histogram (device=3): (buckets=10, bucket_size=27600ns, range=[0..276000), underflow(<0ns)=0, overflow(>=276000ns)=1) (profiler_analysis.cpp:718)
2026-07-18 09:34:34.009 | info     |           Metal |   [           0 ..        27600) |########################################|      114 (profiler_analysis.cpp:723)
2026-07-18 09:34:34.009 | info     |           Metal |   [       27600 ..        55200) |#####                                   |       14 (profiler_analysis.cpp:723)
2026-07-18 09:34:34.009 | info     |           Metal |   [       55200 ..        82800) |###                                     |        8 (profiler_analysis.cpp:723)
2026-07-18 09:34:34.009 | info     |           Metal |   [       82800 ..       110400) |####                                    |       10 (profiler_analysis.cpp:723)
2026-07-18 09:34:34.009 | info     |           Metal |   [      110400 ..       138000) |#                                       |        2 (profiler_analysis.cpp:723)
2026-07-18 09:34:34.009 | info     |           Metal |   [      138000 ..       165600) |                                        |        0 (profiler_analysis.cpp:723)
2026-07-18 09:34:34.009 | info     |           Metal |   [      165600 ..       193200) |                                        |        0 (profiler_analysis.cpp:723)
2026-07-18 09:34:34.009 | info     |           Metal |   [      193200 ..       220800) |                                        |        0 (profiler_analysis.cpp:723)
2026-07-18 09:34:34.009 | info     |           Metal |   [      220800 ..       248400) |###                                     |        8 (profiler_analysis.cpp:723)
2026-07-18 09:34:34.009 | info     |           Metal |   [      248400 ..       276000) |#                                       |        3 (profiler_analysis.cpp:723)

models/autoports/meta_llama_llama_3_1_8b_instruct/tests/test_multichip_decoder.py::test_single_and_multichip_warmed_perf[blackhole-p300-1x4-ring] 2026-07-18 09:34:34.348 | DEBUG    | ttnn.device:__init__:152 - Using default dispatch core type for this system: DispatchCoreType.WORKER
2026-07-18 09:34:34.348 | DEBUG    | ttnn.device:__init__:154 - Using default dispatch core axis for this system: DispatchCoreAxis.COL
2026-07-18 09:34:34.348 | info     |           Metal | Fabric config changed from FabricConfig::DISABLED to FabricConfig::FABRIC_1D_RING, reinitializing control plane (metal_env.cpp:281)
2026-07-18 09:34:34.348 | info     |     Distributed | Using auto discovery to generate mesh graph. (metal_env.cpp:367)
2026-07-18 09:34:34.348 | info     |     Distributed | Constructing control plane using auto-discovery (no mesh graph descriptor). (metal_env.cpp:429)
2026-07-18 09:34:34.348 | warning  |          Always | Unknown motherboard 'B850M-C' for chip_id=0 (bus_id=0x1) — falling back to bus_id as tray_id. Add this motherboard and its bus IDs to mobo_to_bus_ids in physical_system_discovery.cpp. (physical_system_discovery.cpp:89)
2026-07-18 09:34:34.348 | warning  |          Always | Unknown motherboard 'B850M-C' for chip_id=1 (bus_id=0x2) — falling back to bus_id as tray_id. Add this motherboard and its bus IDs to mobo_to_bus_ids in physical_system_discovery.cpp. (physical_system_discovery.cpp:89)
2026-07-18 09:34:34.348 | warning  |          Always | Unknown motherboard 'B850M-C' for chip_id=2 (bus_id=0x3) — falling back to bus_id as tray_id. Add this motherboard and its bus IDs to mobo_to_bus_ids in physical_system_discovery.cpp. (physical_system_discovery.cpp:89)
2026-07-18 09:34:34.348 | warning  |          Always | Unknown motherboard 'B850M-C' for chip_id=3 (bus_id=0x4) — falling back to bus_id as tray_id. Add this motherboard and its bus IDs to mobo_to_bus_ids in physical_system_discovery.cpp. (physical_system_discovery.cpp:89)
2026-07-18 09:34:34.348 | warning  |          Always | Unknown motherboard 'B850M-C' for chip_id=1 (bus_id=0x2) — falling back to bus_id as tray_id. Add this motherboard and its bus IDs to mobo_to_bus_ids in physical_system_discovery.cpp. (physical_system_discovery.cpp:89)
2026-07-18 09:34:34.348 | warning  |          Always | Unknown motherboard 'B850M-C' for chip_id=0 (bus_id=0x1) — falling back to bus_id as tray_id. Add this motherboard and its bus IDs to mobo_to_bus_ids in physical_system_discovery.cpp. (physical_system_discovery.cpp:89)
2026-07-18 09:34:34.348 | warning  |          Always | Unknown motherboard 'B850M-C' for chip_id=2 (bus_id=0x3) — falling back to bus_id as tray_id. Add this motherboard and its bus IDs to mobo_to_bus_ids in physical_system_discovery.cpp. (physical_system_discovery.cpp:89)
2026-07-18 09:34:34.348 | warning  |          Always | Unknown motherboard 'B850M-C' for chip_id=3 (bus_id=0x4) — falling back to bus_id as tray_id. Add this motherboard and its bus IDs to mobo_to_bus_ids in physical_system_discovery.cpp. (physical_system_discovery.cpp:89)
2026-07-18 09:34:34.349 | info     |          Fabric | Logical multi-mesh adjacency: intermesh degree histogram {0:1}; intra-mesh degree histograms mesh0 {2:4} (topology_mapper_utils.cpp:2342)
2026-07-18 09:34:34.349 | info     |          Fabric | Physical multi-mesh adjacency: intermesh degree histogram {0:1}; intra-mesh degree histograms mesh0 {2:4} (topology_mapper_utils.cpp:2350)
2026-07-18 09:34:34.359 | warning  |       Inspector | Failed to create logging directory: /home/mvasiljevic/tt-metal/generated/inspector. Error: filesystem error: cannot remove all: Permission denied [/home/mvasiljevic/tt-metal/generated/inspector] [/home/mvasiljevic/tt-metal/generated/inspector/programs_log.yaml]

You can disable exception by setting TT_METAL_INSPECTOR_INITIALIZATION_IS_IMPORTANT=0 in your environment variables. Note that this will not throw an exception, but will log a warning instead. Running without Inspector logger will impact tt-triage functionality. (logger.cpp:37)
2026-07-18 09:34:34.402 | info     |           Metal | Profiler started on device 3 (profiler_initializer.cpp:49)
2026-07-18 09:34:34.408 | info     |           Metal | Profiler started on device 0 (profiler_initializer.cpp:49)
2026-07-18 09:34:34.414 | info     |           Metal | Profiler started on device 1 (profiler_initializer.cpp:49)
2026-07-18 09:34:34.419 | info     |           Metal | Profiler started on device 2 (profiler_initializer.cpp:49)
2026-07-18 09:34:34.419 | info     |           Metal | Initializing Fabric (fabric_firmware_initializer.cpp:288)
2026-07-18 09:34:34.439 | info     |           Metal | Fabric initialized on Device 3 (device.cpp:429)
2026-07-18 09:34:34.453 | info     |           Metal | Fabric initialized on Device 0 (device.cpp:429)
2026-07-18 09:34:34.454 | info     |           Metal | Fabric initialized on Device 1 (device.cpp:429)
2026-07-18 09:34:34.455 | info     |           Metal | Fabric initialized on Device 2 (device.cpp:429)
2026-07-18 09:34:34.455 | info     |           Metal | Fabric initialized on 4 devices (fabric_firmware_initializer.cpp:435)
2026-07-18 09:34:34.455 | info     |           Metal | Fabric Initialized with config FabricConfig::FABRIC_1D_RING (fabric_firmware_initializer.cpp:305)
2026-07-18 09:34:35.082 | info     |           Metal | [Real-time profiler] Device 0 sync complete: 100 samples, frequency=1.349990 GHz, device_time_at_sync=3288723722781 cycles (realtime_profiler_manager.cpp:1127)
2026-07-18 09:34:35.082 | info     |           Metal | [Real-time profiler] Device 1 sync complete: 100 samples, frequency=1.349988 GHz, device_time_at_sync=3261628910318 cycles (realtime_profiler_manager.cpp:1127)
2026-07-18 09:34:35.082 | info     |           Metal | [Real-time profiler] Device 2 sync complete: 100 samples, frequency=1.349987 GHz, device_time_at_sync=3265185615817 cycles (realtime_profiler_manager.cpp:1127)
2026-07-18 09:34:35.108 | DEBUG    | conftest:mesh_device:599 - multidevice with 4 devices is created
2026-07-18 09:34:36.991 | INFO     | tracy:signpost:49 - PERF_MULTI_PREFILL
2026-07-18 09:34:36.995 | INFO     | tracy:signpost:49 - PERF_MULTI_PREFILL_END
2026-07-18 09:34:36.995 | INFO     | tracy:signpost:49 - PERF_MULTI_DECODE
2026-07-18 09:34:37.084 | INFO     | tracy:signpost:49 - PERF_MULTI_DECODE_END
perf default output: 0.9999998070672766
MULTICHIP_PERF_RESULT variant=default batch=1 seq=18 single_prefill_ms=1.289377 multi_prefill_ms=1.047400 prefill_speedup=1.231027 prefill_efficiency=0.307757 single_decode_ms=0.614221 multi_decode_ms=0.372159 decode_speedup=1.650426 decode_efficiency=0.412607 prefill_repeats=3 trace_replays=1
PASSED

==================================== PASSES ====================================
- generated xml file: /home/mvasiljevic/tt-metal/generated/test_reports/most_recent_tests.xml -
============================== slowest durations ===============================
2.20s call     models/autoports/meta_llama_llama_3_1_8b_instruct/tests/test_multichip_decoder.py::test_single_and_multichip_warmed_perf[blackhole-p300-1x4-ring]
2.07s call     models/autoports/meta_llama_llama_3_1_8b_instruct/tests/test_multichip_decoder.py::test_single_chip_warmed_perf_reference[blackhole-blackhole-single-chip-reference]
1.40s teardown models/autoports/meta_llama_llama_3_1_8b_instruct/tests/test_multichip_decoder.py::test_single_and_multichip_warmed_perf[blackhole-p300-1x4-ring]
1.39s setup    models/autoports/meta_llama_llama_3_1_8b_instruct/tests/test_multichip_decoder.py::test_single_chip_warmed_perf_reference[blackhole-blackhole-single-chip-reference]
0.97s setup    models/autoports/meta_llama_llama_3_1_8b_instruct/tests/test_multichip_decoder.py::test_single_and_multichip_warmed_perf[blackhole-p300-1x4-ring]
0.42s teardown models/autoports/meta_llama_llama_3_1_8b_instruct/tests/test_multichip_decoder.py::test_single_chip_warmed_perf_reference[blackhole-blackhole-single-chip-reference]
=========================== short test summary info ============================
PASSED models/autoports/meta_llama_llama_3_1_8b_instruct/tests/test_multichip_decoder.py::test_single_chip_warmed_perf_reference[blackhole-blackhole-single-chip-reference]
PASSED models/autoports/meta_llama_llama_3_1_8b_instruct/tests/test_multichip_decoder.py::test_single_and_multichip_warmed_perf[blackhole-p300-1x4-ring]
======================= 2 passed, 8 deselected in 9.29s ========================
nanobind: leaked 2 instances!
 - leaked instance 0x74d479ae8348 of type "ttnn._ttnn.tensor.MemoryConfig"
 - leaked instance 0x74d49c74a178 of type "ttnn._ttnn.tensor.CoreRangeSet"
nanobind: leaked 22 types!
 - leaked type "ttnn._ttnn.operations.matmul.MatmulMultiCoreReuseMultiCast1DProgramConfig"
 - leaked type "FabricConfig"
 - leaked type "ttnn._ttnn.operations.matmul.MatmulInputs"
 - leaked type "ttnn._ttnn.operations.matmul.MatmulMultiCoreReuseMultiCastBatchedDRAMShardedProgramConfig"
 - leaked type "BufferType"
 - leaked type "UnaryOpType"
 - leaked type "Layout"
 - leaked type "ttnn._ttnn.operations.matmul.MatmulMultiCoreReuseOptimizedProgramFactory"
 - leaked type "Arch"
 - leaked type "ttnn._ttnn.operations.matmul.MatmulParams"
 - ... skipped remainder
nanobind: leaked 247 functions!
 - leaked function "volume"
 - leaked function ""
 - leaked function "__repr__"
 - leaked function ""
 - leaked function ""
 - leaked function ""
 - leaked function ""
 - leaked function "element_size"
 - leaked function "default_core_range"
 - leaked function "unpad"
 - ... skipped remainder
nanobind: this is likely caused by a reference counting issue in the binding code.
See https://nanobind.readthedocs.io/en/latest/refleaks.html2026-07-18 09:34:40.610 | info     |    BuildKernels | JIT cache stats: 355/355 hits (100.0%) [355 cached, 116 build-once dedup, 0 merged artifacts, 0 merged genfiles] (build_cache_telemetry.cpp:207)
2026-07-18 09:34:40.610 | info     |    BuildKernels | JIT telemetry: 3 registered TelemetryTokens (build_cache_telemetry.cpp:230)
2026-07-18 09:34:40.625 | info     |          Device | Closing user mode device drivers (tt_cluster.cpp:512)
2026-07-18 09:34:40.625 | info     |             UMD | Closing devices in cluster (cluster.cpp:1037)
2026-07-18 09:34:41.166 | info     |             UMD | Closing devices in cluster completed. (cluster.cpp:1046)
2026-07-18 09:34:41.166 | info     |             UMD | Cluster destructor started. (cluster.cpp:754)
2026-07-18 09:34:41.166 | info     |             UMD | Cluster destructor completed. (cluster.cpp:757)

Timer resolution: 0 ns

Frames: 2
Time span: 40:30.5
Zones: 436,368
Elapsed time: 13.11 s
Saving trace... done!
Trace size 4436.08 KB (18.64% ratio)
2026-07-18 09:34:41.380 | INFO     | __main__:main:452 - Copying /home/mvasiljevic/tt-metal/generated/profiler/.logs/tracy_profile_log_host.tracy to /home/mvasiljevic/tt-metal/build/profiler/build_wasm/traces/warmed_perf_2026_07_18_09_34_41.tracy
2026-07-18 09:34:41.382 | INFO     | __main__:main:455 - Copied /home/mvasiljevic/tt-metal/generated/profiler/.logs/tracy_profile_log_host.tracy to /home/mvasiljevic/tt-metal/build/profiler/build_wasm/traces/warmed_perf_2026_07_18_09_34_41.tracy
2026-07-18 09:34:41.383 | INFO     | __main__:main:464 - embed.tracy -> traces/warmed_perf_2026_07_18_09_34_41.tracy
2026-07-18 09:34:41.383 | INFO     | tracy.serve_wasm:launch_server_subprocess:284 - Launching tracy web app GUI server subprocess...
2026-07-18 09:34:41.383 | INFO     | tracy.serve_wasm:launch_server_subprocess:287 - Tracy WASM web UI (open in browser): http://localhost:8080/ (WebSocket for live reload: ws://localhost:8081/)
2026-07-18 09:34:41.383 | INFO     | tracy.serve_wasm:launch_server_subprocess:294 - Tracy WASM server already serving port 8080; reusing it (live-reload refreshes the browser).
2026-07-18 09:34:41.553 | INFO     | tracy:generate_report:162 - Host side ops time report generated at models/autoports/meta_llama_llama_3_1_8b_instruct/doc/multichip_decoder/tracy/.logs/tracy_ops_times.csv
2026-07-18 09:34:41.563 | INFO     | tracy:generate_report:173 - Host side ops data report generated at models/autoports/meta_llama_llama_3_1_8b_instruct/doc/multichip_decoder/tracy/.logs/tracy_ops_data.csv
2026-07-18 09:34:41.563 | INFO     | tracy.process_ops_logs:import_tracy_op_logs:345 - Importing ops logs
/home/mvasiljevic/tt-metal/tools/tracy/process_ops_logs.py:450: DtypeWarning: Columns (3,4,8) have mixed types. Specify dtype option on import or set low_memory=False.
  df = pd.read_csv(tracyOpTimesLog)
2026-07-18 09:34:41.993 | INFO     | tracy.perf_counter_analysis:get_device_op_data:2140 - Getting device ops
2026-07-18 09:34:41.993 | INFO     | tracy.process_ops_logs:append_device_data:1009 - Appending device data
2026-07-18 09:34:42.454 | INFO     | tracy.process_ops_logs:generate_reports:1342 - OPs' perf analysis is finished! Generating reports ...
2026-07-18 09:34:42.454 | INFO     | tracy.process_ops_logs:generate_reports:1360 - Copying runtime artifacts
2026-07-18 09:34:42.468 | INFO     | tracy.process_ops_logs:generate_reports:1369 - Generating OPs CSV
2026-07-18 09:34:42.762 | INFO     | tracy.process_ops_logs:generate_reports:1765 - OPs csv generated at: /home/mvasiljevic/tt-metal/models/autoports/meta_llama_llama_3_1_8b_instruct/doc/multichip_decoder/tracy/reports/2026_07_18_09_34_42/ops_perf_results_2026_07_18_09_34_42.csv
