2026-07-19 07:47:00.602 | DEBUG    | ttnn:<module>:79 - Initial ttnn.CONFIG:
Config{cache_path=/home/mvasiljevic/.cache/ttnn,model_cache_path=/home/mvasiljevic/.cache/ttnn/models,tmp_dir=/tmp/ttnn,enable_model_cache=false,enable_fast_runtime_mode=true,throw_exception_on_fallback=false,enable_logging=false,enable_graph_report=false,enable_graph_python_stack_traces=false,enable_detailed_buffer_report=false,enable_detailed_tensor_report=false,enable_comparison_mode=false,comparison_mode_should_raise_exception=false,comparison_mode_pcc=0.9999,root_report_path=generated/ttnn/reports,report_name=std::nullopt,std::nullopt}
============================= test session starts ==============================
platform linux -- Python 3.12.13, pytest-9.0.3, pluggy-1.6.0 -- /home/mvasiljevic/tt-metal/python_env/bin/python3
cachedir: .pytest_cache
benchmark: 5.2.3 (defaults: timer=time.perf_counter disable_gc=False min_rounds=5 min_time=0.000005 max_time=1.0 calibration_precision=10 warmup=False warmup_iterations=100000)
rootdir: /home/mvasiljevic/tt-metal
configfile: pytest.ini
plugins: github-actions-annotate-failures-0.3.0, anyio-4.14.2, dash-2.15.0, split-0.11.0, timeout-2.4.0, benchmark-5.2.3, cov-7.0.0
timeout: 300.0s
timeout method: signal
timeout func_only: False
collecting ... collected 9 items / 8 deselected / 1 selected

models/autoports/meta_llama_llama_3_1_70b_instruct/tests/test_multichip_decoder.py::test_multichip_decode_geometry_candidate[blackhole-blackhole-1x4-ring] 2026-07-19 07:47:02.110 | info     |          Device | Opening user mode device driver (tt_cluster.cpp:228)
2026-07-19 07:47:02.110 | info     |             UMD | Cluster constructor started. (cluster.cpp:348)
2026-07-19 07:47:02.110 | info     |             UMD | Creating TopologyDiscovery for architecture: blackhole (topology_discovery.cpp:91)
2026-07-19 07:47:02.110 | info     |             UMD | Starting topology discovery. (topology_discovery.cpp:110)
2026-07-19 07:47:02.112 | info     |             UMD | Established firmware bundle version: 19.8.0 (topology_discovery.cpp:569)
2026-07-19 07:47:02.112 | info     |             UMD | Firmware bundle version 19.8.0 on the system is newer than the latest fully tested version 19.5.0 for blackhole architecture. Newest features may not be supported. (topology_discovery.cpp:601)
2026-07-19 07:47:02.116 | info     |             UMD | Completed topology discovery. (topology_discovery.cpp:114)
2026-07-19 07:47:02.336 | info     |             UMD | Opening local chip ids/PCIe ids: {0, 1, 2, 3}/[0, 1, 2, 3] and remote chip ids {} (cluster.cpp:168)
2026-07-19 07:47:02.336 | info     |             UMD | IOMMU: enabled (cluster.cpp:142)
2026-07-19 07:47:02.336 | info     |             UMD | KMD version: 2.8.0 (cluster.cpp:145)
2026-07-19 07:47:02.336 | info     |             UMD | Cluster constructor completed. (cluster.cpp:520)
2026-07-19 07:47:02.338 | info     |             UMD | Starting devices in cluster (cluster.cpp:1024)
2026-07-19 07:47:02.529 | info     |             UMD | Starting devices in cluster completed. (cluster.cpp:1032)
--------------------------------------------------------------------------
It appears as if there is not enough space for /dev/shm/sm_segment.23ff5195c3f7.1000.dd2e0000.0 (the shared-memory backing
file). It is likely that your MPI job will now either abort or experience
performance degradation.

  Local host:  23ff5195c3f7
  Space Requested: 16777216 B
  Space Available: 17539072 B
--------------------------------------------------------------------------
2026-07-19 07:47:02.653 | DEBUG    | ttnn.device:__init__:152 - Using default dispatch core type for this system: DispatchCoreType.WORKER
2026-07-19 07:47:02.654 | DEBUG    | ttnn.device:__init__:154 - Using default dispatch core axis for this system: DispatchCoreAxis.COL
2026-07-19 07:47:02.654 | info     |     Distributed | Using auto discovery to generate mesh graph. (metal_env.cpp:367)
2026-07-19 07:47:02.654 | info     |     Distributed | Constructing control plane using auto-discovery (no mesh graph descriptor). (metal_env.cpp:429)
2026-07-19 07:47:02.654 | warning  |          Always | Unknown motherboard 'B850M-C' for chip_id=0 (bus_id=0x1) — falling back to bus_id as tray_id. Add this motherboard and its bus IDs to mobo_to_bus_ids in physical_system_discovery.cpp. (physical_system_discovery.cpp:89)
2026-07-19 07:47:02.654 | warning  |          Always | Unknown motherboard 'B850M-C' for chip_id=1 (bus_id=0x2) — falling back to bus_id as tray_id. Add this motherboard and its bus IDs to mobo_to_bus_ids in physical_system_discovery.cpp. (physical_system_discovery.cpp:89)
2026-07-19 07:47:02.654 | warning  |          Always | Unknown motherboard 'B850M-C' for chip_id=2 (bus_id=0x3) — falling back to bus_id as tray_id. Add this motherboard and its bus IDs to mobo_to_bus_ids in physical_system_discovery.cpp. (physical_system_discovery.cpp:89)
2026-07-19 07:47:02.654 | warning  |          Always | Unknown motherboard 'B850M-C' for chip_id=3 (bus_id=0x4) — falling back to bus_id as tray_id. Add this motherboard and its bus IDs to mobo_to_bus_ids in physical_system_discovery.cpp. (physical_system_discovery.cpp:89)
2026-07-19 07:47:02.654 | warning  |          Always | Unknown motherboard 'B850M-C' for chip_id=1 (bus_id=0x2) — falling back to bus_id as tray_id. Add this motherboard and its bus IDs to mobo_to_bus_ids in physical_system_discovery.cpp. (physical_system_discovery.cpp:89)
2026-07-19 07:47:02.654 | warning  |          Always | Unknown motherboard 'B850M-C' for chip_id=0 (bus_id=0x1) — falling back to bus_id as tray_id. Add this motherboard and its bus IDs to mobo_to_bus_ids in physical_system_discovery.cpp. (physical_system_discovery.cpp:89)
2026-07-19 07:47:02.654 | warning  |          Always | Unknown motherboard 'B850M-C' for chip_id=2 (bus_id=0x3) — falling back to bus_id as tray_id. Add this motherboard and its bus IDs to mobo_to_bus_ids in physical_system_discovery.cpp. (physical_system_discovery.cpp:89)
2026-07-19 07:47:02.654 | warning  |          Always | Unknown motherboard 'B850M-C' for chip_id=3 (bus_id=0x4) — falling back to bus_id as tray_id. Add this motherboard and its bus IDs to mobo_to_bus_ids in physical_system_discovery.cpp. (physical_system_discovery.cpp:89)
2026-07-19 07:47:02.654 | info     |          Fabric | Logical multi-mesh adjacency: intermesh degree histogram {0:1}; intra-mesh degree histograms mesh0 {2:4} (topology_mapper_utils.cpp:2342)
2026-07-19 07:47:02.654 | info     |          Fabric | Physical multi-mesh adjacency: intermesh degree histogram {0:1}; intra-mesh degree histograms mesh0 {2:4} (topology_mapper_utils.cpp:2350)
2026-07-19 07:47:02.659 | info     |    BuildKernels | Using pre-compiled firmware from: /home/mvasiljevic/tt-metal/tt_metal/pre-compiled/13793420398762238087/ (build_env_manager.cpp:347)
2026-07-19 07:47:02.659 | info     |    BuildKernels | Using pre-compiled firmware from: /home/mvasiljevic/tt-metal/tt_metal/pre-compiled/13793420398762238087/ (build_env_manager.cpp:347)
2026-07-19 07:47:02.659 | info     |    BuildKernels | Using pre-compiled firmware from: /home/mvasiljevic/tt-metal/tt_metal/pre-compiled/13793420398762238087/ (build_env_manager.cpp:347)
2026-07-19 07:47:02.659 | info     |    BuildKernels | Using pre-compiled firmware from: /home/mvasiljevic/tt-metal/tt_metal/pre-compiled/13793420398762238087/ (build_env_manager.cpp:347)
2026-07-19 07:47:02.694 | info     |           Metal | Initializing Fabric (fabric_firmware_initializer.cpp:288)
2026-07-19 07:47:02.731 | info     |           Metal | Fabric initialized on Device 0 (device.cpp:429)
2026-07-19 07:47:02.736 | info     |           Metal | Fabric initialized on Device 1 (device.cpp:429)
2026-07-19 07:47:02.737 | info     |           Metal | Fabric initialized on Device 2 (device.cpp:429)
2026-07-19 07:47:02.738 | info     |           Metal | Fabric initialized on Device 3 (device.cpp:429)
2026-07-19 07:47:02.738 | info     |           Metal | Fabric initialized on 4 devices (fabric_firmware_initializer.cpp:435)
2026-07-19 07:47:02.738 | info     |           Metal | Fabric Initialized with config FabricConfig::FABRIC_1D_RING (fabric_firmware_initializer.cpp:305)
2026-07-19 07:47:02.777 | info     |           Metal | ShmResourceTracker: removed orphaned shm '/tt_device_154095681929600_memory' (shm_resource_tracker.cpp:282)
2026-07-19 07:47:02.777 | info     |           Metal | ShmResourceTracker: removed orphaned shm '/tt_device_154095681929601_memory' (shm_resource_tracker.cpp:282)
2026-07-19 07:47:02.777 | info     |           Metal | ShmResourceTracker: removed orphaned shm '/tt_device_154095681932032_memory' (shm_resource_tracker.cpp:282)
2026-07-19 07:47:02.777 | info     |           Metal | ShmResourceTracker: removed orphaned shm '/tt_device_154095681932033_memory' (shm_resource_tracker.cpp:282)
2026-07-19 07:47:03.357 | info     |           Metal | [Real-time profiler] Device 2 sync complete: 100 samples, frequency=1.349986 GHz, device_time_at_sync=19325925517901 cycles (realtime_profiler_manager.cpp:1127)
2026-07-19 07:47:03.358 | info     |           Metal | [Real-time profiler] Device 0 sync complete: 100 samples, frequency=1.349981 GHz, device_time_at_sync=19290595976260 cycles (realtime_profiler_manager.cpp:1127)
2026-07-19 07:47:03.358 | info     |           Metal | [Real-time profiler] Device 1 sync complete: 100 samples, frequency=1.349991 GHz, device_time_at_sync=19305810098000 cycles (realtime_profiler_manager.cpp:1127)
2026-07-19 07:47:03.358 | info     |           Metal | [Real-time profiler] Device 3 sync complete: 100 samples, frequency=1.349989 GHz, device_time_at_sync=19347672907870 cycles (realtime_profiler_manager.cpp:1127)
2026-07-19 07:47:03.387 | DEBUG    | conftest:mesh_device:599 - multidevice with 4 devices is created
2026-07-19 07:47:22.421 | critical |          Always | TT_THROW: Statically allocated circular buffers on core range [0-0 - 7-9] grow to 1839872 B which is beyond max L1 size of 1572864 B (assert.hpp:104)
FAILED2026-07-19 07:47:23.432 | INFO     | conftest:pytest_runtest_teardown:1140 - In custom teardown, open device ids: {0, 1, 2, 3}


=================================== FAILURES ===================================
____ test_multichip_decode_geometry_candidate[blackhole-blackhole-1x4-ring] ____

mesh_device = MeshDevice(1x4 grid, 4 devices)
record_property = <function record_property.<locals>.append_property at 0x7eedd70c2c00>

    @_mesh_test
    def test_multichip_decode_geometry_candidate(mesh_device, record_property):
        """One-real-weight-variable-at-a-time DRAM-sharded geometry sweep."""

        candidate_id = os.environ.get("MULTICHIP_GEOMETRY_CANDIDATE")
        if candidate_id not in GEOMETRY_CANDIDATES:
            pytest.skip(f"set MULTICHIP_GEOMETRY_CANDIDATE to one of {sorted(GEOMETRY_CANDIDATES)}")
>       _run_decode_policy_candidate(
            mesh_device,
            record_property,
            candidate_id=candidate_id,
            changes=GEOMETRY_CANDIDATES[candidate_id],
        )

models/autoports/meta_llama_llama_3_1_70b_instruct/tests/test_multichip_decoder.py:889:
_ _ _ _ _ _ _ _ _ _ _ _ _ _ _ _ _ _ _ _ _ _ _ _ _ _ _ _ _ _ _ _ _ _ _ _ _ _ _ _
models/autoports/meta_llama_llama_3_1_70b_instruct/tests/test_multichip_decoder.py:818: in _run_decode_policy_candidate
    candidate_output = candidate.decode_forward(hidden, candidate_key, candidate_value, current_pos=7)
                       ^^^^^^^^^^^^^^^^^^^^^^^^^^^^^^^^^^^^^^^^^^^^^^^^^^^^^^^^^^^^^^^^^^^^^^^^^^^^^^^
models/autoports/meta_llama_llama_3_1_70b_instruct/tt/multichip_decoder.py:1733: in decode_forward
    return self._decode_forward_device_position(
models/autoports/meta_llama_llama_3_1_70b_instruct/tt/multichip_decoder.py:1679: in _decode_forward_device_position
    hidden_states = self._mlp_decode_flat(hidden_states)
                    ^^^^^^^^^^^^^^^^^^^^^^^^^^^^^^^^^^^^
models/autoports/meta_llama_llama_3_1_70b_instruct/tt/multichip_decoder.py:1468: in _mlp_decode_flat
    return self._all_reduce_flat(super()._mlp_decode(hidden_states), memory_config=self.residual_mem_config)
                                 ^^^^^^^^^^^^^^^^^^^^^^^^^^^^^^^^^^
models/autoports/meta_llama_llama_3_1_70b_instruct/tt/optimized_decoder.py:865: in _mlp_decode
    down = ttnn.linear(
_ _ _ _ _ _ _ _ _ _ _ _ _ _ _ _ _ _ _ _ _ _ _ _ _ _ _ _ _ _ _ _ _ _ _ _ _ _ _ _

self = FastOperation(python_fully_qualified_name='ttnn.linear', function=<ttnn._ttnn.operations.matmul.linear_t object at 0x7eeddb72b7b0>, preprocess_golden_function_inputs=<function default_preprocess_golden_function_inputs at 0x7eeddb0d7b00>, golden_function=<function _golden_function at 0x7eeddb144040>, postprocess_golden_function_outputs=<function default_postprocess_golden_function_outputs at 0x7eeddb0d7ba0>, is_cpp_operation=True, is_experimental=False)
function_args = (device_id: 3, MeshCoordinate([0, 0])
ttnn.Tensor([[[[-2.8931e-02,  4.2725e-03,  ...,  3.0640e-02,  1.8158e-03]]]], shape=Shape([1, 1, 1, 7168]), dtype=DataType::BFLOAT16, layout=Layout::TILE)
device_id: 2, MeshCoordinate([0, 1])
ttnn.Tensor([[[[ 7.8735e-03,  3.3951e-04,  ...,  1.0071e-02,  4.2114e-03]]]], shape=Shape([1, 1, 1, 7168]), dtype=DataType::BFLOAT16, layout=Layout::TILE)
device_id: 1, MeshCoordinate([0, 2])
ttnn.Tensor([[[[ 1.7456e-02, -2.3460e-04,  ..., -7.6599e-03,  1.1963e-02]]]], shape=Shape([1, 1, 1, 7168]), dtype=DataType::BFLOAT16, layout=Layout::TILE)
device_id: 0, MeshCoordinate([0, 3])
ttnn.Tensor([[[[ 6.4392e-03, -9.1171e-04,  ..., -1.3504e-03,  3.8910e-03]]]], shape=Shape([1, 1, 1, 7168]), dtype=DataType::BFLOAT16, layout=Layout::TILE), device_id: 3, MeshCoordinate([0, 0])
ttnn.Tensor([[-0.0039, -0.0156,  ...,  0.0117,  0.0078],
             [-0.0117,  0.0039,  ..., -0.0195,  0.0000],
             ...,
             [ 0.0039,  0.0078,  ...,  0.0098, -0.0039],
             [ 0.0117,  0.0078,  ...,  0.0039, -0.0195]], shape=Shape([7168, 8192]), dtype=DataType::BFLOAT4_B, layout=Layout::TILE)
device_id: 2, MeshCoordinate([0, 1])
ttnn.Tensor([[ 0.0000e+00, -1.5625e-02,  ..., -1.1719e-02,  3.9062e-03],
             [ 2.3438e-02,  7.8125e-03,  ..., -3.9062e-03,  7.8125e-03],
             ...,
             [ 7.8125e-03, -1.5625e-02,  ..., -7.8125e-03,  7.8125e-03],
             [-7.8125e-03,  0.0000e+00,  ...,  1.9531e-02,  1.1719e-02]], shape=Shape([7168, 8192]), dtype=DataType::BFLOAT4_B, layout=Layout::TILE)
device_id: 1, MeshCoordinate([0, 2])
ttnn.Tensor([[-0.0039,  0.0273,  ..., -0.0117,  0.0117],
             [ 0.0000, -0.0156,  ..., -0.0039, -0.0078],
             ...,
             [-0.0039,  0.0000,  ..., -0.0078, -0.0059],
             [-0.0273,  0.0000,  ...,  0.0000, -0.0078]], shape=Shape([7168, 8192]), dtype=DataType::BFLOAT4_B, layout=Layout::TILE)
device_id: 0, MeshCoordinate([0, 3])
ttnn.Tensor([[ 7.8125e-03,  2.3438e-02,  ...,  0.0000e+00,  3.9062e-03],
             [-3.9062e-03,  3.9062e-03,  ...,  0.0000e+00, -2.3438e-02],
             ...,
             [ 3.9062e-03,  3.9062e-03,  ..., -3.9062e-03,  3.9062e-03],
             [ 7.8125e-03,  3.9062e-03,  ...,  1.5625e-02,  0.0000e+00]], shape=Shape([7168, 8192]), dtype=DataType::BFLOAT4_B, layout=Layout::TILE))
function_kwargs = {'compute_kernel_config': <ttnn._ttnn.operations.core.WormholeComputeKernelConfig object at 0x7eedd4b3cb70>, 'dtype': DataType.BFLOAT16, 'memory_config': MemoryConfig(memory_layout=TensorMemoryLayout::WIDTH_SHARDED,buffer_type=BufferType::L1,shard_spec=std::nullopt,nd_shard_spec=std::nullopt,created_with_nd_shard_spec=0), 'program_config': MatmulMultiCoreReuseMultiCastDRAMShardedProgramConfig(in0_block_w=28,per_core_M=1,per_core_N=8,fused_activation=std::nullopt)}
cq_id = None, recording = False

    def __call__(self, *function_args, **function_kwargs):
        cq_id = None
        if "queue_id" in function_kwargs:
            cq_id = function_kwargs.pop("queue_id")
        elif "cq_id" in function_kwargs:
            cq_id = function_kwargs.pop("cq_id")

        recording = ttnn.graph.is_python_io_recording_enabled()
        if recording:
            ttnn.graph.track_function_start(self.python_fully_qualified_name)
            ttnn.graph.record_python_operation(self.python_fully_qualified_name, function_args, function_kwargs)
            input_tensors = get_all_tensors((function_args, function_kwargs))
            set_tensor_id(input_tensors)

        try:
            if cq_id is None:
>               result = self.function(*function_args, **function_kwargs)
                         ^^^^^^^^^^^^^^^^^^^^^^^^^^^^^^^^^^^^^^^^^^^^^^^^
E               RuntimeError: TT_THROW @ /home/mvasiljevic/tt-metal/tt_metal/impl/program/program.cpp:1492: tt::exception
E               info:
E               Statically allocated circular buffers on core range [0-0 - 7-9] grow to 1839872 B which is beyond max L1 size of 1572864 B
E               backtrace:
E                --- /home/mvasiljevic/tt-metal/build_Release/lib/_ttnncpp.so(+0x164e4ca) [0x7eee27c4e4ca]
E                --- tt::tt_metal::detail::ProgramImpl::validate_circular_buffer_region(tt::tt_metal::IDevice const*)
E                --- tt::tt_metal::distributed::MeshWorkloadImpl::compile(tt::tt_metal::distributed::MeshDevice*)
E                --- tt::tt_metal::distributed::EnqueueMeshWorkload(tt::tt_metal::distributed::MeshCommandQueue&, tt::tt_metal::distributed::MeshWorkload&, bool)
E                --- /home/mvasiljevic/tt-metal/build_Release/lib/_ttnncpp.so(_ZN4ttnn16device_operation6detail21enqueue_mesh_workloadITkNS0_36DeviceOperationWithMeshDeviceAdapterENS0_26MeshDeviceOperationAdapterINS_4prim21MatmulDeviceOperationEEEEEvRKNT_22operation_attributes_tERKNS7_13tensor_args_tERNS7_21tensor_return_value_tEPN2tt8tt_metal11distributed10MeshDeviceERNSI_12MeshWorkloadEb+0x3de) [0x7eee27df823e]
E                --- /home/mvasiljevic/tt-metal/build_Release/lib/_ttnncpp.so(+0x1805b38) [0x7eee27e05b38]
E                --- /home/mvasiljevic/tt-metal/build_Release/lib/_ttnncpp.so(_ZN4ttnn16device_operation6detail30create_and_cache_mesh_workloadITkNS0_22DeviceOperationConceptENS0_26MeshDeviceOperationAdapterINS_4prim21MatmulDeviceOperationEEEEEvRKNT_22operation_attributes_tERKNS7_13tensor_args_tERNS7_21tensor_return_value_tEPN2tt8tt_metal11distributed10MeshDeviceERNSH_13program_cache6detail12ProgramCacheERKNSM_15ProgramCacheKeyE+0xe6) [0x7eee27df79e6]
E                --- /home/mvasiljevic/tt-metal/build_Release/lib/_ttnncpp.so(_ZN4ttnn16device_operation6detail29launch_operation_with_adapterITkNS0_36DeviceOperationWithMeshDeviceAdapterENS0_26MeshDeviceOperationAdapterINS_4prim21MatmulDeviceOperationEEEEEvRKNT_22operation_attributes_tERKNS7_13tensor_args_tERNS7_21tensor_return_value_tEPN2tt8tt_metal11distributed10MeshDeviceE+0x16e) [0x7eee27df647e]
E                --- /home/mvasiljevic/tt-metal/build_Release/lib/_ttnncpp.so(_ZN4ttnn16device_operation6detail6launchITkNS0_22DeviceOperationConceptENS_4prim21MatmulDeviceOperationEEENT_21tensor_return_value_tERKNS5_22operation_attributes_tERKNS5_13tensor_args_tE+0x4ea) [0x7eee27df537a]
E                --- ttnn::prim::matmul(tt::tt_metal::Tensor const&, tt::tt_metal::Tensor const&, std::optional<tt::tt_metal::Tensor> const&, std::optional<tt::tt_metal::Tensor> const&, ttnn::prim::MatmulParams const&)
E                --- /home/mvasiljevic/tt-metal/build_Release/lib/_ttnncpp.so(+0x178a65a) [0x7eee27d8a65a]
E                --- /home/mvasiljevic/tt-metal/build_Release/lib/_ttnncpp.so(_ZN4ttnn10operations6matmul6linearERKN2tt8tt_metal6TensorES6_RKSt8optionalIS5_EbbRKS7_IKNS3_12MemoryConfigEES7_IKNS3_8DataTypeEERKS7_IKSt7variantIJNS1_28MatmulMultiCoreProgramConfigENS1_33MatmulMultiCoreReuseProgramConfigENS1_42MatmulMultiCoreReuseMultiCastProgramConfigENS1_44MatmulMultiCoreReuseMultiCast1DProgramConfigENS1_53MatmulMultiCoreReuseMultiCastDRAMShardedProgramConfigENS1_60MatmulMultiCoreReuseMultiCastBatchedDRAMShardedProgramConfigEEEERKS7_IKSJ_IJNSt7__cxx1112basic_stringIcSt11char_traitsIcESaIcEEENS0_5unary19BasicUnaryWithParamIJfEEEEEES7_IKNS_19ComputeKernelConfigEES7_IKNS_5types8CoreGridEERKS7_IKNS3_4TileEES7_IS4_ERKS7_IKNS3_12experimental20GlobalCircularBufferEERKS7_IN4ttsl10StrongTypeIhNS3_14SubDeviceIdTagEEEE+0x2e6) [0x7eee27d8bde6]
E                --- /home/mvasiljevic/tt-metal/ttnn/ttnn/_ttnn.so(+0x4e4e32) [0x7eee288e4e32]
E                --- /home/mvasiljevic/tt-metal/ttnn/ttnn/_ttnn.so(+0x4e4af5) [0x7eee288e4af5]
E                --- /home/mvasiljevic/tt-metal/ttnn/ttnn/_ttnn.so(+0x315575) [0x7eee28715575]
E                --- /home/mvasiljevic/tt-metal/python_env/bin/python3() [0x1ac8a22]
E                --- /home/mvasiljevic/tt-metal/python_env/bin/python3() [0x18c68da]
E                --- /home/mvasiljevic/tt-metal/python_env/bin/python3(_PyEval_EvalFrameDefault+0x65cb) [0x181940b]
E                --- /home/mvasiljevic/tt-metal/python_env/bin/python3() [0x1ac8a22]
E                --- /home/mvasiljevic/tt-metal/python_env/bin/python3() [0x18c68da]
E                --- /home/mvasiljevic/tt-metal/python_env/bin/python3(_PyEval_EvalFrameDefault+0x2fa8) [0x1815de8]
E                --- /home/mvasiljevic/tt-metal/python_env/bin/python3() [0x1ac8a22]
E                --- /home/mvasiljevic/tt-metal/python_env/bin/python3() [0x18c68da]
E                --- /home/mvasiljevic/tt-metal/python_env/bin/python3(_PyEval_EvalFrameDefault+0x2fa8) [0x1815de8]
E                --- /home/mvasiljevic/tt-metal/python_env/bin/python3() [0x1ac8a22]
E                --- /home/mvasiljevic/tt-metal/python_env/bin/python3() [0x18c68da]
E                --- /home/mvasiljevic/tt-metal/python_env/bin/python3(_PyEval_EvalFrameDefault+0x65cb) [0x181940b]
E                --- /home/mvasiljevic/tt-metal/python_env/bin/python3() [0x1ac8a22]
E                --- /home/mvasiljevic/tt-metal/python_env/bin/python3() [0x18c68da]
E                --- /home/mvasiljevic/tt-metal/python_env/bin/python3(_PyEval_EvalFrameDefault+0x2fa8) [0x1815de8]
E                --- /home/mvasiljevic/tt-metal/python_env/bin/python3() [0x1ac8a22]
E                --- /home/mvasiljevic/tt-metal/python_env/bin/python3() [0x18c68da]
E                --- /home/mvasiljevic/tt-metal/python_env/bin/python3(_PyEval_EvalFrameDefault+0x2fa8) [0x1815de8]
E                --- /home/mvasiljevic/tt-metal/python_env/bin/python3() [0x1ac8a22]
E                --- /home/mvasiljevic/tt-metal/python_env/bin/python3() [0x18c68da]
E                --- /home/mvasiljevic/tt-metal/python_env/bin/python3(_PyEval_EvalFrameDefault+0x2fa8) [0x1815de8]
E                --- /home/mvasiljevic/tt-metal/python_env/bin/python3(PyEval_EvalCode+0xde) [0x18931a0]
E                --- /home/mvasiljevic/tt-metal/python_env/bin/python3() [0x18b12c9]
E                --- /home/mvasiljevic/tt-metal/python_env/bin/python3() [0x1a2b145]
E                --- /home/mvasiljevic/tt-metal/python_env/bin/python3(_PyRun_SimpleFileObject+0x106) [0x1a2af06]
E                --- /home/mvasiljevic/tt-metal/python_env/bin/python3(_PyRun_AnyFileObject+0x4a) [0x1a2ac8a]
E                --- /home/mvasiljevic/tt-metal/python_env/bin/python3() [0x1a2ac10]
E                --- /home/mvasiljevic/tt-metal/python_env/bin/python3() [0x1a2ab1d]
E                --- /home/mvasiljevic/tt-metal/python_env/bin/python3() [0x1ae1fe3]
E                --- /home/mvasiljevic/tt-metal/python_env/bin/python3() [0x198c298]
E                --- /home/mvasiljevic/tt-metal/python_env/bin/python3() [0x198c0ac]
E                --- /lib/x86_64-linux-gnu/libc.so.6(+0x2a1ca) [0x7eee6ee851ca]
E                --- /lib/x86_64-linux-gnu/libc.so.6(__libc_start_main+0x8b) [0x7eee6ee8528b]
E                --- /home/mvasiljevic/tt-metal/python_env/bin/python3(_start+0x29) [0x19a4a69]

ttnn/ttnn/decorators.py:473: RuntimeError
- generated xml file: /home/mvasiljevic/tt-metal/models/autoports/meta_llama_llama_3_1_70b_instruct/doc/optimized_multichip_decoder/candidates/geometry_D5B.xml -
============================== slowest durations ===============================
19.04s call     models/autoports/meta_llama_llama_3_1_70b_instruct/tests/test_multichip_decoder.py::test_multichip_decode_geometry_candidate[blackhole-blackhole-1x4-ring]
1.47s setup    models/autoports/meta_llama_llama_3_1_70b_instruct/tests/test_multichip_decoder.py::test_multichip_decode_geometry_candidate[blackhole-blackhole-1x4-ring]
0.13s teardown models/autoports/meta_llama_llama_3_1_70b_instruct/tests/test_multichip_decoder.py::test_multichip_decode_geometry_candidate[blackhole-blackhole-1x4-ring]
=========================== short test summary info ============================
FAILED models/autoports/meta_llama_llama_3_1_70b_instruct/tests/test_multichip_decoder.py::test_multichip_decode_geometry_candidate[blackhole-blackhole-1x4-ring] - RuntimeError: TT_THROW @ /home/mvasiljevic/tt-metal/tt_metal/impl/program/program.cpp:1492: tt::exception
info:
Statically allocated circular buffers on core range [0-0 - 7-9] grow to 1839872 B which is beyond max L1 size of 1572864 B
backtrace:
 --- /home/mvasiljevic/tt-metal/build_Release/lib/_ttnncpp.so(+0x164e4ca) [0x7eee27c4e4ca]
 --- tt::tt_metal::detail::ProgramImpl::validate_circular_buffer_region(tt::tt_metal::IDevice const*)
 --- tt::tt_metal::distributed::MeshWorkloadImpl::compile(tt::tt_metal::distributed::MeshDevice*)
 --- tt::tt_metal::distributed::EnqueueMeshWorkload(tt::tt_metal::distributed::MeshCommandQueue&, tt::tt_metal::distributed::MeshWorkload&, bool)
 --- /home/mvasiljevic/tt-metal/build_Release/lib/_ttnncpp.so(_ZN4ttnn16device_operation6detail21enqueue_mesh_workloadITkNS0_36DeviceOperationWithMeshDeviceAdapterENS0_26MeshDeviceOperationAdapterINS_4prim21MatmulDeviceOperationEEEEEvRKNT_22operation_attributes_tERKNS7_13tensor_args_tERNS7_21tensor_return_value_tEPN2tt8tt_metal11distributed10MeshDeviceERNSI_12MeshWorkloadEb+0x3de) [0x7eee27df823e]
 --- /home/mvasiljevic/tt-metal/build_Release/lib/_ttnncpp.so(+0x1805b38) [0x7eee27e05b38]
 --- /home/mvasiljevic/tt-metal/build_Release/lib/_ttnncpp.so(_ZN4ttnn16device_operation6detail30create_and_cache_mesh_workloadITkNS0_22DeviceOperationConceptENS0_26MeshDeviceOperationAdapterINS_4prim21MatmulDeviceOperationEEEEEvRKNT_22operation_attributes_tERKNS7_13tensor_args_tERNS7_21tensor_return_value_tEPN2tt8tt_metal11distributed10MeshDeviceERNSH_13program_cache6detail12ProgramCacheERKNSM_15ProgramCacheKeyE+0xe6) [0x7eee27df79e6]
 --- /home/mvasiljevic/tt-metal/build_Release/lib/_ttnncpp.so(_ZN4ttnn16device_operation6detail29launch_operation_with_adapterITkNS0_36DeviceOperationWithMeshDeviceAdapterENS0_26MeshDeviceOperationAdapterINS_4prim21MatmulDeviceOperationEEEEEvRKNT_22operation_attributes_tERKNS7_13tensor_args_tERNS7_21tensor_return_value_tEPN2tt8tt_metal11distributed10MeshDeviceE+0x16e) [0x7eee27df647e]
 --- /home/mvasiljevic/tt-metal/build_Release/lib/_ttnncpp.so(_ZN4ttnn16device_operation6detail6launchITkNS0_22DeviceOperationConceptENS_4prim21MatmulDeviceOperationEEENT_21tensor_return_value_tERKNS5_22operation_attributes_tERKNS5_13tensor_args_tE+0x4ea) [0x7eee27df537a]
 --- ttnn::prim::matmul(tt::tt_metal::Tensor const&, tt::tt_metal::Tensor const&, std::optional<tt::tt_metal::Tensor> const&, std::optional<tt::tt_metal::Tensor> const&, ttnn::prim::MatmulParams const&)
 --- /home/mvasiljevic/tt-metal/build_Release/lib/_ttnncpp.so(+0x178a65a) [0x7eee27d8a65a]
 --- /home/mvasiljevic/tt-metal/build_Release/lib/_ttnncpp.so(_ZN4ttnn10operations6matmul6linearERKN2tt8tt_metal6TensorES6_RKSt8optionalIS5_EbbRKS7_IKNS3_12MemoryConfigEES7_IKNS3_8DataTypeEERKS7_IKSt7variantIJNS1_28MatmulMultiCoreProgramConfigENS1_33MatmulMultiCoreReuseProgramConfigENS1_42MatmulMultiCoreReuseMultiCastProgramConfigENS1_44MatmulMultiCoreReuseMultiCast1DProgramConfigENS1_53MatmulMultiCoreReuseMultiCastDRAMShardedProgramConfigENS1_60MatmulMultiCoreReuseMultiCastBatchedDRAMShardedProgramConfigEEEERKS7_IKSJ_IJNSt7__cxx1112basic_stringIcSt11char_traitsIcESaIcEEENS0_5unary19BasicUnaryWithParamIJfEEEEEES7_IKNS_19ComputeKernelConfigEES7_IKNS_5types8CoreGridEERKS7_IKNS3_4TileEES7_IS4_ERKS7_IKNS3_12experimental20GlobalCircularBufferEERKS7_IN4ttsl10StrongTypeIhNS3_14SubDeviceIdTagEEEE+0x2e6) [0x7eee27d8bde6]
 --- /home/mvasiljevic/tt-metal/ttnn/ttnn/_ttnn.so(+0x4e4e32) [0x7eee288e4e32]
 --- /home/mvasiljevic/tt-metal/ttnn/ttnn/_ttnn.so(+0x4e4af5) [0x7eee288e4af5]
 --- /home/mvasiljevic/tt-metal/ttnn/ttnn/_ttnn.so(+0x315575) [0x7eee28715575]
 --- /home/mvasiljevic/tt-metal/python_env/bin/python3() [0x1ac8a22]
 --- /home/mvasiljevic/tt-metal/python_env/bin/python3() [0x18c68da]
 --- /home/mvasiljevic/tt-metal/python_env/bin/python3(_PyEval_EvalFrameDefault+0x65cb) [0x181940b]
 --- /home/mvasiljevic/tt-metal/python_env/bin/python3() [0x1ac8a22]
 --- /home/mvasiljevic/tt-metal/python_env/bin/python3() [0x18c68da]
 --- /home/mvasiljevic/tt-metal/python_env/bin/python3(_PyEval_EvalFrameDefault+0x2fa8) [0x1815de8]
 --- /home/mvasiljevic/tt-metal/python_env/bin/python3() [0x1ac8a22]
 --- /home/mvasiljevic/tt-metal/python_env/bin/python3() [0x18c68da]
 --- /home/mvasiljevic/tt-metal/python_env/bin/python3(_PyEval_EvalFrameDefault+0x2fa8) [0x1815de8]
 --- /home/mvasiljevic/tt-metal/python_env/bin/python3() [0x1ac8a22]
 --- /home/mvasiljevic/tt-metal/python_env/bin/python3() [0x18c68da]
 --- /home/mvasiljevic/tt-metal/python_env/bin/python3(_PyEval_EvalFrameDefault+0x65cb) [0x181940b]
 --- /home/mvasiljevic/tt-metal/python_env/bin/python3() [0x1ac8a22]
 --- /home/mvasiljevic/tt-metal/python_env/bin/python3() [0x18c68da]
 --- /home/mvasiljevic/tt-metal/python_env/bin/python3(_PyEval_EvalFrameDefault+0x2fa8) [0x1815de8]
 --- /home/mvasiljevic/tt-metal/python_env/bin/python3() [0x1ac8a22]
 --- /home/mvasiljevic/tt-metal/python_env/bin/python3() [0x18c68da]
 --- /home/mvasiljevic/tt-metal/python_env/bin/python3(_PyEval_EvalFrameDefault+0x2fa8) [0x1815de8]
 --- /home/mvasiljevic/tt-metal/python_env/bin/python3() [0x1ac8a22]
 --- /home/mvasiljevic/tt-metal/python_env/bin/python3() [0x18c68da]
 --- /home/mvasiljevic/tt-metal/python_env/bin/python3(_PyEval_EvalFrameDefault+0x2fa8) [0x1815de8]
 --- /home/mvasiljevic/tt-metal/python_env/bin/python3(PyEval_EvalCode+0xde) [0x18931a0]
 --- /home/mvasiljevic/tt-metal/python_env/bin/python3() [0x18b12c9]
 --- /home/mvasiljevic/tt-metal/python_env/bin/python3() [0x1a2b145]
 --- /home/mvasiljevic/tt-metal/python_env/bin/python3(_PyRun_SimpleFileObject+0x106) [0x1a2af06]
 --- /home/mvasiljevic/tt-metal/python_env/bin/python3(_PyRun_AnyFileObject+0x4a) [0x1a2ac8a]
 --- /home/mvasiljevic/tt-metal/python_env/bin/python3() [0x1a2ac10]
 --- /home/mvasiljevic/tt-metal/python_env/bin/python3() [0x1a2ab1d]
 --- /home/mvasiljevic/tt-metal/python_env/bin/python3() [0x1ae1fe3]
 --- /home/mvasiljevic/tt-metal/python_env/bin/python3() [0x198c298]
 --- /home/mvasiljevic/tt-metal/python_env/bin/python3() [0x198c0ac]
 --- /lib/x86_64-linux-gnu/libc.so.6(+0x2a1ca) [0x7eee6ee851ca]
 --- /lib/x86_64-linux-gnu/libc.so.6(__libc_start_main+0x8b) [0x7eee6ee8528b]
 --- /home/mvasiljevic/tt-metal/python_env/bin/python3(_start+0x29) [0x19a4a69]
======================= 1 failed, 8 deselected in 22.17s =======================
nanobind: leaked 2 instances!
 - leaked instance 0x7eeddb00c1c8 of type "ttnn._ttnn.tensor.MemoryConfig"
 - leaked instance 0x7eeddb789d88 of type "ttnn._ttnn.tensor.CoreRangeSet"
nanobind: leaked 22 types!
 - leaked type "ttnn._ttnn.operations.matmul.MatmulMultiCoreReuseMultiCast1DProgramConfig"
 - leaked type "FabricConfig"
 - leaked type "ttnn._ttnn.operations.matmul.MatmulInputs"
 - leaked type "ttnn._ttnn.operations.matmul.MatmulMultiCoreReuseMultiCastBatchedDRAMShardedProgramConfig"
 - leaked type "BufferType"
 - leaked type "UnaryOpType"
 - leaked type "Layout"
 - leaked type "ttnn._ttnn.operations.matmul.MatmulMultiCoreReuseOptimizedProgramFactory"
 - leaked type "Arch"
 - leaked type "ttnn._ttnn.operations.matmul.MatmulParams"
 - ... skipped remainder
nanobind: leaked 247 functions!
 - leaked function ""
 - leaked function ""
 - leaked function ""
 - leaked function "create_matmul_attributes"
 - leaked function "get_dtype"
 - leaked function "cpu"
 - leaked function "dram_grid_size"
 - leaked function ""
 - leaked function ""
 - leaked function ""
 - ... skipped remainder
nanobind: this is likely caused by a reference counting issue in the binding code.
See https://nanobind.readthedocs.io/en/latest/refleaks.html2026-07-19 07:47:25.198 | info     |    BuildKernels | JIT cache stats: 175/176 hits (99.4%) [175 cached, 62 build-once dedup, 0 merged artifacts, 0 merged genfiles] (build_cache_telemetry.cpp:207)
2026-07-19 07:47:25.198 | info     |    BuildKernels | JIT telemetry: 3 registered TelemetryTokens (build_cache_telemetry.cpp:230)
2026-07-19 07:47:25.210 | info     |          Device | Closing user mode device drivers (tt_cluster.cpp:512)
2026-07-19 07:47:25.210 | info     |             UMD | Closing devices in cluster (cluster.cpp:1037)
2026-07-19 07:47:25.758 | info     |             UMD | Closing devices in cluster completed. (cluster.cpp:1046)
2026-07-19 07:47:25.758 | info     |             UMD | Cluster destructor started. (cluster.cpp:754)
2026-07-19 07:47:25.758 | info     |             UMD | Cluster destructor completed. (cluster.cpp:757)
