2026-07-19 06:30:28.075 | DEBUG    | ttnn:<module>:79 - Initial ttnn.CONFIG:
Config{cache_path=/home/mvasiljevic/.cache/ttnn,model_cache_path=/home/mvasiljevic/.cache/ttnn/models,tmp_dir=/tmp/ttnn,enable_model_cache=false,enable_fast_runtime_mode=true,throw_exception_on_fallback=false,enable_logging=false,enable_graph_report=false,enable_graph_python_stack_traces=false,enable_detailed_buffer_report=false,enable_detailed_tensor_report=false,enable_comparison_mode=false,comparison_mode_should_raise_exception=false,comparison_mode_pcc=0.9999,root_report_path=generated/ttnn/reports,report_name=std::nullopt,std::nullopt}
============================= test session starts ==============================
platform linux -- Python 3.12.13, pytest-9.0.3, pluggy-1.6.0 -- /home/mvasiljevic/tt-metal/python_env/bin/python3
cachedir: .pytest_cache
benchmark: 5.2.3 (defaults: timer=time.perf_counter disable_gc=False min_rounds=5 min_time=0.000005 max_time=1.0 calibration_precision=10 warmup=False warmup_iterations=100000)
rootdir: /home/mvasiljevic/tt-metal
configfile: pytest.ini
plugins: github-actions-annotate-failures-0.3.0, anyio-4.14.2, dash-2.15.0, split-0.11.0, timeout-2.4.0, benchmark-5.2.3, cov-7.0.0
timeout: 300.0s
timeout method: signal
timeout func_only: False
collecting ... collected 10 items / 9 deselected / 1 selected

models/autoports/meta_llama_llama_3_1_70b_instruct/tests/test_multichip_decoder.py::test_multichip_sharded_residual_candidate[blackhole-blackhole-1x4-ring] 2026-07-19 06:30:29.823 | info     |          Device | Opening user mode device driver (tt_cluster.cpp:228)
2026-07-19 06:30:29.823 | info     |             UMD | Cluster constructor started. (cluster.cpp:348)
2026-07-19 06:30:29.824 | info     |             UMD | Creating TopologyDiscovery for architecture: blackhole (topology_discovery.cpp:91)
2026-07-19 06:30:29.824 | info     |             UMD | Starting topology discovery. (topology_discovery.cpp:110)
2026-07-19 06:30:29.825 | info     |             UMD | Established firmware bundle version: 19.8.0 (topology_discovery.cpp:569)
2026-07-19 06:30:29.825 | info     |             UMD | Firmware bundle version 19.8.0 on the system is newer than the latest fully tested version 19.5.0 for blackhole architecture. Newest features may not be supported. (topology_discovery.cpp:601)
2026-07-19 06:30:29.829 | info     |             UMD | Completed topology discovery. (topology_discovery.cpp:114)
2026-07-19 06:30:30.052 | info     |             UMD | Opening local chip ids/PCIe ids: {0, 1, 2, 3}/[0, 1, 2, 3] and remote chip ids {} (cluster.cpp:168)
2026-07-19 06:30:30.052 | info     |             UMD | IOMMU: enabled (cluster.cpp:142)
2026-07-19 06:30:30.052 | info     |             UMD | KMD version: 2.8.0 (cluster.cpp:145)
2026-07-19 06:30:30.052 | info     |             UMD | Cluster constructor completed. (cluster.cpp:520)
2026-07-19 06:30:30.053 | info     |             UMD | Starting devices in cluster (cluster.cpp:1024)
2026-07-19 06:30:30.290 | info     |             UMD | Starting devices in cluster completed. (cluster.cpp:1032)
--------------------------------------------------------------------------
It appears as if there is not enough space for /dev/shm/sm_segment.23ff5195c3f7.1000.52320000.0 (the shared-memory backing
file). It is likely that your MPI job will now either abort or experience
performance degradation.

  Local host:  23ff5195c3f7
  Space Requested: 16777216 B
  Space Available: 17539072 B
--------------------------------------------------------------------------
2026-07-19 06:30:30.414 | DEBUG    | ttnn.device:__init__:152 - Using default dispatch core type for this system: DispatchCoreType.WORKER
2026-07-19 06:30:30.414 | DEBUG    | ttnn.device:__init__:154 - Using default dispatch core axis for this system: DispatchCoreAxis.COL
2026-07-19 06:30:30.414 | info     |     Distributed | Using auto discovery to generate mesh graph. (metal_env.cpp:367)
2026-07-19 06:30:30.414 | info     |     Distributed | Constructing control plane using auto-discovery (no mesh graph descriptor). (metal_env.cpp:429)
2026-07-19 06:30:30.414 | warning  |          Always | Unknown motherboard 'B850M-C' for chip_id=0 (bus_id=0x1) — falling back to bus_id as tray_id. Add this motherboard and its bus IDs to mobo_to_bus_ids in physical_system_discovery.cpp. (physical_system_discovery.cpp:89)
2026-07-19 06:30:30.414 | warning  |          Always | Unknown motherboard 'B850M-C' for chip_id=1 (bus_id=0x2) — falling back to bus_id as tray_id. Add this motherboard and its bus IDs to mobo_to_bus_ids in physical_system_discovery.cpp. (physical_system_discovery.cpp:89)
2026-07-19 06:30:30.414 | warning  |          Always | Unknown motherboard 'B850M-C' for chip_id=2 (bus_id=0x3) — falling back to bus_id as tray_id. Add this motherboard and its bus IDs to mobo_to_bus_ids in physical_system_discovery.cpp. (physical_system_discovery.cpp:89)
2026-07-19 06:30:30.414 | warning  |          Always | Unknown motherboard 'B850M-C' for chip_id=3 (bus_id=0x4) — falling back to bus_id as tray_id. Add this motherboard and its bus IDs to mobo_to_bus_ids in physical_system_discovery.cpp. (physical_system_discovery.cpp:89)
2026-07-19 06:30:30.414 | warning  |          Always | Unknown motherboard 'B850M-C' for chip_id=1 (bus_id=0x2) — falling back to bus_id as tray_id. Add this motherboard and its bus IDs to mobo_to_bus_ids in physical_system_discovery.cpp. (physical_system_discovery.cpp:89)
2026-07-19 06:30:30.414 | warning  |          Always | Unknown motherboard 'B850M-C' for chip_id=0 (bus_id=0x1) — falling back to bus_id as tray_id. Add this motherboard and its bus IDs to mobo_to_bus_ids in physical_system_discovery.cpp. (physical_system_discovery.cpp:89)
2026-07-19 06:30:30.414 | warning  |          Always | Unknown motherboard 'B850M-C' for chip_id=2 (bus_id=0x3) — falling back to bus_id as tray_id. Add this motherboard and its bus IDs to mobo_to_bus_ids in physical_system_discovery.cpp. (physical_system_discovery.cpp:89)
2026-07-19 06:30:30.414 | warning  |          Always | Unknown motherboard 'B850M-C' for chip_id=3 (bus_id=0x4) — falling back to bus_id as tray_id. Add this motherboard and its bus IDs to mobo_to_bus_ids in physical_system_discovery.cpp. (physical_system_discovery.cpp:89)
2026-07-19 06:30:30.415 | info     |          Fabric | Logical multi-mesh adjacency: intermesh degree histogram {0:1}; intra-mesh degree histograms mesh0 {2:4} (topology_mapper_utils.cpp:2342)
2026-07-19 06:30:30.415 | info     |          Fabric | Physical multi-mesh adjacency: intermesh degree histogram {0:1}; intra-mesh degree histograms mesh0 {2:4} (topology_mapper_utils.cpp:2350)
2026-07-19 06:30:30.420 | info     |    BuildKernels | Using pre-compiled firmware from: /home/mvasiljevic/tt-metal/tt_metal/pre-compiled/13793420398762238087/ (build_env_manager.cpp:347)
2026-07-19 06:30:30.420 | info     |    BuildKernels | Using pre-compiled firmware from: /home/mvasiljevic/tt-metal/tt_metal/pre-compiled/13793420398762238087/ (build_env_manager.cpp:347)
2026-07-19 06:30:30.420 | info     |    BuildKernels | Using pre-compiled firmware from: /home/mvasiljevic/tt-metal/tt_metal/pre-compiled/13793420398762238087/ (build_env_manager.cpp:347)
2026-07-19 06:30:30.420 | info     |    BuildKernels | Using pre-compiled firmware from: /home/mvasiljevic/tt-metal/tt_metal/pre-compiled/13793420398762238087/ (build_env_manager.cpp:347)
2026-07-19 06:30:30.454 | info     |           Metal | Initializing Fabric (fabric_firmware_initializer.cpp:288)
2026-07-19 06:30:30.482 | info     |           Metal | Fabric initialized on Device 0 (device.cpp:429)
2026-07-19 06:30:30.482 | info     |           Metal | Fabric initialized on Device 1 (device.cpp:429)
2026-07-19 06:30:30.484 | info     |           Metal | Fabric initialized on Device 2 (device.cpp:429)
2026-07-19 06:30:30.484 | info     |           Metal | Fabric initialized on Device 3 (device.cpp:429)
2026-07-19 06:30:30.484 | info     |           Metal | Fabric initialized on 4 devices (fabric_firmware_initializer.cpp:435)
2026-07-19 06:30:30.484 | info     |           Metal | Fabric Initialized with config FabricConfig::FABRIC_1D_RING (fabric_firmware_initializer.cpp:305)
2026-07-19 06:30:30.524 | info     |           Metal | ShmResourceTracker: removed orphaned shm '/tt_device_154095681929600_memory' (shm_resource_tracker.cpp:282)
2026-07-19 06:30:30.524 | info     |           Metal | ShmResourceTracker: removed orphaned shm '/tt_device_154095681929601_memory' (shm_resource_tracker.cpp:282)
2026-07-19 06:30:30.524 | info     |           Metal | ShmResourceTracker: removed orphaned shm '/tt_device_154095681932032_memory' (shm_resource_tracker.cpp:282)
2026-07-19 06:30:30.524 | info     |           Metal | ShmResourceTracker: removed orphaned shm '/tt_device_154095681932033_memory' (shm_resource_tracker.cpp:282)
2026-07-19 06:30:31.103 | info     |           Metal | [Real-time profiler] Device 1 sync complete: 100 samples, frequency=1.349982 GHz, device_time_at_sync=15013938909737 cycles (realtime_profiler_manager.cpp:1127)
2026-07-19 06:30:31.104 | info     |           Metal | [Real-time profiler] Device 0 sync complete: 100 samples, frequency=1.349985 GHz, device_time_at_sync=15003004113210 cycles (realtime_profiler_manager.cpp:1127)
2026-07-19 06:30:31.104 | info     |           Metal | [Real-time profiler] Device 3 sync complete: 100 samples, frequency=1.349974 GHz, device_time_at_sync=15042770910685 cycles (realtime_profiler_manager.cpp:1127)
2026-07-19 06:30:31.105 | info     |           Metal | [Real-time profiler] Device 2 sync complete: 100 samples, frequency=1.349990 GHz, device_time_at_sync=15027001249456 cycles (realtime_profiler_manager.cpp:1127)
2026-07-19 06:30:31.135 | DEBUG    | conftest:mesh_device:599 - multidevice with 4 devices is created
Building ncrisc, compile step:
cd /home/mvasiljevic/tt-metal-cache/tt-metal-cache13793420398762238087/kernels/reader_unary_interleaved_ln_rm_gb_post_allgather/4421473370230356093/ncrisc/ && /home/mvasiljevic/tt-metal/runtime/sfpi/compiler/bin/riscv-tt-elf-g++ -O2 -std=c++17 -ftt-nttp -ftt-constinit -ftt-consteval -ftt-no-dyninit -flto=auto -ffast-math -fno-exceptions -fno-rtti -fno-use-cxa-atexit -g -MMD -Wall -Werror -Wno-error=deprecated-declarations -Wno-error=multistatement-macros -Wno-error=parentheses -Wno-error=unused-but-set-variable -Wno-unused-variable -Wno-unused-function -mcpu=tt-bh -fno-tree-loop-distribute-patterns -I. -I.. -I/home/mvasiljevic/tt-metal/ -I/home/mvasiljevic/tt-metal/ttnn -I/home/mvasiljevic/tt-metal/ttnn/cpp -I/home/mvasiljevic/tt-metal/tt_metal -I/home/mvasiljevic/tt-metal/tt_metal/hw/inc -I/home/mvasiljevic/tt-metal/tt_metal/tt-llk/common -I/home/mvasiljevic/tt-metal/tt_metal/hostdevcommon/api -I/home/mvasiljevic/tt-metal/tt_metal/api/ -I/home/mvasiljevic/tt-metal/tt_metal/hw/ckernels/blackhole/metal/common -I/home/mvasiljevic/tt-metal/tt_metal/hw/ckernels/blackhole/metal/llk_io -I/home/mvasiljevic/tt-metal/tt_metal/hw/inc/internal/tt-1xx -I/home/mvasiljevic/tt-metal/tt_metal/hw/inc/internal/tt-1xx/blackhole -I/home/mvasiljevic/tt-metal/tt_metal/hw/inc/internal/tt-1xx/blackhole/blackhole_defines -I/home/mvasiljevic/tt-metal/tt_metal/hw/inc/internal/tt-1xx/blackhole/noc -I/home/mvasiljevic/tt-metal/tt_metal/tt-llk/tt_llk_blackhole/common/inc -I/home/mvasiljevic/tt-metal/tt_metal/tt-llk/tt_llk_blackhole/llk_lib -I/home/mvasiljevic/tt-metal/tt_metal/hw/firmware/src/tt-1xx -I/home/mvasiljevic/tt-metal/ttnn/cpp/ttnn/operations/normalization/layernorm_distributed/device/kernels/dataflow -c -o /home/mvasiljevic/tt-metal-cache/tt-metal-cache13793420398762238087/kernels/reader_unary_interleaved_ln_rm_gb_post_allgather/4421473370230356093/ncrisc/ncrisck.10729177310110539076.o /home/mvasiljevic/tt-metal/tt_metal/hw/firmware/src/tt-1xx/ncrisck.cc -MF /home/mvasiljevic/tt-metal-cache/tt-metal-cache13793420398762238087/kernels/reader_unary_interleaved_ln_rm_gb_post_allgather/4421473370230356093/ncrisc/ncrisck.10729177310110539076.d -DIS_NOT_POW2_NUM_L1_BANKS=1 -DLOG_BASE_2_OF_NUM_DRAM_BANKS=3 -DNUM_DRAM_BANKS=8 -DNUM_L1_BANKS=110 -DPCIE_NOC_X=19 -DPCIE_NOC_Y=24 -DTENSIX_FIRMWARE -DLOCAL_MEM_EN=0 -DPROCESSOR_INDEX=1 -DCOMPILE_FOR_NCRISC -DARCH_BLACKHOLE -DDISPATCH_MESSAGE_ADDR=4290184248 -DKERNEL_BUILD -DFULL_KERNEL_NAME="\"reader_unary_interleaved_ln_rm_gb_post_allgather/4421473370230356093/\"" -DFABRIC_1D_PKT_HDR_EXTENSION_WORDS='0' -DFUSE_GAMMA='1' -DROUTING_MODE='145' -DNOC_INDEX='0' -DNOC_MODE='0' -DKERNEL_COMPILE_TIME_ARGS=8,4,2048,0,0,0,64,64,8192,0,2048,0,2048,2,2048,0,0
In file included from ../kernel_includes.hpp:1,
                 from /home/mvasiljevic/tt-metal/tt_metal/hw/firmware/src/tt-1xx/ncrisck.cc:22:
/home/mvasiljevic/tt-metal/ttnn/cpp/ttnn/operations/normalization/layernorm_distributed/device/kernels/dataflow/reader_unary_interleaved_ln_rm_gb_post_allgather.cpp: In function 'void kernel_main()':
/home/mvasiljevic/tt-metal/ttnn/cpp/ttnn/operations/normalization/layernorm_distributed/device/kernels/dataflow/reader_unary_interleaved_ln_rm_gb_post_allgather.cpp:85:20: warning: variable 'beta_args' set but not used [-Wunused-but-set-variable]
   85 |     constexpr auto beta_args = TensorAccessorArgs<gamma_args.next_compile_time_args_offset()>();
      |                    ^~~~~~~~~
residual sharded_decomposed layer zero: 0.9999973653143459
residual sharded_decomposed layer one: 0.9999942507440074
residual sharded_decomposed key: 0.9999053089895177
residual sharded_decomposed value: 0.9999040056780748
RESIDUAL sharded_decomposed control_eager_ms=1.689609 candidate_eager_ms=1.622209 control_trace_ms=0.603087 candidate_trace_ms=0.796816
PASSED

==================================== PASSES ====================================
- generated xml file: /home/mvasiljevic/tt-metal/models/autoports/meta_llama_llama_3_1_70b_instruct/doc/optimized_multichip_decoder/candidates/sharded_residual_decomposed.xml -
============================== slowest durations ===============================
22.80s call     models/autoports/meta_llama_llama_3_1_70b_instruct/tests/test_multichip_decoder.py::test_multichip_sharded_residual_candidate[blackhole-blackhole-1x4-ring]
1.51s setup    models/autoports/meta_llama_llama_3_1_70b_instruct/tests/test_multichip_decoder.py::test_multichip_sharded_residual_candidate[blackhole-blackhole-1x4-ring]
0.13s teardown models/autoports/meta_llama_llama_3_1_70b_instruct/tests/test_multichip_decoder.py::test_multichip_sharded_residual_candidate[blackhole-blackhole-1x4-ring]
=========================== short test summary info ============================
PASSED models/autoports/meta_llama_llama_3_1_70b_instruct/tests/test_multichip_decoder.py::test_multichip_sharded_residual_candidate[blackhole-blackhole-1x4-ring]
======================= 1 passed, 9 deselected in 25.31s =======================
nanobind: leaked 2 instances!
 - leaked instance 0x7bf618379d88 of type "ttnn._ttnn.tensor.CoreRangeSet"
 - leaked instance 0x7bf617bc8348 of type "ttnn._ttnn.tensor.MemoryConfig"
nanobind: leaked 22 types!
 - leaked type "ttnn._ttnn.operations.matmul.MatmulMultiCoreReuseMultiCast1DProgramConfig"
 - leaked type "FabricConfig"
 - leaked type "ttnn._ttnn.operations.matmul.MatmulInputs"
 - leaked type "ttnn._ttnn.operations.matmul.MatmulMultiCoreReuseMultiCastBatchedDRAMShardedProgramConfig"
 - leaked type "BufferType"
 - leaked type "UnaryOpType"
 - leaked type "Layout"
 - leaked type "ttnn._ttnn.operations.matmul.MatmulMultiCoreReuseOptimizedProgramFactory"
 - leaked type "Arch"
 - leaked type "ttnn._ttnn.operations.matmul.MatmulParams"
 - ... skipped remainder
nanobind: leaked 247 functions!
 - leaked function ""
 - leaked function ""
 - leaked function ""
 - leaked function ""
 - leaked function "reshape"
 - leaked function "update_tensor_topology"
 - leaked function "pad"
 - leaked function "contains"
 - leaked function ""
 - leaked function "__init__"
 - ... skipped remainder
nanobind: this is likely caused by a reference counting issue in the binding code.
See https://nanobind.readthedocs.io/en/latest/refleaks.html2026-07-19 06:30:55.770 | info     |    BuildKernels | JIT cache stats: 190/223 hits (85.2%) [190 cached, 92 build-once dedup, 0 merged artifacts, 0 merged genfiles] (build_cache_telemetry.cpp:207)
2026-07-19 06:30:55.770 | info     |    BuildKernels | JIT telemetry: 3 registered TelemetryTokens (build_cache_telemetry.cpp:230)
2026-07-19 06:30:55.784 | info     |          Device | Closing user mode device drivers (tt_cluster.cpp:512)
2026-07-19 06:30:55.784 | info     |             UMD | Closing devices in cluster (cluster.cpp:1037)
2026-07-19 06:30:56.295 | info     |             UMD | Closing devices in cluster completed. (cluster.cpp:1046)
2026-07-19 06:30:56.295 | info     |             UMD | Cluster destructor started. (cluster.cpp:754)
2026-07-19 06:30:56.295 | info     |             UMD | Cluster destructor completed. (cluster.cpp:757)
