2026-07-02 22:41:15.162 | DEBUG    | ttnn:<module>:79 - Initial ttnn.CONFIG:
Config{cache_path=/home/ubuntu/.cache/ttnn,model_cache_path=/home/ubuntu/.cache/ttnn/models,tmp_dir=/tmp/ttnn,enable_model_cache=false,enable_fast_runtime_mode=true,throw_exception_on_fallback=false,enable_logging=false,enable_graph_report=false,enable_graph_python_stack_traces=false,enable_detailed_buffer_report=false,enable_detailed_tensor_report=false,enable_comparison_mode=false,comparison_mode_should_raise_exception=false,comparison_mode_pcc=0.9999,root_report_path=generated/ttnn/reports,report_name=std::nullopt,std::nullopt}
2026-07-02 22:41:17.999 | info     |          Device | Opening user mode device driver (tt_cluster.cpp:228)
2026-07-02 22:41:17.999 | info     |             UMD | Cluster constructor started. (cluster.cpp:348)
2026-07-02 22:41:17.999 | info     |             UMD | Creating TopologyDiscovery for architecture: blackhole (topology_discovery.cpp:91)
2026-07-02 22:41:18.000 | info     |             UMD | Starting topology discovery. (topology_discovery.cpp:110)
2026-07-02 22:41:18.001 | info     |             UMD | Established firmware bundle version: 19.9.0 (topology_discovery.cpp:569)
2026-07-02 22:41:18.001 | info     |             UMD | Firmware bundle version 19.9.0 on the system is newer than the latest fully tested version 19.5.0 for blackhole architecture. Newest features may not be supported. (topology_discovery.cpp:601)
2026-07-02 22:41:18.004 | info     |             UMD | Completed topology discovery. (topology_discovery.cpp:114)
2026-07-02 22:41:18.171 | info     |             UMD | Opening local chip ids/PCIe ids: {0, 1, 2, 3}/[1, 2, 3, 0] and remote chip ids {} (cluster.cpp:168)
2026-07-02 22:41:18.171 | info     |             UMD | IOMMU: enabled (cluster.cpp:142)
2026-07-02 22:41:18.171 | info     |             UMD | KMD version: 2.4.1 (cluster.cpp:145)
2026-07-02 22:41:18.171 | info     |             UMD | Cluster constructor completed. (cluster.cpp:520)
2026-07-02 22:41:18.175 | info     |             UMD | Starting devices in cluster (cluster.cpp:1024)
2026-07-02 22:41:18.393 | info     |             UMD | Starting devices in cluster completed. (cluster.cpp:1032)
2026-07-02 22:41:18.977 | info     |     Distributed | Using auto discovery to generate mesh graph. (metal_env.cpp:367)
2026-07-02 22:41:18.977 | info     |     Distributed | Constructing control plane using auto-discovery (no mesh graph descriptor). (metal_env.cpp:429)
2026-07-02 22:41:18.977 | info     |          Fabric | Logical multi-mesh adjacency: intermesh degree histogram {0:1}; intra-mesh degree histograms mesh0 {2:4} (topology_mapper_utils.cpp:2342)
2026-07-02 22:41:18.977 | info     |          Fabric | Physical multi-mesh adjacency: intermesh degree histogram {0:1}; intra-mesh degree histograms mesh0 {2:4} (topology_mapper_utils.cpp:2350)
2026-07-02 22:41:18.978 | DEBUG    | ttnn.device:__init__:152 - Using default dispatch core type for this system: DispatchCoreType.WORKER
2026-07-02 22:41:18.978 | DEBUG    | ttnn.device:__init__:154 - Using default dispatch core axis for this system: DispatchCoreAxis.COL
2026-07-02 22:41:18.993 | info     |    BuildKernels | Using pre-compiled firmware from: /home/ubuntu/tt-metal/tt_metal/pre-compiled/13793420398762238087/ (build_env_manager.cpp:347)
2026-07-02 22:41:18.993 | info     |    BuildKernels | Using pre-compiled firmware from: /home/ubuntu/tt-metal/tt_metal/pre-compiled/13793420398762238087/ (build_env_manager.cpp:347)
2026-07-02 22:41:18.993 | info     |    BuildKernels | Using pre-compiled firmware from: /home/ubuntu/tt-metal/tt_metal/pre-compiled/13793420398762238087/ (build_env_manager.cpp:347)
2026-07-02 22:41:18.993 | info     |    BuildKernels | Using pre-compiled firmware from: /home/ubuntu/tt-metal/tt_metal/pre-compiled/13793420398762238087/ (build_env_manager.cpp:347)
2026-07-02 22:41:19.052 | info     |           Metal | Initializing Fabric (fabric_firmware_initializer.cpp:288)
2026-07-02 22:41:19.151 | info     |           Metal | Fabric initialized on Device 0 (device.cpp:429)
2026-07-02 22:41:19.153 | info     |           Metal | Fabric initialized on Device 1 (device.cpp:429)
2026-07-02 22:41:19.154 | info     |           Metal | Fabric initialized on Device 2 (device.cpp:429)
2026-07-02 22:41:19.156 | info     |           Metal | Fabric initialized on Device 3 (device.cpp:429)
2026-07-02 22:41:19.156 | info     |           Metal | Fabric initialized on 4 devices (fabric_firmware_initializer.cpp:435)
2026-07-02 22:41:19.156 | info     |           Metal | Fabric Initialized with config FabricConfig::FABRIC_1D_RING (fabric_firmware_initializer.cpp:305)
2026-07-02 22:41:19.211 | info     |           Metal | ShmResourceTracker: removed orphaned shm '/tt_device_143238002115104_memory' (shm_resource_tracker.cpp:282)
2026-07-02 22:41:19.211 | info     |           Metal | ShmResourceTracker: removed orphaned shm '/tt_device_143238002118688_memory' (shm_resource_tracker.cpp:282)
2026-07-02 22:41:19.211 | info     |           Metal | ShmResourceTracker: removed orphaned shm '/tt_device_143238002114624_memory' (shm_resource_tracker.cpp:282)
2026-07-02 22:41:19.211 | info     |           Metal | ShmResourceTracker: removed orphaned shm '/tt_device_143238002115584_memory' (shm_resource_tracker.cpp:282)
2026-07-02 22:41:19.782 | info     |           Metal | [Real-time profiler] Device 3 sync complete: 100 samples, frequency=1.349982 GHz, device_time_at_sync=2889692325136 cycles (realtime_profiler_manager.cpp:1127)
2026-07-02 22:41:19.783 | info     |           Metal | [Real-time profiler] Device 2 sync complete: 100 samples, frequency=1.349984 GHz, device_time_at_sync=2886911401378 cycles (realtime_profiler_manager.cpp:1127)
2026-07-02 22:41:19.795 | info     |           Metal | [Real-time profiler] Device 1 sync complete: 100 samples, frequency=1.349980 GHz, device_time_at_sync=2887092504713 cycles (realtime_profiler_manager.cpp:1127)
2026-07-02 22:41:19.795 | info     |           Metal | [Real-time profiler] Device 0 sync complete: 100 samples, frequency=1.349988 GHz, device_time_at_sync=2884782615222 cycles (realtime_profiler_manager.cpp:1127)
[transformers] `torch_dtype` is deprecated! Use `dtype` instead!
Loading weights:   0%|          | 0/398 [00:00<?, ?it/s]Loading weights: 100%|██████████| 398/398 [00:00<00:00, 9402.94it/s]
2026-07-02 22:41:27.638 | info     |           Metal | Pinned source memory start address 0x7ee9fc2eae28 must be aligned 64 B (dispatch.cpp:1180)
2026-07-02 22:41:27.638 | info     |           Metal | Pinned source memory start address 0x7ee9fc2eae28 must be aligned 64 B (dispatch.cpp:1180)
2026-07-02 22:41:27.638 | info     |           Metal | Pinned source memory start address 0x7ee9fc2eae28 must be aligned 64 B (dispatch.cpp:1180)
2026-07-02 22:41:27.639 | info     |           Metal | Pinned source memory start address 0x7ee9fc2eae28 must be aligned 64 B (dispatch.cpp:1180)
2026-07-02 22:41:38.232 | INFO     | tracy:signpost:49 - PERF_MULTICHIP_PREFILL
2026-07-02 22:41:38.376 | INFO     | tracy:signpost:49 - PERF_MULTICHIP_PREFILL_END
2026-07-02 22:41:38.485 | INFO     | tracy:signpost:49 - PERF_MULTICHIP_PREFILL
2026-07-02 22:41:38.488 | INFO     | tracy:signpost:49 - PERF_MULTICHIP_PREFILL_END
2026-07-02 22:41:38.600 | INFO     | tracy:signpost:49 - PERF_MULTICHIP_PREFILL
2026-07-02 22:41:39.157 | INFO     | tracy:signpost:49 - PERF_MULTICHIP_PREFILL_END
2026-07-02 22:41:39.260 | INFO     | tracy:signpost:49 - PERF_MULTICHIP_PREFILL
2026-07-02 22:41:39.263 | INFO     | tracy:signpost:49 - PERF_MULTICHIP_PREFILL_END
2026-07-02 22:41:40.413 | INFO     | tracy:signpost:49 - PERF_MULTICHIP_DECODE
2026-07-02 22:41:44.638 | INFO     | tracy:signpost:49 - PERF_MULTICHIP_DECODE_END
2026-07-02 22:41:47.340 | INFO     | tracy:signpost:49 - PERF_MULTICHIP_DECODE
2026-07-02 22:41:47.344 | INFO     | tracy:signpost:49 - PERF_MULTICHIP_DECODE_END
2026-07-02 22:41:47.346 | INFO     | tracy:signpost:49 - PERF_MULTICHIP_DECODE
2026-07-02 22:41:47.350 | INFO     | tracy:signpost:49 - PERF_MULTICHIP_DECODE_END
FIXED_SLOT_MAX_BATCH 4
FIXED_SLOT_ROWS 4
FIXED_SLOT_REAL_ROWS 2
FIXED_SLOT_INACTIVE_DUMMY_ROWS [2, 3]
FIXED_SLOT_PROMPT_LENS [158, 151, 33, 41]
FIXED_SLOT_FIRST_TOKENS [102624, 49826, 4628, 72454]
FIXED_SLOT_NEXT_TOKENS [102624, 49826, 4628, 72454]
FIXED_SLOT_COUNTERS {'trace_replays': 1, 'token_host_refreshes': 0, 'position_host_refreshes': 2, 'page_table_host_refreshes': 0, 'syncs': 2, 'readbacks': 1}
nanobind: leaked 2 instances!
 - leaked instance 0x7f0df0d8a208 of type "ttnn._ttnn.device.DispatchCoreConfig"
 - leaked instance 0x7f0df0c6a208 of type "ttnn._ttnn.tensor.CoreRangeSet"
nanobind: leaked 35 types!
 - leaked type "DispatchCoreAxis"
 - leaked type "ttnn._ttnn.device.SubDeviceManagerId"
 - leaked type "MathFidelity"
 - leaked type "ttnn._ttnn.operations.matmul.MatmulMultiCoreReuseMultiCast1DProgramConfig"
 - leaked type "ttnn._ttnn.operations.matmul.MatmulInputs"
 - leaked type "ttnn._ttnn.operations.matmul.MatmulMultiCoreReuseMultiCastBatchedDRAMShardedProgramConfig"
 - leaked type "BufferType"
 - leaked type "UnaryOpType"
 - leaked type "Layout"
 - leaked type "ttnn._ttnn.operations.matmul.MatmulMultiCoreReuseOptimizedProgramFactory"
 - ... skipped remainder
nanobind: leaked 305 functions!
 - leaked function "push_current_command_queue_id_for_thread"
 - leaked function "to_json"
 - leaked function ""
 - leaked function "storage_type"
 - leaked function "experimental_set_per_core_allocation"
 - leaked function "get_optimal_dram_bank_to_logical_worker_assignment"
 - leaked function ""
 - leaked function "dram_grid_size"
 - leaked function "contains"
 - leaked function "host_buffer"
 - ... skipped remainder
nanobind: this is likely caused by a reference counting issue in the binding code.
See https://nanobind.readthedocs.io/en/latest/refleaks.html2026-07-02 22:41:48.478 | info     |    BuildKernels | JIT cache stats: 312/344 hits (90.7%) [312 cached, 229 build-once dedup, 0 merged artifacts, 0 merged genfiles] (build_cache_telemetry.cpp:207)
2026-07-02 22:41:48.478 | info     |    BuildKernels | JIT telemetry: 3 registered TelemetryTokens (build_cache_telemetry.cpp:230)
2026-07-02 22:41:48.501 | info     |          Device | Closing user mode device drivers (tt_cluster.cpp:512)
2026-07-02 22:41:48.501 | info     |             UMD | Closing devices in cluster (cluster.cpp:1037)
2026-07-02 22:41:49.187 | info     |             UMD | Closing devices in cluster completed. (cluster.cpp:1046)
2026-07-02 22:41:49.188 | info     |             UMD | Cluster destructor started. (cluster.cpp:754)
2026-07-02 22:41:49.188 | info     |             UMD | Cluster destructor completed. (cluster.cpp:757)
