2026-07-02 22:06:12.079 | DEBUG    | ttnn:<module>:79 - Initial ttnn.CONFIG:
Config{cache_path=/home/ubuntu/.cache/ttnn,model_cache_path=/home/ubuntu/.cache/ttnn/models,tmp_dir=/tmp/ttnn,enable_model_cache=false,enable_fast_runtime_mode=true,throw_exception_on_fallback=false,enable_logging=false,enable_graph_report=false,enable_graph_python_stack_traces=false,enable_detailed_buffer_report=false,enable_detailed_tensor_report=false,enable_comparison_mode=false,comparison_mode_should_raise_exception=false,comparison_mode_pcc=0.9999,root_report_path=generated/ttnn/reports,report_name=std::nullopt,std::nullopt}
2026-07-02 22:06:12.159 | info     |          Device | Opening user mode device driver (tt_cluster.cpp:228)
2026-07-02 22:06:12.159 | info     |             UMD | Cluster constructor started. (cluster.cpp:348)
2026-07-02 22:06:12.160 | info     |             UMD | Creating TopologyDiscovery for architecture: blackhole (topology_discovery.cpp:91)
2026-07-02 22:06:12.160 | info     |             UMD | Starting topology discovery. (topology_discovery.cpp:110)
2026-07-02 22:06:12.161 | info     |             UMD | Established firmware bundle version: 19.9.0 (topology_discovery.cpp:569)
2026-07-02 22:06:12.161 | info     |             UMD | Firmware bundle version 19.9.0 on the system is newer than the latest fully tested version 19.5.0 for blackhole architecture. Newest features may not be supported. (topology_discovery.cpp:601)
2026-07-02 22:06:12.164 | info     |             UMD | Completed topology discovery. (topology_discovery.cpp:114)
2026-07-02 22:06:12.331 | info     |             UMD | Opening local chip ids/PCIe ids: {0, 1, 2, 3}/[1, 2, 3, 0] and remote chip ids {} (cluster.cpp:168)
2026-07-02 22:06:12.331 | info     |             UMD | IOMMU: enabled (cluster.cpp:142)
2026-07-02 22:06:12.331 | info     |             UMD | KMD version: 2.4.1 (cluster.cpp:145)
2026-07-02 22:06:12.331 | info     |             UMD | Cluster constructor completed. (cluster.cpp:520)
2026-07-02 22:06:12.334 | info     |             UMD | Starting devices in cluster (cluster.cpp:1024)
2026-07-02 22:06:12.594 | info     |             UMD | Starting devices in cluster completed. (cluster.cpp:1032)
2026-07-02 22:06:13.194 | info     |     Distributed | Using auto discovery to generate mesh graph. (metal_env.cpp:367)
2026-07-02 22:06:13.194 | info     |     Distributed | Constructing control plane using auto-discovery (no mesh graph descriptor). (metal_env.cpp:429)
2026-07-02 22:06:13.195 | info     |          Fabric | Logical multi-mesh adjacency: intermesh degree histogram {0:1}; intra-mesh degree histograms mesh0 {2:4} (topology_mapper_utils.cpp:2342)
2026-07-02 22:06:13.195 | info     |          Fabric | Physical multi-mesh adjacency: intermesh degree histogram {0:1}; intra-mesh degree histograms mesh0 {2:4} (topology_mapper_utils.cpp:2350)
2026-07-02 22:06:13.196 | DEBUG    | ttnn.device:__init__:152 - Using default dispatch core type for this system: DispatchCoreType.WORKER
2026-07-02 22:06:13.196 | DEBUG    | ttnn.device:__init__:154 - Using default dispatch core axis for this system: DispatchCoreAxis.COL
2026-07-02 22:06:13.211 | info     |    BuildKernels | Using pre-compiled firmware from: /home/ubuntu/tt-metal/tt_metal/pre-compiled/13793420398762238087/ (build_env_manager.cpp:347)
2026-07-02 22:06:13.211 | info     |    BuildKernels | Using pre-compiled firmware from: /home/ubuntu/tt-metal/tt_metal/pre-compiled/13793420398762238087/ (build_env_manager.cpp:347)
2026-07-02 22:06:13.211 | info     |    BuildKernels | Using pre-compiled firmware from: /home/ubuntu/tt-metal/tt_metal/pre-compiled/13793420398762238087/ (build_env_manager.cpp:347)
2026-07-02 22:06:13.211 | info     |    BuildKernels | Using pre-compiled firmware from: /home/ubuntu/tt-metal/tt_metal/pre-compiled/13793420398762238087/ (build_env_manager.cpp:347)
2026-07-02 22:06:13.269 | info     |           Metal | Initializing Fabric (fabric_firmware_initializer.cpp:288)
2026-07-02 22:06:13.362 | info     |           Metal | Fabric initialized on Device 0 (device.cpp:429)
2026-07-02 22:06:13.364 | info     |           Metal | Fabric initialized on Device 1 (device.cpp:429)
2026-07-02 22:06:13.365 | info     |           Metal | Fabric initialized on Device 2 (device.cpp:429)
2026-07-02 22:06:13.366 | info     |           Metal | Fabric initialized on Device 3 (device.cpp:429)
2026-07-02 22:06:13.366 | info     |           Metal | Fabric initialized on 4 devices (fabric_firmware_initializer.cpp:435)
2026-07-02 22:06:13.366 | info     |           Metal | Fabric Initialized with config FabricConfig::FABRIC_1D_RING (fabric_firmware_initializer.cpp:305)
2026-07-02 22:06:13.419 | info     |           Metal | ShmResourceTracker: removed orphaned shm '/tt_device_143238002115104_memory' (shm_resource_tracker.cpp:282)
2026-07-02 22:06:13.419 | info     |           Metal | ShmResourceTracker: removed orphaned shm '/tt_device_143238002118688_memory' (shm_resource_tracker.cpp:282)
2026-07-02 22:06:13.419 | info     |           Metal | ShmResourceTracker: removed orphaned shm '/tt_device_143238002114624_memory' (shm_resource_tracker.cpp:282)
2026-07-02 22:06:13.419 | info     |           Metal | ShmResourceTracker: removed orphaned shm '/tt_device_143238002115584_memory' (shm_resource_tracker.cpp:282)
2026-07-02 22:06:13.991 | info     |           Metal | [Real-time profiler] Device 0 sync complete: 100 samples, frequency=1.349986 GHz, device_time_at_sync=945075084957 cycles (realtime_profiler_manager.cpp:1127)
2026-07-02 22:06:14.002 | info     |           Metal | [Real-time profiler] Device 3 sync complete: 100 samples, frequency=1.349979 GHz, device_time_at_sync=946979015227 cycles (realtime_profiler_manager.cpp:1127)
2026-07-02 22:06:14.003 | info     |           Metal | [Real-time profiler] Device 2 sync complete: 100 samples, frequency=1.349977 GHz, device_time_at_sync=945777539162 cycles (realtime_profiler_manager.cpp:1127)
2026-07-02 22:06:14.003 | info     |           Metal | [Real-time profiler] Device 1 sync complete: 100 samples, frequency=1.349982 GHz, device_time_at_sync=945993067432 cycles (realtime_profiler_manager.cpp:1127)
[transformers] `torch_dtype` is deprecated! Use `dtype` instead!
Loading weights:   0%|          | 0/398 [00:00<?, ?it/s]Loading weights: 100%|██████████| 398/398 [00:00<00:00, 9283.98it/s]
2026-07-02 22:06:22.054 | info     |           Metal | Pinned source memory start address 0x7fab882eae28 must be aligned 64 B (dispatch.cpp:1180)
2026-07-02 22:06:22.054 | info     |           Metal | Pinned source memory start address 0x7fab882eae28 must be aligned 64 B (dispatch.cpp:1180)
2026-07-02 22:06:22.054 | info     |           Metal | Pinned source memory start address 0x7fab882eae28 must be aligned 64 B (dispatch.cpp:1180)
2026-07-02 22:06:22.054 | info     |           Metal | Pinned source memory start address 0x7fab882eae28 must be aligned 64 B (dispatch.cpp:1180)
2026-07-02 22:07:56.287 | INFO     | tracy:signpost:49 - PERF_MULTICHIP_PREFILL
2026-07-02 22:07:56.427 | INFO     | tracy:signpost:49 - PERF_MULTICHIP_PREFILL_END
2026-07-02 22:07:56.428 | INFO     | tracy:signpost:49 - PERF_MULTICHIP_PREFILL
2026-07-02 22:07:56.430 | INFO     | tracy:signpost:49 - PERF_MULTICHIP_PREFILL_END
2026-07-02 22:07:56.430 | INFO     | tracy:signpost:49 - PERF_MULTICHIP_PREFILL
2026-07-02 22:07:56.433 | INFO     | tracy:signpost:49 - PERF_MULTICHIP_PREFILL_END
2026-07-02 22:07:56.433 | INFO     | tracy:signpost:49 - PERF_MULTICHIP_PREFILL
2026-07-02 22:07:56.435 | INFO     | tracy:signpost:49 - PERF_MULTICHIP_PREFILL_END
2026-07-02 22:07:56.435 | INFO     | tracy:signpost:49 - PERF_MULTICHIP_PREFILL
2026-07-02 22:07:56.438 | INFO     | tracy:signpost:49 - PERF_MULTICHIP_PREFILL_END
2026-07-02 22:07:56.438 | INFO     | tracy:signpost:49 - PERF_MULTICHIP_PREFILL
2026-07-02 22:07:56.440 | INFO     | tracy:signpost:49 - PERF_MULTICHIP_PREFILL_END
2026-07-02 22:07:56.440 | INFO     | tracy:signpost:49 - PERF_MULTICHIP_PREFILL
2026-07-02 22:07:56.442 | INFO     | tracy:signpost:49 - PERF_MULTICHIP_PREFILL_END
2026-07-02 22:07:56.442 | INFO     | tracy:signpost:49 - PERF_MULTICHIP_PREFILL
2026-07-02 22:07:56.445 | INFO     | tracy:signpost:49 - PERF_MULTICHIP_PREFILL_END
2026-07-02 22:07:56.445 | INFO     | tracy:signpost:49 - PERF_MULTICHIP_PREFILL
2026-07-02 22:07:56.447 | INFO     | tracy:signpost:49 - PERF_MULTICHIP_PREFILL_END
2026-07-02 22:07:56.447 | INFO     | tracy:signpost:49 - PERF_MULTICHIP_PREFILL
2026-07-02 22:07:56.449 | INFO     | tracy:signpost:49 - PERF_MULTICHIP_PREFILL_END
2026-07-02 22:07:56.449 | INFO     | tracy:signpost:49 - PERF_MULTICHIP_PREFILL
2026-07-02 22:07:56.452 | INFO     | tracy:signpost:49 - PERF_MULTICHIP_PREFILL_END
2026-07-02 22:07:56.452 | INFO     | tracy:signpost:49 - PERF_MULTICHIP_PREFILL
2026-07-02 22:07:56.454 | INFO     | tracy:signpost:49 - PERF_MULTICHIP_PREFILL_END
2026-07-02 22:07:56.454 | INFO     | tracy:signpost:49 - PERF_MULTICHIP_PREFILL
2026-07-02 22:07:56.456 | INFO     | tracy:signpost:49 - PERF_MULTICHIP_PREFILL_END
2026-07-02 22:07:56.456 | INFO     | tracy:signpost:49 - PERF_MULTICHIP_PREFILL
2026-07-02 22:07:56.459 | INFO     | tracy:signpost:49 - PERF_MULTICHIP_PREFILL_END
2026-07-02 22:07:56.459 | INFO     | tracy:signpost:49 - PERF_MULTICHIP_PREFILL
2026-07-02 22:07:56.461 | INFO     | tracy:signpost:49 - PERF_MULTICHIP_PREFILL_END
2026-07-02 22:07:56.461 | INFO     | tracy:signpost:49 - PERF_MULTICHIP_PREFILL
2026-07-02 22:07:56.463 | INFO     | tracy:signpost:49 - PERF_MULTICHIP_PREFILL_END
2026-07-02 22:07:56.463 | INFO     | tracy:signpost:49 - PERF_MULTICHIP_PREFILL
2026-07-02 22:07:56.465 | INFO     | tracy:signpost:49 - PERF_MULTICHIP_PREFILL_END
2026-07-02 22:07:56.466 | INFO     | tracy:signpost:49 - PERF_MULTICHIP_PREFILL
2026-07-02 22:07:56.468 | INFO     | tracy:signpost:49 - PERF_MULTICHIP_PREFILL_END
2026-07-02 22:07:56.468 | INFO     | tracy:signpost:49 - PERF_MULTICHIP_PREFILL
2026-07-02 22:07:56.470 | INFO     | tracy:signpost:49 - PERF_MULTICHIP_PREFILL_END
2026-07-02 22:07:56.470 | INFO     | tracy:signpost:49 - PERF_MULTICHIP_PREFILL
2026-07-02 22:07:56.472 | INFO     | tracy:signpost:49 - PERF_MULTICHIP_PREFILL_END
2026-07-02 22:07:56.472 | INFO     | tracy:signpost:49 - PERF_MULTICHIP_PREFILL
2026-07-02 22:07:56.475 | INFO     | tracy:signpost:49 - PERF_MULTICHIP_PREFILL_END
2026-07-02 22:07:56.475 | INFO     | tracy:signpost:49 - PERF_MULTICHIP_PREFILL
2026-07-02 22:07:56.477 | INFO     | tracy:signpost:49 - PERF_MULTICHIP_PREFILL_END
2026-07-02 22:07:56.477 | INFO     | tracy:signpost:49 - PERF_MULTICHIP_PREFILL
2026-07-02 22:07:56.479 | INFO     | tracy:signpost:49 - PERF_MULTICHIP_PREFILL_END
2026-07-02 22:07:56.479 | INFO     | tracy:signpost:49 - PERF_MULTICHIP_PREFILL
2026-07-02 22:07:56.482 | INFO     | tracy:signpost:49 - PERF_MULTICHIP_PREFILL_END
2026-07-02 22:07:56.482 | INFO     | tracy:signpost:49 - PERF_MULTICHIP_PREFILL
2026-07-02 22:07:56.484 | INFO     | tracy:signpost:49 - PERF_MULTICHIP_PREFILL_END
2026-07-02 22:07:56.484 | INFO     | tracy:signpost:49 - PERF_MULTICHIP_PREFILL
2026-07-02 22:07:56.486 | INFO     | tracy:signpost:49 - PERF_MULTICHIP_PREFILL_END
2026-07-02 22:07:56.486 | INFO     | tracy:signpost:49 - PERF_MULTICHIP_PREFILL
2026-07-02 22:07:56.489 | INFO     | tracy:signpost:49 - PERF_MULTICHIP_PREFILL_END
2026-07-02 22:07:56.489 | INFO     | tracy:signpost:49 - PERF_MULTICHIP_PREFILL
2026-07-02 22:07:56.491 | INFO     | tracy:signpost:49 - PERF_MULTICHIP_PREFILL_END
2026-07-02 22:07:56.491 | INFO     | tracy:signpost:49 - PERF_MULTICHIP_PREFILL
2026-07-02 22:07:56.493 | INFO     | tracy:signpost:49 - PERF_MULTICHIP_PREFILL_END
2026-07-02 22:07:56.493 | INFO     | tracy:signpost:49 - PERF_MULTICHIP_PREFILL
2026-07-02 22:07:56.496 | INFO     | tracy:signpost:49 - PERF_MULTICHIP_PREFILL_END
2026-07-02 22:07:56.496 | INFO     | tracy:signpost:49 - PERF_MULTICHIP_PREFILL
2026-07-02 22:07:56.498 | INFO     | tracy:signpost:49 - PERF_MULTICHIP_PREFILL_END
2026-07-02 22:07:56.498 | INFO     | tracy:signpost:49 - PERF_MULTICHIP_PREFILL
2026-07-02 22:07:56.500 | INFO     | tracy:signpost:49 - PERF_MULTICHIP_PREFILL_END
2026-07-02 22:07:56.500 | INFO     | tracy:signpost:49 - PERF_MULTICHIP_PREFILL
2026-07-02 22:07:56.503 | INFO     | tracy:signpost:49 - PERF_MULTICHIP_PREFILL_END
2026-07-02 22:07:56.503 | INFO     | tracy:signpost:49 - PERF_MULTICHIP_PREFILL
2026-07-02 22:07:56.505 | INFO     | tracy:signpost:49 - PERF_MULTICHIP_PREFILL_END
2026-07-02 22:07:56.505 | INFO     | tracy:signpost:49 - PERF_MULTICHIP_PREFILL
2026-07-02 22:07:56.507 | INFO     | tracy:signpost:49 - PERF_MULTICHIP_PREFILL_END
2026-07-02 22:07:56.507 | INFO     | tracy:signpost:49 - PERF_MULTICHIP_PREFILL
2026-07-02 22:07:56.510 | INFO     | tracy:signpost:49 - PERF_MULTICHIP_PREFILL_END
entry[0]             top1=0.930 (93/100)  top5=1.000 (100/100)  top100=1.000 (100/100)
AGGREGATE            top1=0.930 (93/100)  top5=1.000 (100/100)  top100=1.000 (100/100)
nanobind: leaked 2 instances!
 - leaked instance 0x7fcf8771fbe8 of type "ttnn._ttnn.tensor.CoreRangeSet"
 - leaked instance 0x7fcf8782fe58 of type "ttnn._ttnn.device.DispatchCoreConfig"
nanobind: leaked 35 types!
 - leaked type "DispatchCoreAxis"
 - leaked type "ttnn._ttnn.device.SubDeviceManagerId"
 - leaked type "MathFidelity"
 - leaked type "ttnn._ttnn.operations.matmul.MatmulMultiCoreReuseMultiCast1DProgramConfig"
 - leaked type "ttnn._ttnn.operations.matmul.MatmulInputs"
 - leaked type "ttnn._ttnn.operations.matmul.MatmulMultiCoreReuseMultiCastBatchedDRAMShardedProgramConfig"
 - leaked type "BufferType"
 - leaked type "UnaryOpType"
 - leaked type "Layout"
 - leaked type "ttnn._ttnn.operations.matmul.MatmulMultiCoreReuseOptimizedProgramFactory"
 - ... skipped remainder
nanobind: leaked 305 functions!
 - leaked function "disable_and_clear_program_cache"
 - leaked function ""
 - leaked function "__getitem__"
 - leaked function ""
 - leaked function ""
 - leaked function "IsProgramRealtimeProfilerActive"
 - leaked function "deallocate"
 - leaked function ""
 - leaked function "experimental_set_per_core_allocation"
 - leaked function "enable_program_cache"
 - ... skipped remainder
nanobind: this is likely caused by a reference counting issue in the binding code.
See https://nanobind.readthedocs.io/en/latest/refleaks.html2026-07-02 22:07:58.540 | info     |    BuildKernels | JIT cache stats: 188/188 hits (100.0%) [188 cached, 90 build-once dedup, 0 merged artifacts, 0 merged genfiles] (build_cache_telemetry.cpp:207)
2026-07-02 22:07:58.540 | info     |    BuildKernels | JIT telemetry: 3 registered TelemetryTokens (build_cache_telemetry.cpp:230)
2026-07-02 22:07:58.562 | info     |          Device | Closing user mode device drivers (tt_cluster.cpp:512)
2026-07-02 22:07:58.562 | info     |             UMD | Closing devices in cluster (cluster.cpp:1037)
2026-07-02 22:07:59.287 | info     |             UMD | Closing devices in cluster completed. (cluster.cpp:1046)
2026-07-02 22:07:59.287 | info     |             UMD | Cluster destructor started. (cluster.cpp:754)
2026-07-02 22:07:59.287 | info     |             UMD | Cluster destructor completed. (cluster.cpp:757)
