2026-07-02 22:42:02.603 | DEBUG    | ttnn:<module>:79 - Initial ttnn.CONFIG:
Config{cache_path=/home/ubuntu/.cache/ttnn,model_cache_path=/home/ubuntu/.cache/ttnn/models,tmp_dir=/tmp/ttnn,enable_model_cache=false,enable_fast_runtime_mode=true,throw_exception_on_fallback=false,enable_logging=false,enable_graph_report=false,enable_graph_python_stack_traces=false,enable_detailed_buffer_report=false,enable_detailed_tensor_report=false,enable_comparison_mode=false,comparison_mode_should_raise_exception=false,comparison_mode_pcc=0.9999,root_report_path=generated/ttnn/reports,report_name=std::nullopt,std::nullopt}
2026-07-02 22:42:02.684 | info     |          Device | Opening user mode device driver (tt_cluster.cpp:228)
2026-07-02 22:42:02.684 | info     |             UMD | Cluster constructor started. (cluster.cpp:348)
2026-07-02 22:42:02.684 | info     |             UMD | Creating TopologyDiscovery for architecture: blackhole (topology_discovery.cpp:91)
2026-07-02 22:42:02.684 | info     |             UMD | Starting topology discovery. (topology_discovery.cpp:110)
2026-07-02 22:42:02.685 | info     |             UMD | Established firmware bundle version: 19.9.0 (topology_discovery.cpp:569)
2026-07-02 22:42:02.685 | info     |             UMD | Firmware bundle version 19.9.0 on the system is newer than the latest fully tested version 19.5.0 for blackhole architecture. Newest features may not be supported. (topology_discovery.cpp:601)
2026-07-02 22:42:02.689 | info     |             UMD | Completed topology discovery. (topology_discovery.cpp:114)
2026-07-02 22:42:02.855 | info     |             UMD | Opening local chip ids/PCIe ids: {0, 1, 2, 3}/[1, 2, 3, 0] and remote chip ids {} (cluster.cpp:168)
2026-07-02 22:42:02.856 | info     |             UMD | IOMMU: enabled (cluster.cpp:142)
2026-07-02 22:42:02.856 | info     |             UMD | KMD version: 2.4.1 (cluster.cpp:145)
2026-07-02 22:42:02.856 | info     |             UMD | Cluster constructor completed. (cluster.cpp:520)
2026-07-02 22:42:02.859 | info     |             UMD | Starting devices in cluster (cluster.cpp:1024)
2026-07-02 22:42:03.099 | info     |             UMD | Starting devices in cluster completed. (cluster.cpp:1032)
2026-07-02 22:42:03.703 | info     |     Distributed | Using auto discovery to generate mesh graph. (metal_env.cpp:367)
2026-07-02 22:42:03.703 | info     |     Distributed | Constructing control plane using auto-discovery (no mesh graph descriptor). (metal_env.cpp:429)
2026-07-02 22:42:03.703 | info     |          Fabric | Logical multi-mesh adjacency: intermesh degree histogram {0:1}; intra-mesh degree histograms mesh0 {2:4} (topology_mapper_utils.cpp:2342)
2026-07-02 22:42:03.703 | info     |          Fabric | Physical multi-mesh adjacency: intermesh degree histogram {0:1}; intra-mesh degree histograms mesh0 {2:4} (topology_mapper_utils.cpp:2350)
2026-07-02 22:42:03.704 | DEBUG    | ttnn.device:__init__:152 - Using default dispatch core type for this system: DispatchCoreType.WORKER
2026-07-02 22:42:03.704 | DEBUG    | ttnn.device:__init__:154 - Using default dispatch core axis for this system: DispatchCoreAxis.COL
2026-07-02 22:42:03.719 | info     |    BuildKernels | Using pre-compiled firmware from: /home/ubuntu/tt-metal/tt_metal/pre-compiled/13793420398762238087/ (build_env_manager.cpp:347)
2026-07-02 22:42:03.719 | info     |    BuildKernels | Using pre-compiled firmware from: /home/ubuntu/tt-metal/tt_metal/pre-compiled/13793420398762238087/ (build_env_manager.cpp:347)
2026-07-02 22:42:03.719 | info     |    BuildKernels | Using pre-compiled firmware from: /home/ubuntu/tt-metal/tt_metal/pre-compiled/13793420398762238087/ (build_env_manager.cpp:347)
2026-07-02 22:42:03.719 | info     |    BuildKernels | Using pre-compiled firmware from: /home/ubuntu/tt-metal/tt_metal/pre-compiled/13793420398762238087/ (build_env_manager.cpp:347)
2026-07-02 22:42:03.776 | info     |           Metal | Initializing Fabric (fabric_firmware_initializer.cpp:288)
2026-07-02 22:42:03.902 | info     |           Metal | Fabric initialized on Device 0 (device.cpp:429)
2026-07-02 22:42:03.903 | info     |           Metal | Fabric initialized on Device 1 (device.cpp:429)
2026-07-02 22:42:03.904 | info     |           Metal | Fabric initialized on Device 2 (device.cpp:429)
2026-07-02 22:42:03.906 | info     |           Metal | Fabric initialized on Device 3 (device.cpp:429)
2026-07-02 22:42:03.906 | info     |           Metal | Fabric initialized on 4 devices (fabric_firmware_initializer.cpp:435)
2026-07-02 22:42:03.906 | info     |           Metal | Fabric Initialized with config FabricConfig::FABRIC_1D_RING (fabric_firmware_initializer.cpp:305)
2026-07-02 22:42:03.958 | info     |           Metal | ShmResourceTracker: removed orphaned shm '/tt_device_143238002115104_memory' (shm_resource_tracker.cpp:282)
2026-07-02 22:42:03.958 | info     |           Metal | ShmResourceTracker: removed orphaned shm '/tt_device_143238002118688_memory' (shm_resource_tracker.cpp:282)
2026-07-02 22:42:03.958 | info     |           Metal | ShmResourceTracker: removed orphaned shm '/tt_device_143238002114624_memory' (shm_resource_tracker.cpp:282)
2026-07-02 22:42:03.958 | info     |           Metal | ShmResourceTracker: removed orphaned shm '/tt_device_143238002115584_memory' (shm_resource_tracker.cpp:282)
2026-07-02 22:42:04.529 | info     |           Metal | [Real-time profiler] Device 0 sync complete: 100 samples, frequency=1.349987 GHz, device_time_at_sync=2937228140314 cycles (realtime_profiler_manager.cpp:1127)
2026-07-02 22:42:04.531 | info     |           Metal | [Real-time profiler] Device 1 sync complete: 100 samples, frequency=1.349983 GHz, device_time_at_sync=2939674111871 cycles (realtime_profiler_manager.cpp:1127)
2026-07-02 22:42:04.541 | info     |           Metal | [Real-time profiler] Device 2 sync complete: 100 samples, frequency=1.349985 GHz, device_time_at_sync=2939506002302 cycles (realtime_profiler_manager.cpp:1127)
2026-07-02 22:42:04.542 | info     |           Metal | [Real-time profiler] Device 3 sync complete: 100 samples, frequency=1.349980 GHz, device_time_at_sync=2942454183425 cycles (realtime_profiler_manager.cpp:1127)
[transformers] `torch_dtype` is deprecated! Use `dtype` instead!
Loading weights:   0%|          | 0/398 [00:00<?, ?it/s]Loading weights: 100%|██████████| 398/398 [00:00<00:00, 9337.46it/s]
2026-07-02 22:42:12.471 | info     |           Metal | Pinned source memory start address 0x7fc8037a3e28 must be aligned 64 B (dispatch.cpp:1180)
2026-07-02 22:42:12.472 | info     |           Metal | Pinned source memory start address 0x7fc8037a3e28 must be aligned 64 B (dispatch.cpp:1180)
2026-07-02 22:42:12.472 | info     |           Metal | Pinned source memory start address 0x7fc8037a3e28 must be aligned 64 B (dispatch.cpp:1180)
2026-07-02 22:42:12.472 | info     |           Metal | Pinned source memory start address 0x7fc8037a3e28 must be aligned 64 B (dispatch.cpp:1180)
2026-07-02 22:43:46.216 | INFO     | tracy:signpost:49 - PERF_MULTICHIP_PREFILL
2026-07-02 22:43:46.357 | INFO     | tracy:signpost:49 - PERF_MULTICHIP_PREFILL_END
2026-07-02 22:43:46.358 | INFO     | tracy:signpost:49 - PERF_MULTICHIP_PREFILL
2026-07-02 22:43:46.360 | INFO     | tracy:signpost:49 - PERF_MULTICHIP_PREFILL_END
2026-07-02 22:43:46.360 | INFO     | tracy:signpost:49 - PERF_MULTICHIP_PREFILL
2026-07-02 22:43:46.362 | INFO     | tracy:signpost:49 - PERF_MULTICHIP_PREFILL_END
2026-07-02 22:43:46.363 | INFO     | tracy:signpost:49 - PERF_MULTICHIP_PREFILL
2026-07-02 22:43:46.365 | INFO     | tracy:signpost:49 - PERF_MULTICHIP_PREFILL_END
2026-07-02 22:43:46.365 | INFO     | tracy:signpost:49 - PERF_MULTICHIP_PREFILL
2026-07-02 22:43:46.367 | INFO     | tracy:signpost:49 - PERF_MULTICHIP_PREFILL_END
2026-07-02 22:43:46.367 | INFO     | tracy:signpost:49 - PERF_MULTICHIP_PREFILL
2026-07-02 22:43:46.369 | INFO     | tracy:signpost:49 - PERF_MULTICHIP_PREFILL_END
2026-07-02 22:43:46.370 | INFO     | tracy:signpost:49 - PERF_MULTICHIP_PREFILL
2026-07-02 22:43:46.372 | INFO     | tracy:signpost:49 - PERF_MULTICHIP_PREFILL_END
2026-07-02 22:43:46.372 | INFO     | tracy:signpost:49 - PERF_MULTICHIP_PREFILL
2026-07-02 22:43:46.374 | INFO     | tracy:signpost:49 - PERF_MULTICHIP_PREFILL_END
2026-07-02 22:43:46.374 | INFO     | tracy:signpost:49 - PERF_MULTICHIP_PREFILL
2026-07-02 22:43:46.377 | INFO     | tracy:signpost:49 - PERF_MULTICHIP_PREFILL_END
2026-07-02 22:43:46.377 | INFO     | tracy:signpost:49 - PERF_MULTICHIP_PREFILL
2026-07-02 22:43:46.379 | INFO     | tracy:signpost:49 - PERF_MULTICHIP_PREFILL_END
2026-07-02 22:43:46.379 | INFO     | tracy:signpost:49 - PERF_MULTICHIP_PREFILL
2026-07-02 22:43:46.381 | INFO     | tracy:signpost:49 - PERF_MULTICHIP_PREFILL_END
2026-07-02 22:43:46.381 | INFO     | tracy:signpost:49 - PERF_MULTICHIP_PREFILL
2026-07-02 22:43:46.383 | INFO     | tracy:signpost:49 - PERF_MULTICHIP_PREFILL_END
2026-07-02 22:43:46.383 | INFO     | tracy:signpost:49 - PERF_MULTICHIP_PREFILL
2026-07-02 22:43:46.386 | INFO     | tracy:signpost:49 - PERF_MULTICHIP_PREFILL_END
2026-07-02 22:43:46.386 | INFO     | tracy:signpost:49 - PERF_MULTICHIP_PREFILL
2026-07-02 22:43:46.388 | INFO     | tracy:signpost:49 - PERF_MULTICHIP_PREFILL_END
2026-07-02 22:43:46.388 | INFO     | tracy:signpost:49 - PERF_MULTICHIP_PREFILL
2026-07-02 22:43:46.390 | INFO     | tracy:signpost:49 - PERF_MULTICHIP_PREFILL_END
2026-07-02 22:43:46.390 | INFO     | tracy:signpost:49 - PERF_MULTICHIP_PREFILL
2026-07-02 22:43:46.392 | INFO     | tracy:signpost:49 - PERF_MULTICHIP_PREFILL_END
2026-07-02 22:43:46.393 | INFO     | tracy:signpost:49 - PERF_MULTICHIP_PREFILL
2026-07-02 22:43:46.395 | INFO     | tracy:signpost:49 - PERF_MULTICHIP_PREFILL_END
2026-07-02 22:43:46.395 | INFO     | tracy:signpost:49 - PERF_MULTICHIP_PREFILL
2026-07-02 22:43:46.397 | INFO     | tracy:signpost:49 - PERF_MULTICHIP_PREFILL_END
2026-07-02 22:43:46.397 | INFO     | tracy:signpost:49 - PERF_MULTICHIP_PREFILL
2026-07-02 22:43:46.399 | INFO     | tracy:signpost:49 - PERF_MULTICHIP_PREFILL_END
2026-07-02 22:43:46.399 | INFO     | tracy:signpost:49 - PERF_MULTICHIP_PREFILL
2026-07-02 22:43:46.402 | INFO     | tracy:signpost:49 - PERF_MULTICHIP_PREFILL_END
2026-07-02 22:43:46.402 | INFO     | tracy:signpost:49 - PERF_MULTICHIP_PREFILL
2026-07-02 22:43:46.404 | INFO     | tracy:signpost:49 - PERF_MULTICHIP_PREFILL_END
2026-07-02 22:43:46.404 | INFO     | tracy:signpost:49 - PERF_MULTICHIP_PREFILL
2026-07-02 22:43:46.406 | INFO     | tracy:signpost:49 - PERF_MULTICHIP_PREFILL_END
2026-07-02 22:43:46.406 | INFO     | tracy:signpost:49 - PERF_MULTICHIP_PREFILL
2026-07-02 22:43:46.408 | INFO     | tracy:signpost:49 - PERF_MULTICHIP_PREFILL_END
2026-07-02 22:43:46.409 | INFO     | tracy:signpost:49 - PERF_MULTICHIP_PREFILL
2026-07-02 22:43:46.411 | INFO     | tracy:signpost:49 - PERF_MULTICHIP_PREFILL_END
2026-07-02 22:43:46.411 | INFO     | tracy:signpost:49 - PERF_MULTICHIP_PREFILL
2026-07-02 22:43:46.413 | INFO     | tracy:signpost:49 - PERF_MULTICHIP_PREFILL_END
2026-07-02 22:43:46.413 | INFO     | tracy:signpost:49 - PERF_MULTICHIP_PREFILL
2026-07-02 22:43:46.415 | INFO     | tracy:signpost:49 - PERF_MULTICHIP_PREFILL_END
2026-07-02 22:43:46.415 | INFO     | tracy:signpost:49 - PERF_MULTICHIP_PREFILL
2026-07-02 22:43:46.418 | INFO     | tracy:signpost:49 - PERF_MULTICHIP_PREFILL_END
2026-07-02 22:43:46.418 | INFO     | tracy:signpost:49 - PERF_MULTICHIP_PREFILL
2026-07-02 22:43:46.420 | INFO     | tracy:signpost:49 - PERF_MULTICHIP_PREFILL_END
2026-07-02 22:43:46.420 | INFO     | tracy:signpost:49 - PERF_MULTICHIP_PREFILL
2026-07-02 22:43:46.422 | INFO     | tracy:signpost:49 - PERF_MULTICHIP_PREFILL_END
2026-07-02 22:43:46.422 | INFO     | tracy:signpost:49 - PERF_MULTICHIP_PREFILL
2026-07-02 22:43:46.424 | INFO     | tracy:signpost:49 - PERF_MULTICHIP_PREFILL_END
2026-07-02 22:43:46.425 | INFO     | tracy:signpost:49 - PERF_MULTICHIP_PREFILL
2026-07-02 22:43:46.427 | INFO     | tracy:signpost:49 - PERF_MULTICHIP_PREFILL_END
2026-07-02 22:43:46.427 | INFO     | tracy:signpost:49 - PERF_MULTICHIP_PREFILL
2026-07-02 22:43:46.429 | INFO     | tracy:signpost:49 - PERF_MULTICHIP_PREFILL_END
2026-07-02 22:43:46.429 | INFO     | tracy:signpost:49 - PERF_MULTICHIP_PREFILL
2026-07-02 22:43:46.431 | INFO     | tracy:signpost:49 - PERF_MULTICHIP_PREFILL_END
2026-07-02 22:43:46.431 | INFO     | tracy:signpost:49 - PERF_MULTICHIP_PREFILL
2026-07-02 22:43:46.434 | INFO     | tracy:signpost:49 - PERF_MULTICHIP_PREFILL_END
2026-07-02 22:43:46.434 | INFO     | tracy:signpost:49 - PERF_MULTICHIP_PREFILL
2026-07-02 22:43:46.436 | INFO     | tracy:signpost:49 - PERF_MULTICHIP_PREFILL_END
2026-07-02 22:43:46.436 | INFO     | tracy:signpost:49 - PERF_MULTICHIP_PREFILL
2026-07-02 22:43:46.438 | INFO     | tracy:signpost:49 - PERF_MULTICHIP_PREFILL_END
2026-07-02 22:43:46.559 | INFO     | tracy:signpost:49 - PERF_MULTICHIP_DECODE
2026-07-02 22:43:46.667 | INFO     | tracy:signpost:49 - PERF_MULTICHIP_DECODE_END
2026-07-02 22:43:46.667 | INFO     | tracy:signpost:49 - PERF_MULTICHIP_DECODE
2026-07-02 22:43:46.670 | INFO     | tracy:signpost:49 - PERF_MULTICHIP_DECODE_END
2026-07-02 22:43:46.670 | INFO     | tracy:signpost:49 - PERF_MULTICHIP_DECODE
2026-07-02 22:43:46.673 | INFO     | tracy:signpost:49 - PERF_MULTICHIP_DECODE_END
2026-07-02 22:43:46.673 | INFO     | tracy:signpost:49 - PERF_MULTICHIP_DECODE
2026-07-02 22:43:46.676 | INFO     | tracy:signpost:49 - PERF_MULTICHIP_DECODE_END
2026-07-02 22:43:46.676 | INFO     | tracy:signpost:49 - PERF_MULTICHIP_DECODE
2026-07-02 22:43:46.678 | INFO     | tracy:signpost:49 - PERF_MULTICHIP_DECODE_END
2026-07-02 22:43:46.679 | INFO     | tracy:signpost:49 - PERF_MULTICHIP_DECODE
2026-07-02 22:43:46.681 | INFO     | tracy:signpost:49 - PERF_MULTICHIP_DECODE_END
2026-07-02 22:43:46.681 | INFO     | tracy:signpost:49 - PERF_MULTICHIP_DECODE
2026-07-02 22:43:46.684 | INFO     | tracy:signpost:49 - PERF_MULTICHIP_DECODE_END
2026-07-02 22:43:46.684 | INFO     | tracy:signpost:49 - PERF_MULTICHIP_DECODE
2026-07-02 22:43:46.687 | INFO     | tracy:signpost:49 - PERF_MULTICHIP_DECODE_END
2026-07-02 22:43:46.687 | INFO     | tracy:signpost:49 - PERF_MULTICHIP_DECODE
2026-07-02 22:43:46.690 | INFO     | tracy:signpost:49 - PERF_MULTICHIP_DECODE_END
2026-07-02 22:43:46.690 | INFO     | tracy:signpost:49 - PERF_MULTICHIP_DECODE
2026-07-02 22:43:46.692 | INFO     | tracy:signpost:49 - PERF_MULTICHIP_DECODE_END
2026-07-02 22:43:46.693 | INFO     | tracy:signpost:49 - PERF_MULTICHIP_DECODE
2026-07-02 22:43:46.695 | INFO     | tracy:signpost:49 - PERF_MULTICHIP_DECODE_END
2026-07-02 22:43:46.695 | INFO     | tracy:signpost:49 - PERF_MULTICHIP_DECODE
2026-07-02 22:43:46.698 | INFO     | tracy:signpost:49 - PERF_MULTICHIP_DECODE_END
2026-07-02 22:43:46.698 | INFO     | tracy:signpost:49 - PERF_MULTICHIP_DECODE
2026-07-02 22:43:46.701 | INFO     | tracy:signpost:49 - PERF_MULTICHIP_DECODE_END
2026-07-02 22:43:46.701 | INFO     | tracy:signpost:49 - PERF_MULTICHIP_DECODE
2026-07-02 22:43:46.704 | INFO     | tracy:signpost:49 - PERF_MULTICHIP_DECODE_END
2026-07-02 22:43:46.704 | INFO     | tracy:signpost:49 - PERF_MULTICHIP_DECODE
2026-07-02 22:43:46.707 | INFO     | tracy:signpost:49 - PERF_MULTICHIP_DECODE_END
2026-07-02 22:43:46.707 | INFO     | tracy:signpost:49 - PERF_MULTICHIP_DECODE
2026-07-02 22:43:46.709 | INFO     | tracy:signpost:49 - PERF_MULTICHIP_DECODE_END
2026-07-02 22:43:46.710 | INFO     | tracy:signpost:49 - PERF_MULTICHIP_DECODE
2026-07-02 22:43:46.712 | INFO     | tracy:signpost:49 - PERF_MULTICHIP_DECODE_END
2026-07-02 22:43:46.713 | INFO     | tracy:signpost:49 - PERF_MULTICHIP_DECODE
2026-07-02 22:43:46.715 | INFO     | tracy:signpost:49 - PERF_MULTICHIP_DECODE_END
2026-07-02 22:43:46.715 | INFO     | tracy:signpost:49 - PERF_MULTICHIP_DECODE
2026-07-02 22:43:46.718 | INFO     | tracy:signpost:49 - PERF_MULTICHIP_DECODE_END
2026-07-02 22:43:46.718 | INFO     | tracy:signpost:49 - PERF_MULTICHIP_DECODE
2026-07-02 22:43:46.721 | INFO     | tracy:signpost:49 - PERF_MULTICHIP_DECODE_END
2026-07-02 22:43:46.721 | INFO     | tracy:signpost:49 - PERF_MULTICHIP_DECODE
2026-07-02 22:43:46.724 | INFO     | tracy:signpost:49 - PERF_MULTICHIP_DECODE_END
2026-07-02 22:43:46.724 | INFO     | tracy:signpost:49 - PERF_MULTICHIP_DECODE
2026-07-02 22:43:46.727 | INFO     | tracy:signpost:49 - PERF_MULTICHIP_DECODE_END
2026-07-02 22:43:46.727 | INFO     | tracy:signpost:49 - PERF_MULTICHIP_DECODE
2026-07-02 22:43:46.729 | INFO     | tracy:signpost:49 - PERF_MULTICHIP_DECODE_END
2026-07-02 22:43:46.730 | INFO     | tracy:signpost:49 - PERF_MULTICHIP_DECODE
2026-07-02 22:43:46.732 | INFO     | tracy:signpost:49 - PERF_MULTICHIP_DECODE_END
2026-07-02 22:43:46.732 | INFO     | tracy:signpost:49 - PERF_MULTICHIP_DECODE
2026-07-02 22:43:46.735 | INFO     | tracy:signpost:49 - PERF_MULTICHIP_DECODE_END
2026-07-02 22:43:46.735 | INFO     | tracy:signpost:49 - PERF_MULTICHIP_DECODE
2026-07-02 22:43:46.738 | INFO     | tracy:signpost:49 - PERF_MULTICHIP_DECODE_END
2026-07-02 22:43:46.738 | INFO     | tracy:signpost:49 - PERF_MULTICHIP_DECODE
2026-07-02 22:43:46.741 | INFO     | tracy:signpost:49 - PERF_MULTICHIP_DECODE_END
2026-07-02 22:43:46.741 | INFO     | tracy:signpost:49 - PERF_MULTICHIP_DECODE
2026-07-02 22:43:46.744 | INFO     | tracy:signpost:49 - PERF_MULTICHIP_DECODE_END
2026-07-02 22:43:46.744 | INFO     | tracy:signpost:49 - PERF_MULTICHIP_DECODE
2026-07-02 22:43:46.747 | INFO     | tracy:signpost:49 - PERF_MULTICHIP_DECODE_END
2026-07-02 22:43:46.747 | INFO     | tracy:signpost:49 - PERF_MULTICHIP_DECODE
2026-07-02 22:43:46.750 | INFO     | tracy:signpost:49 - PERF_MULTICHIP_DECODE_END
2026-07-02 22:43:46.750 | INFO     | tracy:signpost:49 - PERF_MULTICHIP_DECODE
2026-07-02 22:43:46.752 | INFO     | tracy:signpost:49 - PERF_MULTICHIP_DECODE_END
2026-07-02 22:43:46.752 | INFO     | tracy:signpost:49 - PERF_MULTICHIP_DECODE
2026-07-02 22:43:46.755 | INFO     | tracy:signpost:49 - PERF_MULTICHIP_DECODE_END
2026-07-02 22:43:46.755 | INFO     | tracy:signpost:49 - PERF_MULTICHIP_DECODE
2026-07-02 22:43:46.758 | INFO     | tracy:signpost:49 - PERF_MULTICHIP_DECODE_END
2026-07-02 22:43:46.758 | INFO     | tracy:signpost:49 - PERF_MULTICHIP_DECODE
2026-07-02 22:43:46.761 | INFO     | tracy:signpost:49 - PERF_MULTICHIP_DECODE_END
2026-07-02 22:43:46.761 | INFO     | tracy:signpost:49 - PERF_MULTICHIP_DECODE
2026-07-02 22:43:46.764 | INFO     | tracy:signpost:49 - PERF_MULTICHIP_DECODE_END
2026-07-02 22:43:46.764 | INFO     | tracy:signpost:49 - PERF_MULTICHIP_DECODE
2026-07-02 22:43:46.767 | INFO     | tracy:signpost:49 - PERF_MULTICHIP_DECODE_END
2026-07-02 22:43:46.800 | INFO     | tracy:signpost:49 - PERF_MULTICHIP_DECODE
2026-07-02 22:43:46.803 | INFO     | tracy:signpost:49 - PERF_MULTICHIP_DECODE_END
2026-07-02 22:43:46.803 | INFO     | tracy:signpost:49 - PERF_MULTICHIP_DECODE
2026-07-02 22:43:46.805 | INFO     | tracy:signpost:49 - PERF_MULTICHIP_DECODE_END
2026-07-02 22:43:46.806 | INFO     | tracy:signpost:49 - PERF_MULTICHIP_DECODE
2026-07-02 22:43:46.808 | INFO     | tracy:signpost:49 - PERF_MULTICHIP_DECODE_END
2026-07-02 22:43:46.809 | INFO     | tracy:signpost:49 - PERF_MULTICHIP_DECODE
2026-07-02 22:43:46.811 | INFO     | tracy:signpost:49 - PERF_MULTICHIP_DECODE_END
2026-07-02 22:43:46.811 | INFO     | tracy:signpost:49 - PERF_MULTICHIP_DECODE
2026-07-02 22:43:46.814 | INFO     | tracy:signpost:49 - PERF_MULTICHIP_DECODE_END
2026-07-02 22:43:46.814 | INFO     | tracy:signpost:49 - PERF_MULTICHIP_DECODE
2026-07-02 22:43:46.817 | INFO     | tracy:signpost:49 - PERF_MULTICHIP_DECODE_END
2026-07-02 22:43:46.817 | INFO     | tracy:signpost:49 - PERF_MULTICHIP_DECODE
2026-07-02 22:43:46.820 | INFO     | tracy:signpost:49 - PERF_MULTICHIP_DECODE_END
2026-07-02 22:43:46.820 | INFO     | tracy:signpost:49 - PERF_MULTICHIP_DECODE
2026-07-02 22:43:46.823 | INFO     | tracy:signpost:49 - PERF_MULTICHIP_DECODE_END
2026-07-02 22:43:46.823 | INFO     | tracy:signpost:49 - PERF_MULTICHIP_DECODE
2026-07-02 22:43:46.826 | INFO     | tracy:signpost:49 - PERF_MULTICHIP_DECODE_END
2026-07-02 22:43:46.826 | INFO     | tracy:signpost:49 - PERF_MULTICHIP_DECODE
2026-07-02 22:43:46.829 | INFO     | tracy:signpost:49 - PERF_MULTICHIP_DECODE_END
2026-07-02 22:43:46.829 | INFO     | tracy:signpost:49 - PERF_MULTICHIP_DECODE
2026-07-02 22:43:46.832 | INFO     | tracy:signpost:49 - PERF_MULTICHIP_DECODE_END
2026-07-02 22:43:46.832 | INFO     | tracy:signpost:49 - PERF_MULTICHIP_DECODE
2026-07-02 22:43:46.835 | INFO     | tracy:signpost:49 - PERF_MULTICHIP_DECODE_END
2026-07-02 22:43:46.835 | INFO     | tracy:signpost:49 - PERF_MULTICHIP_DECODE
2026-07-02 22:43:46.837 | INFO     | tracy:signpost:49 - PERF_MULTICHIP_DECODE_END
2026-07-02 22:43:46.837 | INFO     | tracy:signpost:49 - PERF_MULTICHIP_DECODE
2026-07-02 22:43:46.840 | INFO     | tracy:signpost:49 - PERF_MULTICHIP_DECODE_END
2026-07-02 22:43:46.840 | INFO     | tracy:signpost:49 - PERF_MULTICHIP_DECODE
2026-07-02 22:43:46.843 | INFO     | tracy:signpost:49 - PERF_MULTICHIP_DECODE_END
2026-07-02 22:43:46.843 | INFO     | tracy:signpost:49 - PERF_MULTICHIP_DECODE
2026-07-02 22:43:46.846 | INFO     | tracy:signpost:49 - PERF_MULTICHIP_DECODE_END
2026-07-02 22:43:46.846 | INFO     | tracy:signpost:49 - PERF_MULTICHIP_DECODE
2026-07-02 22:43:46.848 | INFO     | tracy:signpost:49 - PERF_MULTICHIP_DECODE_END
2026-07-02 22:43:46.848 | INFO     | tracy:signpost:49 - PERF_MULTICHIP_DECODE
2026-07-02 22:43:46.851 | INFO     | tracy:signpost:49 - PERF_MULTICHIP_DECODE_END
2026-07-02 22:43:46.851 | INFO     | tracy:signpost:49 - PERF_MULTICHIP_DECODE
2026-07-02 22:43:46.854 | INFO     | tracy:signpost:49 - PERF_MULTICHIP_DECODE_END
2026-07-02 22:43:46.854 | INFO     | tracy:signpost:49 - PERF_MULTICHIP_DECODE
2026-07-02 22:43:46.857 | INFO     | tracy:signpost:49 - PERF_MULTICHIP_DECODE_END
2026-07-02 22:43:46.857 | INFO     | tracy:signpost:49 - PERF_MULTICHIP_DECODE
2026-07-02 22:43:46.860 | INFO     | tracy:signpost:49 - PERF_MULTICHIP_DECODE_END
2026-07-02 22:43:46.860 | INFO     | tracy:signpost:49 - PERF_MULTICHIP_DECODE
2026-07-02 22:43:46.863 | INFO     | tracy:signpost:49 - PERF_MULTICHIP_DECODE_END
2026-07-02 22:43:46.863 | INFO     | tracy:signpost:49 - PERF_MULTICHIP_DECODE
2026-07-02 22:43:46.865 | INFO     | tracy:signpost:49 - PERF_MULTICHIP_DECODE_END
2026-07-02 22:43:46.865 | INFO     | tracy:signpost:49 - PERF_MULTICHIP_DECODE
2026-07-02 22:43:46.868 | INFO     | tracy:signpost:49 - PERF_MULTICHIP_DECODE_END
2026-07-02 22:43:46.868 | INFO     | tracy:signpost:49 - PERF_MULTICHIP_DECODE
2026-07-02 22:43:46.871 | INFO     | tracy:signpost:49 - PERF_MULTICHIP_DECODE_END
2026-07-02 22:43:46.871 | INFO     | tracy:signpost:49 - PERF_MULTICHIP_DECODE
2026-07-02 22:43:46.874 | INFO     | tracy:signpost:49 - PERF_MULTICHIP_DECODE_END
2026-07-02 22:43:46.874 | INFO     | tracy:signpost:49 - PERF_MULTICHIP_DECODE
2026-07-02 22:43:46.877 | INFO     | tracy:signpost:49 - PERF_MULTICHIP_DECODE_END
2026-07-02 22:43:46.877 | INFO     | tracy:signpost:49 - PERF_MULTICHIP_DECODE
2026-07-02 22:43:46.880 | INFO     | tracy:signpost:49 - PERF_MULTICHIP_DECODE_END
2026-07-02 22:43:46.880 | INFO     | tracy:signpost:49 - PERF_MULTICHIP_DECODE
2026-07-02 22:43:46.882 | INFO     | tracy:signpost:49 - PERF_MULTICHIP_DECODE_END
2026-07-02 22:43:46.882 | INFO     | tracy:signpost:49 - PERF_MULTICHIP_DECODE
2026-07-02 22:43:46.885 | INFO     | tracy:signpost:49 - PERF_MULTICHIP_DECODE_END
2026-07-02 22:43:46.885 | INFO     | tracy:signpost:49 - PERF_MULTICHIP_DECODE
2026-07-02 22:43:46.888 | INFO     | tracy:signpost:49 - PERF_MULTICHIP_DECODE_END
2026-07-02 22:43:46.888 | INFO     | tracy:signpost:49 - PERF_MULTICHIP_DECODE
2026-07-02 22:43:46.891 | INFO     | tracy:signpost:49 - PERF_MULTICHIP_DECODE_END
2026-07-02 22:43:46.891 | INFO     | tracy:signpost:49 - PERF_MULTICHIP_DECODE
2026-07-02 22:43:46.894 | INFO     | tracy:signpost:49 - PERF_MULTICHIP_DECODE_END
2026-07-02 22:43:46.894 | INFO     | tracy:signpost:49 - PERF_MULTICHIP_DECODE
2026-07-02 22:43:46.896 | INFO     | tracy:signpost:49 - PERF_MULTICHIP_DECODE_END
2026-07-02 22:43:46.897 | INFO     | tracy:signpost:49 - PERF_MULTICHIP_DECODE
2026-07-02 22:43:46.899 | INFO     | tracy:signpost:49 - PERF_MULTICHIP_DECODE_END
2026-07-02 22:43:46.899 | INFO     | tracy:signpost:49 - PERF_MULTICHIP_DECODE
2026-07-02 22:43:46.902 | INFO     | tracy:signpost:49 - PERF_MULTICHIP_DECODE_END
2026-07-02 22:43:46.904 | INFO     | tracy:signpost:49 - PERF_MULTICHIP_DECODE
2026-07-02 22:43:46.908 | INFO     | tracy:signpost:49 - PERF_MULTICHIP_DECODE_END
2026-07-02 22:43:46.908 | INFO     | tracy:signpost:49 - PERF_MULTICHIP_DECODE
2026-07-02 22:43:46.910 | INFO     | tracy:signpost:49 - PERF_MULTICHIP_DECODE_END
2026-07-02 22:43:46.910 | INFO     | tracy:signpost:49 - PERF_MULTICHIP_DECODE
2026-07-02 22:43:46.913 | INFO     | tracy:signpost:49 - PERF_MULTICHIP_DECODE_END
2026-07-02 22:43:46.913 | INFO     | tracy:signpost:49 - PERF_MULTICHIP_DECODE
2026-07-02 22:43:46.915 | INFO     | tracy:signpost:49 - PERF_MULTICHIP_DECODE_END
2026-07-02 22:43:46.915 | INFO     | tracy:signpost:49 - PERF_MULTICHIP_DECODE
2026-07-02 22:43:46.917 | INFO     | tracy:signpost:49 - PERF_MULTICHIP_DECODE_END
2026-07-02 22:43:46.917 | INFO     | tracy:signpost:49 - PERF_MULTICHIP_DECODE
2026-07-02 22:43:46.919 | INFO     | tracy:signpost:49 - PERF_MULTICHIP_DECODE_END
2026-07-02 22:43:46.919 | INFO     | tracy:signpost:49 - PERF_MULTICHIP_DECODE
2026-07-02 22:43:46.922 | INFO     | tracy:signpost:49 - PERF_MULTICHIP_DECODE_END
2026-07-02 22:43:46.922 | INFO     | tracy:signpost:49 - PERF_MULTICHIP_DECODE
2026-07-02 22:43:46.924 | INFO     | tracy:signpost:49 - PERF_MULTICHIP_DECODE_END
2026-07-02 22:43:46.924 | INFO     | tracy:signpost:49 - PERF_MULTICHIP_DECODE
2026-07-02 22:43:46.926 | INFO     | tracy:signpost:49 - PERF_MULTICHIP_DECODE_END
2026-07-02 22:43:46.926 | INFO     | tracy:signpost:49 - PERF_MULTICHIP_DECODE
2026-07-02 22:43:46.929 | INFO     | tracy:signpost:49 - PERF_MULTICHIP_DECODE_END
2026-07-02 22:43:46.929 | INFO     | tracy:signpost:49 - PERF_MULTICHIP_DECODE
2026-07-02 22:43:46.931 | INFO     | tracy:signpost:49 - PERF_MULTICHIP_DECODE_END
2026-07-02 22:43:46.931 | INFO     | tracy:signpost:49 - PERF_MULTICHIP_DECODE
2026-07-02 22:43:46.933 | INFO     | tracy:signpost:49 - PERF_MULTICHIP_DECODE_END
2026-07-02 22:43:46.933 | INFO     | tracy:signpost:49 - PERF_MULTICHIP_DECODE
2026-07-02 22:43:46.935 | INFO     | tracy:signpost:49 - PERF_MULTICHIP_DECODE_END
2026-07-02 22:43:46.935 | INFO     | tracy:signpost:49 - PERF_MULTICHIP_DECODE
2026-07-02 22:43:46.937 | INFO     | tracy:signpost:49 - PERF_MULTICHIP_DECODE_END
2026-07-02 22:43:46.937 | INFO     | tracy:signpost:49 - PERF_MULTICHIP_DECODE
2026-07-02 22:43:46.939 | INFO     | tracy:signpost:49 - PERF_MULTICHIP_DECODE_END
2026-07-02 22:43:46.940 | INFO     | tracy:signpost:49 - PERF_MULTICHIP_DECODE
2026-07-02 22:43:46.942 | INFO     | tracy:signpost:49 - PERF_MULTICHIP_DECODE_END
2026-07-02 22:43:46.942 | INFO     | tracy:signpost:49 - PERF_MULTICHIP_DECODE
2026-07-02 22:43:46.944 | INFO     | tracy:signpost:49 - PERF_MULTICHIP_DECODE_END
2026-07-02 22:43:46.944 | INFO     | tracy:signpost:49 - PERF_MULTICHIP_DECODE
2026-07-02 22:43:46.946 | INFO     | tracy:signpost:49 - PERF_MULTICHIP_DECODE_END
2026-07-02 22:43:46.946 | INFO     | tracy:signpost:49 - PERF_MULTICHIP_DECODE
2026-07-02 22:43:46.948 | INFO     | tracy:signpost:49 - PERF_MULTICHIP_DECODE_END
2026-07-02 22:43:46.948 | INFO     | tracy:signpost:49 - PERF_MULTICHIP_DECODE
2026-07-02 22:43:46.950 | INFO     | tracy:signpost:49 - PERF_MULTICHIP_DECODE_END
2026-07-02 22:43:46.951 | INFO     | tracy:signpost:49 - PERF_MULTICHIP_DECODE
2026-07-02 22:43:46.953 | INFO     | tracy:signpost:49 - PERF_MULTICHIP_DECODE_END
2026-07-02 22:43:46.953 | INFO     | tracy:signpost:49 - PERF_MULTICHIP_DECODE
2026-07-02 22:43:46.955 | INFO     | tracy:signpost:49 - PERF_MULTICHIP_DECODE_END
2026-07-02 22:43:46.955 | INFO     | tracy:signpost:49 - PERF_MULTICHIP_DECODE
2026-07-02 22:43:46.957 | INFO     | tracy:signpost:49 - PERF_MULTICHIP_DECODE_END
2026-07-02 22:43:46.957 | INFO     | tracy:signpost:49 - PERF_MULTICHIP_DECODE
2026-07-02 22:43:46.959 | INFO     | tracy:signpost:49 - PERF_MULTICHIP_DECODE_END
2026-07-02 22:43:46.959 | INFO     | tracy:signpost:49 - PERF_MULTICHIP_DECODE
2026-07-02 22:43:46.961 | INFO     | tracy:signpost:49 - PERF_MULTICHIP_DECODE_END
2026-07-02 22:43:46.962 | INFO     | tracy:signpost:49 - PERF_MULTICHIP_DECODE
2026-07-02 22:43:46.964 | INFO     | tracy:signpost:49 - PERF_MULTICHIP_DECODE_END
2026-07-02 22:43:46.964 | INFO     | tracy:signpost:49 - PERF_MULTICHIP_DECODE
2026-07-02 22:43:46.966 | INFO     | tracy:signpost:49 - PERF_MULTICHIP_DECODE_END
2026-07-02 22:43:46.966 | INFO     | tracy:signpost:49 - PERF_MULTICHIP_DECODE
2026-07-02 22:43:46.968 | INFO     | tracy:signpost:49 - PERF_MULTICHIP_DECODE_END
2026-07-02 22:43:46.968 | INFO     | tracy:signpost:49 - PERF_MULTICHIP_DECODE
2026-07-02 22:43:46.970 | INFO     | tracy:signpost:49 - PERF_MULTICHIP_DECODE_END
2026-07-02 22:43:46.970 | INFO     | tracy:signpost:49 - PERF_MULTICHIP_DECODE
2026-07-02 22:43:46.972 | INFO     | tracy:signpost:49 - PERF_MULTICHIP_DECODE_END
2026-07-02 22:43:46.972 | INFO     | tracy:signpost:49 - PERF_MULTICHIP_DECODE
2026-07-02 22:43:46.975 | INFO     | tracy:signpost:49 - PERF_MULTICHIP_DECODE_END
2026-07-02 22:43:46.975 | INFO     | tracy:signpost:49 - PERF_MULTICHIP_DECODE
2026-07-02 22:43:46.977 | INFO     | tracy:signpost:49 - PERF_MULTICHIP_DECODE_END
2026-07-02 22:43:46.977 | INFO     | tracy:signpost:49 - PERF_MULTICHIP_DECODE
2026-07-02 22:43:46.979 | INFO     | tracy:signpost:49 - PERF_MULTICHIP_DECODE_END
2026-07-02 22:43:46.979 | INFO     | tracy:signpost:49 - PERF_MULTICHIP_DECODE
2026-07-02 22:43:46.981 | INFO     | tracy:signpost:49 - PERF_MULTICHIP_DECODE_END
2026-07-02 22:43:46.981 | INFO     | tracy:signpost:49 - PERF_MULTICHIP_DECODE
2026-07-02 22:43:46.983 | INFO     | tracy:signpost:49 - PERF_MULTICHIP_DECODE_END
2026-07-02 22:43:46.983 | INFO     | tracy:signpost:49 - PERF_MULTICHIP_DECODE
2026-07-02 22:43:46.985 | INFO     | tracy:signpost:49 - PERF_MULTICHIP_DECODE_END
entry[0]             top1=0.940 (94/100)  top5=1.000 (100/100)  top100=1.000 (100/100)  TTFT=837.89ms  decode=63.95 t/s/u  e2e=41.91 t/s/u
AGGREGATE            top1=0.940 (94/100)  top5=1.000 (100/100)  top100=1.000 (100/100)  TTFT=837.89ms  decode=63.95 t/s/u  e2e=41.91 t/s/u
nanobind: leaked 2 instances!
 - leaked instance 0x7febe6a84168 of type "ttnn._ttnn.device.DispatchCoreConfig"
 - leaked instance 0x7febe6927ee8 of type "ttnn._ttnn.tensor.CoreRangeSet"
nanobind: leaked 35 types!
 - leaked type "DispatchCoreAxis"
 - leaked type "ttnn._ttnn.device.SubDeviceManagerId"
 - leaked type "MathFidelity"
 - leaked type "ttnn._ttnn.operations.matmul.MatmulMultiCoreReuseMultiCast1DProgramConfig"
 - leaked type "ttnn._ttnn.operations.matmul.MatmulInputs"
 - leaked type "ttnn._ttnn.operations.matmul.MatmulMultiCoreReuseMultiCastBatchedDRAMShardedProgramConfig"
 - leaked type "BufferType"
 - leaked type "UnaryOpType"
 - leaked type "Layout"
 - leaked type "ttnn._ttnn.operations.matmul.MatmulMultiCoreReuseOptimizedProgramFactory"
 - ... skipped remainder
nanobind: leaked 305 functions!
 - leaked function ""
 - leaked function ""
 - leaked function "load_sub_device_manager"
 - leaked function "mesh_size"
 - leaked function "get_device_id"
 - leaked function ""
 - leaked function "__repr__"
 - leaked function ""
 - leaked function "unpad_from_tile"
 - leaked function ""
 - ... skipped remainder
nanobind: this is likely caused by a reference counting issue in the binding code.
See https://nanobind.readthedocs.io/en/latest/refleaks.html2026-07-02 22:43:49.200 | info     |    BuildKernels | JIT cache stats: 290/290 hits (100.0%) [290 cached, 178 build-once dedup, 0 merged artifacts, 0 merged genfiles] (build_cache_telemetry.cpp:207)
2026-07-02 22:43:49.200 | info     |    BuildKernels | JIT telemetry: 3 registered TelemetryTokens (build_cache_telemetry.cpp:230)
2026-07-02 22:43:49.225 | info     |          Device | Closing user mode device drivers (tt_cluster.cpp:512)
2026-07-02 22:43:49.225 | info     |             UMD | Closing devices in cluster (cluster.cpp:1037)
2026-07-02 22:43:49.900 | info     |             UMD | Closing devices in cluster completed. (cluster.cpp:1046)
2026-07-02 22:43:49.900 | info     |             UMD | Cluster destructor started. (cluster.cpp:754)
2026-07-02 22:43:49.900 | info     |             UMD | Cluster destructor completed. (cluster.cpp:757)
