2026-07-19 12:27:13.067 | info     |          Device | Opening user mode device driver (tt_cluster.cpp:228)
2026-07-19 12:27:13.067 | info     |             UMD | Cluster constructor started. (cluster.cpp:348)
2026-07-19 12:27:13.067 | info     |             UMD | Creating TopologyDiscovery for architecture: blackhole (topology_discovery.cpp:91)
2026-07-19 12:27:13.067 | info     |             UMD | Starting topology discovery. (topology_discovery.cpp:110)
2026-07-19 12:27:13.068 | info     |             UMD | Established firmware bundle version: 19.8.0 (topology_discovery.cpp:569)
2026-07-19 12:27:13.068 | info     |             UMD | Firmware bundle version 19.8.0 on the system is newer than the latest fully tested version 19.5.0 for blackhole architecture. Newest features may not be supported. (topology_discovery.cpp:601)
2026-07-19 12:27:13.072 | info     |             UMD | Completed topology discovery. (topology_discovery.cpp:114)
2026-07-19 12:27:13.293 | info     |             UMD | Opening local chip ids/PCIe ids: {0, 1, 2, 3}/[0, 1, 2, 3] and remote chip ids {} (cluster.cpp:168)
2026-07-19 12:27:13.293 | info     |             UMD | IOMMU: enabled (cluster.cpp:142)
2026-07-19 12:27:13.293 | info     |             UMD | KMD version: 2.8.0 (cluster.cpp:145)
2026-07-19 12:27:13.293 | info     |             UMD | Cluster constructor completed. (cluster.cpp:520)
2026-07-19 12:27:13.294 | info     |             UMD | Starting devices in cluster (cluster.cpp:1024)
2026-07-19 12:27:13.483 | info     |             UMD | Starting devices in cluster completed. (cluster.cpp:1032)
--------------------------------------------------------------------------
It appears as if there is not enough space for /dev/shm/sm_segment.23ff5195c3f7.1000.b4020000.0 (the shared-memory backing
file). It is likely that your MPI job will now either abort or experience
performance degradation.

  Local host:  23ff5195c3f7
  Space Requested: 16777216 B
  Space Available: 17526784 B
--------------------------------------------------------------------------
2026-07-19 12:27:13.607 | DEBUG    | ttnn.device:__init__:152 - Using default dispatch core type for this system: DispatchCoreType.WORKER
2026-07-19 12:27:13.607 | DEBUG    | ttnn.device:__init__:154 - Using default dispatch core axis for this system: DispatchCoreAxis.COL
2026-07-19 12:27:13.607 | info     |     Distributed | Using auto discovery to generate mesh graph. (metal_env.cpp:367)
2026-07-19 12:27:13.607 | info     |     Distributed | Constructing control plane using auto-discovery (no mesh graph descriptor). (metal_env.cpp:429)
2026-07-19 12:27:13.607 | warning  |          Always | Unknown motherboard 'B850M-C' for chip_id=0 (bus_id=0x1) — falling back to bus_id as tray_id. Add this motherboard and its bus IDs to mobo_to_bus_ids in physical_system_discovery.cpp. (physical_system_discovery.cpp:89)
2026-07-19 12:27:13.607 | warning  |          Always | Unknown motherboard 'B850M-C' for chip_id=1 (bus_id=0x2) — falling back to bus_id as tray_id. Add this motherboard and its bus IDs to mobo_to_bus_ids in physical_system_discovery.cpp. (physical_system_discovery.cpp:89)
2026-07-19 12:27:13.607 | warning  |          Always | Unknown motherboard 'B850M-C' for chip_id=2 (bus_id=0x3) — falling back to bus_id as tray_id. Add this motherboard and its bus IDs to mobo_to_bus_ids in physical_system_discovery.cpp. (physical_system_discovery.cpp:89)
2026-07-19 12:27:13.607 | warning  |          Always | Unknown motherboard 'B850M-C' for chip_id=3 (bus_id=0x4) — falling back to bus_id as tray_id. Add this motherboard and its bus IDs to mobo_to_bus_ids in physical_system_discovery.cpp. (physical_system_discovery.cpp:89)
2026-07-19 12:27:13.607 | warning  |          Always | Unknown motherboard 'B850M-C' for chip_id=1 (bus_id=0x2) — falling back to bus_id as tray_id. Add this motherboard and its bus IDs to mobo_to_bus_ids in physical_system_discovery.cpp. (physical_system_discovery.cpp:89)
2026-07-19 12:27:13.607 | warning  |          Always | Unknown motherboard 'B850M-C' for chip_id=0 (bus_id=0x1) — falling back to bus_id as tray_id. Add this motherboard and its bus IDs to mobo_to_bus_ids in physical_system_discovery.cpp. (physical_system_discovery.cpp:89)
2026-07-19 12:27:13.607 | warning  |          Always | Unknown motherboard 'B850M-C' for chip_id=2 (bus_id=0x3) — falling back to bus_id as tray_id. Add this motherboard and its bus IDs to mobo_to_bus_ids in physical_system_discovery.cpp. (physical_system_discovery.cpp:89)
2026-07-19 12:27:13.607 | warning  |          Always | Unknown motherboard 'B850M-C' for chip_id=3 (bus_id=0x4) — falling back to bus_id as tray_id. Add this motherboard and its bus IDs to mobo_to_bus_ids in physical_system_discovery.cpp. (physical_system_discovery.cpp:89)
2026-07-19 12:27:13.607 | info     |          Fabric | Logical multi-mesh adjacency: intermesh degree histogram {0:1}; intra-mesh degree histograms mesh0 {2:4} (topology_mapper_utils.cpp:2342)
2026-07-19 12:27:13.607 | info     |          Fabric | Physical multi-mesh adjacency: intermesh degree histogram {0:1}; intra-mesh degree histograms mesh0 {2:4} (topology_mapper_utils.cpp:2350)
2026-07-19 12:27:13.611 | info     |    BuildKernels | Using pre-compiled firmware from: /home/mvasiljevic/tt-mlir/third_party/tt-metal/src/tt-metal/tt_metal/pre-compiled/13793420398762238087/ (build_env_manager.cpp:347)
2026-07-19 12:27:13.612 | info     |    BuildKernels | Using pre-compiled firmware from: /home/mvasiljevic/tt-mlir/third_party/tt-metal/src/tt-metal/tt_metal/pre-compiled/13793420398762238087/ (build_env_manager.cpp:347)
2026-07-19 12:27:13.612 | info     |    BuildKernels | Using pre-compiled firmware from: /home/mvasiljevic/tt-mlir/third_party/tt-metal/src/tt-metal/tt_metal/pre-compiled/13793420398762238087/ (build_env_manager.cpp:347)
2026-07-19 12:27:13.613 | info     |    BuildKernels | Using pre-compiled firmware from: /home/mvasiljevic/tt-mlir/third_party/tt-metal/src/tt-metal/tt_metal/pre-compiled/13793420398762238087/ (build_env_manager.cpp:347)
2026-07-19 12:27:13.641 | warning  |           Metal | Opening subset of mmio devices slows down UMD read/write to remote chips. If opening more devices, consider using CreateDevices API. (device_manager.cpp:261)
2026-07-19 12:27:13.680 | info     |           Metal | ShmResourceTracker: removed orphaned shm '/tt_device_154095681929600_memory' (shm_resource_tracker.cpp:282)
2026-07-19 12:27:14.258 | info     |           Metal | [Real-time profiler] Device 3 sync complete: 100 samples, frequency=1.349973 GHz, device_time_at_sync=408304689397 cycles (realtime_profiler_manager.cpp:1127)
2026-07-19 12:27:14.844 | info     |             UMD | Creating TopologyDiscovery for architecture: blackhole (topology_discovery.cpp:91)
2026-07-19 12:27:14.844 | info     |             UMD | Starting topology discovery. (topology_discovery.cpp:110)
2026-07-19 12:27:14.846 | info     |             UMD | Established firmware bundle version: 19.8.0 (topology_discovery.cpp:569)
2026-07-19 12:27:14.846 | info     |             UMD | Firmware bundle version 19.8.0 on the system is newer than the latest fully tested version 19.5.0 for blackhole architecture. Newest features may not be supported. (topology_discovery.cpp:601)
2026-07-19 12:27:14.850 | info     |             UMD | Completed topology discovery. (topology_discovery.cpp:114)
2026-07-19 12:27:14.852 | info     |           Metal | Using programmatically configured mock mode: /tmp/umd_vLcukM/cluster_descriptor.yaml (metal_env.cpp:129)
2026-07-19 12:27:14.853 | info     |          Device | Opening user mode device driver (tt_cluster.cpp:228)
2026-07-19 12:27:14.853 | warning  |          Device | Currently using mock cluster descriptor, all device driver calls will be mocked (tt_cluster.cpp:251)
2026-07-19 12:27:14.853 | info     |             UMD | Cluster constructor started. (cluster.cpp:348)
2026-07-19 12:27:14.855 | info     |             UMD | Cluster constructor completed. (cluster.cpp:520)
2026-07-19 12:27:14.856 | info     |             UMD | Starting devices in cluster (cluster.cpp:1024)
2026-07-19 12:27:14.856 | info     |             UMD | Starting devices in cluster completed. (cluster.cpp:1032)
2026-07-19 12:27:14.857 | info     |     Distributed | Using auto discovery to generate mesh graph. (metal_env.cpp:367)
2026-07-19 12:27:14.857 | info     |     Distributed | Constructing control plane using auto-discovery (no mesh graph descriptor). (metal_env.cpp:429)
2026-07-19 12:27:14.857 | info     |          Fabric | Logical multi-mesh adjacency: intermesh degree histogram {0:1}; intra-mesh degree histograms mesh0 {2:4} (topology_mapper_utils.cpp:2342)
2026-07-19 12:27:14.857 | info     |          Fabric | Physical multi-mesh adjacency: intermesh degree histogram {0:1}; intra-mesh degree histograms mesh0 {2:4} (topology_mapper_utils.cpp:2350)
2026-07-19 12:27:14.859 | info     |    BuildKernels | Using pre-compiled firmware from: /home/mvasiljevic/tt-mlir/third_party/tt-metal/src/tt-metal/tt_metal/pre-compiled/13793420398762238087/ (build_env_manager.cpp:347)
2026-07-19 12:27:14.860 | info     |    BuildKernels | Using pre-compiled firmware from: /home/mvasiljevic/tt-mlir/third_party/tt-metal/src/tt-metal/tt_metal/pre-compiled/13793420398762238087/ (build_env_manager.cpp:347)
2026-07-19 12:27:14.861 | info     |    BuildKernels | Using pre-compiled firmware from: /home/mvasiljevic/tt-mlir/third_party/tt-metal/src/tt-metal/tt_metal/pre-compiled/13793420398762238087/ (build_env_manager.cpp:347)
2026-07-19 12:27:14.861 | info     |    BuildKernels | Using pre-compiled firmware from: /home/mvasiljevic/tt-mlir/third_party/tt-metal/src/tt-metal/tt_metal/pre-compiled/13793420398762238087/ (build_env_manager.cpp:347)
2026-07-19 12:27:14.861 | warning  |           Metal | Opening subset of mmio devices slows down UMD read/write to remote chips. If opening more devices, consider using CreateDevices API. (device_manager.cpp:261)
2026-07-19 12:27:14.862 | info     |           Metal | Skipping host-side CQ initialization for mock devices (command_queue_initializer.cpp:27)
2026-07-19 12:27:14.862 | info     |           Metal | Skipping dispatch firmware initialization for mock devices (dispatch_kernel_initializer.cpp:88)
2026-07-19 12:27:14.862 | info     |           Metal | Skipping fabric configure (router sync) for mock devices (fabric_firmware_initializer.cpp:319)
2026-07-19 12:27:14.862 | info     |           Metal | Disabling and clearing program cache on MeshDevice 1 (mesh_device.cpp:1064)
2026-07-19 12:27:14.870 | info     |           Metal | Disabling and clearing program cache on MeshDevice 1 (mesh_device.cpp:1064)
2026-07-19 12:27:14.870 | info     |           Metal | Disabling and clearing program cache on MeshDevice 1 (mesh_device.cpp:1064)
2026-07-19 12:27:14.871 | info     |           Metal | Disabling and clearing program cache on MeshDevice 1 (mesh_device.cpp:1064)
2026-07-19 12:27:14.871 | info     |           Metal | Disabling and clearing program cache on MeshDevice 1 (mesh_device.cpp:1064)
2026-07-19 12:27:14.871 | info     |           Metal | Disabling and clearing program cache on MeshDevice 1 (mesh_device.cpp:1064)
2026-07-19 12:27:14.871 | info     |           Metal | Disabling and clearing program cache on MeshDevice 1 (mesh_device.cpp:1064)
2026-07-19 12:27:14.871 | info     |           Metal | Disabling and clearing program cache on MeshDevice 1 (mesh_device.cpp:1064)
2026-07-19 12:27:14.871 | info     |           Metal | Disabling and clearing program cache on MeshDevice 1 (mesh_device.cpp:1064)
2026-07-19 12:27:14.872 | info     |           Metal | Disabling and clearing program cache on MeshDevice 1 (mesh_device.cpp:1064)
2026-07-19 12:27:14.872 | info     |           Metal | Disabling and clearing program cache on MeshDevice 1 (mesh_device.cpp:1064)
2026-07-19 12:27:14.872 | info     |           Metal | Disabling and clearing program cache on MeshDevice 1 (mesh_device.cpp:1064)
2026-07-19 12:27:14.872 | info     |           Metal | Disabling and clearing program cache on MeshDevice 1 (mesh_device.cpp:1064)
2026-07-19 12:27:14.873 | info     |           Metal | Disabling and clearing program cache on MeshDevice 1 (mesh_device.cpp:1064)
2026-07-19 12:27:14.873 | info     |           Metal | Disabling and clearing program cache on MeshDevice 1 (mesh_device.cpp:1064)
2026-07-19 12:27:14.873 | info     |           Metal | Disabling and clearing program cache on MeshDevice 1 (mesh_device.cpp:1064)
2026-07-19 12:27:14.874 | info     |           Metal | Disabling and clearing program cache on MeshDevice 1 (mesh_device.cpp:1064)
2026-07-19 12:27:14.874 | info     |           Metal | Disabling and clearing program cache on MeshDevice 1 (mesh_device.cpp:1064)
2026-07-19 12:27:14.874 | info     |           Metal | Disabling and clearing program cache on MeshDevice 1 (mesh_device.cpp:1064)
2026-07-19 12:27:14.875 | info     |           Metal | Disabling and clearing program cache on MeshDevice 1 (mesh_device.cpp:1064)
2026-07-19 12:27:14.875 | info     |           Metal | Disabling and clearing program cache on MeshDevice 1 (mesh_device.cpp:1064)
2026-07-19 12:27:14.875 | info     |           Metal | Disabling and clearing program cache on MeshDevice 1 (mesh_device.cpp:1064)
2026-07-19 12:27:14.875 | info     |           Metal | Disabling and clearing program cache on MeshDevice 1 (mesh_device.cpp:1064)
2026-07-19 12:27:14.875 | info     |           Metal | Disabling and clearing program cache on MeshDevice 1 (mesh_device.cpp:1064)
2026-07-19 12:27:14.876 | info     |           Metal | Disabling and clearing program cache on MeshDevice 1 (mesh_device.cpp:1064)
2026-07-19 12:27:14.876 | info     |           Metal | Disabling and clearing program cache on MeshDevice 1 (mesh_device.cpp:1064)
2026-07-19 12:27:14.876 | info     |           Metal | Disabling and clearing program cache on MeshDevice 1 (mesh_device.cpp:1064)
2026-07-19 12:27:14.876 | info     |           Metal | Disabling and clearing program cache on MeshDevice 1 (mesh_device.cpp:1064)
2026-07-19 12:27:14.877 | info     |           Metal | Disabling and clearing program cache on MeshDevice 1 (mesh_device.cpp:1064)
2026-07-19 12:27:14.877 | critical |          Always | TT_FATAL: Error: Output memory layout must be WIDTH_SHARDED or BLOCK_SHARDED on a 1-row grid. Provided tensor memory layout: TensorMemoryLayout::BLOCK_SHARDED (assert.hpp:104)
2026-07-19 12:27:14.877 | info     |           Metal | Disabling and clearing program cache on MeshDevice 1 (mesh_device.cpp:1064)
2026-07-19 12:27:14.877 | critical |          Always | TT_FATAL: Error: Output memory layout must be WIDTH_SHARDED or BLOCK_SHARDED on a 1-row grid. Provided tensor memory layout: TensorMemoryLayout::BLOCK_SHARDED (assert.hpp:104)
2026-07-19 12:27:14.877 | info     |           Metal | Disabling and clearing program cache on MeshDevice 1 (mesh_device.cpp:1064)
2026-07-19 12:27:14.877 | critical |          Always | TT_FATAL: Error: Output memory layout must be WIDTH_SHARDED or BLOCK_SHARDED on a 1-row grid. Provided tensor memory layout: TensorMemoryLayout::BLOCK_SHARDED (assert.hpp:104)
2026-07-19 12:27:14.877 | info     |           Metal | Disabling and clearing program cache on MeshDevice 1 (mesh_device.cpp:1064)
2026-07-19 12:27:14.877 | critical |          Always | TT_FATAL: Error: Output memory layout must be WIDTH_SHARDED or BLOCK_SHARDED on a 1-row grid. Provided tensor memory layout: TensorMemoryLayout::BLOCK_SHARDED (assert.hpp:104)
2026-07-19 12:27:14.877 | info     |           Metal | Disabling and clearing program cache on MeshDevice 1 (mesh_device.cpp:1064)
2026-07-19 12:27:14.877 | critical |          Always | TT_FATAL: Error: Output memory layout must be WIDTH_SHARDED or BLOCK_SHARDED on a 1-row grid. Provided tensor memory layout: TensorMemoryLayout::BLOCK_SHARDED (assert.hpp:104)
2026-07-19 12:27:14.877 | info     |           Metal | Disabling and clearing program cache on MeshDevice 1 (mesh_device.cpp:1064)
2026-07-19 12:27:14.877 | critical |          Always | TT_FATAL: Error: Output memory layout must be WIDTH_SHARDED or BLOCK_SHARDED on a 1-row grid. Provided tensor memory layout: TensorMemoryLayout::BLOCK_SHARDED (assert.hpp:104)
2026-07-19 12:27:14.877 | info     |           Metal | Disabling and clearing program cache on MeshDevice 1 (mesh_device.cpp:1064)
2026-07-19 12:27:14.878 | critical |          Always | TT_FATAL: Error: Output memory layout must be WIDTH_SHARDED or BLOCK_SHARDED on a 1-row grid. Provided tensor memory layout: TensorMemoryLayout::BLOCK_SHARDED (assert.hpp:104)
2026-07-19 12:27:14.878 | info     |           Metal | Disabling and clearing program cache on MeshDevice 1 (mesh_device.cpp:1064)
2026-07-19 12:27:14.878 | critical |          Always | TT_FATAL: Error: Output memory layout must be WIDTH_SHARDED or BLOCK_SHARDED on a 1-row grid. Provided tensor memory layout: TensorMemoryLayout::BLOCK_SHARDED (assert.hpp:104)
2026-07-19 12:27:14.878 | info     |           Metal | Disabling and clearing program cache on MeshDevice 1 (mesh_device.cpp:1064)
2026-07-19 12:27:14.878 | critical |          Always | TT_FATAL: Error: Output memory layout must be WIDTH_SHARDED or BLOCK_SHARDED on a 1-row grid. Provided tensor memory layout: TensorMemoryLayout::BLOCK_SHARDED (assert.hpp:104)
2026-07-19 12:27:14.878 | info     |           Metal | Disabling and clearing program cache on MeshDevice 1 (mesh_device.cpp:1064)
2026-07-19 12:27:14.878 | critical |          Always | TT_FATAL: Error: Output memory layout must be WIDTH_SHARDED or BLOCK_SHARDED on a 1-row grid. Provided tensor memory layout: TensorMemoryLayout::BLOCK_SHARDED (assert.hpp:104)
2026-07-19 12:27:14.878 | info     |           Metal | Disabling and clearing program cache on MeshDevice 1 (mesh_device.cpp:1064)
2026-07-19 12:27:14.878 | critical |          Always | TT_FATAL: Error: Output memory layout must be WIDTH_SHARDED or BLOCK_SHARDED on a 1-row grid. Provided tensor memory layout: TensorMemoryLayout::BLOCK_SHARDED (assert.hpp:104)
2026-07-19 12:27:14.878 | info     |           Metal | Disabling and clearing program cache on MeshDevice 1 (mesh_device.cpp:1064)
2026-07-19 12:27:14.879 | info     |           Metal | Disabling and clearing program cache on MeshDevice 1 (mesh_device.cpp:1064)
2026-07-19 12:27:14.879 | critical |          Always | TT_FATAL: Error: input_tensor_a must be height sharded. (assert.hpp:104)
2026-07-19 12:27:14.879 | info     |           Metal | Disabling and clearing program cache on MeshDevice 1 (mesh_device.cpp:1064)
2026-07-19 12:27:14.879 | critical |          Always | TT_FATAL: Error: shard_shape[1] (32) / in0_tile.get_width() (32) must be divisible by in0_block_w (2). (assert.hpp:104)
2026-07-19 12:27:14.879 | info     |           Metal | Disabling and clearing program cache on MeshDevice 1 (mesh_device.cpp:1064)
2026-07-19 12:27:14.879 | critical |          Always | TT_FATAL: Error: shard_shape[1] (32) / in0_tile.get_width() (32) must be divisible by in0_block_w (2). (assert.hpp:104)
2026-07-19 12:27:14.879 | info     |           Metal | Disabling and clearing program cache on MeshDevice 1 (mesh_device.cpp:1064)
2026-07-19 12:27:14.879 | critical |          Always | TT_FATAL: Error: shard_shape[1] (32) / in0_tile.get_width() (32) must be divisible by in0_block_w (2). (assert.hpp:104)
2026-07-19 12:27:14.879 | info     |           Metal | Disabling and clearing program cache on MeshDevice 1 (mesh_device.cpp:1064)
2026-07-19 12:27:14.879 | critical |          Always | TT_FATAL: Error: shard_shape[1] (32) / in0_tile.get_width() (32) must be divisible by in0_block_w (2). (assert.hpp:104)
2026-07-19 12:27:14.879 | info     |           Metal | Disabling and clearing program cache on MeshDevice 1 (mesh_device.cpp:1064)
2026-07-19 12:27:14.880 | critical |          Always | TT_FATAL: Error: shard_shape[1] (32) / in0_tile.get_width() (32) must be divisible by in0_block_w (2). (assert.hpp:104)
2026-07-19 12:27:14.880 | info     |           Metal | Disabling and clearing program cache on MeshDevice 1 (mesh_device.cpp:1064)
2026-07-19 12:27:14.880 | critical |          Always | TT_FATAL: Error: shard_shape[1] (32) / in0_tile.get_width() (32) must be divisible by in0_block_w (2). (assert.hpp:104)
2026-07-19 12:27:14.880 | info     |           Metal | Disabling and clearing program cache on MeshDevice 1 (mesh_device.cpp:1064)
2026-07-19 12:27:14.880 | critical |          Always | TT_FATAL: Error: shard_shape[1] (32) / in0_tile.get_width() (32) must be divisible by in0_block_w (2). (assert.hpp:104)
2026-07-19 12:27:14.880 | info     |           Metal | Disabling and clearing program cache on MeshDevice 1 (mesh_device.cpp:1064)
2026-07-19 12:27:14.880 | critical |          Always | TT_FATAL: Error: shard_shape[1] (32) / in0_tile.get_width() (32) must be divisible by in0_block_w (2). (assert.hpp:104)
2026-07-19 12:27:14.880 | info     |           Metal | Disabling and clearing program cache on MeshDevice 1 (mesh_device.cpp:1064)
2026-07-19 12:27:14.880 | critical |          Always | TT_FATAL: Error: shard_shape[1] (32) / in0_tile.get_width() (32) must be divisible by in0_block_w (2). (assert.hpp:104)
2026-07-19 12:27:14.880 | info     |           Metal | Disabling and clearing program cache on MeshDevice 1 (mesh_device.cpp:1064)
2026-07-19 12:27:14.880 | critical |          Always | TT_FATAL: Error: shard_shape[1] (32) / in0_tile.get_width() (32) must be divisible by in0_block_w (2). (assert.hpp:104)
2026-07-19 12:27:14.880 | info     |           Metal | Disabling and clearing program cache on MeshDevice 1 (mesh_device.cpp:1064)
2026-07-19 12:27:14.880 | critical |          Always | TT_FATAL: Error: shard_shape[1] (32) / in0_tile.get_width() (32) must be divisible by in0_block_w (2). (assert.hpp:104)
2026-07-19 12:27:14.881 | info     |           Metal | Disabling and clearing program cache on MeshDevice 1 (mesh_device.cpp:1064)
2026-07-19 12:27:14.881 | critical |          Always | TT_FATAL: Error: shard_shape[1] (32) / in0_tile.get_width() (32) must be divisible by in0_block_w (2). (assert.hpp:104)
2026-07-19 12:27:14.881 | info     |           Metal | Disabling and clearing program cache on MeshDevice 1 (mesh_device.cpp:1064)
2026-07-19 12:27:14.881 | critical |          Always | TT_FATAL: Error: shard_shape[1] (32) / in0_tile.get_width() (32) must be divisible by in0_block_w (2). (assert.hpp:104)
2026-07-19 12:27:14.881 | info     |           Metal | Disabling and clearing program cache on MeshDevice 1 (mesh_device.cpp:1064)
2026-07-19 12:27:14.881 | critical |          Always | TT_FATAL: Error: shard_shape[1] (32) / in0_tile.get_width() (32) must be divisible by in0_block_w (2). (assert.hpp:104)
2026-07-19 12:27:14.881 | info     |           Metal | Disabling and clearing program cache on MeshDevice 1 (mesh_device.cpp:1064)
2026-07-19 12:27:14.881 | critical |          Always | TT_FATAL: Error: shard_shape[1] (32) / in0_tile.get_width() (32) must be divisible by in0_block_w (2). (assert.hpp:104)
2026-07-19 12:27:14.881 | info     |           Metal | Disabling and clearing program cache on MeshDevice 1 (mesh_device.cpp:1064)
2026-07-19 12:27:14.881 | critical |          Always | TT_FATAL: Error: shard_shape[1] (32) / in0_tile.get_width() (32) must be divisible by in0_block_w (2). (assert.hpp:104)
2026-07-19 12:27:14.881 | info     |           Metal | Disabling and clearing program cache on MeshDevice 1 (mesh_device.cpp:1064)
2026-07-19 12:27:14.881 | critical |          Always | TT_FATAL: Error: Memory layout mismatch. (assert.hpp:104)
2026-07-19 12:27:14.881 | info     |           Metal | Disabling and clearing program cache on MeshDevice 1 (mesh_device.cpp:1064)
2026-07-19 12:27:14.881 | critical |          Always | TT_FATAL: Error: Memory layout mismatch. (assert.hpp:104)
2026-07-19 12:27:14.882 | info     |           Metal | Disabling and clearing program cache on MeshDevice 1 (mesh_device.cpp:1064)
2026-07-19 12:27:14.882 | critical |          Always | TT_FATAL: Error: Memory layout mismatch. (assert.hpp:104)
2026-07-19 12:27:14.882 | info     |           Metal | Disabling and clearing program cache on MeshDevice 1 (mesh_device.cpp:1064)
2026-07-19 12:27:14.882 | critical |          Always | TT_FATAL: Error: Memory layout mismatch. (assert.hpp:104)
2026-07-19 12:27:14.882 | info     |           Metal | Disabling and clearing program cache on MeshDevice 1 (mesh_device.cpp:1064)
2026-07-19 12:27:14.882 | critical |          Always | TT_FATAL: Error: Memory layout mismatch. (assert.hpp:104)
2026-07-19 12:27:14.882 | info     |           Metal | Disabling and clearing program cache on MeshDevice 1 (mesh_device.cpp:1064)
2026-07-19 12:27:14.882 | critical |          Always | TT_FATAL: Error: Memory layout mismatch. (assert.hpp:104)
2026-07-19 12:27:14.882 | info     |           Metal | Disabling and clearing program cache on MeshDevice 1 (mesh_device.cpp:1064)
2026-07-19 12:27:14.882 | critical |          Always | TT_FATAL: Error: Memory layout mismatch. (assert.hpp:104)
2026-07-19 12:27:14.882 | info     |           Metal | Disabling and clearing program cache on MeshDevice 1 (mesh_device.cpp:1064)
2026-07-19 12:27:14.882 | critical |          Always | TT_FATAL: Error: Memory layout mismatch. (assert.hpp:104)
2026-07-19 12:27:14.882 | info     |           Metal | Disabling and clearing program cache on MeshDevice 1 (mesh_device.cpp:1064)
2026-07-19 12:27:14.883 | critical |          Always | TT_FATAL: Error: Memory layout mismatch. (assert.hpp:104)
2026-07-19 12:27:14.883 | info     |           Metal | Disabling and clearing program cache on MeshDevice 1 (mesh_device.cpp:1064)
2026-07-19 12:27:14.883 | critical |          Always | TT_FATAL: Error: Memory layout mismatch. (assert.hpp:104)
2026-07-19 12:27:14.883 | info     |           Metal | Disabling and clearing program cache on MeshDevice 1 (mesh_device.cpp:1064)
2026-07-19 12:27:14.883 | critical |          Always | TT_FATAL: Error: Memory layout mismatch. (assert.hpp:104)
2026-07-19 12:27:14.883 | info     |           Metal | Disabling and clearing program cache on MeshDevice 1 (mesh_device.cpp:1064)
2026-07-19 12:27:14.883 | info     |           Metal | Disabling and clearing program cache on MeshDevice 1 (mesh_device.cpp:1064)
2026-07-19 12:27:14.883 | critical |          Always | TT_FATAL: Error: input_tensor_a must be height sharded. (assert.hpp:104)
2026-07-19 12:27:14.883 | info     |           Metal | Disabling and clearing program cache on MeshDevice 1 (mesh_device.cpp:1064)
2026-07-19 12:27:14.884 | info     |           Metal | Disabling and clearing program cache on MeshDevice 1 (mesh_device.cpp:1064)
2026-07-19 12:27:14.884 | info     |           Metal | Disabling and clearing program cache on MeshDevice 1 (mesh_device.cpp:1064)
2026-07-19 12:27:14.884 | info     |           Metal | Disabling and clearing program cache on MeshDevice 1 (mesh_device.cpp:1064)
2026-07-19 12:27:14.885 | info     |           Metal | Disabling and clearing program cache on MeshDevice 1 (mesh_device.cpp:1064)
2026-07-19 12:27:14.885 | critical |          Always | TT_FATAL: Target number of cores 32 is greater than total available cores 22 (assert.hpp:104)
2026-07-19 12:27:14.885 | info     |           Metal | Disabling and clearing program cache on MeshDevice 1 (mesh_device.cpp:1064)
2026-07-19 12:27:14.885 | critical |          Always | TT_FATAL: Target number of cores 32 is greater than total available cores 11 (assert.hpp:104)
2026-07-19 12:27:14.885 | info     |           Metal | Disabling and clearing program cache on MeshDevice 1 (mesh_device.cpp:1064)
2026-07-19 12:27:14.885 | critical |          Always | TT_FATAL: Target number of cores 32 is greater than total available cores 10 (assert.hpp:104)
2026-07-19 12:27:14.885 | info     |           Metal | Disabling and clearing program cache on MeshDevice 1 (mesh_device.cpp:1064)
2026-07-19 12:27:14.885 | critical |          Always | TT_FATAL: Target number of cores 32 is greater than total available cores 9 (assert.hpp:104)
2026-07-19 12:27:14.885 | info     |           Metal | Disabling and clearing program cache on MeshDevice 1 (mesh_device.cpp:1064)
2026-07-19 12:27:14.885 | critical |          Always | TT_FATAL: Target number of cores 32 is greater than total available cores 8 (assert.hpp:104)
2026-07-19 12:27:14.886 | info     |           Metal | Disabling and clearing program cache on MeshDevice 1 (mesh_device.cpp:1064)
2026-07-19 12:27:14.886 | critical |          Always | TT_FATAL: Target number of cores 32 is greater than total available cores 7 (assert.hpp:104)
2026-07-19 12:27:14.886 | info     |           Metal | Disabling and clearing program cache on MeshDevice 1 (mesh_device.cpp:1064)
2026-07-19 12:27:14.886 | critical |          Always | TT_FATAL: Target number of cores 32 is greater than total available cores 6 (assert.hpp:104)
2026-07-19 12:27:14.886 | info     |           Metal | Disabling and clearing program cache on MeshDevice 1 (mesh_device.cpp:1064)
2026-07-19 12:27:14.886 | critical |          Always | TT_FATAL: Target number of cores 32 is greater than total available cores 5 (assert.hpp:104)
2026-07-19 12:27:14.886 | info     |           Metal | Disabling and clearing program cache on MeshDevice 1 (mesh_device.cpp:1064)
2026-07-19 12:27:14.886 | critical |          Always | TT_FATAL: Target number of cores 32 is greater than total available cores 4 (assert.hpp:104)
2026-07-19 12:27:14.886 | info     |           Metal | Disabling and clearing program cache on MeshDevice 1 (mesh_device.cpp:1064)
2026-07-19 12:27:14.886 | critical |          Always | TT_FATAL: Target number of cores 32 is greater than total available cores 3 (assert.hpp:104)
2026-07-19 12:27:14.886 | info     |           Metal | Disabling and clearing program cache on MeshDevice 1 (mesh_device.cpp:1064)
2026-07-19 12:27:14.886 | critical |          Always | TT_FATAL: Target number of cores 32 is greater than total available cores 2 (assert.hpp:104)
2026-07-19 12:27:14.886 | info     |           Metal | Disabling and clearing program cache on MeshDevice 1 (mesh_device.cpp:1064)
2026-07-19 12:27:14.887 | critical |          Always | TT_FATAL: Target number of cores 32 is greater than total available cores 1 (assert.hpp:104)
2026-07-19 12:27:14.887 | info     |           Metal | Disabling and clearing program cache on MeshDevice 1 (mesh_device.cpp:1064)
2026-07-19 12:27:14.887 | critical |          Always | TT_FATAL: Error: Memory layout mismatch. (assert.hpp:104)
2026-07-19 12:27:14.887 | info     |           Metal | Disabling and clearing program cache on MeshDevice 1 (mesh_device.cpp:1064)
2026-07-19 12:27:14.887 | critical |          Always | TT_FATAL: Error: Memory layout mismatch. (assert.hpp:104)
2026-07-19 12:27:14.887 | info     |           Metal | Disabling and clearing program cache on MeshDevice 1 (mesh_device.cpp:1064)
2026-07-19 12:27:14.887 | critical |          Always | TT_FATAL: Error: Memory layout mismatch. (assert.hpp:104)
2026-07-19 12:27:14.887 | info     |           Metal | Disabling and clearing program cache on MeshDevice 1 (mesh_device.cpp:1064)
2026-07-19 12:27:14.887 | critical |          Always | TT_FATAL: Error: Memory layout mismatch. (assert.hpp:104)
2026-07-19 12:27:14.887 | info     |           Metal | Disabling and clearing program cache on MeshDevice 1 (mesh_device.cpp:1064)
2026-07-19 12:27:14.887 | critical |          Always | TT_FATAL: Error: Memory layout mismatch. (assert.hpp:104)
2026-07-19 12:27:14.887 | info     |           Metal | Disabling and clearing program cache on MeshDevice 1 (mesh_device.cpp:1064)
2026-07-19 12:27:14.887 | critical |          Always | TT_FATAL: Error: Memory layout mismatch. (assert.hpp:104)
2026-07-19 12:27:14.887 | info     |           Metal | Disabling and clearing program cache on MeshDevice 1 (mesh_device.cpp:1064)
2026-07-19 12:27:14.888 | critical |          Always | TT_FATAL: Error: Memory layout mismatch. (assert.hpp:104)
2026-07-19 12:27:14.888 | info     |           Metal | Disabling and clearing program cache on MeshDevice 1 (mesh_device.cpp:1064)
2026-07-19 12:27:14.888 | critical |          Always | TT_FATAL: Error: Memory layout mismatch. (assert.hpp:104)
2026-07-19 12:27:14.888 | info     |           Metal | Disabling and clearing program cache on MeshDevice 1 (mesh_device.cpp:1064)
2026-07-19 12:27:14.888 | critical |          Always | TT_FATAL: Error: Memory layout mismatch. (assert.hpp:104)
2026-07-19 12:27:14.888 | info     |           Metal | Disabling and clearing program cache on MeshDevice 1 (mesh_device.cpp:1064)
2026-07-19 12:27:14.888 | critical |          Always | TT_FATAL: Error: Memory layout mismatch. (assert.hpp:104)
2026-07-19 12:27:14.888 | info     |           Metal | Disabling and clearing program cache on MeshDevice 1 (mesh_device.cpp:1064)
2026-07-19 12:27:14.888 | critical |          Always | TT_FATAL: Error: Memory layout mismatch. (assert.hpp:104)
2026-07-19 12:27:14.888 | info     |           Metal | Disabling and clearing program cache on MeshDevice 1 (mesh_device.cpp:1064)
2026-07-19 12:27:14.888 | info     |           Metal | Disabling and clearing program cache on MeshDevice 1 (mesh_device.cpp:1064)
2026-07-19 12:27:14.889 | critical |          Always | TT_FATAL: Error: input_tensor_a must be height sharded. (assert.hpp:104)
2026-07-19 12:27:14.889 | info     |           Metal | Disabling and clearing program cache on MeshDevice 1 (mesh_device.cpp:1064)
2026-07-19 12:27:14.889 | critical |          Always | TT_FATAL: Error: shard_shape[1] (96) / in0_tile.get_width() (32) must be divisible by in0_block_w (2). (assert.hpp:104)
2026-07-19 12:27:14.889 | info     |           Metal | Disabling and clearing program cache on MeshDevice 1 (mesh_device.cpp:1064)
2026-07-19 12:27:14.889 | critical |          Always | TT_FATAL: Error: shard_shape[1] (96) / in0_tile.get_width() (32) must be divisible by in0_block_w (2). (assert.hpp:104)
2026-07-19 12:27:14.889 | info     |           Metal | Disabling and clearing program cache on MeshDevice 1 (mesh_device.cpp:1064)
2026-07-19 12:27:14.889 | critical |          Always | TT_FATAL: Error: shard_shape[1] (96) / in0_tile.get_width() (32) must be divisible by in0_block_w (2). (assert.hpp:104)
2026-07-19 12:27:14.889 | info     |           Metal | Disabling and clearing program cache on MeshDevice 1 (mesh_device.cpp:1064)
2026-07-19 12:27:14.889 | critical |          Always | TT_FATAL: Error: shard_shape[1] (96) / in0_tile.get_width() (32) must be divisible by in0_block_w (2). (assert.hpp:104)
2026-07-19 12:27:14.889 | info     |           Metal | Disabling and clearing program cache on MeshDevice 1 (mesh_device.cpp:1064)
2026-07-19 12:27:14.889 | critical |          Always | TT_FATAL: Error: shard_shape[1] (96) / in0_tile.get_width() (32) must be divisible by in0_block_w (2). (assert.hpp:104)
2026-07-19 12:27:14.889 | info     |           Metal | Disabling and clearing program cache on MeshDevice 1 (mesh_device.cpp:1064)
2026-07-19 12:27:14.889 | critical |          Always | TT_FATAL: Error: shard_shape[1] (96) / in0_tile.get_width() (32) must be divisible by in0_block_w (2). (assert.hpp:104)
2026-07-19 12:27:14.889 | info     |           Metal | Disabling and clearing program cache on MeshDevice 1 (mesh_device.cpp:1064)
2026-07-19 12:27:14.890 | critical |          Always | TT_FATAL: Error: shard_shape[1] (96) / in0_tile.get_width() (32) must be divisible by in0_block_w (2). (assert.hpp:104)
2026-07-19 12:27:14.890 | info     |           Metal | Disabling and clearing program cache on MeshDevice 1 (mesh_device.cpp:1064)
2026-07-19 12:27:14.890 | critical |          Always | TT_FATAL: Error: shard_shape[1] (96) / in0_tile.get_width() (32) must be divisible by in0_block_w (2). (assert.hpp:104)
2026-07-19 12:27:14.890 | info     |           Metal | Disabling and clearing program cache on MeshDevice 1 (mesh_device.cpp:1064)
2026-07-19 12:27:14.890 | critical |          Always | TT_FATAL: Error: shard_shape[1] (96) / in0_tile.get_width() (32) must be divisible by in0_block_w (2). (assert.hpp:104)
2026-07-19 12:27:14.890 | info     |           Metal | Disabling and clearing program cache on MeshDevice 1 (mesh_device.cpp:1064)
2026-07-19 12:27:14.890 | critical |          Always | TT_FATAL: Error: shard_shape[1] (96) / in0_tile.get_width() (32) must be divisible by in0_block_w (2). (assert.hpp:104)
2026-07-19 12:27:14.890 | info     |           Metal | Disabling and clearing program cache on MeshDevice 1 (mesh_device.cpp:1064)
2026-07-19 12:27:14.890 | critical |          Always | TT_FATAL: Error: shard_shape[1] (96) / in0_tile.get_width() (32) must be divisible by in0_block_w (2). (assert.hpp:104)
2026-07-19 12:27:14.890 | info     |           Metal | Disabling and clearing program cache on MeshDevice 1 (mesh_device.cpp:1064)
2026-07-19 12:27:14.890 | critical |          Always | TT_FATAL: Error: shard_shape[1] (96) / in0_tile.get_width() (32) must be divisible by in0_block_w (2). (assert.hpp:104)
2026-07-19 12:27:14.890 | info     |           Metal | Disabling and clearing program cache on MeshDevice 1 (mesh_device.cpp:1064)
2026-07-19 12:27:14.890 | critical |          Always | TT_FATAL: Error: shard_shape[1] (96) / in0_tile.get_width() (32) must be divisible by in0_block_w (2). (assert.hpp:104)
2026-07-19 12:27:14.890 | info     |           Metal | Disabling and clearing program cache on MeshDevice 1 (mesh_device.cpp:1064)
2026-07-19 12:27:14.890 | critical |          Always | TT_FATAL: Error: shard_shape[1] (96) / in0_tile.get_width() (32) must be divisible by in0_block_w (2). (assert.hpp:104)
2026-07-19 12:27:14.891 | info     |           Metal | Disabling and clearing program cache on MeshDevice 1 (mesh_device.cpp:1064)
2026-07-19 12:27:14.891 | critical |          Always | TT_FATAL: Error: shard_shape[1] (96) / in0_tile.get_width() (32) must be divisible by in0_block_w (2). (assert.hpp:104)
2026-07-19 12:27:14.891 | info     |           Metal | Disabling and clearing program cache on MeshDevice 1 (mesh_device.cpp:1064)
2026-07-19 12:27:14.891 | critical |          Always | TT_FATAL: Error: shard_shape[1] (96) / in0_tile.get_width() (32) must be divisible by in0_block_w (2). (assert.hpp:104)
2026-07-19 12:27:14.891 | info     |           Metal | Disabling and clearing program cache on MeshDevice 1 (mesh_device.cpp:1064)
2026-07-19 12:27:14.891 | critical |          Always | TT_FATAL: Error: Memory layout mismatch. (assert.hpp:104)
2026-07-19 12:27:14.891 | info     |           Metal | Disabling and clearing program cache on MeshDevice 1 (mesh_device.cpp:1064)
2026-07-19 12:27:14.891 | critical |          Always | TT_FATAL: Error: Memory layout mismatch. (assert.hpp:104)
2026-07-19 12:27:14.891 | info     |           Metal | Disabling and clearing program cache on MeshDevice 1 (mesh_device.cpp:1064)
2026-07-19 12:27:14.891 | critical |          Always | TT_FATAL: Error: Memory layout mismatch. (assert.hpp:104)
2026-07-19 12:27:14.891 | info     |           Metal | Disabling and clearing program cache on MeshDevice 1 (mesh_device.cpp:1064)
2026-07-19 12:27:14.891 | critical |          Always | TT_FATAL: Error: Memory layout mismatch. (assert.hpp:104)
2026-07-19 12:27:14.891 | info     |           Metal | Disabling and clearing program cache on MeshDevice 1 (mesh_device.cpp:1064)
2026-07-19 12:27:14.891 | critical |          Always | TT_FATAL: Error: Memory layout mismatch. (assert.hpp:104)
2026-07-19 12:27:14.891 | info     |           Metal | Disabling and clearing program cache on MeshDevice 1 (mesh_device.cpp:1064)
2026-07-19 12:27:14.892 | critical |          Always | TT_FATAL: Error: Memory layout mismatch. (assert.hpp:104)
2026-07-19 12:27:14.892 | info     |           Metal | Disabling and clearing program cache on MeshDevice 1 (mesh_device.cpp:1064)
2026-07-19 12:27:14.892 | critical |          Always | TT_FATAL: Error: Memory layout mismatch. (assert.hpp:104)
2026-07-19 12:27:14.892 | info     |           Metal | Disabling and clearing program cache on MeshDevice 1 (mesh_device.cpp:1064)
2026-07-19 12:27:14.892 | critical |          Always | TT_FATAL: Error: Memory layout mismatch. (assert.hpp:104)
2026-07-19 12:27:14.892 | info     |           Metal | Disabling and clearing program cache on MeshDevice 1 (mesh_device.cpp:1064)
2026-07-19 12:27:14.892 | critical |          Always | TT_FATAL: Error: Memory layout mismatch. (assert.hpp:104)
2026-07-19 12:27:14.892 | info     |           Metal | Disabling and clearing program cache on MeshDevice 1 (mesh_device.cpp:1064)
2026-07-19 12:27:14.892 | critical |          Always | TT_FATAL: Error: Memory layout mismatch. (assert.hpp:104)
2026-07-19 12:27:14.892 | info     |           Metal | Disabling and clearing program cache on MeshDevice 1 (mesh_device.cpp:1064)
2026-07-19 12:27:14.892 | critical |          Always | TT_FATAL: Error: Memory layout mismatch. (assert.hpp:104)
2026-07-19 12:27:14.892 | info     |           Metal | Disabling and clearing program cache on MeshDevice 1 (mesh_device.cpp:1064)
2026-07-19 12:27:14.893 | info     |           Metal | Disabling and clearing program cache on MeshDevice 1 (mesh_device.cpp:1064)
2026-07-19 12:27:14.893 | critical |          Always | TT_FATAL: Error: input_tensor_a must be height sharded. (assert.hpp:104)
2026-07-19 12:27:14.893 | info     |           Metal | Disabling and clearing program cache on MeshDevice 1 (mesh_device.cpp:1064)
2026-07-19 12:27:14.893 | info     |           Metal | Disabling and clearing program cache on MeshDevice 1 (mesh_device.cpp:1064)
2026-07-19 12:27:14.893 | info     |           Metal | Disabling and clearing program cache on MeshDevice 1 (mesh_device.cpp:1064)
2026-07-19 12:27:14.894 | info     |           Metal | Disabling and clearing program cache on MeshDevice 1 (mesh_device.cpp:1064)
2026-07-19 12:27:14.894 | info     |           Metal | Disabling and clearing program cache on MeshDevice 1 (mesh_device.cpp:1064)
2026-07-19 12:27:14.894 | info     |           Metal | Disabling and clearing program cache on MeshDevice 1 (mesh_device.cpp:1064)
2026-07-19 12:27:14.895 | critical |          Always | TT_FATAL: Target number of cores 16 is greater than total available cores 11 (assert.hpp:104)
2026-07-19 12:27:14.895 | info     |           Metal | Disabling and clearing program cache on MeshDevice 1 (mesh_device.cpp:1064)
2026-07-19 12:27:14.895 | critical |          Always | TT_FATAL: Target number of cores 16 is greater than total available cores 10 (assert.hpp:104)
2026-07-19 12:27:14.895 | info     |           Metal | Disabling and clearing program cache on MeshDevice 1 (mesh_device.cpp:1064)
2026-07-19 12:27:14.895 | critical |          Always | TT_FATAL: Target number of cores 16 is greater than total available cores 9 (assert.hpp:104)
2026-07-19 12:27:14.895 | info     |           Metal | Disabling and clearing program cache on MeshDevice 1 (mesh_device.cpp:1064)
2026-07-19 12:27:14.895 | critical |          Always | TT_FATAL: Target number of cores 16 is greater than total available cores 8 (assert.hpp:104)
2026-07-19 12:27:14.895 | info     |           Metal | Disabling and clearing program cache on MeshDevice 1 (mesh_device.cpp:1064)
2026-07-19 12:27:14.895 | critical |          Always | TT_FATAL: Target number of cores 16 is greater than total available cores 7 (assert.hpp:104)
2026-07-19 12:27:14.895 | info     |           Metal | Disabling and clearing program cache on MeshDevice 1 (mesh_device.cpp:1064)
2026-07-19 12:27:14.895 | critical |          Always | TT_FATAL: Target number of cores 16 is greater than total available cores 6 (assert.hpp:104)
2026-07-19 12:27:14.895 | info     |           Metal | Disabling and clearing program cache on MeshDevice 1 (mesh_device.cpp:1064)
2026-07-19 12:27:14.895 | critical |          Always | TT_FATAL: Target number of cores 16 is greater than total available cores 5 (assert.hpp:104)
2026-07-19 12:27:14.896 | info     |           Metal | Disabling and clearing program cache on MeshDevice 1 (mesh_device.cpp:1064)
2026-07-19 12:27:14.896 | critical |          Always | TT_FATAL: Target number of cores 16 is greater than total available cores 4 (assert.hpp:104)
2026-07-19 12:27:14.896 | info     |           Metal | Disabling and clearing program cache on MeshDevice 1 (mesh_device.cpp:1064)
2026-07-19 12:27:14.896 | critical |          Always | TT_FATAL: Target number of cores 16 is greater than total available cores 3 (assert.hpp:104)
2026-07-19 12:27:14.896 | info     |           Metal | Disabling and clearing program cache on MeshDevice 1 (mesh_device.cpp:1064)
2026-07-19 12:27:14.896 | critical |          Always | TT_FATAL: Target number of cores 16 is greater than total available cores 2 (assert.hpp:104)
2026-07-19 12:27:14.896 | info     |           Metal | Disabling and clearing program cache on MeshDevice 1 (mesh_device.cpp:1064)
2026-07-19 12:27:14.896 | critical |          Always | TT_FATAL: Target number of cores 16 is greater than total available cores 1 (assert.hpp:104)
2026-07-19 12:27:14.896 | info     |           Metal | Disabling and clearing program cache on MeshDevice 1 (mesh_device.cpp:1064)
2026-07-19 12:27:14.896 | critical |          Always | TT_FATAL: Error: Memory layout mismatch. (assert.hpp:104)
2026-07-19 12:27:14.896 | info     |           Metal | Disabling and clearing program cache on MeshDevice 1 (mesh_device.cpp:1064)
2026-07-19 12:27:14.896 | critical |          Always | TT_FATAL: Error: Memory layout mismatch. (assert.hpp:104)
2026-07-19 12:27:14.896 | info     |           Metal | Disabling and clearing program cache on MeshDevice 1 (mesh_device.cpp:1064)
2026-07-19 12:27:14.896 | critical |          Always | TT_FATAL: Error: Memory layout mismatch. (assert.hpp:104)
2026-07-19 12:27:14.897 | info     |           Metal | Disabling and clearing program cache on MeshDevice 1 (mesh_device.cpp:1064)
2026-07-19 12:27:14.897 | critical |          Always | TT_FATAL: Error: Memory layout mismatch. (assert.hpp:104)
2026-07-19 12:27:14.897 | info     |           Metal | Disabling and clearing program cache on MeshDevice 1 (mesh_device.cpp:1064)
2026-07-19 12:27:14.897 | critical |          Always | TT_FATAL: Error: Memory layout mismatch. (assert.hpp:104)
2026-07-19 12:27:14.897 | info     |           Metal | Disabling and clearing program cache on MeshDevice 1 (mesh_device.cpp:1064)
2026-07-19 12:27:14.897 | critical |          Always | TT_FATAL: Error: Memory layout mismatch. (assert.hpp:104)
2026-07-19 12:27:14.897 | info     |           Metal | Disabling and clearing program cache on MeshDevice 1 (mesh_device.cpp:1064)
2026-07-19 12:27:14.897 | critical |          Always | TT_FATAL: Error: Memory layout mismatch. (assert.hpp:104)
2026-07-19 12:27:14.897 | info     |           Metal | Disabling and clearing program cache on MeshDevice 1 (mesh_device.cpp:1064)
2026-07-19 12:27:14.897 | critical |          Always | TT_FATAL: Error: Memory layout mismatch. (assert.hpp:104)
2026-07-19 12:27:14.897 | info     |           Metal | Disabling and clearing program cache on MeshDevice 1 (mesh_device.cpp:1064)
2026-07-19 12:27:14.897 | critical |          Always | TT_FATAL: Error: Memory layout mismatch. (assert.hpp:104)
2026-07-19 12:27:14.897 | info     |           Metal | Disabling and clearing program cache on MeshDevice 1 (mesh_device.cpp:1064)
2026-07-19 12:27:14.897 | critical |          Always | TT_FATAL: Error: Memory layout mismatch. (assert.hpp:104)
2026-07-19 12:27:14.897 | info     |           Metal | Disabling and clearing program cache on MeshDevice 1 (mesh_device.cpp:1064)
2026-07-19 12:27:14.898 | critical |          Always | TT_FATAL: Error: Memory layout mismatch. (assert.hpp:104)
2026-07-19 12:27:14.898 | info     |           Metal | Disabling and clearing program cache on MeshDevice 1 (mesh_device.cpp:1064)
2026-07-19 12:27:14.898 | info     |           Metal | Disabling and clearing program cache on MeshDevice 1 (mesh_device.cpp:1064)
2026-07-19 12:27:14.898 | critical |          Always | TT_FATAL: Error: input_tensor_a must be height sharded. (assert.hpp:104)
2026-07-19 12:27:14.898 | info     |           Metal | Disabling and clearing program cache on MeshDevice 1 (mesh_device.cpp:1064)
2026-07-19 12:27:14.898 | critical |          Always | TT_FATAL: Error: input_tensor_a must be width sharded. Provided tensor memory layout: TensorMemoryLayout::BLOCK_SHARDED (assert.hpp:104)
2026-07-19 12:27:14.898 | info     |           Metal | Disabling and clearing program cache on MeshDevice 1 (mesh_device.cpp:1064)
2026-07-19 12:27:14.898 | critical |          Always | TT_FATAL: Error: input_tensor_a must be width sharded. Provided tensor memory layout: TensorMemoryLayout::BLOCK_SHARDED (assert.hpp:104)
2026-07-19 12:27:14.898 | info     |           Metal | Disabling and clearing program cache on MeshDevice 1 (mesh_device.cpp:1064)
2026-07-19 12:27:14.898 | critical |          Always | TT_FATAL: Error: input_tensor_a must be width sharded. Provided tensor memory layout: TensorMemoryLayout::BLOCK_SHARDED (assert.hpp:104)
2026-07-19 12:27:14.899 | info     |           Metal | Disabling and clearing program cache on MeshDevice 1 (mesh_device.cpp:1064)
2026-07-19 12:27:14.899 | critical |          Always | TT_FATAL: Error: input_tensor_a must be width sharded. Provided tensor memory layout: TensorMemoryLayout::BLOCK_SHARDED (assert.hpp:104)
2026-07-19 12:27:14.899 | info     |           Metal | Disabling and clearing program cache on MeshDevice 1 (mesh_device.cpp:1064)
2026-07-19 12:27:14.899 | critical |          Always | TT_FATAL: Error: input_tensor_a must be width sharded. Provided tensor memory layout: TensorMemoryLayout::BLOCK_SHARDED (assert.hpp:104)
2026-07-19 12:27:14.899 | info     |           Metal | Disabling and clearing program cache on MeshDevice 1 (mesh_device.cpp:1064)
2026-07-19 12:27:14.899 | critical |          Always | TT_FATAL: Error: input_tensor_a must be width sharded. Provided tensor memory layout: TensorMemoryLayout::BLOCK_SHARDED (assert.hpp:104)
2026-07-19 12:27:14.899 | info     |           Metal | Disabling and clearing program cache on MeshDevice 1 (mesh_device.cpp:1064)
2026-07-19 12:27:14.899 | critical |          Always | TT_FATAL: Error: input_tensor_a must be width sharded. Provided tensor memory layout: TensorMemoryLayout::BLOCK_SHARDED (assert.hpp:104)
2026-07-19 12:27:14.899 | info     |           Metal | Disabling and clearing program cache on MeshDevice 1 (mesh_device.cpp:1064)
2026-07-19 12:27:14.899 | critical |          Always | TT_FATAL: Error: input_tensor_a must be width sharded. Provided tensor memory layout: TensorMemoryLayout::BLOCK_SHARDED (assert.hpp:104)
2026-07-19 12:27:14.899 | info     |           Metal | Disabling and clearing program cache on MeshDevice 1 (mesh_device.cpp:1064)
2026-07-19 12:27:14.899 | critical |          Always | TT_FATAL: Error: input_tensor_a must be width sharded. Provided tensor memory layout: TensorMemoryLayout::BLOCK_SHARDED (assert.hpp:104)
2026-07-19 12:27:14.899 | info     |           Metal | Disabling and clearing program cache on MeshDevice 1 (mesh_device.cpp:1064)
2026-07-19 12:27:14.899 | critical |          Always | TT_FATAL: Error: input_tensor_a must be width sharded. Provided tensor memory layout: TensorMemoryLayout::BLOCK_SHARDED (assert.hpp:104)
2026-07-19 12:27:14.899 | info     |           Metal | Disabling and clearing program cache on MeshDevice 1 (mesh_device.cpp:1064)
2026-07-19 12:27:14.900 | critical |          Always | TT_FATAL: Error: input_tensor_a must be width sharded. Provided tensor memory layout: TensorMemoryLayout::BLOCK_SHARDED (assert.hpp:104)
2026-07-19 12:27:14.900 | info     |           Metal | Disabling and clearing program cache on MeshDevice 1 (mesh_device.cpp:1064)
2026-07-19 12:27:14.900 | critical |          Always | TT_FATAL: Error: input_tensor_a must be width sharded. Provided tensor memory layout: TensorMemoryLayout::BLOCK_SHARDED (assert.hpp:104)
2026-07-19 12:27:14.900 | info     |           Metal | Disabling and clearing program cache on MeshDevice 1 (mesh_device.cpp:1064)
2026-07-19 12:27:14.900 | critical |          Always | TT_FATAL: Error: input_tensor_a must be width sharded. Provided tensor memory layout: TensorMemoryLayout::BLOCK_SHARDED (assert.hpp:104)
2026-07-19 12:27:14.900 | info     |           Metal | Disabling and clearing program cache on MeshDevice 1 (mesh_device.cpp:1064)
2026-07-19 12:27:14.900 | critical |          Always | TT_FATAL: Error: input_tensor_a must be width sharded. Provided tensor memory layout: TensorMemoryLayout::BLOCK_SHARDED (assert.hpp:104)
2026-07-19 12:27:14.900 | info     |           Metal | Disabling and clearing program cache on MeshDevice 1 (mesh_device.cpp:1064)
2026-07-19 12:27:14.900 | critical |          Always | TT_FATAL: Error: input_tensor_a must be width sharded. Provided tensor memory layout: TensorMemoryLayout::BLOCK_SHARDED (assert.hpp:104)
2026-07-19 12:27:14.900 | info     |           Metal | Disabling and clearing program cache on MeshDevice 1 (mesh_device.cpp:1064)
2026-07-19 12:27:14.900 | critical |          Always | TT_FATAL: Error: input_tensor_a must be width sharded. Provided tensor memory layout: TensorMemoryLayout::BLOCK_SHARDED (assert.hpp:104)
2026-07-19 12:27:14.900 | info     |           Metal | Disabling and clearing program cache on MeshDevice 1 (mesh_device.cpp:1064)
2026-07-19 12:27:14.900 | critical |          Always | TT_FATAL: Error: input_tensor_a must be width sharded. Provided tensor memory layout: TensorMemoryLayout::BLOCK_SHARDED (assert.hpp:104)
2026-07-19 12:27:14.900 | info     |           Metal | Disabling and clearing program cache on MeshDevice 1 (mesh_device.cpp:1064)
2026-07-19 12:27:14.900 | critical |          Always | TT_FATAL: Error: input_tensor_a must be width sharded. Provided tensor memory layout: TensorMemoryLayout::BLOCK_SHARDED (assert.hpp:104)
2026-07-19 12:27:14.901 | info     |           Metal | Disabling and clearing program cache on MeshDevice 1 (mesh_device.cpp:1064)
2026-07-19 12:27:14.901 | critical |          Always | TT_FATAL: Error: input_tensor_a must be width sharded. Provided tensor memory layout: TensorMemoryLayout::BLOCK_SHARDED (assert.hpp:104)
2026-07-19 12:27:14.901 | info     |           Metal | Disabling and clearing program cache on MeshDevice 1 (mesh_device.cpp:1064)
2026-07-19 12:27:14.901 | critical |          Always | TT_FATAL: Error: input_tensor_a must be width sharded. Provided tensor memory layout: TensorMemoryLayout::BLOCK_SHARDED (assert.hpp:104)
2026-07-19 12:27:14.901 | info     |           Metal | Disabling and clearing program cache on MeshDevice 1 (mesh_device.cpp:1064)
2026-07-19 12:27:14.901 | critical |          Always | TT_FATAL: Error: input_tensor_a must be width sharded. Provided tensor memory layout: TensorMemoryLayout::BLOCK_SHARDED (assert.hpp:104)
2026-07-19 12:27:14.901 | info     |           Metal | Disabling and clearing program cache on MeshDevice 1 (mesh_device.cpp:1064)
2026-07-19 12:27:14.901 | critical |          Always | TT_FATAL: Error: input_tensor_a must be width sharded. Provided tensor memory layout: TensorMemoryLayout::BLOCK_SHARDED (assert.hpp:104)
2026-07-19 12:27:14.901 | info     |           Metal | Disabling and clearing program cache on MeshDevice 1 (mesh_device.cpp:1064)
2026-07-19 12:27:14.901 | critical |          Always | TT_FATAL: Error: input_tensor_a must be width sharded. Provided tensor memory layout: TensorMemoryLayout::BLOCK_SHARDED (assert.hpp:104)
2026-07-19 12:27:14.901 | info     |           Metal | Disabling and clearing program cache on MeshDevice 1 (mesh_device.cpp:1064)
2026-07-19 12:27:14.901 | critical |          Always | TT_FATAL: Error: input_tensor_a must be width sharded. Provided tensor memory layout: TensorMemoryLayout::BLOCK_SHARDED (assert.hpp:104)
2026-07-19 12:27:14.901 | info     |           Metal | Disabling and clearing program cache on MeshDevice 1 (mesh_device.cpp:1064)
2026-07-19 12:27:14.901 | critical |          Always | TT_FATAL: Error: input_tensor_a must be width sharded. Provided tensor memory layout: TensorMemoryLayout::BLOCK_SHARDED (assert.hpp:104)
2026-07-19 12:27:14.901 | info     |           Metal | Disabling and clearing program cache on MeshDevice 1 (mesh_device.cpp:1064)
2026-07-19 12:27:14.901 | critical |          Always | TT_FATAL: Error: input_tensor_a must be width sharded. Provided tensor memory layout: TensorMemoryLayout::BLOCK_SHARDED (assert.hpp:104)
2026-07-19 12:27:14.902 | info     |           Metal | Disabling and clearing program cache on MeshDevice 1 (mesh_device.cpp:1064)
2026-07-19 12:27:14.902 | critical |          Always | TT_FATAL: Error: input_tensor_a must be width sharded. Provided tensor memory layout: TensorMemoryLayout::BLOCK_SHARDED (assert.hpp:104)
2026-07-19 12:27:14.902 | info     |           Metal | Disabling and clearing program cache on MeshDevice 1 (mesh_device.cpp:1064)
2026-07-19 12:27:14.902 | info     |           Metal | Disabling and clearing program cache on MeshDevice 1 (mesh_device.cpp:1064)
2026-07-19 12:27:14.902 | critical |          Always | TT_FATAL: Error: input_tensor_a must be height sharded. (assert.hpp:104)
2026-07-19 12:27:14.902 | info     |           Metal | Disabling and clearing program cache on MeshDevice 1 (mesh_device.cpp:1064)
2026-07-19 12:27:14.902 | critical |          Always | TT_FATAL: Error: input_tensor_a must be width sharded. Provided tensor memory layout: TensorMemoryLayout::BLOCK_SHARDED (assert.hpp:104)
2026-07-19 12:27:14.902 | info     |           Metal | Disabling and clearing program cache on MeshDevice 1 (mesh_device.cpp:1064)
2026-07-19 12:27:14.902 | critical |          Always | TT_FATAL: Error: input_tensor_a must be width sharded. Provided tensor memory layout: TensorMemoryLayout::BLOCK_SHARDED (assert.hpp:104)
2026-07-19 12:27:14.902 | info     |           Metal | Disabling and clearing program cache on MeshDevice 1 (mesh_device.cpp:1064)
2026-07-19 12:27:14.903 | critical |          Always | TT_FATAL: Error: input_tensor_a must be width sharded. Provided tensor memory layout: TensorMemoryLayout::BLOCK_SHARDED (assert.hpp:104)
2026-07-19 12:27:14.903 | info     |           Metal | Disabling and clearing program cache on MeshDevice 1 (mesh_device.cpp:1064)
2026-07-19 12:27:14.903 | critical |          Always | TT_FATAL: Error: input_tensor_a must be width sharded. Provided tensor memory layout: TensorMemoryLayout::BLOCK_SHARDED (assert.hpp:104)
2026-07-19 12:27:14.903 | info     |           Metal | Disabling and clearing program cache on MeshDevice 1 (mesh_device.cpp:1064)
2026-07-19 12:27:14.903 | critical |          Always | TT_FATAL: Error: input_tensor_a must be width sharded. Provided tensor memory layout: TensorMemoryLayout::BLOCK_SHARDED (assert.hpp:104)
2026-07-19 12:27:14.903 | info     |           Metal | Disabling and clearing program cache on MeshDevice 1 (mesh_device.cpp:1064)
2026-07-19 12:27:14.903 | critical |          Always | TT_FATAL: Error: input_tensor_a must be width sharded. Provided tensor memory layout: TensorMemoryLayout::BLOCK_SHARDED (assert.hpp:104)
2026-07-19 12:27:14.903 | info     |           Metal | Disabling and clearing program cache on MeshDevice 1 (mesh_device.cpp:1064)
2026-07-19 12:27:14.903 | critical |          Always | TT_FATAL: Error: input_tensor_a must be width sharded. Provided tensor memory layout: TensorMemoryLayout::BLOCK_SHARDED (assert.hpp:104)
2026-07-19 12:27:14.903 | info     |           Metal | Disabling and clearing program cache on MeshDevice 1 (mesh_device.cpp:1064)
2026-07-19 12:27:14.903 | critical |          Always | TT_FATAL: Error: input_tensor_a must be width sharded. Provided tensor memory layout: TensorMemoryLayout::BLOCK_SHARDED (assert.hpp:104)
2026-07-19 12:27:14.903 | info     |           Metal | Disabling and clearing program cache on MeshDevice 1 (mesh_device.cpp:1064)
2026-07-19 12:27:14.903 | critical |          Always | TT_FATAL: Error: input_tensor_a must be width sharded. Provided tensor memory layout: TensorMemoryLayout::BLOCK_SHARDED (assert.hpp:104)
2026-07-19 12:27:14.903 | info     |           Metal | Disabling and clearing program cache on MeshDevice 1 (mesh_device.cpp:1064)
2026-07-19 12:27:14.903 | critical |          Always | TT_FATAL: Error: input_tensor_a must be width sharded. Provided tensor memory layout: TensorMemoryLayout::BLOCK_SHARDED (assert.hpp:104)
2026-07-19 12:27:14.904 | info     |           Metal | Disabling and clearing program cache on MeshDevice 1 (mesh_device.cpp:1064)
2026-07-19 12:27:14.904 | critical |          Always | TT_FATAL: Error: input_tensor_a must be width sharded. Provided tensor memory layout: TensorMemoryLayout::BLOCK_SHARDED (assert.hpp:104)
2026-07-19 12:27:14.904 | info     |           Metal | Disabling and clearing program cache on MeshDevice 1 (mesh_device.cpp:1064)
2026-07-19 12:27:14.904 | critical |          Always | TT_FATAL: Error: input_tensor_a must be width sharded. Provided tensor memory layout: TensorMemoryLayout::BLOCK_SHARDED (assert.hpp:104)
2026-07-19 12:27:14.904 | info     |           Metal | Disabling and clearing program cache on MeshDevice 1 (mesh_device.cpp:1064)
2026-07-19 12:27:14.904 | critical |          Always | TT_FATAL: Error: input_tensor_a must be width sharded. Provided tensor memory layout: TensorMemoryLayout::BLOCK_SHARDED (assert.hpp:104)
2026-07-19 12:27:14.904 | info     |           Metal | Disabling and clearing program cache on MeshDevice 1 (mesh_device.cpp:1064)
2026-07-19 12:27:14.904 | critical |          Always | TT_FATAL: Error: input_tensor_a must be width sharded. Provided tensor memory layout: TensorMemoryLayout::BLOCK_SHARDED (assert.hpp:104)
2026-07-19 12:27:14.904 | info     |           Metal | Disabling and clearing program cache on MeshDevice 1 (mesh_device.cpp:1064)
2026-07-19 12:27:14.904 | critical |          Always | TT_FATAL: Error: input_tensor_a must be width sharded. Provided tensor memory layout: TensorMemoryLayout::BLOCK_SHARDED (assert.hpp:104)
2026-07-19 12:27:14.904 | info     |           Metal | Disabling and clearing program cache on MeshDevice 1 (mesh_device.cpp:1064)
2026-07-19 12:27:14.904 | critical |          Always | TT_FATAL: Error: input_tensor_a must be width sharded. Provided tensor memory layout: TensorMemoryLayout::BLOCK_SHARDED (assert.hpp:104)
2026-07-19 12:27:14.904 | info     |           Metal | Disabling and clearing program cache on MeshDevice 1 (mesh_device.cpp:1064)
2026-07-19 12:27:14.904 | critical |          Always | TT_FATAL: Error: input_tensor_a must be width sharded. Provided tensor memory layout: TensorMemoryLayout::BLOCK_SHARDED (assert.hpp:104)
2026-07-19 12:27:14.904 | info     |           Metal | Disabling and clearing program cache on MeshDevice 1 (mesh_device.cpp:1064)
2026-07-19 12:27:14.904 | critical |          Always | TT_FATAL: Error: input_tensor_a must be width sharded. Provided tensor memory layout: TensorMemoryLayout::BLOCK_SHARDED (assert.hpp:104)
2026-07-19 12:27:14.905 | info     |           Metal | Disabling and clearing program cache on MeshDevice 1 (mesh_device.cpp:1064)
2026-07-19 12:27:14.905 | critical |          Always | TT_FATAL: Error: input_tensor_a must be width sharded. Provided tensor memory layout: TensorMemoryLayout::BLOCK_SHARDED (assert.hpp:104)
2026-07-19 12:27:14.905 | info     |           Metal | Disabling and clearing program cache on MeshDevice 1 (mesh_device.cpp:1064)
2026-07-19 12:27:14.905 | critical |          Always | TT_FATAL: Error: input_tensor_a must be width sharded. Provided tensor memory layout: TensorMemoryLayout::BLOCK_SHARDED (assert.hpp:104)
2026-07-19 12:27:14.905 | info     |           Metal | Disabling and clearing program cache on MeshDevice 1 (mesh_device.cpp:1064)
2026-07-19 12:27:14.905 | critical |          Always | TT_FATAL: Error: input_tensor_a must be width sharded. Provided tensor memory layout: TensorMemoryLayout::BLOCK_SHARDED (assert.hpp:104)
2026-07-19 12:27:14.905 | info     |           Metal | Disabling and clearing program cache on MeshDevice 1 (mesh_device.cpp:1064)
2026-07-19 12:27:14.905 | critical |          Always | TT_FATAL: Error: input_tensor_a must be width sharded. Provided tensor memory layout: TensorMemoryLayout::BLOCK_SHARDED (assert.hpp:104)
2026-07-19 12:27:14.905 | info     |           Metal | Disabling and clearing program cache on MeshDevice 1 (mesh_device.cpp:1064)
2026-07-19 12:27:14.905 | critical |          Always | TT_FATAL: Error: input_tensor_a must be width sharded. Provided tensor memory layout: TensorMemoryLayout::BLOCK_SHARDED (assert.hpp:104)
2026-07-19 12:27:14.905 | info     |           Metal | Disabling and clearing program cache on MeshDevice 1 (mesh_device.cpp:1064)
2026-07-19 12:27:14.905 | critical |          Always | TT_FATAL: Error: input_tensor_a must be width sharded. Provided tensor memory layout: TensorMemoryLayout::BLOCK_SHARDED (assert.hpp:104)
2026-07-19 12:27:14.905 | info     |           Metal | Disabling and clearing program cache on MeshDevice 1 (mesh_device.cpp:1064)
2026-07-19 12:27:14.905 | critical |          Always | TT_FATAL: Error: input_tensor_a must be width sharded. Provided tensor memory layout: TensorMemoryLayout::BLOCK_SHARDED (assert.hpp:104)
2026-07-19 12:27:14.905 | info     |           Metal | Disabling and clearing program cache on MeshDevice 1 (mesh_device.cpp:1064)
2026-07-19 12:27:14.906 | critical |          Always | TT_FATAL: Error: input_tensor_a must be width sharded. Provided tensor memory layout: TensorMemoryLayout::BLOCK_SHARDED (assert.hpp:104)
2026-07-19 12:27:14.906 | info     |           Metal | Disabling and clearing program cache on MeshDevice 1 (mesh_device.cpp:1064)
2026-07-19 12:27:14.906 | critical |          Always | TT_FATAL: Error: input_tensor_a must be width sharded. Provided tensor memory layout: TensorMemoryLayout::BLOCK_SHARDED (assert.hpp:104)
2026-07-19 12:27:14.906 | info     |           Metal | Disabling and clearing program cache on MeshDevice 1 (mesh_device.cpp:1064)
2026-07-19 12:27:14.906 | info     |           Metal | Disabling and clearing program cache on MeshDevice 1 (mesh_device.cpp:1064)
2026-07-19 12:27:14.906 | critical |          Always | TT_FATAL: Error: input_tensor_a must be height sharded. (assert.hpp:104)
2026-07-19 12:27:14.906 | info     |           Metal | Disabling and clearing program cache on MeshDevice 1 (mesh_device.cpp:1064)
2026-07-19 12:27:14.906 | critical |          Always | TT_FATAL: Error: input_tensor_a must be width sharded. Provided tensor memory layout: TensorMemoryLayout::BLOCK_SHARDED (assert.hpp:104)
2026-07-19 12:27:14.906 | info     |           Metal | Disabling and clearing program cache on MeshDevice 1 (mesh_device.cpp:1064)
2026-07-19 12:27:14.906 | critical |          Always | TT_FATAL: Error: input_tensor_a must be width sharded. Provided tensor memory layout: TensorMemoryLayout::BLOCK_SHARDED (assert.hpp:104)
2026-07-19 12:27:14.906 | info     |           Metal | Disabling and clearing program cache on MeshDevice 1 (mesh_device.cpp:1064)
2026-07-19 12:27:14.907 | critical |          Always | TT_FATAL: Error: input_tensor_a must be width sharded. Provided tensor memory layout: TensorMemoryLayout::BLOCK_SHARDED (assert.hpp:104)
2026-07-19 12:27:14.907 | info     |           Metal | Disabling and clearing program cache on MeshDevice 1 (mesh_device.cpp:1064)
2026-07-19 12:27:14.907 | critical |          Always | TT_FATAL: Error: input_tensor_a must be width sharded. Provided tensor memory layout: TensorMemoryLayout::BLOCK_SHARDED (assert.hpp:104)
2026-07-19 12:27:14.907 | info     |           Metal | Disabling and clearing program cache on MeshDevice 1 (mesh_device.cpp:1064)
2026-07-19 12:27:14.907 | critical |          Always | TT_FATAL: Error: input_tensor_a must be width sharded. Provided tensor memory layout: TensorMemoryLayout::BLOCK_SHARDED (assert.hpp:104)
2026-07-19 12:27:14.907 | info     |           Metal | Disabling and clearing program cache on MeshDevice 1 (mesh_device.cpp:1064)
2026-07-19 12:27:14.907 | critical |          Always | TT_FATAL: Error: input_tensor_a must be width sharded. Provided tensor memory layout: TensorMemoryLayout::BLOCK_SHARDED (assert.hpp:104)
2026-07-19 12:27:14.907 | info     |           Metal | Disabling and clearing program cache on MeshDevice 1 (mesh_device.cpp:1064)
2026-07-19 12:27:14.907 | critical |          Always | TT_FATAL: Error: input_tensor_a must be width sharded. Provided tensor memory layout: TensorMemoryLayout::BLOCK_SHARDED (assert.hpp:104)
2026-07-19 12:27:14.907 | info     |           Metal | Disabling and clearing program cache on MeshDevice 1 (mesh_device.cpp:1064)
2026-07-19 12:27:14.907 | critical |          Always | TT_FATAL: Error: input_tensor_a must be width sharded. Provided tensor memory layout: TensorMemoryLayout::BLOCK_SHARDED (assert.hpp:104)
2026-07-19 12:27:14.907 | info     |           Metal | Disabling and clearing program cache on MeshDevice 1 (mesh_device.cpp:1064)
2026-07-19 12:27:14.907 | critical |          Always | TT_FATAL: Error: input_tensor_a must be width sharded. Provided tensor memory layout: TensorMemoryLayout::BLOCK_SHARDED (assert.hpp:104)
2026-07-19 12:27:14.907 | info     |           Metal | Disabling and clearing program cache on MeshDevice 1 (mesh_device.cpp:1064)
2026-07-19 12:27:14.907 | critical |          Always | TT_FATAL: Error: input_tensor_a must be width sharded. Provided tensor memory layout: TensorMemoryLayout::BLOCK_SHARDED (assert.hpp:104)
2026-07-19 12:27:14.908 | info     |           Metal | Disabling and clearing program cache on MeshDevice 1 (mesh_device.cpp:1064)
2026-07-19 12:27:14.908 | critical |          Always | TT_FATAL: Error: input_tensor_a must be width sharded. Provided tensor memory layout: TensorMemoryLayout::BLOCK_SHARDED (assert.hpp:104)
2026-07-19 12:27:14.908 | info     |           Metal | Disabling and clearing program cache on MeshDevice 1 (mesh_device.cpp:1064)
2026-07-19 12:27:14.908 | critical |          Always | TT_FATAL: Error: input_tensor_a must be width sharded. Provided tensor memory layout: TensorMemoryLayout::BLOCK_SHARDED (assert.hpp:104)
2026-07-19 12:27:14.908 | info     |           Metal | Disabling and clearing program cache on MeshDevice 1 (mesh_device.cpp:1064)
2026-07-19 12:27:14.908 | critical |          Always | TT_FATAL: Error: input_tensor_a must be width sharded. Provided tensor memory layout: TensorMemoryLayout::BLOCK_SHARDED (assert.hpp:104)
2026-07-19 12:27:14.908 | info     |           Metal | Disabling and clearing program cache on MeshDevice 1 (mesh_device.cpp:1064)
2026-07-19 12:27:14.908 | critical |          Always | TT_FATAL: Error: input_tensor_a must be width sharded. Provided tensor memory layout: TensorMemoryLayout::BLOCK_SHARDED (assert.hpp:104)
2026-07-19 12:27:14.908 | info     |           Metal | Disabling and clearing program cache on MeshDevice 1 (mesh_device.cpp:1064)
2026-07-19 12:27:14.908 | critical |          Always | TT_FATAL: Error: input_tensor_a must be width sharded. Provided tensor memory layout: TensorMemoryLayout::BLOCK_SHARDED (assert.hpp:104)
2026-07-19 12:27:14.908 | info     |           Metal | Disabling and clearing program cache on MeshDevice 1 (mesh_device.cpp:1064)
2026-07-19 12:27:14.908 | critical |          Always | TT_FATAL: Error: input_tensor_a must be width sharded. Provided tensor memory layout: TensorMemoryLayout::BLOCK_SHARDED (assert.hpp:104)
2026-07-19 12:27:14.908 | info     |           Metal | Disabling and clearing program cache on MeshDevice 1 (mesh_device.cpp:1064)
2026-07-19 12:27:14.908 | critical |          Always | TT_FATAL: Error: input_tensor_a must be width sharded. Provided tensor memory layout: TensorMemoryLayout::BLOCK_SHARDED (assert.hpp:104)
2026-07-19 12:27:14.908 | info     |           Metal | Disabling and clearing program cache on MeshDevice 1 (mesh_device.cpp:1064)
2026-07-19 12:27:14.909 | critical |          Always | TT_FATAL: Error: input_tensor_a must be width sharded. Provided tensor memory layout: TensorMemoryLayout::BLOCK_SHARDED (assert.hpp:104)
2026-07-19 12:27:14.909 | info     |           Metal | Disabling and clearing program cache on MeshDevice 1 (mesh_device.cpp:1064)
2026-07-19 12:27:14.909 | critical |          Always | TT_FATAL: Error: input_tensor_a must be width sharded. Provided tensor memory layout: TensorMemoryLayout::BLOCK_SHARDED (assert.hpp:104)
2026-07-19 12:27:14.909 | info     |           Metal | Disabling and clearing program cache on MeshDevice 1 (mesh_device.cpp:1064)
2026-07-19 12:27:14.909 | critical |          Always | TT_FATAL: Error: input_tensor_a must be width sharded. Provided tensor memory layout: TensorMemoryLayout::BLOCK_SHARDED (assert.hpp:104)
2026-07-19 12:27:14.909 | info     |           Metal | Disabling and clearing program cache on MeshDevice 1 (mesh_device.cpp:1064)
2026-07-19 12:27:14.909 | critical |          Always | TT_FATAL: Error: input_tensor_a must be width sharded. Provided tensor memory layout: TensorMemoryLayout::BLOCK_SHARDED (assert.hpp:104)
2026-07-19 12:27:14.909 | info     |           Metal | Disabling and clearing program cache on MeshDevice 1 (mesh_device.cpp:1064)
2026-07-19 12:27:14.909 | critical |          Always | TT_FATAL: Error: input_tensor_a must be width sharded. Provided tensor memory layout: TensorMemoryLayout::BLOCK_SHARDED (assert.hpp:104)
2026-07-19 12:27:14.909 | info     |           Metal | Disabling and clearing program cache on MeshDevice 1 (mesh_device.cpp:1064)
2026-07-19 12:27:14.909 | critical |          Always | TT_FATAL: Error: input_tensor_a must be width sharded. Provided tensor memory layout: TensorMemoryLayout::BLOCK_SHARDED (assert.hpp:104)
2026-07-19 12:27:14.909 | info     |           Metal | Disabling and clearing program cache on MeshDevice 1 (mesh_device.cpp:1064)
2026-07-19 12:27:14.909 | critical |          Always | TT_FATAL: Error: input_tensor_a must be width sharded. Provided tensor memory layout: TensorMemoryLayout::BLOCK_SHARDED (assert.hpp:104)
2026-07-19 12:27:14.909 | info     |           Metal | Disabling and clearing program cache on MeshDevice 1 (mesh_device.cpp:1064)
2026-07-19 12:27:14.909 | critical |          Always | TT_FATAL: Error: input_tensor_a must be width sharded. Provided tensor memory layout: TensorMemoryLayout::BLOCK_SHARDED (assert.hpp:104)
2026-07-19 12:27:14.909 | info     |           Metal | Disabling and clearing program cache on MeshDevice 1 (mesh_device.cpp:1064)
2026-07-19 12:27:14.910 | critical |          Always | TT_FATAL: Error: input_tensor_a must be width sharded. Provided tensor memory layout: TensorMemoryLayout::BLOCK_SHARDED (assert.hpp:104)
2026-07-19 12:27:14.910 | info     |           Metal | Disabling and clearing program cache on MeshDevice 1 (mesh_device.cpp:1064)
2026-07-19 12:27:14.910 | critical |          Always | TT_FATAL: Error: input_tensor_a must be width sharded. Provided tensor memory layout: TensorMemoryLayout::BLOCK_SHARDED (assert.hpp:104)
2026-07-19 12:27:14.910 | info     |           Metal | Disabling and clearing program cache on MeshDevice 1 (mesh_device.cpp:1064)
2026-07-19 12:27:14.910 | info     |           Metal | Disabling and clearing program cache on MeshDevice 1 (mesh_device.cpp:1064)
2026-07-19 12:27:14.910 | critical |          Always | TT_FATAL: Error: input_tensor_a must be height sharded. (assert.hpp:104)
2026-07-19 12:27:14.910 | info     |           Metal | Disabling and clearing program cache on MeshDevice 1 (mesh_device.cpp:1064)
2026-07-19 12:27:14.910 | critical |          Always | TT_FATAL: Error: input_tensor_a must be width sharded. Provided tensor memory layout: TensorMemoryLayout::BLOCK_SHARDED (assert.hpp:104)
2026-07-19 12:27:14.910 | info     |           Metal | Disabling and clearing program cache on MeshDevice 1 (mesh_device.cpp:1064)
2026-07-19 12:27:14.910 | critical |          Always | TT_FATAL: Error: input_tensor_a must be width sharded. Provided tensor memory layout: TensorMemoryLayout::BLOCK_SHARDED (assert.hpp:104)
2026-07-19 12:27:14.910 | info     |           Metal | Disabling and clearing program cache on MeshDevice 1 (mesh_device.cpp:1064)
2026-07-19 12:27:14.911 | critical |          Always | TT_FATAL: Error: input_tensor_a must be width sharded. Provided tensor memory layout: TensorMemoryLayout::BLOCK_SHARDED (assert.hpp:104)
2026-07-19 12:27:14.911 | info     |           Metal | Disabling and clearing program cache on MeshDevice 1 (mesh_device.cpp:1064)
2026-07-19 12:27:14.911 | critical |          Always | TT_FATAL: Error: input_tensor_a must be width sharded. Provided tensor memory layout: TensorMemoryLayout::BLOCK_SHARDED (assert.hpp:104)
2026-07-19 12:27:14.911 | info     |           Metal | Disabling and clearing program cache on MeshDevice 1 (mesh_device.cpp:1064)
2026-07-19 12:27:14.911 | critical |          Always | TT_FATAL: Error: input_tensor_a must be width sharded. Provided tensor memory layout: TensorMemoryLayout::BLOCK_SHARDED (assert.hpp:104)
2026-07-19 12:27:14.911 | info     |           Metal | Disabling and clearing program cache on MeshDevice 1 (mesh_device.cpp:1064)
2026-07-19 12:27:14.911 | critical |          Always | TT_FATAL: Error: input_tensor_a must be width sharded. Provided tensor memory layout: TensorMemoryLayout::BLOCK_SHARDED (assert.hpp:104)
2026-07-19 12:27:14.911 | info     |           Metal | Disabling and clearing program cache on MeshDevice 1 (mesh_device.cpp:1064)
2026-07-19 12:27:14.911 | critical |          Always | TT_FATAL: Error: input_tensor_a must be width sharded. Provided tensor memory layout: TensorMemoryLayout::BLOCK_SHARDED (assert.hpp:104)
2026-07-19 12:27:14.911 | info     |           Metal | Disabling and clearing program cache on MeshDevice 1 (mesh_device.cpp:1064)
2026-07-19 12:27:14.911 | critical |          Always | TT_FATAL: Error: input_tensor_a must be width sharded. Provided tensor memory layout: TensorMemoryLayout::BLOCK_SHARDED (assert.hpp:104)
2026-07-19 12:27:14.911 | info     |           Metal | Disabling and clearing program cache on MeshDevice 1 (mesh_device.cpp:1064)
2026-07-19 12:27:14.911 | critical |          Always | TT_FATAL: Error: input_tensor_a must be width sharded. Provided tensor memory layout: TensorMemoryLayout::BLOCK_SHARDED (assert.hpp:104)
2026-07-19 12:27:14.911 | info     |           Metal | Disabling and clearing program cache on MeshDevice 1 (mesh_device.cpp:1064)
2026-07-19 12:27:14.911 | critical |          Always | TT_FATAL: Error: input_tensor_a must be width sharded. Provided tensor memory layout: TensorMemoryLayout::BLOCK_SHARDED (assert.hpp:104)
2026-07-19 12:27:14.912 | info     |           Metal | Disabling and clearing program cache on MeshDevice 1 (mesh_device.cpp:1064)
2026-07-19 12:27:14.912 | critical |          Always | TT_FATAL: Error: input_tensor_a must be width sharded. Provided tensor memory layout: TensorMemoryLayout::BLOCK_SHARDED (assert.hpp:104)
2026-07-19 12:27:14.912 | info     |           Metal | Disabling and clearing program cache on MeshDevice 1 (mesh_device.cpp:1064)
2026-07-19 12:27:14.912 | critical |          Always | TT_FATAL: Error: input_tensor_a must be width sharded. Provided tensor memory layout: TensorMemoryLayout::BLOCK_SHARDED (assert.hpp:104)
2026-07-19 12:27:14.912 | info     |           Metal | Disabling and clearing program cache on MeshDevice 1 (mesh_device.cpp:1064)
2026-07-19 12:27:14.912 | critical |          Always | TT_FATAL: Error: input_tensor_a must be width sharded. Provided tensor memory layout: TensorMemoryLayout::BLOCK_SHARDED (assert.hpp:104)
2026-07-19 12:27:14.912 | info     |           Metal | Disabling and clearing program cache on MeshDevice 1 (mesh_device.cpp:1064)
2026-07-19 12:27:14.912 | critical |          Always | TT_FATAL: Error: input_tensor_a must be width sharded. Provided tensor memory layout: TensorMemoryLayout::BLOCK_SHARDED (assert.hpp:104)
2026-07-19 12:27:14.912 | info     |           Metal | Disabling and clearing program cache on MeshDevice 1 (mesh_device.cpp:1064)
2026-07-19 12:27:14.912 | critical |          Always | TT_FATAL: Error: input_tensor_a must be width sharded. Provided tensor memory layout: TensorMemoryLayout::BLOCK_SHARDED (assert.hpp:104)
2026-07-19 12:27:14.912 | info     |           Metal | Disabling and clearing program cache on MeshDevice 1 (mesh_device.cpp:1064)
2026-07-19 12:27:14.912 | critical |          Always | TT_FATAL: Error: input_tensor_a must be width sharded. Provided tensor memory layout: TensorMemoryLayout::BLOCK_SHARDED (assert.hpp:104)
2026-07-19 12:27:14.912 | info     |           Metal | Disabling and clearing program cache on MeshDevice 1 (mesh_device.cpp:1064)
2026-07-19 12:27:14.912 | critical |          Always | TT_FATAL: Error: input_tensor_a must be width sharded. Provided tensor memory layout: TensorMemoryLayout::BLOCK_SHARDED (assert.hpp:104)
2026-07-19 12:27:14.913 | info     |           Metal | Disabling and clearing program cache on MeshDevice 1 (mesh_device.cpp:1064)
2026-07-19 12:27:14.913 | critical |          Always | TT_FATAL: Error: input_tensor_a must be width sharded. Provided tensor memory layout: TensorMemoryLayout::BLOCK_SHARDED (assert.hpp:104)
2026-07-19 12:27:14.913 | info     |           Metal | Disabling and clearing program cache on MeshDevice 1 (mesh_device.cpp:1064)
2026-07-19 12:27:14.913 | critical |          Always | TT_FATAL: Error: input_tensor_a must be width sharded. Provided tensor memory layout: TensorMemoryLayout::BLOCK_SHARDED (assert.hpp:104)
2026-07-19 12:27:14.913 | info     |           Metal | Disabling and clearing program cache on MeshDevice 1 (mesh_device.cpp:1064)
2026-07-19 12:27:14.913 | critical |          Always | TT_FATAL: Error: input_tensor_a must be width sharded. Provided tensor memory layout: TensorMemoryLayout::BLOCK_SHARDED (assert.hpp:104)
2026-07-19 12:27:14.913 | info     |           Metal | Disabling and clearing program cache on MeshDevice 1 (mesh_device.cpp:1064)
2026-07-19 12:27:14.913 | critical |          Always | TT_FATAL: Error: input_tensor_a must be width sharded. Provided tensor memory layout: TensorMemoryLayout::BLOCK_SHARDED (assert.hpp:104)
2026-07-19 12:27:14.913 | info     |           Metal | Disabling and clearing program cache on MeshDevice 1 (mesh_device.cpp:1064)
2026-07-19 12:27:14.913 | critical |          Always | TT_FATAL: Error: input_tensor_a must be width sharded. Provided tensor memory layout: TensorMemoryLayout::BLOCK_SHARDED (assert.hpp:104)
2026-07-19 12:27:14.913 | info     |           Metal | Disabling and clearing program cache on MeshDevice 1 (mesh_device.cpp:1064)
2026-07-19 12:27:14.913 | critical |          Always | TT_FATAL: Error: input_tensor_a must be width sharded. Provided tensor memory layout: TensorMemoryLayout::BLOCK_SHARDED (assert.hpp:104)
2026-07-19 12:27:14.913 | info     |           Metal | Disabling and clearing program cache on MeshDevice 1 (mesh_device.cpp:1064)
2026-07-19 12:27:14.913 | critical |          Always | TT_FATAL: Error: input_tensor_a must be width sharded. Provided tensor memory layout: TensorMemoryLayout::BLOCK_SHARDED (assert.hpp:104)
2026-07-19 12:27:14.913 | info     |           Metal | Disabling and clearing program cache on MeshDevice 1 (mesh_device.cpp:1064)
2026-07-19 12:27:14.913 | critical |          Always | TT_FATAL: Error: input_tensor_a must be width sharded. Provided tensor memory layout: TensorMemoryLayout::BLOCK_SHARDED (assert.hpp:104)
2026-07-19 12:27:14.914 | info     |           Metal | Disabling and clearing program cache on MeshDevice 1 (mesh_device.cpp:1064)
2026-07-19 12:27:14.914 | critical |          Always | TT_FATAL: Error: input_tensor_a must be width sharded. Provided tensor memory layout: TensorMemoryLayout::BLOCK_SHARDED (assert.hpp:104)
2026-07-19 12:27:14.914 | info     |           Metal | Disabling and clearing program cache on MeshDevice 1 (mesh_device.cpp:1064)
2026-07-19 12:27:14.914 | critical |          Always | TT_FATAL: Error: input_tensor_a must be width sharded. Provided tensor memory layout: TensorMemoryLayout::BLOCK_SHARDED (assert.hpp:104)
2026-07-19 12:27:14.914 | info     |           Metal | Disabling and clearing program cache on MeshDevice 1 (mesh_device.cpp:1064)
2026-07-19 12:27:14.914 | info     |           Metal | Disabling and clearing program cache on MeshDevice 1 (mesh_device.cpp:1064)
2026-07-19 12:27:14.914 | info     |           Metal | Disabling and clearing program cache on MeshDevice 1 (mesh_device.cpp:1064)
2026-07-19 12:27:14.914 | critical |          Always | TT_FATAL: Error: input_tensor_a must be width sharded. Provided tensor memory layout: TensorMemoryLayout::HEIGHT_SHARDED (assert.hpp:104)
2026-07-19 12:27:14.914 | info     |           Metal | Disabling and clearing program cache on MeshDevice 1 (mesh_device.cpp:1064)
2026-07-19 12:27:14.915 | critical |          Always | TT_FATAL: Error: input_tensor_a must be width sharded. Provided tensor memory layout: TensorMemoryLayout::HEIGHT_SHARDED (assert.hpp:104)
2026-07-19 12:27:14.915 | info     |           Metal | Disabling and clearing program cache on MeshDevice 1 (mesh_device.cpp:1064)
2026-07-19 12:27:14.915 | critical |          Always | TT_FATAL: Error: input_tensor_a must be width sharded. Provided tensor memory layout: TensorMemoryLayout::HEIGHT_SHARDED (assert.hpp:104)
2026-07-19 12:27:14.915 | info     |           Metal | Disabling and clearing program cache on MeshDevice 1 (mesh_device.cpp:1064)
2026-07-19 12:27:14.915 | critical |          Always | TT_FATAL: Error: input_tensor_a must be width sharded. Provided tensor memory layout: TensorMemoryLayout::HEIGHT_SHARDED (assert.hpp:104)
2026-07-19 12:27:14.915 | info     |           Metal | Disabling and clearing program cache on MeshDevice 1 (mesh_device.cpp:1064)
2026-07-19 12:27:14.915 | critical |          Always | TT_FATAL: Error: input_tensor_a must be width sharded. Provided tensor memory layout: TensorMemoryLayout::HEIGHT_SHARDED (assert.hpp:104)
2026-07-19 12:27:14.915 | info     |           Metal | Disabling and clearing program cache on MeshDevice 1 (mesh_device.cpp:1064)
2026-07-19 12:27:14.915 | critical |          Always | TT_FATAL: Error: input_tensor_a must be width sharded. Provided tensor memory layout: TensorMemoryLayout::HEIGHT_SHARDED (assert.hpp:104)
2026-07-19 12:27:14.915 | info     |           Metal | Disabling and clearing program cache on MeshDevice 1 (mesh_device.cpp:1064)
2026-07-19 12:27:14.915 | critical |          Always | TT_FATAL: Error: input_tensor_a must be width sharded. Provided tensor memory layout: TensorMemoryLayout::HEIGHT_SHARDED (assert.hpp:104)
2026-07-19 12:27:14.915 | info     |           Metal | Disabling and clearing program cache on MeshDevice 1 (mesh_device.cpp:1064)
2026-07-19 12:27:14.915 | critical |          Always | TT_FATAL: Error: input_tensor_a must be width sharded. Provided tensor memory layout: TensorMemoryLayout::HEIGHT_SHARDED (assert.hpp:104)
2026-07-19 12:27:14.915 | info     |           Metal | Disabling and clearing program cache on MeshDevice 1 (mesh_device.cpp:1064)
2026-07-19 12:27:14.915 | critical |          Always | TT_FATAL: Error: input_tensor_a must be width sharded. Provided tensor memory layout: TensorMemoryLayout::HEIGHT_SHARDED (assert.hpp:104)
2026-07-19 12:27:14.916 | info     |           Metal | Disabling and clearing program cache on MeshDevice 1 (mesh_device.cpp:1064)
2026-07-19 12:27:14.916 | critical |          Always | TT_FATAL: Error: input_tensor_a must be width sharded. Provided tensor memory layout: TensorMemoryLayout::HEIGHT_SHARDED (assert.hpp:104)
2026-07-19 12:27:14.916 | info     |           Metal | Disabling and clearing program cache on MeshDevice 1 (mesh_device.cpp:1064)
2026-07-19 12:27:14.916 | critical |          Always | TT_FATAL: Error: input_tensor_a must be width sharded. Provided tensor memory layout: TensorMemoryLayout::HEIGHT_SHARDED (assert.hpp:104)
2026-07-19 12:27:14.916 | info     |           Metal | Disabling and clearing program cache on MeshDevice 1 (mesh_device.cpp:1064)
2026-07-19 12:27:14.916 | critical |          Always | TT_FATAL: Error: input_tensor_a must be width sharded. Provided tensor memory layout: TensorMemoryLayout::HEIGHT_SHARDED (assert.hpp:104)
2026-07-19 12:27:14.916 | info     |           Metal | Disabling and clearing program cache on MeshDevice 1 (mesh_device.cpp:1064)
2026-07-19 12:27:14.916 | critical |          Always | TT_FATAL: Error: input_tensor_a must be width sharded. Provided tensor memory layout: TensorMemoryLayout::HEIGHT_SHARDED (assert.hpp:104)
2026-07-19 12:27:14.916 | info     |           Metal | Disabling and clearing program cache on MeshDevice 1 (mesh_device.cpp:1064)
2026-07-19 12:27:14.916 | critical |          Always | TT_FATAL: Error: input_tensor_a must be width sharded. Provided tensor memory layout: TensorMemoryLayout::HEIGHT_SHARDED (assert.hpp:104)
2026-07-19 12:27:14.916 | info     |           Metal | Disabling and clearing program cache on MeshDevice 1 (mesh_device.cpp:1064)
2026-07-19 12:27:14.916 | critical |          Always | TT_FATAL: Error: input_tensor_a must be width sharded. Provided tensor memory layout: TensorMemoryLayout::HEIGHT_SHARDED (assert.hpp:104)
2026-07-19 12:27:14.916 | info     |           Metal | Disabling and clearing program cache on MeshDevice 1 (mesh_device.cpp:1064)
2026-07-19 12:27:14.916 | critical |          Always | TT_FATAL: Error: input_tensor_a must be width sharded. Provided tensor memory layout: TensorMemoryLayout::HEIGHT_SHARDED (assert.hpp:104)
2026-07-19 12:27:14.916 | info     |           Metal | Disabling and clearing program cache on MeshDevice 1 (mesh_device.cpp:1064)
2026-07-19 12:27:14.916 | critical |          Always | TT_FATAL: Error: input_tensor_a must be width sharded. Provided tensor memory layout: TensorMemoryLayout::HEIGHT_SHARDED (assert.hpp:104)
2026-07-19 12:27:14.917 | info     |           Metal | Disabling and clearing program cache on MeshDevice 1 (mesh_device.cpp:1064)
2026-07-19 12:27:14.917 | critical |          Always | TT_FATAL: Error: input_tensor_a must be width sharded. Provided tensor memory layout: TensorMemoryLayout::HEIGHT_SHARDED (assert.hpp:104)
2026-07-19 12:27:14.917 | info     |           Metal | Disabling and clearing program cache on MeshDevice 1 (mesh_device.cpp:1064)
2026-07-19 12:27:14.917 | critical |          Always | TT_FATAL: Error: input_tensor_a must be width sharded. Provided tensor memory layout: TensorMemoryLayout::HEIGHT_SHARDED (assert.hpp:104)
2026-07-19 12:27:14.917 | info     |           Metal | Disabling and clearing program cache on MeshDevice 1 (mesh_device.cpp:1064)
2026-07-19 12:27:14.917 | critical |          Always | TT_FATAL: Error: input_tensor_a must be width sharded. Provided tensor memory layout: TensorMemoryLayout::HEIGHT_SHARDED (assert.hpp:104)
2026-07-19 12:27:14.917 | info     |           Metal | Disabling and clearing program cache on MeshDevice 1 (mesh_device.cpp:1064)
2026-07-19 12:27:14.917 | critical |          Always | TT_FATAL: Error: input_tensor_a must be width sharded. Provided tensor memory layout: TensorMemoryLayout::HEIGHT_SHARDED (assert.hpp:104)
2026-07-19 12:27:14.917 | info     |           Metal | Disabling and clearing program cache on MeshDevice 1 (mesh_device.cpp:1064)
2026-07-19 12:27:14.917 | critical |          Always | TT_FATAL: Error: input_tensor_a must be width sharded. Provided tensor memory layout: TensorMemoryLayout::HEIGHT_SHARDED (assert.hpp:104)
2026-07-19 12:27:14.917 | info     |           Metal | Disabling and clearing program cache on MeshDevice 1 (mesh_device.cpp:1064)
2026-07-19 12:27:14.917 | critical |          Always | TT_FATAL: Error: input_tensor_a must be width sharded. Provided tensor memory layout: TensorMemoryLayout::HEIGHT_SHARDED (assert.hpp:104)
2026-07-19 12:27:14.917 | info     |           Metal | Disabling and clearing program cache on MeshDevice 1 (mesh_device.cpp:1064)
2026-07-19 12:27:14.917 | critical |          Always | TT_FATAL: Error: input_tensor_a must be width sharded. Provided tensor memory layout: TensorMemoryLayout::HEIGHT_SHARDED (assert.hpp:104)
2026-07-19 12:27:14.917 | info     |           Metal | Disabling and clearing program cache on MeshDevice 1 (mesh_device.cpp:1064)
2026-07-19 12:27:14.917 | critical |          Always | TT_FATAL: Error: input_tensor_a must be width sharded. Provided tensor memory layout: TensorMemoryLayout::HEIGHT_SHARDED (assert.hpp:104)
2026-07-19 12:27:14.918 | info     |           Metal | Disabling and clearing program cache on MeshDevice 1 (mesh_device.cpp:1064)
2026-07-19 12:27:14.918 | critical |          Always | TT_FATAL: Error: input_tensor_a must be width sharded. Provided tensor memory layout: TensorMemoryLayout::HEIGHT_SHARDED (assert.hpp:104)
2026-07-19 12:27:14.918 | info     |           Metal | Disabling and clearing program cache on MeshDevice 1 (mesh_device.cpp:1064)
2026-07-19 12:27:14.918 | critical |          Always | TT_FATAL: Error: input_tensor_a must be width sharded. Provided tensor memory layout: TensorMemoryLayout::HEIGHT_SHARDED (assert.hpp:104)
2026-07-19 12:27:14.919 | info     |           Metal | Disabling and clearing program cache on MeshDevice 1 (mesh_device.cpp:1064)
2026-07-19 12:27:14.920 | info     |           Metal | Disabling and clearing program cache on MeshDevice 1 (mesh_device.cpp:1064)
2026-07-19 12:27:14.920 | info     |           Metal | Disabling and clearing program cache on MeshDevice 1 (mesh_device.cpp:1064)
2026-07-19 12:27:14.922 | info     |           Metal | Disabling and clearing program cache on MeshDevice 1 (mesh_device.cpp:1064)
2026-07-19 12:27:14.922 | info     |           Metal | Skipping fabric teardown for mock devices (fabric_firmware_initializer.cpp:334)
2026-07-19 12:27:14.922 | info     |          Device | Closing user mode device drivers (tt_cluster.cpp:512)
2026-07-19 12:27:14.922 | info     |             UMD | Closing devices in cluster (cluster.cpp:1037)
2026-07-19 12:27:14.922 | info     |             UMD | Closing devices in cluster completed. (cluster.cpp:1046)
2026-07-19 12:27:14.922 | info     |             UMD | Cluster destructor started. (cluster.cpp:754)
2026-07-19 12:27:14.922 | info     |             UMD | Cluster destructor completed. (cluster.cpp:757)
