[1,1]<stdout>:Running main() from gmock_main.cc
[1,1]<stdout>:[0;33mNote: Google Test filter = *Generate2x4SliceToPCIeDeviceMapping*
[1,1]<stdout>:[m[0;32m[==========] [mRunning 1 test from 1 test suite.
[1,1]<stdout>:[0;32m[----------] [mGlobal test environment set-up.
[1,1]<stdout>:[0;32m[----------] [m1 test from PhysicalMappingGeneration
[1,1]<stdout>:[0;32m[ RUN      ] [mPhysicalMappingGeneration.Generate2x4SliceToPCIeDeviceMapping
[1,0]<stdout>:Running main() from gmock_main.cc
[1,0]<stdout>:[0;33mNote: Google Test filter = *Generate2x4SliceToPCIeDeviceMapping*
[1,0]<stdout>:[m[0;32m[==========] [mRunning 1 test from 1 test suite.
[1,0]<stdout>:[0;32m[----------] [mGlobal test environment set-up.
[1,0]<stdout>:[0;32m[----------] [m1 test from PhysicalMappingGeneration
[1,0]<stdout>:[0;32m[ RUN      ] [mPhysicalMappingGeneration.Generate2x4SliceToPCIeDeviceMapping
[1,1]<stdout>:[90m2026-02-27 17:46:23.155[0m | [32minfo    [m | [35m            UMD[0m | [37mEstablished firmware bundle version: 19.5.0[0m [90m(topology_discovery.cpp:418)[0m
[1,0]<stdout>:[90m2026-02-27 17:46:23.176[0m | [32minfo    [m | [35m            UMD[0m | [37mEstablished firmware bundle version: 19.5.0[0m [90m(topology_discovery.cpp:418)[0m
[1,1]<stdout>:[90m2026-02-27 17:46:23.232[0m | [32minfo    [m | [35m         Device[0m | [37mOpening user mode device driver[0m [90m(tt_cluster.cpp:222)[0m
[1,0]<stdout>:[90m2026-02-27 17:46:23.252[0m | [32minfo    [m | [35m         Device[0m | [37mOpening user mode device driver[0m [90m(tt_cluster.cpp:222)[0m
[1,1]<stdout>:[90m2026-02-27 17:46:23.294[0m | [32minfo    [m | [35m            UMD[0m | [37mEstablished firmware bundle version: 19.5.0[0m [90m(topology_discovery.cpp:418)[0m
[1,0]<stdout>:[90m2026-02-27 17:46:23.314[0m | [32minfo    [m | [35m            UMD[0m | [37mEstablished firmware bundle version: 19.5.0[0m [90m(topology_discovery.cpp:418)[0m
[1,1]<stdout>:[90m2026-02-27 17:46:23.717[0m | [32minfo    [m | [35m            UMD[0m | [37mEstablished firmware bundle version: 19.5.0[0m [90m(topology_discovery.cpp:418)[0m
[1,0]<stdout>:[90m2026-02-27 17:46:23.736[0m | [32minfo    [m | [35m            UMD[0m | [37mEstablished firmware bundle version: 19.5.0[0m [90m(topology_discovery.cpp:418)[0m
[1,1]<stdout>:[90m2026-02-27 17:46:23.787[0m | [32minfo    [m | [35m            UMD[0m | [37mHarvesting masks for chip 7 tensix: 0x200 dram: 0x0 eth: 0x110 pcie: 0x1 l2cpu: 0x0[0m [90m(cluster.cpp:331)[0m
[1,1]<stdout>:[90m2026-02-27 17:46:23.797[0m | [32minfo    [m | [35m            UMD[0m | [37mInitializing iommu for sysmem (size: 0x40000000).[0m [90m(silicon_sysmem_manager.cpp:277)[0m
[1,1]<stdout>:[90m2026-02-27 17:46:23.797[0m | [32minfo    [m | [35m            UMD[0m | [37mAllocating sysmem without hugepages (size: 0x40000000).[0m [90m(silicon_sysmem_manager.cpp:283)[0m
[1,0]<stdout>:[90m2026-02-27 17:46:23.804[0m | [32minfo    [m | [35m            UMD[0m | [37mHarvesting masks for chip 4 tensix: 0x800 dram: 0x0 eth: 0x120 pcie: 0x1 l2cpu: 0x0[0m [90m(cluster.cpp:331)[0m
[1,0]<stdout>:[90m2026-02-27 17:46:23.814[0m | [32minfo    [m | [35m            UMD[0m | [37mInitializing iommu for sysmem (size: 0x40000000).[0m [90m(silicon_sysmem_manager.cpp:277)[0m
[1,0]<stdout>:[90m2026-02-27 17:46:23.814[0m | [32minfo    [m | [35m            UMD[0m | [37mAllocating sysmem without hugepages (size: 0x40000000).[0m [90m(silicon_sysmem_manager.cpp:283)[0m
[1,1]<stdout>:[90m2026-02-27 17:46:24.158[0m | [32minfo    [m | [35m            UMD[0m | [37mHarvesting masks for chip 27 tensix: 0x400 dram: 0x0 eth: 0x120 pcie: 0x1 l2cpu: 0x0[0m [90m(cluster.cpp:331)[0m
[1,1]<stdout>:[90m2026-02-27 17:46:24.169[0m | [32minfo    [m | [35m            UMD[0m | [37mInitializing iommu for sysmem (size: 0x40000000).[0m [90m(silicon_sysmem_manager.cpp:277)[0m
[1,1]<stdout>:[90m2026-02-27 17:46:24.169[0m | [32minfo    [m | [35m            UMD[0m | [37mAllocating sysmem without hugepages (size: 0x40000000).[0m [90m(silicon_sysmem_manager.cpp:283)[0m
[1,0]<stdout>:[90m2026-02-27 17:46:24.170[0m | [32minfo    [m | [35m            UMD[0m | [37mHarvesting masks for chip 13 tensix: 0x800 dram: 0x0 eth: 0x120 pcie: 0x1 l2cpu: 0x0[0m [90m(cluster.cpp:331)[0m
[1,0]<stdout>:[90m2026-02-27 17:46:24.180[0m | [32minfo    [m | [35m            UMD[0m | [37mInitializing iommu for sysmem (size: 0x40000000).[0m [90m(silicon_sysmem_manager.cpp:277)[0m
[1,0]<stdout>:[90m2026-02-27 17:46:24.180[0m | [32minfo    [m | [35m            UMD[0m | [37mAllocating sysmem without hugepages (size: 0x40000000).[0m [90m(silicon_sysmem_manager.cpp:283)[0m
[1,1]<stdout>:[90m2026-02-27 17:46:24.509[0m | [32minfo    [m | [35m            UMD[0m | [37mHarvesting masks for chip 25 tensix: 0x200 dram: 0x0 eth: 0x120 pcie: 0x1 l2cpu: 0x0[0m [90m(cluster.cpp:331)[0m
[1,0]<stdout>:[90m2026-02-27 17:46:24.516[0m | [32minfo    [m | [35m            UMD[0m | [37mHarvesting masks for chip 18 tensix: 0x4 dram: 0x0 eth: 0x120 pcie: 0x1 l2cpu: 0x0[0m [90m(cluster.cpp:331)[0m
[1,1]<stdout>:[90m2026-02-27 17:46:24.520[0m | [32minfo    [m | [35m            UMD[0m | [37mInitializing iommu for sysmem (size: 0x40000000).[0m [90m(silicon_sysmem_manager.cpp:277)[0m
[1,1]<stdout>:[90m2026-02-27 17:46:24.520[0m | [32minfo    [m | [35m            UMD[0m | [37mAllocating sysmem without hugepages (size: 0x40000000).[0m [90m(silicon_sysmem_manager.cpp:283)[0m
[1,0]<stdout>:[90m2026-02-27 17:46:24.527[0m | [32minfo    [m | [35m            UMD[0m | [37mInitializing iommu for sysmem (size: 0x40000000).[0m [90m(silicon_sysmem_manager.cpp:277)[0m
[1,0]<stdout>:[90m2026-02-27 17:46:24.527[0m | [32minfo    [m | [35m            UMD[0m | [37mAllocating sysmem without hugepages (size: 0x40000000).[0m [90m(silicon_sysmem_manager.cpp:283)[0m
[1,0]<stdout>:[90m2026-02-27 17:46:24.860[0m | [32minfo    [m | [35m            UMD[0m | [37mHarvesting masks for chip 12 tensix: 0x4 dram: 0x0 eth: 0x120 pcie: 0x1 l2cpu: 0x0[0m [90m(cluster.cpp:331)[0m
[1,1]<stdout>:[90m2026-02-27 17:46:24.859[0m | [32minfo    [m | [35m            UMD[0m | [37mHarvesting masks for chip 29 tensix: 0x40 dram: 0x0 eth: 0x120 pcie: 0x1 l2cpu: 0x0[0m [90m(cluster.cpp:331)[0m
[1,1]<stdout>:[90m2026-02-27 17:46:24.869[0m | [32minfo    [m | [35m            UMD[0m | [37mInitializing iommu for sysmem (size: 0x40000000).[0m [90m(silicon_sysmem_manager.cpp:277)[0m
[1,1]<stdout>:[90m2026-02-27 17:46:24.869[0m | [32minfo    [m | [35m            UMD[0m | [37mAllocating sysmem without hugepages (size: 0x40000000).[0m [90m(silicon_sysmem_manager.cpp:283)[0m
[1,0]<stdout>:[90m2026-02-27 17:46:24.870[0m | [32minfo    [m | [35m            UMD[0m | [37mInitializing iommu for sysmem (size: 0x40000000).[0m [90m(silicon_sysmem_manager.cpp:277)[0m
[1,0]<stdout>:[90m2026-02-27 17:46:24.870[0m | [32minfo    [m | [35m            UMD[0m | [37mAllocating sysmem without hugepages (size: 0x40000000).[0m [90m(silicon_sysmem_manager.cpp:283)[0m
[1,0]<stdout>:[90m2026-02-27 17:46:25.207[0m | [32minfo    [m | [35m            UMD[0m | [37mHarvesting masks for chip 17 tensix: 0x1000 dram: 0x0 eth: 0x120 pcie: 0x1 l2cpu: 0x0[0m [90m(cluster.cpp:331)[0m
[1,1]<stdout>:[90m2026-02-27 17:46:25.208[0m | [32minfo    [m | [35m            UMD[0m | [37mHarvesting masks for chip 0 tensix: 0x800 dram: 0x0 eth: 0x120 pcie: 0x1 l2cpu: 0x0[0m [90m(cluster.cpp:331)[0m
[1,0]<stdout>:[90m2026-02-27 17:46:25.218[0m | [32minfo    [m | [35m            UMD[0m | [37mInitializing iommu for sysmem (size: 0x40000000).[0m [90m(silicon_sysmem_manager.cpp:277)[0m
[1,0]<stdout>:[90m2026-02-27 17:46:25.218[0m | [32minfo    [m | [35m            UMD[0m | [37mAllocating sysmem without hugepages (size: 0x40000000).[0m [90m(silicon_sysmem_manager.cpp:283)[0m
[1,1]<stdout>:[90m2026-02-27 17:46:25.218[0m | [32minfo    [m | [35m            UMD[0m | [37mInitializing iommu for sysmem (size: 0x40000000).[0m [90m(silicon_sysmem_manager.cpp:277)[0m
[1,1]<stdout>:[90m2026-02-27 17:46:25.218[0m | [32minfo    [m | [35m            UMD[0m | [37mAllocating sysmem without hugepages (size: 0x40000000).[0m [90m(silicon_sysmem_manager.cpp:283)[0m
[1,0]<stdout>:[90m2026-02-27 17:46:25.551[0m | [32minfo    [m | [35m            UMD[0m | [37mHarvesting masks for chip 24 tensix: 0x2000 dram: 0x0 eth: 0x120 pcie: 0x1 l2cpu: 0x0[0m [90m(cluster.cpp:331)[0m
[1,1]<stdout>:[90m2026-02-27 17:46:25.559[0m | [32minfo    [m | [35m            UMD[0m | [37mHarvesting masks for chip 16 tensix: 0x8 dram: 0x0 eth: 0x120 pcie: 0x1 l2cpu: 0x0[0m [90m(cluster.cpp:331)[0m
[1,0]<stdout>:[90m2026-02-27 17:46:25.562[0m | [32minfo    [m | [35m            UMD[0m | [37mInitializing iommu for sysmem (size: 0x40000000).[0m [90m(silicon_sysmem_manager.cpp:277)[0m
[1,0]<stdout>:[90m2026-02-27 17:46:25.562[0m | [32minfo    [m | [35m            UMD[0m | [37mAllocating sysmem without hugepages (size: 0x40000000).[0m [90m(silicon_sysmem_manager.cpp:283)[0m
[1,1]<stdout>:[90m2026-02-27 17:46:25.570[0m | [32minfo    [m | [35m            UMD[0m | [37mInitializing iommu for sysmem (size: 0x40000000).[0m [90m(silicon_sysmem_manager.cpp:277)[0m
[1,1]<stdout>:[90m2026-02-27 17:46:25.570[0m | [32minfo    [m | [35m            UMD[0m | [37mAllocating sysmem without hugepages (size: 0x40000000).[0m [90m(silicon_sysmem_manager.cpp:283)[0m
[1,0]<stdout>:[90m2026-02-27 17:46:25.896[0m | [32minfo    [m | [35m            UMD[0m | [37mHarvesting masks for chip 6 tensix: 0x100 dram: 0x0 eth: 0x120 pcie: 0x1 l2cpu: 0x0[0m [90m(cluster.cpp:331)[0m
[1,0]<stdout>:[90m2026-02-27 17:46:25.906[0m | [32minfo    [m | [35m            UMD[0m | [37mInitializing iommu for sysmem (size: 0x40000000).[0m [90m(silicon_sysmem_manager.cpp:277)[0m
[1,0]<stdout>:[90m2026-02-27 17:46:25.906[0m | [32minfo    [m | [35m            UMD[0m | [37mAllocating sysmem without hugepages (size: 0x40000000).[0m [90m(silicon_sysmem_manager.cpp:283)[0m
[1,1]<stdout>:[90m2026-02-27 17:46:25.909[0m | [32minfo    [m | [35m            UMD[0m | [37mHarvesting masks for chip 18 tensix: 0x800 dram: 0x0 eth: 0x120 pcie: 0x1 l2cpu: 0x0[0m [90m(cluster.cpp:331)[0m
[1,1]<stdout>:[90m2026-02-27 17:46:25.920[0m | [32minfo    [m | [35m            UMD[0m | [37mInitializing iommu for sysmem (size: 0x40000000).[0m [90m(silicon_sysmem_manager.cpp:277)[0m
[1,1]<stdout>:[90m2026-02-27 17:46:25.920[0m | [32minfo    [m | [35m            UMD[0m | [37mAllocating sysmem without hugepages (size: 0x40000000).[0m [90m(silicon_sysmem_manager.cpp:283)[0m
[1,0]<stdout>:[90m2026-02-27 17:46:26.230[0m | [32minfo    [m | [35m            UMD[0m | [37mHarvesting masks for chip 19 tensix: 0x40 dram: 0x0 eth: 0x120 pcie: 0x1 l2cpu: 0x0[0m [90m(cluster.cpp:331)[0m
[1,0]<stdout>:[90m2026-02-27 17:46:26.241[0m | [32minfo    [m | [35m            UMD[0m | [37mInitializing iommu for sysmem (size: 0x40000000).[0m [90m(silicon_sysmem_manager.cpp:277)[0m
[1,0]<stdout>:[90m2026-02-27 17:46:26.241[0m | [32minfo    [m | [35m            UMD[0m | [37mAllocating sysmem without hugepages (size: 0x40000000).[0m [90m(silicon_sysmem_manager.cpp:283)[0m
[1,1]<stdout>:[90m2026-02-27 17:46:26.249[0m | [32minfo    [m | [35m            UMD[0m | [37mHarvesting masks for chip 22 tensix: 0x400 dram: 0x0 eth: 0x120 pcie: 0x1 l2cpu: 0x0[0m [90m(cluster.cpp:331)[0m
[1,1]<stdout>:[90m2026-02-27 17:46:26.259[0m | [32minfo    [m | [35m            UMD[0m | [37mInitializing iommu for sysmem (size: 0x40000000).[0m [90m(silicon_sysmem_manager.cpp:277)[0m
[1,1]<stdout>:[90m2026-02-27 17:46:26.259[0m | [32minfo    [m | [35m            UMD[0m | [37mAllocating sysmem without hugepages (size: 0x40000000).[0m [90m(silicon_sysmem_manager.cpp:283)[0m
[1,0]<stdout>:[90m2026-02-27 17:46:26.562[0m | [32minfo    [m | [35m            UMD[0m | [37mHarvesting masks for chip 20 tensix: 0x100 dram: 0x0 eth: 0x120 pcie: 0x1 l2cpu: 0x0[0m [90m(cluster.cpp:331)[0m
[1,0]<stdout>:[90m2026-02-27 17:46:26.573[0m | [32minfo    [m | [35m            UMD[0m | [37mInitializing iommu for sysmem (size: 0x40000000).[0m [90m(silicon_sysmem_manager.cpp:277)[0m
[1,0]<stdout>:[90m2026-02-27 17:46:26.573[0m | [32minfo    [m | [35m            UMD[0m | [37mAllocating sysmem without hugepages (size: 0x40000000).[0m [90m(silicon_sysmem_manager.cpp:283)[0m
[1,1]<stdout>:[90m2026-02-27 17:46:26.586[0m | [32minfo    [m | [35m            UMD[0m | [37mHarvesting masks for chip 23 tensix: 0x1 dram: 0x0 eth: 0x120 pcie: 0x1 l2cpu: 0x0[0m [90m(cluster.cpp:331)[0m
[1,1]<stdout>:[90m2026-02-27 17:46:26.597[0m | [32minfo    [m | [35m            UMD[0m | [37mInitializing iommu for sysmem (size: 0x40000000).[0m [90m(silicon_sysmem_manager.cpp:277)[0m
[1,1]<stdout>:[90m2026-02-27 17:46:26.597[0m | [32minfo    [m | [35m            UMD[0m | [37mAllocating sysmem without hugepages (size: 0x40000000).[0m [90m(silicon_sysmem_manager.cpp:283)[0m
[1,0]<stdout>:[90m2026-02-27 17:46:26.892[0m | [32minfo    [m | [35m            UMD[0m | [37mHarvesting masks for chip 9 tensix: 0x4 dram: 0x0 eth: 0x120 pcie: 0x1 l2cpu: 0x0[0m [90m(cluster.cpp:331)[0m
[1,0]<stdout>:[90m2026-02-27 17:46:26.903[0m | [32minfo    [m | [35m            UMD[0m | [37mInitializing iommu for sysmem (size: 0x40000000).[0m [90m(silicon_sysmem_manager.cpp:277)[0m
[1,0]<stdout>:[90m2026-02-27 17:46:26.903[0m | [32minfo    [m | [35m            UMD[0m | [37mAllocating sysmem without hugepages (size: 0x40000000).[0m [90m(silicon_sysmem_manager.cpp:283)[0m
[1,1]<stdout>:[90m2026-02-27 17:46:26.926[0m | [32minfo    [m | [35m            UMD[0m | [37mHarvesting masks for chip 8 tensix: 0x20 dram: 0x0 eth: 0x120 pcie: 0x1 l2cpu: 0x0[0m [90m(cluster.cpp:331)[0m
[1,1]<stdout>:[90m2026-02-27 17:46:26.936[0m | [32minfo    [m | [35m            UMD[0m | [37mInitializing iommu for sysmem (size: 0x40000000).[0m [90m(silicon_sysmem_manager.cpp:277)[0m
[1,1]<stdout>:[90m2026-02-27 17:46:26.936[0m | [32minfo    [m | [35m            UMD[0m | [37mAllocating sysmem without hugepages (size: 0x40000000).[0m [90m(silicon_sysmem_manager.cpp:283)[0m
[1,0]<stdout>:[90m2026-02-27 17:46:27.222[0m | [32minfo    [m | [35m            UMD[0m | [37mHarvesting masks for chip 5 tensix: 0x80 dram: 0x0 eth: 0xa0 pcie: 0x1 l2cpu: 0x0[0m [90m(cluster.cpp:331)[0m
[1,0]<stdout>:[90m2026-02-27 17:46:27.232[0m | [32minfo    [m | [35m            UMD[0m | [37mInitializing iommu for sysmem (size: 0x40000000).[0m [90m(silicon_sysmem_manager.cpp:277)[0m
[1,0]<stdout>:[90m2026-02-27 17:46:27.232[0m | [32minfo    [m | [35m            UMD[0m | [37mAllocating sysmem without hugepages (size: 0x40000000).[0m [90m(silicon_sysmem_manager.cpp:283)[0m
[1,1]<stdout>:[90m2026-02-27 17:46:27.264[0m | [32minfo    [m | [35m            UMD[0m | [37mHarvesting masks for chip 21 tensix: 0x1000 dram: 0x0 eth: 0x120 pcie: 0x1 l2cpu: 0x0[0m [90m(cluster.cpp:331)[0m
[1,1]<stdout>:[90m2026-02-27 17:46:27.274[0m | [32minfo    [m | [35m            UMD[0m | [37mInitializing iommu for sysmem (size: 0x40000000).[0m [90m(silicon_sysmem_manager.cpp:277)[0m
[1,1]<stdout>:[90m2026-02-27 17:46:27.274[0m | [32minfo    [m | [35m            UMD[0m | [37mAllocating sysmem without hugepages (size: 0x40000000).[0m [90m(silicon_sysmem_manager.cpp:283)[0m
[1,0]<stdout>:[90m2026-02-27 17:46:27.551[0m | [32minfo    [m | [35m            UMD[0m | [37mHarvesting masks for chip 10 tensix: 0x1 dram: 0x0 eth: 0x120 pcie: 0x1 l2cpu: 0x0[0m [90m(cluster.cpp:331)[0m
[1,0]<stdout>:[90m2026-02-27 17:46:27.561[0m | [32minfo    [m | [35m            UMD[0m | [37mInitializing iommu for sysmem (size: 0x40000000).[0m [90m(silicon_sysmem_manager.cpp:277)[0m
[1,0]<stdout>:[90m2026-02-27 17:46:27.561[0m | [32minfo    [m | [35m            UMD[0m | [37mAllocating sysmem without hugepages (size: 0x40000000).[0m [90m(silicon_sysmem_manager.cpp:283)[0m
[1,1]<stdout>:[90m2026-02-27 17:46:27.601[0m | [32minfo    [m | [35m            UMD[0m | [37mHarvesting masks for chip 19 tensix: 0x40 dram: 0x0 eth: 0x120 pcie: 0x1 l2cpu: 0x0[0m [90m(cluster.cpp:331)[0m
[1,1]<stdout>:[90m2026-02-27 17:46:27.612[0m | [32minfo    [m | [35m            UMD[0m | [37mInitializing iommu for sysmem (size: 0x40000000).[0m [90m(silicon_sysmem_manager.cpp:277)[0m
[1,1]<stdout>:[90m2026-02-27 17:46:27.612[0m | [32minfo    [m | [35m            UMD[0m | [37mAllocating sysmem without hugepages (size: 0x40000000).[0m [90m(silicon_sysmem_manager.cpp:283)[0m
[1,0]<stdout>:[90m2026-02-27 17:46:27.881[0m | [32minfo    [m | [35m            UMD[0m | [37mHarvesting masks for chip 2 tensix: 0x2 dram: 0x0 eth: 0x120 pcie: 0x1 l2cpu: 0x0[0m [90m(cluster.cpp:331)[0m
[1,0]<stdout>:[90m2026-02-27 17:46:27.892[0m | [32minfo    [m | [35m            UMD[0m | [37mInitializing iommu for sysmem (size: 0x40000000).[0m [90m(silicon_sysmem_manager.cpp:277)[0m
[1,0]<stdout>:[90m2026-02-27 17:46:27.892[0m | [32minfo    [m | [35m            UMD[0m | [37mAllocating sysmem without hugepages (size: 0x40000000).[0m [90m(silicon_sysmem_manager.cpp:283)[0m
[1,1]<stdout>:[90m2026-02-27 17:46:27.941[0m | [32minfo    [m | [35m            UMD[0m | [37mHarvesting masks for chip 6 tensix: 0x800 dram: 0x0 eth: 0x120 pcie: 0x1 l2cpu: 0x0[0m [90m(cluster.cpp:331)[0m
[1,1]<stdout>:[90m2026-02-27 17:46:27.951[0m | [32minfo    [m | [35m            UMD[0m | [37mInitializing iommu for sysmem (size: 0x40000000).[0m [90m(silicon_sysmem_manager.cpp:277)[0m
[1,1]<stdout>:[90m2026-02-27 17:46:27.951[0m | [32minfo    [m | [35m            UMD[0m | [37mAllocating sysmem without hugepages (size: 0x40000000).[0m [90m(silicon_sysmem_manager.cpp:283)[0m
[1,0]<stdout>:[90m2026-02-27 17:46:28.214[0m | [32minfo    [m | [35m            UMD[0m | [37mHarvesting masks for chip 31 tensix: 0x40 dram: 0x0 eth: 0x120 pcie: 0x1 l2cpu: 0x0[0m [90m(cluster.cpp:331)[0m
[1,0]<stdout>:[90m2026-02-27 17:46:28.225[0m | [32minfo    [m | [35m            UMD[0m | [37mInitializing iommu for sysmem (size: 0x40000000).[0m [90m(silicon_sysmem_manager.cpp:277)[0m
[1,0]<stdout>:[90m2026-02-27 17:46:28.225[0m | [32minfo    [m | [35m            UMD[0m | [37mAllocating sysmem without hugepages (size: 0x40000000).[0m [90m(silicon_sysmem_manager.cpp:283)[0m
[1,1]<stdout>:[90m2026-02-27 17:46:28.279[0m | [32minfo    [m | [35m            UMD[0m | [37mHarvesting masks for chip 20 tensix: 0x10 dram: 0x0 eth: 0x120 pcie: 0x1 l2cpu: 0x0[0m [90m(cluster.cpp:331)[0m
[1,1]<stdout>:[90m2026-02-27 17:46:28.290[0m | [32minfo    [m | [35m            UMD[0m | [37mInitializing iommu for sysmem (size: 0x40000000).[0m [90m(silicon_sysmem_manager.cpp:277)[0m
[1,1]<stdout>:[90m2026-02-27 17:46:28.290[0m | [32minfo    [m | [35m            UMD[0m | [37mAllocating sysmem without hugepages (size: 0x40000000).[0m [90m(silicon_sysmem_manager.cpp:283)[0m
[1,0]<stdout>:[90m2026-02-27 17:46:28.548[0m | [32minfo    [m | [35m            UMD[0m | [37mHarvesting masks for chip 15 tensix: 0x20 dram: 0x0 eth: 0x120 pcie: 0x1 l2cpu: 0x0[0m [90m(cluster.cpp:331)[0m
[1,0]<stdout>:[90m2026-02-27 17:46:28.559[0m | [32minfo    [m | [35m            UMD[0m | [37mInitializing iommu for sysmem (size: 0x40000000).[0m [90m(silicon_sysmem_manager.cpp:277)[0m
[1,0]<stdout>:[90m2026-02-27 17:46:28.559[0m | [32minfo    [m | [35m            UMD[0m | [37mAllocating sysmem without hugepages (size: 0x40000000).[0m [90m(silicon_sysmem_manager.cpp:283)[0m
[1,1]<stdout>:[90m2026-02-27 17:46:28.619[0m | [32minfo    [m | [35m            UMD[0m | [37mHarvesting masks for chip 15 tensix: 0x800 dram: 0x0 eth: 0x120 pcie: 0x1 l2cpu: 0x0[0m [90m(cluster.cpp:331)[0m
[1,1]<stdout>:[90m2026-02-27 17:46:28.630[0m | [32minfo    [m | [35m            UMD[0m | [37mInitializing iommu for sysmem (size: 0x40000000).[0m [90m(silicon_sysmem_manager.cpp:277)[0m
[1,1]<stdout>:[90m2026-02-27 17:46:28.630[0m | [32minfo    [m | [35m            UMD[0m | [37mAllocating sysmem without hugepages (size: 0x40000000).[0m [90m(silicon_sysmem_manager.cpp:283)[0m
[1,0]<stdout>:[90m2026-02-27 17:46:28.880[0m | [32minfo    [m | [35m            UMD[0m | [37mHarvesting masks for chip 3 tensix: 0x100 dram: 0x0 eth: 0x120 pcie: 0x1 l2cpu: 0x0[0m [90m(cluster.cpp:331)[0m
[1,0]<stdout>:[90m2026-02-27 17:46:28.892[0m | [32minfo    [m | [35m            UMD[0m | [37mInitializing iommu for sysmem (size: 0x40000000).[0m [90m(silicon_sysmem_manager.cpp:277)[0m
[1,0]<stdout>:[90m2026-02-27 17:46:28.892[0m | [32minfo    [m | [35m            UMD[0m | [37mAllocating sysmem without hugepages (size: 0x40000000).[0m [90m(silicon_sysmem_manager.cpp:283)[0m
[1,1]<stdout>:[90m2026-02-27 17:46:28.957[0m | [32minfo    [m | [35m            UMD[0m | [37mHarvesting masks for chip 17 tensix: 0x20 dram: 0x0 eth: 0x120 pcie: 0x1 l2cpu: 0x0[0m [90m(cluster.cpp:331)[0m
[1,1]<stdout>:[90m2026-02-27 17:46:28.967[0m | [32minfo    [m | [35m            UMD[0m | [37mInitializing iommu for sysmem (size: 0x40000000).[0m [90m(silicon_sysmem_manager.cpp:277)[0m
[1,1]<stdout>:[90m2026-02-27 17:46:28.967[0m | [32minfo    [m | [35m            UMD[0m | [37mAllocating sysmem without hugepages (size: 0x40000000).[0m [90m(silicon_sysmem_manager.cpp:283)[0m
[1,0]<stdout>:[90m2026-02-27 17:46:29.212[0m | [32minfo    [m | [35m            UMD[0m | [37mHarvesting masks for chip 29 tensix: 0x2 dram: 0x0 eth: 0x120 pcie: 0x1 l2cpu: 0x0[0m [90m(cluster.cpp:331)[0m
[1,0]<stdout>:[90m2026-02-27 17:46:29.222[0m | [32minfo    [m | [35m            UMD[0m | [37mInitializing iommu for sysmem (size: 0x40000000).[0m [90m(silicon_sysmem_manager.cpp:277)[0m
[1,0]<stdout>:[90m2026-02-27 17:46:29.222[0m | [32minfo    [m | [35m            UMD[0m | [37mAllocating sysmem without hugepages (size: 0x40000000).[0m [90m(silicon_sysmem_manager.cpp:283)[0m
[1,1]<stdout>:[90m2026-02-27 17:46:29.295[0m | [32minfo    [m | [35m            UMD[0m | [37mHarvesting masks for chip 4 tensix: 0x2 dram: 0x0 eth: 0x120 pcie: 0x1 l2cpu: 0x0[0m [90m(cluster.cpp:331)[0m
[1,1]<stdout>:[90m2026-02-27 17:46:29.305[0m | [32minfo    [m | [35m            UMD[0m | [37mInitializing iommu for sysmem (size: 0x40000000).[0m [90m(silicon_sysmem_manager.cpp:277)[0m
[1,1]<stdout>:[90m2026-02-27 17:46:29.305[0m | [32minfo    [m | [35m            UMD[0m | [37mAllocating sysmem without hugepages (size: 0x40000000).[0m [90m(silicon_sysmem_manager.cpp:283)[0m
[1,0]<stdout>:[90m2026-02-27 17:46:29.542[0m | [32minfo    [m | [35m            UMD[0m | [37mHarvesting masks for chip 0 tensix: 0x80 dram: 0x0 eth: 0x120 pcie: 0x1 l2cpu: 0x0[0m [90m(cluster.cpp:331)[0m
[1,0]<stdout>:[90m2026-02-27 17:46:29.553[0m | [32minfo    [m | [35m            UMD[0m | [37mInitializing iommu for sysmem (size: 0x40000000).[0m [90m(silicon_sysmem_manager.cpp:277)[0m
[1,0]<stdout>:[90m2026-02-27 17:46:29.553[0m | [32minfo    [m | [35m            UMD[0m | [37mAllocating sysmem without hugepages (size: 0x40000000).[0m [90m(silicon_sysmem_manager.cpp:283)[0m
[1,1]<stdout>:[90m2026-02-27 17:46:29.633[0m | [32minfo    [m | [35m            UMD[0m | [37mHarvesting masks for chip 12 tensix: 0x10 dram: 0x0 eth: 0x120 pcie: 0x1 l2cpu: 0x0[0m [90m(cluster.cpp:331)[0m
[1,1]<stdout>:[90m2026-02-27 17:46:29.644[0m | [32minfo    [m | [35m            UMD[0m | [37mInitializing iommu for sysmem (size: 0x40000000).[0m [90m(silicon_sysmem_manager.cpp:277)[0m
[1,1]<stdout>:[90m2026-02-27 17:46:29.644[0m | [32minfo    [m | [35m            UMD[0m | [37mAllocating sysmem without hugepages (size: 0x40000000).[0m [90m(silicon_sysmem_manager.cpp:283)[0m
[1,0]<stdout>:[90m2026-02-27 17:46:29.873[0m | [32minfo    [m | [35m            UMD[0m | [37mHarvesting masks for chip 25 tensix: 0x400 dram: 0x0 eth: 0x120 pcie: 0x1 l2cpu: 0x0[0m [90m(cluster.cpp:331)[0m
[1,0]<stdout>:[90m2026-02-27 17:46:29.884[0m | [32minfo    [m | [35m            UMD[0m | [37mInitializing iommu for sysmem (size: 0x40000000).[0m [90m(silicon_sysmem_manager.cpp:277)[0m
[1,0]<stdout>:[90m2026-02-27 17:46:29.884[0m | [32minfo    [m | [35m            UMD[0m | [37mAllocating sysmem without hugepages (size: 0x40000000).[0m [90m(silicon_sysmem_manager.cpp:283)[0m
[1,1]<stdout>:[90m2026-02-27 17:46:29.974[0m | [32minfo    [m | [35m            UMD[0m | [37mHarvesting masks for chip 2 tensix: 0x1 dram: 0x0 eth: 0x120 pcie: 0x1 l2cpu: 0x0[0m [90m(cluster.cpp:331)[0m
[1,1]<stdout>:[90m2026-02-27 17:46:29.985[0m | [32minfo    [m | [35m            UMD[0m | [37mInitializing iommu for sysmem (size: 0x40000000).[0m [90m(silicon_sysmem_manager.cpp:277)[0m
[1,1]<stdout>:[90m2026-02-27 17:46:29.985[0m | [32minfo    [m | [35m            UMD[0m | [37mAllocating sysmem without hugepages (size: 0x40000000).[0m [90m(silicon_sysmem_manager.cpp:283)[0m
[1,0]<stdout>:[90m2026-02-27 17:46:30.205[0m | [32minfo    [m | [35m            UMD[0m | [37mHarvesting masks for chip 28 tensix: 0x10 dram: 0x0 eth: 0x120 pcie: 0x1 l2cpu: 0x0[0m [90m(cluster.cpp:331)[0m
[1,0]<stdout>:[90m2026-02-27 17:46:30.215[0m | [32minfo    [m | [35m            UMD[0m | [37mInitializing iommu for sysmem (size: 0x40000000).[0m [90m(silicon_sysmem_manager.cpp:277)[0m
[1,0]<stdout>:[90m2026-02-27 17:46:30.215[0m | [32minfo    [m | [35m            UMD[0m | [37mAllocating sysmem without hugepages (size: 0x40000000).[0m [90m(silicon_sysmem_manager.cpp:283)[0m
[1,1]<stdout>:[90m2026-02-27 17:46:30.313[0m | [32minfo    [m | [35m            UMD[0m | [37mHarvesting masks for chip 31 tensix: 0x10 dram: 0x0 eth: 0x120 pcie: 0x1 l2cpu: 0x0[0m [90m(cluster.cpp:331)[0m
[1,1]<stdout>:[90m2026-02-27 17:46:30.323[0m | [32minfo    [m | [35m            UMD[0m | [37mInitializing iommu for sysmem (size: 0x40000000).[0m [90m(silicon_sysmem_manager.cpp:277)[0m
[1,1]<stdout>:[90m2026-02-27 17:46:30.323[0m | [32minfo    [m | [35m            UMD[0m | [37mAllocating sysmem without hugepages (size: 0x40000000).[0m [90m(silicon_sysmem_manager.cpp:283)[0m
[1,0]<stdout>:[90m2026-02-27 17:46:30.538[0m | [32minfo    [m | [35m            UMD[0m | [37mHarvesting masks for chip 14 tensix: 0x100 dram: 0x0 eth: 0x120 pcie: 0x1 l2cpu: 0x0[0m [90m(cluster.cpp:331)[0m
[1,0]<stdout>:[90m2026-02-27 17:46:30.549[0m | [32minfo    [m | [35m            UMD[0m | [37mInitializing iommu for sysmem (size: 0x40000000).[0m [90m(silicon_sysmem_manager.cpp:277)[0m
[1,0]<stdout>:[90m2026-02-27 17:46:30.549[0m | [32minfo    [m | [35m            UMD[0m | [37mAllocating sysmem without hugepages (size: 0x40000000).[0m [90m(silicon_sysmem_manager.cpp:283)[0m
[1,1]<stdout>:[90m2026-02-27 17:46:30.651[0m | [32minfo    [m | [35m            UMD[0m | [37mHarvesting masks for chip 11 tensix: 0x100 dram: 0x0 eth: 0x120 pcie: 0x1 l2cpu: 0x0[0m [90m(cluster.cpp:331)[0m
[1,1]<stdout>:[90m2026-02-27 17:46:30.662[0m | [32minfo    [m | [35m            UMD[0m | [37mInitializing iommu for sysmem (size: 0x40000000).[0m [90m(silicon_sysmem_manager.cpp:277)[0m
[1,1]<stdout>:[90m2026-02-27 17:46:30.662[0m | [32minfo    [m | [35m            UMD[0m | [37mAllocating sysmem without hugepages (size: 0x40000000).[0m [90m(silicon_sysmem_manager.cpp:283)[0m
[1,0]<stdout>:[90m2026-02-27 17:46:30.871[0m | [32minfo    [m | [35m            UMD[0m | [37mHarvesting masks for chip 11 tensix: 0x1000 dram: 0x0 eth: 0x120 pcie: 0x1 l2cpu: 0x0[0m [90m(cluster.cpp:331)[0m
[1,0]<stdout>:[90m2026-02-27 17:46:30.881[0m | [32minfo    [m | [35m            UMD[0m | [37mInitializing iommu for sysmem (size: 0x40000000).[0m [90m(silicon_sysmem_manager.cpp:277)[0m
[1,0]<stdout>:[90m2026-02-27 17:46:30.881[0m | [32minfo    [m | [35m            UMD[0m | [37mAllocating sysmem without hugepages (size: 0x40000000).[0m [90m(silicon_sysmem_manager.cpp:283)[0m
[1,1]<stdout>:[90m2026-02-27 17:46:30.990[0m | [32minfo    [m | [35m            UMD[0m | [37mHarvesting masks for chip 3 tensix: 0x10 dram: 0x0 eth: 0x120 pcie: 0x1 l2cpu: 0x0[0m [90m(cluster.cpp:331)[0m
[1,1]<stdout>:[90m2026-02-27 17:46:31.001[0m | [32minfo    [m | [35m            UMD[0m | [37mInitializing iommu for sysmem (size: 0x40000000).[0m [90m(silicon_sysmem_manager.cpp:277)[0m
[1,1]<stdout>:[90m2026-02-27 17:46:31.001[0m | [32minfo    [m | [35m            UMD[0m | [37mAllocating sysmem without hugepages (size: 0x40000000).[0m [90m(silicon_sysmem_manager.cpp:283)[0m
[1,0]<stdout>:[90m2026-02-27 17:46:31.205[0m | [32minfo    [m | [35m            UMD[0m | [37mHarvesting masks for chip 27 tensix: 0x1 dram: 0x0 eth: 0x120 pcie: 0x1 l2cpu: 0x0[0m [90m(cluster.cpp:331)[0m
[1,0]<stdout>:[90m2026-02-27 17:46:31.216[0m | [32minfo    [m | [35m            UMD[0m | [37mInitializing iommu for sysmem (size: 0x40000000).[0m [90m(silicon_sysmem_manager.cpp:277)[0m
[1,0]<stdout>:[90m2026-02-27 17:46:31.216[0m | [32minfo    [m | [35m            UMD[0m | [37mAllocating sysmem without hugepages (size: 0x40000000).[0m [90m(silicon_sysmem_manager.cpp:283)[0m
[1,1]<stdout>:[90m2026-02-27 17:46:31.328[0m | [32minfo    [m | [35m            UMD[0m | [37mHarvesting masks for chip 10 tensix: 0x800 dram: 0x0 eth: 0x120 pcie: 0x1 l2cpu: 0x0[0m [90m(cluster.cpp:331)[0m
[1,1]<stdout>:[90m2026-02-27 17:46:31.339[0m | [32minfo    [m | [35m            UMD[0m | [37mInitializing iommu for sysmem (size: 0x40000000).[0m [90m(silicon_sysmem_manager.cpp:277)[0m
[1,1]<stdout>:[90m2026-02-27 17:46:31.339[0m | [32minfo    [m | [35m            UMD[0m | [37mAllocating sysmem without hugepages (size: 0x40000000).[0m [90m(silicon_sysmem_manager.cpp:283)[0m
[1,0]<stdout>:[90m2026-02-27 17:46:31.539[0m | [32minfo    [m | [35m            UMD[0m | [37mHarvesting masks for chip 22 tensix: 0x20 dram: 0x0 eth: 0x120 pcie: 0x1 l2cpu: 0x0[0m [90m(cluster.cpp:331)[0m
[1,0]<stdout>:[90m2026-02-27 17:46:31.549[0m | [32minfo    [m | [35m            UMD[0m | [37mInitializing iommu for sysmem (size: 0x40000000).[0m [90m(silicon_sysmem_manager.cpp:277)[0m
[1,0]<stdout>:[90m2026-02-27 17:46:31.549[0m | [32minfo    [m | [35m            UMD[0m | [37mAllocating sysmem without hugepages (size: 0x40000000).[0m [90m(silicon_sysmem_manager.cpp:283)[0m
[1,1]<stdout>:[90m2026-02-27 17:46:31.667[0m | [32minfo    [m | [35m            UMD[0m | [37mHarvesting masks for chip 24 tensix: 0x400 dram: 0x0 eth: 0x120 pcie: 0x1 l2cpu: 0x0[0m [90m(cluster.cpp:331)[0m
[1,1]<stdout>:[90m2026-02-27 17:46:31.677[0m | [32minfo    [m | [35m            UMD[0m | [37mInitializing iommu for sysmem (size: 0x40000000).[0m [90m(silicon_sysmem_manager.cpp:277)[0m
[1,1]<stdout>:[90m2026-02-27 17:46:31.677[0m | [32minfo    [m | [35m            UMD[0m | [37mAllocating sysmem without hugepages (size: 0x40000000).[0m [90m(silicon_sysmem_manager.cpp:283)[0m
[1,0]<stdout>:[90m2026-02-27 17:46:31.870[0m | [32minfo    [m | [35m            UMD[0m | [37mHarvesting masks for chip 16 tensix: 0x4 dram: 0x0 eth: 0x120 pcie: 0x1 l2cpu: 0x0[0m [90m(cluster.cpp:331)[0m
[1,0]<stdout>:[90m2026-02-27 17:46:31.881[0m | [32minfo    [m | [35m            UMD[0m | [37mInitializing iommu for sysmem (size: 0x40000000).[0m [90m(silicon_sysmem_manager.cpp:277)[0m
[1,0]<stdout>:[90m2026-02-27 17:46:31.881[0m | [32minfo    [m | [35m            UMD[0m | [37mAllocating sysmem without hugepages (size: 0x40000000).[0m [90m(silicon_sysmem_manager.cpp:283)[0m
[1,1]<stdout>:[90m2026-02-27 17:46:32.004[0m | [32minfo    [m | [35m            UMD[0m | [37mHarvesting masks for chip 26 tensix: 0x400 dram: 0x0 eth: 0x120 pcie: 0x1 l2cpu: 0x0[0m [90m(cluster.cpp:331)[0m
[1,1]<stdout>:[90m2026-02-27 17:46:32.015[0m | [32minfo    [m | [35m            UMD[0m | [37mInitializing iommu for sysmem (size: 0x40000000).[0m [90m(silicon_sysmem_manager.cpp:277)[0m
[1,1]<stdout>:[90m2026-02-27 17:46:32.015[0m | [32minfo    [m | [35m            UMD[0m | [37mAllocating sysmem without hugepages (size: 0x40000000).[0m [90m(silicon_sysmem_manager.cpp:283)[0m
[1,0]<stdout>:[90m2026-02-27 17:46:32.203[0m | [32minfo    [m | [35m            UMD[0m | [37mHarvesting masks for chip 8 tensix: 0x4 dram: 0x0 eth: 0x120 pcie: 0x1 l2cpu: 0x0[0m [90m(cluster.cpp:331)[0m
[1,0]<stdout>:[90m2026-02-27 17:46:32.214[0m | [32minfo    [m | [35m            UMD[0m | [37mInitializing iommu for sysmem (size: 0x40000000).[0m [90m(silicon_sysmem_manager.cpp:277)[0m
[1,0]<stdout>:[90m2026-02-27 17:46:32.214[0m | [32minfo    [m | [35m            UMD[0m | [37mAllocating sysmem without hugepages (size: 0x40000000).[0m [90m(silicon_sysmem_manager.cpp:283)[0m
[1,1]<stdout>:[90m2026-02-27 17:46:32.342[0m | [32minfo    [m | [35m            UMD[0m | [37mHarvesting masks for chip 28 tensix: 0x1000 dram: 0x0 eth: 0x120 pcie: 0x1 l2cpu: 0x0[0m [90m(cluster.cpp:331)[0m
[1,1]<stdout>:[90m2026-02-27 17:46:32.352[0m | [32minfo    [m | [35m            UMD[0m | [37mInitializing iommu for sysmem (size: 0x40000000).[0m [90m(silicon_sysmem_manager.cpp:277)[0m
[1,1]<stdout>:[90m2026-02-27 17:46:32.352[0m | [32minfo    [m | [35m            UMD[0m | [37mAllocating sysmem without hugepages (size: 0x40000000).[0m [90m(silicon_sysmem_manager.cpp:283)[0m
[1,0]<stdout>:[90m2026-02-27 17:46:32.536[0m | [32minfo    [m | [35m            UMD[0m | [37mHarvesting masks for chip 7 tensix: 0x80 dram: 0x0 eth: 0x120 pcie: 0x1 l2cpu: 0x0[0m [90m(cluster.cpp:331)[0m
[1,0]<stdout>:[90m2026-02-27 17:46:32.546[0m | [32minfo    [m | [35m            UMD[0m | [37mInitializing iommu for sysmem (size: 0x40000000).[0m [90m(silicon_sysmem_manager.cpp:277)[0m
[1,0]<stdout>:[90m2026-02-27 17:46:32.546[0m | [32minfo    [m | [35m            UMD[0m | [37mAllocating sysmem without hugepages (size: 0x40000000).[0m [90m(silicon_sysmem_manager.cpp:283)[0m
[1,1]<stdout>:[90m2026-02-27 17:46:32.679[0m | [32minfo    [m | [35m            UMD[0m | [37mHarvesting masks for chip 5 tensix: 0x80 dram: 0x0 eth: 0x120 pcie: 0x1 l2cpu: 0x0[0m [90m(cluster.cpp:331)[0m
[1,1]<stdout>:[90m2026-02-27 17:46:32.689[0m | [32minfo    [m | [35m            UMD[0m | [37mInitializing iommu for sysmem (size: 0x40000000).[0m [90m(silicon_sysmem_manager.cpp:277)[0m
[1,1]<stdout>:[90m2026-02-27 17:46:32.689[0m | [32minfo    [m | [35m            UMD[0m | [37mAllocating sysmem without hugepages (size: 0x40000000).[0m [90m(silicon_sysmem_manager.cpp:283)[0m
[1,0]<stdout>:[90m2026-02-27 17:46:32.867[0m | [32minfo    [m | [35m            UMD[0m | [37mHarvesting masks for chip 23 tensix: 0x800 dram: 0x0 eth: 0x120 pcie: 0x1 l2cpu: 0x0[0m [90m(cluster.cpp:331)[0m
[1,0]<stdout>:[90m2026-02-27 17:46:32.878[0m | [32minfo    [m | [35m            UMD[0m | [37mInitializing iommu for sysmem (size: 0x40000000).[0m [90m(silicon_sysmem_manager.cpp:277)[0m
[1,0]<stdout>:[90m2026-02-27 17:46:32.878[0m | [32minfo    [m | [35m            UMD[0m | [37mAllocating sysmem without hugepages (size: 0x40000000).[0m [90m(silicon_sysmem_manager.cpp:283)[0m
[1,1]<stdout>:[90m2026-02-27 17:46:33.016[0m | [32minfo    [m | [35m            UMD[0m | [37mHarvesting masks for chip 1 tensix: 0x10 dram: 0x0 eth: 0x120 pcie: 0x1 l2cpu: 0x0[0m [90m(cluster.cpp:331)[0m
[1,1]<stdout>:[90m2026-02-27 17:46:33.026[0m | [32minfo    [m | [35m            UMD[0m | [37mInitializing iommu for sysmem (size: 0x40000000).[0m [90m(silicon_sysmem_manager.cpp:277)[0m
[1,1]<stdout>:[90m2026-02-27 17:46:33.026[0m | [32minfo    [m | [35m            UMD[0m | [37mAllocating sysmem without hugepages (size: 0x40000000).[0m [90m(silicon_sysmem_manager.cpp:283)[0m
[1,0]<stdout>:[90m2026-02-27 17:46:33.198[0m | [32minfo    [m | [35m            UMD[0m | [37mHarvesting masks for chip 26 tensix: 0x2 dram: 0x0 eth: 0x120 pcie: 0x1 l2cpu: 0x0[0m [90m(cluster.cpp:331)[0m
[1,0]<stdout>:[90m2026-02-27 17:46:33.208[0m | [32minfo    [m | [35m            UMD[0m | [37mInitializing iommu for sysmem (size: 0x40000000).[0m [90m(silicon_sysmem_manager.cpp:277)[0m
[1,0]<stdout>:[90m2026-02-27 17:46:33.208[0m | [32minfo    [m | [35m            UMD[0m | [37mAllocating sysmem without hugepages (size: 0x40000000).[0m [90m(silicon_sysmem_manager.cpp:283)[0m
[1,1]<stdout>:[90m2026-02-27 17:46:33.354[0m | [32minfo    [m | [35m            UMD[0m | [37mHarvesting masks for chip 30 tensix: 0x2 dram: 0x0 eth: 0x120 pcie: 0x1 l2cpu: 0x0[0m [90m(cluster.cpp:331)[0m
[1,1]<stdout>:[90m2026-02-27 17:46:33.365[0m | [32minfo    [m | [35m            UMD[0m | [37mInitializing iommu for sysmem (size: 0x40000000).[0m [90m(silicon_sysmem_manager.cpp:277)[0m
[1,1]<stdout>:[90m2026-02-27 17:46:33.365[0m | [32minfo    [m | [35m            UMD[0m | [37mAllocating sysmem without hugepages (size: 0x40000000).[0m [90m(silicon_sysmem_manager.cpp:283)[0m
[1,0]<stdout>:[90m2026-02-27 17:46:33.529[0m | [32minfo    [m | [35m            UMD[0m | [37mHarvesting masks for chip 30 tensix: 0x2000 dram: 0x0 eth: 0x120 pcie: 0x1 l2cpu: 0x0[0m [90m(cluster.cpp:331)[0m
[1,0]<stdout>:[90m2026-02-27 17:46:33.539[0m | [32minfo    [m | [35m            UMD[0m | [37mInitializing iommu for sysmem (size: 0x40000000).[0m [90m(silicon_sysmem_manager.cpp:277)[0m
[1,0]<stdout>:[90m2026-02-27 17:46:33.539[0m | [32minfo    [m | [35m            UMD[0m | [37mAllocating sysmem without hugepages (size: 0x40000000).[0m [90m(silicon_sysmem_manager.cpp:283)[0m
[1,1]<stdout>:[90m2026-02-27 17:46:33.691[0m | [32minfo    [m | [35m            UMD[0m | [37mHarvesting masks for chip 13 tensix: 0x80 dram: 0x0 eth: 0x120 pcie: 0x1 l2cpu: 0x0[0m [90m(cluster.cpp:331)[0m
[1,1]<stdout>:[90m2026-02-27 17:46:33.701[0m | [32minfo    [m | [35m            UMD[0m | [37mInitializing iommu for sysmem (size: 0x40000000).[0m [90m(silicon_sysmem_manager.cpp:277)[0m
[1,1]<stdout>:[90m2026-02-27 17:46:33.701[0m | [32minfo    [m | [35m            UMD[0m | [37mAllocating sysmem without hugepages (size: 0x40000000).[0m [90m(silicon_sysmem_manager.cpp:283)[0m
[1,0]<stdout>:[90m2026-02-27 17:46:33.858[0m | [32minfo    [m | [35m            UMD[0m | [37mHarvesting masks for chip 1 tensix: 0x800 dram: 0x0 eth: 0x120 pcie: 0x1 l2cpu: 0x0[0m [90m(cluster.cpp:331)[0m
[1,0]<stdout>:[90m2026-02-27 17:46:33.869[0m | [32minfo    [m | [35m            UMD[0m | [37mInitializing iommu for sysmem (size: 0x40000000).[0m [90m(silicon_sysmem_manager.cpp:277)[0m
[1,0]<stdout>:[90m2026-02-27 17:46:33.869[0m | [32minfo    [m | [35m            UMD[0m | [37mAllocating sysmem without hugepages (size: 0x40000000).[0m [90m(silicon_sysmem_manager.cpp:283)[0m
[1,1]<stdout>:[90m2026-02-27 17:46:34.028[0m | [32minfo    [m | [35m            UMD[0m | [37mHarvesting masks for chip 9 tensix: 0x20 dram: 0x0 eth: 0x120 pcie: 0x1 l2cpu: 0x0[0m [90m(cluster.cpp:331)[0m
[1,1]<stdout>:[90m2026-02-27 17:46:34.039[0m | [32minfo    [m | [35m            UMD[0m | [37mInitializing iommu for sysmem (size: 0x40000000).[0m [90m(silicon_sysmem_manager.cpp:277)[0m
[1,1]<stdout>:[90m2026-02-27 17:46:34.039[0m | [32minfo    [m | [35m            UMD[0m | [37mAllocating sysmem without hugepages (size: 0x40000000).[0m [90m(silicon_sysmem_manager.cpp:283)[0m
[1,0]<stdout>:[90m2026-02-27 17:46:34.188[0m | [32minfo    [m | [35m            UMD[0m | [37mHarvesting masks for chip 21 tensix: 0x1000 dram: 0x0 eth: 0x120 pcie: 0x1 l2cpu: 0x0[0m [90m(cluster.cpp:331)[0m
[1,0]<stdout>:[90m2026-02-27 17:46:34.199[0m | [32minfo    [m | [35m            UMD[0m | [37mInitializing iommu for sysmem (size: 0x40000000).[0m [90m(silicon_sysmem_manager.cpp:277)[0m
[1,0]<stdout>:[90m2026-02-27 17:46:34.199[0m | [32minfo    [m | [35m            UMD[0m | [37mAllocating sysmem without hugepages (size: 0x40000000).[0m [90m(silicon_sysmem_manager.cpp:283)[0m
[1,1]<stdout>:[90m2026-02-27 17:46:34.364[0m | [32minfo    [m | [35m            UMD[0m | [37mHarvesting masks for chip 14 tensix: 0x1 dram: 0x0 eth: 0x120 pcie: 0x1 l2cpu: 0x0[0m [90m(cluster.cpp:331)[0m
[1,1]<stdout>:[90m2026-02-27 17:46:34.375[0m | [32minfo    [m | [35m            UMD[0m | [37mInitializing iommu for sysmem (size: 0x40000000).[0m [90m(silicon_sysmem_manager.cpp:277)[0m
[1,1]<stdout>:[90m2026-02-27 17:46:34.375[0m | [32minfo    [m | [35m            UMD[0m | [37mAllocating sysmem without hugepages (size: 0x40000000).[0m [90m(silicon_sysmem_manager.cpp:283)[0m
[1,0]<stdout>:[90m2026-02-27 17:46:34.519[0m | [32minfo    [m | [35m            UMD[0m | [37mOpening local chip ids/PCIe ids: {0, 1, 2, 3, 4, 5, 6, 7, 8, 9, 10, 11, 12, 13, 14, 15, 16, 17, 18, 19, 20, 21, 22, 23, 24, 25, 26, 27, 28, 29, 30, 31}/[29, 24, 7, 14, 12, 1, 13, 4, 8, 27, 19, 26, 21, 2, 10, 5, 22, 15, 11, 23, 16, 0, 31, 30, 17, 18, 9, 6, 25, 3, 20, 28] and remote chip ids {}[0m [90m(cluster.cpp:180)[0m
[1,0]<stdout>:[90m2026-02-27 17:46:34.519[0m | [32minfo    [m | [35m            UMD[0m | [37mIOMMU: enabled[0m [90m(cluster.cpp:155)[0m
[1,0]<stdout>:[90m2026-02-27 17:46:34.519[0m | [32minfo    [m | [35m            UMD[0m | [37mKMD version: 2.5.0[0m [90m(cluster.cpp:158)[0m
[1,0]<stdout>:[90m2026-02-27 17:46:34.538[0m | [32minfo    [m | [35m            UMD[0m | [37mStarting devices in cluster[0m [90m(cluster.cpp:964)[0m
[1,0]<stdout>:[90m2026-02-27 17:46:34.554[0m | [32minfo    [m | [35m            UMD[0m | [37mMapped sysmem without hugepages to IOVA 0x80000000; NOC address 0x1000000000000000[0m [90m(silicon_sysmem_manager.cpp:331)[0m
[1,0]<stdout>:[90m2026-02-27 17:46:34.571[0m | [32minfo    [m | [35m            UMD[0m | [37mMapped sysmem without hugepages to IOVA 0x80000000; NOC address 0x1000000000000000[0m [90m(silicon_sysmem_manager.cpp:331)[0m
[1,0]<stdout>:[90m2026-02-27 17:46:34.596[0m | [32minfo    [m | [35m            UMD[0m | [37mMapped sysmem without hugepages to IOVA 0x80000000; NOC address 0x1000000000000000[0m [90m(silicon_sysmem_manager.cpp:331)[0m
[1,0]<stdout>:[90m2026-02-27 17:46:34.613[0m | [32minfo    [m | [35m            UMD[0m | [37mMapped sysmem without hugepages to IOVA 0x80000000; NOC address 0x1000000000000000[0m [90m(silicon_sysmem_manager.cpp:331)[0m
[1,0]<stdout>:[90m2026-02-27 17:46:34.656[0m | [32minfo    [m | [35m            UMD[0m | [37mMapped sysmem without hugepages to IOVA 0x80000000; NOC address 0x1000000000000000[0m [90m(silicon_sysmem_manager.cpp:331)[0m
[1,0]<stdout>:[90m2026-02-27 17:46:34.680[0m | [32minfo    [m | [35m            UMD[0m | [37mMapped sysmem without hugepages to IOVA 0x80000000; NOC address 0x1000000000000000[0m [90m(silicon_sysmem_manager.cpp:331)[0m
[1,1]<stdout>:[90m2026-02-27 17:46:34.701[0m | [32minfo    [m | [35m            UMD[0m | [37mOpening local chip ids/PCIe ids: {0, 1, 2, 3, 4, 5, 6, 7, 8, 9, 10, 11, 12, 13, 14, 15, 16, 17, 18, 19, 20, 21, 22, 23, 24, 25, 26, 27, 28, 29, 30, 31}/[23, 28, 17, 10, 8, 0, 29, 21, 18, 25, 19, 5, 14, 3, 27, 13, 22, 26, 16, 11, 4, 2, 24, 20, 15, 7, 9, 30, 6, 1, 12, 31] and remote chip ids {}[0m [90m(cluster.cpp:180)[0m
[1,1]<stdout>:[90m2026-02-27 17:46:34.702[0m | [32minfo    [m | [35m            UMD[0m | [37mIOMMU: enabled[0m [90m(cluster.cpp:155)[0m
[1,1]<stdout>:[90m2026-02-27 17:46:34.702[0m | [32minfo    [m | [35m            UMD[0m | [37mKMD version: 2.5.0[0m [90m(cluster.cpp:158)[0m
[1,0]<stdout>:[90m2026-02-27 17:46:34.704[0m | [32minfo    [m | [35m            UMD[0m | [37mMapped sysmem without hugepages to IOVA 0x80000000; NOC address 0x1000000000000000[0m [90m(silicon_sysmem_manager.cpp:331)[0m
[1,1]<stdout>:[90m2026-02-27 17:46:34.720[0m | [32minfo    [m | [35m            UMD[0m | [37mStarting devices in cluster[0m [90m(cluster.cpp:964)[0m
[1,0]<stdout>:[90m2026-02-27 17:46:34.721[0m | [32minfo    [m | [35m            UMD[0m | [37mMapped sysmem without hugepages to IOVA 0x80000000; NOC address 0x1000000000000000[0m [90m(silicon_sysmem_manager.cpp:331)[0m
[1,0]<stdout>:[90m2026-02-27 17:46:34.741[0m | [32minfo    [m | [35m            UMD[0m | [37mMapped sysmem without hugepages to IOVA 0x40000000; NOC address 0x1000000000000000[0m [90m(silicon_sysmem_manager.cpp:331)[0m
[1,1]<stdout>:[90m2026-02-27 17:46:34.749[0m | [32minfo    [m | [35m            UMD[0m | [37mMapped sysmem without hugepages to IOVA 0x80000000; NOC address 0x1000000000000000[0m [90m(silicon_sysmem_manager.cpp:331)[0m
[1,0]<stdout>:[90m2026-02-27 17:46:34.763[0m | [32minfo    [m | [35m            UMD[0m | [37mMapped sysmem without hugepages to IOVA 0x40000000; NOC address 0x1000000000000000[0m [90m(silicon_sysmem_manager.cpp:331)[0m
[1,1]<stdout>:[90m2026-02-27 17:46:34.769[0m | [32minfo    [m | [35m            UMD[0m | [37mMapped sysmem without hugepages to IOVA 0x80000000; NOC address 0x1000000000000000[0m [90m(silicon_sysmem_manager.cpp:331)[0m
[1,0]<stdout>:[90m2026-02-27 17:46:34.787[0m | [32minfo    [m | [35m            UMD[0m | [37mMapped sysmem without hugepages to IOVA 0x40000000; NOC address 0x1000000000000000[0m [90m(silicon_sysmem_manager.cpp:331)[0m
[1,1]<stdout>:[90m2026-02-27 17:46:34.788[0m | [32minfo    [m | [35m            UMD[0m | [37mMapped sysmem without hugepages to IOVA 0x80000000; NOC address 0x1000000000000000[0m [90m(silicon_sysmem_manager.cpp:331)[0m
[1,0]<stdout>:[90m2026-02-27 17:46:34.807[0m | [32minfo    [m | [35m            UMD[0m | [37mMapped sysmem without hugepages to IOVA 0x40000000; NOC address 0x1000000000000000[0m [90m(silicon_sysmem_manager.cpp:331)[0m
[1,1]<stdout>:[90m2026-02-27 17:46:34.807[0m | [32minfo    [m | [35m            UMD[0m | [37mMapped sysmem without hugepages to IOVA 0x80000000; NOC address 0x1000000000000000[0m [90m(silicon_sysmem_manager.cpp:331)[0m
[1,1]<stdout>:[90m2026-02-27 17:46:34.827[0m | [32minfo    [m | [35m            UMD[0m | [37mMapped sysmem without hugepages to IOVA 0x80000000; NOC address 0x1000000000000000[0m [90m(silicon_sysmem_manager.cpp:331)[0m
[1,0]<stdout>:[90m2026-02-27 17:46:34.837[0m | [32minfo    [m | [35m            UMD[0m | [37mMapped sysmem without hugepages to IOVA 0x40000000; NOC address 0x1000000000000000[0m [90m(silicon_sysmem_manager.cpp:331)[0m
[1,1]<stdout>:[90m2026-02-27 17:46:34.846[0m | [32minfo    [m | [35m            UMD[0m | [37mMapped sysmem without hugepages to IOVA 0x80000000; NOC address 0x1000000000000000[0m [90m(silicon_sysmem_manager.cpp:331)[0m
[1,0]<stdout>:[90m2026-02-27 17:46:34.867[0m | [32minfo    [m | [35m            UMD[0m | [37mMapped sysmem without hugepages to IOVA 0x40000000; NOC address 0x1000000000000000[0m [90m(silicon_sysmem_manager.cpp:331)[0m
[1,1]<stdout>:[90m2026-02-27 17:46:34.866[0m | [32minfo    [m | [35m            UMD[0m | [37mMapped sysmem without hugepages to IOVA 0x80000000; NOC address 0x1000000000000000[0m [90m(silicon_sysmem_manager.cpp:331)[0m
[1,0]<stdout>:[90m2026-02-27 17:46:34.883[0m | [32minfo    [m | [35m            UMD[0m | [37mMapped sysmem without hugepages to IOVA 0x40000000; NOC address 0x1000000000000000[0m [90m(silicon_sysmem_manager.cpp:331)[0m
[1,0]<stdout>:[90m2026-02-27 17:46:34.904[0m | [32minfo    [m | [35m            UMD[0m | [37mMapped sysmem without hugepages to IOVA 0x40000000; NOC address 0x1000000000000000[0m [90m(silicon_sysmem_manager.cpp:331)[0m
[1,1]<stdout>:[90m2026-02-27 17:46:34.909[0m | [32minfo    [m | [35m            UMD[0m | [37mMapped sysmem without hugepages to IOVA 0x80000000; NOC address 0x1000000000000000[0m [90m(silicon_sysmem_manager.cpp:331)[0m
[1,0]<stdout>:[90m2026-02-27 17:46:34.925[0m | [32minfo    [m | [35m            UMD[0m | [37mMapped sysmem without hugepages to IOVA 0x80000000; NOC address 0x1000000000000000[0m [90m(silicon_sysmem_manager.cpp:331)[0m
[1,1]<stdout>:[90m2026-02-27 17:46:34.933[0m | [32minfo    [m | [35m            UMD[0m | [37mMapped sysmem without hugepages to IOVA 0x40000000; NOC address 0x1000000000000000[0m [90m(silicon_sysmem_manager.cpp:331)[0m
[1,1]<stdout>:[90m2026-02-27 17:46:34.951[0m | [32minfo    [m | [35m            UMD[0m | [37mMapped sysmem without hugepages to IOVA 0x40000000; NOC address 0x1000000000000000[0m [90m(silicon_sysmem_manager.cpp:331)[0m
[1,0]<stdout>:[90m2026-02-27 17:46:34.954[0m | [32minfo    [m | [35m            UMD[0m | [37mMapped sysmem without hugepages to IOVA 0x80000000; NOC address 0x1000000000000000[0m [90m(silicon_sysmem_manager.cpp:331)[0m
[1,1]<stdout>:[90m2026-02-27 17:46:34.971[0m | [32minfo    [m | [35m            UMD[0m | [37mMapped sysmem without hugepages to IOVA 0x40000000; NOC address 0x1000000000000000[0m [90m(silicon_sysmem_manager.cpp:331)[0m
[1,0]<stdout>:[90m2026-02-27 17:46:34.983[0m | [32minfo    [m | [35m            UMD[0m | [37mMapped sysmem without hugepages to IOVA 0x80000000; NOC address 0x1000000000000000[0m [90m(silicon_sysmem_manager.cpp:331)[0m
[1,1]<stdout>:[90m2026-02-27 17:46:34.990[0m | [32minfo    [m | [35m            UMD[0m | [37mMapped sysmem without hugepages to IOVA 0x40000000; NOC address 0x1000000000000000[0m [90m(silicon_sysmem_manager.cpp:331)[0m
[1,0]<stdout>:[90m2026-02-27 17:46:35.006[0m | [32minfo    [m | [35m            UMD[0m | [37mMapped sysmem without hugepages to IOVA 0x80000000; NOC address 0x1000000000000000[0m [90m(silicon_sysmem_manager.cpp:331)[0m
[1,1]<stdout>:[90m2026-02-27 17:46:35.009[0m | [32minfo    [m | [35m            UMD[0m | [37mMapped sysmem without hugepages to IOVA 0x40000000; NOC address 0x1000000000000000[0m [90m(silicon_sysmem_manager.cpp:331)[0m
[1,1]<stdout>:[90m2026-02-27 17:46:35.028[0m | [32minfo    [m | [35m            UMD[0m | [37mMapped sysmem without hugepages to IOVA 0x40000000; NOC address 0x1000000000000000[0m [90m(silicon_sysmem_manager.cpp:331)[0m
[1,0]<stdout>:[90m2026-02-27 17:46:35.028[0m | [32minfo    [m | [35m            UMD[0m | [37mMapped sysmem without hugepages to IOVA 0x80000000; NOC address 0x1000000000000000[0m [90m(silicon_sysmem_manager.cpp:331)[0m
[1,1]<stdout>:[90m2026-02-27 17:46:35.044[0m | [32minfo    [m | [35m            UMD[0m | [37mMapped sysmem without hugepages to IOVA 0x40000000; NOC address 0x1000000000000000[0m [90m(silicon_sysmem_manager.cpp:331)[0m
[1,0]<stdout>:[90m2026-02-27 17:46:35.046[0m | [32minfo    [m | [35m            UMD[0m | [37mMapped sysmem without hugepages to IOVA 0x80000000; NOC address 0x1000000000000000[0m [90m(silicon_sysmem_manager.cpp:331)[0m
[1,1]<stdout>:[90m2026-02-27 17:46:35.063[0m | [32minfo    [m | [35m            UMD[0m | [37mMapped sysmem without hugepages to IOVA 0x40000000; NOC address 0x1000000000000000[0m [90m(silicon_sysmem_manager.cpp:331)[0m
[1,0]<stdout>:[90m2026-02-27 17:46:35.066[0m | [32minfo    [m | [35m            UMD[0m | [37mMapped sysmem without hugepages to IOVA 0x80000000; NOC address 0x1000000000000000[0m [90m(silicon_sysmem_manager.cpp:331)[0m
[1,0]<stdout>:[90m2026-02-27 17:46:35.083[0m | [32minfo    [m | [35m            UMD[0m | [37mMapped sysmem without hugepages to IOVA 0x80000000; NOC address 0x1000000000000000[0m [90m(silicon_sysmem_manager.cpp:331)[0m
[1,1]<stdout>:[90m2026-02-27 17:46:35.092[0m | [32minfo    [m | [35m            UMD[0m | [37mMapped sysmem without hugepages to IOVA 0x80000000; NOC address 0x1000000000000000[0m [90m(silicon_sysmem_manager.cpp:331)[0m
[1,0]<stdout>:[90m2026-02-27 17:46:35.110[0m | [32minfo    [m | [35m            UMD[0m | [37mMapped sysmem without hugepages to IOVA 0x40000000; NOC address 0x1000000000000000[0m [90m(silicon_sysmem_manager.cpp:331)[0m
[1,1]<stdout>:[90m2026-02-27 17:46:35.110[0m | [32minfo    [m | [35m            UMD[0m | [37mMapped sysmem without hugepages to IOVA 0x80000000; NOC address 0x1000000000000000[0m [90m(silicon_sysmem_manager.cpp:331)[0m
[1,0]<stdout>:[90m2026-02-27 17:46:35.128[0m | [32minfo    [m | [35m            UMD[0m | [37mMapped sysmem without hugepages to IOVA 0x40000000; NOC address 0x1000000000000000[0m [90m(silicon_sysmem_manager.cpp:331)[0m
[1,1]<stdout>:[90m2026-02-27 17:46:35.135[0m | [32minfo    [m | [35m            UMD[0m | [37mMapped sysmem without hugepages to IOVA 0x80000000; NOC address 0x1000000000000000[0m [90m(silicon_sysmem_manager.cpp:331)[0m
[1,0]<stdout>:[90m2026-02-27 17:46:35.144[0m | [32minfo    [m | [35m            UMD[0m | [37mMapped sysmem without hugepages to IOVA 0x40000000; NOC address 0x1000000000000000[0m [90m(silicon_sysmem_manager.cpp:331)[0m
[1,1]<stdout>:[90m2026-02-27 17:46:35.156[0m | [32minfo    [m | [35m            UMD[0m | [37mMapped sysmem without hugepages to IOVA 0x80000000; NOC address 0x1000000000000000[0m [90m(silicon_sysmem_manager.cpp:331)[0m
[1,0]<stdout>:[90m2026-02-27 17:46:35.165[0m | [32minfo    [m | [35m            UMD[0m | [37mMapped sysmem without hugepages to IOVA 0x40000000; NOC address 0x1000000000000000[0m [90m(silicon_sysmem_manager.cpp:331)[0m
[1,1]<stdout>:[90m2026-02-27 17:46:35.177[0m | [32minfo    [m | [35m            UMD[0m | [37mMapped sysmem without hugepages to IOVA 0x80000000; NOC address 0x1000000000000000[0m [90m(silicon_sysmem_manager.cpp:331)[0m
[1,0]<stdout>:[90m2026-02-27 17:46:35.182[0m | [32minfo    [m | [35m            UMD[0m | [37mMapped sysmem without hugepages to IOVA 0x40000000; NOC address 0x1000000000000000[0m [90m(silicon_sysmem_manager.cpp:331)[0m
[1,0]<stdout>:[90m2026-02-27 17:46:35.201[0m | [32minfo    [m | [35m            UMD[0m | [37mMapped sysmem without hugepages to IOVA 0x40000000; NOC address 0x1000000000000000[0m [90m(silicon_sysmem_manager.cpp:331)[0m
[1,1]<stdout>:[90m2026-02-27 17:46:35.202[0m | [32minfo    [m | [35m            UMD[0m | [37mMapped sysmem without hugepages to IOVA 0x80000000; NOC address 0x1000000000000000[0m [90m(silicon_sysmem_manager.cpp:331)[0m
[1,0]<stdout>:[90m2026-02-27 17:46:35.217[0m | [32minfo    [m | [35m            UMD[0m | [37mMapped sysmem without hugepages to IOVA 0x40000000; NOC address 0x1000000000000000[0m [90m(silicon_sysmem_manager.cpp:331)[0m
[1,1]<stdout>:[90m2026-02-27 17:46:35.223[0m | [32minfo    [m | [35m            UMD[0m | [37mMapped sysmem without hugepages to IOVA 0x80000000; NOC address 0x1000000000000000[0m [90m(silicon_sysmem_manager.cpp:331)[0m
[1,0]<stdout>:[90m2026-02-27 17:46:35.241[0m | [32minfo    [m | [35m            UMD[0m | [37mMapped sysmem without hugepages to IOVA 0x40000000; NOC address 0x1000000000000000[0m [90m(silicon_sysmem_manager.cpp:331)[0m
[1,1]<stdout>:[90m2026-02-27 17:46:35.247[0m | [32minfo    [m | [35m            UMD[0m | [37mMapped sysmem without hugepages to IOVA 0x80000000; NOC address 0x1000000000000000[0m [90m(silicon_sysmem_manager.cpp:331)[0m
[1,1]<stdout>:[90m2026-02-27 17:46:35.268[0m | [32minfo    [m | [35m            UMD[0m | [37mMapped sysmem without hugepages to IOVA 0x40000000; NOC address 0x1000000000000000[0m [90m(silicon_sysmem_manager.cpp:331)[0m
[1,1]<stdout>:[90m2026-02-27 17:46:35.299[0m | [32minfo    [m | [35m            UMD[0m | [37mMapped sysmem without hugepages to IOVA 0x40000000; NOC address 0x1000000000000000[0m [90m(silicon_sysmem_manager.cpp:331)[0m
[1,1]<stdout>:[90m2026-02-27 17:46:35.318[0m | [32minfo    [m | [35m            UMD[0m | [37mMapped sysmem without hugepages to IOVA 0x40000000; NOC address 0x1000000000000000[0m [90m(silicon_sysmem_manager.cpp:331)[0m
[1,1]<stdout>:[90m2026-02-27 17:46:35.348[0m | [32minfo    [m | [35m            UMD[0m | [37mMapped sysmem without hugepages to IOVA 0x40000000; NOC address 0x1000000000000000[0m [90m(silicon_sysmem_manager.cpp:331)[0m
[1,1]<stdout>:[90m2026-02-27 17:46:35.369[0m | [32minfo    [m | [35m            UMD[0m | [37mMapped sysmem without hugepages to IOVA 0x40000000; NOC address 0x1000000000000000[0m [90m(silicon_sysmem_manager.cpp:331)[0m
[1,1]<stdout>:[90m2026-02-27 17:46:35.400[0m | [32minfo    [m | [35m            UMD[0m | [37mMapped sysmem without hugepages to IOVA 0x40000000; NOC address 0x1000000000000000[0m [90m(silicon_sysmem_manager.cpp:331)[0m
[1,1]<stdout>:[90m2026-02-27 17:46:35.418[0m | [32minfo    [m | [35m            UMD[0m | [37mMapped sysmem without hugepages to IOVA 0x40000000; NOC address 0x1000000000000000[0m [90m(silicon_sysmem_manager.cpp:331)[0m
[1,1]<stdout>:[90m2026-02-27 17:46:35.438[0m | [32minfo    [m | [35m            UMD[0m | [37mMapped sysmem without hugepages to IOVA 0x40000000; NOC address 0x1000000000000000[0m [90m(silicon_sysmem_manager.cpp:331)[0m
[1,1]<stdout>:[0;32m[       OK ] [mPhysicalMappingGeneration.Generate2x4SliceToPCIeDeviceMapping (19083 ms)
[1,1]<stdout>:[0;32m[----------] [m1 test from PhysicalMappingGeneration (19083 ms total)
[1,1]<stdout>:
[1,1]<stdout>:[0;32m[----------] [mGlobal test environment tear-down
[1,1]<stdout>:[0;32m[==========] [m1 test from 1 test suite ran. (19083 ms total)
[1,1]<stdout>:[0;32m[  PASSED  ] [m1 test.
[1,1]<stdout>:[90m2026-02-27 17:46:42.147[0m | [32minfo    [m | [35m         Device[0m | [37mClosing user mode device drivers[0m [90m(tt_cluster.cpp:476)[0m
[1,1]<stdout>:[90m2026-02-27 17:46:42.147[0m | [32minfo    [m | [35m            UMD[0m | [37mClosing devices in cluster[0m [90m(cluster.cpp:975)[0m
[1,0]<stdout>:[0;32m[       OK ] [mPhysicalMappingGeneration.Generate2x4SliceToPCIeDeviceMapping (19081 ms)
[1,0]<stdout>:[0;32m[----------] [m1 test from PhysicalMappingGeneration (19081 ms total)
[1,0]<stdout>:
[1,0]<stdout>:[0;32m[----------] [mGlobal test environment tear-down
[1,0]<stdout>:[0;32m[==========] [m1 test from 1 test suite ran. (19081 ms total)
[1,0]<stdout>:[0;32m[  PASSED  ] [m1 test.
[1,0]<stdout>:[90m2026-02-27 17:46:42.157[0m | [32minfo    [m | [35m         Device[0m | [37mClosing user mode device drivers[0m [90m(tt_cluster.cpp:476)[0m
[1,0]<stdout>:[90m2026-02-27 17:46:42.157[0m | [32minfo    [m | [35m            UMD[0m | [37mClosing devices in cluster[0m [90m(cluster.cpp:975)[0m
