2026-07-02 23:09:42.139 | DEBUG    | ttnn:<module>:79 - Initial ttnn.CONFIG:
Config{cache_path=/home/ubuntu/.cache/ttnn,model_cache_path=/home/ubuntu/.cache/ttnn/models,tmp_dir=/tmp/ttnn,enable_model_cache=false,enable_fast_runtime_mode=true,throw_exception_on_fallback=false,enable_logging=false,enable_graph_report=false,enable_graph_python_stack_traces=false,enable_detailed_buffer_report=false,enable_detailed_tensor_report=false,enable_comparison_mode=false,comparison_mode_should_raise_exception=false,comparison_mode_pcc=0.9999,root_report_path=generated/ttnn/reports,report_name=std::nullopt,std::nullopt}
2026-07-02 23:09:42.220 | info     |          Device | Opening user mode device driver (tt_cluster.cpp:228)
2026-07-02 23:09:42.220 | info     |             UMD | Cluster constructor started. (cluster.cpp:348)
2026-07-02 23:09:42.220 | info     |             UMD | Creating TopologyDiscovery for architecture: blackhole (topology_discovery.cpp:91)
2026-07-02 23:09:42.220 | info     |             UMD | Starting topology discovery. (topology_discovery.cpp:110)
2026-07-02 23:09:42.221 | info     |             UMD | Established firmware bundle version: 19.9.0 (topology_discovery.cpp:569)
2026-07-02 23:09:42.221 | info     |             UMD | Firmware bundle version 19.9.0 on the system is newer than the latest fully tested version 19.5.0 for blackhole architecture. Newest features may not be supported. (topology_discovery.cpp:601)
2026-07-02 23:09:42.225 | info     |             UMD | Completed topology discovery. (topology_discovery.cpp:114)
2026-07-02 23:09:42.395 | info     |             UMD | Opening local chip ids/PCIe ids: {0, 1, 2, 3}/[1, 2, 3, 0] and remote chip ids {} (cluster.cpp:168)
2026-07-02 23:09:42.395 | info     |             UMD | IOMMU: enabled (cluster.cpp:142)
2026-07-02 23:09:42.395 | info     |             UMD | KMD version: 2.4.1 (cluster.cpp:145)
2026-07-02 23:09:42.395 | info     |             UMD | Cluster constructor completed. (cluster.cpp:520)
2026-07-02 23:09:42.398 | info     |             UMD | Starting devices in cluster (cluster.cpp:1024)
2026-07-02 23:09:42.557 | info     |             UMD | Starting devices in cluster completed. (cluster.cpp:1032)
2026-07-02 23:09:43.158 | info     |     Distributed | Using auto discovery to generate mesh graph. (metal_env.cpp:367)
2026-07-02 23:09:43.158 | info     |     Distributed | Constructing control plane using auto-discovery (no mesh graph descriptor). (metal_env.cpp:429)
2026-07-02 23:09:43.159 | info     |          Fabric | Logical multi-mesh adjacency: intermesh degree histogram {0:1}; intra-mesh degree histograms mesh0 {2:4} (topology_mapper_utils.cpp:2342)
2026-07-02 23:09:43.159 | info     |          Fabric | Physical multi-mesh adjacency: intermesh degree histogram {0:1}; intra-mesh degree histograms mesh0 {2:4} (topology_mapper_utils.cpp:2350)
2026-07-02 23:09:43.160 | DEBUG    | ttnn.device:__init__:152 - Using default dispatch core type for this system: DispatchCoreType.WORKER
2026-07-02 23:09:43.160 | DEBUG    | ttnn.device:__init__:154 - Using default dispatch core axis for this system: DispatchCoreAxis.COL
2026-07-02 23:09:43.175 | info     |    BuildKernels | Using pre-compiled firmware from: /home/ubuntu/tt-metal/tt_metal/pre-compiled/13793420398762238087/ (build_env_manager.cpp:347)
2026-07-02 23:09:43.175 | info     |    BuildKernels | Using pre-compiled firmware from: /home/ubuntu/tt-metal/tt_metal/pre-compiled/13793420398762238087/ (build_env_manager.cpp:347)
2026-07-02 23:09:43.175 | info     |    BuildKernels | Using pre-compiled firmware from: /home/ubuntu/tt-metal/tt_metal/pre-compiled/13793420398762238087/ (build_env_manager.cpp:347)
2026-07-02 23:09:43.175 | info     |    BuildKernels | Using pre-compiled firmware from: /home/ubuntu/tt-metal/tt_metal/pre-compiled/13793420398762238087/ (build_env_manager.cpp:347)
2026-07-02 23:09:43.233 | info     |           Metal | Initializing Fabric (fabric_firmware_initializer.cpp:288)
2026-07-02 23:09:43.305 | info     |           Metal | Fabric initialized on Device 0 (device.cpp:429)
2026-07-02 23:09:43.306 | info     |           Metal | Fabric initialized on Device 1 (device.cpp:429)
2026-07-02 23:09:43.308 | info     |           Metal | Fabric initialized on Device 2 (device.cpp:429)
2026-07-02 23:09:43.309 | info     |           Metal | Fabric initialized on Device 3 (device.cpp:429)
2026-07-02 23:09:43.309 | info     |           Metal | Fabric initialized on 4 devices (fabric_firmware_initializer.cpp:435)
2026-07-02 23:09:43.309 | info     |           Metal | Fabric Initialized with config FabricConfig::FABRIC_1D_RING (fabric_firmware_initializer.cpp:305)
2026-07-02 23:09:43.361 | info     |           Metal | ShmResourceTracker: removed orphaned shm '/tt_device_143238002115104_memory' (shm_resource_tracker.cpp:282)
2026-07-02 23:09:43.361 | info     |           Metal | ShmResourceTracker: removed orphaned shm '/tt_device_143238002118688_memory' (shm_resource_tracker.cpp:282)
2026-07-02 23:09:43.361 | info     |           Metal | ShmResourceTracker: removed orphaned shm '/tt_device_143238002114624_memory' (shm_resource_tracker.cpp:282)
2026-07-02 23:09:43.361 | info     |           Metal | ShmResourceTracker: removed orphaned shm '/tt_device_143238002115584_memory' (shm_resource_tracker.cpp:282)
2026-07-02 23:09:43.934 | info     |           Metal | [Real-time profiler] Device 0 sync complete: 100 samples, frequency=1.349975 GHz, device_time_at_sync=214464831163 cycles (realtime_profiler_manager.cpp:1127)
2026-07-02 23:09:43.945 | info     |           Metal | [Real-time profiler] Device 3 sync complete: 100 samples, frequency=1.349979 GHz, device_time_at_sync=215245845517 cycles (realtime_profiler_manager.cpp:1127)
2026-07-02 23:09:43.945 | info     |           Metal | [Real-time profiler] Device 1 sync complete: 100 samples, frequency=1.349981 GHz, device_time_at_sync=214887602662 cycles (realtime_profiler_manager.cpp:1127)
2026-07-02 23:09:43.945 | info     |           Metal | [Real-time profiler] Device 2 sync complete: 100 samples, frequency=1.349957 GHz, device_time_at_sync=214828980732 cycles (realtime_profiler_manager.cpp:1127)
[transformers] `torch_dtype` is deprecated! Use `dtype` instead!
Loading weights:   0%|          | 0/398 [00:00<?, ?it/s]Loading weights: 100%|██████████| 398/398 [00:00<00:00, 9131.97it/s]
2026-07-02 23:09:51.913 | info     |           Metal | Pinned source memory start address 0x7f50da58ce28 must be aligned 64 B (dispatch.cpp:1180)
2026-07-02 23:09:51.913 | info     |           Metal | Pinned source memory start address 0x7f50da58ce28 must be aligned 64 B (dispatch.cpp:1180)
2026-07-02 23:09:51.913 | info     |           Metal | Pinned source memory start address 0x7f50da58ce28 must be aligned 64 B (dispatch.cpp:1180)
2026-07-02 23:09:51.914 | info     |           Metal | Pinned source memory start address 0x7f50da58ce28 must be aligned 64 B (dispatch.cpp:1180)
2026-07-02 23:11:26.251 | INFO     | tracy:signpost:49 - PERF_MULTICHIP_PREFILL
2026-07-02 23:11:26.392 | INFO     | tracy:signpost:49 - PERF_MULTICHIP_PREFILL_END
2026-07-02 23:11:26.393 | INFO     | tracy:signpost:49 - PERF_MULTICHIP_PREFILL
2026-07-02 23:11:26.395 | INFO     | tracy:signpost:49 - PERF_MULTICHIP_PREFILL_END
2026-07-02 23:11:26.395 | INFO     | tracy:signpost:49 - PERF_MULTICHIP_PREFILL
2026-07-02 23:11:26.398 | INFO     | tracy:signpost:49 - PERF_MULTICHIP_PREFILL_END
2026-07-02 23:11:26.398 | INFO     | tracy:signpost:49 - PERF_MULTICHIP_PREFILL
2026-07-02 23:11:26.400 | INFO     | tracy:signpost:49 - PERF_MULTICHIP_PREFILL_END
2026-07-02 23:11:26.400 | INFO     | tracy:signpost:49 - PERF_MULTICHIP_PREFILL
2026-07-02 23:11:26.402 | INFO     | tracy:signpost:49 - PERF_MULTICHIP_PREFILL_END
2026-07-02 23:11:26.402 | INFO     | tracy:signpost:49 - PERF_MULTICHIP_PREFILL
2026-07-02 23:11:26.404 | INFO     | tracy:signpost:49 - PERF_MULTICHIP_PREFILL_END
2026-07-02 23:11:26.405 | INFO     | tracy:signpost:49 - PERF_MULTICHIP_PREFILL
2026-07-02 23:11:26.407 | INFO     | tracy:signpost:49 - PERF_MULTICHIP_PREFILL_END
2026-07-02 23:11:26.407 | INFO     | tracy:signpost:49 - PERF_MULTICHIP_PREFILL
2026-07-02 23:11:26.409 | INFO     | tracy:signpost:49 - PERF_MULTICHIP_PREFILL_END
2026-07-02 23:11:26.409 | INFO     | tracy:signpost:49 - PERF_MULTICHIP_PREFILL
2026-07-02 23:11:26.411 | INFO     | tracy:signpost:49 - PERF_MULTICHIP_PREFILL_END
2026-07-02 23:11:26.412 | INFO     | tracy:signpost:49 - PERF_MULTICHIP_PREFILL
2026-07-02 23:11:26.414 | INFO     | tracy:signpost:49 - PERF_MULTICHIP_PREFILL_END
2026-07-02 23:11:26.414 | INFO     | tracy:signpost:49 - PERF_MULTICHIP_PREFILL
2026-07-02 23:11:26.416 | INFO     | tracy:signpost:49 - PERF_MULTICHIP_PREFILL_END
2026-07-02 23:11:26.416 | INFO     | tracy:signpost:49 - PERF_MULTICHIP_PREFILL
2026-07-02 23:11:26.419 | INFO     | tracy:signpost:49 - PERF_MULTICHIP_PREFILL_END
2026-07-02 23:11:26.419 | INFO     | tracy:signpost:49 - PERF_MULTICHIP_PREFILL
2026-07-02 23:11:26.421 | INFO     | tracy:signpost:49 - PERF_MULTICHIP_PREFILL_END
2026-07-02 23:11:26.421 | INFO     | tracy:signpost:49 - PERF_MULTICHIP_PREFILL
2026-07-02 23:11:26.423 | INFO     | tracy:signpost:49 - PERF_MULTICHIP_PREFILL_END
2026-07-02 23:11:26.423 | INFO     | tracy:signpost:49 - PERF_MULTICHIP_PREFILL
2026-07-02 23:11:26.426 | INFO     | tracy:signpost:49 - PERF_MULTICHIP_PREFILL_END
2026-07-02 23:11:26.426 | INFO     | tracy:signpost:49 - PERF_MULTICHIP_PREFILL
2026-07-02 23:11:26.428 | INFO     | tracy:signpost:49 - PERF_MULTICHIP_PREFILL_END
2026-07-02 23:11:26.428 | INFO     | tracy:signpost:49 - PERF_MULTICHIP_PREFILL
2026-07-02 23:11:26.430 | INFO     | tracy:signpost:49 - PERF_MULTICHIP_PREFILL_END
2026-07-02 23:11:26.430 | INFO     | tracy:signpost:49 - PERF_MULTICHIP_PREFILL
2026-07-02 23:11:26.432 | INFO     | tracy:signpost:49 - PERF_MULTICHIP_PREFILL_END
2026-07-02 23:11:26.433 | INFO     | tracy:signpost:49 - PERF_MULTICHIP_PREFILL
2026-07-02 23:11:26.435 | INFO     | tracy:signpost:49 - PERF_MULTICHIP_PREFILL_END
2026-07-02 23:11:26.435 | INFO     | tracy:signpost:49 - PERF_MULTICHIP_PREFILL
2026-07-02 23:11:26.437 | INFO     | tracy:signpost:49 - PERF_MULTICHIP_PREFILL_END
2026-07-02 23:11:26.437 | INFO     | tracy:signpost:49 - PERF_MULTICHIP_PREFILL
2026-07-02 23:11:26.439 | INFO     | tracy:signpost:49 - PERF_MULTICHIP_PREFILL_END
2026-07-02 23:11:26.440 | INFO     | tracy:signpost:49 - PERF_MULTICHIP_PREFILL
2026-07-02 23:11:26.442 | INFO     | tracy:signpost:49 - PERF_MULTICHIP_PREFILL_END
2026-07-02 23:11:26.442 | INFO     | tracy:signpost:49 - PERF_MULTICHIP_PREFILL
2026-07-02 23:11:26.444 | INFO     | tracy:signpost:49 - PERF_MULTICHIP_PREFILL_END
2026-07-02 23:11:26.444 | INFO     | tracy:signpost:49 - PERF_MULTICHIP_PREFILL
2026-07-02 23:11:26.446 | INFO     | tracy:signpost:49 - PERF_MULTICHIP_PREFILL_END
2026-07-02 23:11:26.446 | INFO     | tracy:signpost:49 - PERF_MULTICHIP_PREFILL
2026-07-02 23:11:26.448 | INFO     | tracy:signpost:49 - PERF_MULTICHIP_PREFILL_END
2026-07-02 23:11:26.448 | INFO     | tracy:signpost:49 - PERF_MULTICHIP_PREFILL
2026-07-02 23:11:26.451 | INFO     | tracy:signpost:49 - PERF_MULTICHIP_PREFILL_END
2026-07-02 23:11:26.451 | INFO     | tracy:signpost:49 - PERF_MULTICHIP_PREFILL
2026-07-02 23:11:26.453 | INFO     | tracy:signpost:49 - PERF_MULTICHIP_PREFILL_END
2026-07-02 23:11:26.453 | INFO     | tracy:signpost:49 - PERF_MULTICHIP_PREFILL
2026-07-02 23:11:26.455 | INFO     | tracy:signpost:49 - PERF_MULTICHIP_PREFILL_END
2026-07-02 23:11:26.455 | INFO     | tracy:signpost:49 - PERF_MULTICHIP_PREFILL
2026-07-02 23:11:26.458 | INFO     | tracy:signpost:49 - PERF_MULTICHIP_PREFILL_END
2026-07-02 23:11:26.458 | INFO     | tracy:signpost:49 - PERF_MULTICHIP_PREFILL
2026-07-02 23:11:26.460 | INFO     | tracy:signpost:49 - PERF_MULTICHIP_PREFILL_END
2026-07-02 23:11:26.460 | INFO     | tracy:signpost:49 - PERF_MULTICHIP_PREFILL
2026-07-02 23:11:26.462 | INFO     | tracy:signpost:49 - PERF_MULTICHIP_PREFILL_END
2026-07-02 23:11:26.462 | INFO     | tracy:signpost:49 - PERF_MULTICHIP_PREFILL
2026-07-02 23:11:26.464 | INFO     | tracy:signpost:49 - PERF_MULTICHIP_PREFILL_END
2026-07-02 23:11:26.465 | INFO     | tracy:signpost:49 - PERF_MULTICHIP_PREFILL
2026-07-02 23:11:26.467 | INFO     | tracy:signpost:49 - PERF_MULTICHIP_PREFILL_END
2026-07-02 23:11:26.467 | INFO     | tracy:signpost:49 - PERF_MULTICHIP_PREFILL
2026-07-02 23:11:26.469 | INFO     | tracy:signpost:49 - PERF_MULTICHIP_PREFILL_END
2026-07-02 23:11:26.469 | INFO     | tracy:signpost:49 - PERF_MULTICHIP_PREFILL
2026-07-02 23:11:26.471 | INFO     | tracy:signpost:49 - PERF_MULTICHIP_PREFILL_END
2026-07-02 23:11:26.471 | INFO     | tracy:signpost:49 - PERF_MULTICHIP_PREFILL
2026-07-02 23:11:26.474 | INFO     | tracy:signpost:49 - PERF_MULTICHIP_PREFILL_END
2026-07-02 23:11:26.593 | INFO     | tracy:signpost:49 - PERF_MULTICHIP_DECODE
2026-07-02 23:11:26.695 | INFO     | tracy:signpost:49 - PERF_MULTICHIP_DECODE_END
2026-07-02 23:11:26.695 | INFO     | tracy:signpost:49 - PERF_MULTICHIP_DECODE
2026-07-02 23:11:26.698 | INFO     | tracy:signpost:49 - PERF_MULTICHIP_DECODE_END
2026-07-02 23:11:26.699 | INFO     | tracy:signpost:49 - PERF_MULTICHIP_DECODE
2026-07-02 23:11:26.701 | INFO     | tracy:signpost:49 - PERF_MULTICHIP_DECODE_END
2026-07-02 23:11:26.701 | INFO     | tracy:signpost:49 - PERF_MULTICHIP_DECODE
2026-07-02 23:11:26.704 | INFO     | tracy:signpost:49 - PERF_MULTICHIP_DECODE_END
2026-07-02 23:11:26.704 | INFO     | tracy:signpost:49 - PERF_MULTICHIP_DECODE
2026-07-02 23:11:26.707 | INFO     | tracy:signpost:49 - PERF_MULTICHIP_DECODE_END
2026-07-02 23:11:26.707 | INFO     | tracy:signpost:49 - PERF_MULTICHIP_DECODE
2026-07-02 23:11:26.710 | INFO     | tracy:signpost:49 - PERF_MULTICHIP_DECODE_END
2026-07-02 23:11:26.710 | INFO     | tracy:signpost:49 - PERF_MULTICHIP_DECODE
2026-07-02 23:11:26.713 | INFO     | tracy:signpost:49 - PERF_MULTICHIP_DECODE_END
2026-07-02 23:11:26.713 | INFO     | tracy:signpost:49 - PERF_MULTICHIP_DECODE
2026-07-02 23:11:26.716 | INFO     | tracy:signpost:49 - PERF_MULTICHIP_DECODE_END
2026-07-02 23:11:26.716 | INFO     | tracy:signpost:49 - PERF_MULTICHIP_DECODE
2026-07-02 23:11:26.719 | INFO     | tracy:signpost:49 - PERF_MULTICHIP_DECODE_END
2026-07-02 23:11:26.719 | INFO     | tracy:signpost:49 - PERF_MULTICHIP_DECODE
2026-07-02 23:11:26.721 | INFO     | tracy:signpost:49 - PERF_MULTICHIP_DECODE_END
2026-07-02 23:11:26.721 | INFO     | tracy:signpost:49 - PERF_MULTICHIP_DECODE
2026-07-02 23:11:26.724 | INFO     | tracy:signpost:49 - PERF_MULTICHIP_DECODE_END
2026-07-02 23:11:26.724 | INFO     | tracy:signpost:49 - PERF_MULTICHIP_DECODE
2026-07-02 23:11:26.727 | INFO     | tracy:signpost:49 - PERF_MULTICHIP_DECODE_END
2026-07-02 23:11:26.727 | INFO     | tracy:signpost:49 - PERF_MULTICHIP_DECODE
2026-07-02 23:11:26.730 | INFO     | tracy:signpost:49 - PERF_MULTICHIP_DECODE_END
2026-07-02 23:11:26.730 | INFO     | tracy:signpost:49 - PERF_MULTICHIP_DECODE
2026-07-02 23:11:26.733 | INFO     | tracy:signpost:49 - PERF_MULTICHIP_DECODE_END
2026-07-02 23:11:26.733 | INFO     | tracy:signpost:49 - PERF_MULTICHIP_DECODE
2026-07-02 23:11:26.735 | INFO     | tracy:signpost:49 - PERF_MULTICHIP_DECODE_END
2026-07-02 23:11:26.735 | INFO     | tracy:signpost:49 - PERF_MULTICHIP_DECODE
2026-07-02 23:11:26.738 | INFO     | tracy:signpost:49 - PERF_MULTICHIP_DECODE_END
2026-07-02 23:11:26.738 | INFO     | tracy:signpost:49 - PERF_MULTICHIP_DECODE
2026-07-02 23:11:26.741 | INFO     | tracy:signpost:49 - PERF_MULTICHIP_DECODE_END
2026-07-02 23:11:26.741 | INFO     | tracy:signpost:49 - PERF_MULTICHIP_DECODE
2026-07-02 23:11:26.744 | INFO     | tracy:signpost:49 - PERF_MULTICHIP_DECODE_END
2026-07-02 23:11:26.744 | INFO     | tracy:signpost:49 - PERF_MULTICHIP_DECODE
2026-07-02 23:11:26.747 | INFO     | tracy:signpost:49 - PERF_MULTICHIP_DECODE_END
2026-07-02 23:11:26.747 | INFO     | tracy:signpost:49 - PERF_MULTICHIP_DECODE
2026-07-02 23:11:26.750 | INFO     | tracy:signpost:49 - PERF_MULTICHIP_DECODE_END
2026-07-02 23:11:26.750 | INFO     | tracy:signpost:49 - PERF_MULTICHIP_DECODE
2026-07-02 23:11:26.753 | INFO     | tracy:signpost:49 - PERF_MULTICHIP_DECODE_END
2026-07-02 23:11:26.753 | INFO     | tracy:signpost:49 - PERF_MULTICHIP_DECODE
2026-07-02 23:11:26.755 | INFO     | tracy:signpost:49 - PERF_MULTICHIP_DECODE_END
2026-07-02 23:11:26.756 | INFO     | tracy:signpost:49 - PERF_MULTICHIP_DECODE
2026-07-02 23:11:26.758 | INFO     | tracy:signpost:49 - PERF_MULTICHIP_DECODE_END
2026-07-02 23:11:26.758 | INFO     | tracy:signpost:49 - PERF_MULTICHIP_DECODE
2026-07-02 23:11:26.761 | INFO     | tracy:signpost:49 - PERF_MULTICHIP_DECODE_END
2026-07-02 23:11:26.761 | INFO     | tracy:signpost:49 - PERF_MULTICHIP_DECODE
2026-07-02 23:11:26.764 | INFO     | tracy:signpost:49 - PERF_MULTICHIP_DECODE_END
2026-07-02 23:11:26.764 | INFO     | tracy:signpost:49 - PERF_MULTICHIP_DECODE
2026-07-02 23:11:26.767 | INFO     | tracy:signpost:49 - PERF_MULTICHIP_DECODE_END
2026-07-02 23:11:26.767 | INFO     | tracy:signpost:49 - PERF_MULTICHIP_DECODE
2026-07-02 23:11:26.770 | INFO     | tracy:signpost:49 - PERF_MULTICHIP_DECODE_END
2026-07-02 23:11:26.770 | INFO     | tracy:signpost:49 - PERF_MULTICHIP_DECODE
2026-07-02 23:11:26.772 | INFO     | tracy:signpost:49 - PERF_MULTICHIP_DECODE_END
2026-07-02 23:11:26.773 | INFO     | tracy:signpost:49 - PERF_MULTICHIP_DECODE
2026-07-02 23:11:26.775 | INFO     | tracy:signpost:49 - PERF_MULTICHIP_DECODE_END
2026-07-02 23:11:26.775 | INFO     | tracy:signpost:49 - PERF_MULTICHIP_DECODE
2026-07-02 23:11:26.778 | INFO     | tracy:signpost:49 - PERF_MULTICHIP_DECODE_END
2026-07-02 23:11:26.778 | INFO     | tracy:signpost:49 - PERF_MULTICHIP_DECODE
2026-07-02 23:11:26.781 | INFO     | tracy:signpost:49 - PERF_MULTICHIP_DECODE_END
2026-07-02 23:11:26.781 | INFO     | tracy:signpost:49 - PERF_MULTICHIP_DECODE
2026-07-02 23:11:26.784 | INFO     | tracy:signpost:49 - PERF_MULTICHIP_DECODE_END
2026-07-02 23:11:26.784 | INFO     | tracy:signpost:49 - PERF_MULTICHIP_DECODE
2026-07-02 23:11:26.786 | INFO     | tracy:signpost:49 - PERF_MULTICHIP_DECODE_END
2026-07-02 23:11:26.787 | INFO     | tracy:signpost:49 - PERF_MULTICHIP_DECODE
2026-07-02 23:11:26.789 | INFO     | tracy:signpost:49 - PERF_MULTICHIP_DECODE_END
2026-07-02 23:11:26.789 | INFO     | tracy:signpost:49 - PERF_MULTICHIP_DECODE
2026-07-02 23:11:26.792 | INFO     | tracy:signpost:49 - PERF_MULTICHIP_DECODE_END
2026-07-02 23:11:26.792 | INFO     | tracy:signpost:49 - PERF_MULTICHIP_DECODE
2026-07-02 23:11:26.795 | INFO     | tracy:signpost:49 - PERF_MULTICHIP_DECODE_END
2026-07-02 23:11:26.829 | INFO     | tracy:signpost:49 - PERF_MULTICHIP_DECODE
2026-07-02 23:11:26.832 | INFO     | tracy:signpost:49 - PERF_MULTICHIP_DECODE_END
2026-07-02 23:11:26.832 | INFO     | tracy:signpost:49 - PERF_MULTICHIP_DECODE
2026-07-02 23:11:26.834 | INFO     | tracy:signpost:49 - PERF_MULTICHIP_DECODE_END
2026-07-02 23:11:26.835 | INFO     | tracy:signpost:49 - PERF_MULTICHIP_DECODE
2026-07-02 23:11:26.837 | INFO     | tracy:signpost:49 - PERF_MULTICHIP_DECODE_END
2026-07-02 23:11:26.837 | INFO     | tracy:signpost:49 - PERF_MULTICHIP_DECODE
2026-07-02 23:11:26.840 | INFO     | tracy:signpost:49 - PERF_MULTICHIP_DECODE_END
2026-07-02 23:11:26.840 | INFO     | tracy:signpost:49 - PERF_MULTICHIP_DECODE
2026-07-02 23:11:26.843 | INFO     | tracy:signpost:49 - PERF_MULTICHIP_DECODE_END
2026-07-02 23:11:26.843 | INFO     | tracy:signpost:49 - PERF_MULTICHIP_DECODE
2026-07-02 23:11:26.846 | INFO     | tracy:signpost:49 - PERF_MULTICHIP_DECODE_END
2026-07-02 23:11:26.846 | INFO     | tracy:signpost:49 - PERF_MULTICHIP_DECODE
2026-07-02 23:11:26.849 | INFO     | tracy:signpost:49 - PERF_MULTICHIP_DECODE_END
2026-07-02 23:11:26.849 | INFO     | tracy:signpost:49 - PERF_MULTICHIP_DECODE
2026-07-02 23:11:26.851 | INFO     | tracy:signpost:49 - PERF_MULTICHIP_DECODE_END
2026-07-02 23:11:26.851 | INFO     | tracy:signpost:49 - PERF_MULTICHIP_DECODE
2026-07-02 23:11:26.854 | INFO     | tracy:signpost:49 - PERF_MULTICHIP_DECODE_END
2026-07-02 23:11:26.854 | INFO     | tracy:signpost:49 - PERF_MULTICHIP_DECODE
2026-07-02 23:11:26.857 | INFO     | tracy:signpost:49 - PERF_MULTICHIP_DECODE_END
2026-07-02 23:11:26.857 | INFO     | tracy:signpost:49 - PERF_MULTICHIP_DECODE
2026-07-02 23:11:26.860 | INFO     | tracy:signpost:49 - PERF_MULTICHIP_DECODE_END
2026-07-02 23:11:26.860 | INFO     | tracy:signpost:49 - PERF_MULTICHIP_DECODE
2026-07-02 23:11:26.863 | INFO     | tracy:signpost:49 - PERF_MULTICHIP_DECODE_END
2026-07-02 23:11:26.863 | INFO     | tracy:signpost:49 - PERF_MULTICHIP_DECODE
2026-07-02 23:11:26.866 | INFO     | tracy:signpost:49 - PERF_MULTICHIP_DECODE_END
2026-07-02 23:11:26.866 | INFO     | tracy:signpost:49 - PERF_MULTICHIP_DECODE
2026-07-02 23:11:26.868 | INFO     | tracy:signpost:49 - PERF_MULTICHIP_DECODE_END
2026-07-02 23:11:26.868 | INFO     | tracy:signpost:49 - PERF_MULTICHIP_DECODE
2026-07-02 23:11:26.871 | INFO     | tracy:signpost:49 - PERF_MULTICHIP_DECODE_END
2026-07-02 23:11:26.871 | INFO     | tracy:signpost:49 - PERF_MULTICHIP_DECODE
2026-07-02 23:11:26.874 | INFO     | tracy:signpost:49 - PERF_MULTICHIP_DECODE_END
2026-07-02 23:11:26.874 | INFO     | tracy:signpost:49 - PERF_MULTICHIP_DECODE
2026-07-02 23:11:26.877 | INFO     | tracy:signpost:49 - PERF_MULTICHIP_DECODE_END
2026-07-02 23:11:26.877 | INFO     | tracy:signpost:49 - PERF_MULTICHIP_DECODE
2026-07-02 23:11:26.879 | INFO     | tracy:signpost:49 - PERF_MULTICHIP_DECODE_END
2026-07-02 23:11:26.880 | INFO     | tracy:signpost:49 - PERF_MULTICHIP_DECODE
2026-07-02 23:11:26.882 | INFO     | tracy:signpost:49 - PERF_MULTICHIP_DECODE_END
2026-07-02 23:11:26.882 | INFO     | tracy:signpost:49 - PERF_MULTICHIP_DECODE
2026-07-02 23:11:26.885 | INFO     | tracy:signpost:49 - PERF_MULTICHIP_DECODE_END
2026-07-02 23:11:26.885 | INFO     | tracy:signpost:49 - PERF_MULTICHIP_DECODE
2026-07-02 23:11:26.888 | INFO     | tracy:signpost:49 - PERF_MULTICHIP_DECODE_END
2026-07-02 23:11:26.888 | INFO     | tracy:signpost:49 - PERF_MULTICHIP_DECODE
2026-07-02 23:11:26.891 | INFO     | tracy:signpost:49 - PERF_MULTICHIP_DECODE_END
2026-07-02 23:11:26.891 | INFO     | tracy:signpost:49 - PERF_MULTICHIP_DECODE
2026-07-02 23:11:26.893 | INFO     | tracy:signpost:49 - PERF_MULTICHIP_DECODE_END
2026-07-02 23:11:26.894 | INFO     | tracy:signpost:49 - PERF_MULTICHIP_DECODE
2026-07-02 23:11:26.896 | INFO     | tracy:signpost:49 - PERF_MULTICHIP_DECODE_END
2026-07-02 23:11:26.896 | INFO     | tracy:signpost:49 - PERF_MULTICHIP_DECODE
2026-07-02 23:11:26.899 | INFO     | tracy:signpost:49 - PERF_MULTICHIP_DECODE_END
2026-07-02 23:11:26.899 | INFO     | tracy:signpost:49 - PERF_MULTICHIP_DECODE
2026-07-02 23:11:26.902 | INFO     | tracy:signpost:49 - PERF_MULTICHIP_DECODE_END
2026-07-02 23:11:26.902 | INFO     | tracy:signpost:49 - PERF_MULTICHIP_DECODE
2026-07-02 23:11:26.905 | INFO     | tracy:signpost:49 - PERF_MULTICHIP_DECODE_END
2026-07-02 23:11:26.905 | INFO     | tracy:signpost:49 - PERF_MULTICHIP_DECODE
2026-07-02 23:11:26.908 | INFO     | tracy:signpost:49 - PERF_MULTICHIP_DECODE_END
2026-07-02 23:11:26.908 | INFO     | tracy:signpost:49 - PERF_MULTICHIP_DECODE
2026-07-02 23:11:26.911 | INFO     | tracy:signpost:49 - PERF_MULTICHIP_DECODE_END
2026-07-02 23:11:26.911 | INFO     | tracy:signpost:49 - PERF_MULTICHIP_DECODE
2026-07-02 23:11:26.913 | INFO     | tracy:signpost:49 - PERF_MULTICHIP_DECODE_END
2026-07-02 23:11:26.914 | INFO     | tracy:signpost:49 - PERF_MULTICHIP_DECODE
2026-07-02 23:11:26.916 | INFO     | tracy:signpost:49 - PERF_MULTICHIP_DECODE_END
2026-07-02 23:11:26.916 | INFO     | tracy:signpost:49 - PERF_MULTICHIP_DECODE
2026-07-02 23:11:26.919 | INFO     | tracy:signpost:49 - PERF_MULTICHIP_DECODE_END
2026-07-02 23:11:26.919 | INFO     | tracy:signpost:49 - PERF_MULTICHIP_DECODE
2026-07-02 23:11:26.922 | INFO     | tracy:signpost:49 - PERF_MULTICHIP_DECODE_END
2026-07-02 23:11:26.922 | INFO     | tracy:signpost:49 - PERF_MULTICHIP_DECODE
2026-07-02 23:11:26.925 | INFO     | tracy:signpost:49 - PERF_MULTICHIP_DECODE_END
2026-07-02 23:11:26.925 | INFO     | tracy:signpost:49 - PERF_MULTICHIP_DECODE
2026-07-02 23:11:26.928 | INFO     | tracy:signpost:49 - PERF_MULTICHIP_DECODE_END
2026-07-02 23:11:26.928 | INFO     | tracy:signpost:49 - PERF_MULTICHIP_DECODE
2026-07-02 23:11:26.930 | INFO     | tracy:signpost:49 - PERF_MULTICHIP_DECODE_END
2026-07-02 23:11:26.932 | INFO     | tracy:signpost:49 - PERF_MULTICHIP_DECODE
2026-07-02 23:11:26.936 | INFO     | tracy:signpost:49 - PERF_MULTICHIP_DECODE_END
2026-07-02 23:11:26.937 | INFO     | tracy:signpost:49 - PERF_MULTICHIP_DECODE
2026-07-02 23:11:26.939 | INFO     | tracy:signpost:49 - PERF_MULTICHIP_DECODE_END
2026-07-02 23:11:26.939 | INFO     | tracy:signpost:49 - PERF_MULTICHIP_DECODE
2026-07-02 23:11:26.941 | INFO     | tracy:signpost:49 - PERF_MULTICHIP_DECODE_END
2026-07-02 23:11:26.941 | INFO     | tracy:signpost:49 - PERF_MULTICHIP_DECODE
2026-07-02 23:11:26.943 | INFO     | tracy:signpost:49 - PERF_MULTICHIP_DECODE_END
2026-07-02 23:11:26.943 | INFO     | tracy:signpost:49 - PERF_MULTICHIP_DECODE
2026-07-02 23:11:26.945 | INFO     | tracy:signpost:49 - PERF_MULTICHIP_DECODE_END
2026-07-02 23:11:26.945 | INFO     | tracy:signpost:49 - PERF_MULTICHIP_DECODE
2026-07-02 23:11:26.948 | INFO     | tracy:signpost:49 - PERF_MULTICHIP_DECODE_END
2026-07-02 23:11:26.948 | INFO     | tracy:signpost:49 - PERF_MULTICHIP_DECODE
2026-07-02 23:11:26.950 | INFO     | tracy:signpost:49 - PERF_MULTICHIP_DECODE_END
2026-07-02 23:11:26.950 | INFO     | tracy:signpost:49 - PERF_MULTICHIP_DECODE
2026-07-02 23:11:26.952 | INFO     | tracy:signpost:49 - PERF_MULTICHIP_DECODE_END
2026-07-02 23:11:26.953 | INFO     | tracy:signpost:49 - PERF_MULTICHIP_DECODE
2026-07-02 23:11:26.955 | INFO     | tracy:signpost:49 - PERF_MULTICHIP_DECODE_END
2026-07-02 23:11:26.955 | INFO     | tracy:signpost:49 - PERF_MULTICHIP_DECODE
2026-07-02 23:11:26.957 | INFO     | tracy:signpost:49 - PERF_MULTICHIP_DECODE_END
2026-07-02 23:11:26.957 | INFO     | tracy:signpost:49 - PERF_MULTICHIP_DECODE
2026-07-02 23:11:26.959 | INFO     | tracy:signpost:49 - PERF_MULTICHIP_DECODE_END
2026-07-02 23:11:26.959 | INFO     | tracy:signpost:49 - PERF_MULTICHIP_DECODE
2026-07-02 23:11:26.961 | INFO     | tracy:signpost:49 - PERF_MULTICHIP_DECODE_END
2026-07-02 23:11:26.961 | INFO     | tracy:signpost:49 - PERF_MULTICHIP_DECODE
2026-07-02 23:11:26.963 | INFO     | tracy:signpost:49 - PERF_MULTICHIP_DECODE_END
2026-07-02 23:11:26.963 | INFO     | tracy:signpost:49 - PERF_MULTICHIP_DECODE
2026-07-02 23:11:26.965 | INFO     | tracy:signpost:49 - PERF_MULTICHIP_DECODE_END
2026-07-02 23:11:26.966 | INFO     | tracy:signpost:49 - PERF_MULTICHIP_DECODE
2026-07-02 23:11:26.968 | INFO     | tracy:signpost:49 - PERF_MULTICHIP_DECODE_END
2026-07-02 23:11:26.968 | INFO     | tracy:signpost:49 - PERF_MULTICHIP_DECODE
2026-07-02 23:11:26.970 | INFO     | tracy:signpost:49 - PERF_MULTICHIP_DECODE_END
2026-07-02 23:11:26.970 | INFO     | tracy:signpost:49 - PERF_MULTICHIP_DECODE
2026-07-02 23:11:26.972 | INFO     | tracy:signpost:49 - PERF_MULTICHIP_DECODE_END
2026-07-02 23:11:26.972 | INFO     | tracy:signpost:49 - PERF_MULTICHIP_DECODE
2026-07-02 23:11:26.974 | INFO     | tracy:signpost:49 - PERF_MULTICHIP_DECODE_END
2026-07-02 23:11:26.975 | INFO     | tracy:signpost:49 - PERF_MULTICHIP_DECODE
2026-07-02 23:11:26.977 | INFO     | tracy:signpost:49 - PERF_MULTICHIP_DECODE_END
2026-07-02 23:11:26.977 | INFO     | tracy:signpost:49 - PERF_MULTICHIP_DECODE
2026-07-02 23:11:26.979 | INFO     | tracy:signpost:49 - PERF_MULTICHIP_DECODE_END
2026-07-02 23:11:26.979 | INFO     | tracy:signpost:49 - PERF_MULTICHIP_DECODE
2026-07-02 23:11:26.981 | INFO     | tracy:signpost:49 - PERF_MULTICHIP_DECODE_END
2026-07-02 23:11:26.981 | INFO     | tracy:signpost:49 - PERF_MULTICHIP_DECODE
2026-07-02 23:11:26.983 | INFO     | tracy:signpost:49 - PERF_MULTICHIP_DECODE_END
2026-07-02 23:11:26.983 | INFO     | tracy:signpost:49 - PERF_MULTICHIP_DECODE
2026-07-02 23:11:26.985 | INFO     | tracy:signpost:49 - PERF_MULTICHIP_DECODE_END
2026-07-02 23:11:26.986 | INFO     | tracy:signpost:49 - PERF_MULTICHIP_DECODE
2026-07-02 23:11:26.988 | INFO     | tracy:signpost:49 - PERF_MULTICHIP_DECODE_END
2026-07-02 23:11:26.988 | INFO     | tracy:signpost:49 - PERF_MULTICHIP_DECODE
2026-07-02 23:11:26.990 | INFO     | tracy:signpost:49 - PERF_MULTICHIP_DECODE_END
2026-07-02 23:11:26.990 | INFO     | tracy:signpost:49 - PERF_MULTICHIP_DECODE
2026-07-02 23:11:26.992 | INFO     | tracy:signpost:49 - PERF_MULTICHIP_DECODE_END
2026-07-02 23:11:26.992 | INFO     | tracy:signpost:49 - PERF_MULTICHIP_DECODE
2026-07-02 23:11:26.994 | INFO     | tracy:signpost:49 - PERF_MULTICHIP_DECODE_END
2026-07-02 23:11:26.994 | INFO     | tracy:signpost:49 - PERF_MULTICHIP_DECODE
2026-07-02 23:11:26.996 | INFO     | tracy:signpost:49 - PERF_MULTICHIP_DECODE_END
2026-07-02 23:11:26.997 | INFO     | tracy:signpost:49 - PERF_MULTICHIP_DECODE
2026-07-02 23:11:26.999 | INFO     | tracy:signpost:49 - PERF_MULTICHIP_DECODE_END
2026-07-02 23:11:26.999 | INFO     | tracy:signpost:49 - PERF_MULTICHIP_DECODE
2026-07-02 23:11:27.001 | INFO     | tracy:signpost:49 - PERF_MULTICHIP_DECODE_END
2026-07-02 23:11:27.001 | INFO     | tracy:signpost:49 - PERF_MULTICHIP_DECODE
2026-07-02 23:11:27.003 | INFO     | tracy:signpost:49 - PERF_MULTICHIP_DECODE_END
2026-07-02 23:11:27.003 | INFO     | tracy:signpost:49 - PERF_MULTICHIP_DECODE
2026-07-02 23:11:27.005 | INFO     | tracy:signpost:49 - PERF_MULTICHIP_DECODE_END
2026-07-02 23:11:27.005 | INFO     | tracy:signpost:49 - PERF_MULTICHIP_DECODE
2026-07-02 23:11:27.007 | INFO     | tracy:signpost:49 - PERF_MULTICHIP_DECODE_END
2026-07-02 23:11:27.007 | INFO     | tracy:signpost:49 - PERF_MULTICHIP_DECODE
2026-07-02 23:11:27.009 | INFO     | tracy:signpost:49 - PERF_MULTICHIP_DECODE_END
2026-07-02 23:11:27.010 | INFO     | tracy:signpost:49 - PERF_MULTICHIP_DECODE
2026-07-02 23:11:27.012 | INFO     | tracy:signpost:49 - PERF_MULTICHIP_DECODE_END
2026-07-02 23:11:27.012 | INFO     | tracy:signpost:49 - PERF_MULTICHIP_DECODE
2026-07-02 23:11:27.014 | INFO     | tracy:signpost:49 - PERF_MULTICHIP_DECODE_END
entry[0]             top1=0.940 (94/100)  top5=1.000 (100/100)  top100=1.000 (100/100)  TTFT=872.85ms  decode=64.30 t/s/u  e2e=41.45 t/s/u
AGGREGATE            top1=0.940 (94/100)  top5=1.000 (100/100)  top100=1.000 (100/100)  TTFT=872.85ms  decode=64.30 t/s/u  e2e=41.45 t/s/u
nanobind: leaked 2 instances!
 - leaked instance 0x7f74c1300108 of type "ttnn._ttnn.device.DispatchCoreConfig"
 - leaked instance 0x7f74c139ff18 of type "ttnn._ttnn.tensor.CoreRangeSet"
nanobind: leaked 35 types!
 - leaked type "DispatchCoreAxis"
 - leaked type "ttnn._ttnn.device.SubDeviceManagerId"
 - leaked type "MathFidelity"
 - leaked type "ttnn._ttnn.operations.matmul.MatmulMultiCoreReuseMultiCast1DProgramConfig"
 - leaked type "ttnn._ttnn.operations.matmul.MatmulInputs"
 - leaked type "ttnn._ttnn.operations.matmul.MatmulMultiCoreReuseMultiCastBatchedDRAMShardedProgramConfig"
 - leaked type "BufferType"
 - leaked type "UnaryOpType"
 - leaked type "Layout"
 - leaked type "ttnn._ttnn.operations.matmul.MatmulMultiCoreReuseOptimizedProgramFactory"
 - ... skipped remainder
nanobind: leaked 305 functions!
 - leaked function ""
 - leaked function "to_json"
 - leaked function "device"
 - leaked function "reshape"
 - leaked function ""
 - leaked function "disable_and_clear_program_cache"
 - leaked function "config"
 - leaked function ""
 - leaked function ""
 - leaked function "element_size"
 - ... skipped remainder
nanobind: this is likely caused by a reference counting issue in the binding code.
See https://nanobind.readthedocs.io/en/latest/refleaks.html2026-07-02 23:11:29.262 | info     |    BuildKernels | JIT cache stats: 290/290 hits (100.0%) [290 cached, 178 build-once dedup, 0 merged artifacts, 0 merged genfiles] (build_cache_telemetry.cpp:207)
2026-07-02 23:11:29.262 | info     |    BuildKernels | JIT telemetry: 3 registered TelemetryTokens (build_cache_telemetry.cpp:230)
2026-07-02 23:11:29.287 | info     |          Device | Closing user mode device drivers (tt_cluster.cpp:512)
2026-07-02 23:11:29.287 | info     |             UMD | Closing devices in cluster (cluster.cpp:1037)
2026-07-02 23:11:30.057 | info     |             UMD | Closing devices in cluster completed. (cluster.cpp:1046)
2026-07-02 23:11:30.057 | info     |             UMD | Cluster destructor started. (cluster.cpp:754)
2026-07-02 23:11:30.057 | info     |             UMD | Cluster destructor completed. (cluster.cpp:757)
