2026-07-02 23:07:39.495 | DEBUG    | ttnn:<module>:79 - Initial ttnn.CONFIG:
Config{cache_path=/home/ubuntu/.cache/ttnn,model_cache_path=/home/ubuntu/.cache/ttnn/models,tmp_dir=/tmp/ttnn,enable_model_cache=false,enable_fast_runtime_mode=true,throw_exception_on_fallback=false,enable_logging=false,enable_graph_report=false,enable_graph_python_stack_traces=false,enable_detailed_buffer_report=false,enable_detailed_tensor_report=false,enable_comparison_mode=false,comparison_mode_should_raise_exception=false,comparison_mode_pcc=0.9999,root_report_path=generated/ttnn/reports,report_name=std::nullopt,std::nullopt}
2026-07-02 23:07:39.575 | info     |          Device | Opening user mode device driver (tt_cluster.cpp:228)
2026-07-02 23:07:39.575 | info     |             UMD | Cluster constructor started. (cluster.cpp:348)
2026-07-02 23:07:39.575 | info     |             UMD | Creating TopologyDiscovery for architecture: blackhole (topology_discovery.cpp:91)
2026-07-02 23:07:39.575 | info     |             UMD | Starting topology discovery. (topology_discovery.cpp:110)
2026-07-02 23:07:39.576 | info     |             UMD | Established firmware bundle version: 19.9.0 (topology_discovery.cpp:569)
2026-07-02 23:07:39.576 | info     |             UMD | Firmware bundle version 19.9.0 on the system is newer than the latest fully tested version 19.5.0 for blackhole architecture. Newest features may not be supported. (topology_discovery.cpp:601)
2026-07-02 23:07:39.580 | info     |             UMD | Completed topology discovery. (topology_discovery.cpp:114)
2026-07-02 23:07:39.746 | info     |             UMD | Opening local chip ids/PCIe ids: {0, 1, 2, 3}/[1, 2, 3, 0] and remote chip ids {} (cluster.cpp:168)
2026-07-02 23:07:39.746 | info     |             UMD | IOMMU: enabled (cluster.cpp:142)
2026-07-02 23:07:39.746 | info     |             UMD | KMD version: 2.4.1 (cluster.cpp:145)
2026-07-02 23:07:39.746 | info     |             UMD | Cluster constructor completed. (cluster.cpp:520)
2026-07-02 23:07:39.749 | info     |             UMD | Starting devices in cluster (cluster.cpp:1024)
2026-07-02 23:07:39.940 | info     |             UMD | Starting devices in cluster completed. (cluster.cpp:1032)
2026-07-02 23:07:40.542 | info     |     Distributed | Using auto discovery to generate mesh graph. (metal_env.cpp:367)
2026-07-02 23:07:40.542 | info     |     Distributed | Constructing control plane using auto-discovery (no mesh graph descriptor). (metal_env.cpp:429)
2026-07-02 23:07:40.543 | info     |          Fabric | Logical multi-mesh adjacency: intermesh degree histogram {0:1}; intra-mesh degree histograms mesh0 {2:4} (topology_mapper_utils.cpp:2342)
2026-07-02 23:07:40.543 | info     |          Fabric | Physical multi-mesh adjacency: intermesh degree histogram {0:1}; intra-mesh degree histograms mesh0 {2:4} (topology_mapper_utils.cpp:2350)
2026-07-02 23:07:40.544 | DEBUG    | ttnn.device:__init__:152 - Using default dispatch core type for this system: DispatchCoreType.WORKER
2026-07-02 23:07:40.544 | DEBUG    | ttnn.device:__init__:154 - Using default dispatch core axis for this system: DispatchCoreAxis.COL
2026-07-02 23:07:40.558 | info     |    BuildKernels | Using pre-compiled firmware from: /home/ubuntu/tt-metal/tt_metal/pre-compiled/13793420398762238087/ (build_env_manager.cpp:347)
2026-07-02 23:07:40.558 | info     |    BuildKernels | Using pre-compiled firmware from: /home/ubuntu/tt-metal/tt_metal/pre-compiled/13793420398762238087/ (build_env_manager.cpp:347)
2026-07-02 23:07:40.558 | info     |    BuildKernels | Using pre-compiled firmware from: /home/ubuntu/tt-metal/tt_metal/pre-compiled/13793420398762238087/ (build_env_manager.cpp:347)
2026-07-02 23:07:40.558 | info     |    BuildKernels | Using pre-compiled firmware from: /home/ubuntu/tt-metal/tt_metal/pre-compiled/13793420398762238087/ (build_env_manager.cpp:347)
2026-07-02 23:07:40.617 | info     |           Metal | Initializing Fabric (fabric_firmware_initializer.cpp:288)
2026-07-02 23:07:40.695 | info     |           Metal | Fabric initialized on Device 0 (device.cpp:429)
2026-07-02 23:07:40.697 | info     |           Metal | Fabric initialized on Device 1 (device.cpp:429)
2026-07-02 23:07:40.698 | info     |           Metal | Fabric initialized on Device 2 (device.cpp:429)
2026-07-02 23:07:40.699 | info     |           Metal | Fabric initialized on Device 3 (device.cpp:429)
2026-07-02 23:07:40.699 | info     |           Metal | Fabric initialized on 4 devices (fabric_firmware_initializer.cpp:435)
2026-07-02 23:07:40.699 | info     |           Metal | Fabric Initialized with config FabricConfig::FABRIC_1D_RING (fabric_firmware_initializer.cpp:305)
2026-07-02 23:07:40.751 | info     |           Metal | ShmResourceTracker: removed orphaned shm '/tt_device_143238002115104_memory' (shm_resource_tracker.cpp:282)
2026-07-02 23:07:40.751 | info     |           Metal | ShmResourceTracker: removed orphaned shm '/tt_device_143238002118688_memory' (shm_resource_tracker.cpp:282)
2026-07-02 23:07:40.751 | info     |           Metal | ShmResourceTracker: removed orphaned shm '/tt_device_143238002114624_memory' (shm_resource_tracker.cpp:282)
2026-07-02 23:07:40.751 | info     |           Metal | ShmResourceTracker: removed orphaned shm '/tt_device_143238002115584_memory' (shm_resource_tracker.cpp:282)
2026-07-02 23:07:41.322 | info     |           Metal | [Real-time profiler] Device 0 sync complete: 100 samples, frequency=1.349970 GHz, device_time_at_sync=57764727973 cycles (realtime_profiler_manager.cpp:1127)
2026-07-02 23:07:41.334 | info     |           Metal | [Real-time profiler] Device 1 sync complete: 100 samples, frequency=1.349981 GHz, device_time_at_sync=58026884852 cycles (realtime_profiler_manager.cpp:1127)
2026-07-02 23:07:41.334 | info     |           Metal | [Real-time profiler] Device 2 sync complete: 100 samples, frequency=1.349969 GHz, device_time_at_sync=57936568494 cycles (realtime_profiler_manager.cpp:1127)
2026-07-02 23:07:41.335 | info     |           Metal | [Real-time profiler] Device 3 sync complete: 100 samples, frequency=1.349979 GHz, device_time_at_sync=58183502924 cycles (realtime_profiler_manager.cpp:1127)
[transformers] `torch_dtype` is deprecated! Use `dtype` instead!
Loading weights:   0%|          | 0/398 [00:00<?, ?it/s]Loading weights: 100%|██████████| 398/398 [00:00<00:00, 9009.49it/s]
2026-07-02 23:07:49.395 | info     |           Metal | Pinned source memory start address 0x7effa70cfe28 must be aligned 64 B (dispatch.cpp:1180)
2026-07-02 23:07:49.395 | info     |           Metal | Pinned source memory start address 0x7effa70cfe28 must be aligned 64 B (dispatch.cpp:1180)
2026-07-02 23:07:49.395 | info     |           Metal | Pinned source memory start address 0x7effa70cfe28 must be aligned 64 B (dispatch.cpp:1180)
2026-07-02 23:07:49.395 | info     |           Metal | Pinned source memory start address 0x7effa70cfe28 must be aligned 64 B (dispatch.cpp:1180)
2026-07-02 23:09:24.116 | INFO     | tracy:signpost:49 - PERF_MULTICHIP_PREFILL
2026-07-02 23:09:24.253 | INFO     | tracy:signpost:49 - PERF_MULTICHIP_PREFILL_END
2026-07-02 23:09:24.253 | INFO     | tracy:signpost:49 - PERF_MULTICHIP_PREFILL
2026-07-02 23:09:24.256 | INFO     | tracy:signpost:49 - PERF_MULTICHIP_PREFILL_END
2026-07-02 23:09:24.256 | INFO     | tracy:signpost:49 - PERF_MULTICHIP_PREFILL
2026-07-02 23:09:24.258 | INFO     | tracy:signpost:49 - PERF_MULTICHIP_PREFILL_END
2026-07-02 23:09:24.258 | INFO     | tracy:signpost:49 - PERF_MULTICHIP_PREFILL
2026-07-02 23:09:24.261 | INFO     | tracy:signpost:49 - PERF_MULTICHIP_PREFILL_END
2026-07-02 23:09:24.261 | INFO     | tracy:signpost:49 - PERF_MULTICHIP_PREFILL
2026-07-02 23:09:24.263 | INFO     | tracy:signpost:49 - PERF_MULTICHIP_PREFILL_END
2026-07-02 23:09:24.263 | INFO     | tracy:signpost:49 - PERF_MULTICHIP_PREFILL
2026-07-02 23:09:24.266 | INFO     | tracy:signpost:49 - PERF_MULTICHIP_PREFILL_END
2026-07-02 23:09:24.266 | INFO     | tracy:signpost:49 - PERF_MULTICHIP_PREFILL
2026-07-02 23:09:24.268 | INFO     | tracy:signpost:49 - PERF_MULTICHIP_PREFILL_END
2026-07-02 23:09:24.268 | INFO     | tracy:signpost:49 - PERF_MULTICHIP_PREFILL
2026-07-02 23:09:24.270 | INFO     | tracy:signpost:49 - PERF_MULTICHIP_PREFILL_END
2026-07-02 23:09:24.270 | INFO     | tracy:signpost:49 - PERF_MULTICHIP_PREFILL
2026-07-02 23:09:24.273 | INFO     | tracy:signpost:49 - PERF_MULTICHIP_PREFILL_END
2026-07-02 23:09:24.273 | INFO     | tracy:signpost:49 - PERF_MULTICHIP_PREFILL
2026-07-02 23:09:24.275 | INFO     | tracy:signpost:49 - PERF_MULTICHIP_PREFILL_END
2026-07-02 23:09:24.275 | INFO     | tracy:signpost:49 - PERF_MULTICHIP_PREFILL
2026-07-02 23:09:24.277 | INFO     | tracy:signpost:49 - PERF_MULTICHIP_PREFILL_END
2026-07-02 23:09:24.278 | INFO     | tracy:signpost:49 - PERF_MULTICHIP_PREFILL
2026-07-02 23:09:24.280 | INFO     | tracy:signpost:49 - PERF_MULTICHIP_PREFILL_END
2026-07-02 23:09:24.280 | INFO     | tracy:signpost:49 - PERF_MULTICHIP_PREFILL
2026-07-02 23:09:24.282 | INFO     | tracy:signpost:49 - PERF_MULTICHIP_PREFILL_END
2026-07-02 23:09:24.282 | INFO     | tracy:signpost:49 - PERF_MULTICHIP_PREFILL
2026-07-02 23:09:24.285 | INFO     | tracy:signpost:49 - PERF_MULTICHIP_PREFILL_END
2026-07-02 23:09:24.285 | INFO     | tracy:signpost:49 - PERF_MULTICHIP_PREFILL
2026-07-02 23:09:24.287 | INFO     | tracy:signpost:49 - PERF_MULTICHIP_PREFILL_END
2026-07-02 23:09:24.287 | INFO     | tracy:signpost:49 - PERF_MULTICHIP_PREFILL
2026-07-02 23:09:24.289 | INFO     | tracy:signpost:49 - PERF_MULTICHIP_PREFILL_END
2026-07-02 23:09:24.289 | INFO     | tracy:signpost:49 - PERF_MULTICHIP_PREFILL
2026-07-02 23:09:24.292 | INFO     | tracy:signpost:49 - PERF_MULTICHIP_PREFILL_END
2026-07-02 23:09:24.292 | INFO     | tracy:signpost:49 - PERF_MULTICHIP_PREFILL
2026-07-02 23:09:24.294 | INFO     | tracy:signpost:49 - PERF_MULTICHIP_PREFILL_END
2026-07-02 23:09:24.294 | INFO     | tracy:signpost:49 - PERF_MULTICHIP_PREFILL
2026-07-02 23:09:24.297 | INFO     | tracy:signpost:49 - PERF_MULTICHIP_PREFILL_END
2026-07-02 23:09:24.297 | INFO     | tracy:signpost:49 - PERF_MULTICHIP_PREFILL
2026-07-02 23:09:24.299 | INFO     | tracy:signpost:49 - PERF_MULTICHIP_PREFILL_END
2026-07-02 23:09:24.299 | INFO     | tracy:signpost:49 - PERF_MULTICHIP_PREFILL
2026-07-02 23:09:24.301 | INFO     | tracy:signpost:49 - PERF_MULTICHIP_PREFILL_END
2026-07-02 23:09:24.302 | INFO     | tracy:signpost:49 - PERF_MULTICHIP_PREFILL
2026-07-02 23:09:24.304 | INFO     | tracy:signpost:49 - PERF_MULTICHIP_PREFILL_END
2026-07-02 23:09:24.304 | INFO     | tracy:signpost:49 - PERF_MULTICHIP_PREFILL
2026-07-02 23:09:24.306 | INFO     | tracy:signpost:49 - PERF_MULTICHIP_PREFILL_END
2026-07-02 23:09:24.306 | INFO     | tracy:signpost:49 - PERF_MULTICHIP_PREFILL
2026-07-02 23:09:24.308 | INFO     | tracy:signpost:49 - PERF_MULTICHIP_PREFILL_END
2026-07-02 23:09:24.309 | INFO     | tracy:signpost:49 - PERF_MULTICHIP_PREFILL
2026-07-02 23:09:24.311 | INFO     | tracy:signpost:49 - PERF_MULTICHIP_PREFILL_END
2026-07-02 23:09:24.311 | INFO     | tracy:signpost:49 - PERF_MULTICHIP_PREFILL
2026-07-02 23:09:24.313 | INFO     | tracy:signpost:49 - PERF_MULTICHIP_PREFILL_END
2026-07-02 23:09:24.313 | INFO     | tracy:signpost:49 - PERF_MULTICHIP_PREFILL
2026-07-02 23:09:24.316 | INFO     | tracy:signpost:49 - PERF_MULTICHIP_PREFILL_END
2026-07-02 23:09:24.316 | INFO     | tracy:signpost:49 - PERF_MULTICHIP_PREFILL
2026-07-02 23:09:24.318 | INFO     | tracy:signpost:49 - PERF_MULTICHIP_PREFILL_END
2026-07-02 23:09:24.318 | INFO     | tracy:signpost:49 - PERF_MULTICHIP_PREFILL
2026-07-02 23:09:24.320 | INFO     | tracy:signpost:49 - PERF_MULTICHIP_PREFILL_END
2026-07-02 23:09:24.321 | INFO     | tracy:signpost:49 - PERF_MULTICHIP_PREFILL
2026-07-02 23:09:24.323 | INFO     | tracy:signpost:49 - PERF_MULTICHIP_PREFILL_END
2026-07-02 23:09:24.323 | INFO     | tracy:signpost:49 - PERF_MULTICHIP_PREFILL
2026-07-02 23:09:24.325 | INFO     | tracy:signpost:49 - PERF_MULTICHIP_PREFILL_END
2026-07-02 23:09:24.325 | INFO     | tracy:signpost:49 - PERF_MULTICHIP_PREFILL
2026-07-02 23:09:24.328 | INFO     | tracy:signpost:49 - PERF_MULTICHIP_PREFILL_END
2026-07-02 23:09:24.328 | INFO     | tracy:signpost:49 - PERF_MULTICHIP_PREFILL
2026-07-02 23:09:24.330 | INFO     | tracy:signpost:49 - PERF_MULTICHIP_PREFILL_END
2026-07-02 23:09:24.330 | INFO     | tracy:signpost:49 - PERF_MULTICHIP_PREFILL
2026-07-02 23:09:24.332 | INFO     | tracy:signpost:49 - PERF_MULTICHIP_PREFILL_END
2026-07-02 23:09:24.332 | INFO     | tracy:signpost:49 - PERF_MULTICHIP_PREFILL
2026-07-02 23:09:24.335 | INFO     | tracy:signpost:49 - PERF_MULTICHIP_PREFILL_END
2026-07-02 23:09:24.335 | INFO     | tracy:signpost:49 - PERF_MULTICHIP_PREFILL
2026-07-02 23:09:24.337 | INFO     | tracy:signpost:49 - PERF_MULTICHIP_PREFILL_END
entry[0]             top1=0.930 (93/100)  top5=1.000 (100/100)  top100=1.000 (100/100)
AGGREGATE            top1=0.930 (93/100)  top5=1.000 (100/100)  top100=1.000 (100/100)
nanobind: leaked 2 instances!
 - leaked instance 0x7f2389a3bc18 of type "ttnn._ttnn.tensor.CoreRangeSet"
 - leaked instance 0x7f2389b47d68 of type "ttnn._ttnn.device.DispatchCoreConfig"
nanobind: leaked 35 types!
 - leaked type "DispatchCoreAxis"
 - leaked type "ttnn._ttnn.device.SubDeviceManagerId"
 - leaked type "MathFidelity"
 - leaked type "ttnn._ttnn.operations.matmul.MatmulMultiCoreReuseMultiCast1DProgramConfig"
 - leaked type "ttnn._ttnn.operations.matmul.MatmulInputs"
 - leaked type "ttnn._ttnn.operations.matmul.MatmulMultiCoreReuseMultiCastBatchedDRAMShardedProgramConfig"
 - leaked type "BufferType"
 - leaked type "UnaryOpType"
 - leaked type "Layout"
 - leaked type "ttnn._ttnn.operations.matmul.MatmulMultiCoreReuseOptimizedProgramFactory"
 - ... skipped remainder
nanobind: leaked 305 functions!
 - leaked function ""
 - leaked function ""
 - leaked function ""
 - leaked function "storage_type"
 - leaked function ""
 - leaked function ""
 - leaked function "to_json"
 - leaked function "SetRootDir"
 - leaked function "buffer_address"
 - leaked function "extract_shard"
 - ... skipped remainder
nanobind: this is likely caused by a reference counting issue in the binding code.
See https://nanobind.readthedocs.io/en/latest/refleaks.html2026-07-02 23:09:26.472 | info     |    BuildKernels | JIT cache stats: 188/188 hits (100.0%) [188 cached, 90 build-once dedup, 0 merged artifacts, 0 merged genfiles] (build_cache_telemetry.cpp:207)
2026-07-02 23:09:26.472 | info     |    BuildKernels | JIT telemetry: 3 registered TelemetryTokens (build_cache_telemetry.cpp:230)
2026-07-02 23:09:26.495 | info     |          Device | Closing user mode device drivers (tt_cluster.cpp:512)
2026-07-02 23:09:26.495 | info     |             UMD | Closing devices in cluster (cluster.cpp:1037)
2026-07-02 23:09:27.246 | info     |             UMD | Closing devices in cluster completed. (cluster.cpp:1046)
2026-07-02 23:09:27.246 | info     |             UMD | Cluster destructor started. (cluster.cpp:754)
2026-07-02 23:09:27.246 | info     |             UMD | Cluster destructor completed. (cluster.cpp:757)
