2026-07-02 23:14:09.143 | DEBUG    | ttnn:<module>:79 - Initial ttnn.CONFIG:
Config{cache_path=/home/ubuntu/.cache/ttnn,model_cache_path=/home/ubuntu/.cache/ttnn/models,tmp_dir=/tmp/ttnn,enable_model_cache=false,enable_fast_runtime_mode=true,throw_exception_on_fallback=false,enable_logging=false,enable_graph_report=false,enable_graph_python_stack_traces=false,enable_detailed_buffer_report=false,enable_detailed_tensor_report=false,enable_comparison_mode=false,comparison_mode_should_raise_exception=false,comparison_mode_pcc=0.9999,root_report_path=generated/ttnn/reports,report_name=std::nullopt,std::nullopt}
2026-07-02 23:14:09.223 | info     |          Device | Opening user mode device driver (tt_cluster.cpp:228)
2026-07-02 23:14:09.223 | info     |             UMD | Cluster constructor started. (cluster.cpp:348)
2026-07-02 23:14:09.224 | info     |             UMD | Creating TopologyDiscovery for architecture: blackhole (topology_discovery.cpp:91)
2026-07-02 23:14:09.224 | info     |             UMD | Starting topology discovery. (topology_discovery.cpp:110)
2026-07-02 23:14:09.225 | info     |             UMD | Established firmware bundle version: 19.9.0 (topology_discovery.cpp:569)
2026-07-02 23:14:09.225 | info     |             UMD | Firmware bundle version 19.9.0 on the system is newer than the latest fully tested version 19.5.0 for blackhole architecture. Newest features may not be supported. (topology_discovery.cpp:601)
2026-07-02 23:14:09.228 | info     |             UMD | Completed topology discovery. (topology_discovery.cpp:114)
2026-07-02 23:14:09.395 | info     |             UMD | Opening local chip ids/PCIe ids: {0, 1, 2, 3}/[1, 2, 3, 0] and remote chip ids {} (cluster.cpp:168)
2026-07-02 23:14:09.395 | info     |             UMD | IOMMU: enabled (cluster.cpp:142)
2026-07-02 23:14:09.395 | info     |             UMD | KMD version: 2.4.1 (cluster.cpp:145)
2026-07-02 23:14:09.395 | info     |             UMD | Cluster constructor completed. (cluster.cpp:520)
2026-07-02 23:14:09.399 | info     |             UMD | Starting devices in cluster (cluster.cpp:1024)
2026-07-02 23:14:09.592 | info     |             UMD | Starting devices in cluster completed. (cluster.cpp:1032)
2026-07-02 23:14:10.194 | info     |     Distributed | Using auto discovery to generate mesh graph. (metal_env.cpp:367)
2026-07-02 23:14:10.194 | info     |     Distributed | Constructing control plane using auto-discovery (no mesh graph descriptor). (metal_env.cpp:429)
2026-07-02 23:14:10.195 | info     |          Fabric | Logical multi-mesh adjacency: intermesh degree histogram {0:1}; intra-mesh degree histograms mesh0 {2:4} (topology_mapper_utils.cpp:2342)
2026-07-02 23:14:10.195 | info     |          Fabric | Physical multi-mesh adjacency: intermesh degree histogram {0:1}; intra-mesh degree histograms mesh0 {2:4} (topology_mapper_utils.cpp:2350)
2026-07-02 23:14:10.196 | DEBUG    | ttnn.device:__init__:152 - Using default dispatch core type for this system: DispatchCoreType.WORKER
2026-07-02 23:14:10.196 | DEBUG    | ttnn.device:__init__:154 - Using default dispatch core axis for this system: DispatchCoreAxis.COL
2026-07-02 23:14:10.211 | info     |    BuildKernels | Using pre-compiled firmware from: /home/ubuntu/tt-metal/tt_metal/pre-compiled/13793420398762238087/ (build_env_manager.cpp:347)
2026-07-02 23:14:10.211 | info     |    BuildKernels | Using pre-compiled firmware from: /home/ubuntu/tt-metal/tt_metal/pre-compiled/13793420398762238087/ (build_env_manager.cpp:347)
2026-07-02 23:14:10.211 | info     |    BuildKernels | Using pre-compiled firmware from: /home/ubuntu/tt-metal/tt_metal/pre-compiled/13793420398762238087/ (build_env_manager.cpp:347)
2026-07-02 23:14:10.211 | info     |    BuildKernels | Using pre-compiled firmware from: /home/ubuntu/tt-metal/tt_metal/pre-compiled/13793420398762238087/ (build_env_manager.cpp:347)
2026-07-02 23:14:10.269 | info     |           Metal | Initializing Fabric (fabric_firmware_initializer.cpp:288)
2026-07-02 23:14:10.345 | info     |           Metal | Fabric initialized on Device 0 (device.cpp:429)
2026-07-02 23:14:10.352 | info     |           Metal | Fabric initialized on Device 1 (device.cpp:429)
2026-07-02 23:14:10.353 | info     |           Metal | Fabric initialized on Device 2 (device.cpp:429)
2026-07-02 23:14:10.354 | info     |           Metal | Fabric initialized on Device 3 (device.cpp:429)
2026-07-02 23:14:10.354 | info     |           Metal | Fabric initialized on 4 devices (fabric_firmware_initializer.cpp:435)
2026-07-02 23:14:10.354 | info     |           Metal | Fabric Initialized with config FabricConfig::FABRIC_1D_RING (fabric_firmware_initializer.cpp:305)
2026-07-02 23:14:10.409 | info     |           Metal | ShmResourceTracker: removed orphaned shm '/tt_device_143238002115104_memory' (shm_resource_tracker.cpp:282)
2026-07-02 23:14:10.409 | info     |           Metal | ShmResourceTracker: removed orphaned shm '/tt_device_143238002118688_memory' (shm_resource_tracker.cpp:282)
2026-07-02 23:14:10.409 | info     |           Metal | ShmResourceTracker: removed orphaned shm '/tt_device_143238002114624_memory' (shm_resource_tracker.cpp:282)
2026-07-02 23:14:10.409 | info     |           Metal | ShmResourceTracker: removed orphaned shm '/tt_device_143238002115584_memory' (shm_resource_tracker.cpp:282)
2026-07-02 23:14:10.981 | info     |           Metal | [Real-time profiler] Device 2 sync complete: 100 samples, frequency=1.349974 GHz, device_time_at_sync=555558777939 cycles (realtime_profiler_manager.cpp:1127)
2026-07-02 23:14:10.983 | info     |           Metal | [Real-time profiler] Device 0 sync complete: 100 samples, frequency=1.349978 GHz, device_time_at_sync=554818716008 cycles (realtime_profiler_manager.cpp:1127)
2026-07-02 23:14:10.992 | info     |           Metal | [Real-time profiler] Device 1 sync complete: 100 samples, frequency=1.349981 GHz, device_time_at_sync=555634712172 cycles (realtime_profiler_manager.cpp:1127)
2026-07-02 23:14:10.992 | info     |           Metal | [Real-time profiler] Device 3 sync complete: 100 samples, frequency=1.349980 GHz, device_time_at_sync=556301547207 cycles (realtime_profiler_manager.cpp:1127)
[transformers] `torch_dtype` is deprecated! Use `dtype` instead!
Loading weights:   0%|          | 0/398 [00:00<?, ?it/s]Loading weights: 100%|██████████| 398/398 [00:00<00:00, 9180.68it/s]
2026-07-02 23:14:18.989 | info     |           Metal | Pinned source memory start address 0x7f93d56ebe28 must be aligned 64 B (dispatch.cpp:1180)
2026-07-02 23:14:18.989 | info     |           Metal | Pinned source memory start address 0x7f93d56ebe28 must be aligned 64 B (dispatch.cpp:1180)
2026-07-02 23:14:18.989 | info     |           Metal | Pinned source memory start address 0x7f93d56ebe28 must be aligned 64 B (dispatch.cpp:1180)
2026-07-02 23:14:18.989 | info     |           Metal | Pinned source memory start address 0x7f93d56ebe28 must be aligned 64 B (dispatch.cpp:1180)
2026-07-02 23:15:53.262 | INFO     | tracy:signpost:49 - PERF_MULTICHIP_PREFILL
2026-07-02 23:15:58.115 | INFO     | tracy:signpost:49 - PERF_MULTICHIP_PREFILL_END
2026-07-02 23:15:58.115 | INFO     | tracy:signpost:49 - PERF_MULTICHIP_PREFILL
2026-07-02 23:15:58.117 | INFO     | tracy:signpost:49 - PERF_MULTICHIP_PREFILL_END
2026-07-02 23:15:58.118 | INFO     | tracy:signpost:49 - PERF_MULTICHIP_PREFILL
2026-07-02 23:15:58.120 | INFO     | tracy:signpost:49 - PERF_MULTICHIP_PREFILL_END
2026-07-02 23:15:58.120 | INFO     | tracy:signpost:49 - PERF_MULTICHIP_PREFILL
2026-07-02 23:15:58.123 | INFO     | tracy:signpost:49 - PERF_MULTICHIP_PREFILL_END
2026-07-02 23:15:58.123 | INFO     | tracy:signpost:49 - PERF_MULTICHIP_PREFILL
2026-07-02 23:15:58.125 | INFO     | tracy:signpost:49 - PERF_MULTICHIP_PREFILL_END
2026-07-02 23:15:58.125 | INFO     | tracy:signpost:49 - PERF_MULTICHIP_PREFILL
2026-07-02 23:15:58.127 | INFO     | tracy:signpost:49 - PERF_MULTICHIP_PREFILL_END
2026-07-02 23:15:58.127 | INFO     | tracy:signpost:49 - PERF_MULTICHIP_PREFILL
2026-07-02 23:15:58.130 | INFO     | tracy:signpost:49 - PERF_MULTICHIP_PREFILL_END
2026-07-02 23:15:58.130 | INFO     | tracy:signpost:49 - PERF_MULTICHIP_PREFILL
2026-07-02 23:15:58.132 | INFO     | tracy:signpost:49 - PERF_MULTICHIP_PREFILL_END
2026-07-02 23:15:58.132 | INFO     | tracy:signpost:49 - PERF_MULTICHIP_PREFILL
2026-07-02 23:15:58.134 | INFO     | tracy:signpost:49 - PERF_MULTICHIP_PREFILL_END
2026-07-02 23:15:58.134 | INFO     | tracy:signpost:49 - PERF_MULTICHIP_PREFILL
2026-07-02 23:15:58.137 | INFO     | tracy:signpost:49 - PERF_MULTICHIP_PREFILL_END
2026-07-02 23:15:58.137 | INFO     | tracy:signpost:49 - PERF_MULTICHIP_PREFILL
2026-07-02 23:15:58.139 | INFO     | tracy:signpost:49 - PERF_MULTICHIP_PREFILL_END
2026-07-02 23:15:58.139 | INFO     | tracy:signpost:49 - PERF_MULTICHIP_PREFILL
2026-07-02 23:15:58.141 | INFO     | tracy:signpost:49 - PERF_MULTICHIP_PREFILL_END
2026-07-02 23:15:58.142 | INFO     | tracy:signpost:49 - PERF_MULTICHIP_PREFILL
2026-07-02 23:15:58.144 | INFO     | tracy:signpost:49 - PERF_MULTICHIP_PREFILL_END
2026-07-02 23:15:58.144 | INFO     | tracy:signpost:49 - PERF_MULTICHIP_PREFILL
2026-07-02 23:15:58.146 | INFO     | tracy:signpost:49 - PERF_MULTICHIP_PREFILL_END
2026-07-02 23:15:58.147 | INFO     | tracy:signpost:49 - PERF_MULTICHIP_PREFILL
2026-07-02 23:15:58.149 | INFO     | tracy:signpost:49 - PERF_MULTICHIP_PREFILL_END
2026-07-02 23:15:58.149 | INFO     | tracy:signpost:49 - PERF_MULTICHIP_PREFILL
2026-07-02 23:15:58.151 | INFO     | tracy:signpost:49 - PERF_MULTICHIP_PREFILL_END
2026-07-02 23:15:58.151 | INFO     | tracy:signpost:49 - PERF_MULTICHIP_PREFILL
2026-07-02 23:15:58.154 | INFO     | tracy:signpost:49 - PERF_MULTICHIP_PREFILL_END
2026-07-02 23:15:58.154 | INFO     | tracy:signpost:49 - PERF_MULTICHIP_PREFILL
2026-07-02 23:15:58.156 | INFO     | tracy:signpost:49 - PERF_MULTICHIP_PREFILL_END
2026-07-02 23:15:58.156 | INFO     | tracy:signpost:49 - PERF_MULTICHIP_PREFILL
2026-07-02 23:15:58.158 | INFO     | tracy:signpost:49 - PERF_MULTICHIP_PREFILL_END
2026-07-02 23:15:58.159 | INFO     | tracy:signpost:49 - PERF_MULTICHIP_PREFILL
2026-07-02 23:15:58.161 | INFO     | tracy:signpost:49 - PERF_MULTICHIP_PREFILL_END
2026-07-02 23:15:58.161 | INFO     | tracy:signpost:49 - PERF_MULTICHIP_PREFILL
2026-07-02 23:15:58.163 | INFO     | tracy:signpost:49 - PERF_MULTICHIP_PREFILL_END
2026-07-02 23:15:58.164 | INFO     | tracy:signpost:49 - PERF_MULTICHIP_PREFILL
2026-07-02 23:15:58.166 | INFO     | tracy:signpost:49 - PERF_MULTICHIP_PREFILL_END
2026-07-02 23:15:58.166 | INFO     | tracy:signpost:49 - PERF_MULTICHIP_PREFILL
2026-07-02 23:15:58.168 | INFO     | tracy:signpost:49 - PERF_MULTICHIP_PREFILL_END
2026-07-02 23:15:58.168 | INFO     | tracy:signpost:49 - PERF_MULTICHIP_PREFILL
2026-07-02 23:15:58.171 | INFO     | tracy:signpost:49 - PERF_MULTICHIP_PREFILL_END
2026-07-02 23:15:58.171 | INFO     | tracy:signpost:49 - PERF_MULTICHIP_PREFILL
2026-07-02 23:15:58.173 | INFO     | tracy:signpost:49 - PERF_MULTICHIP_PREFILL_END
2026-07-02 23:15:58.173 | INFO     | tracy:signpost:49 - PERF_MULTICHIP_PREFILL
2026-07-02 23:15:58.175 | INFO     | tracy:signpost:49 - PERF_MULTICHIP_PREFILL_END
2026-07-02 23:15:58.175 | INFO     | tracy:signpost:49 - PERF_MULTICHIP_PREFILL
2026-07-02 23:15:58.178 | INFO     | tracy:signpost:49 - PERF_MULTICHIP_PREFILL_END
2026-07-02 23:15:58.178 | INFO     | tracy:signpost:49 - PERF_MULTICHIP_PREFILL
2026-07-02 23:15:58.180 | INFO     | tracy:signpost:49 - PERF_MULTICHIP_PREFILL_END
2026-07-02 23:15:58.180 | INFO     | tracy:signpost:49 - PERF_MULTICHIP_PREFILL
2026-07-02 23:15:58.183 | INFO     | tracy:signpost:49 - PERF_MULTICHIP_PREFILL_END
2026-07-02 23:15:58.183 | INFO     | tracy:signpost:49 - PERF_MULTICHIP_PREFILL
2026-07-02 23:15:58.185 | INFO     | tracy:signpost:49 - PERF_MULTICHIP_PREFILL_END
2026-07-02 23:15:58.185 | INFO     | tracy:signpost:49 - PERF_MULTICHIP_PREFILL
2026-07-02 23:15:58.187 | INFO     | tracy:signpost:49 - PERF_MULTICHIP_PREFILL_END
2026-07-02 23:15:58.187 | INFO     | tracy:signpost:49 - PERF_MULTICHIP_PREFILL
2026-07-02 23:15:58.190 | INFO     | tracy:signpost:49 - PERF_MULTICHIP_PREFILL_END
2026-07-02 23:15:58.190 | INFO     | tracy:signpost:49 - PERF_MULTICHIP_PREFILL
2026-07-02 23:15:58.192 | INFO     | tracy:signpost:49 - PERF_MULTICHIP_PREFILL_END
2026-07-02 23:15:58.192 | INFO     | tracy:signpost:49 - PERF_MULTICHIP_PREFILL
2026-07-02 23:15:58.195 | INFO     | tracy:signpost:49 - PERF_MULTICHIP_PREFILL_END
2026-07-02 23:15:58.195 | INFO     | tracy:signpost:49 - PERF_MULTICHIP_PREFILL
2026-07-02 23:15:58.197 | INFO     | tracy:signpost:49 - PERF_MULTICHIP_PREFILL_END
2026-07-02 23:15:58.197 | INFO     | tracy:signpost:49 - PERF_MULTICHIP_PREFILL
2026-07-02 23:15:58.200 | INFO     | tracy:signpost:49 - PERF_MULTICHIP_PREFILL_END
2026-07-02 23:15:58.325 | INFO     | tracy:signpost:49 - PERF_MULTICHIP_DECODE
2026-07-02 23:16:01.956 | INFO     | tracy:signpost:49 - PERF_MULTICHIP_DECODE_END
2026-07-02 23:16:01.956 | INFO     | tracy:signpost:49 - PERF_MULTICHIP_DECODE
2026-07-02 23:16:01.959 | INFO     | tracy:signpost:49 - PERF_MULTICHIP_DECODE_END
2026-07-02 23:16:01.960 | INFO     | tracy:signpost:49 - PERF_MULTICHIP_DECODE
2026-07-02 23:16:01.963 | INFO     | tracy:signpost:49 - PERF_MULTICHIP_DECODE_END
2026-07-02 23:16:01.963 | INFO     | tracy:signpost:49 - PERF_MULTICHIP_DECODE
2026-07-02 23:16:01.966 | INFO     | tracy:signpost:49 - PERF_MULTICHIP_DECODE_END
2026-07-02 23:16:01.966 | INFO     | tracy:signpost:49 - PERF_MULTICHIP_DECODE
2026-07-02 23:16:01.969 | INFO     | tracy:signpost:49 - PERF_MULTICHIP_DECODE_END
2026-07-02 23:16:01.969 | INFO     | tracy:signpost:49 - PERF_MULTICHIP_DECODE
2026-07-02 23:16:01.972 | INFO     | tracy:signpost:49 - PERF_MULTICHIP_DECODE_END
2026-07-02 23:16:01.972 | INFO     | tracy:signpost:49 - PERF_MULTICHIP_DECODE
2026-07-02 23:16:01.975 | INFO     | tracy:signpost:49 - PERF_MULTICHIP_DECODE_END
2026-07-02 23:16:01.975 | INFO     | tracy:signpost:49 - PERF_MULTICHIP_DECODE
2026-07-02 23:16:01.978 | INFO     | tracy:signpost:49 - PERF_MULTICHIP_DECODE_END
2026-07-02 23:16:01.978 | INFO     | tracy:signpost:49 - PERF_MULTICHIP_DECODE
2026-07-02 23:16:01.981 | INFO     | tracy:signpost:49 - PERF_MULTICHIP_DECODE_END
2026-07-02 23:16:01.981 | INFO     | tracy:signpost:49 - PERF_MULTICHIP_DECODE
2026-07-02 23:16:01.984 | INFO     | tracy:signpost:49 - PERF_MULTICHIP_DECODE_END
2026-07-02 23:16:01.984 | INFO     | tracy:signpost:49 - PERF_MULTICHIP_DECODE
2026-07-02 23:16:01.987 | INFO     | tracy:signpost:49 - PERF_MULTICHIP_DECODE_END
2026-07-02 23:16:01.987 | INFO     | tracy:signpost:49 - PERF_MULTICHIP_DECODE
2026-07-02 23:16:01.990 | INFO     | tracy:signpost:49 - PERF_MULTICHIP_DECODE_END
2026-07-02 23:16:01.990 | INFO     | tracy:signpost:49 - PERF_MULTICHIP_DECODE
2026-07-02 23:16:01.993 | INFO     | tracy:signpost:49 - PERF_MULTICHIP_DECODE_END
2026-07-02 23:16:01.994 | INFO     | tracy:signpost:49 - PERF_MULTICHIP_DECODE
2026-07-02 23:16:01.996 | INFO     | tracy:signpost:49 - PERF_MULTICHIP_DECODE_END
2026-07-02 23:16:01.997 | INFO     | tracy:signpost:49 - PERF_MULTICHIP_DECODE
2026-07-02 23:16:01.999 | INFO     | tracy:signpost:49 - PERF_MULTICHIP_DECODE_END
2026-07-02 23:16:02.000 | INFO     | tracy:signpost:49 - PERF_MULTICHIP_DECODE
2026-07-02 23:16:02.002 | INFO     | tracy:signpost:49 - PERF_MULTICHIP_DECODE_END
2026-07-02 23:16:02.003 | INFO     | tracy:signpost:49 - PERF_MULTICHIP_DECODE
2026-07-02 23:16:02.006 | INFO     | tracy:signpost:49 - PERF_MULTICHIP_DECODE_END
2026-07-02 23:16:02.006 | INFO     | tracy:signpost:49 - PERF_MULTICHIP_DECODE
2026-07-02 23:16:02.009 | INFO     | tracy:signpost:49 - PERF_MULTICHIP_DECODE_END
2026-07-02 23:16:02.009 | INFO     | tracy:signpost:49 - PERF_MULTICHIP_DECODE
2026-07-02 23:16:02.012 | INFO     | tracy:signpost:49 - PERF_MULTICHIP_DECODE_END
2026-07-02 23:16:02.012 | INFO     | tracy:signpost:49 - PERF_MULTICHIP_DECODE
2026-07-02 23:16:02.015 | INFO     | tracy:signpost:49 - PERF_MULTICHIP_DECODE_END
2026-07-02 23:16:02.015 | INFO     | tracy:signpost:49 - PERF_MULTICHIP_DECODE
2026-07-02 23:16:02.018 | INFO     | tracy:signpost:49 - PERF_MULTICHIP_DECODE_END
2026-07-02 23:16:02.018 | INFO     | tracy:signpost:49 - PERF_MULTICHIP_DECODE
2026-07-02 23:16:02.021 | INFO     | tracy:signpost:49 - PERF_MULTICHIP_DECODE_END
2026-07-02 23:16:02.021 | INFO     | tracy:signpost:49 - PERF_MULTICHIP_DECODE
2026-07-02 23:16:02.024 | INFO     | tracy:signpost:49 - PERF_MULTICHIP_DECODE_END
2026-07-02 23:16:02.024 | INFO     | tracy:signpost:49 - PERF_MULTICHIP_DECODE
2026-07-02 23:16:02.027 | INFO     | tracy:signpost:49 - PERF_MULTICHIP_DECODE_END
2026-07-02 23:16:02.027 | INFO     | tracy:signpost:49 - PERF_MULTICHIP_DECODE
2026-07-02 23:16:02.030 | INFO     | tracy:signpost:49 - PERF_MULTICHIP_DECODE_END
2026-07-02 23:16:02.030 | INFO     | tracy:signpost:49 - PERF_MULTICHIP_DECODE
2026-07-02 23:16:02.033 | INFO     | tracy:signpost:49 - PERF_MULTICHIP_DECODE_END
2026-07-02 23:16:02.033 | INFO     | tracy:signpost:49 - PERF_MULTICHIP_DECODE
2026-07-02 23:16:02.036 | INFO     | tracy:signpost:49 - PERF_MULTICHIP_DECODE_END
2026-07-02 23:16:02.036 | INFO     | tracy:signpost:49 - PERF_MULTICHIP_DECODE
2026-07-02 23:16:02.039 | INFO     | tracy:signpost:49 - PERF_MULTICHIP_DECODE_END
2026-07-02 23:16:02.039 | INFO     | tracy:signpost:49 - PERF_MULTICHIP_DECODE
2026-07-02 23:16:02.042 | INFO     | tracy:signpost:49 - PERF_MULTICHIP_DECODE_END
2026-07-02 23:16:02.042 | INFO     | tracy:signpost:49 - PERF_MULTICHIP_DECODE
2026-07-02 23:16:02.045 | INFO     | tracy:signpost:49 - PERF_MULTICHIP_DECODE_END
2026-07-02 23:16:02.045 | INFO     | tracy:signpost:49 - PERF_MULTICHIP_DECODE
2026-07-02 23:16:02.048 | INFO     | tracy:signpost:49 - PERF_MULTICHIP_DECODE_END
2026-07-02 23:16:02.048 | INFO     | tracy:signpost:49 - PERF_MULTICHIP_DECODE
2026-07-02 23:16:02.051 | INFO     | tracy:signpost:49 - PERF_MULTICHIP_DECODE_END
2026-07-02 23:16:02.051 | INFO     | tracy:signpost:49 - PERF_MULTICHIP_DECODE
2026-07-02 23:16:02.054 | INFO     | tracy:signpost:49 - PERF_MULTICHIP_DECODE_END
2026-07-02 23:16:02.054 | INFO     | tracy:signpost:49 - PERF_MULTICHIP_DECODE
2026-07-02 23:16:02.057 | INFO     | tracy:signpost:49 - PERF_MULTICHIP_DECODE_END
2026-07-02 23:16:02.057 | INFO     | tracy:signpost:49 - PERF_MULTICHIP_DECODE
2026-07-02 23:16:02.060 | INFO     | tracy:signpost:49 - PERF_MULTICHIP_DECODE_END
2026-07-02 23:16:02.060 | INFO     | tracy:signpost:49 - PERF_MULTICHIP_DECODE
2026-07-02 23:16:02.063 | INFO     | tracy:signpost:49 - PERF_MULTICHIP_DECODE_END
2026-07-02 23:16:02.097 | INFO     | tracy:signpost:49 - PERF_MULTICHIP_DECODE
2026-07-02 23:16:02.100 | INFO     | tracy:signpost:49 - PERF_MULTICHIP_DECODE_END
2026-07-02 23:16:02.101 | INFO     | tracy:signpost:49 - PERF_MULTICHIP_DECODE
2026-07-02 23:16:02.104 | INFO     | tracy:signpost:49 - PERF_MULTICHIP_DECODE_END
2026-07-02 23:16:02.104 | INFO     | tracy:signpost:49 - PERF_MULTICHIP_DECODE
2026-07-02 23:16:02.107 | INFO     | tracy:signpost:49 - PERF_MULTICHIP_DECODE_END
2026-07-02 23:16:02.107 | INFO     | tracy:signpost:49 - PERF_MULTICHIP_DECODE
2026-07-02 23:16:02.110 | INFO     | tracy:signpost:49 - PERF_MULTICHIP_DECODE_END
2026-07-02 23:16:02.110 | INFO     | tracy:signpost:49 - PERF_MULTICHIP_DECODE
2026-07-02 23:16:02.113 | INFO     | tracy:signpost:49 - PERF_MULTICHIP_DECODE_END
2026-07-02 23:16:02.113 | INFO     | tracy:signpost:49 - PERF_MULTICHIP_DECODE
2026-07-02 23:16:02.116 | INFO     | tracy:signpost:49 - PERF_MULTICHIP_DECODE_END
2026-07-02 23:16:02.116 | INFO     | tracy:signpost:49 - PERF_MULTICHIP_DECODE
2026-07-02 23:16:02.119 | INFO     | tracy:signpost:49 - PERF_MULTICHIP_DECODE_END
2026-07-02 23:16:02.119 | INFO     | tracy:signpost:49 - PERF_MULTICHIP_DECODE
2026-07-02 23:16:02.122 | INFO     | tracy:signpost:49 - PERF_MULTICHIP_DECODE_END
2026-07-02 23:16:02.122 | INFO     | tracy:signpost:49 - PERF_MULTICHIP_DECODE
2026-07-02 23:16:02.125 | INFO     | tracy:signpost:49 - PERF_MULTICHIP_DECODE_END
2026-07-02 23:16:02.125 | INFO     | tracy:signpost:49 - PERF_MULTICHIP_DECODE
2026-07-02 23:16:02.128 | INFO     | tracy:signpost:49 - PERF_MULTICHIP_DECODE_END
2026-07-02 23:16:02.128 | INFO     | tracy:signpost:49 - PERF_MULTICHIP_DECODE
2026-07-02 23:16:02.131 | INFO     | tracy:signpost:49 - PERF_MULTICHIP_DECODE_END
2026-07-02 23:16:02.131 | INFO     | tracy:signpost:49 - PERF_MULTICHIP_DECODE
2026-07-02 23:16:02.134 | INFO     | tracy:signpost:49 - PERF_MULTICHIP_DECODE_END
2026-07-02 23:16:02.134 | INFO     | tracy:signpost:49 - PERF_MULTICHIP_DECODE
2026-07-02 23:16:02.137 | INFO     | tracy:signpost:49 - PERF_MULTICHIP_DECODE_END
2026-07-02 23:16:02.137 | INFO     | tracy:signpost:49 - PERF_MULTICHIP_DECODE
2026-07-02 23:16:02.140 | INFO     | tracy:signpost:49 - PERF_MULTICHIP_DECODE_END
2026-07-02 23:16:02.140 | INFO     | tracy:signpost:49 - PERF_MULTICHIP_DECODE
2026-07-02 23:16:02.143 | INFO     | tracy:signpost:49 - PERF_MULTICHIP_DECODE_END
2026-07-02 23:16:02.143 | INFO     | tracy:signpost:49 - PERF_MULTICHIP_DECODE
2026-07-02 23:16:02.146 | INFO     | tracy:signpost:49 - PERF_MULTICHIP_DECODE_END
2026-07-02 23:16:02.146 | INFO     | tracy:signpost:49 - PERF_MULTICHIP_DECODE
2026-07-02 23:16:02.149 | INFO     | tracy:signpost:49 - PERF_MULTICHIP_DECODE_END
2026-07-02 23:16:02.149 | INFO     | tracy:signpost:49 - PERF_MULTICHIP_DECODE
2026-07-02 23:16:02.152 | INFO     | tracy:signpost:49 - PERF_MULTICHIP_DECODE_END
2026-07-02 23:16:02.152 | INFO     | tracy:signpost:49 - PERF_MULTICHIP_DECODE
2026-07-02 23:16:02.155 | INFO     | tracy:signpost:49 - PERF_MULTICHIP_DECODE_END
2026-07-02 23:16:02.155 | INFO     | tracy:signpost:49 - PERF_MULTICHIP_DECODE
2026-07-02 23:16:02.158 | INFO     | tracy:signpost:49 - PERF_MULTICHIP_DECODE_END
2026-07-02 23:16:02.158 | INFO     | tracy:signpost:49 - PERF_MULTICHIP_DECODE
2026-07-02 23:16:02.161 | INFO     | tracy:signpost:49 - PERF_MULTICHIP_DECODE_END
2026-07-02 23:16:02.161 | INFO     | tracy:signpost:49 - PERF_MULTICHIP_DECODE
2026-07-02 23:16:02.164 | INFO     | tracy:signpost:49 - PERF_MULTICHIP_DECODE_END
2026-07-02 23:16:02.164 | INFO     | tracy:signpost:49 - PERF_MULTICHIP_DECODE
2026-07-02 23:16:02.167 | INFO     | tracy:signpost:49 - PERF_MULTICHIP_DECODE_END
2026-07-02 23:16:02.167 | INFO     | tracy:signpost:49 - PERF_MULTICHIP_DECODE
2026-07-02 23:16:02.170 | INFO     | tracy:signpost:49 - PERF_MULTICHIP_DECODE_END
2026-07-02 23:16:02.170 | INFO     | tracy:signpost:49 - PERF_MULTICHIP_DECODE
2026-07-02 23:16:02.173 | INFO     | tracy:signpost:49 - PERF_MULTICHIP_DECODE_END
2026-07-02 23:16:02.173 | INFO     | tracy:signpost:49 - PERF_MULTICHIP_DECODE
2026-07-02 23:16:02.176 | INFO     | tracy:signpost:49 - PERF_MULTICHIP_DECODE_END
2026-07-02 23:16:02.176 | INFO     | tracy:signpost:49 - PERF_MULTICHIP_DECODE
2026-07-02 23:16:02.178 | INFO     | tracy:signpost:49 - PERF_MULTICHIP_DECODE_END
2026-07-02 23:16:02.179 | INFO     | tracy:signpost:49 - PERF_MULTICHIP_DECODE
2026-07-02 23:16:02.181 | INFO     | tracy:signpost:49 - PERF_MULTICHIP_DECODE_END
2026-07-02 23:16:02.181 | INFO     | tracy:signpost:49 - PERF_MULTICHIP_DECODE
2026-07-02 23:16:02.184 | INFO     | tracy:signpost:49 - PERF_MULTICHIP_DECODE_END
2026-07-02 23:16:02.184 | INFO     | tracy:signpost:49 - PERF_MULTICHIP_DECODE
2026-07-02 23:16:02.187 | INFO     | tracy:signpost:49 - PERF_MULTICHIP_DECODE_END
2026-07-02 23:16:02.187 | INFO     | tracy:signpost:49 - PERF_MULTICHIP_DECODE
2026-07-02 23:16:02.190 | INFO     | tracy:signpost:49 - PERF_MULTICHIP_DECODE_END
2026-07-02 23:16:02.190 | INFO     | tracy:signpost:49 - PERF_MULTICHIP_DECODE
2026-07-02 23:16:02.193 | INFO     | tracy:signpost:49 - PERF_MULTICHIP_DECODE_END
2026-07-02 23:16:02.193 | INFO     | tracy:signpost:49 - PERF_MULTICHIP_DECODE
2026-07-02 23:16:02.196 | INFO     | tracy:signpost:49 - PERF_MULTICHIP_DECODE_END
2026-07-02 23:16:02.196 | INFO     | tracy:signpost:49 - PERF_MULTICHIP_DECODE
2026-07-02 23:16:02.199 | INFO     | tracy:signpost:49 - PERF_MULTICHIP_DECODE_END
2026-07-02 23:16:02.199 | INFO     | tracy:signpost:49 - PERF_MULTICHIP_DECODE
2026-07-02 23:16:02.202 | INFO     | tracy:signpost:49 - PERF_MULTICHIP_DECODE_END
2026-07-02 23:16:02.202 | INFO     | tracy:signpost:49 - PERF_MULTICHIP_DECODE
2026-07-02 23:16:02.205 | INFO     | tracy:signpost:49 - PERF_MULTICHIP_DECODE_END
2026-07-02 23:16:02.207 | INFO     | tracy:signpost:49 - PERF_MULTICHIP_DECODE
2026-07-02 23:16:02.211 | INFO     | tracy:signpost:49 - PERF_MULTICHIP_DECODE_END
2026-07-02 23:16:02.212 | INFO     | tracy:signpost:49 - PERF_MULTICHIP_DECODE
2026-07-02 23:16:02.214 | INFO     | tracy:signpost:49 - PERF_MULTICHIP_DECODE_END
2026-07-02 23:16:02.214 | INFO     | tracy:signpost:49 - PERF_MULTICHIP_DECODE
2026-07-02 23:16:02.216 | INFO     | tracy:signpost:49 - PERF_MULTICHIP_DECODE_END
2026-07-02 23:16:02.216 | INFO     | tracy:signpost:49 - PERF_MULTICHIP_DECODE
2026-07-02 23:16:02.219 | INFO     | tracy:signpost:49 - PERF_MULTICHIP_DECODE_END
2026-07-02 23:16:02.219 | INFO     | tracy:signpost:49 - PERF_MULTICHIP_DECODE
2026-07-02 23:16:02.221 | INFO     | tracy:signpost:49 - PERF_MULTICHIP_DECODE_END
2026-07-02 23:16:02.221 | INFO     | tracy:signpost:49 - PERF_MULTICHIP_DECODE
2026-07-02 23:16:02.224 | INFO     | tracy:signpost:49 - PERF_MULTICHIP_DECODE_END
2026-07-02 23:16:02.224 | INFO     | tracy:signpost:49 - PERF_MULTICHIP_DECODE
2026-07-02 23:16:02.226 | INFO     | tracy:signpost:49 - PERF_MULTICHIP_DECODE_END
2026-07-02 23:16:02.226 | INFO     | tracy:signpost:49 - PERF_MULTICHIP_DECODE
2026-07-02 23:16:02.228 | INFO     | tracy:signpost:49 - PERF_MULTICHIP_DECODE_END
2026-07-02 23:16:02.229 | INFO     | tracy:signpost:49 - PERF_MULTICHIP_DECODE
2026-07-02 23:16:02.231 | INFO     | tracy:signpost:49 - PERF_MULTICHIP_DECODE_END
2026-07-02 23:16:02.231 | INFO     | tracy:signpost:49 - PERF_MULTICHIP_DECODE
2026-07-02 23:16:02.233 | INFO     | tracy:signpost:49 - PERF_MULTICHIP_DECODE_END
2026-07-02 23:16:02.233 | INFO     | tracy:signpost:49 - PERF_MULTICHIP_DECODE
2026-07-02 23:16:02.236 | INFO     | tracy:signpost:49 - PERF_MULTICHIP_DECODE_END
2026-07-02 23:16:02.236 | INFO     | tracy:signpost:49 - PERF_MULTICHIP_DECODE
2026-07-02 23:16:02.238 | INFO     | tracy:signpost:49 - PERF_MULTICHIP_DECODE_END
2026-07-02 23:16:02.238 | INFO     | tracy:signpost:49 - PERF_MULTICHIP_DECODE
2026-07-02 23:16:02.240 | INFO     | tracy:signpost:49 - PERF_MULTICHIP_DECODE_END
2026-07-02 23:16:02.241 | INFO     | tracy:signpost:49 - PERF_MULTICHIP_DECODE
2026-07-02 23:16:02.243 | INFO     | tracy:signpost:49 - PERF_MULTICHIP_DECODE_END
2026-07-02 23:16:02.243 | INFO     | tracy:signpost:49 - PERF_MULTICHIP_DECODE
2026-07-02 23:16:02.245 | INFO     | tracy:signpost:49 - PERF_MULTICHIP_DECODE_END
2026-07-02 23:16:02.245 | INFO     | tracy:signpost:49 - PERF_MULTICHIP_DECODE
2026-07-02 23:16:02.248 | INFO     | tracy:signpost:49 - PERF_MULTICHIP_DECODE_END
2026-07-02 23:16:02.248 | INFO     | tracy:signpost:49 - PERF_MULTICHIP_DECODE
2026-07-02 23:16:02.250 | INFO     | tracy:signpost:49 - PERF_MULTICHIP_DECODE_END
2026-07-02 23:16:02.250 | INFO     | tracy:signpost:49 - PERF_MULTICHIP_DECODE
2026-07-02 23:16:02.252 | INFO     | tracy:signpost:49 - PERF_MULTICHIP_DECODE_END
2026-07-02 23:16:02.253 | INFO     | tracy:signpost:49 - PERF_MULTICHIP_DECODE
2026-07-02 23:16:02.255 | INFO     | tracy:signpost:49 - PERF_MULTICHIP_DECODE_END
2026-07-02 23:16:02.255 | INFO     | tracy:signpost:49 - PERF_MULTICHIP_DECODE
2026-07-02 23:16:02.257 | INFO     | tracy:signpost:49 - PERF_MULTICHIP_DECODE_END
2026-07-02 23:16:02.257 | INFO     | tracy:signpost:49 - PERF_MULTICHIP_DECODE
2026-07-02 23:16:02.260 | INFO     | tracy:signpost:49 - PERF_MULTICHIP_DECODE_END
2026-07-02 23:16:02.260 | INFO     | tracy:signpost:49 - PERF_MULTICHIP_DECODE
2026-07-02 23:16:02.262 | INFO     | tracy:signpost:49 - PERF_MULTICHIP_DECODE_END
2026-07-02 23:16:02.262 | INFO     | tracy:signpost:49 - PERF_MULTICHIP_DECODE
2026-07-02 23:16:02.264 | INFO     | tracy:signpost:49 - PERF_MULTICHIP_DECODE_END
2026-07-02 23:16:02.265 | INFO     | tracy:signpost:49 - PERF_MULTICHIP_DECODE
2026-07-02 23:16:02.267 | INFO     | tracy:signpost:49 - PERF_MULTICHIP_DECODE_END
2026-07-02 23:16:02.267 | INFO     | tracy:signpost:49 - PERF_MULTICHIP_DECODE
2026-07-02 23:16:02.269 | INFO     | tracy:signpost:49 - PERF_MULTICHIP_DECODE_END
2026-07-02 23:16:02.269 | INFO     | tracy:signpost:49 - PERF_MULTICHIP_DECODE
2026-07-02 23:16:02.272 | INFO     | tracy:signpost:49 - PERF_MULTICHIP_DECODE_END
2026-07-02 23:16:02.272 | INFO     | tracy:signpost:49 - PERF_MULTICHIP_DECODE
2026-07-02 23:16:02.274 | INFO     | tracy:signpost:49 - PERF_MULTICHIP_DECODE_END
2026-07-02 23:16:02.274 | INFO     | tracy:signpost:49 - PERF_MULTICHIP_DECODE
2026-07-02 23:16:02.276 | INFO     | tracy:signpost:49 - PERF_MULTICHIP_DECODE_END
2026-07-02 23:16:02.277 | INFO     | tracy:signpost:49 - PERF_MULTICHIP_DECODE
2026-07-02 23:16:02.279 | INFO     | tracy:signpost:49 - PERF_MULTICHIP_DECODE_END
2026-07-02 23:16:02.279 | INFO     | tracy:signpost:49 - PERF_MULTICHIP_DECODE
2026-07-02 23:16:02.281 | INFO     | tracy:signpost:49 - PERF_MULTICHIP_DECODE_END
2026-07-02 23:16:02.281 | INFO     | tracy:signpost:49 - PERF_MULTICHIP_DECODE
2026-07-02 23:16:02.284 | INFO     | tracy:signpost:49 - PERF_MULTICHIP_DECODE_END
2026-07-02 23:16:02.284 | INFO     | tracy:signpost:49 - PERF_MULTICHIP_DECODE
2026-07-02 23:16:02.286 | INFO     | tracy:signpost:49 - PERF_MULTICHIP_DECODE_END
2026-07-02 23:16:02.286 | INFO     | tracy:signpost:49 - PERF_MULTICHIP_DECODE
2026-07-02 23:16:02.289 | INFO     | tracy:signpost:49 - PERF_MULTICHIP_DECODE_END
2026-07-02 23:16:02.289 | INFO     | tracy:signpost:49 - PERF_MULTICHIP_DECODE
2026-07-02 23:16:02.291 | INFO     | tracy:signpost:49 - PERF_MULTICHIP_DECODE_END
2026-07-02 23:16:02.291 | INFO     | tracy:signpost:49 - PERF_MULTICHIP_DECODE
2026-07-02 23:16:02.293 | INFO     | tracy:signpost:49 - PERF_MULTICHIP_DECODE_END
2026-07-02 23:16:02.294 | INFO     | tracy:signpost:49 - PERF_MULTICHIP_DECODE
2026-07-02 23:16:02.296 | INFO     | tracy:signpost:49 - PERF_MULTICHIP_DECODE_END
entry[0]             top1=0.930 (93/100)  top5=1.000 (100/100)  top100=1.000 (100/100)  TTFT=5589.06ms  decode=19.41 t/s/u  e2e=9.35 t/s/u
AGGREGATE            top1=0.930 (93/100)  top5=1.000 (100/100)  top100=1.000 (100/100)  TTFT=5589.06ms  decode=19.41 t/s/u  e2e=9.35 t/s/u
nanobind: leaked 2 instances!
 - leaked instance 0x7fb7bd4dbf18 of type "ttnn._ttnn.tensor.CoreRangeSet"
 - leaked instance 0x7fb7bd6381c8 of type "ttnn._ttnn.device.DispatchCoreConfig"
nanobind: leaked 35 types!
 - leaked type "DispatchCoreAxis"
 - leaked type "ttnn._ttnn.device.SubDeviceManagerId"
 - leaked type "MathFidelity"
 - leaked type "ttnn._ttnn.operations.matmul.MatmulMultiCoreReuseMultiCast1DProgramConfig"
 - leaked type "ttnn._ttnn.operations.matmul.MatmulInputs"
 - leaked type "ttnn._ttnn.operations.matmul.MatmulMultiCoreReuseMultiCastBatchedDRAMShardedProgramConfig"
 - leaked type "BufferType"
 - leaked type "UnaryOpType"
 - leaked type "Layout"
 - leaked type "ttnn._ttnn.operations.matmul.MatmulMultiCoreReuseOptimizedProgramFactory"
 - ... skipped remainder
nanobind: leaked 305 functions!
 - leaked function "pop_current_command_queue_id_for_thread"
 - leaked function "arch"
 - leaked function "to_json"
 - leaked function ""
 - leaked function "deallocate_buffers"
 - leaked function "contains"
 - leaked function "__init__"
 - leaked function ""
 - leaked function "GetNumPCIeDevices"
 - leaked function "to_numpy"
 - ... skipped remainder
nanobind: this is likely caused by a reference counting issue in the binding code.
See https://nanobind.readthedocs.io/en/latest/refleaks.html2026-07-02 23:16:04.525 | info     |    BuildKernels | JIT cache stats: 247/303 hits (81.5%) [247 cached, 178 build-once dedup, 0 merged artifacts, 0 merged genfiles] (build_cache_telemetry.cpp:207)
2026-07-02 23:16:04.525 | info     |    BuildKernels | JIT telemetry: 3 registered TelemetryTokens (build_cache_telemetry.cpp:230)
2026-07-02 23:16:04.549 | info     |          Device | Closing user mode device drivers (tt_cluster.cpp:512)
2026-07-02 23:16:04.549 | info     |             UMD | Closing devices in cluster (cluster.cpp:1037)
2026-07-02 23:16:05.185 | info     |             UMD | Closing devices in cluster completed. (cluster.cpp:1046)
2026-07-02 23:16:05.185 | info     |             UMD | Cluster destructor started. (cluster.cpp:754)
2026-07-02 23:16:05.185 | info     |             UMD | Cluster destructor completed. (cluster.cpp:757)
