2026-07-02 23:11:48.406 | DEBUG    | ttnn:<module>:79 - Initial ttnn.CONFIG:
Config{cache_path=/home/ubuntu/.cache/ttnn,model_cache_path=/home/ubuntu/.cache/ttnn/models,tmp_dir=/tmp/ttnn,enable_model_cache=false,enable_fast_runtime_mode=true,throw_exception_on_fallback=false,enable_logging=false,enable_graph_report=false,enable_graph_python_stack_traces=false,enable_detailed_buffer_report=false,enable_detailed_tensor_report=false,enable_comparison_mode=false,comparison_mode_should_raise_exception=false,comparison_mode_pcc=0.9999,root_report_path=generated/ttnn/reports,report_name=std::nullopt,std::nullopt}
2026-07-02 23:11:48.487 | info     |          Device | Opening user mode device driver (tt_cluster.cpp:228)
2026-07-02 23:11:48.487 | info     |             UMD | Cluster constructor started. (cluster.cpp:348)
2026-07-02 23:11:48.488 | info     |             UMD | Creating TopologyDiscovery for architecture: blackhole (topology_discovery.cpp:91)
2026-07-02 23:11:48.488 | info     |             UMD | Starting topology discovery. (topology_discovery.cpp:110)
2026-07-02 23:11:48.489 | info     |             UMD | Established firmware bundle version: 19.9.0 (topology_discovery.cpp:569)
2026-07-02 23:11:48.489 | info     |             UMD | Firmware bundle version 19.9.0 on the system is newer than the latest fully tested version 19.5.0 for blackhole architecture. Newest features may not be supported. (topology_discovery.cpp:601)
2026-07-02 23:11:48.492 | info     |             UMD | Completed topology discovery. (topology_discovery.cpp:114)
2026-07-02 23:11:48.660 | info     |             UMD | Opening local chip ids/PCIe ids: {0, 1, 2, 3}/[1, 2, 3, 0] and remote chip ids {} (cluster.cpp:168)
2026-07-02 23:11:48.660 | info     |             UMD | IOMMU: enabled (cluster.cpp:142)
2026-07-02 23:11:48.660 | info     |             UMD | KMD version: 2.4.1 (cluster.cpp:145)
2026-07-02 23:11:48.660 | info     |             UMD | Cluster constructor completed. (cluster.cpp:520)
2026-07-02 23:11:48.663 | info     |             UMD | Starting devices in cluster (cluster.cpp:1024)
2026-07-02 23:11:48.873 | info     |             UMD | Starting devices in cluster completed. (cluster.cpp:1032)
2026-07-02 23:11:49.478 | info     |     Distributed | Using auto discovery to generate mesh graph. (metal_env.cpp:367)
2026-07-02 23:11:49.478 | info     |     Distributed | Constructing control plane using auto-discovery (no mesh graph descriptor). (metal_env.cpp:429)
2026-07-02 23:11:49.479 | info     |          Fabric | Logical multi-mesh adjacency: intermesh degree histogram {0:1}; intra-mesh degree histograms mesh0 {2:4} (topology_mapper_utils.cpp:2342)
2026-07-02 23:11:49.479 | info     |          Fabric | Physical multi-mesh adjacency: intermesh degree histogram {0:1}; intra-mesh degree histograms mesh0 {2:4} (topology_mapper_utils.cpp:2350)
2026-07-02 23:11:49.480 | DEBUG    | ttnn.device:__init__:152 - Using default dispatch core type for this system: DispatchCoreType.WORKER
2026-07-02 23:11:49.480 | DEBUG    | ttnn.device:__init__:154 - Using default dispatch core axis for this system: DispatchCoreAxis.COL
2026-07-02 23:11:49.495 | info     |    BuildKernels | Using pre-compiled firmware from: /home/ubuntu/tt-metal/tt_metal/pre-compiled/13793420398762238087/ (build_env_manager.cpp:347)
2026-07-02 23:11:49.495 | info     |    BuildKernels | Using pre-compiled firmware from: /home/ubuntu/tt-metal/tt_metal/pre-compiled/13793420398762238087/ (build_env_manager.cpp:347)
2026-07-02 23:11:49.495 | info     |    BuildKernels | Using pre-compiled firmware from: /home/ubuntu/tt-metal/tt_metal/pre-compiled/13793420398762238087/ (build_env_manager.cpp:347)
2026-07-02 23:11:49.495 | info     |    BuildKernels | Using pre-compiled firmware from: /home/ubuntu/tt-metal/tt_metal/pre-compiled/13793420398762238087/ (build_env_manager.cpp:347)
2026-07-02 23:11:49.554 | info     |           Metal | Initializing Fabric (fabric_firmware_initializer.cpp:288)
2026-07-02 23:11:49.606 | info     |           Metal | Fabric initialized on Device 0 (device.cpp:429)
2026-07-02 23:11:49.607 | info     |           Metal | Fabric initialized on Device 1 (device.cpp:429)
2026-07-02 23:11:49.609 | info     |           Metal | Fabric initialized on Device 2 (device.cpp:429)
2026-07-02 23:11:49.610 | info     |           Metal | Fabric initialized on Device 3 (device.cpp:429)
2026-07-02 23:11:49.610 | info     |           Metal | Fabric initialized on 4 devices (fabric_firmware_initializer.cpp:435)
2026-07-02 23:11:49.610 | info     |           Metal | Fabric Initialized with config FabricConfig::FABRIC_1D_RING (fabric_firmware_initializer.cpp:305)
2026-07-02 23:11:49.665 | info     |           Metal | ShmResourceTracker: removed orphaned shm '/tt_device_143238002115104_memory' (shm_resource_tracker.cpp:282)
2026-07-02 23:11:49.665 | info     |           Metal | ShmResourceTracker: removed orphaned shm '/tt_device_143238002118688_memory' (shm_resource_tracker.cpp:282)
2026-07-02 23:11:49.665 | info     |           Metal | ShmResourceTracker: removed orphaned shm '/tt_device_143238002114624_memory' (shm_resource_tracker.cpp:282)
2026-07-02 23:11:49.665 | info     |           Metal | ShmResourceTracker: removed orphaned shm '/tt_device_143238002115584_memory' (shm_resource_tracker.cpp:282)
2026-07-02 23:11:50.237 | info     |           Metal | [Real-time profiler] Device 2 sync complete: 100 samples, frequency=1.349962 GHz, device_time_at_sync=374783704159 cycles (realtime_profiler_manager.cpp:1127)
2026-07-02 23:11:50.237 | info     |           Metal | [Real-time profiler] Device 1 sync complete: 100 samples, frequency=1.349983 GHz, device_time_at_sync=374833178396 cycles (realtime_profiler_manager.cpp:1127)
2026-07-02 23:11:50.249 | info     |           Metal | [Real-time profiler] Device 0 sync complete: 100 samples, frequency=1.349962 GHz, device_time_at_sync=374213969945 cycles (realtime_profiler_manager.cpp:1127)
2026-07-02 23:11:50.249 | info     |           Metal | [Real-time profiler] Device 3 sync complete: 100 samples, frequency=1.349979 GHz, device_time_at_sync=375366940970 cycles (realtime_profiler_manager.cpp:1127)
[transformers] `torch_dtype` is deprecated! Use `dtype` instead!
Loading weights:   0%|          | 0/398 [00:00<?, ?it/s]Loading weights: 100%|██████████| 398/398 [00:00<00:00, 9210.52it/s]
2026-07-02 23:11:58.206 | info     |           Metal | Pinned source memory start address 0x7f4c3c2eae28 must be aligned 64 B (dispatch.cpp:1180)
2026-07-02 23:11:58.206 | info     |           Metal | Pinned source memory start address 0x7f4c3c2eae28 must be aligned 64 B (dispatch.cpp:1180)
2026-07-02 23:11:58.206 | info     |           Metal | Pinned source memory start address 0x7f4c3c2eae28 must be aligned 64 B (dispatch.cpp:1180)
2026-07-02 23:11:58.206 | info     |           Metal | Pinned source memory start address 0x7f4c3c2eae28 must be aligned 64 B (dispatch.cpp:1180)
2026-07-02 23:13:46.730 | INFO     | tracy:signpost:49 - PERF_MULTICHIP_PREFILL
2026-07-02 23:13:47.358 | INFO     | tracy:signpost:49 - PERF_MULTICHIP_PREFILL_END
2026-07-02 23:13:47.358 | INFO     | tracy:signpost:49 - PERF_MULTICHIP_PREFILL
2026-07-02 23:13:47.361 | INFO     | tracy:signpost:49 - PERF_MULTICHIP_PREFILL_END
2026-07-02 23:13:47.361 | INFO     | tracy:signpost:49 - PERF_MULTICHIP_PREFILL
2026-07-02 23:13:47.363 | INFO     | tracy:signpost:49 - PERF_MULTICHIP_PREFILL_END
2026-07-02 23:13:47.363 | INFO     | tracy:signpost:49 - PERF_MULTICHIP_PREFILL
2026-07-02 23:13:47.366 | INFO     | tracy:signpost:49 - PERF_MULTICHIP_PREFILL_END
2026-07-02 23:13:47.366 | INFO     | tracy:signpost:49 - PERF_MULTICHIP_PREFILL
2026-07-02 23:13:47.368 | INFO     | tracy:signpost:49 - PERF_MULTICHIP_PREFILL_END
2026-07-02 23:13:47.368 | INFO     | tracy:signpost:49 - PERF_MULTICHIP_PREFILL
2026-07-02 23:13:47.370 | INFO     | tracy:signpost:49 - PERF_MULTICHIP_PREFILL_END
2026-07-02 23:13:47.371 | INFO     | tracy:signpost:49 - PERF_MULTICHIP_PREFILL
2026-07-02 23:13:47.373 | INFO     | tracy:signpost:49 - PERF_MULTICHIP_PREFILL_END
2026-07-02 23:13:47.373 | INFO     | tracy:signpost:49 - PERF_MULTICHIP_PREFILL
2026-07-02 23:13:47.375 | INFO     | tracy:signpost:49 - PERF_MULTICHIP_PREFILL_END
2026-07-02 23:13:47.375 | INFO     | tracy:signpost:49 - PERF_MULTICHIP_PREFILL
2026-07-02 23:13:47.378 | INFO     | tracy:signpost:49 - PERF_MULTICHIP_PREFILL_END
2026-07-02 23:13:47.378 | INFO     | tracy:signpost:49 - PERF_MULTICHIP_PREFILL
2026-07-02 23:13:47.380 | INFO     | tracy:signpost:49 - PERF_MULTICHIP_PREFILL_END
2026-07-02 23:13:47.380 | INFO     | tracy:signpost:49 - PERF_MULTICHIP_PREFILL
2026-07-02 23:13:47.382 | INFO     | tracy:signpost:49 - PERF_MULTICHIP_PREFILL_END
2026-07-02 23:13:47.382 | INFO     | tracy:signpost:49 - PERF_MULTICHIP_PREFILL
2026-07-02 23:13:47.385 | INFO     | tracy:signpost:49 - PERF_MULTICHIP_PREFILL_END
2026-07-02 23:13:47.385 | INFO     | tracy:signpost:49 - PERF_MULTICHIP_PREFILL
2026-07-02 23:13:47.387 | INFO     | tracy:signpost:49 - PERF_MULTICHIP_PREFILL_END
2026-07-02 23:13:47.387 | INFO     | tracy:signpost:49 - PERF_MULTICHIP_PREFILL
2026-07-02 23:13:47.389 | INFO     | tracy:signpost:49 - PERF_MULTICHIP_PREFILL_END
2026-07-02 23:13:47.389 | INFO     | tracy:signpost:49 - PERF_MULTICHIP_PREFILL
2026-07-02 23:13:47.392 | INFO     | tracy:signpost:49 - PERF_MULTICHIP_PREFILL_END
2026-07-02 23:13:47.392 | INFO     | tracy:signpost:49 - PERF_MULTICHIP_PREFILL
2026-07-02 23:13:47.394 | INFO     | tracy:signpost:49 - PERF_MULTICHIP_PREFILL_END
2026-07-02 23:13:47.394 | INFO     | tracy:signpost:49 - PERF_MULTICHIP_PREFILL
2026-07-02 23:13:47.396 | INFO     | tracy:signpost:49 - PERF_MULTICHIP_PREFILL_END
2026-07-02 23:13:47.396 | INFO     | tracy:signpost:49 - PERF_MULTICHIP_PREFILL
2026-07-02 23:13:47.399 | INFO     | tracy:signpost:49 - PERF_MULTICHIP_PREFILL_END
2026-07-02 23:13:47.399 | INFO     | tracy:signpost:49 - PERF_MULTICHIP_PREFILL
2026-07-02 23:13:47.401 | INFO     | tracy:signpost:49 - PERF_MULTICHIP_PREFILL_END
2026-07-02 23:13:47.401 | INFO     | tracy:signpost:49 - PERF_MULTICHIP_PREFILL
2026-07-02 23:13:47.403 | INFO     | tracy:signpost:49 - PERF_MULTICHIP_PREFILL_END
2026-07-02 23:13:47.403 | INFO     | tracy:signpost:49 - PERF_MULTICHIP_PREFILL
2026-07-02 23:13:47.406 | INFO     | tracy:signpost:49 - PERF_MULTICHIP_PREFILL_END
2026-07-02 23:13:47.406 | INFO     | tracy:signpost:49 - PERF_MULTICHIP_PREFILL
2026-07-02 23:13:47.408 | INFO     | tracy:signpost:49 - PERF_MULTICHIP_PREFILL_END
2026-07-02 23:13:47.408 | INFO     | tracy:signpost:49 - PERF_MULTICHIP_PREFILL
2026-07-02 23:13:47.410 | INFO     | tracy:signpost:49 - PERF_MULTICHIP_PREFILL_END
2026-07-02 23:13:47.410 | INFO     | tracy:signpost:49 - PERF_MULTICHIP_PREFILL
2026-07-02 23:13:47.413 | INFO     | tracy:signpost:49 - PERF_MULTICHIP_PREFILL_END
2026-07-02 23:13:47.413 | INFO     | tracy:signpost:49 - PERF_MULTICHIP_PREFILL
2026-07-02 23:13:47.415 | INFO     | tracy:signpost:49 - PERF_MULTICHIP_PREFILL_END
2026-07-02 23:13:47.415 | INFO     | tracy:signpost:49 - PERF_MULTICHIP_PREFILL
2026-07-02 23:13:47.417 | INFO     | tracy:signpost:49 - PERF_MULTICHIP_PREFILL_END
2026-07-02 23:13:47.417 | INFO     | tracy:signpost:49 - PERF_MULTICHIP_PREFILL
2026-07-02 23:13:47.420 | INFO     | tracy:signpost:49 - PERF_MULTICHIP_PREFILL_END
2026-07-02 23:13:47.420 | INFO     | tracy:signpost:49 - PERF_MULTICHIP_PREFILL
2026-07-02 23:13:47.422 | INFO     | tracy:signpost:49 - PERF_MULTICHIP_PREFILL_END
2026-07-02 23:13:47.422 | INFO     | tracy:signpost:49 - PERF_MULTICHIP_PREFILL
2026-07-02 23:13:47.424 | INFO     | tracy:signpost:49 - PERF_MULTICHIP_PREFILL_END
2026-07-02 23:13:47.424 | INFO     | tracy:signpost:49 - PERF_MULTICHIP_PREFILL
2026-07-02 23:13:47.426 | INFO     | tracy:signpost:49 - PERF_MULTICHIP_PREFILL_END
2026-07-02 23:13:47.427 | INFO     | tracy:signpost:49 - PERF_MULTICHIP_PREFILL
2026-07-02 23:13:47.429 | INFO     | tracy:signpost:49 - PERF_MULTICHIP_PREFILL_END
2026-07-02 23:13:47.429 | INFO     | tracy:signpost:49 - PERF_MULTICHIP_PREFILL
2026-07-02 23:13:47.431 | INFO     | tracy:signpost:49 - PERF_MULTICHIP_PREFILL_END
2026-07-02 23:13:47.431 | INFO     | tracy:signpost:49 - PERF_MULTICHIP_PREFILL
2026-07-02 23:13:47.433 | INFO     | tracy:signpost:49 - PERF_MULTICHIP_PREFILL_END
2026-07-02 23:13:47.433 | INFO     | tracy:signpost:49 - PERF_MULTICHIP_PREFILL
2026-07-02 23:13:47.436 | INFO     | tracy:signpost:49 - PERF_MULTICHIP_PREFILL_END
2026-07-02 23:13:47.436 | INFO     | tracy:signpost:49 - PERF_MULTICHIP_PREFILL
2026-07-02 23:13:47.438 | INFO     | tracy:signpost:49 - PERF_MULTICHIP_PREFILL_END
2026-07-02 23:13:47.438 | INFO     | tracy:signpost:49 - PERF_MULTICHIP_PREFILL
2026-07-02 23:13:47.440 | INFO     | tracy:signpost:49 - PERF_MULTICHIP_PREFILL_END
2026-07-02 23:13:47.561 | INFO     | tracy:signpost:49 - PERF_MULTICHIP_DECODE
2026-07-02 23:13:49.842 | INFO     | tracy:signpost:49 - PERF_MULTICHIP_DECODE_END
2026-07-02 23:13:49.842 | INFO     | tracy:signpost:49 - PERF_MULTICHIP_DECODE
2026-07-02 23:13:49.846 | INFO     | tracy:signpost:49 - PERF_MULTICHIP_DECODE_END
2026-07-02 23:13:49.846 | INFO     | tracy:signpost:49 - PERF_MULTICHIP_DECODE
2026-07-02 23:13:49.849 | INFO     | tracy:signpost:49 - PERF_MULTICHIP_DECODE_END
2026-07-02 23:13:49.849 | INFO     | tracy:signpost:49 - PERF_MULTICHIP_DECODE
2026-07-02 23:13:49.853 | INFO     | tracy:signpost:49 - PERF_MULTICHIP_DECODE_END
2026-07-02 23:13:49.853 | INFO     | tracy:signpost:49 - PERF_MULTICHIP_DECODE
2026-07-02 23:13:49.856 | INFO     | tracy:signpost:49 - PERF_MULTICHIP_DECODE_END
2026-07-02 23:13:49.856 | INFO     | tracy:signpost:49 - PERF_MULTICHIP_DECODE
2026-07-02 23:13:49.859 | INFO     | tracy:signpost:49 - PERF_MULTICHIP_DECODE_END
2026-07-02 23:13:49.859 | INFO     | tracy:signpost:49 - PERF_MULTICHIP_DECODE
2026-07-02 23:13:49.862 | INFO     | tracy:signpost:49 - PERF_MULTICHIP_DECODE_END
2026-07-02 23:13:49.863 | INFO     | tracy:signpost:49 - PERF_MULTICHIP_DECODE
2026-07-02 23:13:49.866 | INFO     | tracy:signpost:49 - PERF_MULTICHIP_DECODE_END
2026-07-02 23:13:49.866 | INFO     | tracy:signpost:49 - PERF_MULTICHIP_DECODE
2026-07-02 23:13:49.869 | INFO     | tracy:signpost:49 - PERF_MULTICHIP_DECODE_END
2026-07-02 23:13:49.869 | INFO     | tracy:signpost:49 - PERF_MULTICHIP_DECODE
2026-07-02 23:13:49.873 | INFO     | tracy:signpost:49 - PERF_MULTICHIP_DECODE_END
2026-07-02 23:13:49.873 | INFO     | tracy:signpost:49 - PERF_MULTICHIP_DECODE
2026-07-02 23:13:49.876 | INFO     | tracy:signpost:49 - PERF_MULTICHIP_DECODE_END
2026-07-02 23:13:49.876 | INFO     | tracy:signpost:49 - PERF_MULTICHIP_DECODE
2026-07-02 23:13:49.879 | INFO     | tracy:signpost:49 - PERF_MULTICHIP_DECODE_END
2026-07-02 23:13:49.879 | INFO     | tracy:signpost:49 - PERF_MULTICHIP_DECODE
2026-07-02 23:13:49.882 | INFO     | tracy:signpost:49 - PERF_MULTICHIP_DECODE_END
2026-07-02 23:13:49.882 | INFO     | tracy:signpost:49 - PERF_MULTICHIP_DECODE
2026-07-02 23:13:49.886 | INFO     | tracy:signpost:49 - PERF_MULTICHIP_DECODE_END
2026-07-02 23:13:49.886 | INFO     | tracy:signpost:49 - PERF_MULTICHIP_DECODE
2026-07-02 23:13:49.889 | INFO     | tracy:signpost:49 - PERF_MULTICHIP_DECODE_END
2026-07-02 23:13:49.889 | INFO     | tracy:signpost:49 - PERF_MULTICHIP_DECODE
2026-07-02 23:13:49.892 | INFO     | tracy:signpost:49 - PERF_MULTICHIP_DECODE_END
2026-07-02 23:13:49.892 | INFO     | tracy:signpost:49 - PERF_MULTICHIP_DECODE
2026-07-02 23:13:49.895 | INFO     | tracy:signpost:49 - PERF_MULTICHIP_DECODE_END
2026-07-02 23:13:49.895 | INFO     | tracy:signpost:49 - PERF_MULTICHIP_DECODE
2026-07-02 23:13:49.899 | INFO     | tracy:signpost:49 - PERF_MULTICHIP_DECODE_END
2026-07-02 23:13:49.899 | INFO     | tracy:signpost:49 - PERF_MULTICHIP_DECODE
2026-07-02 23:13:49.902 | INFO     | tracy:signpost:49 - PERF_MULTICHIP_DECODE_END
2026-07-02 23:13:49.902 | INFO     | tracy:signpost:49 - PERF_MULTICHIP_DECODE
2026-07-02 23:13:49.905 | INFO     | tracy:signpost:49 - PERF_MULTICHIP_DECODE_END
2026-07-02 23:13:49.906 | INFO     | tracy:signpost:49 - PERF_MULTICHIP_DECODE
2026-07-02 23:13:49.909 | INFO     | tracy:signpost:49 - PERF_MULTICHIP_DECODE_END
2026-07-02 23:13:49.909 | INFO     | tracy:signpost:49 - PERF_MULTICHIP_DECODE
2026-07-02 23:13:49.912 | INFO     | tracy:signpost:49 - PERF_MULTICHIP_DECODE_END
2026-07-02 23:13:49.912 | INFO     | tracy:signpost:49 - PERF_MULTICHIP_DECODE
2026-07-02 23:13:49.915 | INFO     | tracy:signpost:49 - PERF_MULTICHIP_DECODE_END
2026-07-02 23:13:49.915 | INFO     | tracy:signpost:49 - PERF_MULTICHIP_DECODE
2026-07-02 23:13:49.918 | INFO     | tracy:signpost:49 - PERF_MULTICHIP_DECODE_END
2026-07-02 23:13:49.919 | INFO     | tracy:signpost:49 - PERF_MULTICHIP_DECODE
2026-07-02 23:13:49.922 | INFO     | tracy:signpost:49 - PERF_MULTICHIP_DECODE_END
2026-07-02 23:13:49.922 | INFO     | tracy:signpost:49 - PERF_MULTICHIP_DECODE
2026-07-02 23:13:49.925 | INFO     | tracy:signpost:49 - PERF_MULTICHIP_DECODE_END
2026-07-02 23:13:49.925 | INFO     | tracy:signpost:49 - PERF_MULTICHIP_DECODE
2026-07-02 23:13:49.928 | INFO     | tracy:signpost:49 - PERF_MULTICHIP_DECODE_END
2026-07-02 23:13:49.928 | INFO     | tracy:signpost:49 - PERF_MULTICHIP_DECODE
2026-07-02 23:13:49.931 | INFO     | tracy:signpost:49 - PERF_MULTICHIP_DECODE_END
2026-07-02 23:13:49.931 | INFO     | tracy:signpost:49 - PERF_MULTICHIP_DECODE
2026-07-02 23:13:49.934 | INFO     | tracy:signpost:49 - PERF_MULTICHIP_DECODE_END
2026-07-02 23:13:49.934 | INFO     | tracy:signpost:49 - PERF_MULTICHIP_DECODE
2026-07-02 23:13:49.937 | INFO     | tracy:signpost:49 - PERF_MULTICHIP_DECODE_END
2026-07-02 23:13:49.937 | INFO     | tracy:signpost:49 - PERF_MULTICHIP_DECODE
2026-07-02 23:13:49.940 | INFO     | tracy:signpost:49 - PERF_MULTICHIP_DECODE_END
2026-07-02 23:13:49.941 | INFO     | tracy:signpost:49 - PERF_MULTICHIP_DECODE
2026-07-02 23:13:49.943 | INFO     | tracy:signpost:49 - PERF_MULTICHIP_DECODE_END
2026-07-02 23:13:49.944 | INFO     | tracy:signpost:49 - PERF_MULTICHIP_DECODE
2026-07-02 23:13:49.947 | INFO     | tracy:signpost:49 - PERF_MULTICHIP_DECODE_END
2026-07-02 23:13:49.947 | INFO     | tracy:signpost:49 - PERF_MULTICHIP_DECODE
2026-07-02 23:13:49.950 | INFO     | tracy:signpost:49 - PERF_MULTICHIP_DECODE_END
2026-07-02 23:13:49.950 | INFO     | tracy:signpost:49 - PERF_MULTICHIP_DECODE
2026-07-02 23:13:49.953 | INFO     | tracy:signpost:49 - PERF_MULTICHIP_DECODE_END
2026-07-02 23:13:49.953 | INFO     | tracy:signpost:49 - PERF_MULTICHIP_DECODE
2026-07-02 23:13:49.956 | INFO     | tracy:signpost:49 - PERF_MULTICHIP_DECODE_END
2026-07-02 23:13:49.988 | INFO     | tracy:signpost:49 - PERF_MULTICHIP_DECODE
2026-07-02 23:13:49.992 | INFO     | tracy:signpost:49 - PERF_MULTICHIP_DECODE_END
2026-07-02 23:13:49.992 | INFO     | tracy:signpost:49 - PERF_MULTICHIP_DECODE
2026-07-02 23:13:49.995 | INFO     | tracy:signpost:49 - PERF_MULTICHIP_DECODE_END
2026-07-02 23:13:49.995 | INFO     | tracy:signpost:49 - PERF_MULTICHIP_DECODE
2026-07-02 23:13:49.998 | INFO     | tracy:signpost:49 - PERF_MULTICHIP_DECODE_END
2026-07-02 23:13:49.998 | INFO     | tracy:signpost:49 - PERF_MULTICHIP_DECODE
2026-07-02 23:13:50.001 | INFO     | tracy:signpost:49 - PERF_MULTICHIP_DECODE_END
2026-07-02 23:13:50.001 | INFO     | tracy:signpost:49 - PERF_MULTICHIP_DECODE
2026-07-02 23:13:50.004 | INFO     | tracy:signpost:49 - PERF_MULTICHIP_DECODE_END
2026-07-02 23:13:50.004 | INFO     | tracy:signpost:49 - PERF_MULTICHIP_DECODE
2026-07-02 23:13:50.007 | INFO     | tracy:signpost:49 - PERF_MULTICHIP_DECODE_END
2026-07-02 23:13:50.007 | INFO     | tracy:signpost:49 - PERF_MULTICHIP_DECODE
2026-07-02 23:13:50.010 | INFO     | tracy:signpost:49 - PERF_MULTICHIP_DECODE_END
2026-07-02 23:13:50.011 | INFO     | tracy:signpost:49 - PERF_MULTICHIP_DECODE
2026-07-02 23:13:50.014 | INFO     | tracy:signpost:49 - PERF_MULTICHIP_DECODE_END
2026-07-02 23:13:50.014 | INFO     | tracy:signpost:49 - PERF_MULTICHIP_DECODE
2026-07-02 23:13:50.017 | INFO     | tracy:signpost:49 - PERF_MULTICHIP_DECODE_END
2026-07-02 23:13:50.017 | INFO     | tracy:signpost:49 - PERF_MULTICHIP_DECODE
2026-07-02 23:13:50.020 | INFO     | tracy:signpost:49 - PERF_MULTICHIP_DECODE_END
2026-07-02 23:13:50.020 | INFO     | tracy:signpost:49 - PERF_MULTICHIP_DECODE
2026-07-02 23:13:50.023 | INFO     | tracy:signpost:49 - PERF_MULTICHIP_DECODE_END
2026-07-02 23:13:50.023 | INFO     | tracy:signpost:49 - PERF_MULTICHIP_DECODE
2026-07-02 23:13:50.026 | INFO     | tracy:signpost:49 - PERF_MULTICHIP_DECODE_END
2026-07-02 23:13:50.026 | INFO     | tracy:signpost:49 - PERF_MULTICHIP_DECODE
2026-07-02 23:13:50.029 | INFO     | tracy:signpost:49 - PERF_MULTICHIP_DECODE_END
2026-07-02 23:13:50.029 | INFO     | tracy:signpost:49 - PERF_MULTICHIP_DECODE
2026-07-02 23:13:50.032 | INFO     | tracy:signpost:49 - PERF_MULTICHIP_DECODE_END
2026-07-02 23:13:50.032 | INFO     | tracy:signpost:49 - PERF_MULTICHIP_DECODE
2026-07-02 23:13:50.035 | INFO     | tracy:signpost:49 - PERF_MULTICHIP_DECODE_END
2026-07-02 23:13:50.035 | INFO     | tracy:signpost:49 - PERF_MULTICHIP_DECODE
2026-07-02 23:13:50.038 | INFO     | tracy:signpost:49 - PERF_MULTICHIP_DECODE_END
2026-07-02 23:13:50.038 | INFO     | tracy:signpost:49 - PERF_MULTICHIP_DECODE
2026-07-02 23:13:50.041 | INFO     | tracy:signpost:49 - PERF_MULTICHIP_DECODE_END
2026-07-02 23:13:50.041 | INFO     | tracy:signpost:49 - PERF_MULTICHIP_DECODE
2026-07-02 23:13:50.044 | INFO     | tracy:signpost:49 - PERF_MULTICHIP_DECODE_END
2026-07-02 23:13:50.045 | INFO     | tracy:signpost:49 - PERF_MULTICHIP_DECODE
2026-07-02 23:13:50.048 | INFO     | tracy:signpost:49 - PERF_MULTICHIP_DECODE_END
2026-07-02 23:13:50.048 | INFO     | tracy:signpost:49 - PERF_MULTICHIP_DECODE
2026-07-02 23:13:50.051 | INFO     | tracy:signpost:49 - PERF_MULTICHIP_DECODE_END
2026-07-02 23:13:50.051 | INFO     | tracy:signpost:49 - PERF_MULTICHIP_DECODE
2026-07-02 23:13:50.054 | INFO     | tracy:signpost:49 - PERF_MULTICHIP_DECODE_END
2026-07-02 23:13:50.054 | INFO     | tracy:signpost:49 - PERF_MULTICHIP_DECODE
2026-07-02 23:13:50.057 | INFO     | tracy:signpost:49 - PERF_MULTICHIP_DECODE_END
2026-07-02 23:13:50.057 | INFO     | tracy:signpost:49 - PERF_MULTICHIP_DECODE
2026-07-02 23:13:50.060 | INFO     | tracy:signpost:49 - PERF_MULTICHIP_DECODE_END
2026-07-02 23:13:50.060 | INFO     | tracy:signpost:49 - PERF_MULTICHIP_DECODE
2026-07-02 23:13:50.063 | INFO     | tracy:signpost:49 - PERF_MULTICHIP_DECODE_END
2026-07-02 23:13:50.063 | INFO     | tracy:signpost:49 - PERF_MULTICHIP_DECODE
2026-07-02 23:13:50.066 | INFO     | tracy:signpost:49 - PERF_MULTICHIP_DECODE_END
2026-07-02 23:13:50.066 | INFO     | tracy:signpost:49 - PERF_MULTICHIP_DECODE
2026-07-02 23:13:50.069 | INFO     | tracy:signpost:49 - PERF_MULTICHIP_DECODE_END
2026-07-02 23:13:50.069 | INFO     | tracy:signpost:49 - PERF_MULTICHIP_DECODE
2026-07-02 23:13:50.072 | INFO     | tracy:signpost:49 - PERF_MULTICHIP_DECODE_END
2026-07-02 23:13:50.072 | INFO     | tracy:signpost:49 - PERF_MULTICHIP_DECODE
2026-07-02 23:13:50.075 | INFO     | tracy:signpost:49 - PERF_MULTICHIP_DECODE_END
2026-07-02 23:13:50.075 | INFO     | tracy:signpost:49 - PERF_MULTICHIP_DECODE
2026-07-02 23:13:50.078 | INFO     | tracy:signpost:49 - PERF_MULTICHIP_DECODE_END
2026-07-02 23:13:50.079 | INFO     | tracy:signpost:49 - PERF_MULTICHIP_DECODE
2026-07-02 23:13:50.082 | INFO     | tracy:signpost:49 - PERF_MULTICHIP_DECODE_END
2026-07-02 23:13:50.082 | INFO     | tracy:signpost:49 - PERF_MULTICHIP_DECODE
2026-07-02 23:13:50.085 | INFO     | tracy:signpost:49 - PERF_MULTICHIP_DECODE_END
2026-07-02 23:13:50.085 | INFO     | tracy:signpost:49 - PERF_MULTICHIP_DECODE
2026-07-02 23:13:50.088 | INFO     | tracy:signpost:49 - PERF_MULTICHIP_DECODE_END
2026-07-02 23:13:50.088 | INFO     | tracy:signpost:49 - PERF_MULTICHIP_DECODE
2026-07-02 23:13:50.091 | INFO     | tracy:signpost:49 - PERF_MULTICHIP_DECODE_END
2026-07-02 23:13:50.091 | INFO     | tracy:signpost:49 - PERF_MULTICHIP_DECODE
2026-07-02 23:13:50.094 | INFO     | tracy:signpost:49 - PERF_MULTICHIP_DECODE_END
2026-07-02 23:13:50.094 | INFO     | tracy:signpost:49 - PERF_MULTICHIP_DECODE
2026-07-02 23:13:50.097 | INFO     | tracy:signpost:49 - PERF_MULTICHIP_DECODE_END
2026-07-02 23:13:50.097 | INFO     | tracy:signpost:49 - PERF_MULTICHIP_DECODE
2026-07-02 23:13:50.100 | INFO     | tracy:signpost:49 - PERF_MULTICHIP_DECODE_END
2026-07-02 23:13:50.101 | INFO     | tracy:signpost:49 - PERF_MULTICHIP_DECODE
2026-07-02 23:13:50.106 | INFO     | tracy:signpost:49 - PERF_MULTICHIP_DECODE_END
2026-07-02 23:13:50.106 | INFO     | tracy:signpost:49 - PERF_MULTICHIP_DECODE
2026-07-02 23:13:50.109 | INFO     | tracy:signpost:49 - PERF_MULTICHIP_DECODE_END
2026-07-02 23:13:50.109 | INFO     | tracy:signpost:49 - PERF_MULTICHIP_DECODE
2026-07-02 23:13:50.111 | INFO     | tracy:signpost:49 - PERF_MULTICHIP_DECODE_END
2026-07-02 23:13:50.111 | INFO     | tracy:signpost:49 - PERF_MULTICHIP_DECODE
2026-07-02 23:13:50.113 | INFO     | tracy:signpost:49 - PERF_MULTICHIP_DECODE_END
2026-07-02 23:13:50.114 | INFO     | tracy:signpost:49 - PERF_MULTICHIP_DECODE
2026-07-02 23:13:50.116 | INFO     | tracy:signpost:49 - PERF_MULTICHIP_DECODE_END
2026-07-02 23:13:50.116 | INFO     | tracy:signpost:49 - PERF_MULTICHIP_DECODE
2026-07-02 23:13:50.118 | INFO     | tracy:signpost:49 - PERF_MULTICHIP_DECODE_END
2026-07-02 23:13:50.118 | INFO     | tracy:signpost:49 - PERF_MULTICHIP_DECODE
2026-07-02 23:13:50.121 | INFO     | tracy:signpost:49 - PERF_MULTICHIP_DECODE_END
2026-07-02 23:13:50.121 | INFO     | tracy:signpost:49 - PERF_MULTICHIP_DECODE
2026-07-02 23:13:50.123 | INFO     | tracy:signpost:49 - PERF_MULTICHIP_DECODE_END
2026-07-02 23:13:50.123 | INFO     | tracy:signpost:49 - PERF_MULTICHIP_DECODE
2026-07-02 23:13:50.126 | INFO     | tracy:signpost:49 - PERF_MULTICHIP_DECODE_END
2026-07-02 23:13:50.126 | INFO     | tracy:signpost:49 - PERF_MULTICHIP_DECODE
2026-07-02 23:13:50.128 | INFO     | tracy:signpost:49 - PERF_MULTICHIP_DECODE_END
2026-07-02 23:13:50.129 | INFO     | tracy:signpost:49 - PERF_MULTICHIP_DECODE
2026-07-02 23:13:50.131 | INFO     | tracy:signpost:49 - PERF_MULTICHIP_DECODE_END
2026-07-02 23:13:50.131 | INFO     | tracy:signpost:49 - PERF_MULTICHIP_DECODE
2026-07-02 23:13:50.133 | INFO     | tracy:signpost:49 - PERF_MULTICHIP_DECODE_END
2026-07-02 23:13:50.133 | INFO     | tracy:signpost:49 - PERF_MULTICHIP_DECODE
2026-07-02 23:13:50.136 | INFO     | tracy:signpost:49 - PERF_MULTICHIP_DECODE_END
2026-07-02 23:13:50.136 | INFO     | tracy:signpost:49 - PERF_MULTICHIP_DECODE
2026-07-02 23:13:50.138 | INFO     | tracy:signpost:49 - PERF_MULTICHIP_DECODE_END
2026-07-02 23:13:50.138 | INFO     | tracy:signpost:49 - PERF_MULTICHIP_DECODE
2026-07-02 23:13:50.140 | INFO     | tracy:signpost:49 - PERF_MULTICHIP_DECODE_END
2026-07-02 23:13:50.141 | INFO     | tracy:signpost:49 - PERF_MULTICHIP_DECODE
2026-07-02 23:13:50.143 | INFO     | tracy:signpost:49 - PERF_MULTICHIP_DECODE_END
2026-07-02 23:13:50.143 | INFO     | tracy:signpost:49 - PERF_MULTICHIP_DECODE
2026-07-02 23:13:50.145 | INFO     | tracy:signpost:49 - PERF_MULTICHIP_DECODE_END
2026-07-02 23:13:50.145 | INFO     | tracy:signpost:49 - PERF_MULTICHIP_DECODE
2026-07-02 23:13:50.148 | INFO     | tracy:signpost:49 - PERF_MULTICHIP_DECODE_END
2026-07-02 23:13:50.148 | INFO     | tracy:signpost:49 - PERF_MULTICHIP_DECODE
2026-07-02 23:13:50.150 | INFO     | tracy:signpost:49 - PERF_MULTICHIP_DECODE_END
2026-07-02 23:13:50.150 | INFO     | tracy:signpost:49 - PERF_MULTICHIP_DECODE
2026-07-02 23:13:50.152 | INFO     | tracy:signpost:49 - PERF_MULTICHIP_DECODE_END
2026-07-02 23:13:50.153 | INFO     | tracy:signpost:49 - PERF_MULTICHIP_DECODE
2026-07-02 23:13:50.155 | INFO     | tracy:signpost:49 - PERF_MULTICHIP_DECODE_END
2026-07-02 23:13:50.155 | INFO     | tracy:signpost:49 - PERF_MULTICHIP_DECODE
2026-07-02 23:13:50.157 | INFO     | tracy:signpost:49 - PERF_MULTICHIP_DECODE_END
2026-07-02 23:13:50.157 | INFO     | tracy:signpost:49 - PERF_MULTICHIP_DECODE
2026-07-02 23:13:50.160 | INFO     | tracy:signpost:49 - PERF_MULTICHIP_DECODE_END
2026-07-02 23:13:50.160 | INFO     | tracy:signpost:49 - PERF_MULTICHIP_DECODE
2026-07-02 23:13:50.162 | INFO     | tracy:signpost:49 - PERF_MULTICHIP_DECODE_END
2026-07-02 23:13:50.162 | INFO     | tracy:signpost:49 - PERF_MULTICHIP_DECODE
2026-07-02 23:13:50.165 | INFO     | tracy:signpost:49 - PERF_MULTICHIP_DECODE_END
2026-07-02 23:13:50.165 | INFO     | tracy:signpost:49 - PERF_MULTICHIP_DECODE
2026-07-02 23:13:50.167 | INFO     | tracy:signpost:49 - PERF_MULTICHIP_DECODE_END
2026-07-02 23:13:50.167 | INFO     | tracy:signpost:49 - PERF_MULTICHIP_DECODE
2026-07-02 23:13:50.169 | INFO     | tracy:signpost:49 - PERF_MULTICHIP_DECODE_END
2026-07-02 23:13:50.170 | INFO     | tracy:signpost:49 - PERF_MULTICHIP_DECODE
2026-07-02 23:13:50.172 | INFO     | tracy:signpost:49 - PERF_MULTICHIP_DECODE_END
2026-07-02 23:13:50.172 | INFO     | tracy:signpost:49 - PERF_MULTICHIP_DECODE
2026-07-02 23:13:50.174 | INFO     | tracy:signpost:49 - PERF_MULTICHIP_DECODE_END
2026-07-02 23:13:50.174 | INFO     | tracy:signpost:49 - PERF_MULTICHIP_DECODE
2026-07-02 23:13:50.177 | INFO     | tracy:signpost:49 - PERF_MULTICHIP_DECODE_END
2026-07-02 23:13:50.177 | INFO     | tracy:signpost:49 - PERF_MULTICHIP_DECODE
2026-07-02 23:13:50.179 | INFO     | tracy:signpost:49 - PERF_MULTICHIP_DECODE_END
2026-07-02 23:13:50.179 | INFO     | tracy:signpost:49 - PERF_MULTICHIP_DECODE
2026-07-02 23:13:50.182 | INFO     | tracy:signpost:49 - PERF_MULTICHIP_DECODE_END
2026-07-02 23:13:50.182 | INFO     | tracy:signpost:49 - PERF_MULTICHIP_DECODE
2026-07-02 23:13:50.184 | INFO     | tracy:signpost:49 - PERF_MULTICHIP_DECODE_END
2026-07-02 23:13:50.184 | INFO     | tracy:signpost:49 - PERF_MULTICHIP_DECODE
2026-07-02 23:13:50.186 | INFO     | tracy:signpost:49 - PERF_MULTICHIP_DECODE_END
2026-07-02 23:13:50.187 | INFO     | tracy:signpost:49 - PERF_MULTICHIP_DECODE
2026-07-02 23:13:50.189 | INFO     | tracy:signpost:49 - PERF_MULTICHIP_DECODE_END
2026-07-02 23:13:50.189 | INFO     | tracy:signpost:49 - PERF_MULTICHIP_DECODE
2026-07-02 23:13:50.191 | INFO     | tracy:signpost:49 - PERF_MULTICHIP_DECODE_END
entry[0]             top1=0.930 (93/100)  top5=0.990 (99/100)  top100=1.000 (100/100)  TTFT=7677.82ms  decode=26.42 t/s/u  e2e=8.75 t/s/u
AGGREGATE            top1=0.930 (93/100)  top5=0.990 (99/100)  top100=1.000 (100/100)  TTFT=7677.82ms  decode=26.42 t/s/u  e2e=8.75 t/s/u
nanobind: leaked 2 instances!
 - leaked instance 0x7f703c5bff18 of type "ttnn._ttnn.tensor.CoreRangeSet"
 - leaked instance 0x7f703c71c1f8 of type "ttnn._ttnn.device.DispatchCoreConfig"
nanobind: leaked 35 types!
 - leaked type "DispatchCoreAxis"
 - leaked type "ttnn._ttnn.device.SubDeviceManagerId"
 - leaked type "MathFidelity"
 - leaked type "ttnn._ttnn.operations.matmul.MatmulMultiCoreReuseMultiCast1DProgramConfig"
 - leaked type "ttnn._ttnn.operations.matmul.MatmulInputs"
 - leaked type "ttnn._ttnn.operations.matmul.MatmulMultiCoreReuseMultiCastBatchedDRAMShardedProgramConfig"
 - leaked type "BufferType"
 - leaked type "UnaryOpType"
 - leaked type "Layout"
 - leaked type "ttnn._ttnn.operations.matmul.MatmulMultiCoreReuseOptimizedProgramFactory"
 - ... skipped remainder
nanobind: leaked 305 functions!
 - leaked function ""
 - leaked function "UnregisterProgramRealtimeProfilerCallback"
 - leaked function ""
 - leaked function "__repr__"
 - leaked function "sfpu_inf"
 - leaked function ""
 - leaked function "get_system_mesh_id"
 - leaked function ""
 - leaked function "__init__"
 - leaked function "from_json"
 - ... skipped remainder
nanobind: this is likely caused by a reference counting issue in the binding code.
See https://nanobind.readthedocs.io/en/latest/refleaks.html2026-07-02 23:13:52.451 | info     |    BuildKernels | JIT cache stats: 280/288 hits (97.2%) [280 cached, 177 build-once dedup, 0 merged artifacts, 0 merged genfiles] (build_cache_telemetry.cpp:207)
2026-07-02 23:13:52.451 | info     |    BuildKernels | JIT telemetry: 3 registered TelemetryTokens (build_cache_telemetry.cpp:230)
2026-07-02 23:13:52.476 | info     |          Device | Closing user mode device drivers (tt_cluster.cpp:512)
2026-07-02 23:13:52.476 | info     |             UMD | Closing devices in cluster (cluster.cpp:1037)
2026-07-02 23:13:53.171 | info     |             UMD | Closing devices in cluster completed. (cluster.cpp:1046)
2026-07-02 23:13:53.171 | info     |             UMD | Cluster destructor started. (cluster.cpp:754)
2026-07-02 23:13:53.171 | info     |             UMD | Cluster destructor completed. (cluster.cpp:757)
