2026-07-02 23:18:37.180 | DEBUG    | ttnn:<module>:79 - Initial ttnn.CONFIG:
Config{cache_path=/home/ubuntu/.cache/ttnn,model_cache_path=/home/ubuntu/.cache/ttnn/models,tmp_dir=/tmp/ttnn,enable_model_cache=false,enable_fast_runtime_mode=true,throw_exception_on_fallback=false,enable_logging=false,enable_graph_report=false,enable_graph_python_stack_traces=false,enable_detailed_buffer_report=false,enable_detailed_tensor_report=false,enable_comparison_mode=false,comparison_mode_should_raise_exception=false,comparison_mode_pcc=0.9999,root_report_path=generated/ttnn/reports,report_name=std::nullopt,std::nullopt}
2026-07-02 23:18:37.260 | info     |          Device | Opening user mode device driver (tt_cluster.cpp:228)
2026-07-02 23:18:37.260 | info     |             UMD | Cluster constructor started. (cluster.cpp:348)
2026-07-02 23:18:37.261 | info     |             UMD | Creating TopologyDiscovery for architecture: blackhole (topology_discovery.cpp:91)
2026-07-02 23:18:37.261 | info     |             UMD | Starting topology discovery. (topology_discovery.cpp:110)
2026-07-02 23:18:37.262 | info     |             UMD | Established firmware bundle version: 19.9.0 (topology_discovery.cpp:569)
2026-07-02 23:18:37.262 | info     |             UMD | Firmware bundle version 19.9.0 on the system is newer than the latest fully tested version 19.5.0 for blackhole architecture. Newest features may not be supported. (topology_discovery.cpp:601)
2026-07-02 23:18:37.266 | info     |             UMD | Completed topology discovery. (topology_discovery.cpp:114)
2026-07-02 23:18:37.432 | info     |             UMD | Opening local chip ids/PCIe ids: {0, 1, 2, 3}/[1, 2, 3, 0] and remote chip ids {} (cluster.cpp:168)
2026-07-02 23:18:37.432 | info     |             UMD | IOMMU: enabled (cluster.cpp:142)
2026-07-02 23:18:37.432 | info     |             UMD | KMD version: 2.4.1 (cluster.cpp:145)
2026-07-02 23:18:37.432 | info     |             UMD | Cluster constructor completed. (cluster.cpp:520)
2026-07-02 23:18:37.435 | info     |             UMD | Starting devices in cluster (cluster.cpp:1024)
2026-07-02 23:18:37.628 | info     |             UMD | Starting devices in cluster completed. (cluster.cpp:1032)
2026-07-02 23:18:38.230 | info     |     Distributed | Using auto discovery to generate mesh graph. (metal_env.cpp:367)
2026-07-02 23:18:38.230 | info     |     Distributed | Constructing control plane using auto-discovery (no mesh graph descriptor). (metal_env.cpp:429)
2026-07-02 23:18:38.231 | info     |          Fabric | Logical multi-mesh adjacency: intermesh degree histogram {0:1}; intra-mesh degree histograms mesh0 {2:4} (topology_mapper_utils.cpp:2342)
2026-07-02 23:18:38.231 | info     |          Fabric | Physical multi-mesh adjacency: intermesh degree histogram {0:1}; intra-mesh degree histograms mesh0 {2:4} (topology_mapper_utils.cpp:2350)
2026-07-02 23:18:38.231 | DEBUG    | ttnn.device:__init__:152 - Using default dispatch core type for this system: DispatchCoreType.WORKER
2026-07-02 23:18:38.232 | DEBUG    | ttnn.device:__init__:154 - Using default dispatch core axis for this system: DispatchCoreAxis.COL
2026-07-02 23:18:38.246 | info     |    BuildKernels | Using pre-compiled firmware from: /home/ubuntu/tt-metal/tt_metal/pre-compiled/13793420398762238087/ (build_env_manager.cpp:347)
2026-07-02 23:18:38.246 | info     |    BuildKernels | Using pre-compiled firmware from: /home/ubuntu/tt-metal/tt_metal/pre-compiled/13793420398762238087/ (build_env_manager.cpp:347)
2026-07-02 23:18:38.246 | info     |    BuildKernels | Using pre-compiled firmware from: /home/ubuntu/tt-metal/tt_metal/pre-compiled/13793420398762238087/ (build_env_manager.cpp:347)
2026-07-02 23:18:38.246 | info     |    BuildKernels | Using pre-compiled firmware from: /home/ubuntu/tt-metal/tt_metal/pre-compiled/13793420398762238087/ (build_env_manager.cpp:347)
2026-07-02 23:18:38.305 | info     |           Metal | Initializing Fabric (fabric_firmware_initializer.cpp:288)
2026-07-02 23:18:38.370 | info     |           Metal | Fabric initialized on Device 0 (device.cpp:429)
2026-07-02 23:18:38.371 | info     |           Metal | Fabric initialized on Device 1 (device.cpp:429)
2026-07-02 23:18:38.372 | info     |           Metal | Fabric initialized on Device 2 (device.cpp:429)
2026-07-02 23:18:38.373 | info     |           Metal | Fabric initialized on Device 3 (device.cpp:429)
2026-07-02 23:18:38.373 | info     |           Metal | Fabric initialized on 4 devices (fabric_firmware_initializer.cpp:435)
2026-07-02 23:18:38.373 | info     |           Metal | Fabric Initialized with config FabricConfig::FABRIC_1D_RING (fabric_firmware_initializer.cpp:305)
2026-07-02 23:18:38.448 | info     |           Metal | ShmResourceTracker: removed orphaned shm '/tt_device_143238002115104_memory' (shm_resource_tracker.cpp:282)
2026-07-02 23:18:38.448 | info     |           Metal | ShmResourceTracker: removed orphaned shm '/tt_device_143238002118688_memory' (shm_resource_tracker.cpp:282)
2026-07-02 23:18:38.448 | info     |           Metal | ShmResourceTracker: removed orphaned shm '/tt_device_143238002114624_memory' (shm_resource_tracker.cpp:282)
2026-07-02 23:18:38.448 | info     |           Metal | ShmResourceTracker: removed orphaned shm '/tt_device_143238002115584_memory' (shm_resource_tracker.cpp:282)
2026-07-02 23:18:39.020 | info     |           Metal | [Real-time profiler] Device 2 sync complete: 100 samples, frequency=1.349972 GHz, device_time_at_sync=899298504360 cycles (realtime_profiler_manager.cpp:1127)
2026-07-02 23:18:39.022 | info     |           Metal | [Real-time profiler] Device 1 sync complete: 100 samples, frequency=1.349986 GHz, device_time_at_sync=899365348377 cycles (realtime_profiler_manager.cpp:1127)
2026-07-02 23:18:39.031 | info     |           Metal | [Real-time profiler] Device 3 sync complete: 100 samples, frequency=1.349980 GHz, device_time_at_sync=900342581080 cycles (realtime_profiler_manager.cpp:1127)
2026-07-02 23:18:39.032 | info     |           Metal | [Real-time profiler] Device 0 sync complete: 100 samples, frequency=1.349979 GHz, device_time_at_sync=898250195088 cycles (realtime_profiler_manager.cpp:1127)
[transformers] `torch_dtype` is deprecated! Use `dtype` instead!
Loading weights:   0%|          | 0/398 [00:00<?, ?it/s]Loading weights: 100%|██████████| 398/398 [00:00<00:00, 9030.84it/s]
2026-07-02 23:18:47.040 | info     |           Metal | Pinned source memory start address 0x7f0eaa486e28 must be aligned 64 B (dispatch.cpp:1180)
2026-07-02 23:18:47.040 | info     |           Metal | Pinned source memory start address 0x7f0eaa486e28 must be aligned 64 B (dispatch.cpp:1180)
2026-07-02 23:18:47.040 | info     |           Metal | Pinned source memory start address 0x7f0eaa486e28 must be aligned 64 B (dispatch.cpp:1180)
2026-07-02 23:18:47.040 | info     |           Metal | Pinned source memory start address 0x7f0eaa486e28 must be aligned 64 B (dispatch.cpp:1180)
2026-07-02 23:20:21.195 | INFO     | tracy:signpost:49 - PERF_MULTICHIP_PREFILL
2026-07-02 23:20:23.976 | INFO     | tracy:signpost:49 - PERF_MULTICHIP_PREFILL_END
2026-07-02 23:20:23.976 | INFO     | tracy:signpost:49 - PERF_MULTICHIP_PREFILL
2026-07-02 23:20:23.979 | INFO     | tracy:signpost:49 - PERF_MULTICHIP_PREFILL_END
2026-07-02 23:20:23.979 | INFO     | tracy:signpost:49 - PERF_MULTICHIP_PREFILL
2026-07-02 23:20:23.981 | INFO     | tracy:signpost:49 - PERF_MULTICHIP_PREFILL_END
2026-07-02 23:20:23.981 | INFO     | tracy:signpost:49 - PERF_MULTICHIP_PREFILL
2026-07-02 23:20:23.983 | INFO     | tracy:signpost:49 - PERF_MULTICHIP_PREFILL_END
2026-07-02 23:20:23.983 | INFO     | tracy:signpost:49 - PERF_MULTICHIP_PREFILL
2026-07-02 23:20:23.986 | INFO     | tracy:signpost:49 - PERF_MULTICHIP_PREFILL_END
2026-07-02 23:20:23.986 | INFO     | tracy:signpost:49 - PERF_MULTICHIP_PREFILL
2026-07-02 23:20:23.988 | INFO     | tracy:signpost:49 - PERF_MULTICHIP_PREFILL_END
2026-07-02 23:20:23.988 | INFO     | tracy:signpost:49 - PERF_MULTICHIP_PREFILL
2026-07-02 23:20:23.991 | INFO     | tracy:signpost:49 - PERF_MULTICHIP_PREFILL_END
2026-07-02 23:20:23.991 | INFO     | tracy:signpost:49 - PERF_MULTICHIP_PREFILL
2026-07-02 23:20:23.993 | INFO     | tracy:signpost:49 - PERF_MULTICHIP_PREFILL_END
2026-07-02 23:20:23.993 | INFO     | tracy:signpost:49 - PERF_MULTICHIP_PREFILL
2026-07-02 23:20:23.995 | INFO     | tracy:signpost:49 - PERF_MULTICHIP_PREFILL_END
2026-07-02 23:20:23.995 | INFO     | tracy:signpost:49 - PERF_MULTICHIP_PREFILL
2026-07-02 23:20:23.997 | INFO     | tracy:signpost:49 - PERF_MULTICHIP_PREFILL_END
2026-07-02 23:20:23.997 | INFO     | tracy:signpost:49 - PERF_MULTICHIP_PREFILL
2026-07-02 23:20:24.000 | INFO     | tracy:signpost:49 - PERF_MULTICHIP_PREFILL_END
2026-07-02 23:20:24.000 | INFO     | tracy:signpost:49 - PERF_MULTICHIP_PREFILL
2026-07-02 23:20:24.002 | INFO     | tracy:signpost:49 - PERF_MULTICHIP_PREFILL_END
2026-07-02 23:20:24.002 | INFO     | tracy:signpost:49 - PERF_MULTICHIP_PREFILL
2026-07-02 23:20:24.004 | INFO     | tracy:signpost:49 - PERF_MULTICHIP_PREFILL_END
2026-07-02 23:20:24.004 | INFO     | tracy:signpost:49 - PERF_MULTICHIP_PREFILL
2026-07-02 23:20:24.006 | INFO     | tracy:signpost:49 - PERF_MULTICHIP_PREFILL_END
2026-07-02 23:20:24.006 | INFO     | tracy:signpost:49 - PERF_MULTICHIP_PREFILL
2026-07-02 23:20:24.008 | INFO     | tracy:signpost:49 - PERF_MULTICHIP_PREFILL_END
2026-07-02 23:20:24.008 | INFO     | tracy:signpost:49 - PERF_MULTICHIP_PREFILL
2026-07-02 23:20:24.011 | INFO     | tracy:signpost:49 - PERF_MULTICHIP_PREFILL_END
2026-07-02 23:20:24.011 | INFO     | tracy:signpost:49 - PERF_MULTICHIP_PREFILL
2026-07-02 23:20:24.013 | INFO     | tracy:signpost:49 - PERF_MULTICHIP_PREFILL_END
2026-07-02 23:20:24.013 | INFO     | tracy:signpost:49 - PERF_MULTICHIP_PREFILL
2026-07-02 23:20:24.015 | INFO     | tracy:signpost:49 - PERF_MULTICHIP_PREFILL_END
2026-07-02 23:20:24.015 | INFO     | tracy:signpost:49 - PERF_MULTICHIP_PREFILL
2026-07-02 23:20:24.017 | INFO     | tracy:signpost:49 - PERF_MULTICHIP_PREFILL_END
2026-07-02 23:20:24.017 | INFO     | tracy:signpost:49 - PERF_MULTICHIP_PREFILL
2026-07-02 23:20:24.020 | INFO     | tracy:signpost:49 - PERF_MULTICHIP_PREFILL_END
2026-07-02 23:20:24.020 | INFO     | tracy:signpost:49 - PERF_MULTICHIP_PREFILL
2026-07-02 23:20:24.022 | INFO     | tracy:signpost:49 - PERF_MULTICHIP_PREFILL_END
2026-07-02 23:20:24.022 | INFO     | tracy:signpost:49 - PERF_MULTICHIP_PREFILL
2026-07-02 23:20:24.024 | INFO     | tracy:signpost:49 - PERF_MULTICHIP_PREFILL_END
2026-07-02 23:20:24.024 | INFO     | tracy:signpost:49 - PERF_MULTICHIP_PREFILL
2026-07-02 23:20:24.026 | INFO     | tracy:signpost:49 - PERF_MULTICHIP_PREFILL_END
2026-07-02 23:20:24.026 | INFO     | tracy:signpost:49 - PERF_MULTICHIP_PREFILL
2026-07-02 23:20:24.028 | INFO     | tracy:signpost:49 - PERF_MULTICHIP_PREFILL_END
2026-07-02 23:20:24.029 | INFO     | tracy:signpost:49 - PERF_MULTICHIP_PREFILL
2026-07-02 23:20:24.031 | INFO     | tracy:signpost:49 - PERF_MULTICHIP_PREFILL_END
2026-07-02 23:20:24.031 | INFO     | tracy:signpost:49 - PERF_MULTICHIP_PREFILL
2026-07-02 23:20:24.033 | INFO     | tracy:signpost:49 - PERF_MULTICHIP_PREFILL_END
2026-07-02 23:20:24.033 | INFO     | tracy:signpost:49 - PERF_MULTICHIP_PREFILL
2026-07-02 23:20:24.035 | INFO     | tracy:signpost:49 - PERF_MULTICHIP_PREFILL_END
2026-07-02 23:20:24.035 | INFO     | tracy:signpost:49 - PERF_MULTICHIP_PREFILL
2026-07-02 23:20:24.037 | INFO     | tracy:signpost:49 - PERF_MULTICHIP_PREFILL_END
2026-07-02 23:20:24.037 | INFO     | tracy:signpost:49 - PERF_MULTICHIP_PREFILL
2026-07-02 23:20:24.040 | INFO     | tracy:signpost:49 - PERF_MULTICHIP_PREFILL_END
2026-07-02 23:20:24.040 | INFO     | tracy:signpost:49 - PERF_MULTICHIP_PREFILL
2026-07-02 23:20:24.042 | INFO     | tracy:signpost:49 - PERF_MULTICHIP_PREFILL_END
2026-07-02 23:20:24.042 | INFO     | tracy:signpost:49 - PERF_MULTICHIP_PREFILL
2026-07-02 23:20:24.044 | INFO     | tracy:signpost:49 - PERF_MULTICHIP_PREFILL_END
2026-07-02 23:20:24.044 | INFO     | tracy:signpost:49 - PERF_MULTICHIP_PREFILL
2026-07-02 23:20:24.046 | INFO     | tracy:signpost:49 - PERF_MULTICHIP_PREFILL_END
2026-07-02 23:20:24.046 | INFO     | tracy:signpost:49 - PERF_MULTICHIP_PREFILL
2026-07-02 23:20:24.048 | INFO     | tracy:signpost:49 - PERF_MULTICHIP_PREFILL_END
2026-07-02 23:20:24.049 | INFO     | tracy:signpost:49 - PERF_MULTICHIP_PREFILL
2026-07-02 23:20:24.051 | INFO     | tracy:signpost:49 - PERF_MULTICHIP_PREFILL_END
2026-07-02 23:20:24.051 | INFO     | tracy:signpost:49 - PERF_MULTICHIP_PREFILL
2026-07-02 23:20:24.053 | INFO     | tracy:signpost:49 - PERF_MULTICHIP_PREFILL_END
2026-07-02 23:20:24.053 | INFO     | tracy:signpost:49 - PERF_MULTICHIP_PREFILL
2026-07-02 23:20:24.055 | INFO     | tracy:signpost:49 - PERF_MULTICHIP_PREFILL_END
2026-07-02 23:20:24.915 | INFO     | tracy:signpost:49 - PERF_MULTICHIP_DECODE
2026-07-02 23:20:27.677 | INFO     | tracy:signpost:49 - PERF_MULTICHIP_DECODE_END
2026-07-02 23:20:27.677 | INFO     | tracy:signpost:49 - PERF_MULTICHIP_DECODE
2026-07-02 23:20:27.680 | INFO     | tracy:signpost:49 - PERF_MULTICHIP_DECODE_END
2026-07-02 23:20:27.680 | INFO     | tracy:signpost:49 - PERF_MULTICHIP_DECODE
2026-07-02 23:20:27.683 | INFO     | tracy:signpost:49 - PERF_MULTICHIP_DECODE_END
2026-07-02 23:20:27.683 | INFO     | tracy:signpost:49 - PERF_MULTICHIP_DECODE
2026-07-02 23:20:27.686 | INFO     | tracy:signpost:49 - PERF_MULTICHIP_DECODE_END
2026-07-02 23:20:27.686 | INFO     | tracy:signpost:49 - PERF_MULTICHIP_DECODE
2026-07-02 23:20:27.688 | INFO     | tracy:signpost:49 - PERF_MULTICHIP_DECODE_END
2026-07-02 23:20:27.689 | INFO     | tracy:signpost:49 - PERF_MULTICHIP_DECODE
2026-07-02 23:20:27.691 | INFO     | tracy:signpost:49 - PERF_MULTICHIP_DECODE_END
2026-07-02 23:20:27.691 | INFO     | tracy:signpost:49 - PERF_MULTICHIP_DECODE
2026-07-02 23:20:27.694 | INFO     | tracy:signpost:49 - PERF_MULTICHIP_DECODE_END
2026-07-02 23:20:27.694 | INFO     | tracy:signpost:49 - PERF_MULTICHIP_DECODE
2026-07-02 23:20:27.697 | INFO     | tracy:signpost:49 - PERF_MULTICHIP_DECODE_END
2026-07-02 23:20:27.697 | INFO     | tracy:signpost:49 - PERF_MULTICHIP_DECODE
2026-07-02 23:20:27.699 | INFO     | tracy:signpost:49 - PERF_MULTICHIP_DECODE_END
2026-07-02 23:20:27.700 | INFO     | tracy:signpost:49 - PERF_MULTICHIP_DECODE
2026-07-02 23:20:27.702 | INFO     | tracy:signpost:49 - PERF_MULTICHIP_DECODE_END
2026-07-02 23:20:27.702 | INFO     | tracy:signpost:49 - PERF_MULTICHIP_DECODE
2026-07-02 23:20:27.705 | INFO     | tracy:signpost:49 - PERF_MULTICHIP_DECODE_END
2026-07-02 23:20:27.705 | INFO     | tracy:signpost:49 - PERF_MULTICHIP_DECODE
2026-07-02 23:20:27.708 | INFO     | tracy:signpost:49 - PERF_MULTICHIP_DECODE_END
2026-07-02 23:20:27.708 | INFO     | tracy:signpost:49 - PERF_MULTICHIP_DECODE
2026-07-02 23:20:27.711 | INFO     | tracy:signpost:49 - PERF_MULTICHIP_DECODE_END
2026-07-02 23:20:27.711 | INFO     | tracy:signpost:49 - PERF_MULTICHIP_DECODE
2026-07-02 23:20:27.714 | INFO     | tracy:signpost:49 - PERF_MULTICHIP_DECODE_END
2026-07-02 23:20:27.714 | INFO     | tracy:signpost:49 - PERF_MULTICHIP_DECODE
2026-07-02 23:20:27.716 | INFO     | tracy:signpost:49 - PERF_MULTICHIP_DECODE_END
2026-07-02 23:20:27.716 | INFO     | tracy:signpost:49 - PERF_MULTICHIP_DECODE
2026-07-02 23:20:27.719 | INFO     | tracy:signpost:49 - PERF_MULTICHIP_DECODE_END
2026-07-02 23:20:27.719 | INFO     | tracy:signpost:49 - PERF_MULTICHIP_DECODE
2026-07-02 23:20:27.722 | INFO     | tracy:signpost:49 - PERF_MULTICHIP_DECODE_END
2026-07-02 23:20:27.722 | INFO     | tracy:signpost:49 - PERF_MULTICHIP_DECODE
2026-07-02 23:20:27.725 | INFO     | tracy:signpost:49 - PERF_MULTICHIP_DECODE_END
2026-07-02 23:20:27.725 | INFO     | tracy:signpost:49 - PERF_MULTICHIP_DECODE
2026-07-02 23:20:27.728 | INFO     | tracy:signpost:49 - PERF_MULTICHIP_DECODE_END
2026-07-02 23:20:27.728 | INFO     | tracy:signpost:49 - PERF_MULTICHIP_DECODE
2026-07-02 23:20:27.730 | INFO     | tracy:signpost:49 - PERF_MULTICHIP_DECODE_END
2026-07-02 23:20:27.731 | INFO     | tracy:signpost:49 - PERF_MULTICHIP_DECODE
2026-07-02 23:20:27.733 | INFO     | tracy:signpost:49 - PERF_MULTICHIP_DECODE_END
2026-07-02 23:20:27.733 | INFO     | tracy:signpost:49 - PERF_MULTICHIP_DECODE
2026-07-02 23:20:27.736 | INFO     | tracy:signpost:49 - PERF_MULTICHIP_DECODE_END
2026-07-02 23:20:27.736 | INFO     | tracy:signpost:49 - PERF_MULTICHIP_DECODE
2026-07-02 23:20:27.739 | INFO     | tracy:signpost:49 - PERF_MULTICHIP_DECODE_END
2026-07-02 23:20:27.739 | INFO     | tracy:signpost:49 - PERF_MULTICHIP_DECODE
2026-07-02 23:20:27.742 | INFO     | tracy:signpost:49 - PERF_MULTICHIP_DECODE_END
2026-07-02 23:20:27.742 | INFO     | tracy:signpost:49 - PERF_MULTICHIP_DECODE
2026-07-02 23:20:27.745 | INFO     | tracy:signpost:49 - PERF_MULTICHIP_DECODE_END
2026-07-02 23:20:27.745 | INFO     | tracy:signpost:49 - PERF_MULTICHIP_DECODE
2026-07-02 23:20:27.747 | INFO     | tracy:signpost:49 - PERF_MULTICHIP_DECODE_END
2026-07-02 23:20:27.747 | INFO     | tracy:signpost:49 - PERF_MULTICHIP_DECODE
2026-07-02 23:20:27.750 | INFO     | tracy:signpost:49 - PERF_MULTICHIP_DECODE_END
2026-07-02 23:20:27.750 | INFO     | tracy:signpost:49 - PERF_MULTICHIP_DECODE
2026-07-02 23:20:27.753 | INFO     | tracy:signpost:49 - PERF_MULTICHIP_DECODE_END
2026-07-02 23:20:27.753 | INFO     | tracy:signpost:49 - PERF_MULTICHIP_DECODE
2026-07-02 23:20:27.756 | INFO     | tracy:signpost:49 - PERF_MULTICHIP_DECODE_END
2026-07-02 23:20:27.756 | INFO     | tracy:signpost:49 - PERF_MULTICHIP_DECODE
2026-07-02 23:20:27.759 | INFO     | tracy:signpost:49 - PERF_MULTICHIP_DECODE_END
2026-07-02 23:20:27.759 | INFO     | tracy:signpost:49 - PERF_MULTICHIP_DECODE
2026-07-02 23:20:27.762 | INFO     | tracy:signpost:49 - PERF_MULTICHIP_DECODE_END
2026-07-02 23:20:27.762 | INFO     | tracy:signpost:49 - PERF_MULTICHIP_DECODE
2026-07-02 23:20:27.765 | INFO     | tracy:signpost:49 - PERF_MULTICHIP_DECODE_END
2026-07-02 23:20:27.765 | INFO     | tracy:signpost:49 - PERF_MULTICHIP_DECODE
2026-07-02 23:20:27.768 | INFO     | tracy:signpost:49 - PERF_MULTICHIP_DECODE_END
2026-07-02 23:20:27.768 | INFO     | tracy:signpost:49 - PERF_MULTICHIP_DECODE
2026-07-02 23:20:27.770 | INFO     | tracy:signpost:49 - PERF_MULTICHIP_DECODE_END
2026-07-02 23:20:27.770 | INFO     | tracy:signpost:49 - PERF_MULTICHIP_DECODE
2026-07-02 23:20:27.773 | INFO     | tracy:signpost:49 - PERF_MULTICHIP_DECODE_END
2026-07-02 23:20:27.773 | INFO     | tracy:signpost:49 - PERF_MULTICHIP_DECODE
2026-07-02 23:20:27.776 | INFO     | tracy:signpost:49 - PERF_MULTICHIP_DECODE_END
2026-07-02 23:20:27.807 | INFO     | tracy:signpost:49 - PERF_MULTICHIP_DECODE
2026-07-02 23:20:27.810 | INFO     | tracy:signpost:49 - PERF_MULTICHIP_DECODE_END
2026-07-02 23:20:27.811 | INFO     | tracy:signpost:49 - PERF_MULTICHIP_DECODE
2026-07-02 23:20:27.813 | INFO     | tracy:signpost:49 - PERF_MULTICHIP_DECODE_END
2026-07-02 23:20:27.813 | INFO     | tracy:signpost:49 - PERF_MULTICHIP_DECODE
2026-07-02 23:20:27.816 | INFO     | tracy:signpost:49 - PERF_MULTICHIP_DECODE_END
2026-07-02 23:20:27.816 | INFO     | tracy:signpost:49 - PERF_MULTICHIP_DECODE
2026-07-02 23:20:27.819 | INFO     | tracy:signpost:49 - PERF_MULTICHIP_DECODE_END
2026-07-02 23:20:27.819 | INFO     | tracy:signpost:49 - PERF_MULTICHIP_DECODE
2026-07-02 23:20:27.821 | INFO     | tracy:signpost:49 - PERF_MULTICHIP_DECODE_END
2026-07-02 23:20:27.822 | INFO     | tracy:signpost:49 - PERF_MULTICHIP_DECODE
2026-07-02 23:20:27.824 | INFO     | tracy:signpost:49 - PERF_MULTICHIP_DECODE_END
2026-07-02 23:20:27.824 | INFO     | tracy:signpost:49 - PERF_MULTICHIP_DECODE
2026-07-02 23:20:27.827 | INFO     | tracy:signpost:49 - PERF_MULTICHIP_DECODE_END
2026-07-02 23:20:27.827 | INFO     | tracy:signpost:49 - PERF_MULTICHIP_DECODE
2026-07-02 23:20:27.830 | INFO     | tracy:signpost:49 - PERF_MULTICHIP_DECODE_END
2026-07-02 23:20:27.830 | INFO     | tracy:signpost:49 - PERF_MULTICHIP_DECODE
2026-07-02 23:20:27.833 | INFO     | tracy:signpost:49 - PERF_MULTICHIP_DECODE_END
2026-07-02 23:20:27.833 | INFO     | tracy:signpost:49 - PERF_MULTICHIP_DECODE
2026-07-02 23:20:27.835 | INFO     | tracy:signpost:49 - PERF_MULTICHIP_DECODE_END
2026-07-02 23:20:27.835 | INFO     | tracy:signpost:49 - PERF_MULTICHIP_DECODE
2026-07-02 23:20:27.838 | INFO     | tracy:signpost:49 - PERF_MULTICHIP_DECODE_END
2026-07-02 23:20:27.838 | INFO     | tracy:signpost:49 - PERF_MULTICHIP_DECODE
2026-07-02 23:20:27.841 | INFO     | tracy:signpost:49 - PERF_MULTICHIP_DECODE_END
2026-07-02 23:20:27.841 | INFO     | tracy:signpost:49 - PERF_MULTICHIP_DECODE
2026-07-02 23:20:27.844 | INFO     | tracy:signpost:49 - PERF_MULTICHIP_DECODE_END
2026-07-02 23:20:27.844 | INFO     | tracy:signpost:49 - PERF_MULTICHIP_DECODE
2026-07-02 23:20:27.847 | INFO     | tracy:signpost:49 - PERF_MULTICHIP_DECODE_END
2026-07-02 23:20:27.847 | INFO     | tracy:signpost:49 - PERF_MULTICHIP_DECODE
2026-07-02 23:20:27.849 | INFO     | tracy:signpost:49 - PERF_MULTICHIP_DECODE_END
2026-07-02 23:20:27.850 | INFO     | tracy:signpost:49 - PERF_MULTICHIP_DECODE
2026-07-02 23:20:27.852 | INFO     | tracy:signpost:49 - PERF_MULTICHIP_DECODE_END
2026-07-02 23:20:27.852 | INFO     | tracy:signpost:49 - PERF_MULTICHIP_DECODE
2026-07-02 23:20:27.855 | INFO     | tracy:signpost:49 - PERF_MULTICHIP_DECODE_END
2026-07-02 23:20:27.855 | INFO     | tracy:signpost:49 - PERF_MULTICHIP_DECODE
2026-07-02 23:20:27.857 | INFO     | tracy:signpost:49 - PERF_MULTICHIP_DECODE_END
2026-07-02 23:20:27.858 | INFO     | tracy:signpost:49 - PERF_MULTICHIP_DECODE
2026-07-02 23:20:27.860 | INFO     | tracy:signpost:49 - PERF_MULTICHIP_DECODE_END
2026-07-02 23:20:27.860 | INFO     | tracy:signpost:49 - PERF_MULTICHIP_DECODE
2026-07-02 23:20:27.863 | INFO     | tracy:signpost:49 - PERF_MULTICHIP_DECODE_END
2026-07-02 23:20:27.863 | INFO     | tracy:signpost:49 - PERF_MULTICHIP_DECODE
2026-07-02 23:20:27.866 | INFO     | tracy:signpost:49 - PERF_MULTICHIP_DECODE_END
2026-07-02 23:20:27.866 | INFO     | tracy:signpost:49 - PERF_MULTICHIP_DECODE
2026-07-02 23:20:27.869 | INFO     | tracy:signpost:49 - PERF_MULTICHIP_DECODE_END
2026-07-02 23:20:27.869 | INFO     | tracy:signpost:49 - PERF_MULTICHIP_DECODE
2026-07-02 23:20:27.872 | INFO     | tracy:signpost:49 - PERF_MULTICHIP_DECODE_END
2026-07-02 23:20:27.872 | INFO     | tracy:signpost:49 - PERF_MULTICHIP_DECODE
2026-07-02 23:20:27.874 | INFO     | tracy:signpost:49 - PERF_MULTICHIP_DECODE_END
2026-07-02 23:20:27.875 | INFO     | tracy:signpost:49 - PERF_MULTICHIP_DECODE
2026-07-02 23:20:27.877 | INFO     | tracy:signpost:49 - PERF_MULTICHIP_DECODE_END
2026-07-02 23:20:27.877 | INFO     | tracy:signpost:49 - PERF_MULTICHIP_DECODE
2026-07-02 23:20:27.880 | INFO     | tracy:signpost:49 - PERF_MULTICHIP_DECODE_END
2026-07-02 23:20:27.880 | INFO     | tracy:signpost:49 - PERF_MULTICHIP_DECODE
2026-07-02 23:20:27.882 | INFO     | tracy:signpost:49 - PERF_MULTICHIP_DECODE_END
2026-07-02 23:20:27.883 | INFO     | tracy:signpost:49 - PERF_MULTICHIP_DECODE
2026-07-02 23:20:27.885 | INFO     | tracy:signpost:49 - PERF_MULTICHIP_DECODE_END
2026-07-02 23:20:27.885 | INFO     | tracy:signpost:49 - PERF_MULTICHIP_DECODE
2026-07-02 23:20:27.888 | INFO     | tracy:signpost:49 - PERF_MULTICHIP_DECODE_END
2026-07-02 23:20:27.888 | INFO     | tracy:signpost:49 - PERF_MULTICHIP_DECODE
2026-07-02 23:20:27.891 | INFO     | tracy:signpost:49 - PERF_MULTICHIP_DECODE_END
2026-07-02 23:20:27.891 | INFO     | tracy:signpost:49 - PERF_MULTICHIP_DECODE
2026-07-02 23:20:27.894 | INFO     | tracy:signpost:49 - PERF_MULTICHIP_DECODE_END
2026-07-02 23:20:27.894 | INFO     | tracy:signpost:49 - PERF_MULTICHIP_DECODE
2026-07-02 23:20:27.896 | INFO     | tracy:signpost:49 - PERF_MULTICHIP_DECODE_END
2026-07-02 23:20:27.896 | INFO     | tracy:signpost:49 - PERF_MULTICHIP_DECODE
2026-07-02 23:20:27.899 | INFO     | tracy:signpost:49 - PERF_MULTICHIP_DECODE_END
2026-07-02 23:20:27.899 | INFO     | tracy:signpost:49 - PERF_MULTICHIP_DECODE
2026-07-02 23:20:27.902 | INFO     | tracy:signpost:49 - PERF_MULTICHIP_DECODE_END
2026-07-02 23:20:27.902 | INFO     | tracy:signpost:49 - PERF_MULTICHIP_DECODE
2026-07-02 23:20:27.905 | INFO     | tracy:signpost:49 - PERF_MULTICHIP_DECODE_END
2026-07-02 23:20:27.905 | INFO     | tracy:signpost:49 - PERF_MULTICHIP_DECODE
2026-07-02 23:20:27.907 | INFO     | tracy:signpost:49 - PERF_MULTICHIP_DECODE_END
2026-07-02 23:20:27.909 | INFO     | tracy:signpost:49 - PERF_MULTICHIP_DECODE
2026-07-02 23:20:27.913 | INFO     | tracy:signpost:49 - PERF_MULTICHIP_DECODE_END
2026-07-02 23:20:27.913 | INFO     | tracy:signpost:49 - PERF_MULTICHIP_DECODE
2026-07-02 23:20:27.915 | INFO     | tracy:signpost:49 - PERF_MULTICHIP_DECODE_END
2026-07-02 23:20:27.916 | INFO     | tracy:signpost:49 - PERF_MULTICHIP_DECODE
2026-07-02 23:20:27.918 | INFO     | tracy:signpost:49 - PERF_MULTICHIP_DECODE_END
2026-07-02 23:20:27.918 | INFO     | tracy:signpost:49 - PERF_MULTICHIP_DECODE
2026-07-02 23:20:27.920 | INFO     | tracy:signpost:49 - PERF_MULTICHIP_DECODE_END
2026-07-02 23:20:27.920 | INFO     | tracy:signpost:49 - PERF_MULTICHIP_DECODE
2026-07-02 23:20:27.922 | INFO     | tracy:signpost:49 - PERF_MULTICHIP_DECODE_END
2026-07-02 23:20:27.922 | INFO     | tracy:signpost:49 - PERF_MULTICHIP_DECODE
2026-07-02 23:20:27.924 | INFO     | tracy:signpost:49 - PERF_MULTICHIP_DECODE_END
2026-07-02 23:20:27.925 | INFO     | tracy:signpost:49 - PERF_MULTICHIP_DECODE
2026-07-02 23:20:27.927 | INFO     | tracy:signpost:49 - PERF_MULTICHIP_DECODE_END
2026-07-02 23:20:27.927 | INFO     | tracy:signpost:49 - PERF_MULTICHIP_DECODE
2026-07-02 23:20:27.929 | INFO     | tracy:signpost:49 - PERF_MULTICHIP_DECODE_END
2026-07-02 23:20:27.930 | INFO     | tracy:signpost:49 - PERF_MULTICHIP_DECODE
2026-07-02 23:20:27.932 | INFO     | tracy:signpost:49 - PERF_MULTICHIP_DECODE_END
2026-07-02 23:20:27.932 | INFO     | tracy:signpost:49 - PERF_MULTICHIP_DECODE
2026-07-02 23:20:27.934 | INFO     | tracy:signpost:49 - PERF_MULTICHIP_DECODE_END
2026-07-02 23:20:27.934 | INFO     | tracy:signpost:49 - PERF_MULTICHIP_DECODE
2026-07-02 23:20:27.936 | INFO     | tracy:signpost:49 - PERF_MULTICHIP_DECODE_END
2026-07-02 23:20:27.936 | INFO     | tracy:signpost:49 - PERF_MULTICHIP_DECODE
2026-07-02 23:20:27.938 | INFO     | tracy:signpost:49 - PERF_MULTICHIP_DECODE_END
2026-07-02 23:20:27.938 | INFO     | tracy:signpost:49 - PERF_MULTICHIP_DECODE
2026-07-02 23:20:27.940 | INFO     | tracy:signpost:49 - PERF_MULTICHIP_DECODE_END
2026-07-02 23:20:27.940 | INFO     | tracy:signpost:49 - PERF_MULTICHIP_DECODE
2026-07-02 23:20:27.943 | INFO     | tracy:signpost:49 - PERF_MULTICHIP_DECODE_END
2026-07-02 23:20:27.943 | INFO     | tracy:signpost:49 - PERF_MULTICHIP_DECODE
2026-07-02 23:20:27.945 | INFO     | tracy:signpost:49 - PERF_MULTICHIP_DECODE_END
2026-07-02 23:20:27.945 | INFO     | tracy:signpost:49 - PERF_MULTICHIP_DECODE
2026-07-02 23:20:27.947 | INFO     | tracy:signpost:49 - PERF_MULTICHIP_DECODE_END
2026-07-02 23:20:27.947 | INFO     | tracy:signpost:49 - PERF_MULTICHIP_DECODE
2026-07-02 23:20:27.949 | INFO     | tracy:signpost:49 - PERF_MULTICHIP_DECODE_END
2026-07-02 23:20:27.949 | INFO     | tracy:signpost:49 - PERF_MULTICHIP_DECODE
2026-07-02 23:20:27.951 | INFO     | tracy:signpost:49 - PERF_MULTICHIP_DECODE_END
2026-07-02 23:20:27.951 | INFO     | tracy:signpost:49 - PERF_MULTICHIP_DECODE
2026-07-02 23:20:27.953 | INFO     | tracy:signpost:49 - PERF_MULTICHIP_DECODE_END
2026-07-02 23:20:27.954 | INFO     | tracy:signpost:49 - PERF_MULTICHIP_DECODE
2026-07-02 23:20:27.956 | INFO     | tracy:signpost:49 - PERF_MULTICHIP_DECODE_END
2026-07-02 23:20:27.956 | INFO     | tracy:signpost:49 - PERF_MULTICHIP_DECODE
2026-07-02 23:20:27.958 | INFO     | tracy:signpost:49 - PERF_MULTICHIP_DECODE_END
2026-07-02 23:20:27.958 | INFO     | tracy:signpost:49 - PERF_MULTICHIP_DECODE
2026-07-02 23:20:27.960 | INFO     | tracy:signpost:49 - PERF_MULTICHIP_DECODE_END
2026-07-02 23:20:27.960 | INFO     | tracy:signpost:49 - PERF_MULTICHIP_DECODE
2026-07-02 23:20:27.962 | INFO     | tracy:signpost:49 - PERF_MULTICHIP_DECODE_END
2026-07-02 23:20:27.962 | INFO     | tracy:signpost:49 - PERF_MULTICHIP_DECODE
2026-07-02 23:20:27.964 | INFO     | tracy:signpost:49 - PERF_MULTICHIP_DECODE_END
2026-07-02 23:20:27.965 | INFO     | tracy:signpost:49 - PERF_MULTICHIP_DECODE
2026-07-02 23:20:27.967 | INFO     | tracy:signpost:49 - PERF_MULTICHIP_DECODE_END
2026-07-02 23:20:27.967 | INFO     | tracy:signpost:49 - PERF_MULTICHIP_DECODE
2026-07-02 23:20:27.969 | INFO     | tracy:signpost:49 - PERF_MULTICHIP_DECODE_END
2026-07-02 23:20:27.969 | INFO     | tracy:signpost:49 - PERF_MULTICHIP_DECODE
2026-07-02 23:20:27.971 | INFO     | tracy:signpost:49 - PERF_MULTICHIP_DECODE_END
2026-07-02 23:20:27.971 | INFO     | tracy:signpost:49 - PERF_MULTICHIP_DECODE
2026-07-02 23:20:27.973 | INFO     | tracy:signpost:49 - PERF_MULTICHIP_DECODE_END
2026-07-02 23:20:27.973 | INFO     | tracy:signpost:49 - PERF_MULTICHIP_DECODE
2026-07-02 23:20:27.975 | INFO     | tracy:signpost:49 - PERF_MULTICHIP_DECODE_END
2026-07-02 23:20:27.976 | INFO     | tracy:signpost:49 - PERF_MULTICHIP_DECODE
2026-07-02 23:20:27.978 | INFO     | tracy:signpost:49 - PERF_MULTICHIP_DECODE_END
2026-07-02 23:20:27.978 | INFO     | tracy:signpost:49 - PERF_MULTICHIP_DECODE
2026-07-02 23:20:27.980 | INFO     | tracy:signpost:49 - PERF_MULTICHIP_DECODE_END
2026-07-02 23:20:27.980 | INFO     | tracy:signpost:49 - PERF_MULTICHIP_DECODE
2026-07-02 23:20:27.982 | INFO     | tracy:signpost:49 - PERF_MULTICHIP_DECODE_END
2026-07-02 23:20:27.982 | INFO     | tracy:signpost:49 - PERF_MULTICHIP_DECODE
2026-07-02 23:20:27.984 | INFO     | tracy:signpost:49 - PERF_MULTICHIP_DECODE_END
2026-07-02 23:20:27.984 | INFO     | tracy:signpost:49 - PERF_MULTICHIP_DECODE
2026-07-02 23:20:27.986 | INFO     | tracy:signpost:49 - PERF_MULTICHIP_DECODE_END
2026-07-02 23:20:27.987 | INFO     | tracy:signpost:49 - PERF_MULTICHIP_DECODE
2026-07-02 23:20:27.989 | INFO     | tracy:signpost:49 - PERF_MULTICHIP_DECODE_END
2026-07-02 23:20:27.989 | INFO     | tracy:signpost:49 - PERF_MULTICHIP_DECODE
2026-07-02 23:20:27.991 | INFO     | tracy:signpost:49 - PERF_MULTICHIP_DECODE_END
entry[0]             top1=0.940 (94/100)  top5=1.000 (100/100)  top100=1.000 (100/100)  TTFT=4261.78ms  decode=23.40 t/s/u  e2e=11.77 t/s/u
AGGREGATE            top1=0.940 (94/100)  top5=1.000 (100/100)  top100=1.000 (100/100)  TTFT=4261.78ms  decode=23.40 t/s/u  e2e=11.77 t/s/u
nanobind: leaked 2 instances!
 - leaked instance 0x7f328dd9bfd8 of type "ttnn._ttnn.tensor.CoreRangeSet"
 - leaked instance 0x7f328defc1f8 of type "ttnn._ttnn.device.DispatchCoreConfig"
nanobind: leaked 35 types!
 - leaked type "DispatchCoreAxis"
 - leaked type "ttnn._ttnn.device.SubDeviceManagerId"
 - leaked type "MathFidelity"
 - leaked type "ttnn._ttnn.operations.matmul.MatmulMultiCoreReuseMultiCast1DProgramConfig"
 - leaked type "ttnn._ttnn.operations.matmul.MatmulInputs"
 - leaked type "ttnn._ttnn.operations.matmul.MatmulMultiCoreReuseMultiCastBatchedDRAMShardedProgramConfig"
 - leaked type "BufferType"
 - leaked type "UnaryOpType"
 - leaked type "Layout"
 - leaked type "ttnn._ttnn.operations.matmul.MatmulMultiCoreReuseOptimizedProgramFactory"
 - ... skipped remainder
nanobind: leaked 305 functions!
 - leaked function ""
 - leaked function ""
 - leaked function "bounding_box"
 - leaked function ""
 - leaked function "__repr__"
 - leaked function ""
 - leaked function "__repr__"
 - leaked function "sfpu_eps"
 - leaked function ""
 - leaked function "matmul_select_program_factory"
 - ... skipped remainder
nanobind: this is likely caused by a reference counting issue in the binding code.
See https://nanobind.readthedocs.io/en/latest/refleaks.html2026-07-02 23:20:30.315 | info     |    BuildKernels | JIT cache stats: 263/290 hits (90.7%) [263 cached, 178 build-once dedup, 0 merged artifacts, 0 merged genfiles] (build_cache_telemetry.cpp:207)
2026-07-02 23:20:30.315 | info     |    BuildKernels | JIT telemetry: 3 registered TelemetryTokens (build_cache_telemetry.cpp:230)
2026-07-02 23:20:30.339 | info     |          Device | Closing user mode device drivers (tt_cluster.cpp:512)
2026-07-02 23:20:30.339 | info     |             UMD | Closing devices in cluster (cluster.cpp:1037)
2026-07-02 23:20:31.012 | info     |             UMD | Closing devices in cluster completed. (cluster.cpp:1046)
2026-07-02 23:20:31.012 | info     |             UMD | Cluster destructor started. (cluster.cpp:754)
2026-07-02 23:20:31.012 | info     |             UMD | Cluster destructor completed. (cluster.cpp:757)
