2026-07-02 23:16:19.527 | DEBUG    | ttnn:<module>:79 - Initial ttnn.CONFIG:
Config{cache_path=/home/ubuntu/.cache/ttnn,model_cache_path=/home/ubuntu/.cache/ttnn/models,tmp_dir=/tmp/ttnn,enable_model_cache=false,enable_fast_runtime_mode=true,throw_exception_on_fallback=false,enable_logging=false,enable_graph_report=false,enable_graph_python_stack_traces=false,enable_detailed_buffer_report=false,enable_detailed_tensor_report=false,enable_comparison_mode=false,comparison_mode_should_raise_exception=false,comparison_mode_pcc=0.9999,root_report_path=generated/ttnn/reports,report_name=std::nullopt,std::nullopt}
2026-07-02 23:16:19.608 | info     |          Device | Opening user mode device driver (tt_cluster.cpp:228)
2026-07-02 23:16:19.608 | info     |             UMD | Cluster constructor started. (cluster.cpp:348)
2026-07-02 23:16:19.608 | info     |             UMD | Creating TopologyDiscovery for architecture: blackhole (topology_discovery.cpp:91)
2026-07-02 23:16:19.608 | info     |             UMD | Starting topology discovery. (topology_discovery.cpp:110)
2026-07-02 23:16:19.610 | info     |             UMD | Established firmware bundle version: 19.9.0 (topology_discovery.cpp:569)
2026-07-02 23:16:19.610 | info     |             UMD | Firmware bundle version 19.9.0 on the system is newer than the latest fully tested version 19.5.0 for blackhole architecture. Newest features may not be supported. (topology_discovery.cpp:601)
2026-07-02 23:16:19.613 | info     |             UMD | Completed topology discovery. (topology_discovery.cpp:114)
2026-07-02 23:16:19.781 | info     |             UMD | Opening local chip ids/PCIe ids: {0, 1, 2, 3}/[1, 2, 3, 0] and remote chip ids {} (cluster.cpp:168)
2026-07-02 23:16:19.781 | info     |             UMD | IOMMU: enabled (cluster.cpp:142)
2026-07-02 23:16:19.781 | info     |             UMD | KMD version: 2.4.1 (cluster.cpp:145)
2026-07-02 23:16:19.781 | info     |             UMD | Cluster constructor completed. (cluster.cpp:520)
2026-07-02 23:16:19.784 | info     |             UMD | Starting devices in cluster (cluster.cpp:1024)
2026-07-02 23:16:19.910 | info     |             UMD | Starting devices in cluster completed. (cluster.cpp:1032)
2026-07-02 23:16:20.511 | info     |     Distributed | Using auto discovery to generate mesh graph. (metal_env.cpp:367)
2026-07-02 23:16:20.511 | info     |     Distributed | Constructing control plane using auto-discovery (no mesh graph descriptor). (metal_env.cpp:429)
2026-07-02 23:16:20.511 | info     |          Fabric | Logical multi-mesh adjacency: intermesh degree histogram {0:1}; intra-mesh degree histograms mesh0 {2:4} (topology_mapper_utils.cpp:2342)
2026-07-02 23:16:20.511 | info     |          Fabric | Physical multi-mesh adjacency: intermesh degree histogram {0:1}; intra-mesh degree histograms mesh0 {2:4} (topology_mapper_utils.cpp:2350)
2026-07-02 23:16:20.512 | DEBUG    | ttnn.device:__init__:152 - Using default dispatch core type for this system: DispatchCoreType.WORKER
2026-07-02 23:16:20.512 | DEBUG    | ttnn.device:__init__:154 - Using default dispatch core axis for this system: DispatchCoreAxis.COL
2026-07-02 23:16:20.527 | info     |    BuildKernels | Using pre-compiled firmware from: /home/ubuntu/tt-metal/tt_metal/pre-compiled/13793420398762238087/ (build_env_manager.cpp:347)
2026-07-02 23:16:20.527 | info     |    BuildKernels | Using pre-compiled firmware from: /home/ubuntu/tt-metal/tt_metal/pre-compiled/13793420398762238087/ (build_env_manager.cpp:347)
2026-07-02 23:16:20.527 | info     |    BuildKernels | Using pre-compiled firmware from: /home/ubuntu/tt-metal/tt_metal/pre-compiled/13793420398762238087/ (build_env_manager.cpp:347)
2026-07-02 23:16:20.527 | info     |    BuildKernels | Using pre-compiled firmware from: /home/ubuntu/tt-metal/tt_metal/pre-compiled/13793420398762238087/ (build_env_manager.cpp:347)
2026-07-02 23:16:20.585 | info     |           Metal | Initializing Fabric (fabric_firmware_initializer.cpp:288)
2026-07-02 23:16:20.647 | info     |           Metal | Fabric initialized on Device 0 (device.cpp:429)
2026-07-02 23:16:20.649 | info     |           Metal | Fabric initialized on Device 1 (device.cpp:429)
2026-07-02 23:16:20.650 | info     |           Metal | Fabric initialized on Device 2 (device.cpp:429)
2026-07-02 23:16:20.651 | info     |           Metal | Fabric initialized on Device 3 (device.cpp:429)
2026-07-02 23:16:20.651 | info     |           Metal | Fabric initialized on 4 devices (fabric_firmware_initializer.cpp:435)
2026-07-02 23:16:20.651 | info     |           Metal | Fabric Initialized with config FabricConfig::FABRIC_1D_RING (fabric_firmware_initializer.cpp:305)
2026-07-02 23:16:20.704 | info     |           Metal | ShmResourceTracker: removed orphaned shm '/tt_device_143238002115104_memory' (shm_resource_tracker.cpp:282)
2026-07-02 23:16:20.704 | info     |           Metal | ShmResourceTracker: removed orphaned shm '/tt_device_143238002118688_memory' (shm_resource_tracker.cpp:282)
2026-07-02 23:16:20.704 | info     |           Metal | ShmResourceTracker: removed orphaned shm '/tt_device_143238002114624_memory' (shm_resource_tracker.cpp:282)
2026-07-02 23:16:20.704 | info     |           Metal | ShmResourceTracker: removed orphaned shm '/tt_device_143238002115584_memory' (shm_resource_tracker.cpp:282)
2026-07-02 23:16:21.275 | info     |           Metal | [Real-time profiler] Device 0 sync complete: 100 samples, frequency=1.349970 GHz, device_time_at_sync=722283343443 cycles (realtime_profiler_manager.cpp:1127)
2026-07-02 23:16:21.275 | info     |           Metal | [Real-time profiler] Device 2 sync complete: 100 samples, frequency=1.349959 GHz, device_time_at_sync=723167852721 cycles (realtime_profiler_manager.cpp:1127)
2026-07-02 23:16:21.287 | info     |           Metal | [Real-time profiler] Device 3 sync complete: 100 samples, frequency=1.349980 GHz, device_time_at_sync=724063307412 cycles (realtime_profiler_manager.cpp:1127)
2026-07-02 23:16:21.287 | info     |           Metal | [Real-time profiler] Device 1 sync complete: 100 samples, frequency=1.349979 GHz, device_time_at_sync=723224482557 cycles (realtime_profiler_manager.cpp:1127)
[transformers] `torch_dtype` is deprecated! Use `dtype` instead!
Loading weights:   0%|          | 0/398 [00:00<?, ?it/s]Loading weights: 100%|██████████| 398/398 [00:00<00:00, 9141.72it/s]
2026-07-02 23:16:29.248 | info     |           Metal | Pinned source memory start address 0x7f496c2eae28 must be aligned 64 B (dispatch.cpp:1180)
2026-07-02 23:16:29.248 | info     |           Metal | Pinned source memory start address 0x7f496c2eae28 must be aligned 64 B (dispatch.cpp:1180)
2026-07-02 23:16:29.248 | info     |           Metal | Pinned source memory start address 0x7f496c2eae28 must be aligned 64 B (dispatch.cpp:1180)
2026-07-02 23:16:29.248 | info     |           Metal | Pinned source memory start address 0x7f496c2eae28 must be aligned 64 B (dispatch.cpp:1180)
2026-07-02 23:18:16.336 | INFO     | tracy:signpost:49 - PERF_MULTICHIP_PREFILL
2026-07-02 23:18:16.486 | INFO     | tracy:signpost:49 - PERF_MULTICHIP_PREFILL_END
2026-07-02 23:18:16.486 | INFO     | tracy:signpost:49 - PERF_MULTICHIP_PREFILL
2026-07-02 23:18:16.489 | INFO     | tracy:signpost:49 - PERF_MULTICHIP_PREFILL_END
2026-07-02 23:18:16.489 | INFO     | tracy:signpost:49 - PERF_MULTICHIP_PREFILL
2026-07-02 23:18:16.492 | INFO     | tracy:signpost:49 - PERF_MULTICHIP_PREFILL_END
2026-07-02 23:18:16.492 | INFO     | tracy:signpost:49 - PERF_MULTICHIP_PREFILL
2026-07-02 23:18:16.494 | INFO     | tracy:signpost:49 - PERF_MULTICHIP_PREFILL_END
2026-07-02 23:18:16.494 | INFO     | tracy:signpost:49 - PERF_MULTICHIP_PREFILL
2026-07-02 23:18:16.497 | INFO     | tracy:signpost:49 - PERF_MULTICHIP_PREFILL_END
2026-07-02 23:18:16.497 | INFO     | tracy:signpost:49 - PERF_MULTICHIP_PREFILL
2026-07-02 23:18:16.499 | INFO     | tracy:signpost:49 - PERF_MULTICHIP_PREFILL_END
2026-07-02 23:18:16.499 | INFO     | tracy:signpost:49 - PERF_MULTICHIP_PREFILL
2026-07-02 23:18:16.502 | INFO     | tracy:signpost:49 - PERF_MULTICHIP_PREFILL_END
2026-07-02 23:18:16.502 | INFO     | tracy:signpost:49 - PERF_MULTICHIP_PREFILL
2026-07-02 23:18:16.504 | INFO     | tracy:signpost:49 - PERF_MULTICHIP_PREFILL_END
2026-07-02 23:18:16.504 | INFO     | tracy:signpost:49 - PERF_MULTICHIP_PREFILL
2026-07-02 23:18:16.507 | INFO     | tracy:signpost:49 - PERF_MULTICHIP_PREFILL_END
2026-07-02 23:18:16.507 | INFO     | tracy:signpost:49 - PERF_MULTICHIP_PREFILL
2026-07-02 23:18:16.509 | INFO     | tracy:signpost:49 - PERF_MULTICHIP_PREFILL_END
2026-07-02 23:18:16.509 | INFO     | tracy:signpost:49 - PERF_MULTICHIP_PREFILL
2026-07-02 23:18:16.512 | INFO     | tracy:signpost:49 - PERF_MULTICHIP_PREFILL_END
2026-07-02 23:18:16.512 | INFO     | tracy:signpost:49 - PERF_MULTICHIP_PREFILL
2026-07-02 23:18:16.514 | INFO     | tracy:signpost:49 - PERF_MULTICHIP_PREFILL_END
2026-07-02 23:18:16.514 | INFO     | tracy:signpost:49 - PERF_MULTICHIP_PREFILL
2026-07-02 23:18:16.517 | INFO     | tracy:signpost:49 - PERF_MULTICHIP_PREFILL_END
2026-07-02 23:18:16.517 | INFO     | tracy:signpost:49 - PERF_MULTICHIP_PREFILL
2026-07-02 23:18:16.519 | INFO     | tracy:signpost:49 - PERF_MULTICHIP_PREFILL_END
2026-07-02 23:18:16.519 | INFO     | tracy:signpost:49 - PERF_MULTICHIP_PREFILL
2026-07-02 23:18:16.522 | INFO     | tracy:signpost:49 - PERF_MULTICHIP_PREFILL_END
2026-07-02 23:18:16.522 | INFO     | tracy:signpost:49 - PERF_MULTICHIP_PREFILL
2026-07-02 23:18:16.524 | INFO     | tracy:signpost:49 - PERF_MULTICHIP_PREFILL_END
2026-07-02 23:18:16.525 | INFO     | tracy:signpost:49 - PERF_MULTICHIP_PREFILL
2026-07-02 23:18:16.527 | INFO     | tracy:signpost:49 - PERF_MULTICHIP_PREFILL_END
2026-07-02 23:18:16.527 | INFO     | tracy:signpost:49 - PERF_MULTICHIP_PREFILL
2026-07-02 23:18:16.530 | INFO     | tracy:signpost:49 - PERF_MULTICHIP_PREFILL_END
2026-07-02 23:18:16.530 | INFO     | tracy:signpost:49 - PERF_MULTICHIP_PREFILL
2026-07-02 23:18:16.532 | INFO     | tracy:signpost:49 - PERF_MULTICHIP_PREFILL_END
2026-07-02 23:18:16.532 | INFO     | tracy:signpost:49 - PERF_MULTICHIP_PREFILL
2026-07-02 23:18:16.535 | INFO     | tracy:signpost:49 - PERF_MULTICHIP_PREFILL_END
2026-07-02 23:18:16.535 | INFO     | tracy:signpost:49 - PERF_MULTICHIP_PREFILL
2026-07-02 23:18:16.537 | INFO     | tracy:signpost:49 - PERF_MULTICHIP_PREFILL_END
2026-07-02 23:18:16.537 | INFO     | tracy:signpost:49 - PERF_MULTICHIP_PREFILL
2026-07-02 23:18:16.540 | INFO     | tracy:signpost:49 - PERF_MULTICHIP_PREFILL_END
2026-07-02 23:18:16.540 | INFO     | tracy:signpost:49 - PERF_MULTICHIP_PREFILL
2026-07-02 23:18:16.542 | INFO     | tracy:signpost:49 - PERF_MULTICHIP_PREFILL_END
2026-07-02 23:18:16.542 | INFO     | tracy:signpost:49 - PERF_MULTICHIP_PREFILL
2026-07-02 23:18:16.545 | INFO     | tracy:signpost:49 - PERF_MULTICHIP_PREFILL_END
2026-07-02 23:18:16.545 | INFO     | tracy:signpost:49 - PERF_MULTICHIP_PREFILL
2026-07-02 23:18:16.547 | INFO     | tracy:signpost:49 - PERF_MULTICHIP_PREFILL_END
2026-07-02 23:18:16.547 | INFO     | tracy:signpost:49 - PERF_MULTICHIP_PREFILL
2026-07-02 23:18:16.550 | INFO     | tracy:signpost:49 - PERF_MULTICHIP_PREFILL_END
2026-07-02 23:18:16.550 | INFO     | tracy:signpost:49 - PERF_MULTICHIP_PREFILL
2026-07-02 23:18:16.552 | INFO     | tracy:signpost:49 - PERF_MULTICHIP_PREFILL_END
2026-07-02 23:18:16.552 | INFO     | tracy:signpost:49 - PERF_MULTICHIP_PREFILL
2026-07-02 23:18:16.555 | INFO     | tracy:signpost:49 - PERF_MULTICHIP_PREFILL_END
2026-07-02 23:18:16.555 | INFO     | tracy:signpost:49 - PERF_MULTICHIP_PREFILL
2026-07-02 23:18:16.557 | INFO     | tracy:signpost:49 - PERF_MULTICHIP_PREFILL_END
2026-07-02 23:18:16.558 | INFO     | tracy:signpost:49 - PERF_MULTICHIP_PREFILL
2026-07-02 23:18:16.560 | INFO     | tracy:signpost:49 - PERF_MULTICHIP_PREFILL_END
2026-07-02 23:18:16.560 | INFO     | tracy:signpost:49 - PERF_MULTICHIP_PREFILL
2026-07-02 23:18:16.563 | INFO     | tracy:signpost:49 - PERF_MULTICHIP_PREFILL_END
2026-07-02 23:18:16.563 | INFO     | tracy:signpost:49 - PERF_MULTICHIP_PREFILL
2026-07-02 23:18:16.565 | INFO     | tracy:signpost:49 - PERF_MULTICHIP_PREFILL_END
2026-07-02 23:18:16.565 | INFO     | tracy:signpost:49 - PERF_MULTICHIP_PREFILL
2026-07-02 23:18:16.568 | INFO     | tracy:signpost:49 - PERF_MULTICHIP_PREFILL_END
2026-07-02 23:18:16.568 | INFO     | tracy:signpost:49 - PERF_MULTICHIP_PREFILL
2026-07-02 23:18:16.570 | INFO     | tracy:signpost:49 - PERF_MULTICHIP_PREFILL_END
2026-07-02 23:18:16.570 | INFO     | tracy:signpost:49 - PERF_MULTICHIP_PREFILL
2026-07-02 23:18:16.573 | INFO     | tracy:signpost:49 - PERF_MULTICHIP_PREFILL_END
2026-07-02 23:18:16.573 | INFO     | tracy:signpost:49 - PERF_MULTICHIP_PREFILL
2026-07-02 23:18:16.576 | INFO     | tracy:signpost:49 - PERF_MULTICHIP_PREFILL_END
2026-07-02 23:18:16.695 | INFO     | tracy:signpost:49 - PERF_MULTICHIP_DECODE
2026-07-02 23:18:16.802 | INFO     | tracy:signpost:49 - PERF_MULTICHIP_DECODE_END
2026-07-02 23:18:16.803 | INFO     | tracy:signpost:49 - PERF_MULTICHIP_DECODE
2026-07-02 23:18:16.806 | INFO     | tracy:signpost:49 - PERF_MULTICHIP_DECODE_END
2026-07-02 23:18:16.806 | INFO     | tracy:signpost:49 - PERF_MULTICHIP_DECODE
2026-07-02 23:18:16.809 | INFO     | tracy:signpost:49 - PERF_MULTICHIP_DECODE_END
2026-07-02 23:18:16.809 | INFO     | tracy:signpost:49 - PERF_MULTICHIP_DECODE
2026-07-02 23:18:16.812 | INFO     | tracy:signpost:49 - PERF_MULTICHIP_DECODE_END
2026-07-02 23:18:16.812 | INFO     | tracy:signpost:49 - PERF_MULTICHIP_DECODE
2026-07-02 23:18:16.815 | INFO     | tracy:signpost:49 - PERF_MULTICHIP_DECODE_END
2026-07-02 23:18:16.815 | INFO     | tracy:signpost:49 - PERF_MULTICHIP_DECODE
2026-07-02 23:18:16.818 | INFO     | tracy:signpost:49 - PERF_MULTICHIP_DECODE_END
2026-07-02 23:18:16.818 | INFO     | tracy:signpost:49 - PERF_MULTICHIP_DECODE
2026-07-02 23:18:16.821 | INFO     | tracy:signpost:49 - PERF_MULTICHIP_DECODE_END
2026-07-02 23:18:16.821 | INFO     | tracy:signpost:49 - PERF_MULTICHIP_DECODE
2026-07-02 23:18:16.824 | INFO     | tracy:signpost:49 - PERF_MULTICHIP_DECODE_END
2026-07-02 23:18:16.824 | INFO     | tracy:signpost:49 - PERF_MULTICHIP_DECODE
2026-07-02 23:18:16.827 | INFO     | tracy:signpost:49 - PERF_MULTICHIP_DECODE_END
2026-07-02 23:18:16.827 | INFO     | tracy:signpost:49 - PERF_MULTICHIP_DECODE
2026-07-02 23:18:16.830 | INFO     | tracy:signpost:49 - PERF_MULTICHIP_DECODE_END
2026-07-02 23:18:16.831 | INFO     | tracy:signpost:49 - PERF_MULTICHIP_DECODE
2026-07-02 23:18:16.833 | INFO     | tracy:signpost:49 - PERF_MULTICHIP_DECODE_END
2026-07-02 23:18:16.834 | INFO     | tracy:signpost:49 - PERF_MULTICHIP_DECODE
2026-07-02 23:18:16.837 | INFO     | tracy:signpost:49 - PERF_MULTICHIP_DECODE_END
2026-07-02 23:18:16.837 | INFO     | tracy:signpost:49 - PERF_MULTICHIP_DECODE
2026-07-02 23:18:16.840 | INFO     | tracy:signpost:49 - PERF_MULTICHIP_DECODE_END
2026-07-02 23:18:16.840 | INFO     | tracy:signpost:49 - PERF_MULTICHIP_DECODE
2026-07-02 23:18:16.843 | INFO     | tracy:signpost:49 - PERF_MULTICHIP_DECODE_END
2026-07-02 23:18:16.843 | INFO     | tracy:signpost:49 - PERF_MULTICHIP_DECODE
2026-07-02 23:18:16.846 | INFO     | tracy:signpost:49 - PERF_MULTICHIP_DECODE_END
2026-07-02 23:18:16.846 | INFO     | tracy:signpost:49 - PERF_MULTICHIP_DECODE
2026-07-02 23:18:16.849 | INFO     | tracy:signpost:49 - PERF_MULTICHIP_DECODE_END
2026-07-02 23:18:16.849 | INFO     | tracy:signpost:49 - PERF_MULTICHIP_DECODE
2026-07-02 23:18:16.852 | INFO     | tracy:signpost:49 - PERF_MULTICHIP_DECODE_END
2026-07-02 23:18:16.852 | INFO     | tracy:signpost:49 - PERF_MULTICHIP_DECODE
2026-07-02 23:18:16.855 | INFO     | tracy:signpost:49 - PERF_MULTICHIP_DECODE_END
2026-07-02 23:18:16.855 | INFO     | tracy:signpost:49 - PERF_MULTICHIP_DECODE
2026-07-02 23:18:16.858 | INFO     | tracy:signpost:49 - PERF_MULTICHIP_DECODE_END
2026-07-02 23:18:16.858 | INFO     | tracy:signpost:49 - PERF_MULTICHIP_DECODE
2026-07-02 23:18:16.861 | INFO     | tracy:signpost:49 - PERF_MULTICHIP_DECODE_END
2026-07-02 23:18:16.861 | INFO     | tracy:signpost:49 - PERF_MULTICHIP_DECODE
2026-07-02 23:18:16.864 | INFO     | tracy:signpost:49 - PERF_MULTICHIP_DECODE_END
2026-07-02 23:18:16.864 | INFO     | tracy:signpost:49 - PERF_MULTICHIP_DECODE
2026-07-02 23:18:16.867 | INFO     | tracy:signpost:49 - PERF_MULTICHIP_DECODE_END
2026-07-02 23:18:16.867 | INFO     | tracy:signpost:49 - PERF_MULTICHIP_DECODE
2026-07-02 23:18:16.870 | INFO     | tracy:signpost:49 - PERF_MULTICHIP_DECODE_END
2026-07-02 23:18:16.870 | INFO     | tracy:signpost:49 - PERF_MULTICHIP_DECODE
2026-07-02 23:18:16.873 | INFO     | tracy:signpost:49 - PERF_MULTICHIP_DECODE_END
2026-07-02 23:18:16.874 | INFO     | tracy:signpost:49 - PERF_MULTICHIP_DECODE
2026-07-02 23:18:16.877 | INFO     | tracy:signpost:49 - PERF_MULTICHIP_DECODE_END
2026-07-02 23:18:16.877 | INFO     | tracy:signpost:49 - PERF_MULTICHIP_DECODE
2026-07-02 23:18:16.879 | INFO     | tracy:signpost:49 - PERF_MULTICHIP_DECODE_END
2026-07-02 23:18:16.880 | INFO     | tracy:signpost:49 - PERF_MULTICHIP_DECODE
2026-07-02 23:18:16.883 | INFO     | tracy:signpost:49 - PERF_MULTICHIP_DECODE_END
2026-07-02 23:18:16.883 | INFO     | tracy:signpost:49 - PERF_MULTICHIP_DECODE
2026-07-02 23:18:16.886 | INFO     | tracy:signpost:49 - PERF_MULTICHIP_DECODE_END
2026-07-02 23:18:16.886 | INFO     | tracy:signpost:49 - PERF_MULTICHIP_DECODE
2026-07-02 23:18:16.889 | INFO     | tracy:signpost:49 - PERF_MULTICHIP_DECODE_END
2026-07-02 23:18:16.889 | INFO     | tracy:signpost:49 - PERF_MULTICHIP_DECODE
2026-07-02 23:18:16.892 | INFO     | tracy:signpost:49 - PERF_MULTICHIP_DECODE_END
2026-07-02 23:18:16.892 | INFO     | tracy:signpost:49 - PERF_MULTICHIP_DECODE
2026-07-02 23:18:16.895 | INFO     | tracy:signpost:49 - PERF_MULTICHIP_DECODE_END
2026-07-02 23:18:16.895 | INFO     | tracy:signpost:49 - PERF_MULTICHIP_DECODE
2026-07-02 23:18:16.898 | INFO     | tracy:signpost:49 - PERF_MULTICHIP_DECODE_END
2026-07-02 23:18:16.898 | INFO     | tracy:signpost:49 - PERF_MULTICHIP_DECODE
2026-07-02 23:18:16.901 | INFO     | tracy:signpost:49 - PERF_MULTICHIP_DECODE_END
2026-07-02 23:18:16.901 | INFO     | tracy:signpost:49 - PERF_MULTICHIP_DECODE
2026-07-02 23:18:16.904 | INFO     | tracy:signpost:49 - PERF_MULTICHIP_DECODE_END
2026-07-02 23:18:16.904 | INFO     | tracy:signpost:49 - PERF_MULTICHIP_DECODE
2026-07-02 23:18:16.907 | INFO     | tracy:signpost:49 - PERF_MULTICHIP_DECODE_END
2026-07-02 23:18:16.907 | INFO     | tracy:signpost:49 - PERF_MULTICHIP_DECODE
2026-07-02 23:18:16.910 | INFO     | tracy:signpost:49 - PERF_MULTICHIP_DECODE_END
2026-07-02 23:18:16.942 | INFO     | tracy:signpost:49 - PERF_MULTICHIP_DECODE
2026-07-02 23:18:16.945 | INFO     | tracy:signpost:49 - PERF_MULTICHIP_DECODE_END
2026-07-02 23:18:16.945 | INFO     | tracy:signpost:49 - PERF_MULTICHIP_DECODE
2026-07-02 23:18:16.948 | INFO     | tracy:signpost:49 - PERF_MULTICHIP_DECODE_END
2026-07-02 23:18:16.949 | INFO     | tracy:signpost:49 - PERF_MULTICHIP_DECODE
2026-07-02 23:18:16.951 | INFO     | tracy:signpost:49 - PERF_MULTICHIP_DECODE_END
2026-07-02 23:18:16.952 | INFO     | tracy:signpost:49 - PERF_MULTICHIP_DECODE
2026-07-02 23:18:16.955 | INFO     | tracy:signpost:49 - PERF_MULTICHIP_DECODE_END
2026-07-02 23:18:16.955 | INFO     | tracy:signpost:49 - PERF_MULTICHIP_DECODE
2026-07-02 23:18:16.958 | INFO     | tracy:signpost:49 - PERF_MULTICHIP_DECODE_END
2026-07-02 23:18:16.958 | INFO     | tracy:signpost:49 - PERF_MULTICHIP_DECODE
2026-07-02 23:18:16.961 | INFO     | tracy:signpost:49 - PERF_MULTICHIP_DECODE_END
2026-07-02 23:18:16.961 | INFO     | tracy:signpost:49 - PERF_MULTICHIP_DECODE
2026-07-02 23:18:16.964 | INFO     | tracy:signpost:49 - PERF_MULTICHIP_DECODE_END
2026-07-02 23:18:16.964 | INFO     | tracy:signpost:49 - PERF_MULTICHIP_DECODE
2026-07-02 23:18:16.967 | INFO     | tracy:signpost:49 - PERF_MULTICHIP_DECODE_END
2026-07-02 23:18:16.967 | INFO     | tracy:signpost:49 - PERF_MULTICHIP_DECODE
2026-07-02 23:18:16.970 | INFO     | tracy:signpost:49 - PERF_MULTICHIP_DECODE_END
2026-07-02 23:18:16.970 | INFO     | tracy:signpost:49 - PERF_MULTICHIP_DECODE
2026-07-02 23:18:16.973 | INFO     | tracy:signpost:49 - PERF_MULTICHIP_DECODE_END
2026-07-02 23:18:16.973 | INFO     | tracy:signpost:49 - PERF_MULTICHIP_DECODE
2026-07-02 23:18:16.976 | INFO     | tracy:signpost:49 - PERF_MULTICHIP_DECODE_END
2026-07-02 23:18:16.976 | INFO     | tracy:signpost:49 - PERF_MULTICHIP_DECODE
2026-07-02 23:18:16.979 | INFO     | tracy:signpost:49 - PERF_MULTICHIP_DECODE_END
2026-07-02 23:18:16.979 | INFO     | tracy:signpost:49 - PERF_MULTICHIP_DECODE
2026-07-02 23:18:16.982 | INFO     | tracy:signpost:49 - PERF_MULTICHIP_DECODE_END
2026-07-02 23:18:16.982 | INFO     | tracy:signpost:49 - PERF_MULTICHIP_DECODE
2026-07-02 23:18:16.985 | INFO     | tracy:signpost:49 - PERF_MULTICHIP_DECODE_END
2026-07-02 23:18:16.985 | INFO     | tracy:signpost:49 - PERF_MULTICHIP_DECODE
2026-07-02 23:18:16.988 | INFO     | tracy:signpost:49 - PERF_MULTICHIP_DECODE_END
2026-07-02 23:18:16.988 | INFO     | tracy:signpost:49 - PERF_MULTICHIP_DECODE
2026-07-02 23:18:16.991 | INFO     | tracy:signpost:49 - PERF_MULTICHIP_DECODE_END
2026-07-02 23:18:16.991 | INFO     | tracy:signpost:49 - PERF_MULTICHIP_DECODE
2026-07-02 23:18:16.994 | INFO     | tracy:signpost:49 - PERF_MULTICHIP_DECODE_END
2026-07-02 23:18:16.994 | INFO     | tracy:signpost:49 - PERF_MULTICHIP_DECODE
2026-07-02 23:18:16.997 | INFO     | tracy:signpost:49 - PERF_MULTICHIP_DECODE_END
2026-07-02 23:18:16.997 | INFO     | tracy:signpost:49 - PERF_MULTICHIP_DECODE
2026-07-02 23:18:17.000 | INFO     | tracy:signpost:49 - PERF_MULTICHIP_DECODE_END
2026-07-02 23:18:17.000 | INFO     | tracy:signpost:49 - PERF_MULTICHIP_DECODE
2026-07-02 23:18:17.003 | INFO     | tracy:signpost:49 - PERF_MULTICHIP_DECODE_END
2026-07-02 23:18:17.003 | INFO     | tracy:signpost:49 - PERF_MULTICHIP_DECODE
2026-07-02 23:18:17.006 | INFO     | tracy:signpost:49 - PERF_MULTICHIP_DECODE_END
2026-07-02 23:18:17.006 | INFO     | tracy:signpost:49 - PERF_MULTICHIP_DECODE
2026-07-02 23:18:17.009 | INFO     | tracy:signpost:49 - PERF_MULTICHIP_DECODE_END
2026-07-02 23:18:17.010 | INFO     | tracy:signpost:49 - PERF_MULTICHIP_DECODE
2026-07-02 23:18:17.012 | INFO     | tracy:signpost:49 - PERF_MULTICHIP_DECODE_END
2026-07-02 23:18:17.013 | INFO     | tracy:signpost:49 - PERF_MULTICHIP_DECODE
2026-07-02 23:18:17.016 | INFO     | tracy:signpost:49 - PERF_MULTICHIP_DECODE_END
2026-07-02 23:18:17.016 | INFO     | tracy:signpost:49 - PERF_MULTICHIP_DECODE
2026-07-02 23:18:17.019 | INFO     | tracy:signpost:49 - PERF_MULTICHIP_DECODE_END
2026-07-02 23:18:17.019 | INFO     | tracy:signpost:49 - PERF_MULTICHIP_DECODE
2026-07-02 23:18:17.022 | INFO     | tracy:signpost:49 - PERF_MULTICHIP_DECODE_END
2026-07-02 23:18:17.022 | INFO     | tracy:signpost:49 - PERF_MULTICHIP_DECODE
2026-07-02 23:18:17.024 | INFO     | tracy:signpost:49 - PERF_MULTICHIP_DECODE_END
2026-07-02 23:18:17.025 | INFO     | tracy:signpost:49 - PERF_MULTICHIP_DECODE
2026-07-02 23:18:17.027 | INFO     | tracy:signpost:49 - PERF_MULTICHIP_DECODE_END
2026-07-02 23:18:17.028 | INFO     | tracy:signpost:49 - PERF_MULTICHIP_DECODE
2026-07-02 23:18:17.031 | INFO     | tracy:signpost:49 - PERF_MULTICHIP_DECODE_END
2026-07-02 23:18:17.031 | INFO     | tracy:signpost:49 - PERF_MULTICHIP_DECODE
2026-07-02 23:18:17.034 | INFO     | tracy:signpost:49 - PERF_MULTICHIP_DECODE_END
2026-07-02 23:18:17.034 | INFO     | tracy:signpost:49 - PERF_MULTICHIP_DECODE
2026-07-02 23:18:17.037 | INFO     | tracy:signpost:49 - PERF_MULTICHIP_DECODE_END
2026-07-02 23:18:17.037 | INFO     | tracy:signpost:49 - PERF_MULTICHIP_DECODE
2026-07-02 23:18:17.040 | INFO     | tracy:signpost:49 - PERF_MULTICHIP_DECODE_END
2026-07-02 23:18:17.040 | INFO     | tracy:signpost:49 - PERF_MULTICHIP_DECODE
2026-07-02 23:18:17.043 | INFO     | tracy:signpost:49 - PERF_MULTICHIP_DECODE_END
2026-07-02 23:18:17.043 | INFO     | tracy:signpost:49 - PERF_MULTICHIP_DECODE
2026-07-02 23:18:17.046 | INFO     | tracy:signpost:49 - PERF_MULTICHIP_DECODE_END
2026-07-02 23:18:17.046 | INFO     | tracy:signpost:49 - PERF_MULTICHIP_DECODE
2026-07-02 23:18:17.049 | INFO     | tracy:signpost:49 - PERF_MULTICHIP_DECODE_END
2026-07-02 23:18:17.049 | INFO     | tracy:signpost:49 - PERF_MULTICHIP_DECODE
2026-07-02 23:18:17.052 | INFO     | tracy:signpost:49 - PERF_MULTICHIP_DECODE_END
2026-07-02 23:18:17.054 | INFO     | tracy:signpost:49 - PERF_MULTICHIP_DECODE
2026-07-02 23:18:17.059 | INFO     | tracy:signpost:49 - PERF_MULTICHIP_DECODE_END
2026-07-02 23:18:17.059 | INFO     | tracy:signpost:49 - PERF_MULTICHIP_DECODE
2026-07-02 23:18:17.061 | INFO     | tracy:signpost:49 - PERF_MULTICHIP_DECODE_END
2026-07-02 23:18:17.061 | INFO     | tracy:signpost:49 - PERF_MULTICHIP_DECODE
2026-07-02 23:18:17.063 | INFO     | tracy:signpost:49 - PERF_MULTICHIP_DECODE_END
2026-07-02 23:18:17.064 | INFO     | tracy:signpost:49 - PERF_MULTICHIP_DECODE
2026-07-02 23:18:17.066 | INFO     | tracy:signpost:49 - PERF_MULTICHIP_DECODE_END
2026-07-02 23:18:17.066 | INFO     | tracy:signpost:49 - PERF_MULTICHIP_DECODE
2026-07-02 23:18:17.068 | INFO     | tracy:signpost:49 - PERF_MULTICHIP_DECODE_END
2026-07-02 23:18:17.068 | INFO     | tracy:signpost:49 - PERF_MULTICHIP_DECODE
2026-07-02 23:18:17.071 | INFO     | tracy:signpost:49 - PERF_MULTICHIP_DECODE_END
2026-07-02 23:18:17.071 | INFO     | tracy:signpost:49 - PERF_MULTICHIP_DECODE
2026-07-02 23:18:17.073 | INFO     | tracy:signpost:49 - PERF_MULTICHIP_DECODE_END
2026-07-02 23:18:17.073 | INFO     | tracy:signpost:49 - PERF_MULTICHIP_DECODE
2026-07-02 23:18:17.076 | INFO     | tracy:signpost:49 - PERF_MULTICHIP_DECODE_END
2026-07-02 23:18:17.076 | INFO     | tracy:signpost:49 - PERF_MULTICHIP_DECODE
2026-07-02 23:18:17.078 | INFO     | tracy:signpost:49 - PERF_MULTICHIP_DECODE_END
2026-07-02 23:18:17.078 | INFO     | tracy:signpost:49 - PERF_MULTICHIP_DECODE
2026-07-02 23:18:17.081 | INFO     | tracy:signpost:49 - PERF_MULTICHIP_DECODE_END
2026-07-02 23:18:17.081 | INFO     | tracy:signpost:49 - PERF_MULTICHIP_DECODE
2026-07-02 23:18:17.083 | INFO     | tracy:signpost:49 - PERF_MULTICHIP_DECODE_END
2026-07-02 23:18:17.083 | INFO     | tracy:signpost:49 - PERF_MULTICHIP_DECODE
2026-07-02 23:18:17.085 | INFO     | tracy:signpost:49 - PERF_MULTICHIP_DECODE_END
2026-07-02 23:18:17.086 | INFO     | tracy:signpost:49 - PERF_MULTICHIP_DECODE
2026-07-02 23:18:17.088 | INFO     | tracy:signpost:49 - PERF_MULTICHIP_DECODE_END
2026-07-02 23:18:17.088 | INFO     | tracy:signpost:49 - PERF_MULTICHIP_DECODE
2026-07-02 23:18:17.090 | INFO     | tracy:signpost:49 - PERF_MULTICHIP_DECODE_END
2026-07-02 23:18:17.090 | INFO     | tracy:signpost:49 - PERF_MULTICHIP_DECODE
2026-07-02 23:18:17.093 | INFO     | tracy:signpost:49 - PERF_MULTICHIP_DECODE_END
2026-07-02 23:18:17.093 | INFO     | tracy:signpost:49 - PERF_MULTICHIP_DECODE
2026-07-02 23:18:17.095 | INFO     | tracy:signpost:49 - PERF_MULTICHIP_DECODE_END
2026-07-02 23:18:17.095 | INFO     | tracy:signpost:49 - PERF_MULTICHIP_DECODE
2026-07-02 23:18:17.098 | INFO     | tracy:signpost:49 - PERF_MULTICHIP_DECODE_END
2026-07-02 23:18:17.098 | INFO     | tracy:signpost:49 - PERF_MULTICHIP_DECODE
2026-07-02 23:18:17.100 | INFO     | tracy:signpost:49 - PERF_MULTICHIP_DECODE_END
2026-07-02 23:18:17.100 | INFO     | tracy:signpost:49 - PERF_MULTICHIP_DECODE
2026-07-02 23:18:17.102 | INFO     | tracy:signpost:49 - PERF_MULTICHIP_DECODE_END
2026-07-02 23:18:17.103 | INFO     | tracy:signpost:49 - PERF_MULTICHIP_DECODE
2026-07-02 23:18:17.105 | INFO     | tracy:signpost:49 - PERF_MULTICHIP_DECODE_END
2026-07-02 23:18:17.105 | INFO     | tracy:signpost:49 - PERF_MULTICHIP_DECODE
2026-07-02 23:18:17.107 | INFO     | tracy:signpost:49 - PERF_MULTICHIP_DECODE_END
2026-07-02 23:18:17.108 | INFO     | tracy:signpost:49 - PERF_MULTICHIP_DECODE
2026-07-02 23:18:17.110 | INFO     | tracy:signpost:49 - PERF_MULTICHIP_DECODE_END
2026-07-02 23:18:17.110 | INFO     | tracy:signpost:49 - PERF_MULTICHIP_DECODE
2026-07-02 23:18:17.112 | INFO     | tracy:signpost:49 - PERF_MULTICHIP_DECODE_END
2026-07-02 23:18:17.112 | INFO     | tracy:signpost:49 - PERF_MULTICHIP_DECODE
2026-07-02 23:18:17.115 | INFO     | tracy:signpost:49 - PERF_MULTICHIP_DECODE_END
2026-07-02 23:18:17.115 | INFO     | tracy:signpost:49 - PERF_MULTICHIP_DECODE
2026-07-02 23:18:17.117 | INFO     | tracy:signpost:49 - PERF_MULTICHIP_DECODE_END
2026-07-02 23:18:17.117 | INFO     | tracy:signpost:49 - PERF_MULTICHIP_DECODE
2026-07-02 23:18:17.120 | INFO     | tracy:signpost:49 - PERF_MULTICHIP_DECODE_END
2026-07-02 23:18:17.120 | INFO     | tracy:signpost:49 - PERF_MULTICHIP_DECODE
2026-07-02 23:18:17.122 | INFO     | tracy:signpost:49 - PERF_MULTICHIP_DECODE_END
2026-07-02 23:18:17.122 | INFO     | tracy:signpost:49 - PERF_MULTICHIP_DECODE
2026-07-02 23:18:17.124 | INFO     | tracy:signpost:49 - PERF_MULTICHIP_DECODE_END
2026-07-02 23:18:17.125 | INFO     | tracy:signpost:49 - PERF_MULTICHIP_DECODE
2026-07-02 23:18:17.127 | INFO     | tracy:signpost:49 - PERF_MULTICHIP_DECODE_END
2026-07-02 23:18:17.127 | INFO     | tracy:signpost:49 - PERF_MULTICHIP_DECODE
2026-07-02 23:18:17.129 | INFO     | tracy:signpost:49 - PERF_MULTICHIP_DECODE_END
2026-07-02 23:18:17.129 | INFO     | tracy:signpost:49 - PERF_MULTICHIP_DECODE
2026-07-02 23:18:17.132 | INFO     | tracy:signpost:49 - PERF_MULTICHIP_DECODE_END
2026-07-02 23:18:17.132 | INFO     | tracy:signpost:49 - PERF_MULTICHIP_DECODE
2026-07-02 23:18:17.134 | INFO     | tracy:signpost:49 - PERF_MULTICHIP_DECODE_END
2026-07-02 23:18:17.134 | INFO     | tracy:signpost:49 - PERF_MULTICHIP_DECODE
2026-07-02 23:18:17.136 | INFO     | tracy:signpost:49 - PERF_MULTICHIP_DECODE_END
2026-07-02 23:18:17.136 | INFO     | tracy:signpost:49 - PERF_MULTICHIP_DECODE
2026-07-02 23:18:17.139 | INFO     | tracy:signpost:49 - PERF_MULTICHIP_DECODE_END
2026-07-02 23:18:17.139 | INFO     | tracy:signpost:49 - PERF_MULTICHIP_DECODE
2026-07-02 23:18:17.141 | INFO     | tracy:signpost:49 - PERF_MULTICHIP_DECODE_END
2026-07-02 23:18:17.141 | INFO     | tracy:signpost:49 - PERF_MULTICHIP_DECODE
2026-07-02 23:18:17.144 | INFO     | tracy:signpost:49 - PERF_MULTICHIP_DECODE_END
entry[0]             top1=0.940 (94/100)  top5=1.000 (100/100)  top100=1.000 (100/100)  TTFT=7150.14ms  decode=62.99 t/s/u  e2e=11.47 t/s/u
AGGREGATE            top1=0.940 (94/100)  top5=1.000 (100/100)  top100=1.000 (100/100)  TTFT=7150.14ms  decode=62.99 t/s/u  e2e=11.47 t/s/u
nanobind: leaked 2 instances!
 - leaked instance 0x7f6d6c0fbf48 of type "ttnn._ttnn.tensor.CoreRangeSet"
 - leaked instance 0x7f6d6c250228 of type "ttnn._ttnn.device.DispatchCoreConfig"
nanobind: leaked 35 types!
 - leaked type "DispatchCoreAxis"
 - leaked type "ttnn._ttnn.device.SubDeviceManagerId"
 - leaked type "MathFidelity"
 - leaked type "ttnn._ttnn.operations.matmul.MatmulMultiCoreReuseMultiCast1DProgramConfig"
 - leaked type "ttnn._ttnn.operations.matmul.MatmulInputs"
 - leaked type "ttnn._ttnn.operations.matmul.MatmulMultiCoreReuseMultiCastBatchedDRAMShardedProgramConfig"
 - leaked type "BufferType"
 - leaked type "UnaryOpType"
 - leaked type "Layout"
 - leaked type "ttnn._ttnn.operations.matmul.MatmulMultiCoreReuseOptimizedProgramFactory"
 - ... skipped remainder
nanobind: leaked 305 functions!
 - leaked function "to_numpy"
 - leaked function "element_size"
 - leaked function "IsProgramRealtimeProfilerActive"
 - leaked function "is_per_core_allocated"
 - leaked function "__getitem__"
 - leaked function "__init__"
 - leaked function ""
 - leaked function "volume"
 - leaked function "deallocate_buffers"
 - leaked function "get_tile"
 - ... skipped remainder
nanobind: this is likely caused by a reference counting issue in the binding code.
See https://nanobind.readthedocs.io/en/latest/refleaks.html2026-07-02 23:18:19.403 | info     |    BuildKernels | JIT cache stats: 296/296 hits (100.0%) [296 cached, 180 build-once dedup, 0 merged artifacts, 0 merged genfiles] (build_cache_telemetry.cpp:207)
2026-07-02 23:18:19.403 | info     |    BuildKernels | JIT telemetry: 3 registered TelemetryTokens (build_cache_telemetry.cpp:230)
2026-07-02 23:18:19.435 | info     |          Device | Closing user mode device drivers (tt_cluster.cpp:512)
2026-07-02 23:18:19.435 | info     |             UMD | Closing devices in cluster (cluster.cpp:1037)
2026-07-02 23:18:20.099 | info     |             UMD | Closing devices in cluster completed. (cluster.cpp:1046)
2026-07-02 23:18:20.099 | info     |             UMD | Cluster destructor started. (cluster.cpp:754)
2026-07-02 23:18:20.099 | info     |             UMD | Cluster destructor completed. (cluster.cpp:757)
