2026-07-02 23:22:45.888 | DEBUG    | ttnn:<module>:79 - Initial ttnn.CONFIG:
Config{cache_path=/home/ubuntu/.cache/ttnn,model_cache_path=/home/ubuntu/.cache/ttnn/models,tmp_dir=/tmp/ttnn,enable_model_cache=false,enable_fast_runtime_mode=true,throw_exception_on_fallback=false,enable_logging=false,enable_graph_report=false,enable_graph_python_stack_traces=false,enable_detailed_buffer_report=false,enable_detailed_tensor_report=false,enable_comparison_mode=false,comparison_mode_should_raise_exception=false,comparison_mode_pcc=0.9999,root_report_path=generated/ttnn/reports,report_name=std::nullopt,std::nullopt}
2026-07-02 23:22:45.969 | info     |          Device | Opening user mode device driver (tt_cluster.cpp:228)
2026-07-02 23:22:45.969 | info     |             UMD | Cluster constructor started. (cluster.cpp:348)
2026-07-02 23:22:45.970 | info     |             UMD | Creating TopologyDiscovery for architecture: blackhole (topology_discovery.cpp:91)
2026-07-02 23:22:45.970 | info     |             UMD | Starting topology discovery. (topology_discovery.cpp:110)
2026-07-02 23:22:45.971 | info     |             UMD | Established firmware bundle version: 19.9.0 (topology_discovery.cpp:569)
2026-07-02 23:22:45.971 | info     |             UMD | Firmware bundle version 19.9.0 on the system is newer than the latest fully tested version 19.5.0 for blackhole architecture. Newest features may not be supported. (topology_discovery.cpp:601)
2026-07-02 23:22:45.975 | info     |             UMD | Completed topology discovery. (topology_discovery.cpp:114)
2026-07-02 23:22:46.142 | info     |             UMD | Opening local chip ids/PCIe ids: {0, 1, 2, 3}/[1, 2, 3, 0] and remote chip ids {} (cluster.cpp:168)
2026-07-02 23:22:46.142 | info     |             UMD | IOMMU: enabled (cluster.cpp:142)
2026-07-02 23:22:46.142 | info     |             UMD | KMD version: 2.4.1 (cluster.cpp:145)
2026-07-02 23:22:46.142 | info     |             UMD | Cluster constructor completed. (cluster.cpp:520)
2026-07-02 23:22:46.146 | info     |             UMD | Starting devices in cluster (cluster.cpp:1024)
2026-07-02 23:22:46.361 | info     |             UMD | Starting devices in cluster completed. (cluster.cpp:1032)
2026-07-02 23:22:46.967 | info     |     Distributed | Using auto discovery to generate mesh graph. (metal_env.cpp:367)
2026-07-02 23:22:46.967 | info     |     Distributed | Constructing control plane using auto-discovery (no mesh graph descriptor). (metal_env.cpp:429)
2026-07-02 23:22:46.967 | info     |          Fabric | Logical multi-mesh adjacency: intermesh degree histogram {0:1}; intra-mesh degree histograms mesh0 {2:4} (topology_mapper_utils.cpp:2342)
2026-07-02 23:22:46.967 | info     |          Fabric | Physical multi-mesh adjacency: intermesh degree histogram {0:1}; intra-mesh degree histograms mesh0 {2:4} (topology_mapper_utils.cpp:2350)
2026-07-02 23:22:46.968 | DEBUG    | ttnn.device:__init__:152 - Using default dispatch core type for this system: DispatchCoreType.WORKER
2026-07-02 23:22:46.968 | DEBUG    | ttnn.device:__init__:154 - Using default dispatch core axis for this system: DispatchCoreAxis.COL
2026-07-02 23:22:46.982 | info     |    BuildKernels | Using pre-compiled firmware from: /home/ubuntu/tt-metal/tt_metal/pre-compiled/13793420398762238087/ (build_env_manager.cpp:347)
2026-07-02 23:22:46.982 | info     |    BuildKernels | Using pre-compiled firmware from: /home/ubuntu/tt-metal/tt_metal/pre-compiled/13793420398762238087/ (build_env_manager.cpp:347)
2026-07-02 23:22:46.982 | info     |    BuildKernels | Using pre-compiled firmware from: /home/ubuntu/tt-metal/tt_metal/pre-compiled/13793420398762238087/ (build_env_manager.cpp:347)
2026-07-02 23:22:46.982 | info     |    BuildKernels | Using pre-compiled firmware from: /home/ubuntu/tt-metal/tt_metal/pre-compiled/13793420398762238087/ (build_env_manager.cpp:347)
2026-07-02 23:22:47.041 | info     |           Metal | Initializing Fabric (fabric_firmware_initializer.cpp:288)
2026-07-02 23:22:47.122 | info     |           Metal | Fabric initialized on Device 0 (device.cpp:429)
2026-07-02 23:22:47.123 | info     |           Metal | Fabric initialized on Device 1 (device.cpp:429)
2026-07-02 23:22:47.124 | info     |           Metal | Fabric initialized on Device 2 (device.cpp:429)
2026-07-02 23:22:47.125 | info     |           Metal | Fabric initialized on Device 3 (device.cpp:429)
2026-07-02 23:22:47.125 | info     |           Metal | Fabric initialized on 4 devices (fabric_firmware_initializer.cpp:435)
2026-07-02 23:22:47.125 | info     |           Metal | Fabric Initialized with config FabricConfig::FABRIC_1D_RING (fabric_firmware_initializer.cpp:305)
2026-07-02 23:22:47.177 | info     |           Metal | ShmResourceTracker: removed orphaned shm '/tt_device_143238002115104_memory' (shm_resource_tracker.cpp:282)
2026-07-02 23:22:47.177 | info     |           Metal | ShmResourceTracker: removed orphaned shm '/tt_device_143238002118688_memory' (shm_resource_tracker.cpp:282)
2026-07-02 23:22:47.177 | info     |           Metal | ShmResourceTracker: removed orphaned shm '/tt_device_143238002114624_memory' (shm_resource_tracker.cpp:282)
2026-07-02 23:22:47.177 | info     |           Metal | ShmResourceTracker: removed orphaned shm '/tt_device_143238002115584_memory' (shm_resource_tracker.cpp:282)
2026-07-02 23:22:47.750 | info     |           Metal | [Real-time profiler] Device 0 sync complete: 100 samples, frequency=1.349987 GHz, device_time_at_sync=1217885678687 cycles (realtime_profiler_manager.cpp:1127)
2026-07-02 23:22:47.761 | info     |           Metal | [Real-time profiler] Device 2 sync complete: 100 samples, frequency=1.349979 GHz, device_time_at_sync=1219188612975 cycles (realtime_profiler_manager.cpp:1127)
2026-07-02 23:22:47.761 | info     |           Metal | [Real-time profiler] Device 1 sync complete: 100 samples, frequency=1.349981 GHz, device_time_at_sync=1219307149051 cycles (realtime_profiler_manager.cpp:1127)
2026-07-02 23:22:47.761 | info     |           Metal | [Real-time profiler] Device 3 sync complete: 100 samples, frequency=1.349979 GHz, device_time_at_sync=1220623657720 cycles (realtime_profiler_manager.cpp:1127)
[transformers] `torch_dtype` is deprecated! Use `dtype` instead!
Loading weights:   0%|          | 0/398 [00:00<?, ?it/s]Loading weights: 100%|██████████| 398/398 [00:00<00:00, 8963.63it/s]
2026-07-02 23:22:55.806 | info     |           Metal | Pinned source memory start address 0x7f66ac2eae28 must be aligned 64 B (dispatch.cpp:1180)
2026-07-02 23:22:55.806 | info     |           Metal | Pinned source memory start address 0x7f66ac2eae28 must be aligned 64 B (dispatch.cpp:1180)
2026-07-02 23:22:55.806 | info     |           Metal | Pinned source memory start address 0x7f66ac2eae28 must be aligned 64 B (dispatch.cpp:1180)
2026-07-02 23:22:55.806 | info     |           Metal | Pinned source memory start address 0x7f66ac2eae28 must be aligned 64 B (dispatch.cpp:1180)
2026-07-02 23:24:22.472 | INFO     | tracy:signpost:49 - PERF_MULTICHIP_PREFILL
2026-07-02 23:24:25.298 | INFO     | tracy:signpost:49 - PERF_MULTICHIP_PREFILL_END
2026-07-02 23:24:25.299 | INFO     | tracy:signpost:49 - PERF_MULTICHIP_PREFILL
2026-07-02 23:24:25.301 | INFO     | tracy:signpost:49 - PERF_MULTICHIP_PREFILL_END
2026-07-02 23:24:25.301 | INFO     | tracy:signpost:49 - PERF_MULTICHIP_PREFILL
2026-07-02 23:24:25.304 | INFO     | tracy:signpost:49 - PERF_MULTICHIP_PREFILL_END
2026-07-02 23:24:25.304 | INFO     | tracy:signpost:49 - PERF_MULTICHIP_PREFILL
2026-07-02 23:24:25.306 | INFO     | tracy:signpost:49 - PERF_MULTICHIP_PREFILL_END
2026-07-02 23:24:25.306 | INFO     | tracy:signpost:49 - PERF_MULTICHIP_PREFILL
2026-07-02 23:24:25.309 | INFO     | tracy:signpost:49 - PERF_MULTICHIP_PREFILL_END
2026-07-02 23:24:25.309 | INFO     | tracy:signpost:49 - PERF_MULTICHIP_PREFILL
2026-07-02 23:24:25.311 | INFO     | tracy:signpost:49 - PERF_MULTICHIP_PREFILL_END
2026-07-02 23:24:25.311 | INFO     | tracy:signpost:49 - PERF_MULTICHIP_PREFILL
2026-07-02 23:24:25.314 | INFO     | tracy:signpost:49 - PERF_MULTICHIP_PREFILL_END
2026-07-02 23:24:25.314 | INFO     | tracy:signpost:49 - PERF_MULTICHIP_PREFILL
2026-07-02 23:24:25.316 | INFO     | tracy:signpost:49 - PERF_MULTICHIP_PREFILL_END
2026-07-02 23:24:25.316 | INFO     | tracy:signpost:49 - PERF_MULTICHIP_PREFILL
2026-07-02 23:24:25.318 | INFO     | tracy:signpost:49 - PERF_MULTICHIP_PREFILL_END
2026-07-02 23:24:25.318 | INFO     | tracy:signpost:49 - PERF_MULTICHIP_PREFILL
2026-07-02 23:24:25.320 | INFO     | tracy:signpost:49 - PERF_MULTICHIP_PREFILL_END
2026-07-02 23:24:25.321 | INFO     | tracy:signpost:49 - PERF_MULTICHIP_PREFILL
2026-07-02 23:24:25.323 | INFO     | tracy:signpost:49 - PERF_MULTICHIP_PREFILL_END
2026-07-02 23:24:25.323 | INFO     | tracy:signpost:49 - PERF_MULTICHIP_PREFILL
2026-07-02 23:24:25.325 | INFO     | tracy:signpost:49 - PERF_MULTICHIP_PREFILL_END
2026-07-02 23:24:25.325 | INFO     | tracy:signpost:49 - PERF_MULTICHIP_PREFILL
2026-07-02 23:24:25.327 | INFO     | tracy:signpost:49 - PERF_MULTICHIP_PREFILL_END
2026-07-02 23:24:25.328 | INFO     | tracy:signpost:49 - PERF_MULTICHIP_PREFILL
2026-07-02 23:24:25.330 | INFO     | tracy:signpost:49 - PERF_MULTICHIP_PREFILL_END
2026-07-02 23:24:25.330 | INFO     | tracy:signpost:49 - PERF_MULTICHIP_PREFILL
2026-07-02 23:24:25.332 | INFO     | tracy:signpost:49 - PERF_MULTICHIP_PREFILL_END
2026-07-02 23:24:25.332 | INFO     | tracy:signpost:49 - PERF_MULTICHIP_PREFILL
2026-07-02 23:24:25.334 | INFO     | tracy:signpost:49 - PERF_MULTICHIP_PREFILL_END
2026-07-02 23:24:25.334 | INFO     | tracy:signpost:49 - PERF_MULTICHIP_PREFILL
2026-07-02 23:24:25.337 | INFO     | tracy:signpost:49 - PERF_MULTICHIP_PREFILL_END
2026-07-02 23:24:25.337 | INFO     | tracy:signpost:49 - PERF_MULTICHIP_PREFILL
2026-07-02 23:24:25.339 | INFO     | tracy:signpost:49 - PERF_MULTICHIP_PREFILL_END
2026-07-02 23:24:25.339 | INFO     | tracy:signpost:49 - PERF_MULTICHIP_PREFILL
2026-07-02 23:24:25.341 | INFO     | tracy:signpost:49 - PERF_MULTICHIP_PREFILL_END
2026-07-02 23:24:25.342 | INFO     | tracy:signpost:49 - PERF_MULTICHIP_PREFILL
2026-07-02 23:24:25.344 | INFO     | tracy:signpost:49 - PERF_MULTICHIP_PREFILL_END
2026-07-02 23:24:25.344 | INFO     | tracy:signpost:49 - PERF_MULTICHIP_PREFILL
2026-07-02 23:24:25.346 | INFO     | tracy:signpost:49 - PERF_MULTICHIP_PREFILL_END
2026-07-02 23:24:25.346 | INFO     | tracy:signpost:49 - PERF_MULTICHIP_PREFILL
2026-07-02 23:24:25.349 | INFO     | tracy:signpost:49 - PERF_MULTICHIP_PREFILL_END
2026-07-02 23:24:25.349 | INFO     | tracy:signpost:49 - PERF_MULTICHIP_PREFILL
2026-07-02 23:24:25.351 | INFO     | tracy:signpost:49 - PERF_MULTICHIP_PREFILL_END
2026-07-02 23:24:25.351 | INFO     | tracy:signpost:49 - PERF_MULTICHIP_PREFILL
2026-07-02 23:24:25.353 | INFO     | tracy:signpost:49 - PERF_MULTICHIP_PREFILL_END
2026-07-02 23:24:25.354 | INFO     | tracy:signpost:49 - PERF_MULTICHIP_PREFILL
2026-07-02 23:24:25.356 | INFO     | tracy:signpost:49 - PERF_MULTICHIP_PREFILL_END
2026-07-02 23:24:25.356 | INFO     | tracy:signpost:49 - PERF_MULTICHIP_PREFILL
2026-07-02 23:24:25.358 | INFO     | tracy:signpost:49 - PERF_MULTICHIP_PREFILL_END
2026-07-02 23:24:25.358 | INFO     | tracy:signpost:49 - PERF_MULTICHIP_PREFILL
2026-07-02 23:24:25.361 | INFO     | tracy:signpost:49 - PERF_MULTICHIP_PREFILL_END
2026-07-02 23:24:25.361 | INFO     | tracy:signpost:49 - PERF_MULTICHIP_PREFILL
2026-07-02 23:24:25.363 | INFO     | tracy:signpost:49 - PERF_MULTICHIP_PREFILL_END
2026-07-02 23:24:25.363 | INFO     | tracy:signpost:49 - PERF_MULTICHIP_PREFILL
2026-07-02 23:24:25.365 | INFO     | tracy:signpost:49 - PERF_MULTICHIP_PREFILL_END
2026-07-02 23:24:25.365 | INFO     | tracy:signpost:49 - PERF_MULTICHIP_PREFILL
2026-07-02 23:24:25.368 | INFO     | tracy:signpost:49 - PERF_MULTICHIP_PREFILL_END
2026-07-02 23:24:25.368 | INFO     | tracy:signpost:49 - PERF_MULTICHIP_PREFILL
2026-07-02 23:24:25.370 | INFO     | tracy:signpost:49 - PERF_MULTICHIP_PREFILL_END
2026-07-02 23:24:25.370 | INFO     | tracy:signpost:49 - PERF_MULTICHIP_PREFILL
2026-07-02 23:24:25.373 | INFO     | tracy:signpost:49 - PERF_MULTICHIP_PREFILL_END
2026-07-02 23:24:25.373 | INFO     | tracy:signpost:49 - PERF_MULTICHIP_PREFILL
2026-07-02 23:24:25.375 | INFO     | tracy:signpost:49 - PERF_MULTICHIP_PREFILL_END
2026-07-02 23:24:25.375 | INFO     | tracy:signpost:49 - PERF_MULTICHIP_PREFILL
2026-07-02 23:24:25.377 | INFO     | tracy:signpost:49 - PERF_MULTICHIP_PREFILL_END
2026-07-02 23:24:25.377 | INFO     | tracy:signpost:49 - PERF_MULTICHIP_PREFILL
2026-07-02 23:24:25.379 | INFO     | tracy:signpost:49 - PERF_MULTICHIP_PREFILL_END
2026-07-02 23:24:25.380 | INFO     | tracy:signpost:49 - PERF_MULTICHIP_PREFILL
2026-07-02 23:24:25.382 | INFO     | tracy:signpost:49 - PERF_MULTICHIP_PREFILL_END
2026-07-02 23:24:26.157 | INFO     | tracy:signpost:49 - PERF_MULTICHIP_DECODE
2026-07-02 23:24:28.943 | INFO     | tracy:signpost:49 - PERF_MULTICHIP_DECODE_END
2026-07-02 23:24:28.944 | INFO     | tracy:signpost:49 - PERF_MULTICHIP_DECODE
2026-07-02 23:24:28.947 | INFO     | tracy:signpost:49 - PERF_MULTICHIP_DECODE_END
2026-07-02 23:24:28.947 | INFO     | tracy:signpost:49 - PERF_MULTICHIP_DECODE
2026-07-02 23:24:28.950 | INFO     | tracy:signpost:49 - PERF_MULTICHIP_DECODE_END
2026-07-02 23:24:28.950 | INFO     | tracy:signpost:49 - PERF_MULTICHIP_DECODE
2026-07-02 23:24:28.953 | INFO     | tracy:signpost:49 - PERF_MULTICHIP_DECODE_END
2026-07-02 23:24:28.953 | INFO     | tracy:signpost:49 - PERF_MULTICHIP_DECODE
2026-07-02 23:24:28.956 | INFO     | tracy:signpost:49 - PERF_MULTICHIP_DECODE_END
2026-07-02 23:24:28.956 | INFO     | tracy:signpost:49 - PERF_MULTICHIP_DECODE
2026-07-02 23:24:28.959 | INFO     | tracy:signpost:49 - PERF_MULTICHIP_DECODE_END
2026-07-02 23:24:28.959 | INFO     | tracy:signpost:49 - PERF_MULTICHIP_DECODE
2026-07-02 23:24:28.962 | INFO     | tracy:signpost:49 - PERF_MULTICHIP_DECODE_END
2026-07-02 23:24:28.962 | INFO     | tracy:signpost:49 - PERF_MULTICHIP_DECODE
2026-07-02 23:24:28.965 | INFO     | tracy:signpost:49 - PERF_MULTICHIP_DECODE_END
2026-07-02 23:24:28.965 | INFO     | tracy:signpost:49 - PERF_MULTICHIP_DECODE
2026-07-02 23:24:28.968 | INFO     | tracy:signpost:49 - PERF_MULTICHIP_DECODE_END
2026-07-02 23:24:28.968 | INFO     | tracy:signpost:49 - PERF_MULTICHIP_DECODE
2026-07-02 23:24:28.971 | INFO     | tracy:signpost:49 - PERF_MULTICHIP_DECODE_END
2026-07-02 23:24:28.971 | INFO     | tracy:signpost:49 - PERF_MULTICHIP_DECODE
2026-07-02 23:24:28.974 | INFO     | tracy:signpost:49 - PERF_MULTICHIP_DECODE_END
2026-07-02 23:24:28.974 | INFO     | tracy:signpost:49 - PERF_MULTICHIP_DECODE
2026-07-02 23:24:28.976 | INFO     | tracy:signpost:49 - PERF_MULTICHIP_DECODE_END
2026-07-02 23:24:28.977 | INFO     | tracy:signpost:49 - PERF_MULTICHIP_DECODE
2026-07-02 23:24:28.979 | INFO     | tracy:signpost:49 - PERF_MULTICHIP_DECODE_END
2026-07-02 23:24:28.980 | INFO     | tracy:signpost:49 - PERF_MULTICHIP_DECODE
2026-07-02 23:24:28.982 | INFO     | tracy:signpost:49 - PERF_MULTICHIP_DECODE_END
2026-07-02 23:24:28.983 | INFO     | tracy:signpost:49 - PERF_MULTICHIP_DECODE
2026-07-02 23:24:28.985 | INFO     | tracy:signpost:49 - PERF_MULTICHIP_DECODE_END
2026-07-02 23:24:28.985 | INFO     | tracy:signpost:49 - PERF_MULTICHIP_DECODE
2026-07-02 23:24:28.988 | INFO     | tracy:signpost:49 - PERF_MULTICHIP_DECODE_END
2026-07-02 23:24:28.988 | INFO     | tracy:signpost:49 - PERF_MULTICHIP_DECODE
2026-07-02 23:24:28.991 | INFO     | tracy:signpost:49 - PERF_MULTICHIP_DECODE_END
2026-07-02 23:24:28.991 | INFO     | tracy:signpost:49 - PERF_MULTICHIP_DECODE
2026-07-02 23:24:28.994 | INFO     | tracy:signpost:49 - PERF_MULTICHIP_DECODE_END
2026-07-02 23:24:28.994 | INFO     | tracy:signpost:49 - PERF_MULTICHIP_DECODE
2026-07-02 23:24:28.997 | INFO     | tracy:signpost:49 - PERF_MULTICHIP_DECODE_END
2026-07-02 23:24:28.997 | INFO     | tracy:signpost:49 - PERF_MULTICHIP_DECODE
2026-07-02 23:24:29.000 | INFO     | tracy:signpost:49 - PERF_MULTICHIP_DECODE_END
2026-07-02 23:24:29.000 | INFO     | tracy:signpost:49 - PERF_MULTICHIP_DECODE
2026-07-02 23:24:29.003 | INFO     | tracy:signpost:49 - PERF_MULTICHIP_DECODE_END
2026-07-02 23:24:29.003 | INFO     | tracy:signpost:49 - PERF_MULTICHIP_DECODE
2026-07-02 23:24:29.006 | INFO     | tracy:signpost:49 - PERF_MULTICHIP_DECODE_END
2026-07-02 23:24:29.006 | INFO     | tracy:signpost:49 - PERF_MULTICHIP_DECODE
2026-07-02 23:24:29.009 | INFO     | tracy:signpost:49 - PERF_MULTICHIP_DECODE_END
2026-07-02 23:24:29.009 | INFO     | tracy:signpost:49 - PERF_MULTICHIP_DECODE
2026-07-02 23:24:29.011 | INFO     | tracy:signpost:49 - PERF_MULTICHIP_DECODE_END
2026-07-02 23:24:29.012 | INFO     | tracy:signpost:49 - PERF_MULTICHIP_DECODE
2026-07-02 23:24:29.014 | INFO     | tracy:signpost:49 - PERF_MULTICHIP_DECODE_END
2026-07-02 23:24:29.014 | INFO     | tracy:signpost:49 - PERF_MULTICHIP_DECODE
2026-07-02 23:24:29.017 | INFO     | tracy:signpost:49 - PERF_MULTICHIP_DECODE_END
2026-07-02 23:24:29.017 | INFO     | tracy:signpost:49 - PERF_MULTICHIP_DECODE
2026-07-02 23:24:29.020 | INFO     | tracy:signpost:49 - PERF_MULTICHIP_DECODE_END
2026-07-02 23:24:29.020 | INFO     | tracy:signpost:49 - PERF_MULTICHIP_DECODE
2026-07-02 23:24:29.023 | INFO     | tracy:signpost:49 - PERF_MULTICHIP_DECODE_END
2026-07-02 23:24:29.023 | INFO     | tracy:signpost:49 - PERF_MULTICHIP_DECODE
2026-07-02 23:24:29.026 | INFO     | tracy:signpost:49 - PERF_MULTICHIP_DECODE_END
2026-07-02 23:24:29.026 | INFO     | tracy:signpost:49 - PERF_MULTICHIP_DECODE
2026-07-02 23:24:29.029 | INFO     | tracy:signpost:49 - PERF_MULTICHIP_DECODE_END
2026-07-02 23:24:29.029 | INFO     | tracy:signpost:49 - PERF_MULTICHIP_DECODE
2026-07-02 23:24:29.032 | INFO     | tracy:signpost:49 - PERF_MULTICHIP_DECODE_END
2026-07-02 23:24:29.032 | INFO     | tracy:signpost:49 - PERF_MULTICHIP_DECODE
2026-07-02 23:24:29.034 | INFO     | tracy:signpost:49 - PERF_MULTICHIP_DECODE_END
2026-07-02 23:24:29.035 | INFO     | tracy:signpost:49 - PERF_MULTICHIP_DECODE
2026-07-02 23:24:29.037 | INFO     | tracy:signpost:49 - PERF_MULTICHIP_DECODE_END
2026-07-02 23:24:29.037 | INFO     | tracy:signpost:49 - PERF_MULTICHIP_DECODE
2026-07-02 23:24:29.040 | INFO     | tracy:signpost:49 - PERF_MULTICHIP_DECODE_END
2026-07-02 23:24:29.040 | INFO     | tracy:signpost:49 - PERF_MULTICHIP_DECODE
2026-07-02 23:24:29.043 | INFO     | tracy:signpost:49 - PERF_MULTICHIP_DECODE_END
2026-07-02 23:24:29.043 | INFO     | tracy:signpost:49 - PERF_MULTICHIP_DECODE
2026-07-02 23:24:29.046 | INFO     | tracy:signpost:49 - PERF_MULTICHIP_DECODE_END
2026-07-02 23:24:29.080 | INFO     | tracy:signpost:49 - PERF_MULTICHIP_DECODE
2026-07-02 23:24:29.082 | INFO     | tracy:signpost:49 - PERF_MULTICHIP_DECODE_END
2026-07-02 23:24:29.083 | INFO     | tracy:signpost:49 - PERF_MULTICHIP_DECODE
2026-07-02 23:24:29.085 | INFO     | tracy:signpost:49 - PERF_MULTICHIP_DECODE_END
2026-07-02 23:24:29.086 | INFO     | tracy:signpost:49 - PERF_MULTICHIP_DECODE
2026-07-02 23:24:29.088 | INFO     | tracy:signpost:49 - PERF_MULTICHIP_DECODE_END
2026-07-02 23:24:29.089 | INFO     | tracy:signpost:49 - PERF_MULTICHIP_DECODE
2026-07-02 23:24:29.091 | INFO     | tracy:signpost:49 - PERF_MULTICHIP_DECODE_END
2026-07-02 23:24:29.092 | INFO     | tracy:signpost:49 - PERF_MULTICHIP_DECODE
2026-07-02 23:24:29.094 | INFO     | tracy:signpost:49 - PERF_MULTICHIP_DECODE_END
2026-07-02 23:24:29.094 | INFO     | tracy:signpost:49 - PERF_MULTICHIP_DECODE
2026-07-02 23:24:29.097 | INFO     | tracy:signpost:49 - PERF_MULTICHIP_DECODE_END
2026-07-02 23:24:29.097 | INFO     | tracy:signpost:49 - PERF_MULTICHIP_DECODE
2026-07-02 23:24:29.100 | INFO     | tracy:signpost:49 - PERF_MULTICHIP_DECODE_END
2026-07-02 23:24:29.100 | INFO     | tracy:signpost:49 - PERF_MULTICHIP_DECODE
2026-07-02 23:24:29.103 | INFO     | tracy:signpost:49 - PERF_MULTICHIP_DECODE_END
2026-07-02 23:24:29.103 | INFO     | tracy:signpost:49 - PERF_MULTICHIP_DECODE
2026-07-02 23:24:29.106 | INFO     | tracy:signpost:49 - PERF_MULTICHIP_DECODE_END
2026-07-02 23:24:29.106 | INFO     | tracy:signpost:49 - PERF_MULTICHIP_DECODE
2026-07-02 23:24:29.108 | INFO     | tracy:signpost:49 - PERF_MULTICHIP_DECODE_END
2026-07-02 23:24:29.109 | INFO     | tracy:signpost:49 - PERF_MULTICHIP_DECODE
2026-07-02 23:24:29.111 | INFO     | tracy:signpost:49 - PERF_MULTICHIP_DECODE_END
2026-07-02 23:24:29.111 | INFO     | tracy:signpost:49 - PERF_MULTICHIP_DECODE
2026-07-02 23:24:29.114 | INFO     | tracy:signpost:49 - PERF_MULTICHIP_DECODE_END
2026-07-02 23:24:29.114 | INFO     | tracy:signpost:49 - PERF_MULTICHIP_DECODE
2026-07-02 23:24:29.117 | INFO     | tracy:signpost:49 - PERF_MULTICHIP_DECODE_END
2026-07-02 23:24:29.117 | INFO     | tracy:signpost:49 - PERF_MULTICHIP_DECODE
2026-07-02 23:24:29.120 | INFO     | tracy:signpost:49 - PERF_MULTICHIP_DECODE_END
2026-07-02 23:24:29.120 | INFO     | tracy:signpost:49 - PERF_MULTICHIP_DECODE
2026-07-02 23:24:29.123 | INFO     | tracy:signpost:49 - PERF_MULTICHIP_DECODE_END
2026-07-02 23:24:29.123 | INFO     | tracy:signpost:49 - PERF_MULTICHIP_DECODE
2026-07-02 23:24:29.125 | INFO     | tracy:signpost:49 - PERF_MULTICHIP_DECODE_END
2026-07-02 23:24:29.126 | INFO     | tracy:signpost:49 - PERF_MULTICHIP_DECODE
2026-07-02 23:24:29.128 | INFO     | tracy:signpost:49 - PERF_MULTICHIP_DECODE_END
2026-07-02 23:24:29.128 | INFO     | tracy:signpost:49 - PERF_MULTICHIP_DECODE
2026-07-02 23:24:29.131 | INFO     | tracy:signpost:49 - PERF_MULTICHIP_DECODE_END
2026-07-02 23:24:29.131 | INFO     | tracy:signpost:49 - PERF_MULTICHIP_DECODE
2026-07-02 23:24:29.134 | INFO     | tracy:signpost:49 - PERF_MULTICHIP_DECODE_END
2026-07-02 23:24:29.134 | INFO     | tracy:signpost:49 - PERF_MULTICHIP_DECODE
2026-07-02 23:24:29.137 | INFO     | tracy:signpost:49 - PERF_MULTICHIP_DECODE_END
2026-07-02 23:24:29.137 | INFO     | tracy:signpost:49 - PERF_MULTICHIP_DECODE
2026-07-02 23:24:29.140 | INFO     | tracy:signpost:49 - PERF_MULTICHIP_DECODE_END
2026-07-02 23:24:29.140 | INFO     | tracy:signpost:49 - PERF_MULTICHIP_DECODE
2026-07-02 23:24:29.143 | INFO     | tracy:signpost:49 - PERF_MULTICHIP_DECODE_END
2026-07-02 23:24:29.143 | INFO     | tracy:signpost:49 - PERF_MULTICHIP_DECODE
2026-07-02 23:24:29.146 | INFO     | tracy:signpost:49 - PERF_MULTICHIP_DECODE_END
2026-07-02 23:24:29.146 | INFO     | tracy:signpost:49 - PERF_MULTICHIP_DECODE
2026-07-02 23:24:29.149 | INFO     | tracy:signpost:49 - PERF_MULTICHIP_DECODE_END
2026-07-02 23:24:29.149 | INFO     | tracy:signpost:49 - PERF_MULTICHIP_DECODE
2026-07-02 23:24:29.152 | INFO     | tracy:signpost:49 - PERF_MULTICHIP_DECODE_END
2026-07-02 23:24:29.152 | INFO     | tracy:signpost:49 - PERF_MULTICHIP_DECODE
2026-07-02 23:24:29.154 | INFO     | tracy:signpost:49 - PERF_MULTICHIP_DECODE_END
2026-07-02 23:24:29.154 | INFO     | tracy:signpost:49 - PERF_MULTICHIP_DECODE
2026-07-02 23:24:29.157 | INFO     | tracy:signpost:49 - PERF_MULTICHIP_DECODE_END
2026-07-02 23:24:29.157 | INFO     | tracy:signpost:49 - PERF_MULTICHIP_DECODE
2026-07-02 23:24:29.160 | INFO     | tracy:signpost:49 - PERF_MULTICHIP_DECODE_END
2026-07-02 23:24:29.160 | INFO     | tracy:signpost:49 - PERF_MULTICHIP_DECODE
2026-07-02 23:24:29.163 | INFO     | tracy:signpost:49 - PERF_MULTICHIP_DECODE_END
2026-07-02 23:24:29.163 | INFO     | tracy:signpost:49 - PERF_MULTICHIP_DECODE
2026-07-02 23:24:29.166 | INFO     | tracy:signpost:49 - PERF_MULTICHIP_DECODE_END
2026-07-02 23:24:29.166 | INFO     | tracy:signpost:49 - PERF_MULTICHIP_DECODE
2026-07-02 23:24:29.169 | INFO     | tracy:signpost:49 - PERF_MULTICHIP_DECODE_END
2026-07-02 23:24:29.169 | INFO     | tracy:signpost:49 - PERF_MULTICHIP_DECODE
2026-07-02 23:24:29.171 | INFO     | tracy:signpost:49 - PERF_MULTICHIP_DECODE_END
2026-07-02 23:24:29.172 | INFO     | tracy:signpost:49 - PERF_MULTICHIP_DECODE
2026-07-02 23:24:29.174 | INFO     | tracy:signpost:49 - PERF_MULTICHIP_DECODE_END
2026-07-02 23:24:29.174 | INFO     | tracy:signpost:49 - PERF_MULTICHIP_DECODE
2026-07-02 23:24:29.177 | INFO     | tracy:signpost:49 - PERF_MULTICHIP_DECODE_END
2026-07-02 23:24:29.177 | INFO     | tracy:signpost:49 - PERF_MULTICHIP_DECODE
2026-07-02 23:24:29.180 | INFO     | tracy:signpost:49 - PERF_MULTICHIP_DECODE_END
2026-07-02 23:24:29.180 | INFO     | tracy:signpost:49 - PERF_MULTICHIP_DECODE
2026-07-02 23:24:29.183 | INFO     | tracy:signpost:49 - PERF_MULTICHIP_DECODE_END
2026-07-02 23:24:29.185 | INFO     | tracy:signpost:49 - PERF_MULTICHIP_DECODE
2026-07-02 23:24:29.189 | INFO     | tracy:signpost:49 - PERF_MULTICHIP_DECODE_END
2026-07-02 23:24:29.189 | INFO     | tracy:signpost:49 - PERF_MULTICHIP_DECODE
2026-07-02 23:24:29.191 | INFO     | tracy:signpost:49 - PERF_MULTICHIP_DECODE_END
2026-07-02 23:24:29.192 | INFO     | tracy:signpost:49 - PERF_MULTICHIP_DECODE
2026-07-02 23:24:29.194 | INFO     | tracy:signpost:49 - PERF_MULTICHIP_DECODE_END
2026-07-02 23:24:29.194 | INFO     | tracy:signpost:49 - PERF_MULTICHIP_DECODE
2026-07-02 23:24:29.196 | INFO     | tracy:signpost:49 - PERF_MULTICHIP_DECODE_END
2026-07-02 23:24:29.196 | INFO     | tracy:signpost:49 - PERF_MULTICHIP_DECODE
2026-07-02 23:24:29.198 | INFO     | tracy:signpost:49 - PERF_MULTICHIP_DECODE_END
2026-07-02 23:24:29.199 | INFO     | tracy:signpost:49 - PERF_MULTICHIP_DECODE
2026-07-02 23:24:29.201 | INFO     | tracy:signpost:49 - PERF_MULTICHIP_DECODE_END
2026-07-02 23:24:29.201 | INFO     | tracy:signpost:49 - PERF_MULTICHIP_DECODE
2026-07-02 23:24:29.203 | INFO     | tracy:signpost:49 - PERF_MULTICHIP_DECODE_END
2026-07-02 23:24:29.203 | INFO     | tracy:signpost:49 - PERF_MULTICHIP_DECODE
2026-07-02 23:24:29.206 | INFO     | tracy:signpost:49 - PERF_MULTICHIP_DECODE_END
2026-07-02 23:24:29.206 | INFO     | tracy:signpost:49 - PERF_MULTICHIP_DECODE
2026-07-02 23:24:29.208 | INFO     | tracy:signpost:49 - PERF_MULTICHIP_DECODE_END
2026-07-02 23:24:29.208 | INFO     | tracy:signpost:49 - PERF_MULTICHIP_DECODE
2026-07-02 23:24:29.210 | INFO     | tracy:signpost:49 - PERF_MULTICHIP_DECODE_END
2026-07-02 23:24:29.210 | INFO     | tracy:signpost:49 - PERF_MULTICHIP_DECODE
2026-07-02 23:24:29.213 | INFO     | tracy:signpost:49 - PERF_MULTICHIP_DECODE_END
2026-07-02 23:24:29.213 | INFO     | tracy:signpost:49 - PERF_MULTICHIP_DECODE
2026-07-02 23:24:29.215 | INFO     | tracy:signpost:49 - PERF_MULTICHIP_DECODE_END
2026-07-02 23:24:29.215 | INFO     | tracy:signpost:49 - PERF_MULTICHIP_DECODE
2026-07-02 23:24:29.217 | INFO     | tracy:signpost:49 - PERF_MULTICHIP_DECODE_END
2026-07-02 23:24:29.217 | INFO     | tracy:signpost:49 - PERF_MULTICHIP_DECODE
2026-07-02 23:24:29.219 | INFO     | tracy:signpost:49 - PERF_MULTICHIP_DECODE_END
2026-07-02 23:24:29.220 | INFO     | tracy:signpost:49 - PERF_MULTICHIP_DECODE
2026-07-02 23:24:29.222 | INFO     | tracy:signpost:49 - PERF_MULTICHIP_DECODE_END
2026-07-02 23:24:29.222 | INFO     | tracy:signpost:49 - PERF_MULTICHIP_DECODE
2026-07-02 23:24:29.224 | INFO     | tracy:signpost:49 - PERF_MULTICHIP_DECODE_END
2026-07-02 23:24:29.224 | INFO     | tracy:signpost:49 - PERF_MULTICHIP_DECODE
2026-07-02 23:24:29.226 | INFO     | tracy:signpost:49 - PERF_MULTICHIP_DECODE_END
2026-07-02 23:24:29.227 | INFO     | tracy:signpost:49 - PERF_MULTICHIP_DECODE
2026-07-02 23:24:29.229 | INFO     | tracy:signpost:49 - PERF_MULTICHIP_DECODE_END
2026-07-02 23:24:29.229 | INFO     | tracy:signpost:49 - PERF_MULTICHIP_DECODE
2026-07-02 23:24:29.231 | INFO     | tracy:signpost:49 - PERF_MULTICHIP_DECODE_END
2026-07-02 23:24:29.231 | INFO     | tracy:signpost:49 - PERF_MULTICHIP_DECODE
2026-07-02 23:24:29.233 | INFO     | tracy:signpost:49 - PERF_MULTICHIP_DECODE_END
2026-07-02 23:24:29.234 | INFO     | tracy:signpost:49 - PERF_MULTICHIP_DECODE
2026-07-02 23:24:29.236 | INFO     | tracy:signpost:49 - PERF_MULTICHIP_DECODE_END
2026-07-02 23:24:29.236 | INFO     | tracy:signpost:49 - PERF_MULTICHIP_DECODE
2026-07-02 23:24:29.238 | INFO     | tracy:signpost:49 - PERF_MULTICHIP_DECODE_END
2026-07-02 23:24:29.238 | INFO     | tracy:signpost:49 - PERF_MULTICHIP_DECODE
2026-07-02 23:24:29.240 | INFO     | tracy:signpost:49 - PERF_MULTICHIP_DECODE_END
2026-07-02 23:24:29.241 | INFO     | tracy:signpost:49 - PERF_MULTICHIP_DECODE
2026-07-02 23:24:29.243 | INFO     | tracy:signpost:49 - PERF_MULTICHIP_DECODE_END
2026-07-02 23:24:29.243 | INFO     | tracy:signpost:49 - PERF_MULTICHIP_DECODE
2026-07-02 23:24:29.245 | INFO     | tracy:signpost:49 - PERF_MULTICHIP_DECODE_END
2026-07-02 23:24:29.245 | INFO     | tracy:signpost:49 - PERF_MULTICHIP_DECODE
2026-07-02 23:24:29.247 | INFO     | tracy:signpost:49 - PERF_MULTICHIP_DECODE_END
2026-07-02 23:24:29.247 | INFO     | tracy:signpost:49 - PERF_MULTICHIP_DECODE
2026-07-02 23:24:29.250 | INFO     | tracy:signpost:49 - PERF_MULTICHIP_DECODE_END
2026-07-02 23:24:29.250 | INFO     | tracy:signpost:49 - PERF_MULTICHIP_DECODE
2026-07-02 23:24:29.252 | INFO     | tracy:signpost:49 - PERF_MULTICHIP_DECODE_END
2026-07-02 23:24:29.252 | INFO     | tracy:signpost:49 - PERF_MULTICHIP_DECODE
2026-07-02 23:24:29.254 | INFO     | tracy:signpost:49 - PERF_MULTICHIP_DECODE_END
2026-07-02 23:24:29.254 | INFO     | tracy:signpost:49 - PERF_MULTICHIP_DECODE
2026-07-02 23:24:29.257 | INFO     | tracy:signpost:49 - PERF_MULTICHIP_DECODE_END
2026-07-02 23:24:29.257 | INFO     | tracy:signpost:49 - PERF_MULTICHIP_DECODE
2026-07-02 23:24:29.259 | INFO     | tracy:signpost:49 - PERF_MULTICHIP_DECODE_END
2026-07-02 23:24:29.259 | INFO     | tracy:signpost:49 - PERF_MULTICHIP_DECODE
2026-07-02 23:24:29.261 | INFO     | tracy:signpost:49 - PERF_MULTICHIP_DECODE_END
2026-07-02 23:24:29.262 | INFO     | tracy:signpost:49 - PERF_MULTICHIP_DECODE
2026-07-02 23:24:29.264 | INFO     | tracy:signpost:49 - PERF_MULTICHIP_DECODE_END
2026-07-02 23:24:29.264 | INFO     | tracy:signpost:49 - PERF_MULTICHIP_DECODE
2026-07-02 23:24:29.266 | INFO     | tracy:signpost:49 - PERF_MULTICHIP_DECODE_END
2026-07-02 23:24:29.266 | INFO     | tracy:signpost:49 - PERF_MULTICHIP_DECODE
2026-07-02 23:24:29.269 | INFO     | tracy:signpost:49 - PERF_MULTICHIP_DECODE_END
2026-07-02 23:24:29.269 | INFO     | tracy:signpost:49 - PERF_MULTICHIP_DECODE
2026-07-02 23:24:29.271 | INFO     | tracy:signpost:49 - PERF_MULTICHIP_DECODE_END
entry[0]             top1=0.980 (98/100)  top5=1.000 (100/100)  top100=1.000 (100/100)  TTFT=4232.39ms  decode=23.02 t/s/u  e2e=11.72 t/s/u
AGGREGATE            top1=0.980 (98/100)  top5=1.000 (100/100)  top100=1.000 (100/100)  TTFT=4232.39ms  decode=23.02 t/s/u  e2e=11.72 t/s/u
nanobind: leaked 2 instances!
 - leaked instance 0x7f8aa48080d8 of type "ttnn._ttnn.device.DispatchCoreConfig"
 - leaked instance 0x7f8aa46a7eb8 of type "ttnn._ttnn.tensor.CoreRangeSet"
nanobind: leaked 35 types!
 - leaked type "DispatchCoreAxis"
 - leaked type "ttnn._ttnn.device.SubDeviceManagerId"
 - leaked type "MathFidelity"
 - leaked type "ttnn._ttnn.operations.matmul.MatmulMultiCoreReuseMultiCast1DProgramConfig"
 - leaked type "ttnn._ttnn.operations.matmul.MatmulInputs"
 - leaked type "ttnn._ttnn.operations.matmul.MatmulMultiCoreReuseMultiCastBatchedDRAMShardedProgramConfig"
 - leaked type "BufferType"
 - leaked type "UnaryOpType"
 - leaked type "Layout"
 - leaked type "ttnn._ttnn.operations.matmul.MatmulMultiCoreReuseOptimizedProgramFactory"
 - ... skipped remainder
nanobind: leaked 305 functions!
 - leaked function "reshape"
 - leaked function ""
 - leaked function "num_cores"
 - leaked function ""
 - leaked function "is_asynchronous_slow_dispatch_enabled"
 - leaked function ""
 - leaked function "clear_program_cache"
 - leaked function "__init__"
 - leaked function ""
 - leaked function ""
 - ... skipped remainder
nanobind: this is likely caused by a reference counting issue in the binding code.
See https://nanobind.readthedocs.io/en/latest/refleaks.html2026-07-02 23:24:31.636 | info     |    BuildKernels | JIT cache stats: 263/290 hits (90.7%) [263 cached, 178 build-once dedup, 0 merged artifacts, 0 merged genfiles] (build_cache_telemetry.cpp:207)
2026-07-02 23:24:31.636 | info     |    BuildKernels | JIT telemetry: 3 registered TelemetryTokens (build_cache_telemetry.cpp:230)
2026-07-02 23:24:31.661 | info     |          Device | Closing user mode device drivers (tt_cluster.cpp:512)
2026-07-02 23:24:31.661 | info     |             UMD | Closing devices in cluster (cluster.cpp:1037)
2026-07-02 23:24:32.336 | info     |             UMD | Closing devices in cluster completed. (cluster.cpp:1046)
2026-07-02 23:24:32.336 | info     |             UMD | Cluster destructor started. (cluster.cpp:754)
2026-07-02 23:24:32.336 | info     |             UMD | Cluster destructor completed. (cluster.cpp:757)
