2026-07-02 23:20:44.516 | DEBUG    | ttnn:<module>:79 - Initial ttnn.CONFIG:
Config{cache_path=/home/ubuntu/.cache/ttnn,model_cache_path=/home/ubuntu/.cache/ttnn/models,tmp_dir=/tmp/ttnn,enable_model_cache=false,enable_fast_runtime_mode=true,throw_exception_on_fallback=false,enable_logging=false,enable_graph_report=false,enable_graph_python_stack_traces=false,enable_detailed_buffer_report=false,enable_detailed_tensor_report=false,enable_comparison_mode=false,comparison_mode_should_raise_exception=false,comparison_mode_pcc=0.9999,root_report_path=generated/ttnn/reports,report_name=std::nullopt,std::nullopt}
2026-07-02 23:20:44.597 | info     |          Device | Opening user mode device driver (tt_cluster.cpp:228)
2026-07-02 23:20:44.597 | info     |             UMD | Cluster constructor started. (cluster.cpp:348)
2026-07-02 23:20:44.597 | info     |             UMD | Creating TopologyDiscovery for architecture: blackhole (topology_discovery.cpp:91)
2026-07-02 23:20:44.597 | info     |             UMD | Starting topology discovery. (topology_discovery.cpp:110)
2026-07-02 23:20:44.598 | info     |             UMD | Established firmware bundle version: 19.9.0 (topology_discovery.cpp:569)
2026-07-02 23:20:44.598 | info     |             UMD | Firmware bundle version 19.9.0 on the system is newer than the latest fully tested version 19.5.0 for blackhole architecture. Newest features may not be supported. (topology_discovery.cpp:601)
2026-07-02 23:20:44.602 | info     |             UMD | Completed topology discovery. (topology_discovery.cpp:114)
2026-07-02 23:20:44.770 | info     |             UMD | Opening local chip ids/PCIe ids: {0, 1, 2, 3}/[1, 2, 3, 0] and remote chip ids {} (cluster.cpp:168)
2026-07-02 23:20:44.770 | info     |             UMD | IOMMU: enabled (cluster.cpp:142)
2026-07-02 23:20:44.770 | info     |             UMD | KMD version: 2.4.1 (cluster.cpp:145)
2026-07-02 23:20:44.770 | info     |             UMD | Cluster constructor completed. (cluster.cpp:520)
2026-07-02 23:20:44.773 | info     |             UMD | Starting devices in cluster (cluster.cpp:1024)
2026-07-02 23:20:45.045 | info     |             UMD | Starting devices in cluster completed. (cluster.cpp:1032)
2026-07-02 23:20:45.646 | info     |     Distributed | Using auto discovery to generate mesh graph. (metal_env.cpp:367)
2026-07-02 23:20:45.646 | info     |     Distributed | Constructing control plane using auto-discovery (no mesh graph descriptor). (metal_env.cpp:429)
2026-07-02 23:20:45.647 | info     |          Fabric | Logical multi-mesh adjacency: intermesh degree histogram {0:1}; intra-mesh degree histograms mesh0 {2:4} (topology_mapper_utils.cpp:2342)
2026-07-02 23:20:45.647 | info     |          Fabric | Physical multi-mesh adjacency: intermesh degree histogram {0:1}; intra-mesh degree histograms mesh0 {2:4} (topology_mapper_utils.cpp:2350)
2026-07-02 23:20:45.648 | DEBUG    | ttnn.device:__init__:152 - Using default dispatch core type for this system: DispatchCoreType.WORKER
2026-07-02 23:20:45.648 | DEBUG    | ttnn.device:__init__:154 - Using default dispatch core axis for this system: DispatchCoreAxis.COL
2026-07-02 23:20:45.663 | info     |    BuildKernels | Using pre-compiled firmware from: /home/ubuntu/tt-metal/tt_metal/pre-compiled/13793420398762238087/ (build_env_manager.cpp:347)
2026-07-02 23:20:45.663 | info     |    BuildKernels | Using pre-compiled firmware from: /home/ubuntu/tt-metal/tt_metal/pre-compiled/13793420398762238087/ (build_env_manager.cpp:347)
2026-07-02 23:20:45.663 | info     |    BuildKernels | Using pre-compiled firmware from: /home/ubuntu/tt-metal/tt_metal/pre-compiled/13793420398762238087/ (build_env_manager.cpp:347)
2026-07-02 23:20:45.663 | info     |    BuildKernels | Using pre-compiled firmware from: /home/ubuntu/tt-metal/tt_metal/pre-compiled/13793420398762238087/ (build_env_manager.cpp:347)
2026-07-02 23:20:45.721 | info     |           Metal | Initializing Fabric (fabric_firmware_initializer.cpp:288)
2026-07-02 23:20:45.786 | info     |           Metal | Fabric initialized on Device 0 (device.cpp:429)
2026-07-02 23:20:45.787 | info     |           Metal | Fabric initialized on Device 1 (device.cpp:429)
2026-07-02 23:20:45.789 | info     |           Metal | Fabric initialized on Device 2 (device.cpp:429)
2026-07-02 23:20:45.790 | info     |           Metal | Fabric initialized on Device 3 (device.cpp:429)
2026-07-02 23:20:45.790 | info     |           Metal | Fabric initialized on 4 devices (fabric_firmware_initializer.cpp:435)
2026-07-02 23:20:45.790 | info     |           Metal | Fabric Initialized with config FabricConfig::FABRIC_1D_RING (fabric_firmware_initializer.cpp:305)
2026-07-02 23:20:45.845 | info     |           Metal | ShmResourceTracker: removed orphaned shm '/tt_device_143238002115104_memory' (shm_resource_tracker.cpp:282)
2026-07-02 23:20:45.845 | info     |           Metal | ShmResourceTracker: removed orphaned shm '/tt_device_143238002118688_memory' (shm_resource_tracker.cpp:282)
2026-07-02 23:20:45.845 | info     |           Metal | ShmResourceTracker: removed orphaned shm '/tt_device_143238002114624_memory' (shm_resource_tracker.cpp:282)
2026-07-02 23:20:45.845 | info     |           Metal | ShmResourceTracker: removed orphaned shm '/tt_device_143238002115584_memory' (shm_resource_tracker.cpp:282)
2026-07-02 23:20:46.416 | info     |           Metal | [Real-time profiler] Device 2 sync complete: 100 samples, frequency=1.349970 GHz, device_time_at_sync=1063389732308 cycles (realtime_profiler_manager.cpp:1127)
2026-07-02 23:20:46.419 | info     |           Metal | [Real-time profiler] Device 1 sync complete: 100 samples, frequency=1.349987 GHz, device_time_at_sync=1063501387745 cycles (realtime_profiler_manager.cpp:1127)
2026-07-02 23:20:46.429 | info     |           Metal | [Real-time profiler] Device 0 sync complete: 100 samples, frequency=1.349985 GHz, device_time_at_sync=1062222408872 cycles (realtime_profiler_manager.cpp:1127)
2026-07-02 23:20:46.429 | info     |           Metal | [Real-time profiler] Device 3 sync complete: 100 samples, frequency=1.349980 GHz, device_time_at_sync=1064631230185 cycles (realtime_profiler_manager.cpp:1127)
[transformers] `torch_dtype` is deprecated! Use `dtype` instead!
Loading weights:   0%|          | 0/398 [00:00<?, ?it/s]Loading weights: 100%|██████████| 398/398 [00:00<00:00, 9107.11it/s]
2026-07-02 23:20:54.404 | info     |           Metal | Pinned source memory start address 0x7f6e782eae28 must be aligned 64 B (dispatch.cpp:1180)
2026-07-02 23:20:54.404 | info     |           Metal | Pinned source memory start address 0x7f6e782eae28 must be aligned 64 B (dispatch.cpp:1180)
2026-07-02 23:20:54.404 | info     |           Metal | Pinned source memory start address 0x7f6e782eae28 must be aligned 64 B (dispatch.cpp:1180)
2026-07-02 23:20:54.404 | info     |           Metal | Pinned source memory start address 0x7f6e782eae28 must be aligned 64 B (dispatch.cpp:1180)
2026-07-02 23:22:22.279 | INFO     | tracy:signpost:49 - PERF_MULTICHIP_PREFILL
2026-07-02 23:22:25.085 | INFO     | tracy:signpost:49 - PERF_MULTICHIP_PREFILL_END
2026-07-02 23:22:25.086 | INFO     | tracy:signpost:49 - PERF_MULTICHIP_PREFILL
2026-07-02 23:22:25.088 | INFO     | tracy:signpost:49 - PERF_MULTICHIP_PREFILL_END
2026-07-02 23:22:25.088 | INFO     | tracy:signpost:49 - PERF_MULTICHIP_PREFILL
2026-07-02 23:22:25.091 | INFO     | tracy:signpost:49 - PERF_MULTICHIP_PREFILL_END
2026-07-02 23:22:25.091 | INFO     | tracy:signpost:49 - PERF_MULTICHIP_PREFILL
2026-07-02 23:22:25.093 | INFO     | tracy:signpost:49 - PERF_MULTICHIP_PREFILL_END
2026-07-02 23:22:25.093 | INFO     | tracy:signpost:49 - PERF_MULTICHIP_PREFILL
2026-07-02 23:22:25.095 | INFO     | tracy:signpost:49 - PERF_MULTICHIP_PREFILL_END
2026-07-02 23:22:25.096 | INFO     | tracy:signpost:49 - PERF_MULTICHIP_PREFILL
2026-07-02 23:22:25.098 | INFO     | tracy:signpost:49 - PERF_MULTICHIP_PREFILL_END
2026-07-02 23:22:25.098 | INFO     | tracy:signpost:49 - PERF_MULTICHIP_PREFILL
2026-07-02 23:22:25.100 | INFO     | tracy:signpost:49 - PERF_MULTICHIP_PREFILL_END
2026-07-02 23:22:25.100 | INFO     | tracy:signpost:49 - PERF_MULTICHIP_PREFILL
2026-07-02 23:22:25.103 | INFO     | tracy:signpost:49 - PERF_MULTICHIP_PREFILL_END
2026-07-02 23:22:25.103 | INFO     | tracy:signpost:49 - PERF_MULTICHIP_PREFILL
2026-07-02 23:22:25.105 | INFO     | tracy:signpost:49 - PERF_MULTICHIP_PREFILL_END
2026-07-02 23:22:25.105 | INFO     | tracy:signpost:49 - PERF_MULTICHIP_PREFILL
2026-07-02 23:22:25.108 | INFO     | tracy:signpost:49 - PERF_MULTICHIP_PREFILL_END
2026-07-02 23:22:25.108 | INFO     | tracy:signpost:49 - PERF_MULTICHIP_PREFILL
2026-07-02 23:22:25.110 | INFO     | tracy:signpost:49 - PERF_MULTICHIP_PREFILL_END
2026-07-02 23:22:25.110 | INFO     | tracy:signpost:49 - PERF_MULTICHIP_PREFILL
2026-07-02 23:22:25.112 | INFO     | tracy:signpost:49 - PERF_MULTICHIP_PREFILL_END
2026-07-02 23:22:25.113 | INFO     | tracy:signpost:49 - PERF_MULTICHIP_PREFILL
2026-07-02 23:22:25.115 | INFO     | tracy:signpost:49 - PERF_MULTICHIP_PREFILL_END
2026-07-02 23:22:25.115 | INFO     | tracy:signpost:49 - PERF_MULTICHIP_PREFILL
2026-07-02 23:22:25.117 | INFO     | tracy:signpost:49 - PERF_MULTICHIP_PREFILL_END
2026-07-02 23:22:25.117 | INFO     | tracy:signpost:49 - PERF_MULTICHIP_PREFILL
2026-07-02 23:22:25.120 | INFO     | tracy:signpost:49 - PERF_MULTICHIP_PREFILL_END
2026-07-02 23:22:25.120 | INFO     | tracy:signpost:49 - PERF_MULTICHIP_PREFILL
2026-07-02 23:22:25.122 | INFO     | tracy:signpost:49 - PERF_MULTICHIP_PREFILL_END
2026-07-02 23:22:25.122 | INFO     | tracy:signpost:49 - PERF_MULTICHIP_PREFILL
2026-07-02 23:22:25.125 | INFO     | tracy:signpost:49 - PERF_MULTICHIP_PREFILL_END
2026-07-02 23:22:25.125 | INFO     | tracy:signpost:49 - PERF_MULTICHIP_PREFILL
2026-07-02 23:22:25.127 | INFO     | tracy:signpost:49 - PERF_MULTICHIP_PREFILL_END
2026-07-02 23:22:25.127 | INFO     | tracy:signpost:49 - PERF_MULTICHIP_PREFILL
2026-07-02 23:22:25.129 | INFO     | tracy:signpost:49 - PERF_MULTICHIP_PREFILL_END
2026-07-02 23:22:25.129 | INFO     | tracy:signpost:49 - PERF_MULTICHIP_PREFILL
2026-07-02 23:22:25.132 | INFO     | tracy:signpost:49 - PERF_MULTICHIP_PREFILL_END
2026-07-02 23:22:25.132 | INFO     | tracy:signpost:49 - PERF_MULTICHIP_PREFILL
2026-07-02 23:22:25.134 | INFO     | tracy:signpost:49 - PERF_MULTICHIP_PREFILL_END
2026-07-02 23:22:25.134 | INFO     | tracy:signpost:49 - PERF_MULTICHIP_PREFILL
2026-07-02 23:22:25.136 | INFO     | tracy:signpost:49 - PERF_MULTICHIP_PREFILL_END
2026-07-02 23:22:25.136 | INFO     | tracy:signpost:49 - PERF_MULTICHIP_PREFILL
2026-07-02 23:22:25.139 | INFO     | tracy:signpost:49 - PERF_MULTICHIP_PREFILL_END
2026-07-02 23:22:25.139 | INFO     | tracy:signpost:49 - PERF_MULTICHIP_PREFILL
2026-07-02 23:22:25.141 | INFO     | tracy:signpost:49 - PERF_MULTICHIP_PREFILL_END
2026-07-02 23:22:25.141 | INFO     | tracy:signpost:49 - PERF_MULTICHIP_PREFILL
2026-07-02 23:22:25.143 | INFO     | tracy:signpost:49 - PERF_MULTICHIP_PREFILL_END
2026-07-02 23:22:25.144 | INFO     | tracy:signpost:49 - PERF_MULTICHIP_PREFILL
2026-07-02 23:22:25.146 | INFO     | tracy:signpost:49 - PERF_MULTICHIP_PREFILL_END
2026-07-02 23:22:25.147 | INFO     | tracy:signpost:49 - PERF_MULTICHIP_PREFILL
2026-07-02 23:22:25.150 | INFO     | tracy:signpost:49 - PERF_MULTICHIP_PREFILL_END
2026-07-02 23:22:25.150 | INFO     | tracy:signpost:49 - PERF_MULTICHIP_PREFILL
2026-07-02 23:22:25.153 | INFO     | tracy:signpost:49 - PERF_MULTICHIP_PREFILL_END
2026-07-02 23:22:25.153 | INFO     | tracy:signpost:49 - PERF_MULTICHIP_PREFILL
2026-07-02 23:22:25.155 | INFO     | tracy:signpost:49 - PERF_MULTICHIP_PREFILL_END
2026-07-02 23:22:25.155 | INFO     | tracy:signpost:49 - PERF_MULTICHIP_PREFILL
2026-07-02 23:22:25.157 | INFO     | tracy:signpost:49 - PERF_MULTICHIP_PREFILL_END
2026-07-02 23:22:25.157 | INFO     | tracy:signpost:49 - PERF_MULTICHIP_PREFILL
2026-07-02 23:22:25.160 | INFO     | tracy:signpost:49 - PERF_MULTICHIP_PREFILL_END
2026-07-02 23:22:25.160 | INFO     | tracy:signpost:49 - PERF_MULTICHIP_PREFILL
2026-07-02 23:22:25.162 | INFO     | tracy:signpost:49 - PERF_MULTICHIP_PREFILL_END
2026-07-02 23:22:25.162 | INFO     | tracy:signpost:49 - PERF_MULTICHIP_PREFILL
2026-07-02 23:22:25.164 | INFO     | tracy:signpost:49 - PERF_MULTICHIP_PREFILL_END
2026-07-02 23:22:25.164 | INFO     | tracy:signpost:49 - PERF_MULTICHIP_PREFILL
2026-07-02 23:22:25.167 | INFO     | tracy:signpost:49 - PERF_MULTICHIP_PREFILL_END
2026-07-02 23:22:25.167 | INFO     | tracy:signpost:49 - PERF_MULTICHIP_PREFILL
2026-07-02 23:22:25.169 | INFO     | tracy:signpost:49 - PERF_MULTICHIP_PREFILL_END
2026-07-02 23:22:25.169 | INFO     | tracy:signpost:49 - PERF_MULTICHIP_PREFILL
2026-07-02 23:22:25.171 | INFO     | tracy:signpost:49 - PERF_MULTICHIP_PREFILL_END
2026-07-02 23:22:25.958 | INFO     | tracy:signpost:49 - PERF_MULTICHIP_DECODE
2026-07-02 23:22:28.803 | INFO     | tracy:signpost:49 - PERF_MULTICHIP_DECODE_END
2026-07-02 23:22:28.803 | INFO     | tracy:signpost:49 - PERF_MULTICHIP_DECODE
2026-07-02 23:22:28.806 | INFO     | tracy:signpost:49 - PERF_MULTICHIP_DECODE_END
2026-07-02 23:22:28.806 | INFO     | tracy:signpost:49 - PERF_MULTICHIP_DECODE
2026-07-02 23:22:28.809 | INFO     | tracy:signpost:49 - PERF_MULTICHIP_DECODE_END
2026-07-02 23:22:28.809 | INFO     | tracy:signpost:49 - PERF_MULTICHIP_DECODE
2026-07-02 23:22:28.812 | INFO     | tracy:signpost:49 - PERF_MULTICHIP_DECODE_END
2026-07-02 23:22:28.812 | INFO     | tracy:signpost:49 - PERF_MULTICHIP_DECODE
2026-07-02 23:22:28.815 | INFO     | tracy:signpost:49 - PERF_MULTICHIP_DECODE_END
2026-07-02 23:22:28.815 | INFO     | tracy:signpost:49 - PERF_MULTICHIP_DECODE
2026-07-02 23:22:28.818 | INFO     | tracy:signpost:49 - PERF_MULTICHIP_DECODE_END
2026-07-02 23:22:28.818 | INFO     | tracy:signpost:49 - PERF_MULTICHIP_DECODE
2026-07-02 23:22:28.821 | INFO     | tracy:signpost:49 - PERF_MULTICHIP_DECODE_END
2026-07-02 23:22:28.821 | INFO     | tracy:signpost:49 - PERF_MULTICHIP_DECODE
2026-07-02 23:22:28.824 | INFO     | tracy:signpost:49 - PERF_MULTICHIP_DECODE_END
2026-07-02 23:22:28.824 | INFO     | tracy:signpost:49 - PERF_MULTICHIP_DECODE
2026-07-02 23:22:28.827 | INFO     | tracy:signpost:49 - PERF_MULTICHIP_DECODE_END
2026-07-02 23:22:28.827 | INFO     | tracy:signpost:49 - PERF_MULTICHIP_DECODE
2026-07-02 23:22:28.830 | INFO     | tracy:signpost:49 - PERF_MULTICHIP_DECODE_END
2026-07-02 23:22:28.830 | INFO     | tracy:signpost:49 - PERF_MULTICHIP_DECODE
2026-07-02 23:22:28.833 | INFO     | tracy:signpost:49 - PERF_MULTICHIP_DECODE_END
2026-07-02 23:22:28.833 | INFO     | tracy:signpost:49 - PERF_MULTICHIP_DECODE
2026-07-02 23:22:28.836 | INFO     | tracy:signpost:49 - PERF_MULTICHIP_DECODE_END
2026-07-02 23:22:28.836 | INFO     | tracy:signpost:49 - PERF_MULTICHIP_DECODE
2026-07-02 23:22:28.839 | INFO     | tracy:signpost:49 - PERF_MULTICHIP_DECODE_END
2026-07-02 23:22:28.839 | INFO     | tracy:signpost:49 - PERF_MULTICHIP_DECODE
2026-07-02 23:22:28.842 | INFO     | tracy:signpost:49 - PERF_MULTICHIP_DECODE_END
2026-07-02 23:22:28.842 | INFO     | tracy:signpost:49 - PERF_MULTICHIP_DECODE
2026-07-02 23:22:28.844 | INFO     | tracy:signpost:49 - PERF_MULTICHIP_DECODE_END
2026-07-02 23:22:28.845 | INFO     | tracy:signpost:49 - PERF_MULTICHIP_DECODE
2026-07-02 23:22:28.847 | INFO     | tracy:signpost:49 - PERF_MULTICHIP_DECODE_END
2026-07-02 23:22:28.847 | INFO     | tracy:signpost:49 - PERF_MULTICHIP_DECODE
2026-07-02 23:22:28.850 | INFO     | tracy:signpost:49 - PERF_MULTICHIP_DECODE_END
2026-07-02 23:22:28.850 | INFO     | tracy:signpost:49 - PERF_MULTICHIP_DECODE
2026-07-02 23:22:28.853 | INFO     | tracy:signpost:49 - PERF_MULTICHIP_DECODE_END
2026-07-02 23:22:28.853 | INFO     | tracy:signpost:49 - PERF_MULTICHIP_DECODE
2026-07-02 23:22:28.856 | INFO     | tracy:signpost:49 - PERF_MULTICHIP_DECODE_END
2026-07-02 23:22:28.856 | INFO     | tracy:signpost:49 - PERF_MULTICHIP_DECODE
2026-07-02 23:22:28.859 | INFO     | tracy:signpost:49 - PERF_MULTICHIP_DECODE_END
2026-07-02 23:22:28.859 | INFO     | tracy:signpost:49 - PERF_MULTICHIP_DECODE
2026-07-02 23:22:28.862 | INFO     | tracy:signpost:49 - PERF_MULTICHIP_DECODE_END
2026-07-02 23:22:28.862 | INFO     | tracy:signpost:49 - PERF_MULTICHIP_DECODE
2026-07-02 23:22:28.864 | INFO     | tracy:signpost:49 - PERF_MULTICHIP_DECODE_END
2026-07-02 23:22:28.865 | INFO     | tracy:signpost:49 - PERF_MULTICHIP_DECODE
2026-07-02 23:22:28.867 | INFO     | tracy:signpost:49 - PERF_MULTICHIP_DECODE_END
2026-07-02 23:22:28.867 | INFO     | tracy:signpost:49 - PERF_MULTICHIP_DECODE
2026-07-02 23:22:28.870 | INFO     | tracy:signpost:49 - PERF_MULTICHIP_DECODE_END
2026-07-02 23:22:28.870 | INFO     | tracy:signpost:49 - PERF_MULTICHIP_DECODE
2026-07-02 23:22:28.873 | INFO     | tracy:signpost:49 - PERF_MULTICHIP_DECODE_END
2026-07-02 23:22:28.873 | INFO     | tracy:signpost:49 - PERF_MULTICHIP_DECODE
2026-07-02 23:22:28.876 | INFO     | tracy:signpost:49 - PERF_MULTICHIP_DECODE_END
2026-07-02 23:22:28.876 | INFO     | tracy:signpost:49 - PERF_MULTICHIP_DECODE
2026-07-02 23:22:28.879 | INFO     | tracy:signpost:49 - PERF_MULTICHIP_DECODE_END
2026-07-02 23:22:28.879 | INFO     | tracy:signpost:49 - PERF_MULTICHIP_DECODE
2026-07-02 23:22:28.881 | INFO     | tracy:signpost:49 - PERF_MULTICHIP_DECODE_END
2026-07-02 23:22:28.882 | INFO     | tracy:signpost:49 - PERF_MULTICHIP_DECODE
2026-07-02 23:22:28.884 | INFO     | tracy:signpost:49 - PERF_MULTICHIP_DECODE_END
2026-07-02 23:22:28.884 | INFO     | tracy:signpost:49 - PERF_MULTICHIP_DECODE
2026-07-02 23:22:28.887 | INFO     | tracy:signpost:49 - PERF_MULTICHIP_DECODE_END
2026-07-02 23:22:28.887 | INFO     | tracy:signpost:49 - PERF_MULTICHIP_DECODE
2026-07-02 23:22:28.890 | INFO     | tracy:signpost:49 - PERF_MULTICHIP_DECODE_END
2026-07-02 23:22:28.890 | INFO     | tracy:signpost:49 - PERF_MULTICHIP_DECODE
2026-07-02 23:22:28.893 | INFO     | tracy:signpost:49 - PERF_MULTICHIP_DECODE_END
2026-07-02 23:22:28.893 | INFO     | tracy:signpost:49 - PERF_MULTICHIP_DECODE
2026-07-02 23:22:28.896 | INFO     | tracy:signpost:49 - PERF_MULTICHIP_DECODE_END
2026-07-02 23:22:28.896 | INFO     | tracy:signpost:49 - PERF_MULTICHIP_DECODE
2026-07-02 23:22:28.899 | INFO     | tracy:signpost:49 - PERF_MULTICHIP_DECODE_END
2026-07-02 23:22:28.899 | INFO     | tracy:signpost:49 - PERF_MULTICHIP_DECODE
2026-07-02 23:22:28.902 | INFO     | tracy:signpost:49 - PERF_MULTICHIP_DECODE_END
2026-07-02 23:22:28.902 | INFO     | tracy:signpost:49 - PERF_MULTICHIP_DECODE
2026-07-02 23:22:28.905 | INFO     | tracy:signpost:49 - PERF_MULTICHIP_DECODE_END
2026-07-02 23:22:28.937 | INFO     | tracy:signpost:49 - PERF_MULTICHIP_DECODE
2026-07-02 23:22:28.940 | INFO     | tracy:signpost:49 - PERF_MULTICHIP_DECODE_END
2026-07-02 23:22:28.940 | INFO     | tracy:signpost:49 - PERF_MULTICHIP_DECODE
2026-07-02 23:22:28.943 | INFO     | tracy:signpost:49 - PERF_MULTICHIP_DECODE_END
2026-07-02 23:22:28.943 | INFO     | tracy:signpost:49 - PERF_MULTICHIP_DECODE
2026-07-02 23:22:28.946 | INFO     | tracy:signpost:49 - PERF_MULTICHIP_DECODE_END
2026-07-02 23:22:28.946 | INFO     | tracy:signpost:49 - PERF_MULTICHIP_DECODE
2026-07-02 23:22:28.949 | INFO     | tracy:signpost:49 - PERF_MULTICHIP_DECODE_END
2026-07-02 23:22:28.949 | INFO     | tracy:signpost:49 - PERF_MULTICHIP_DECODE
2026-07-02 23:22:28.952 | INFO     | tracy:signpost:49 - PERF_MULTICHIP_DECODE_END
2026-07-02 23:22:28.952 | INFO     | tracy:signpost:49 - PERF_MULTICHIP_DECODE
2026-07-02 23:22:28.955 | INFO     | tracy:signpost:49 - PERF_MULTICHIP_DECODE_END
2026-07-02 23:22:28.955 | INFO     | tracy:signpost:49 - PERF_MULTICHIP_DECODE
2026-07-02 23:22:28.958 | INFO     | tracy:signpost:49 - PERF_MULTICHIP_DECODE_END
2026-07-02 23:22:28.958 | INFO     | tracy:signpost:49 - PERF_MULTICHIP_DECODE
2026-07-02 23:22:28.961 | INFO     | tracy:signpost:49 - PERF_MULTICHIP_DECODE_END
2026-07-02 23:22:28.961 | INFO     | tracy:signpost:49 - PERF_MULTICHIP_DECODE
2026-07-02 23:22:28.964 | INFO     | tracy:signpost:49 - PERF_MULTICHIP_DECODE_END
2026-07-02 23:22:28.964 | INFO     | tracy:signpost:49 - PERF_MULTICHIP_DECODE
2026-07-02 23:22:28.967 | INFO     | tracy:signpost:49 - PERF_MULTICHIP_DECODE_END
2026-07-02 23:22:28.967 | INFO     | tracy:signpost:49 - PERF_MULTICHIP_DECODE
2026-07-02 23:22:28.970 | INFO     | tracy:signpost:49 - PERF_MULTICHIP_DECODE_END
2026-07-02 23:22:28.970 | INFO     | tracy:signpost:49 - PERF_MULTICHIP_DECODE
2026-07-02 23:22:28.973 | INFO     | tracy:signpost:49 - PERF_MULTICHIP_DECODE_END
2026-07-02 23:22:28.973 | INFO     | tracy:signpost:49 - PERF_MULTICHIP_DECODE
2026-07-02 23:22:28.976 | INFO     | tracy:signpost:49 - PERF_MULTICHIP_DECODE_END
2026-07-02 23:22:28.976 | INFO     | tracy:signpost:49 - PERF_MULTICHIP_DECODE
2026-07-02 23:22:28.979 | INFO     | tracy:signpost:49 - PERF_MULTICHIP_DECODE_END
2026-07-02 23:22:28.979 | INFO     | tracy:signpost:49 - PERF_MULTICHIP_DECODE
2026-07-02 23:22:28.982 | INFO     | tracy:signpost:49 - PERF_MULTICHIP_DECODE_END
2026-07-02 23:22:28.982 | INFO     | tracy:signpost:49 - PERF_MULTICHIP_DECODE
2026-07-02 23:22:28.985 | INFO     | tracy:signpost:49 - PERF_MULTICHIP_DECODE_END
2026-07-02 23:22:28.985 | INFO     | tracy:signpost:49 - PERF_MULTICHIP_DECODE
2026-07-02 23:22:28.988 | INFO     | tracy:signpost:49 - PERF_MULTICHIP_DECODE_END
2026-07-02 23:22:28.988 | INFO     | tracy:signpost:49 - PERF_MULTICHIP_DECODE
2026-07-02 23:22:28.991 | INFO     | tracy:signpost:49 - PERF_MULTICHIP_DECODE_END
2026-07-02 23:22:28.991 | INFO     | tracy:signpost:49 - PERF_MULTICHIP_DECODE
2026-07-02 23:22:28.994 | INFO     | tracy:signpost:49 - PERF_MULTICHIP_DECODE_END
2026-07-02 23:22:28.994 | INFO     | tracy:signpost:49 - PERF_MULTICHIP_DECODE
2026-07-02 23:22:28.997 | INFO     | tracy:signpost:49 - PERF_MULTICHIP_DECODE_END
2026-07-02 23:22:28.997 | INFO     | tracy:signpost:49 - PERF_MULTICHIP_DECODE
2026-07-02 23:22:28.999 | INFO     | tracy:signpost:49 - PERF_MULTICHIP_DECODE_END
2026-07-02 23:22:29.000 | INFO     | tracy:signpost:49 - PERF_MULTICHIP_DECODE
2026-07-02 23:22:29.002 | INFO     | tracy:signpost:49 - PERF_MULTICHIP_DECODE_END
2026-07-02 23:22:29.003 | INFO     | tracy:signpost:49 - PERF_MULTICHIP_DECODE
2026-07-02 23:22:29.005 | INFO     | tracy:signpost:49 - PERF_MULTICHIP_DECODE_END
2026-07-02 23:22:29.006 | INFO     | tracy:signpost:49 - PERF_MULTICHIP_DECODE
2026-07-02 23:22:29.008 | INFO     | tracy:signpost:49 - PERF_MULTICHIP_DECODE_END
2026-07-02 23:22:29.009 | INFO     | tracy:signpost:49 - PERF_MULTICHIP_DECODE
2026-07-02 23:22:29.011 | INFO     | tracy:signpost:49 - PERF_MULTICHIP_DECODE_END
2026-07-02 23:22:29.012 | INFO     | tracy:signpost:49 - PERF_MULTICHIP_DECODE
2026-07-02 23:22:29.014 | INFO     | tracy:signpost:49 - PERF_MULTICHIP_DECODE_END
2026-07-02 23:22:29.015 | INFO     | tracy:signpost:49 - PERF_MULTICHIP_DECODE
2026-07-02 23:22:29.017 | INFO     | tracy:signpost:49 - PERF_MULTICHIP_DECODE_END
2026-07-02 23:22:29.018 | INFO     | tracy:signpost:49 - PERF_MULTICHIP_DECODE
2026-07-02 23:22:29.020 | INFO     | tracy:signpost:49 - PERF_MULTICHIP_DECODE_END
2026-07-02 23:22:29.021 | INFO     | tracy:signpost:49 - PERF_MULTICHIP_DECODE
2026-07-02 23:22:29.023 | INFO     | tracy:signpost:49 - PERF_MULTICHIP_DECODE_END
2026-07-02 23:22:29.023 | INFO     | tracy:signpost:49 - PERF_MULTICHIP_DECODE
2026-07-02 23:22:29.026 | INFO     | tracy:signpost:49 - PERF_MULTICHIP_DECODE_END
2026-07-02 23:22:29.026 | INFO     | tracy:signpost:49 - PERF_MULTICHIP_DECODE
2026-07-02 23:22:29.029 | INFO     | tracy:signpost:49 - PERF_MULTICHIP_DECODE_END
2026-07-02 23:22:29.029 | INFO     | tracy:signpost:49 - PERF_MULTICHIP_DECODE
2026-07-02 23:22:29.032 | INFO     | tracy:signpost:49 - PERF_MULTICHIP_DECODE_END
2026-07-02 23:22:29.032 | INFO     | tracy:signpost:49 - PERF_MULTICHIP_DECODE
2026-07-02 23:22:29.035 | INFO     | tracy:signpost:49 - PERF_MULTICHIP_DECODE_END
2026-07-02 23:22:29.035 | INFO     | tracy:signpost:49 - PERF_MULTICHIP_DECODE
2026-07-02 23:22:29.038 | INFO     | tracy:signpost:49 - PERF_MULTICHIP_DECODE_END
2026-07-02 23:22:29.038 | INFO     | tracy:signpost:49 - PERF_MULTICHIP_DECODE
2026-07-02 23:22:29.041 | INFO     | tracy:signpost:49 - PERF_MULTICHIP_DECODE_END
2026-07-02 23:22:29.041 | INFO     | tracy:signpost:49 - PERF_MULTICHIP_DECODE
2026-07-02 23:22:29.044 | INFO     | tracy:signpost:49 - PERF_MULTICHIP_DECODE_END
2026-07-02 23:22:29.046 | INFO     | tracy:signpost:49 - PERF_MULTICHIP_DECODE
2026-07-02 23:22:29.050 | INFO     | tracy:signpost:49 - PERF_MULTICHIP_DECODE_END
2026-07-02 23:22:29.050 | INFO     | tracy:signpost:49 - PERF_MULTICHIP_DECODE
2026-07-02 23:22:29.053 | INFO     | tracy:signpost:49 - PERF_MULTICHIP_DECODE_END
2026-07-02 23:22:29.053 | INFO     | tracy:signpost:49 - PERF_MULTICHIP_DECODE
2026-07-02 23:22:29.055 | INFO     | tracy:signpost:49 - PERF_MULTICHIP_DECODE_END
2026-07-02 23:22:29.055 | INFO     | tracy:signpost:49 - PERF_MULTICHIP_DECODE
2026-07-02 23:22:29.057 | INFO     | tracy:signpost:49 - PERF_MULTICHIP_DECODE_END
2026-07-02 23:22:29.058 | INFO     | tracy:signpost:49 - PERF_MULTICHIP_DECODE
2026-07-02 23:22:29.060 | INFO     | tracy:signpost:49 - PERF_MULTICHIP_DECODE_END
2026-07-02 23:22:29.060 | INFO     | tracy:signpost:49 - PERF_MULTICHIP_DECODE
2026-07-02 23:22:29.062 | INFO     | tracy:signpost:49 - PERF_MULTICHIP_DECODE_END
2026-07-02 23:22:29.062 | INFO     | tracy:signpost:49 - PERF_MULTICHIP_DECODE
2026-07-02 23:22:29.065 | INFO     | tracy:signpost:49 - PERF_MULTICHIP_DECODE_END
2026-07-02 23:22:29.065 | INFO     | tracy:signpost:49 - PERF_MULTICHIP_DECODE
2026-07-02 23:22:29.067 | INFO     | tracy:signpost:49 - PERF_MULTICHIP_DECODE_END
2026-07-02 23:22:29.067 | INFO     | tracy:signpost:49 - PERF_MULTICHIP_DECODE
2026-07-02 23:22:29.071 | INFO     | tracy:signpost:49 - PERF_MULTICHIP_DECODE_END
2026-07-02 23:22:29.071 | INFO     | tracy:signpost:49 - PERF_MULTICHIP_DECODE
2026-07-02 23:22:29.074 | INFO     | tracy:signpost:49 - PERF_MULTICHIP_DECODE_END
2026-07-02 23:22:29.074 | INFO     | tracy:signpost:49 - PERF_MULTICHIP_DECODE
2026-07-02 23:22:29.076 | INFO     | tracy:signpost:49 - PERF_MULTICHIP_DECODE_END
2026-07-02 23:22:29.077 | INFO     | tracy:signpost:49 - PERF_MULTICHIP_DECODE
2026-07-02 23:22:29.079 | INFO     | tracy:signpost:49 - PERF_MULTICHIP_DECODE_END
2026-07-02 23:22:29.079 | INFO     | tracy:signpost:49 - PERF_MULTICHIP_DECODE
2026-07-02 23:22:29.081 | INFO     | tracy:signpost:49 - PERF_MULTICHIP_DECODE_END
2026-07-02 23:22:29.081 | INFO     | tracy:signpost:49 - PERF_MULTICHIP_DECODE
2026-07-02 23:22:29.084 | INFO     | tracy:signpost:49 - PERF_MULTICHIP_DECODE_END
2026-07-02 23:22:29.084 | INFO     | tracy:signpost:49 - PERF_MULTICHIP_DECODE
2026-07-02 23:22:29.086 | INFO     | tracy:signpost:49 - PERF_MULTICHIP_DECODE_END
2026-07-02 23:22:29.086 | INFO     | tracy:signpost:49 - PERF_MULTICHIP_DECODE
2026-07-02 23:22:29.088 | INFO     | tracy:signpost:49 - PERF_MULTICHIP_DECODE_END
2026-07-02 23:22:29.089 | INFO     | tracy:signpost:49 - PERF_MULTICHIP_DECODE
2026-07-02 23:22:29.091 | INFO     | tracy:signpost:49 - PERF_MULTICHIP_DECODE_END
2026-07-02 23:22:29.091 | INFO     | tracy:signpost:49 - PERF_MULTICHIP_DECODE
2026-07-02 23:22:29.093 | INFO     | tracy:signpost:49 - PERF_MULTICHIP_DECODE_END
2026-07-02 23:22:29.093 | INFO     | tracy:signpost:49 - PERF_MULTICHIP_DECODE
2026-07-02 23:22:29.095 | INFO     | tracy:signpost:49 - PERF_MULTICHIP_DECODE_END
2026-07-02 23:22:29.096 | INFO     | tracy:signpost:49 - PERF_MULTICHIP_DECODE
2026-07-02 23:22:29.098 | INFO     | tracy:signpost:49 - PERF_MULTICHIP_DECODE_END
2026-07-02 23:22:29.098 | INFO     | tracy:signpost:49 - PERF_MULTICHIP_DECODE
2026-07-02 23:22:29.100 | INFO     | tracy:signpost:49 - PERF_MULTICHIP_DECODE_END
2026-07-02 23:22:29.100 | INFO     | tracy:signpost:49 - PERF_MULTICHIP_DECODE
2026-07-02 23:22:29.102 | INFO     | tracy:signpost:49 - PERF_MULTICHIP_DECODE_END
2026-07-02 23:22:29.103 | INFO     | tracy:signpost:49 - PERF_MULTICHIP_DECODE
2026-07-02 23:22:29.105 | INFO     | tracy:signpost:49 - PERF_MULTICHIP_DECODE_END
2026-07-02 23:22:29.105 | INFO     | tracy:signpost:49 - PERF_MULTICHIP_DECODE
2026-07-02 23:22:29.107 | INFO     | tracy:signpost:49 - PERF_MULTICHIP_DECODE_END
2026-07-02 23:22:29.107 | INFO     | tracy:signpost:49 - PERF_MULTICHIP_DECODE
2026-07-02 23:22:29.109 | INFO     | tracy:signpost:49 - PERF_MULTICHIP_DECODE_END
2026-07-02 23:22:29.109 | INFO     | tracy:signpost:49 - PERF_MULTICHIP_DECODE
2026-07-02 23:22:29.112 | INFO     | tracy:signpost:49 - PERF_MULTICHIP_DECODE_END
2026-07-02 23:22:29.112 | INFO     | tracy:signpost:49 - PERF_MULTICHIP_DECODE
2026-07-02 23:22:29.114 | INFO     | tracy:signpost:49 - PERF_MULTICHIP_DECODE_END
2026-07-02 23:22:29.114 | INFO     | tracy:signpost:49 - PERF_MULTICHIP_DECODE
2026-07-02 23:22:29.116 | INFO     | tracy:signpost:49 - PERF_MULTICHIP_DECODE_END
2026-07-02 23:22:29.116 | INFO     | tracy:signpost:49 - PERF_MULTICHIP_DECODE
2026-07-02 23:22:29.118 | INFO     | tracy:signpost:49 - PERF_MULTICHIP_DECODE_END
2026-07-02 23:22:29.118 | INFO     | tracy:signpost:49 - PERF_MULTICHIP_DECODE
2026-07-02 23:22:29.121 | INFO     | tracy:signpost:49 - PERF_MULTICHIP_DECODE_END
2026-07-02 23:22:29.121 | INFO     | tracy:signpost:49 - PERF_MULTICHIP_DECODE
2026-07-02 23:22:29.123 | INFO     | tracy:signpost:49 - PERF_MULTICHIP_DECODE_END
2026-07-02 23:22:29.123 | INFO     | tracy:signpost:49 - PERF_MULTICHIP_DECODE
2026-07-02 23:22:29.125 | INFO     | tracy:signpost:49 - PERF_MULTICHIP_DECODE_END
2026-07-02 23:22:29.125 | INFO     | tracy:signpost:49 - PERF_MULTICHIP_DECODE
2026-07-02 23:22:29.128 | INFO     | tracy:signpost:49 - PERF_MULTICHIP_DECODE_END
2026-07-02 23:22:29.128 | INFO     | tracy:signpost:49 - PERF_MULTICHIP_DECODE
2026-07-02 23:22:29.130 | INFO     | tracy:signpost:49 - PERF_MULTICHIP_DECODE_END
2026-07-02 23:22:29.130 | INFO     | tracy:signpost:49 - PERF_MULTICHIP_DECODE
2026-07-02 23:22:29.132 | INFO     | tracy:signpost:49 - PERF_MULTICHIP_DECODE_END
2026-07-02 23:22:29.132 | INFO     | tracy:signpost:49 - PERF_MULTICHIP_DECODE
2026-07-02 23:22:29.134 | INFO     | tracy:signpost:49 - PERF_MULTICHIP_DECODE_END
entry[0]             top1=0.980 (98/100)  top5=1.000 (100/100)  top100=1.000 (100/100)  TTFT=4212.84ms  decode=22.86 t/s/u  e2e=11.71 t/s/u
AGGREGATE            top1=0.980 (98/100)  top5=1.000 (100/100)  top100=1.000 (100/100)  TTFT=4212.84ms  decode=22.86 t/s/u  e2e=11.71 t/s/u
nanobind: leaked 2 instances!
 - leaked instance 0x7f9282e5ffd8 of type "ttnn._ttnn.tensor.CoreRangeSet"
 - leaked instance 0x7f9282fbc168 of type "ttnn._ttnn.device.DispatchCoreConfig"
nanobind: leaked 35 types!
 - leaked type "DispatchCoreAxis"
 - leaked type "ttnn._ttnn.device.SubDeviceManagerId"
 - leaked type "MathFidelity"
 - leaked type "ttnn._ttnn.operations.matmul.MatmulMultiCoreReuseMultiCast1DProgramConfig"
 - leaked type "ttnn._ttnn.operations.matmul.MatmulInputs"
 - leaked type "ttnn._ttnn.operations.matmul.MatmulMultiCoreReuseMultiCastBatchedDRAMShardedProgramConfig"
 - leaked type "BufferType"
 - leaked type "UnaryOpType"
 - leaked type "Layout"
 - leaked type "ttnn._ttnn.operations.matmul.MatmulMultiCoreReuseOptimizedProgramFactory"
 - ... skipped remainder
nanobind: leaked 305 functions!
 - leaked function "to"
 - leaked function "to_list"
 - leaked function "clear_program_cache"
 - leaked function ""
 - leaked function ""
 - leaked function "extract_shard"
 - leaked function "__init__"
 - leaked function "buffer_page_size"
 - leaked function "__init__"
 - leaked function "__getitem__"
 - ... skipped remainder
nanobind: this is likely caused by a reference counting issue in the binding code.
See https://nanobind.readthedocs.io/en/latest/refleaks.html2026-07-02 23:22:31.403 | info     |    BuildKernels | JIT cache stats: 239/290 hits (82.4%) [239 cached, 178 build-once dedup, 0 merged artifacts, 0 merged genfiles] (build_cache_telemetry.cpp:207)
2026-07-02 23:22:31.404 | info     |    BuildKernels | JIT telemetry: 3 registered TelemetryTokens (build_cache_telemetry.cpp:230)
2026-07-02 23:22:31.427 | info     |          Device | Closing user mode device drivers (tt_cluster.cpp:512)
2026-07-02 23:22:31.427 | info     |             UMD | Closing devices in cluster (cluster.cpp:1037)
2026-07-02 23:22:32.124 | info     |             UMD | Closing devices in cluster completed. (cluster.cpp:1046)
2026-07-02 23:22:32.124 | info     |             UMD | Cluster destructor started. (cluster.cpp:754)
2026-07-02 23:22:32.124 | info     |             UMD | Cluster destructor completed. (cluster.cpp:757)
