2026-07-16 05:14:13.696 | DEBUG    | ttnn:<module>:79 - Initial ttnn.CONFIG:
Config{cache_path=/home/mvasiljevic/.cache/ttnn,model_cache_path=/home/mvasiljevic/.cache/ttnn/models,tmp_dir=/tmp/ttnn,enable_model_cache=false,enable_fast_runtime_mode=true,throw_exception_on_fallback=false,enable_logging=false,enable_graph_report=false,enable_graph_python_stack_traces=false,enable_detailed_buffer_report=false,enable_detailed_tensor_report=false,enable_comparison_mode=false,comparison_mode_should_raise_exception=false,comparison_mode_pcc=0.9999,root_report_path=generated/ttnn/reports,report_name=std::nullopt,std::nullopt}
============================= test session starts ==============================
platform linux -- Python 3.12.13, pytest-9.0.3, pluggy-1.6.0 -- /home/mvasiljevic/tt-metal/python_env/bin/python3
cachedir: .pytest_cache
benchmark: 5.2.3 (defaults: timer=time.perf_counter disable_gc=False min_rounds=5 min_time=0.000005 max_time=1.0 calibration_precision=10 warmup=False warmup_iterations=100000)
rootdir: /home/mvasiljevic/tt-metal
configfile: pytest.ini
plugins: github-actions-annotate-failures-0.3.0, anyio-4.14.2, dash-2.15.0, split-0.11.0, timeout-2.4.0, benchmark-5.2.3, cov-7.0.0
timeout: 300.0s
timeout method: signal
timeout func_only: False
collecting ... collected 1 item

models/autoports/tiiuae_falcon3_7b_base/tests/test_optimized_decoder.py::test_decode_candidate_sweep[device_params0] 2026-07-16 05:14:15.193 | info     |          Device | Opening user mode device driver (tt_cluster.cpp:228)
2026-07-16 05:14:15.193 | info     |             UMD | Cluster constructor started. (cluster.cpp:348)
2026-07-16 05:14:15.193 | info     |             UMD | Creating TopologyDiscovery for architecture: blackhole (topology_discovery.cpp:91)
2026-07-16 05:14:15.193 | info     |             UMD | Starting topology discovery. (topology_discovery.cpp:110)
2026-07-16 05:14:15.196 | info     |             UMD | Established firmware bundle version: 19.8.0 (topology_discovery.cpp:569)
2026-07-16 05:14:15.196 | info     |             UMD | Firmware bundle version 19.8.0 on the system is newer than the latest fully tested version 19.5.0 for blackhole architecture. Newest features may not be supported. (topology_discovery.cpp:601)
2026-07-16 05:14:15.199 | info     |             UMD | Completed topology discovery. (topology_discovery.cpp:114)
2026-07-16 05:14:15.309 | info     |             UMD | Opening local chip ids/PCIe ids: {0, 1}/[2, 3] and remote chip ids {} (cluster.cpp:168)
2026-07-16 05:14:15.309 | info     |             UMD | IOMMU: enabled (cluster.cpp:142)
2026-07-16 05:14:15.309 | info     |             UMD | KMD version: 2.8.0 (cluster.cpp:145)
2026-07-16 05:14:15.309 | info     |             UMD | Cluster constructor completed. (cluster.cpp:520)
2026-07-16 05:14:15.310 | info     |             UMD | Starting devices in cluster (cluster.cpp:1024)
2026-07-16 05:14:15.397 | info     |             UMD | Starting devices in cluster completed. (cluster.cpp:1032)
2026-07-16 05:14:15.474 | DEBUG    | ttnn.device:__init__:152 - Using default dispatch core type for this system: DispatchCoreType.WORKER
2026-07-16 05:14:15.475 | DEBUG    | ttnn.device:__init__:154 - Using default dispatch core axis for this system: DispatchCoreAxis.COL
2026-07-16 05:14:15.475 | info     |     Distributed | Using auto discovery to generate mesh graph. (metal_env.cpp:367)
2026-07-16 05:14:15.475 | info     |     Distributed | Constructing control plane using auto-discovery (no mesh graph descriptor). (metal_env.cpp:429)
2026-07-16 05:14:15.475 | warning  |          Always | Unknown motherboard 'B850M-C' for chip_id=0 (bus_id=0x3) — falling back to bus_id as tray_id. Add this motherboard and its bus IDs to mobo_to_bus_ids in physical_system_discovery.cpp. (physical_system_discovery.cpp:89)
2026-07-16 05:14:15.475 | warning  |          Always | Unknown motherboard 'B850M-C' for chip_id=1 (bus_id=0x4) — falling back to bus_id as tray_id. Add this motherboard and its bus IDs to mobo_to_bus_ids in physical_system_discovery.cpp. (physical_system_discovery.cpp:89)
2026-07-16 05:14:15.475 | warning  |          Always | Unknown motherboard 'B850M-C' for chip_id=0 (bus_id=0x3) — falling back to bus_id as tray_id. Add this motherboard and its bus IDs to mobo_to_bus_ids in physical_system_discovery.cpp. (physical_system_discovery.cpp:89)
2026-07-16 05:14:15.475 | warning  |          Always | Unknown motherboard 'B850M-C' for chip_id=1 (bus_id=0x4) — falling back to bus_id as tray_id. Add this motherboard and its bus IDs to mobo_to_bus_ids in physical_system_discovery.cpp. (physical_system_discovery.cpp:89)
2026-07-16 05:14:15.475 | info     |          Fabric | Logical multi-mesh adjacency: intermesh degree histogram {0:1}; intra-mesh degree histograms mesh0 {1:2} (topology_mapper_utils.cpp:2342)
2026-07-16 05:14:15.475 | info     |          Fabric | Physical multi-mesh adjacency: intermesh degree histogram {0:1}; intra-mesh degree histograms mesh0 {1:2} (topology_mapper_utils.cpp:2350)
2026-07-16 05:14:15.479 | info     |    BuildKernels | Using pre-compiled firmware from: /home/mvasiljevic/tt-metal/tt_metal/pre-compiled/13793420398762238087/ (build_env_manager.cpp:347)
2026-07-16 05:14:15.479 | info     |    BuildKernels | Using pre-compiled firmware from: /home/mvasiljevic/tt-metal/tt_metal/pre-compiled/13793420398762238087/ (build_env_manager.cpp:347)
2026-07-16 05:14:15.493 | warning  |           Metal | Opening subset of mmio devices slows down UMD read/write to remote chips. If opening more devices, consider using CreateDevices API. (device_manager.cpp:261)
2026-07-16 05:14:15.532 | info     |           Metal | ShmResourceTracker: removed orphaned shm '/tt_device_154095681929601_memory' (shm_resource_tracker.cpp:282)
2026-07-16 05:14:16.109 | info     |           Metal | [Real-time profiler] Device 0 sync complete: 100 samples, frequency=1.349990 GHz, device_time_at_sync=1636711958795 cycles (realtime_profiler_manager.cpp:1127)
2026-07-16 05:14:18.830 | INFO     | tests.test_optimized_decoder:test_decode_candidate_sweep:759 - CANDIDATE_RESULT advisor_bfp8: prefill_pcc=0.99999637 decode_pcc=0.99999995 query_pcc=0.99991566 key_cache_pcc=0.99987190 value_cache_pcc=0.99985176 prefill_ms=4.955617 traced_decode_ms=0.976567
2026-07-16 05:14:21.314 | INFO     | tests.test_optimized_decoder:test_decode_candidate_sweep:759 - CANDIDATE_RESULT advisor_bfp8_lofi: prefill_pcc=0.99999597 decode_pcc=0.99999966 query_pcc=0.99984730 key_cache_pcc=0.99983854 value_cache_pcc=0.99980197 prefill_ms=4.508977 traced_decode_ms=0.978754
2026-07-16 05:14:23.772 | INFO     | tests.test_optimized_decoder:test_decode_candidate_sweep:759 - CANDIDATE_RESULT advisor_attention_bfp8_lofi: prefill_pcc=0.99999512 decode_pcc=0.99999990 query_pcc=0.99984730 key_cache_pcc=0.99983854 value_cache_pcc=0.99980197 prefill_ms=4.544094 traced_decode_ms=0.977003
2026-07-16 05:14:26.250 | INFO     | tests.test_optimized_decoder:test_decode_candidate_sweep:759 - CANDIDATE_RESULT advisor_mlp_bfp8_lofi: prefill_pcc=0.99999733 decode_pcc=0.99999969 query_pcc=0.99991566 key_cache_pcc=0.99987190 value_cache_pcc=0.99985176 prefill_ms=4.832974 traced_decode_ms=0.979113
2026-07-16 05:14:28.790 | INFO     | tests.test_optimized_decoder:test_decode_candidate_sweep:759 - CANDIDATE_RESULT advisor_attention_bfp4: prefill_pcc=0.99999198 decode_pcc=0.99999927 query_pcc=0.99102714 key_cache_pcc=0.99657630 value_cache_pcc=0.99540578 prefill_ms=5.075295 traced_decode_ms=0.970265
2026-07-16 05:14:31.590 | INFO     | tests.test_optimized_decoder:test_decode_candidate_sweep:759 - CANDIDATE_RESULT advisor_mlp_bfp4: prefill_pcc=0.99998603 decode_pcc=0.99999903 query_pcc=0.99991566 key_cache_pcc=0.99988097 value_cache_pcc=0.99985982 prefill_ms=3.617859 traced_decode_ms=0.782570
2026-07-16 05:14:34.979 | INFO     | tests.test_optimized_decoder:test_decode_candidate_sweep:759 - CANDIDATE_RESULT selected_attention_lofi: prefill_pcc=0.99998539 decode_pcc=0.99999906 query_pcc=0.99984730 key_cache_pcc=0.99985355 value_cache_pcc=0.99982310 prefill_ms=3.298962 traced_decode_ms=0.781708
2026-07-16 05:14:38.398 | INFO     | tests.test_optimized_decoder:test_decode_candidate_sweep:759 - CANDIDATE_RESULT selected_mlp_hifi2: prefill_pcc=0.99998603 decode_pcc=0.99999903 query_pcc=0.99991566 key_cache_pcc=0.99988097 value_cache_pcc=0.99985982 prefill_ms=4.055283 traced_decode_ms=0.783812
2026-07-16 05:14:41.252 | INFO     | tests.test_optimized_decoder:test_decode_candidate_sweep:759 - CANDIDATE_RESULT advisor_all_bfp4: prefill_pcc=0.99998189 decode_pcc=0.99999842 query_pcc=0.99102714 key_cache_pcc=0.99661653 value_cache_pcc=0.99543482 prefill_ms=3.792703 traced_decode_ms=0.774755
2026-07-16 05:14:43.727 | INFO     | tests.test_optimized_decoder:test_decode_candidate_sweep:759 - CANDIDATE_RESULT advisor_explicit_mask: prefill_pcc=0.99999637 decode_pcc=0.99999995 query_pcc=0.99991566 key_cache_pcc=0.99987190 value_cache_pcc=0.99985176 prefill_ms=4.587446 traced_decode_ms=1.003755
2026-07-16 05:14:46.525 | INFO     | tests.test_optimized_decoder:test_decode_candidate_sweep:759 - CANDIDATE_RESULT advisor_wide_blocks: prefill_pcc=0.99998603 decode_pcc=0.99999901 query_pcc=0.99991566 key_cache_pcc=0.99988097 value_cache_pcc=0.99985982 prefill_ms=3.340943 traced_decode_ms=0.807852
2026-07-16 05:14:49.319 | INFO     | tests.test_optimized_decoder:test_decode_candidate_sweep:759 - CANDIDATE_RESULT advisor_wider_blocks: prefill_pcc=0.99998603 decode_pcc=0.99999898 query_pcc=0.99991566 key_cache_pcc=0.99988097 value_cache_pcc=0.99985982 prefill_ms=3.320664 traced_decode_ms=0.801090
2026-07-16 05:14:52.225 | INFO     | tests.test_optimized_decoder:test_decode_candidate_sweep:759 - CANDIDATE_RESULT advisor_packed_mlp: prefill_pcc=0.99998531 decode_pcc=0.99999910 query_pcc=0.99991566 key_cache_pcc=0.99987190 value_cache_pcc=0.99985176 prefill_ms=5.145940 traced_decode_ms=0.824883
2026-07-16 05:14:55.051 | INFO     | tests.test_optimized_decoder:test_decode_candidate_sweep:759 - CANDIDATE_RESULT advisor_residual_legacy: prefill_pcc=0.99998603 decode_pcc=0.99999903 query_pcc=0.99991566 key_cache_pcc=0.99988097 value_cache_pcc=0.99985982 prefill_ms=3.314823 traced_decode_ms=0.782876
2026-07-16 05:14:57.839 | INFO     | tests.test_optimized_decoder:test_decode_candidate_sweep:759 - CANDIDATE_RESULT advisor_residual_report: prefill_pcc=0.99998603 decode_pcc=0.99999905 query_pcc=0.99991395 key_cache_pcc=0.99988097 value_cache_pcc=0.99985982 prefill_ms=3.888074 traced_decode_ms=0.786988
2026-07-16 05:15:00.625 | INFO     | tests.test_optimized_decoder:test_decode_candidate_sweep:759 - CANDIDATE_RESULT advisor_report_sharded_inputs: prefill_pcc=0.99998603 decode_pcc=0.99999905 query_pcc=0.99991395 key_cache_pcc=0.99988097 value_cache_pcc=0.99985982 prefill_ms=3.324521 traced_decode_ms=0.788957
2026-07-16 05:15:03.444 | INFO     | tests.test_optimized_decoder:test_decode_candidate_sweep:759 - CANDIDATE_RESULT prefill_grid8: prefill_pcc=0.99998603 decode_pcc=0.99999903 query_pcc=0.99991566 key_cache_pcc=0.99988097 value_cache_pcc=0.99985982 prefill_ms=3.625484 traced_decode_ms=0.782139
2026-07-16 05:15:06.257 | INFO     | tests.test_optimized_decoder:test_decode_candidate_sweep:759 - CANDIDATE_RESULT prefill_block1: prefill_pcc=0.99998531 decode_pcc=0.99999910 query_pcc=0.99991566 key_cache_pcc=0.99987190 value_cache_pcc=0.99985176 prefill_ms=4.568170 traced_decode_ms=0.783131
2026-07-16 05:15:09.062 | INFO     | tests.test_optimized_decoder:test_decode_candidate_sweep:759 - CANDIDATE_RESULT prefill_block2: prefill_pcc=0.99998608 decode_pcc=0.99999910 query_pcc=0.99991566 key_cache_pcc=0.99989352 value_cache_pcc=0.99986767 prefill_ms=3.503132 traced_decode_ms=0.782235
2026-07-16 05:15:11.825 | INFO     | tests.test_optimized_decoder:test_decode_candidate_sweep:759 - CANDIDATE_RESULT prefill_block4: prefill_pcc=0.99998626 decode_pcc=0.99999909 query_pcc=0.99991566 key_cache_pcc=0.99989379 value_cache_pcc=0.99987557 prefill_ms=3.475689 traced_decode_ms=0.782983
2026-07-16 05:15:14.587 | INFO     | tests.test_optimized_decoder:test_decode_candidate_sweep:759 - CANDIDATE_RESULT prefill_block8: prefill_pcc=0.99998603 decode_pcc=0.99999903 query_pcc=0.99991566 key_cache_pcc=0.99988097 value_cache_pcc=0.99985982 prefill_ms=3.309102 traced_decode_ms=0.782412
2026-07-16 05:15:19.028 | INFO     | tests.test_optimized_decoder:test_decode_candidate_sweep:759 - CANDIDATE_RESULT dram_packed_bfp8: prefill_pcc=0.99999637 decode_pcc=0.99999995 query_pcc=0.99991621 key_cache_pcc=0.99987190 value_cache_pcc=0.99985176 prefill_ms=4.991025 traced_decode_ms=1.163505
2026-07-16 05:15:23.932 | INFO     | tests.test_optimized_decoder:test_decode_candidate_sweep:759 - CANDIDATE_RESULT dram_mlp_bfp4_24c: prefill_pcc=0.99998603 decode_pcc=0.99999904 query_pcc=0.99991621 key_cache_pcc=0.99988097 value_cache_pcc=0.99985982 prefill_ms=3.852817 traced_decode_ms=0.815053
2026-07-16 05:15:28.877 | INFO     | tests.test_optimized_decoder:test_decode_candidate_sweep:759 - CANDIDATE_RESULT dram_mlp_bfp4_48c: prefill_pcc=0.99998603 decode_pcc=0.99999909 query_pcc=0.99991621 key_cache_pcc=0.99988097 value_cache_pcc=0.99985982 prefill_ms=3.334851 traced_decode_ms=0.813260
PASSED

==================================== PASSES ====================================
- generated xml file: /home/mvasiljevic/tt-metal/generated/test_reports/most_recent_tests.xml -
============================== slowest durations ===============================
72.96s call     models/autoports/tiiuae_falcon3_7b_base/tests/test_optimized_decoder.py::test_decode_candidate_sweep[device_params0]
1.13s setup    models/autoports/tiiuae_falcon3_7b_base/tests/test_optimized_decoder.py::test_decode_candidate_sweep[device_params0]
0.12s teardown models/autoports/tiiuae_falcon3_7b_base/tests/test_optimized_decoder.py::test_decode_candidate_sweep[device_params0]
=========================== short test summary info ============================
PASSED models/autoports/tiiuae_falcon3_7b_base/tests/test_optimized_decoder.py::test_decode_candidate_sweep[device_params0]
========================= 1 passed in 74.87s (0:01:14) =========================
nanobind: leaked 2 instances!
 - leaked instance 0x73d971b1c108 of type "ttnn._ttnn.tensor.MemoryConfig"
 - leaked instance 0x73d972292058 of type "ttnn._ttnn.tensor.CoreRangeSet"
nanobind: leaked 20 types!
 - leaked type "ttnn._ttnn.operations.matmul.MatmulMultiCoreReuseMultiCast1DProgramConfig"
 - leaked type "ttnn._ttnn.operations.matmul.MatmulInputs"
 - leaked type "ttnn._ttnn.operations.matmul.MatmulMultiCoreReuseMultiCastBatchedDRAMShardedProgramConfig"
 - leaked type "BufferType"
 - leaked type "UnaryOpType"
 - leaked type "Layout"
 - leaked type "ttnn._ttnn.operations.matmul.MatmulMultiCoreReuseOptimizedProgramFactory"
 - leaked type "Arch"
 - leaked type "ttnn._ttnn.operations.matmul.MatmulParams"
 - leaked type "ttnn._ttnn.tensor.CoreRangeSet"
 - ... skipped remainder
nanobind: leaked 247 functions!
 - leaked function "__repr__"
 - leaked function ""
 - leaked function "buffer_page_size"
 - leaked function "get_fabric_node_id"
 - leaked function ""
 - leaked function ""
 - leaked function "__init__"
 - leaked function "__init__"
 - leaked function "__init__"
 - leaked function ""
 - ... skipped remainder
nanobind: this is likely caused by a reference counting issue in the binding code.
See https://nanobind.readthedocs.io/en/latest/refleaks.html2026-07-16 05:15:30.933 | info     |    BuildKernels | JIT cache stats: 569/581 hits (97.9%) [569 cached, 278 build-once dedup, 0 merged artifacts, 0 merged genfiles] (build_cache_telemetry.cpp:207)
2026-07-16 05:15:30.933 | info     |    BuildKernels | JIT telemetry: 3 registered TelemetryTokens (build_cache_telemetry.cpp:230)
2026-07-16 05:15:30.945 | info     |          Device | Closing user mode device drivers (tt_cluster.cpp:512)
2026-07-16 05:15:30.945 | info     |             UMD | Closing devices in cluster (cluster.cpp:1037)
2026-07-16 05:15:31.238 | info     |             UMD | Closing devices in cluster completed. (cluster.cpp:1046)
2026-07-16 05:15:31.238 | info     |             UMD | Cluster destructor started. (cluster.cpp:754)
2026-07-16 05:15:31.238 | info     |             UMD | Cluster destructor completed. (cluster.cpp:757)
