2026-07-19 12:27:16.565 | info     |          Device | Opening user mode device driver (tt_cluster.cpp:228)
2026-07-19 12:27:16.565 | info     |             UMD | Cluster constructor started. (cluster.cpp:348)
2026-07-19 12:27:16.565 | info     |             UMD | Creating TopologyDiscovery for architecture: blackhole (topology_discovery.cpp:91)
2026-07-19 12:27:16.565 | info     |             UMD | Starting topology discovery. (topology_discovery.cpp:110)
2026-07-19 12:27:16.566 | info     |             UMD | Established firmware bundle version: 19.8.0 (topology_discovery.cpp:569)
2026-07-19 12:27:16.566 | info     |             UMD | Firmware bundle version 19.8.0 on the system is newer than the latest fully tested version 19.5.0 for blackhole architecture. Newest features may not be supported. (topology_discovery.cpp:601)
2026-07-19 12:27:16.570 | info     |             UMD | Completed topology discovery. (topology_discovery.cpp:114)
2026-07-19 12:27:16.791 | info     |             UMD | Opening local chip ids/PCIe ids: {0, 1, 2, 3}/[0, 1, 2, 3] and remote chip ids {} (cluster.cpp:168)
2026-07-19 12:27:16.791 | info     |             UMD | IOMMU: enabled (cluster.cpp:142)
2026-07-19 12:27:16.791 | info     |             UMD | KMD version: 2.8.0 (cluster.cpp:145)
2026-07-19 12:27:16.791 | info     |             UMD | Cluster constructor completed. (cluster.cpp:520)
2026-07-19 12:27:16.793 | info     |             UMD | Starting devices in cluster (cluster.cpp:1024)
2026-07-19 12:27:16.984 | info     |             UMD | Starting devices in cluster completed. (cluster.cpp:1032)
--------------------------------------------------------------------------
It appears as if there is not enough space for /dev/shm/sm_segment.23ff5195c3f7.1000.c8fc0000.0 (the shared-memory backing
file). It is likely that your MPI job will now either abort or experience
performance degradation.

  Local host:  23ff5195c3f7
  Space Requested: 16777216 B
  Space Available: 17526784 B
--------------------------------------------------------------------------
2026-07-19 12:27:17.105 | DEBUG    | ttnn.device:__init__:152 - Using default dispatch core type for this system: DispatchCoreType.WORKER
2026-07-19 12:27:17.105 | DEBUG    | ttnn.device:__init__:154 - Using default dispatch core axis for this system: DispatchCoreAxis.COL
2026-07-19 12:27:17.105 | info     |     Distributed | Using auto discovery to generate mesh graph. (metal_env.cpp:367)
2026-07-19 12:27:17.105 | info     |     Distributed | Constructing control plane using auto-discovery (no mesh graph descriptor). (metal_env.cpp:429)
2026-07-19 12:27:17.105 | warning  |          Always | Unknown motherboard 'B850M-C' for chip_id=0 (bus_id=0x1) — falling back to bus_id as tray_id. Add this motherboard and its bus IDs to mobo_to_bus_ids in physical_system_discovery.cpp. (physical_system_discovery.cpp:89)
2026-07-19 12:27:17.105 | warning  |          Always | Unknown motherboard 'B850M-C' for chip_id=1 (bus_id=0x2) — falling back to bus_id as tray_id. Add this motherboard and its bus IDs to mobo_to_bus_ids in physical_system_discovery.cpp. (physical_system_discovery.cpp:89)
2026-07-19 12:27:17.105 | warning  |          Always | Unknown motherboard 'B850M-C' for chip_id=2 (bus_id=0x3) — falling back to bus_id as tray_id. Add this motherboard and its bus IDs to mobo_to_bus_ids in physical_system_discovery.cpp. (physical_system_discovery.cpp:89)
2026-07-19 12:27:17.105 | warning  |          Always | Unknown motherboard 'B850M-C' for chip_id=3 (bus_id=0x4) — falling back to bus_id as tray_id. Add this motherboard and its bus IDs to mobo_to_bus_ids in physical_system_discovery.cpp. (physical_system_discovery.cpp:89)
2026-07-19 12:27:17.105 | warning  |          Always | Unknown motherboard 'B850M-C' for chip_id=1 (bus_id=0x2) — falling back to bus_id as tray_id. Add this motherboard and its bus IDs to mobo_to_bus_ids in physical_system_discovery.cpp. (physical_system_discovery.cpp:89)
2026-07-19 12:27:17.105 | warning  |          Always | Unknown motherboard 'B850M-C' for chip_id=0 (bus_id=0x1) — falling back to bus_id as tray_id. Add this motherboard and its bus IDs to mobo_to_bus_ids in physical_system_discovery.cpp. (physical_system_discovery.cpp:89)
2026-07-19 12:27:17.105 | warning  |          Always | Unknown motherboard 'B850M-C' for chip_id=2 (bus_id=0x3) — falling back to bus_id as tray_id. Add this motherboard and its bus IDs to mobo_to_bus_ids in physical_system_discovery.cpp. (physical_system_discovery.cpp:89)
2026-07-19 12:27:17.105 | warning  |          Always | Unknown motherboard 'B850M-C' for chip_id=3 (bus_id=0x4) — falling back to bus_id as tray_id. Add this motherboard and its bus IDs to mobo_to_bus_ids in physical_system_discovery.cpp. (physical_system_discovery.cpp:89)
2026-07-19 12:27:17.105 | info     |          Fabric | Logical multi-mesh adjacency: intermesh degree histogram {0:1}; intra-mesh degree histograms mesh0 {2:4} (topology_mapper_utils.cpp:2342)
2026-07-19 12:27:17.106 | info     |          Fabric | Physical multi-mesh adjacency: intermesh degree histogram {0:1}; intra-mesh degree histograms mesh0 {2:4} (topology_mapper_utils.cpp:2350)
2026-07-19 12:27:17.109 | info     |    BuildKernels | Using pre-compiled firmware from: /home/mvasiljevic/tt-mlir/third_party/tt-metal/src/tt-metal/tt_metal/pre-compiled/13793420398762238087/ (build_env_manager.cpp:347)
2026-07-19 12:27:17.110 | info     |    BuildKernels | Using pre-compiled firmware from: /home/mvasiljevic/tt-mlir/third_party/tt-metal/src/tt-metal/tt_metal/pre-compiled/13793420398762238087/ (build_env_manager.cpp:347)
2026-07-19 12:27:17.111 | info     |    BuildKernels | Using pre-compiled firmware from: /home/mvasiljevic/tt-mlir/third_party/tt-metal/src/tt-metal/tt_metal/pre-compiled/13793420398762238087/ (build_env_manager.cpp:347)
2026-07-19 12:27:17.112 | info     |    BuildKernels | Using pre-compiled firmware from: /home/mvasiljevic/tt-mlir/third_party/tt-metal/src/tt-metal/tt_metal/pre-compiled/13793420398762238087/ (build_env_manager.cpp:347)
2026-07-19 12:27:17.140 | warning  |           Metal | Opening subset of mmio devices slows down UMD read/write to remote chips. If opening more devices, consider using CreateDevices API. (device_manager.cpp:261)
2026-07-19 12:27:17.178 | info     |           Metal | ShmResourceTracker: removed orphaned shm '/tt_device_154095681929600_memory' (shm_resource_tracker.cpp:282)
2026-07-19 12:27:17.757 | info     |           Metal | [Real-time profiler] Device 3 sync complete: 100 samples, frequency=1.349976 GHz, device_time_at_sync=412404207584 cycles (realtime_profiler_manager.cpp:1127)
2026-07-19 12:27:18.347 | info     |             UMD | Creating TopologyDiscovery for architecture: blackhole (topology_discovery.cpp:91)
2026-07-19 12:27:18.347 | info     |             UMD | Starting topology discovery. (topology_discovery.cpp:110)
2026-07-19 12:27:18.348 | info     |             UMD | Established firmware bundle version: 19.8.0 (topology_discovery.cpp:569)
2026-07-19 12:27:18.348 | info     |             UMD | Firmware bundle version 19.8.0 on the system is newer than the latest fully tested version 19.5.0 for blackhole architecture. Newest features may not be supported. (topology_discovery.cpp:601)
2026-07-19 12:27:18.352 | info     |             UMD | Completed topology discovery. (topology_discovery.cpp:114)
2026-07-19 12:27:18.355 | info     |           Metal | Using programmatically configured mock mode: /tmp/umd_ZCujmj/cluster_descriptor.yaml (metal_env.cpp:129)
2026-07-19 12:27:18.355 | info     |          Device | Opening user mode device driver (tt_cluster.cpp:228)
2026-07-19 12:27:18.355 | warning  |          Device | Currently using mock cluster descriptor, all device driver calls will be mocked (tt_cluster.cpp:251)
2026-07-19 12:27:18.355 | info     |             UMD | Cluster constructor started. (cluster.cpp:348)
2026-07-19 12:27:18.357 | info     |             UMD | Cluster constructor completed. (cluster.cpp:520)
2026-07-19 12:27:18.358 | info     |             UMD | Starting devices in cluster (cluster.cpp:1024)
2026-07-19 12:27:18.359 | info     |             UMD | Starting devices in cluster completed. (cluster.cpp:1032)
2026-07-19 12:27:18.359 | info     |     Distributed | Using auto discovery to generate mesh graph. (metal_env.cpp:367)
2026-07-19 12:27:18.359 | info     |     Distributed | Constructing control plane using auto-discovery (no mesh graph descriptor). (metal_env.cpp:429)
2026-07-19 12:27:18.359 | info     |          Fabric | Logical multi-mesh adjacency: intermesh degree histogram {0:1}; intra-mesh degree histograms mesh0 {2:4} (topology_mapper_utils.cpp:2342)
2026-07-19 12:27:18.359 | info     |          Fabric | Physical multi-mesh adjacency: intermesh degree histogram {0:1}; intra-mesh degree histograms mesh0 {2:4} (topology_mapper_utils.cpp:2350)
2026-07-19 12:27:18.361 | info     |    BuildKernels | Using pre-compiled firmware from: /home/mvasiljevic/tt-mlir/third_party/tt-metal/src/tt-metal/tt_metal/pre-compiled/13793420398762238087/ (build_env_manager.cpp:347)
2026-07-19 12:27:18.362 | info     |    BuildKernels | Using pre-compiled firmware from: /home/mvasiljevic/tt-mlir/third_party/tt-metal/src/tt-metal/tt_metal/pre-compiled/13793420398762238087/ (build_env_manager.cpp:347)
2026-07-19 12:27:18.363 | info     |    BuildKernels | Using pre-compiled firmware from: /home/mvasiljevic/tt-mlir/third_party/tt-metal/src/tt-metal/tt_metal/pre-compiled/13793420398762238087/ (build_env_manager.cpp:347)
2026-07-19 12:27:18.364 | info     |    BuildKernels | Using pre-compiled firmware from: /home/mvasiljevic/tt-mlir/third_party/tt-metal/src/tt-metal/tt_metal/pre-compiled/13793420398762238087/ (build_env_manager.cpp:347)
2026-07-19 12:27:18.364 | warning  |           Metal | Opening subset of mmio devices slows down UMD read/write to remote chips. If opening more devices, consider using CreateDevices API. (device_manager.cpp:261)
2026-07-19 12:27:18.364 | info     |           Metal | Skipping host-side CQ initialization for mock devices (command_queue_initializer.cpp:27)
2026-07-19 12:27:18.364 | info     |           Metal | Skipping dispatch firmware initialization for mock devices (dispatch_kernel_initializer.cpp:88)
2026-07-19 12:27:18.364 | info     |           Metal | Skipping fabric configure (router sync) for mock devices (fabric_firmware_initializer.cpp:319)
2026-07-19 12:27:18.364 | info     |           Metal | Disabling and clearing program cache on MeshDevice 1 (mesh_device.cpp:1064)
2026-07-19 12:27:18.373 | info     |           Metal | Disabling and clearing program cache on MeshDevice 1 (mesh_device.cpp:1064)
2026-07-19 12:27:18.373 | info     |           Metal | Disabling and clearing program cache on MeshDevice 1 (mesh_device.cpp:1064)
2026-07-19 12:27:18.374 | info     |           Metal | Disabling and clearing program cache on MeshDevice 1 (mesh_device.cpp:1064)
2026-07-19 12:27:18.374 | info     |           Metal | Disabling and clearing program cache on MeshDevice 1 (mesh_device.cpp:1064)
2026-07-19 12:27:18.374 | info     |           Metal | Disabling and clearing program cache on MeshDevice 1 (mesh_device.cpp:1064)
2026-07-19 12:27:18.374 | info     |           Metal | Disabling and clearing program cache on MeshDevice 1 (mesh_device.cpp:1064)
2026-07-19 12:27:18.374 | info     |           Metal | Disabling and clearing program cache on MeshDevice 1 (mesh_device.cpp:1064)
2026-07-19 12:27:18.374 | info     |           Metal | Disabling and clearing program cache on MeshDevice 1 (mesh_device.cpp:1064)
2026-07-19 12:27:18.375 | info     |           Metal | Disabling and clearing program cache on MeshDevice 1 (mesh_device.cpp:1064)
2026-07-19 12:27:18.375 | info     |           Metal | Disabling and clearing program cache on MeshDevice 1 (mesh_device.cpp:1064)
2026-07-19 12:27:18.375 | info     |           Metal | Disabling and clearing program cache on MeshDevice 1 (mesh_device.cpp:1064)
2026-07-19 12:27:18.376 | info     |           Metal | Disabling and clearing program cache on MeshDevice 1 (mesh_device.cpp:1064)
2026-07-19 12:27:18.376 | info     |           Metal | Disabling and clearing program cache on MeshDevice 1 (mesh_device.cpp:1064)
2026-07-19 12:27:18.376 | info     |           Metal | Disabling and clearing program cache on MeshDevice 1 (mesh_device.cpp:1064)
2026-07-19 12:27:18.377 | info     |           Metal | Disabling and clearing program cache on MeshDevice 1 (mesh_device.cpp:1064)
2026-07-19 12:27:18.377 | info     |           Metal | Disabling and clearing program cache on MeshDevice 1 (mesh_device.cpp:1064)
2026-07-19 12:27:18.377 | info     |           Metal | Disabling and clearing program cache on MeshDevice 1 (mesh_device.cpp:1064)
2026-07-19 12:27:18.377 | info     |           Metal | Disabling and clearing program cache on MeshDevice 1 (mesh_device.cpp:1064)
2026-07-19 12:27:18.378 | info     |           Metal | Disabling and clearing program cache on MeshDevice 1 (mesh_device.cpp:1064)
2026-07-19 12:27:18.378 | info     |           Metal | Disabling and clearing program cache on MeshDevice 1 (mesh_device.cpp:1064)
2026-07-19 12:27:18.378 | info     |           Metal | Disabling and clearing program cache on MeshDevice 1 (mesh_device.cpp:1064)
2026-07-19 12:27:18.378 | info     |           Metal | Disabling and clearing program cache on MeshDevice 1 (mesh_device.cpp:1064)
2026-07-19 12:27:18.379 | info     |           Metal | Disabling and clearing program cache on MeshDevice 1 (mesh_device.cpp:1064)
2026-07-19 12:27:18.379 | info     |           Metal | Disabling and clearing program cache on MeshDevice 1 (mesh_device.cpp:1064)
2026-07-19 12:27:18.379 | info     |           Metal | Disabling and clearing program cache on MeshDevice 1 (mesh_device.cpp:1064)
2026-07-19 12:27:18.379 | info     |           Metal | Disabling and clearing program cache on MeshDevice 1 (mesh_device.cpp:1064)
2026-07-19 12:27:18.380 | info     |           Metal | Disabling and clearing program cache on MeshDevice 1 (mesh_device.cpp:1064)
2026-07-19 12:27:18.380 | info     |           Metal | Disabling and clearing program cache on MeshDevice 1 (mesh_device.cpp:1064)
2026-07-19 12:27:18.380 | critical |          Always | TT_FATAL: Error: Output memory layout must be WIDTH_SHARDED or BLOCK_SHARDED on a 1-row grid. Provided tensor memory layout: TensorMemoryLayout::BLOCK_SHARDED (assert.hpp:104)
2026-07-19 12:27:18.380 | info     |           Metal | Disabling and clearing program cache on MeshDevice 1 (mesh_device.cpp:1064)
2026-07-19 12:27:18.380 | critical |          Always | TT_FATAL: Error: Output memory layout must be WIDTH_SHARDED or BLOCK_SHARDED on a 1-row grid. Provided tensor memory layout: TensorMemoryLayout::BLOCK_SHARDED (assert.hpp:104)
2026-07-19 12:27:18.380 | info     |           Metal | Disabling and clearing program cache on MeshDevice 1 (mesh_device.cpp:1064)
2026-07-19 12:27:18.380 | critical |          Always | TT_FATAL: Error: Output memory layout must be WIDTH_SHARDED or BLOCK_SHARDED on a 1-row grid. Provided tensor memory layout: TensorMemoryLayout::BLOCK_SHARDED (assert.hpp:104)
2026-07-19 12:27:18.380 | info     |           Metal | Disabling and clearing program cache on MeshDevice 1 (mesh_device.cpp:1064)
2026-07-19 12:27:18.380 | critical |          Always | TT_FATAL: Error: Output memory layout must be WIDTH_SHARDED or BLOCK_SHARDED on a 1-row grid. Provided tensor memory layout: TensorMemoryLayout::BLOCK_SHARDED (assert.hpp:104)
2026-07-19 12:27:18.380 | info     |           Metal | Disabling and clearing program cache on MeshDevice 1 (mesh_device.cpp:1064)
2026-07-19 12:27:18.380 | critical |          Always | TT_FATAL: Error: Output memory layout must be WIDTH_SHARDED or BLOCK_SHARDED on a 1-row grid. Provided tensor memory layout: TensorMemoryLayout::BLOCK_SHARDED (assert.hpp:104)
2026-07-19 12:27:18.381 | info     |           Metal | Disabling and clearing program cache on MeshDevice 1 (mesh_device.cpp:1064)
2026-07-19 12:27:18.381 | critical |          Always | TT_FATAL: Error: Output memory layout must be WIDTH_SHARDED or BLOCK_SHARDED on a 1-row grid. Provided tensor memory layout: TensorMemoryLayout::BLOCK_SHARDED (assert.hpp:104)
2026-07-19 12:27:18.381 | info     |           Metal | Disabling and clearing program cache on MeshDevice 1 (mesh_device.cpp:1064)
2026-07-19 12:27:18.381 | critical |          Always | TT_FATAL: Error: Output memory layout must be WIDTH_SHARDED or BLOCK_SHARDED on a 1-row grid. Provided tensor memory layout: TensorMemoryLayout::BLOCK_SHARDED (assert.hpp:104)
2026-07-19 12:27:18.381 | info     |           Metal | Disabling and clearing program cache on MeshDevice 1 (mesh_device.cpp:1064)
2026-07-19 12:27:18.381 | critical |          Always | TT_FATAL: Error: Output memory layout must be WIDTH_SHARDED or BLOCK_SHARDED on a 1-row grid. Provided tensor memory layout: TensorMemoryLayout::BLOCK_SHARDED (assert.hpp:104)
2026-07-19 12:27:18.381 | info     |           Metal | Disabling and clearing program cache on MeshDevice 1 (mesh_device.cpp:1064)
2026-07-19 12:27:18.381 | critical |          Always | TT_FATAL: Error: Output memory layout must be WIDTH_SHARDED or BLOCK_SHARDED on a 1-row grid. Provided tensor memory layout: TensorMemoryLayout::BLOCK_SHARDED (assert.hpp:104)
2026-07-19 12:27:18.381 | info     |           Metal | Disabling and clearing program cache on MeshDevice 1 (mesh_device.cpp:1064)
2026-07-19 12:27:18.381 | critical |          Always | TT_FATAL: Error: Output memory layout must be WIDTH_SHARDED or BLOCK_SHARDED on a 1-row grid. Provided tensor memory layout: TensorMemoryLayout::BLOCK_SHARDED (assert.hpp:104)
2026-07-19 12:27:18.381 | info     |           Metal | Disabling and clearing program cache on MeshDevice 1 (mesh_device.cpp:1064)
2026-07-19 12:27:18.381 | critical |          Always | TT_FATAL: Error: Output memory layout must be WIDTH_SHARDED or BLOCK_SHARDED on a 1-row grid. Provided tensor memory layout: TensorMemoryLayout::BLOCK_SHARDED (assert.hpp:104)
2026-07-19 12:27:18.381 | info     |           Metal | Disabling and clearing program cache on MeshDevice 1 (mesh_device.cpp:1064)
2026-07-19 12:27:18.382 | info     |           Metal | Disabling and clearing program cache on MeshDevice 1 (mesh_device.cpp:1064)
2026-07-19 12:27:18.382 | critical |          Always | TT_FATAL: Error: input_tensor_a must be height sharded. (assert.hpp:104)
2026-07-19 12:27:18.382 | info     |           Metal | Disabling and clearing program cache on MeshDevice 1 (mesh_device.cpp:1064)
2026-07-19 12:27:18.382 | critical |          Always | TT_FATAL: Target number of cores 100 is greater than total available cores 88 (assert.hpp:104)
2026-07-19 12:27:18.382 | info     |           Metal | Disabling and clearing program cache on MeshDevice 1 (mesh_device.cpp:1064)
2026-07-19 12:27:18.382 | critical |          Always | TT_FATAL: Target number of cores 100 is greater than total available cores 55 (assert.hpp:104)
2026-07-19 12:27:18.382 | info     |           Metal | Disabling and clearing program cache on MeshDevice 1 (mesh_device.cpp:1064)
2026-07-19 12:27:18.383 | critical |          Always | TT_FATAL: Target number of cores 100 is greater than total available cores 44 (assert.hpp:104)
2026-07-19 12:27:18.383 | info     |           Metal | Disabling and clearing program cache on MeshDevice 1 (mesh_device.cpp:1064)
2026-07-19 12:27:18.383 | critical |          Always | TT_FATAL: Target number of cores 100 is greater than total available cores 33 (assert.hpp:104)
2026-07-19 12:27:18.383 | info     |           Metal | Disabling and clearing program cache on MeshDevice 1 (mesh_device.cpp:1064)
2026-07-19 12:27:18.383 | critical |          Always | TT_FATAL: Target number of cores 100 is greater than total available cores 22 (assert.hpp:104)
2026-07-19 12:27:18.383 | info     |           Metal | Disabling and clearing program cache on MeshDevice 1 (mesh_device.cpp:1064)
2026-07-19 12:27:18.383 | critical |          Always | TT_FATAL: Target number of cores 100 is greater than total available cores 11 (assert.hpp:104)
2026-07-19 12:27:18.383 | info     |           Metal | Disabling and clearing program cache on MeshDevice 1 (mesh_device.cpp:1064)
2026-07-19 12:27:18.383 | critical |          Always | TT_FATAL: Target number of cores 100 is greater than total available cores 10 (assert.hpp:104)
2026-07-19 12:27:18.383 | info     |           Metal | Disabling and clearing program cache on MeshDevice 1 (mesh_device.cpp:1064)
2026-07-19 12:27:18.383 | critical |          Always | TT_FATAL: Target number of cores 100 is greater than total available cores 9 (assert.hpp:104)
2026-07-19 12:27:18.383 | info     |           Metal | Disabling and clearing program cache on MeshDevice 1 (mesh_device.cpp:1064)
2026-07-19 12:27:18.384 | critical |          Always | TT_FATAL: Target number of cores 100 is greater than total available cores 8 (assert.hpp:104)
2026-07-19 12:27:18.384 | info     |           Metal | Disabling and clearing program cache on MeshDevice 1 (mesh_device.cpp:1064)
2026-07-19 12:27:18.384 | critical |          Always | TT_FATAL: Target number of cores 100 is greater than total available cores 7 (assert.hpp:104)
2026-07-19 12:27:18.384 | info     |           Metal | Disabling and clearing program cache on MeshDevice 1 (mesh_device.cpp:1064)
2026-07-19 12:27:18.384 | critical |          Always | TT_FATAL: Target number of cores 100 is greater than total available cores 6 (assert.hpp:104)
2026-07-19 12:27:18.384 | info     |           Metal | Disabling and clearing program cache on MeshDevice 1 (mesh_device.cpp:1064)
2026-07-19 12:27:18.384 | critical |          Always | TT_FATAL: Target number of cores 100 is greater than total available cores 5 (assert.hpp:104)
2026-07-19 12:27:18.384 | info     |           Metal | Disabling and clearing program cache on MeshDevice 1 (mesh_device.cpp:1064)
2026-07-19 12:27:18.384 | critical |          Always | TT_FATAL: Target number of cores 100 is greater than total available cores 4 (assert.hpp:104)
2026-07-19 12:27:18.384 | info     |           Metal | Disabling and clearing program cache on MeshDevice 1 (mesh_device.cpp:1064)
2026-07-19 12:27:18.384 | critical |          Always | TT_FATAL: Target number of cores 100 is greater than total available cores 3 (assert.hpp:104)
2026-07-19 12:27:18.385 | info     |           Metal | Disabling and clearing program cache on MeshDevice 1 (mesh_device.cpp:1064)
2026-07-19 12:27:18.385 | critical |          Always | TT_FATAL: Target number of cores 100 is greater than total available cores 2 (assert.hpp:104)
2026-07-19 12:27:18.385 | info     |           Metal | Disabling and clearing program cache on MeshDevice 1 (mesh_device.cpp:1064)
2026-07-19 12:27:18.385 | critical |          Always | TT_FATAL: Target number of cores 100 is greater than total available cores 1 (assert.hpp:104)
2026-07-19 12:27:18.385 | info     |           Metal | Disabling and clearing program cache on MeshDevice 1 (mesh_device.cpp:1064)
2026-07-19 12:27:18.385 | critical |          Always | TT_FATAL: Error: Memory layout mismatch. (assert.hpp:104)
2026-07-19 12:27:18.385 | info     |           Metal | Disabling and clearing program cache on MeshDevice 1 (mesh_device.cpp:1064)
2026-07-19 12:27:18.385 | critical |          Always | TT_FATAL: Error: Memory layout mismatch. (assert.hpp:104)
2026-07-19 12:27:18.385 | info     |           Metal | Disabling and clearing program cache on MeshDevice 1 (mesh_device.cpp:1064)
2026-07-19 12:27:18.385 | critical |          Always | TT_FATAL: Error: Memory layout mismatch. (assert.hpp:104)
2026-07-19 12:27:18.385 | info     |           Metal | Disabling and clearing program cache on MeshDevice 1 (mesh_device.cpp:1064)
2026-07-19 12:27:18.385 | critical |          Always | TT_FATAL: Error: Memory layout mismatch. (assert.hpp:104)
2026-07-19 12:27:18.386 | info     |           Metal | Disabling and clearing program cache on MeshDevice 1 (mesh_device.cpp:1064)
2026-07-19 12:27:18.386 | critical |          Always | TT_FATAL: Error: Memory layout mismatch. (assert.hpp:104)
2026-07-19 12:27:18.386 | info     |           Metal | Disabling and clearing program cache on MeshDevice 1 (mesh_device.cpp:1064)
2026-07-19 12:27:18.386 | critical |          Always | TT_FATAL: Error: Memory layout mismatch. (assert.hpp:104)
2026-07-19 12:27:18.386 | info     |           Metal | Disabling and clearing program cache on MeshDevice 1 (mesh_device.cpp:1064)
2026-07-19 12:27:18.386 | critical |          Always | TT_FATAL: Error: Memory layout mismatch. (assert.hpp:104)
2026-07-19 12:27:18.386 | info     |           Metal | Disabling and clearing program cache on MeshDevice 1 (mesh_device.cpp:1064)
2026-07-19 12:27:18.386 | critical |          Always | TT_FATAL: Error: Memory layout mismatch. (assert.hpp:104)
2026-07-19 12:27:18.386 | info     |           Metal | Disabling and clearing program cache on MeshDevice 1 (mesh_device.cpp:1064)
2026-07-19 12:27:18.386 | critical |          Always | TT_FATAL: Error: Memory layout mismatch. (assert.hpp:104)
2026-07-19 12:27:18.386 | info     |           Metal | Disabling and clearing program cache on MeshDevice 1 (mesh_device.cpp:1064)
2026-07-19 12:27:18.386 | critical |          Always | TT_FATAL: Error: Memory layout mismatch. (assert.hpp:104)
2026-07-19 12:27:18.387 | info     |           Metal | Disabling and clearing program cache on MeshDevice 1 (mesh_device.cpp:1064)
2026-07-19 12:27:18.387 | critical |          Always | TT_FATAL: Error: Memory layout mismatch. (assert.hpp:104)
2026-07-19 12:27:18.387 | info     |           Metal | Disabling and clearing program cache on MeshDevice 1 (mesh_device.cpp:1064)
2026-07-19 12:27:18.387 | info     |           Metal | Disabling and clearing program cache on MeshDevice 1 (mesh_device.cpp:1064)
2026-07-19 12:27:18.387 | critical |          Always | TT_FATAL: Error: input_tensor_a must be height sharded. (assert.hpp:104)
2026-07-19 12:27:18.387 | info     |           Metal | Disabling and clearing program cache on MeshDevice 1 (mesh_device.cpp:1064)
2026-07-19 12:27:18.387 | critical |          Always | TT_FATAL: Error: shard_shape[1] (96) / in0_tile.get_width() (32) must be divisible by in0_block_w (2). (assert.hpp:104)
2026-07-19 12:27:18.387 | info     |           Metal | Disabling and clearing program cache on MeshDevice 1 (mesh_device.cpp:1064)
2026-07-19 12:27:18.388 | critical |          Always | TT_FATAL: Error: shard_shape[1] (96) / in0_tile.get_width() (32) must be divisible by in0_block_w (2). (assert.hpp:104)
2026-07-19 12:27:18.388 | info     |           Metal | Disabling and clearing program cache on MeshDevice 1 (mesh_device.cpp:1064)
2026-07-19 12:27:18.388 | critical |          Always | TT_FATAL: Error: shard_shape[1] (96) / in0_tile.get_width() (32) must be divisible by in0_block_w (2). (assert.hpp:104)
2026-07-19 12:27:18.388 | info     |           Metal | Disabling and clearing program cache on MeshDevice 1 (mesh_device.cpp:1064)
2026-07-19 12:27:18.388 | critical |          Always | TT_FATAL: Error: shard_shape[1] (96) / in0_tile.get_width() (32) must be divisible by in0_block_w (2). (assert.hpp:104)
2026-07-19 12:27:18.388 | info     |           Metal | Disabling and clearing program cache on MeshDevice 1 (mesh_device.cpp:1064)
2026-07-19 12:27:18.388 | critical |          Always | TT_FATAL: Error: shard_shape[1] (96) / in0_tile.get_width() (32) must be divisible by in0_block_w (2). (assert.hpp:104)
2026-07-19 12:27:18.388 | info     |           Metal | Disabling and clearing program cache on MeshDevice 1 (mesh_device.cpp:1064)
2026-07-19 12:27:18.388 | critical |          Always | TT_FATAL: Error: shard_shape[1] (96) / in0_tile.get_width() (32) must be divisible by in0_block_w (2). (assert.hpp:104)
2026-07-19 12:27:18.388 | info     |           Metal | Disabling and clearing program cache on MeshDevice 1 (mesh_device.cpp:1064)
2026-07-19 12:27:18.388 | critical |          Always | TT_FATAL: Error: shard_shape[1] (96) / in0_tile.get_width() (32) must be divisible by in0_block_w (2). (assert.hpp:104)
2026-07-19 12:27:18.388 | info     |           Metal | Disabling and clearing program cache on MeshDevice 1 (mesh_device.cpp:1064)
2026-07-19 12:27:18.389 | critical |          Always | TT_FATAL: Error: shard_shape[1] (96) / in0_tile.get_width() (32) must be divisible by in0_block_w (2). (assert.hpp:104)
2026-07-19 12:27:18.389 | info     |           Metal | Disabling and clearing program cache on MeshDevice 1 (mesh_device.cpp:1064)
2026-07-19 12:27:18.389 | critical |          Always | TT_FATAL: Error: shard_shape[1] (96) / in0_tile.get_width() (32) must be divisible by in0_block_w (2). (assert.hpp:104)
2026-07-19 12:27:18.389 | info     |           Metal | Disabling and clearing program cache on MeshDevice 1 (mesh_device.cpp:1064)
2026-07-19 12:27:18.389 | critical |          Always | TT_FATAL: Error: shard_shape[1] (96) / in0_tile.get_width() (32) must be divisible by in0_block_w (2). (assert.hpp:104)
2026-07-19 12:27:18.389 | info     |           Metal | Disabling and clearing program cache on MeshDevice 1 (mesh_device.cpp:1064)
2026-07-19 12:27:18.389 | critical |          Always | TT_FATAL: Error: shard_shape[1] (96) / in0_tile.get_width() (32) must be divisible by in0_block_w (2). (assert.hpp:104)
2026-07-19 12:27:18.389 | info     |           Metal | Disabling and clearing program cache on MeshDevice 1 (mesh_device.cpp:1064)
2026-07-19 12:27:18.389 | critical |          Always | TT_FATAL: Error: shard_shape[1] (96) / in0_tile.get_width() (32) must be divisible by in0_block_w (2). (assert.hpp:104)
2026-07-19 12:27:18.389 | info     |           Metal | Disabling and clearing program cache on MeshDevice 1 (mesh_device.cpp:1064)
2026-07-19 12:27:18.389 | critical |          Always | TT_FATAL: Error: shard_shape[1] (96) / in0_tile.get_width() (32) must be divisible by in0_block_w (2). (assert.hpp:104)
2026-07-19 12:27:18.389 | info     |           Metal | Disabling and clearing program cache on MeshDevice 1 (mesh_device.cpp:1064)
2026-07-19 12:27:18.389 | critical |          Always | TT_FATAL: Error: shard_shape[1] (96) / in0_tile.get_width() (32) must be divisible by in0_block_w (2). (assert.hpp:104)
2026-07-19 12:27:18.390 | info     |           Metal | Disabling and clearing program cache on MeshDevice 1 (mesh_device.cpp:1064)
2026-07-19 12:27:18.390 | critical |          Always | TT_FATAL: Error: shard_shape[1] (96) / in0_tile.get_width() (32) must be divisible by in0_block_w (2). (assert.hpp:104)
2026-07-19 12:27:18.390 | info     |           Metal | Disabling and clearing program cache on MeshDevice 1 (mesh_device.cpp:1064)
2026-07-19 12:27:18.390 | critical |          Always | TT_FATAL: Error: shard_shape[1] (96) / in0_tile.get_width() (32) must be divisible by in0_block_w (2). (assert.hpp:104)
2026-07-19 12:27:18.390 | info     |           Metal | Disabling and clearing program cache on MeshDevice 1 (mesh_device.cpp:1064)
2026-07-19 12:27:18.390 | critical |          Always | TT_FATAL: Error: Memory layout mismatch. (assert.hpp:104)
2026-07-19 12:27:18.390 | info     |           Metal | Disabling and clearing program cache on MeshDevice 1 (mesh_device.cpp:1064)
2026-07-19 12:27:18.390 | critical |          Always | TT_FATAL: Error: Memory layout mismatch. (assert.hpp:104)
2026-07-19 12:27:18.390 | info     |           Metal | Disabling and clearing program cache on MeshDevice 1 (mesh_device.cpp:1064)
2026-07-19 12:27:18.390 | critical |          Always | TT_FATAL: Error: Memory layout mismatch. (assert.hpp:104)
2026-07-19 12:27:18.390 | info     |           Metal | Disabling and clearing program cache on MeshDevice 1 (mesh_device.cpp:1064)
2026-07-19 12:27:18.390 | critical |          Always | TT_FATAL: Error: Memory layout mismatch. (assert.hpp:104)
2026-07-19 12:27:18.390 | info     |           Metal | Disabling and clearing program cache on MeshDevice 1 (mesh_device.cpp:1064)
2026-07-19 12:27:18.390 | critical |          Always | TT_FATAL: Error: Memory layout mismatch. (assert.hpp:104)
2026-07-19 12:27:18.391 | info     |           Metal | Disabling and clearing program cache on MeshDevice 1 (mesh_device.cpp:1064)
2026-07-19 12:27:18.391 | critical |          Always | TT_FATAL: Error: Memory layout mismatch. (assert.hpp:104)
2026-07-19 12:27:18.391 | info     |           Metal | Disabling and clearing program cache on MeshDevice 1 (mesh_device.cpp:1064)
2026-07-19 12:27:18.391 | critical |          Always | TT_FATAL: Error: Memory layout mismatch. (assert.hpp:104)
2026-07-19 12:27:18.391 | info     |           Metal | Disabling and clearing program cache on MeshDevice 1 (mesh_device.cpp:1064)
2026-07-19 12:27:18.391 | critical |          Always | TT_FATAL: Error: Memory layout mismatch. (assert.hpp:104)
2026-07-19 12:27:18.391 | info     |           Metal | Disabling and clearing program cache on MeshDevice 1 (mesh_device.cpp:1064)
2026-07-19 12:27:18.391 | critical |          Always | TT_FATAL: Error: Memory layout mismatch. (assert.hpp:104)
2026-07-19 12:27:18.391 | info     |           Metal | Disabling and clearing program cache on MeshDevice 1 (mesh_device.cpp:1064)
2026-07-19 12:27:18.391 | critical |          Always | TT_FATAL: Error: Memory layout mismatch. (assert.hpp:104)
2026-07-19 12:27:18.391 | info     |           Metal | Disabling and clearing program cache on MeshDevice 1 (mesh_device.cpp:1064)
2026-07-19 12:27:18.391 | critical |          Always | TT_FATAL: Error: Memory layout mismatch. (assert.hpp:104)
2026-07-19 12:27:18.391 | info     |           Metal | Disabling and clearing program cache on MeshDevice 1 (mesh_device.cpp:1064)
2026-07-19 12:27:18.392 | info     |           Metal | Disabling and clearing program cache on MeshDevice 1 (mesh_device.cpp:1064)
2026-07-19 12:27:18.392 | critical |          Always | TT_FATAL: Error: input_tensor_a must be height sharded. (assert.hpp:104)
2026-07-19 12:27:18.392 | info     |           Metal | Disabling and clearing program cache on MeshDevice 1 (mesh_device.cpp:1064)
2026-07-19 12:27:18.392 | info     |           Metal | Disabling and clearing program cache on MeshDevice 1 (mesh_device.cpp:1064)
2026-07-19 12:27:18.393 | info     |           Metal | Disabling and clearing program cache on MeshDevice 1 (mesh_device.cpp:1064)
2026-07-19 12:27:18.393 | critical |          Always | TT_FATAL: Target number of cores 50 is greater than total available cores 44 (assert.hpp:104)
2026-07-19 12:27:18.393 | info     |           Metal | Disabling and clearing program cache on MeshDevice 1 (mesh_device.cpp:1064)
2026-07-19 12:27:18.393 | critical |          Always | TT_FATAL: Target number of cores 50 is greater than total available cores 33 (assert.hpp:104)
2026-07-19 12:27:18.393 | info     |           Metal | Disabling and clearing program cache on MeshDevice 1 (mesh_device.cpp:1064)
2026-07-19 12:27:18.393 | critical |          Always | TT_FATAL: Target number of cores 50 is greater than total available cores 22 (assert.hpp:104)
2026-07-19 12:27:18.393 | info     |           Metal | Disabling and clearing program cache on MeshDevice 1 (mesh_device.cpp:1064)
2026-07-19 12:27:18.393 | critical |          Always | TT_FATAL: Target number of cores 50 is greater than total available cores 11 (assert.hpp:104)
2026-07-19 12:27:18.394 | info     |           Metal | Disabling and clearing program cache on MeshDevice 1 (mesh_device.cpp:1064)
2026-07-19 12:27:18.394 | critical |          Always | TT_FATAL: Target number of cores 50 is greater than total available cores 10 (assert.hpp:104)
2026-07-19 12:27:18.394 | info     |           Metal | Disabling and clearing program cache on MeshDevice 1 (mesh_device.cpp:1064)
2026-07-19 12:27:18.394 | critical |          Always | TT_FATAL: Target number of cores 50 is greater than total available cores 9 (assert.hpp:104)
2026-07-19 12:27:18.394 | info     |           Metal | Disabling and clearing program cache on MeshDevice 1 (mesh_device.cpp:1064)
2026-07-19 12:27:18.394 | critical |          Always | TT_FATAL: Target number of cores 50 is greater than total available cores 8 (assert.hpp:104)
2026-07-19 12:27:18.394 | info     |           Metal | Disabling and clearing program cache on MeshDevice 1 (mesh_device.cpp:1064)
2026-07-19 12:27:18.394 | critical |          Always | TT_FATAL: Target number of cores 50 is greater than total available cores 7 (assert.hpp:104)
2026-07-19 12:27:18.394 | info     |           Metal | Disabling and clearing program cache on MeshDevice 1 (mesh_device.cpp:1064)
2026-07-19 12:27:18.394 | critical |          Always | TT_FATAL: Target number of cores 50 is greater than total available cores 6 (assert.hpp:104)
2026-07-19 12:27:18.394 | info     |           Metal | Disabling and clearing program cache on MeshDevice 1 (mesh_device.cpp:1064)
2026-07-19 12:27:18.394 | critical |          Always | TT_FATAL: Target number of cores 50 is greater than total available cores 5 (assert.hpp:104)
2026-07-19 12:27:18.394 | info     |           Metal | Disabling and clearing program cache on MeshDevice 1 (mesh_device.cpp:1064)
2026-07-19 12:27:18.395 | critical |          Always | TT_FATAL: Target number of cores 50 is greater than total available cores 4 (assert.hpp:104)
2026-07-19 12:27:18.395 | info     |           Metal | Disabling and clearing program cache on MeshDevice 1 (mesh_device.cpp:1064)
2026-07-19 12:27:18.395 | critical |          Always | TT_FATAL: Target number of cores 50 is greater than total available cores 3 (assert.hpp:104)
2026-07-19 12:27:18.395 | info     |           Metal | Disabling and clearing program cache on MeshDevice 1 (mesh_device.cpp:1064)
2026-07-19 12:27:18.395 | critical |          Always | TT_FATAL: Target number of cores 50 is greater than total available cores 2 (assert.hpp:104)
2026-07-19 12:27:18.395 | info     |           Metal | Disabling and clearing program cache on MeshDevice 1 (mesh_device.cpp:1064)
2026-07-19 12:27:18.395 | critical |          Always | TT_FATAL: Target number of cores 50 is greater than total available cores 1 (assert.hpp:104)
2026-07-19 12:27:18.395 | info     |           Metal | Disabling and clearing program cache on MeshDevice 1 (mesh_device.cpp:1064)
2026-07-19 12:27:18.395 | critical |          Always | TT_FATAL: Error: Memory layout mismatch. (assert.hpp:104)
2026-07-19 12:27:18.395 | info     |           Metal | Disabling and clearing program cache on MeshDevice 1 (mesh_device.cpp:1064)
2026-07-19 12:27:18.395 | critical |          Always | TT_FATAL: Error: Memory layout mismatch. (assert.hpp:104)
2026-07-19 12:27:18.395 | info     |           Metal | Disabling and clearing program cache on MeshDevice 1 (mesh_device.cpp:1064)
2026-07-19 12:27:18.395 | critical |          Always | TT_FATAL: Error: Memory layout mismatch. (assert.hpp:104)
2026-07-19 12:27:18.396 | info     |           Metal | Disabling and clearing program cache on MeshDevice 1 (mesh_device.cpp:1064)
2026-07-19 12:27:18.396 | critical |          Always | TT_FATAL: Error: Memory layout mismatch. (assert.hpp:104)
2026-07-19 12:27:18.396 | info     |           Metal | Disabling and clearing program cache on MeshDevice 1 (mesh_device.cpp:1064)
2026-07-19 12:27:18.396 | critical |          Always | TT_FATAL: Error: Memory layout mismatch. (assert.hpp:104)
2026-07-19 12:27:18.396 | info     |           Metal | Disabling and clearing program cache on MeshDevice 1 (mesh_device.cpp:1064)
2026-07-19 12:27:18.396 | critical |          Always | TT_FATAL: Error: Memory layout mismatch. (assert.hpp:104)
2026-07-19 12:27:18.396 | info     |           Metal | Disabling and clearing program cache on MeshDevice 1 (mesh_device.cpp:1064)
2026-07-19 12:27:18.396 | critical |          Always | TT_FATAL: Error: Memory layout mismatch. (assert.hpp:104)
2026-07-19 12:27:18.396 | info     |           Metal | Disabling and clearing program cache on MeshDevice 1 (mesh_device.cpp:1064)
2026-07-19 12:27:18.396 | critical |          Always | TT_FATAL: Error: Memory layout mismatch. (assert.hpp:104)
2026-07-19 12:27:18.396 | info     |           Metal | Disabling and clearing program cache on MeshDevice 1 (mesh_device.cpp:1064)
2026-07-19 12:27:18.396 | critical |          Always | TT_FATAL: Error: Memory layout mismatch. (assert.hpp:104)
2026-07-19 12:27:18.396 | info     |           Metal | Disabling and clearing program cache on MeshDevice 1 (mesh_device.cpp:1064)
2026-07-19 12:27:18.396 | critical |          Always | TT_FATAL: Error: Memory layout mismatch. (assert.hpp:104)
2026-07-19 12:27:18.397 | info     |           Metal | Disabling and clearing program cache on MeshDevice 1 (mesh_device.cpp:1064)
2026-07-19 12:27:18.397 | critical |          Always | TT_FATAL: Error: Memory layout mismatch. (assert.hpp:104)
2026-07-19 12:27:18.397 | info     |           Metal | Disabling and clearing program cache on MeshDevice 1 (mesh_device.cpp:1064)
2026-07-19 12:27:18.397 | info     |           Metal | Disabling and clearing program cache on MeshDevice 1 (mesh_device.cpp:1064)
2026-07-19 12:27:18.397 | critical |          Always | TT_FATAL: Error: input_tensor_a must be height sharded. (assert.hpp:104)
2026-07-19 12:27:18.397 | info     |           Metal | Disabling and clearing program cache on MeshDevice 1 (mesh_device.cpp:1064)
2026-07-19 12:27:18.397 | critical |          Always | TT_FATAL: Error: shard_shape[1] (160) / in0_tile.get_width() (32) must be divisible by in0_block_w (2). (assert.hpp:104)
2026-07-19 12:27:18.397 | info     |           Metal | Disabling and clearing program cache on MeshDevice 1 (mesh_device.cpp:1064)
2026-07-19 12:27:18.397 | critical |          Always | TT_FATAL: Error: shard_shape[1] (160) / in0_tile.get_width() (32) must be divisible by in0_block_w (2). (assert.hpp:104)
2026-07-19 12:27:18.398 | info     |           Metal | Disabling and clearing program cache on MeshDevice 1 (mesh_device.cpp:1064)
2026-07-19 12:27:18.398 | critical |          Always | TT_FATAL: Error: shard_shape[1] (160) / in0_tile.get_width() (32) must be divisible by in0_block_w (2). (assert.hpp:104)
2026-07-19 12:27:18.398 | info     |           Metal | Disabling and clearing program cache on MeshDevice 1 (mesh_device.cpp:1064)
2026-07-19 12:27:18.398 | critical |          Always | TT_FATAL: Error: shard_shape[1] (160) / in0_tile.get_width() (32) must be divisible by in0_block_w (2). (assert.hpp:104)
2026-07-19 12:27:18.398 | info     |           Metal | Disabling and clearing program cache on MeshDevice 1 (mesh_device.cpp:1064)
2026-07-19 12:27:18.398 | critical |          Always | TT_FATAL: Error: shard_shape[1] (160) / in0_tile.get_width() (32) must be divisible by in0_block_w (2). (assert.hpp:104)
2026-07-19 12:27:18.398 | info     |           Metal | Disabling and clearing program cache on MeshDevice 1 (mesh_device.cpp:1064)
2026-07-19 12:27:18.398 | critical |          Always | TT_FATAL: Error: shard_shape[1] (160) / in0_tile.get_width() (32) must be divisible by in0_block_w (2). (assert.hpp:104)
2026-07-19 12:27:18.398 | info     |           Metal | Disabling and clearing program cache on MeshDevice 1 (mesh_device.cpp:1064)
2026-07-19 12:27:18.398 | critical |          Always | TT_FATAL: Error: shard_shape[1] (160) / in0_tile.get_width() (32) must be divisible by in0_block_w (2). (assert.hpp:104)
2026-07-19 12:27:18.398 | info     |           Metal | Disabling and clearing program cache on MeshDevice 1 (mesh_device.cpp:1064)
2026-07-19 12:27:18.398 | critical |          Always | TT_FATAL: Error: shard_shape[1] (160) / in0_tile.get_width() (32) must be divisible by in0_block_w (2). (assert.hpp:104)
2026-07-19 12:27:18.398 | info     |           Metal | Disabling and clearing program cache on MeshDevice 1 (mesh_device.cpp:1064)
2026-07-19 12:27:18.399 | critical |          Always | TT_FATAL: Error: shard_shape[1] (160) / in0_tile.get_width() (32) must be divisible by in0_block_w (2). (assert.hpp:104)
2026-07-19 12:27:18.399 | info     |           Metal | Disabling and clearing program cache on MeshDevice 1 (mesh_device.cpp:1064)
2026-07-19 12:27:18.399 | critical |          Always | TT_FATAL: Error: shard_shape[1] (160) / in0_tile.get_width() (32) must be divisible by in0_block_w (2). (assert.hpp:104)
2026-07-19 12:27:18.399 | info     |           Metal | Disabling and clearing program cache on MeshDevice 1 (mesh_device.cpp:1064)
2026-07-19 12:27:18.399 | critical |          Always | TT_FATAL: Error: shard_shape[1] (160) / in0_tile.get_width() (32) must be divisible by in0_block_w (2). (assert.hpp:104)
2026-07-19 12:27:18.399 | info     |           Metal | Disabling and clearing program cache on MeshDevice 1 (mesh_device.cpp:1064)
2026-07-19 12:27:18.399 | critical |          Always | TT_FATAL: Error: shard_shape[1] (160) / in0_tile.get_width() (32) must be divisible by in0_block_w (2). (assert.hpp:104)
2026-07-19 12:27:18.399 | info     |           Metal | Disabling and clearing program cache on MeshDevice 1 (mesh_device.cpp:1064)
2026-07-19 12:27:18.399 | critical |          Always | TT_FATAL: Error: shard_shape[1] (160) / in0_tile.get_width() (32) must be divisible by in0_block_w (2). (assert.hpp:104)
2026-07-19 12:27:18.399 | info     |           Metal | Disabling and clearing program cache on MeshDevice 1 (mesh_device.cpp:1064)
2026-07-19 12:27:18.399 | critical |          Always | TT_FATAL: Error: shard_shape[1] (160) / in0_tile.get_width() (32) must be divisible by in0_block_w (2). (assert.hpp:104)
2026-07-19 12:27:18.399 | info     |           Metal | Disabling and clearing program cache on MeshDevice 1 (mesh_device.cpp:1064)
2026-07-19 12:27:18.399 | critical |          Always | TT_FATAL: Error: shard_shape[1] (160) / in0_tile.get_width() (32) must be divisible by in0_block_w (2). (assert.hpp:104)
2026-07-19 12:27:18.399 | info     |           Metal | Disabling and clearing program cache on MeshDevice 1 (mesh_device.cpp:1064)
2026-07-19 12:27:18.400 | critical |          Always | TT_FATAL: Error: shard_shape[1] (160) / in0_tile.get_width() (32) must be divisible by in0_block_w (2). (assert.hpp:104)
2026-07-19 12:27:18.400 | info     |           Metal | Disabling and clearing program cache on MeshDevice 1 (mesh_device.cpp:1064)
2026-07-19 12:27:18.400 | critical |          Always | TT_FATAL: Error: Memory layout mismatch. (assert.hpp:104)
2026-07-19 12:27:18.400 | info     |           Metal | Disabling and clearing program cache on MeshDevice 1 (mesh_device.cpp:1064)
2026-07-19 12:27:18.400 | critical |          Always | TT_FATAL: Error: Memory layout mismatch. (assert.hpp:104)
2026-07-19 12:27:18.400 | info     |           Metal | Disabling and clearing program cache on MeshDevice 1 (mesh_device.cpp:1064)
2026-07-19 12:27:18.400 | critical |          Always | TT_FATAL: Error: Memory layout mismatch. (assert.hpp:104)
2026-07-19 12:27:18.400 | info     |           Metal | Disabling and clearing program cache on MeshDevice 1 (mesh_device.cpp:1064)
2026-07-19 12:27:18.400 | critical |          Always | TT_FATAL: Error: Memory layout mismatch. (assert.hpp:104)
2026-07-19 12:27:18.400 | info     |           Metal | Disabling and clearing program cache on MeshDevice 1 (mesh_device.cpp:1064)
2026-07-19 12:27:18.400 | critical |          Always | TT_FATAL: Error: Memory layout mismatch. (assert.hpp:104)
2026-07-19 12:27:18.400 | info     |           Metal | Disabling and clearing program cache on MeshDevice 1 (mesh_device.cpp:1064)
2026-07-19 12:27:18.400 | critical |          Always | TT_FATAL: Error: Memory layout mismatch. (assert.hpp:104)
2026-07-19 12:27:18.401 | info     |           Metal | Disabling and clearing program cache on MeshDevice 1 (mesh_device.cpp:1064)
2026-07-19 12:27:18.401 | critical |          Always | TT_FATAL: Error: Memory layout mismatch. (assert.hpp:104)
2026-07-19 12:27:18.401 | info     |           Metal | Disabling and clearing program cache on MeshDevice 1 (mesh_device.cpp:1064)
2026-07-19 12:27:18.401 | critical |          Always | TT_FATAL: Error: Memory layout mismatch. (assert.hpp:104)
2026-07-19 12:27:18.401 | info     |           Metal | Disabling and clearing program cache on MeshDevice 1 (mesh_device.cpp:1064)
2026-07-19 12:27:18.401 | critical |          Always | TT_FATAL: Error: Memory layout mismatch. (assert.hpp:104)
2026-07-19 12:27:18.401 | info     |           Metal | Disabling and clearing program cache on MeshDevice 1 (mesh_device.cpp:1064)
2026-07-19 12:27:18.401 | critical |          Always | TT_FATAL: Error: Memory layout mismatch. (assert.hpp:104)
2026-07-19 12:27:18.401 | info     |           Metal | Disabling and clearing program cache on MeshDevice 1 (mesh_device.cpp:1064)
2026-07-19 12:27:18.401 | critical |          Always | TT_FATAL: Error: Memory layout mismatch. (assert.hpp:104)
2026-07-19 12:27:18.401 | info     |           Metal | Disabling and clearing program cache on MeshDevice 1 (mesh_device.cpp:1064)
2026-07-19 12:27:18.402 | info     |           Metal | Disabling and clearing program cache on MeshDevice 1 (mesh_device.cpp:1064)
2026-07-19 12:27:18.402 | critical |          Always | TT_FATAL: Error: input_tensor_a must be height sharded. (assert.hpp:104)
2026-07-19 12:27:18.402 | info     |           Metal | Disabling and clearing program cache on MeshDevice 1 (mesh_device.cpp:1064)
2026-07-19 12:27:18.402 | critical |          Always | TT_FATAL: Error: input_tensor_a must be width sharded. Provided tensor memory layout: TensorMemoryLayout::BLOCK_SHARDED (assert.hpp:104)
2026-07-19 12:27:18.402 | info     |           Metal | Disabling and clearing program cache on MeshDevice 1 (mesh_device.cpp:1064)
2026-07-19 12:27:18.402 | critical |          Always | TT_FATAL: Error: input_tensor_a must be width sharded. Provided tensor memory layout: TensorMemoryLayout::BLOCK_SHARDED (assert.hpp:104)
2026-07-19 12:27:18.402 | info     |           Metal | Disabling and clearing program cache on MeshDevice 1 (mesh_device.cpp:1064)
2026-07-19 12:27:18.402 | critical |          Always | TT_FATAL: Error: input_tensor_a must be width sharded. Provided tensor memory layout: TensorMemoryLayout::BLOCK_SHARDED (assert.hpp:104)
2026-07-19 12:27:18.402 | info     |           Metal | Disabling and clearing program cache on MeshDevice 1 (mesh_device.cpp:1064)
2026-07-19 12:27:18.402 | critical |          Always | TT_FATAL: Error: input_tensor_a must be width sharded. Provided tensor memory layout: TensorMemoryLayout::BLOCK_SHARDED (assert.hpp:104)
2026-07-19 12:27:18.402 | info     |           Metal | Disabling and clearing program cache on MeshDevice 1 (mesh_device.cpp:1064)
2026-07-19 12:27:18.402 | critical |          Always | TT_FATAL: Error: input_tensor_a must be width sharded. Provided tensor memory layout: TensorMemoryLayout::BLOCK_SHARDED (assert.hpp:104)
2026-07-19 12:27:18.402 | info     |           Metal | Disabling and clearing program cache on MeshDevice 1 (mesh_device.cpp:1064)
2026-07-19 12:27:18.402 | critical |          Always | TT_FATAL: Error: input_tensor_a must be width sharded. Provided tensor memory layout: TensorMemoryLayout::BLOCK_SHARDED (assert.hpp:104)
2026-07-19 12:27:18.403 | info     |           Metal | Disabling and clearing program cache on MeshDevice 1 (mesh_device.cpp:1064)
2026-07-19 12:27:18.403 | critical |          Always | TT_FATAL: Error: input_tensor_a must be width sharded. Provided tensor memory layout: TensorMemoryLayout::BLOCK_SHARDED (assert.hpp:104)
2026-07-19 12:27:18.403 | info     |           Metal | Disabling and clearing program cache on MeshDevice 1 (mesh_device.cpp:1064)
2026-07-19 12:27:18.403 | critical |          Always | TT_FATAL: Error: input_tensor_a must be width sharded. Provided tensor memory layout: TensorMemoryLayout::BLOCK_SHARDED (assert.hpp:104)
2026-07-19 12:27:18.403 | info     |           Metal | Disabling and clearing program cache on MeshDevice 1 (mesh_device.cpp:1064)
2026-07-19 12:27:18.403 | critical |          Always | TT_FATAL: Error: input_tensor_a must be width sharded. Provided tensor memory layout: TensorMemoryLayout::BLOCK_SHARDED (assert.hpp:104)
2026-07-19 12:27:18.403 | info     |           Metal | Disabling and clearing program cache on MeshDevice 1 (mesh_device.cpp:1064)
2026-07-19 12:27:18.403 | critical |          Always | TT_FATAL: Error: input_tensor_a must be width sharded. Provided tensor memory layout: TensorMemoryLayout::BLOCK_SHARDED (assert.hpp:104)
2026-07-19 12:27:18.403 | info     |           Metal | Disabling and clearing program cache on MeshDevice 1 (mesh_device.cpp:1064)
2026-07-19 12:27:18.403 | critical |          Always | TT_FATAL: Error: input_tensor_a must be width sharded. Provided tensor memory layout: TensorMemoryLayout::BLOCK_SHARDED (assert.hpp:104)
2026-07-19 12:27:18.403 | info     |           Metal | Disabling and clearing program cache on MeshDevice 1 (mesh_device.cpp:1064)
2026-07-19 12:27:18.403 | critical |          Always | TT_FATAL: Error: input_tensor_a must be width sharded. Provided tensor memory layout: TensorMemoryLayout::BLOCK_SHARDED (assert.hpp:104)
2026-07-19 12:27:18.403 | info     |           Metal | Disabling and clearing program cache on MeshDevice 1 (mesh_device.cpp:1064)
2026-07-19 12:27:18.403 | critical |          Always | TT_FATAL: Error: input_tensor_a must be width sharded. Provided tensor memory layout: TensorMemoryLayout::BLOCK_SHARDED (assert.hpp:104)
2026-07-19 12:27:18.403 | info     |           Metal | Disabling and clearing program cache on MeshDevice 1 (mesh_device.cpp:1064)
2026-07-19 12:27:18.404 | critical |          Always | TT_FATAL: Error: input_tensor_a must be width sharded. Provided tensor memory layout: TensorMemoryLayout::BLOCK_SHARDED (assert.hpp:104)
2026-07-19 12:27:18.404 | info     |           Metal | Disabling and clearing program cache on MeshDevice 1 (mesh_device.cpp:1064)
2026-07-19 12:27:18.404 | critical |          Always | TT_FATAL: Error: input_tensor_a must be width sharded. Provided tensor memory layout: TensorMemoryLayout::BLOCK_SHARDED (assert.hpp:104)
2026-07-19 12:27:18.404 | info     |           Metal | Disabling and clearing program cache on MeshDevice 1 (mesh_device.cpp:1064)
2026-07-19 12:27:18.404 | critical |          Always | TT_FATAL: Error: input_tensor_a must be width sharded. Provided tensor memory layout: TensorMemoryLayout::BLOCK_SHARDED (assert.hpp:104)
2026-07-19 12:27:18.404 | info     |           Metal | Disabling and clearing program cache on MeshDevice 1 (mesh_device.cpp:1064)
2026-07-19 12:27:18.404 | critical |          Always | TT_FATAL: Error: input_tensor_a must be width sharded. Provided tensor memory layout: TensorMemoryLayout::BLOCK_SHARDED (assert.hpp:104)
2026-07-19 12:27:18.404 | info     |           Metal | Disabling and clearing program cache on MeshDevice 1 (mesh_device.cpp:1064)
2026-07-19 12:27:18.404 | critical |          Always | TT_FATAL: Error: input_tensor_a must be width sharded. Provided tensor memory layout: TensorMemoryLayout::BLOCK_SHARDED (assert.hpp:104)
2026-07-19 12:27:18.404 | info     |           Metal | Disabling and clearing program cache on MeshDevice 1 (mesh_device.cpp:1064)
2026-07-19 12:27:18.404 | critical |          Always | TT_FATAL: Error: input_tensor_a must be width sharded. Provided tensor memory layout: TensorMemoryLayout::BLOCK_SHARDED (assert.hpp:104)
2026-07-19 12:27:18.404 | info     |           Metal | Disabling and clearing program cache on MeshDevice 1 (mesh_device.cpp:1064)
2026-07-19 12:27:18.404 | critical |          Always | TT_FATAL: Error: input_tensor_a must be width sharded. Provided tensor memory layout: TensorMemoryLayout::BLOCK_SHARDED (assert.hpp:104)
2026-07-19 12:27:18.404 | info     |           Metal | Disabling and clearing program cache on MeshDevice 1 (mesh_device.cpp:1064)
2026-07-19 12:27:18.404 | critical |          Always | TT_FATAL: Error: input_tensor_a must be width sharded. Provided tensor memory layout: TensorMemoryLayout::BLOCK_SHARDED (assert.hpp:104)
2026-07-19 12:27:18.405 | info     |           Metal | Disabling and clearing program cache on MeshDevice 1 (mesh_device.cpp:1064)
2026-07-19 12:27:18.405 | critical |          Always | TT_FATAL: Error: input_tensor_a must be width sharded. Provided tensor memory layout: TensorMemoryLayout::BLOCK_SHARDED (assert.hpp:104)
2026-07-19 12:27:18.405 | info     |           Metal | Disabling and clearing program cache on MeshDevice 1 (mesh_device.cpp:1064)
2026-07-19 12:27:18.405 | critical |          Always | TT_FATAL: Error: input_tensor_a must be width sharded. Provided tensor memory layout: TensorMemoryLayout::BLOCK_SHARDED (assert.hpp:104)
2026-07-19 12:27:18.405 | info     |           Metal | Disabling and clearing program cache on MeshDevice 1 (mesh_device.cpp:1064)
2026-07-19 12:27:18.405 | critical |          Always | TT_FATAL: Error: input_tensor_a must be width sharded. Provided tensor memory layout: TensorMemoryLayout::BLOCK_SHARDED (assert.hpp:104)
2026-07-19 12:27:18.405 | info     |           Metal | Disabling and clearing program cache on MeshDevice 1 (mesh_device.cpp:1064)
2026-07-19 12:27:18.405 | critical |          Always | TT_FATAL: Error: input_tensor_a must be width sharded. Provided tensor memory layout: TensorMemoryLayout::BLOCK_SHARDED (assert.hpp:104)
2026-07-19 12:27:18.405 | info     |           Metal | Disabling and clearing program cache on MeshDevice 1 (mesh_device.cpp:1064)
2026-07-19 12:27:18.405 | critical |          Always | TT_FATAL: Error: input_tensor_a must be width sharded. Provided tensor memory layout: TensorMemoryLayout::BLOCK_SHARDED (assert.hpp:104)
2026-07-19 12:27:18.405 | info     |           Metal | Disabling and clearing program cache on MeshDevice 1 (mesh_device.cpp:1064)
2026-07-19 12:27:18.405 | critical |          Always | TT_FATAL: Error: input_tensor_a must be width sharded. Provided tensor memory layout: TensorMemoryLayout::BLOCK_SHARDED (assert.hpp:104)
2026-07-19 12:27:18.405 | info     |           Metal | Disabling and clearing program cache on MeshDevice 1 (mesh_device.cpp:1064)
2026-07-19 12:27:18.406 | info     |           Metal | Disabling and clearing program cache on MeshDevice 1 (mesh_device.cpp:1064)
2026-07-19 12:27:18.406 | critical |          Always | TT_FATAL: Error: input_tensor_a must be height sharded. (assert.hpp:104)
2026-07-19 12:27:18.406 | info     |           Metal | Disabling and clearing program cache on MeshDevice 1 (mesh_device.cpp:1064)
2026-07-19 12:27:18.406 | critical |          Always | TT_FATAL: Error: input_tensor_a must be width sharded. Provided tensor memory layout: TensorMemoryLayout::BLOCK_SHARDED (assert.hpp:104)
2026-07-19 12:27:18.406 | info     |           Metal | Disabling and clearing program cache on MeshDevice 1 (mesh_device.cpp:1064)
2026-07-19 12:27:18.406 | critical |          Always | TT_FATAL: Error: input_tensor_a must be width sharded. Provided tensor memory layout: TensorMemoryLayout::BLOCK_SHARDED (assert.hpp:104)
2026-07-19 12:27:18.406 | info     |           Metal | Disabling and clearing program cache on MeshDevice 1 (mesh_device.cpp:1064)
2026-07-19 12:27:18.406 | critical |          Always | TT_FATAL: Error: input_tensor_a must be width sharded. Provided tensor memory layout: TensorMemoryLayout::BLOCK_SHARDED (assert.hpp:104)
2026-07-19 12:27:18.406 | info     |           Metal | Disabling and clearing program cache on MeshDevice 1 (mesh_device.cpp:1064)
2026-07-19 12:27:18.406 | critical |          Always | TT_FATAL: Error: input_tensor_a must be width sharded. Provided tensor memory layout: TensorMemoryLayout::BLOCK_SHARDED (assert.hpp:104)
2026-07-19 12:27:18.406 | info     |           Metal | Disabling and clearing program cache on MeshDevice 1 (mesh_device.cpp:1064)
2026-07-19 12:27:18.406 | critical |          Always | TT_FATAL: Error: input_tensor_a must be width sharded. Provided tensor memory layout: TensorMemoryLayout::BLOCK_SHARDED (assert.hpp:104)
2026-07-19 12:27:18.406 | info     |           Metal | Disabling and clearing program cache on MeshDevice 1 (mesh_device.cpp:1064)
2026-07-19 12:27:18.407 | critical |          Always | TT_FATAL: Error: input_tensor_a must be width sharded. Provided tensor memory layout: TensorMemoryLayout::BLOCK_SHARDED (assert.hpp:104)
2026-07-19 12:27:18.407 | info     |           Metal | Disabling and clearing program cache on MeshDevice 1 (mesh_device.cpp:1064)
2026-07-19 12:27:18.407 | critical |          Always | TT_FATAL: Error: input_tensor_a must be width sharded. Provided tensor memory layout: TensorMemoryLayout::BLOCK_SHARDED (assert.hpp:104)
2026-07-19 12:27:18.407 | info     |           Metal | Disabling and clearing program cache on MeshDevice 1 (mesh_device.cpp:1064)
2026-07-19 12:27:18.407 | critical |          Always | TT_FATAL: Error: input_tensor_a must be width sharded. Provided tensor memory layout: TensorMemoryLayout::BLOCK_SHARDED (assert.hpp:104)
2026-07-19 12:27:18.407 | info     |           Metal | Disabling and clearing program cache on MeshDevice 1 (mesh_device.cpp:1064)
2026-07-19 12:27:18.407 | critical |          Always | TT_FATAL: Error: input_tensor_a must be width sharded. Provided tensor memory layout: TensorMemoryLayout::BLOCK_SHARDED (assert.hpp:104)
2026-07-19 12:27:18.407 | info     |           Metal | Disabling and clearing program cache on MeshDevice 1 (mesh_device.cpp:1064)
2026-07-19 12:27:18.407 | critical |          Always | TT_FATAL: Error: input_tensor_a must be width sharded. Provided tensor memory layout: TensorMemoryLayout::BLOCK_SHARDED (assert.hpp:104)
2026-07-19 12:27:18.407 | info     |           Metal | Disabling and clearing program cache on MeshDevice 1 (mesh_device.cpp:1064)
2026-07-19 12:27:18.407 | critical |          Always | TT_FATAL: Error: input_tensor_a must be width sharded. Provided tensor memory layout: TensorMemoryLayout::BLOCK_SHARDED (assert.hpp:104)
2026-07-19 12:27:18.407 | info     |           Metal | Disabling and clearing program cache on MeshDevice 1 (mesh_device.cpp:1064)
2026-07-19 12:27:18.407 | critical |          Always | TT_FATAL: Error: input_tensor_a must be width sharded. Provided tensor memory layout: TensorMemoryLayout::BLOCK_SHARDED (assert.hpp:104)
2026-07-19 12:27:18.407 | info     |           Metal | Disabling and clearing program cache on MeshDevice 1 (mesh_device.cpp:1064)
2026-07-19 12:27:18.407 | critical |          Always | TT_FATAL: Error: input_tensor_a must be width sharded. Provided tensor memory layout: TensorMemoryLayout::BLOCK_SHARDED (assert.hpp:104)
2026-07-19 12:27:18.408 | info     |           Metal | Disabling and clearing program cache on MeshDevice 1 (mesh_device.cpp:1064)
2026-07-19 12:27:18.408 | critical |          Always | TT_FATAL: Error: input_tensor_a must be width sharded. Provided tensor memory layout: TensorMemoryLayout::BLOCK_SHARDED (assert.hpp:104)
2026-07-19 12:27:18.408 | info     |           Metal | Disabling and clearing program cache on MeshDevice 1 (mesh_device.cpp:1064)
2026-07-19 12:27:18.408 | critical |          Always | TT_FATAL: Error: input_tensor_a must be width sharded. Provided tensor memory layout: TensorMemoryLayout::BLOCK_SHARDED (assert.hpp:104)
2026-07-19 12:27:18.408 | info     |           Metal | Disabling and clearing program cache on MeshDevice 1 (mesh_device.cpp:1064)
2026-07-19 12:27:18.408 | critical |          Always | TT_FATAL: Error: input_tensor_a must be width sharded. Provided tensor memory layout: TensorMemoryLayout::BLOCK_SHARDED (assert.hpp:104)
2026-07-19 12:27:18.408 | info     |           Metal | Disabling and clearing program cache on MeshDevice 1 (mesh_device.cpp:1064)
2026-07-19 12:27:18.408 | critical |          Always | TT_FATAL: Error: input_tensor_a must be width sharded. Provided tensor memory layout: TensorMemoryLayout::BLOCK_SHARDED (assert.hpp:104)
2026-07-19 12:27:18.408 | info     |           Metal | Disabling and clearing program cache on MeshDevice 1 (mesh_device.cpp:1064)
2026-07-19 12:27:18.408 | critical |          Always | TT_FATAL: Error: input_tensor_a must be width sharded. Provided tensor memory layout: TensorMemoryLayout::BLOCK_SHARDED (assert.hpp:104)
2026-07-19 12:27:18.408 | info     |           Metal | Disabling and clearing program cache on MeshDevice 1 (mesh_device.cpp:1064)
2026-07-19 12:27:18.408 | critical |          Always | TT_FATAL: Error: input_tensor_a must be width sharded. Provided tensor memory layout: TensorMemoryLayout::BLOCK_SHARDED (assert.hpp:104)
2026-07-19 12:27:18.408 | info     |           Metal | Disabling and clearing program cache on MeshDevice 1 (mesh_device.cpp:1064)
2026-07-19 12:27:18.408 | critical |          Always | TT_FATAL: Error: input_tensor_a must be width sharded. Provided tensor memory layout: TensorMemoryLayout::BLOCK_SHARDED (assert.hpp:104)
2026-07-19 12:27:18.408 | info     |           Metal | Disabling and clearing program cache on MeshDevice 1 (mesh_device.cpp:1064)
2026-07-19 12:27:18.409 | critical |          Always | TT_FATAL: Error: input_tensor_a must be width sharded. Provided tensor memory layout: TensorMemoryLayout::BLOCK_SHARDED (assert.hpp:104)
2026-07-19 12:27:18.409 | info     |           Metal | Disabling and clearing program cache on MeshDevice 1 (mesh_device.cpp:1064)
2026-07-19 12:27:18.409 | critical |          Always | TT_FATAL: Error: input_tensor_a must be width sharded. Provided tensor memory layout: TensorMemoryLayout::BLOCK_SHARDED (assert.hpp:104)
2026-07-19 12:27:18.409 | info     |           Metal | Disabling and clearing program cache on MeshDevice 1 (mesh_device.cpp:1064)
2026-07-19 12:27:18.409 | critical |          Always | TT_FATAL: Error: input_tensor_a must be width sharded. Provided tensor memory layout: TensorMemoryLayout::BLOCK_SHARDED (assert.hpp:104)
2026-07-19 12:27:18.409 | info     |           Metal | Disabling and clearing program cache on MeshDevice 1 (mesh_device.cpp:1064)
2026-07-19 12:27:18.409 | critical |          Always | TT_FATAL: Error: input_tensor_a must be width sharded. Provided tensor memory layout: TensorMemoryLayout::BLOCK_SHARDED (assert.hpp:104)
2026-07-19 12:27:18.409 | info     |           Metal | Disabling and clearing program cache on MeshDevice 1 (mesh_device.cpp:1064)
2026-07-19 12:27:18.409 | critical |          Always | TT_FATAL: Error: input_tensor_a must be width sharded. Provided tensor memory layout: TensorMemoryLayout::BLOCK_SHARDED (assert.hpp:104)
2026-07-19 12:27:18.409 | info     |           Metal | Disabling and clearing program cache on MeshDevice 1 (mesh_device.cpp:1064)
2026-07-19 12:27:18.409 | critical |          Always | TT_FATAL: Error: input_tensor_a must be width sharded. Provided tensor memory layout: TensorMemoryLayout::BLOCK_SHARDED (assert.hpp:104)
2026-07-19 12:27:18.409 | info     |           Metal | Disabling and clearing program cache on MeshDevice 1 (mesh_device.cpp:1064)
2026-07-19 12:27:18.409 | critical |          Always | TT_FATAL: Error: input_tensor_a must be width sharded. Provided tensor memory layout: TensorMemoryLayout::BLOCK_SHARDED (assert.hpp:104)
2026-07-19 12:27:18.409 | info     |           Metal | Disabling and clearing program cache on MeshDevice 1 (mesh_device.cpp:1064)
2026-07-19 12:27:18.410 | info     |           Metal | Disabling and clearing program cache on MeshDevice 1 (mesh_device.cpp:1064)
2026-07-19 12:27:18.410 | critical |          Always | TT_FATAL: Error: input_tensor_a must be height sharded. (assert.hpp:104)
2026-07-19 12:27:18.410 | info     |           Metal | Disabling and clearing program cache on MeshDevice 1 (mesh_device.cpp:1064)
2026-07-19 12:27:18.410 | critical |          Always | TT_FATAL: Error: input_tensor_a must be width sharded. Provided tensor memory layout: TensorMemoryLayout::BLOCK_SHARDED (assert.hpp:104)
2026-07-19 12:27:18.410 | info     |           Metal | Disabling and clearing program cache on MeshDevice 1 (mesh_device.cpp:1064)
2026-07-19 12:27:18.410 | critical |          Always | TT_FATAL: Error: input_tensor_a must be width sharded. Provided tensor memory layout: TensorMemoryLayout::BLOCK_SHARDED (assert.hpp:104)
2026-07-19 12:27:18.410 | info     |           Metal | Disabling and clearing program cache on MeshDevice 1 (mesh_device.cpp:1064)
2026-07-19 12:27:18.410 | critical |          Always | TT_FATAL: Error: input_tensor_a must be width sharded. Provided tensor memory layout: TensorMemoryLayout::BLOCK_SHARDED (assert.hpp:104)
2026-07-19 12:27:18.410 | info     |           Metal | Disabling and clearing program cache on MeshDevice 1 (mesh_device.cpp:1064)
2026-07-19 12:27:18.410 | critical |          Always | TT_FATAL: Error: input_tensor_a must be width sharded. Provided tensor memory layout: TensorMemoryLayout::BLOCK_SHARDED (assert.hpp:104)
2026-07-19 12:27:18.410 | info     |           Metal | Disabling and clearing program cache on MeshDevice 1 (mesh_device.cpp:1064)
2026-07-19 12:27:18.410 | critical |          Always | TT_FATAL: Error: input_tensor_a must be width sharded. Provided tensor memory layout: TensorMemoryLayout::BLOCK_SHARDED (assert.hpp:104)
2026-07-19 12:27:18.411 | info     |           Metal | Disabling and clearing program cache on MeshDevice 1 (mesh_device.cpp:1064)
2026-07-19 12:27:18.411 | critical |          Always | TT_FATAL: Error: input_tensor_a must be width sharded. Provided tensor memory layout: TensorMemoryLayout::BLOCK_SHARDED (assert.hpp:104)
2026-07-19 12:27:18.411 | info     |           Metal | Disabling and clearing program cache on MeshDevice 1 (mesh_device.cpp:1064)
2026-07-19 12:27:18.411 | critical |          Always | TT_FATAL: Error: input_tensor_a must be width sharded. Provided tensor memory layout: TensorMemoryLayout::BLOCK_SHARDED (assert.hpp:104)
2026-07-19 12:27:18.411 | info     |           Metal | Disabling and clearing program cache on MeshDevice 1 (mesh_device.cpp:1064)
2026-07-19 12:27:18.411 | critical |          Always | TT_FATAL: Error: input_tensor_a must be width sharded. Provided tensor memory layout: TensorMemoryLayout::BLOCK_SHARDED (assert.hpp:104)
2026-07-19 12:27:18.411 | info     |           Metal | Disabling and clearing program cache on MeshDevice 1 (mesh_device.cpp:1064)
2026-07-19 12:27:18.411 | critical |          Always | TT_FATAL: Error: input_tensor_a must be width sharded. Provided tensor memory layout: TensorMemoryLayout::BLOCK_SHARDED (assert.hpp:104)
2026-07-19 12:27:18.411 | info     |           Metal | Disabling and clearing program cache on MeshDevice 1 (mesh_device.cpp:1064)
2026-07-19 12:27:18.411 | critical |          Always | TT_FATAL: Error: input_tensor_a must be width sharded. Provided tensor memory layout: TensorMemoryLayout::BLOCK_SHARDED (assert.hpp:104)
2026-07-19 12:27:18.411 | info     |           Metal | Disabling and clearing program cache on MeshDevice 1 (mesh_device.cpp:1064)
2026-07-19 12:27:18.411 | critical |          Always | TT_FATAL: Error: input_tensor_a must be width sharded. Provided tensor memory layout: TensorMemoryLayout::BLOCK_SHARDED (assert.hpp:104)
2026-07-19 12:27:18.411 | info     |           Metal | Disabling and clearing program cache on MeshDevice 1 (mesh_device.cpp:1064)
2026-07-19 12:27:18.411 | critical |          Always | TT_FATAL: Error: input_tensor_a must be width sharded. Provided tensor memory layout: TensorMemoryLayout::BLOCK_SHARDED (assert.hpp:104)
2026-07-19 12:27:18.411 | info     |           Metal | Disabling and clearing program cache on MeshDevice 1 (mesh_device.cpp:1064)
2026-07-19 12:27:18.411 | critical |          Always | TT_FATAL: Error: input_tensor_a must be width sharded. Provided tensor memory layout: TensorMemoryLayout::BLOCK_SHARDED (assert.hpp:104)
2026-07-19 12:27:18.412 | info     |           Metal | Disabling and clearing program cache on MeshDevice 1 (mesh_device.cpp:1064)
2026-07-19 12:27:18.412 | critical |          Always | TT_FATAL: Error: input_tensor_a must be width sharded. Provided tensor memory layout: TensorMemoryLayout::BLOCK_SHARDED (assert.hpp:104)
2026-07-19 12:27:18.412 | info     |           Metal | Disabling and clearing program cache on MeshDevice 1 (mesh_device.cpp:1064)
2026-07-19 12:27:18.412 | critical |          Always | TT_FATAL: Error: input_tensor_a must be width sharded. Provided tensor memory layout: TensorMemoryLayout::BLOCK_SHARDED (assert.hpp:104)
2026-07-19 12:27:18.412 | info     |           Metal | Disabling and clearing program cache on MeshDevice 1 (mesh_device.cpp:1064)
2026-07-19 12:27:18.412 | critical |          Always | TT_FATAL: Error: input_tensor_a must be width sharded. Provided tensor memory layout: TensorMemoryLayout::BLOCK_SHARDED (assert.hpp:104)
2026-07-19 12:27:18.412 | info     |           Metal | Disabling and clearing program cache on MeshDevice 1 (mesh_device.cpp:1064)
2026-07-19 12:27:18.412 | critical |          Always | TT_FATAL: Error: input_tensor_a must be width sharded. Provided tensor memory layout: TensorMemoryLayout::BLOCK_SHARDED (assert.hpp:104)
2026-07-19 12:27:18.412 | info     |           Metal | Disabling and clearing program cache on MeshDevice 1 (mesh_device.cpp:1064)
2026-07-19 12:27:18.412 | critical |          Always | TT_FATAL: Error: input_tensor_a must be width sharded. Provided tensor memory layout: TensorMemoryLayout::BLOCK_SHARDED (assert.hpp:104)
2026-07-19 12:27:18.412 | info     |           Metal | Disabling and clearing program cache on MeshDevice 1 (mesh_device.cpp:1064)
2026-07-19 12:27:18.412 | critical |          Always | TT_FATAL: Error: input_tensor_a must be width sharded. Provided tensor memory layout: TensorMemoryLayout::BLOCK_SHARDED (assert.hpp:104)
2026-07-19 12:27:18.412 | info     |           Metal | Disabling and clearing program cache on MeshDevice 1 (mesh_device.cpp:1064)
2026-07-19 12:27:18.412 | critical |          Always | TT_FATAL: Error: input_tensor_a must be width sharded. Provided tensor memory layout: TensorMemoryLayout::BLOCK_SHARDED (assert.hpp:104)
2026-07-19 12:27:18.412 | info     |           Metal | Disabling and clearing program cache on MeshDevice 1 (mesh_device.cpp:1064)
2026-07-19 12:27:18.413 | critical |          Always | TT_FATAL: Error: input_tensor_a must be width sharded. Provided tensor memory layout: TensorMemoryLayout::BLOCK_SHARDED (assert.hpp:104)
2026-07-19 12:27:18.413 | info     |           Metal | Disabling and clearing program cache on MeshDevice 1 (mesh_device.cpp:1064)
2026-07-19 12:27:18.413 | critical |          Always | TT_FATAL: Error: input_tensor_a must be width sharded. Provided tensor memory layout: TensorMemoryLayout::BLOCK_SHARDED (assert.hpp:104)
2026-07-19 12:27:18.413 | info     |           Metal | Disabling and clearing program cache on MeshDevice 1 (mesh_device.cpp:1064)
2026-07-19 12:27:18.413 | critical |          Always | TT_FATAL: Error: input_tensor_a must be width sharded. Provided tensor memory layout: TensorMemoryLayout::BLOCK_SHARDED (assert.hpp:104)
2026-07-19 12:27:18.413 | info     |           Metal | Disabling and clearing program cache on MeshDevice 1 (mesh_device.cpp:1064)
2026-07-19 12:27:18.413 | critical |          Always | TT_FATAL: Error: input_tensor_a must be width sharded. Provided tensor memory layout: TensorMemoryLayout::BLOCK_SHARDED (assert.hpp:104)
2026-07-19 12:27:18.413 | info     |           Metal | Disabling and clearing program cache on MeshDevice 1 (mesh_device.cpp:1064)
2026-07-19 12:27:18.413 | critical |          Always | TT_FATAL: Error: input_tensor_a must be width sharded. Provided tensor memory layout: TensorMemoryLayout::BLOCK_SHARDED (assert.hpp:104)
2026-07-19 12:27:18.413 | info     |           Metal | Disabling and clearing program cache on MeshDevice 1 (mesh_device.cpp:1064)
2026-07-19 12:27:18.413 | critical |          Always | TT_FATAL: Error: input_tensor_a must be width sharded. Provided tensor memory layout: TensorMemoryLayout::BLOCK_SHARDED (assert.hpp:104)
2026-07-19 12:27:18.413 | info     |           Metal | Disabling and clearing program cache on MeshDevice 1 (mesh_device.cpp:1064)
2026-07-19 12:27:18.413 | critical |          Always | TT_FATAL: Error: input_tensor_a must be width sharded. Provided tensor memory layout: TensorMemoryLayout::BLOCK_SHARDED (assert.hpp:104)
2026-07-19 12:27:18.413 | info     |           Metal | Disabling and clearing program cache on MeshDevice 1 (mesh_device.cpp:1064)
2026-07-19 12:27:18.414 | info     |           Metal | Disabling and clearing program cache on MeshDevice 1 (mesh_device.cpp:1064)
2026-07-19 12:27:18.414 | critical |          Always | TT_FATAL: Error: input_tensor_a must be height sharded. (assert.hpp:104)
2026-07-19 12:27:18.414 | info     |           Metal | Disabling and clearing program cache on MeshDevice 1 (mesh_device.cpp:1064)
2026-07-19 12:27:18.414 | critical |          Always | TT_FATAL: Error: input_tensor_a must be width sharded. Provided tensor memory layout: TensorMemoryLayout::BLOCK_SHARDED (assert.hpp:104)
2026-07-19 12:27:18.414 | info     |           Metal | Disabling and clearing program cache on MeshDevice 1 (mesh_device.cpp:1064)
2026-07-19 12:27:18.414 | critical |          Always | TT_FATAL: Error: input_tensor_a must be width sharded. Provided tensor memory layout: TensorMemoryLayout::BLOCK_SHARDED (assert.hpp:104)
2026-07-19 12:27:18.414 | info     |           Metal | Disabling and clearing program cache on MeshDevice 1 (mesh_device.cpp:1064)
2026-07-19 12:27:18.414 | critical |          Always | TT_FATAL: Error: input_tensor_a must be width sharded. Provided tensor memory layout: TensorMemoryLayout::BLOCK_SHARDED (assert.hpp:104)
2026-07-19 12:27:18.414 | info     |           Metal | Disabling and clearing program cache on MeshDevice 1 (mesh_device.cpp:1064)
2026-07-19 12:27:18.414 | critical |          Always | TT_FATAL: Error: input_tensor_a must be width sharded. Provided tensor memory layout: TensorMemoryLayout::BLOCK_SHARDED (assert.hpp:104)
2026-07-19 12:27:18.414 | info     |           Metal | Disabling and clearing program cache on MeshDevice 1 (mesh_device.cpp:1064)
2026-07-19 12:27:18.414 | critical |          Always | TT_FATAL: Error: input_tensor_a must be width sharded. Provided tensor memory layout: TensorMemoryLayout::BLOCK_SHARDED (assert.hpp:104)
2026-07-19 12:27:18.415 | info     |           Metal | Disabling and clearing program cache on MeshDevice 1 (mesh_device.cpp:1064)
2026-07-19 12:27:18.415 | critical |          Always | TT_FATAL: Error: input_tensor_a must be width sharded. Provided tensor memory layout: TensorMemoryLayout::BLOCK_SHARDED (assert.hpp:104)
2026-07-19 12:27:18.415 | info     |           Metal | Disabling and clearing program cache on MeshDevice 1 (mesh_device.cpp:1064)
2026-07-19 12:27:18.415 | critical |          Always | TT_FATAL: Error: input_tensor_a must be width sharded. Provided tensor memory layout: TensorMemoryLayout::BLOCK_SHARDED (assert.hpp:104)
2026-07-19 12:27:18.415 | info     |           Metal | Disabling and clearing program cache on MeshDevice 1 (mesh_device.cpp:1064)
2026-07-19 12:27:18.415 | critical |          Always | TT_FATAL: Error: input_tensor_a must be width sharded. Provided tensor memory layout: TensorMemoryLayout::BLOCK_SHARDED (assert.hpp:104)
2026-07-19 12:27:18.415 | info     |           Metal | Disabling and clearing program cache on MeshDevice 1 (mesh_device.cpp:1064)
2026-07-19 12:27:18.415 | critical |          Always | TT_FATAL: Error: input_tensor_a must be width sharded. Provided tensor memory layout: TensorMemoryLayout::BLOCK_SHARDED (assert.hpp:104)
2026-07-19 12:27:18.415 | info     |           Metal | Disabling and clearing program cache on MeshDevice 1 (mesh_device.cpp:1064)
2026-07-19 12:27:18.415 | critical |          Always | TT_FATAL: Error: input_tensor_a must be width sharded. Provided tensor memory layout: TensorMemoryLayout::BLOCK_SHARDED (assert.hpp:104)
2026-07-19 12:27:18.415 | info     |           Metal | Disabling and clearing program cache on MeshDevice 1 (mesh_device.cpp:1064)
2026-07-19 12:27:18.415 | critical |          Always | TT_FATAL: Error: input_tensor_a must be width sharded. Provided tensor memory layout: TensorMemoryLayout::BLOCK_SHARDED (assert.hpp:104)
2026-07-19 12:27:18.415 | info     |           Metal | Disabling and clearing program cache on MeshDevice 1 (mesh_device.cpp:1064)
2026-07-19 12:27:18.415 | critical |          Always | TT_FATAL: Error: input_tensor_a must be width sharded. Provided tensor memory layout: TensorMemoryLayout::BLOCK_SHARDED (assert.hpp:104)
2026-07-19 12:27:18.415 | info     |           Metal | Disabling and clearing program cache on MeshDevice 1 (mesh_device.cpp:1064)
2026-07-19 12:27:18.415 | critical |          Always | TT_FATAL: Error: input_tensor_a must be width sharded. Provided tensor memory layout: TensorMemoryLayout::BLOCK_SHARDED (assert.hpp:104)
2026-07-19 12:27:18.416 | info     |           Metal | Disabling and clearing program cache on MeshDevice 1 (mesh_device.cpp:1064)
2026-07-19 12:27:18.416 | critical |          Always | TT_FATAL: Error: input_tensor_a must be width sharded. Provided tensor memory layout: TensorMemoryLayout::BLOCK_SHARDED (assert.hpp:104)
2026-07-19 12:27:18.416 | info     |           Metal | Disabling and clearing program cache on MeshDevice 1 (mesh_device.cpp:1064)
2026-07-19 12:27:18.416 | critical |          Always | TT_FATAL: Error: input_tensor_a must be width sharded. Provided tensor memory layout: TensorMemoryLayout::BLOCK_SHARDED (assert.hpp:104)
2026-07-19 12:27:18.416 | info     |           Metal | Disabling and clearing program cache on MeshDevice 1 (mesh_device.cpp:1064)
2026-07-19 12:27:18.416 | critical |          Always | TT_FATAL: Error: input_tensor_a must be width sharded. Provided tensor memory layout: TensorMemoryLayout::BLOCK_SHARDED (assert.hpp:104)
2026-07-19 12:27:18.416 | info     |           Metal | Disabling and clearing program cache on MeshDevice 1 (mesh_device.cpp:1064)
2026-07-19 12:27:18.416 | critical |          Always | TT_FATAL: Error: input_tensor_a must be width sharded. Provided tensor memory layout: TensorMemoryLayout::BLOCK_SHARDED (assert.hpp:104)
2026-07-19 12:27:18.416 | info     |           Metal | Disabling and clearing program cache on MeshDevice 1 (mesh_device.cpp:1064)
2026-07-19 12:27:18.416 | critical |          Always | TT_FATAL: Error: input_tensor_a must be width sharded. Provided tensor memory layout: TensorMemoryLayout::BLOCK_SHARDED (assert.hpp:104)
2026-07-19 12:27:18.416 | info     |           Metal | Disabling and clearing program cache on MeshDevice 1 (mesh_device.cpp:1064)
2026-07-19 12:27:18.416 | critical |          Always | TT_FATAL: Error: input_tensor_a must be width sharded. Provided tensor memory layout: TensorMemoryLayout::BLOCK_SHARDED (assert.hpp:104)
2026-07-19 12:27:18.416 | info     |           Metal | Disabling and clearing program cache on MeshDevice 1 (mesh_device.cpp:1064)
2026-07-19 12:27:18.416 | critical |          Always | TT_FATAL: Error: input_tensor_a must be width sharded. Provided tensor memory layout: TensorMemoryLayout::BLOCK_SHARDED (assert.hpp:104)
2026-07-19 12:27:18.416 | info     |           Metal | Disabling and clearing program cache on MeshDevice 1 (mesh_device.cpp:1064)
2026-07-19 12:27:18.417 | critical |          Always | TT_FATAL: Error: input_tensor_a must be width sharded. Provided tensor memory layout: TensorMemoryLayout::BLOCK_SHARDED (assert.hpp:104)
2026-07-19 12:27:18.417 | info     |           Metal | Disabling and clearing program cache on MeshDevice 1 (mesh_device.cpp:1064)
2026-07-19 12:27:18.417 | critical |          Always | TT_FATAL: Error: input_tensor_a must be width sharded. Provided tensor memory layout: TensorMemoryLayout::BLOCK_SHARDED (assert.hpp:104)
2026-07-19 12:27:18.417 | info     |           Metal | Disabling and clearing program cache on MeshDevice 1 (mesh_device.cpp:1064)
2026-07-19 12:27:18.417 | critical |          Always | TT_FATAL: Error: input_tensor_a must be width sharded. Provided tensor memory layout: TensorMemoryLayout::BLOCK_SHARDED (assert.hpp:104)
2026-07-19 12:27:18.417 | info     |           Metal | Disabling and clearing program cache on MeshDevice 1 (mesh_device.cpp:1064)
2026-07-19 12:27:18.417 | critical |          Always | TT_FATAL: Error: input_tensor_a must be width sharded. Provided tensor memory layout: TensorMemoryLayout::BLOCK_SHARDED (assert.hpp:104)
2026-07-19 12:27:18.417 | info     |           Metal | Disabling and clearing program cache on MeshDevice 1 (mesh_device.cpp:1064)
2026-07-19 12:27:18.417 | critical |          Always | TT_FATAL: Error: input_tensor_a must be width sharded. Provided tensor memory layout: TensorMemoryLayout::BLOCK_SHARDED (assert.hpp:104)
2026-07-19 12:27:18.417 | info     |           Metal | Disabling and clearing program cache on MeshDevice 1 (mesh_device.cpp:1064)
2026-07-19 12:27:18.417 | critical |          Always | TT_FATAL: Error: input_tensor_a must be width sharded. Provided tensor memory layout: TensorMemoryLayout::BLOCK_SHARDED (assert.hpp:104)
2026-07-19 12:27:18.417 | info     |           Metal | Disabling and clearing program cache on MeshDevice 1 (mesh_device.cpp:1064)
2026-07-19 12:27:18.418 | critical |          Always | TT_FATAL: Error: input_tensor_a must be width sharded. Provided tensor memory layout: TensorMemoryLayout::BLOCK_SHARDED (assert.hpp:104)
2026-07-19 12:27:18.418 | info     |           Metal | Disabling and clearing program cache on MeshDevice 1 (mesh_device.cpp:1064)
2026-07-19 12:27:18.418 | info     |           Metal | Disabling and clearing program cache on MeshDevice 1 (mesh_device.cpp:1064)
2026-07-19 12:27:18.418 | info     |           Metal | Disabling and clearing program cache on MeshDevice 1 (mesh_device.cpp:1064)
2026-07-19 12:27:18.418 | critical |          Always | TT_FATAL: Error: input_tensor_a must be width sharded. Provided tensor memory layout: TensorMemoryLayout::HEIGHT_SHARDED (assert.hpp:104)
2026-07-19 12:27:18.418 | info     |           Metal | Disabling and clearing program cache on MeshDevice 1 (mesh_device.cpp:1064)
2026-07-19 12:27:18.419 | critical |          Always | TT_FATAL: Error: input_tensor_a must be width sharded. Provided tensor memory layout: TensorMemoryLayout::HEIGHT_SHARDED (assert.hpp:104)
2026-07-19 12:27:18.419 | info     |           Metal | Disabling and clearing program cache on MeshDevice 1 (mesh_device.cpp:1064)
2026-07-19 12:27:18.419 | critical |          Always | TT_FATAL: Error: input_tensor_a must be width sharded. Provided tensor memory layout: TensorMemoryLayout::HEIGHT_SHARDED (assert.hpp:104)
2026-07-19 12:27:18.419 | info     |           Metal | Disabling and clearing program cache on MeshDevice 1 (mesh_device.cpp:1064)
2026-07-19 12:27:18.419 | critical |          Always | TT_FATAL: Error: input_tensor_a must be width sharded. Provided tensor memory layout: TensorMemoryLayout::HEIGHT_SHARDED (assert.hpp:104)
2026-07-19 12:27:18.419 | info     |           Metal | Disabling and clearing program cache on MeshDevice 1 (mesh_device.cpp:1064)
2026-07-19 12:27:18.419 | critical |          Always | TT_FATAL: Error: input_tensor_a must be width sharded. Provided tensor memory layout: TensorMemoryLayout::HEIGHT_SHARDED (assert.hpp:104)
2026-07-19 12:27:18.419 | info     |           Metal | Disabling and clearing program cache on MeshDevice 1 (mesh_device.cpp:1064)
2026-07-19 12:27:18.419 | critical |          Always | TT_FATAL: Error: input_tensor_a must be width sharded. Provided tensor memory layout: TensorMemoryLayout::HEIGHT_SHARDED (assert.hpp:104)
2026-07-19 12:27:18.419 | info     |           Metal | Disabling and clearing program cache on MeshDevice 1 (mesh_device.cpp:1064)
2026-07-19 12:27:18.419 | critical |          Always | TT_FATAL: Error: input_tensor_a must be width sharded. Provided tensor memory layout: TensorMemoryLayout::HEIGHT_SHARDED (assert.hpp:104)
2026-07-19 12:27:18.419 | info     |           Metal | Disabling and clearing program cache on MeshDevice 1 (mesh_device.cpp:1064)
2026-07-19 12:27:18.419 | critical |          Always | TT_FATAL: Error: input_tensor_a must be width sharded. Provided tensor memory layout: TensorMemoryLayout::HEIGHT_SHARDED (assert.hpp:104)
2026-07-19 12:27:18.419 | info     |           Metal | Disabling and clearing program cache on MeshDevice 1 (mesh_device.cpp:1064)
2026-07-19 12:27:18.419 | critical |          Always | TT_FATAL: Error: input_tensor_a must be width sharded. Provided tensor memory layout: TensorMemoryLayout::HEIGHT_SHARDED (assert.hpp:104)
2026-07-19 12:27:18.420 | info     |           Metal | Disabling and clearing program cache on MeshDevice 1 (mesh_device.cpp:1064)
2026-07-19 12:27:18.420 | critical |          Always | TT_FATAL: Error: input_tensor_a must be width sharded. Provided tensor memory layout: TensorMemoryLayout::HEIGHT_SHARDED (assert.hpp:104)
2026-07-19 12:27:18.420 | info     |           Metal | Disabling and clearing program cache on MeshDevice 1 (mesh_device.cpp:1064)
2026-07-19 12:27:18.420 | critical |          Always | TT_FATAL: Error: input_tensor_a must be width sharded. Provided tensor memory layout: TensorMemoryLayout::HEIGHT_SHARDED (assert.hpp:104)
2026-07-19 12:27:18.420 | info     |           Metal | Disabling and clearing program cache on MeshDevice 1 (mesh_device.cpp:1064)
2026-07-19 12:27:18.420 | critical |          Always | TT_FATAL: Error: input_tensor_a must be width sharded. Provided tensor memory layout: TensorMemoryLayout::HEIGHT_SHARDED (assert.hpp:104)
2026-07-19 12:27:18.420 | info     |           Metal | Disabling and clearing program cache on MeshDevice 1 (mesh_device.cpp:1064)
2026-07-19 12:27:18.420 | critical |          Always | TT_FATAL: Error: input_tensor_a must be width sharded. Provided tensor memory layout: TensorMemoryLayout::HEIGHT_SHARDED (assert.hpp:104)
2026-07-19 12:27:18.420 | info     |           Metal | Disabling and clearing program cache on MeshDevice 1 (mesh_device.cpp:1064)
2026-07-19 12:27:18.420 | critical |          Always | TT_FATAL: Error: input_tensor_a must be width sharded. Provided tensor memory layout: TensorMemoryLayout::HEIGHT_SHARDED (assert.hpp:104)
2026-07-19 12:27:18.420 | info     |           Metal | Disabling and clearing program cache on MeshDevice 1 (mesh_device.cpp:1064)
2026-07-19 12:27:18.420 | critical |          Always | TT_FATAL: Error: input_tensor_a must be width sharded. Provided tensor memory layout: TensorMemoryLayout::HEIGHT_SHARDED (assert.hpp:104)
2026-07-19 12:27:18.420 | info     |           Metal | Disabling and clearing program cache on MeshDevice 1 (mesh_device.cpp:1064)
2026-07-19 12:27:18.420 | critical |          Always | TT_FATAL: Error: input_tensor_a must be width sharded. Provided tensor memory layout: TensorMemoryLayout::HEIGHT_SHARDED (assert.hpp:104)
2026-07-19 12:27:18.420 | info     |           Metal | Disabling and clearing program cache on MeshDevice 1 (mesh_device.cpp:1064)
2026-07-19 12:27:18.420 | critical |          Always | TT_FATAL: Error: input_tensor_a must be width sharded. Provided tensor memory layout: TensorMemoryLayout::HEIGHT_SHARDED (assert.hpp:104)
2026-07-19 12:27:18.421 | info     |           Metal | Disabling and clearing program cache on MeshDevice 1 (mesh_device.cpp:1064)
2026-07-19 12:27:18.421 | critical |          Always | TT_FATAL: Error: input_tensor_a must be width sharded. Provided tensor memory layout: TensorMemoryLayout::HEIGHT_SHARDED (assert.hpp:104)
2026-07-19 12:27:18.421 | info     |           Metal | Disabling and clearing program cache on MeshDevice 1 (mesh_device.cpp:1064)
2026-07-19 12:27:18.421 | critical |          Always | TT_FATAL: Error: input_tensor_a must be width sharded. Provided tensor memory layout: TensorMemoryLayout::HEIGHT_SHARDED (assert.hpp:104)
2026-07-19 12:27:18.421 | info     |           Metal | Disabling and clearing program cache on MeshDevice 1 (mesh_device.cpp:1064)
2026-07-19 12:27:18.421 | critical |          Always | TT_FATAL: Error: input_tensor_a must be width sharded. Provided tensor memory layout: TensorMemoryLayout::HEIGHT_SHARDED (assert.hpp:104)
2026-07-19 12:27:18.421 | info     |           Metal | Disabling and clearing program cache on MeshDevice 1 (mesh_device.cpp:1064)
2026-07-19 12:27:18.421 | critical |          Always | TT_FATAL: Error: input_tensor_a must be width sharded. Provided tensor memory layout: TensorMemoryLayout::HEIGHT_SHARDED (assert.hpp:104)
2026-07-19 12:27:18.421 | info     |           Metal | Disabling and clearing program cache on MeshDevice 1 (mesh_device.cpp:1064)
2026-07-19 12:27:18.421 | critical |          Always | TT_FATAL: Error: input_tensor_a must be width sharded. Provided tensor memory layout: TensorMemoryLayout::HEIGHT_SHARDED (assert.hpp:104)
2026-07-19 12:27:18.421 | info     |           Metal | Disabling and clearing program cache on MeshDevice 1 (mesh_device.cpp:1064)
2026-07-19 12:27:18.421 | critical |          Always | TT_FATAL: Error: input_tensor_a must be width sharded. Provided tensor memory layout: TensorMemoryLayout::HEIGHT_SHARDED (assert.hpp:104)
2026-07-19 12:27:18.421 | info     |           Metal | Disabling and clearing program cache on MeshDevice 1 (mesh_device.cpp:1064)
2026-07-19 12:27:18.421 | critical |          Always | TT_FATAL: Error: input_tensor_a must be width sharded. Provided tensor memory layout: TensorMemoryLayout::HEIGHT_SHARDED (assert.hpp:104)
2026-07-19 12:27:18.421 | info     |           Metal | Disabling and clearing program cache on MeshDevice 1 (mesh_device.cpp:1064)
2026-07-19 12:27:18.422 | critical |          Always | TT_FATAL: Error: input_tensor_a must be width sharded. Provided tensor memory layout: TensorMemoryLayout::HEIGHT_SHARDED (assert.hpp:104)
2026-07-19 12:27:18.422 | info     |           Metal | Disabling and clearing program cache on MeshDevice 1 (mesh_device.cpp:1064)
2026-07-19 12:27:18.422 | critical |          Always | TT_FATAL: Error: input_tensor_a must be width sharded. Provided tensor memory layout: TensorMemoryLayout::HEIGHT_SHARDED (assert.hpp:104)
2026-07-19 12:27:18.422 | info     |           Metal | Disabling and clearing program cache on MeshDevice 1 (mesh_device.cpp:1064)
2026-07-19 12:27:18.422 | critical |          Always | TT_FATAL: Error: input_tensor_a must be width sharded. Provided tensor memory layout: TensorMemoryLayout::HEIGHT_SHARDED (assert.hpp:104)
2026-07-19 12:27:18.423 | info     |           Metal | Disabling and clearing program cache on MeshDevice 1 (mesh_device.cpp:1064)
2026-07-19 12:27:18.424 | info     |           Metal | Disabling and clearing program cache on MeshDevice 1 (mesh_device.cpp:1064)
2026-07-19 12:27:18.425 | info     |           Metal | Disabling and clearing program cache on MeshDevice 1 (mesh_device.cpp:1064)
2026-07-19 12:27:18.427 | info     |           Metal | Disabling and clearing program cache on MeshDevice 1 (mesh_device.cpp:1064)
2026-07-19 12:27:18.427 | info     |           Metal | Skipping fabric teardown for mock devices (fabric_firmware_initializer.cpp:334)
2026-07-19 12:27:18.427 | info     |          Device | Closing user mode device drivers (tt_cluster.cpp:512)
2026-07-19 12:27:18.427 | info     |             UMD | Closing devices in cluster (cluster.cpp:1037)
2026-07-19 12:27:18.427 | info     |             UMD | Closing devices in cluster completed. (cluster.cpp:1046)
2026-07-19 12:27:18.427 | info     |             UMD | Cluster destructor started. (cluster.cpp:754)
2026-07-19 12:27:18.427 | info     |             UMD | Cluster destructor completed. (cluster.cpp:757)
