<frozen importlib._bootstrap>:488: RuntimeWarning: nanobind: type 'pad_t' was already registered!

<frozen importlib._bootstrap>:488: RuntimeWarning: nanobind: type 'tilize_t' was already registered!

<frozen importlib._bootstrap>:488: RuntimeWarning: nanobind: type 'move_t' was already registered!

<frozen importlib._bootstrap>:488: RuntimeWarning: nanobind: type 'untilize_with_unpadding_t' was already registered!

<frozen importlib._bootstrap>:488: RuntimeWarning: nanobind: type 'slice_t' was already registered!

<frozen importlib._bootstrap>:488: RuntimeWarning: nanobind: type 'transpose_t' was already registered!

<frozen importlib._bootstrap>:488: RuntimeWarning: nanobind: type 'reshard_t' was already registered!

<frozen importlib._bootstrap>:488: RuntimeWarning: nanobind: type 'conv2d_t' was already registered!

<frozen importlib._bootstrap>:488: RuntimeWarning: nanobind: type 'max_pool2d_t' was already registered!

<frozen importlib._bootstrap>:488: RuntimeWarning: nanobind: type 'avg_pool2d_t' was already registered!

<frozen importlib._bootstrap>:488: RuntimeWarning: nanobind: type 'matmul_t' was already registered!

<frozen importlib._bootstrap>:488: RuntimeWarning: nanobind: type 'linear_t' was already registered!

<frozen importlib._bootstrap>:488: RuntimeWarning: nanobind: type 'matmul_batched_weights_t' was already registered!

<frozen importlib._bootstrap>:488: RuntimeWarning: nanobind: type 'addmm_t' was already registered!

<frozen importlib._bootstrap>:488: RuntimeWarning: nanobind: type 'sparse_matmul_t' was already registered!

<frozen importlib._bootstrap>:488: RuntimeWarning: nanobind: type 'remainder_t' was already registered!

<frozen importlib._bootstrap>:488: RuntimeWarning: nanobind: type 'add_t' was already registered!

<frozen importlib._bootstrap>:488: RuntimeWarning: nanobind: type 'add__t' was already registered!

<frozen importlib._bootstrap>:488: RuntimeWarning: nanobind: type 'subtract_t' was already registered!

<frozen importlib._bootstrap>:488: RuntimeWarning: nanobind: type 'subtract__t' was already registered!

<frozen importlib._bootstrap>:488: RuntimeWarning: nanobind: type 'eq_t' was already registered!

<frozen importlib._bootstrap>:488: RuntimeWarning: nanobind: type 'ne_t' was already registered!

<frozen importlib._bootstrap>:488: RuntimeWarning: nanobind: type 'lt_t' was already registered!

<frozen importlib._bootstrap>:488: RuntimeWarning: nanobind: type 'le_t' was already registered!

<frozen importlib._bootstrap>:488: RuntimeWarning: nanobind: type 'gt_t' was already registered!

<frozen importlib._bootstrap>:488: RuntimeWarning: nanobind: type 'ge_t' was already registered!

<frozen importlib._bootstrap>:488: RuntimeWarning: nanobind: type 'logical_and_t' was already registered!

<frozen importlib._bootstrap>:488: RuntimeWarning: nanobind: type 'logical_or_t' was already registered!

<frozen importlib._bootstrap>:488: RuntimeWarning: nanobind: type 'ldexp_t' was already registered!

<frozen importlib._bootstrap>:488: RuntimeWarning: nanobind: type 'logaddexp_t' was already registered!

<frozen importlib._bootstrap>:488: RuntimeWarning: nanobind: type 'logaddexp2_t' was already registered!

<frozen importlib._bootstrap>:488: RuntimeWarning: nanobind: type 'squared_difference_t' was already registered!

<frozen importlib._bootstrap>:488: RuntimeWarning: nanobind: type 'bias_gelu_t' was already registered!

<frozen importlib._bootstrap>:488: RuntimeWarning: nanobind: type 'multiply_t' was already registered!

<frozen importlib._bootstrap>:488: RuntimeWarning: nanobind: type 'divide_t' was already registered!

<frozen importlib._bootstrap>:488: RuntimeWarning: nanobind: type 'xlogy_t' was already registered!

<frozen importlib._bootstrap>:488: RuntimeWarning: nanobind: type 'rsub_t' was already registered!

<frozen importlib._bootstrap>:488: RuntimeWarning: nanobind: type 'bitwise_and_t' was already registered!

<frozen importlib._bootstrap>:488: RuntimeWarning: nanobind: type 'bitwise_or_t' was already registered!

<frozen importlib._bootstrap>:488: RuntimeWarning: nanobind: type 'bitwise_xor_t' was already registered!

<frozen importlib._bootstrap>:488: RuntimeWarning: nanobind: type 'bitwise_left_shift_t' was already registered!

<frozen importlib._bootstrap>:488: RuntimeWarning: nanobind: type 'bitwise_right_shift_t' was already registered!

<frozen importlib._bootstrap>:488: RuntimeWarning: nanobind: type 'logical_left_shift_t' was already registered!

<frozen importlib._bootstrap>:488: RuntimeWarning: nanobind: type 'logical_right_shift_t' was already registered!

<frozen importlib._bootstrap>:488: RuntimeWarning: nanobind: type 'hypot_t' was already registered!

<frozen importlib._bootstrap>:488: RuntimeWarning: nanobind: type 'nextafter_t' was already registered!

<frozen importlib._bootstrap>:488: RuntimeWarning: nanobind: type 'minimum_t' was already registered!

<frozen importlib._bootstrap>:488: RuntimeWarning: nanobind: type 'atan2_t' was already registered!

<frozen importlib._bootstrap>:488: RuntimeWarning: nanobind: type 'logical_xor_t' was already registered!

<frozen importlib._bootstrap>:488: RuntimeWarning: nanobind: type 'logical_or__t' was already registered!

<frozen importlib._bootstrap>:488: RuntimeWarning: nanobind: type 'logical_xor__t' was already registered!

<frozen importlib._bootstrap>:488: RuntimeWarning: nanobind: type 'logical_and__t' was already registered!

<frozen importlib._bootstrap>:488: RuntimeWarning: nanobind: type 'gcd_t' was already registered!

<frozen importlib._bootstrap>:488: RuntimeWarning: nanobind: type 'lcm_t' was already registered!

<frozen importlib._bootstrap>:488: RuntimeWarning: nanobind: type 'addalpha_t' was already registered!

<frozen importlib._bootstrap>:488: RuntimeWarning: nanobind: type 'subalpha_t' was already registered!

<frozen importlib._bootstrap>:488: RuntimeWarning: nanobind: type 'isclose_t' was already registered!

<frozen importlib._bootstrap>:488: RuntimeWarning: nanobind: type 'div_t' was already registered!

<frozen importlib._bootstrap>:488: RuntimeWarning: nanobind: type 'div_no_nan_t' was already registered!

<frozen importlib._bootstrap>:488: RuntimeWarning: nanobind: type 'floor_div_t' was already registered!

<frozen importlib._bootstrap>:488: RuntimeWarning: nanobind: type 'maximum_t' was already registered!

<frozen importlib._bootstrap>:488: RuntimeWarning: nanobind: type 'prelu_t' was already registered!

<frozen importlib._bootstrap>:488: RuntimeWarning: nanobind: type 'outer_t' was already registered!

<frozen importlib._bootstrap>:488: RuntimeWarning: nanobind: type 'polyval_t' was already registered!

<frozen importlib._bootstrap>:488: RuntimeWarning: nanobind: type 'fmod_t' was already registered!

<frozen importlib._bootstrap>:488: RuntimeWarning: nanobind: type 'gt__t' was already registered!

<frozen importlib._bootstrap>:488: RuntimeWarning: nanobind: type 'ge__t' was already registered!

<frozen importlib._bootstrap>:488: RuntimeWarning: nanobind: type 'lt__t' was already registered!

<frozen importlib._bootstrap>:488: RuntimeWarning: nanobind: type 'le__t' was already registered!

<frozen importlib._bootstrap>:488: RuntimeWarning: nanobind: type 'eq__t' was already registered!

<frozen importlib._bootstrap>:488: RuntimeWarning: nanobind: type 'ne__t' was already registered!

<frozen importlib._bootstrap>:488: RuntimeWarning: nanobind: type 'ldexp__t' was already registered!

<frozen importlib._bootstrap>:488: RuntimeWarning: nanobind: type 'logaddexp__t' was already registered!

<frozen importlib._bootstrap>:488: RuntimeWarning: nanobind: type 'logaddexp2__t' was already registered!

<frozen importlib._bootstrap>:488: RuntimeWarning: nanobind: type 'squared_difference__t' was already registered!

<frozen importlib._bootstrap>:488: RuntimeWarning: nanobind: type 'multiply__t' was already registered!

<frozen importlib._bootstrap>:488: RuntimeWarning: nanobind: type 'divide__t' was already registered!

<frozen importlib._bootstrap>:488: RuntimeWarning: nanobind: type 'rsub__t' was already registered!

<frozen importlib._bootstrap>:488: RuntimeWarning: nanobind: type 'bias_gelu__t' was already registered!

<frozen importlib._bootstrap>:488: RuntimeWarning: nanobind: type 'pow_t' was already registered!

2026-07-19 06:15:13.821 | DEBUG    | ttnn:<module>:79 - Initial ttnn.CONFIG:
Config{cache_path=/home/mvasiljevic/.cache/ttnn,model_cache_path=/home/mvasiljevic/.cache/ttnn/models,tmp_dir=/tmp/ttnn,enable_model_cache=false,enable_fast_runtime_mode=true,throw_exception_on_fallback=false,enable_logging=false,enable_graph_report=false,enable_graph_python_stack_traces=false,enable_detailed_buffer_report=false,enable_detailed_tensor_report=false,enable_comparison_mode=false,comparison_mode_should_raise_exception=false,comparison_mode_pcc=0.9999,root_report_path=generated/ttnn/reports,report_name=std::nullopt,std::nullopt}
