2026-07-19 06:08:51.440 | DEBUG    | ttnn:<module>:79 - Initial ttnn.CONFIG:
Config{cache_path=/home/mvasiljevic/.cache/ttnn,model_cache_path=/home/mvasiljevic/.cache/ttnn/models,tmp_dir=/tmp/ttnn,enable_model_cache=false,enable_fast_runtime_mode=true,throw_exception_on_fallback=false,enable_logging=false,enable_graph_report=false,enable_graph_python_stack_traces=false,enable_detailed_buffer_report=false,enable_detailed_tensor_report=false,enable_comparison_mode=false,comparison_mode_should_raise_exception=false,comparison_mode_pcc=0.9999,root_report_path=generated/ttnn/reports,report_name=std::nullopt,std::nullopt}
============================= test session starts ==============================
platform linux -- Python 3.12.13, pytest-9.0.3, pluggy-1.6.0 -- /home/mvasiljevic/tt-metal/python_env/bin/python3
cachedir: .pytest_cache
benchmark: 5.2.3 (defaults: timer=time.perf_counter disable_gc=False min_rounds=5 min_time=0.000005 max_time=1.0 calibration_precision=10 warmup=False warmup_iterations=100000)
rootdir: /home/mvasiljevic/tt-metal
configfile: pytest.ini
plugins: github-actions-annotate-failures-0.3.0, anyio-4.14.2, dash-2.15.0, split-0.11.0, timeout-2.4.0, benchmark-5.2.3, cov-7.0.0
timeout: 300.0s
timeout method: signal
timeout func_only: False
collecting ... collected 9 items

models/autoports/meta_llama_llama_3_1_70b_instruct/tests/test_multichip_decoder.py::test_two_axis_weight_packing_contract 2026-07-19 06:08:53.186 | INFO     | conftest:expect_error_:874 - [EXPECTED_ERROR BEGIN] ValueError message="prefill_mlp_chunk_size"
2026-07-19 06:08:53.186 | INFO     | conftest:expect_error_:879 - [EXPECTED_ERROR END] ValueError message="prefill_mlp_chunk_size"
2026-07-19 06:08:53.186 | INFO     | conftest:expect_error_:874 - [EXPECTED_ERROR BEGIN] ValueError message="prefill_mlp_chunk_size"
2026-07-19 06:08:53.186 | INFO     | conftest:expect_error_:879 - [EXPECTED_ERROR END] ValueError message="prefill_mlp_chunk_size"
2026-07-19 06:08:53.186 | INFO     | conftest:expect_error_:874 - [EXPECTED_ERROR BEGIN] ValueError message="prefill_mlp_chunk_size"
2026-07-19 06:08:53.186 | INFO     | conftest:expect_error_:879 - [EXPECTED_ERROR END] ValueError message="prefill_mlp_chunk_size"
PASSED
models/autoports/meta_llama_llama_3_1_70b_instruct/tests/test_multichip_decoder.py::test_runtime_path_is_real_multichip_and_host_fallback_free PASSED
models/autoports/meta_llama_llama_3_1_70b_instruct/tests/test_multichip_decoder.py::test_multichip_context_capacity_contract PASSED
models/autoports/meta_llama_llama_3_1_70b_instruct/tests/test_multichip_decoder.py::test_00_single_chip_optimized_reference[blackhole-single-chip-optimized-reference] 2026-07-19 06:08:53.798 | info     |          Device | Opening user mode device driver (tt_cluster.cpp:228)
2026-07-19 06:08:53.798 | info     |             UMD | Cluster constructor started. (cluster.cpp:348)
2026-07-19 06:08:53.798 | info     |             UMD | Creating TopologyDiscovery for architecture: blackhole (topology_discovery.cpp:91)
2026-07-19 06:08:53.798 | info     |             UMD | Starting topology discovery. (topology_discovery.cpp:110)
2026-07-19 06:08:53.799 | info     |             UMD | Established firmware bundle version: 19.8.0 (topology_discovery.cpp:569)
2026-07-19 06:08:53.799 | info     |             UMD | Firmware bundle version 19.8.0 on the system is newer than the latest fully tested version 19.5.0 for blackhole architecture. Newest features may not be supported. (topology_discovery.cpp:601)
2026-07-19 06:08:53.803 | info     |             UMD | Completed topology discovery. (topology_discovery.cpp:114)
2026-07-19 06:08:54.024 | info     |             UMD | Opening local chip ids/PCIe ids: {0, 1, 2, 3}/[0, 1, 2, 3] and remote chip ids {} (cluster.cpp:168)
2026-07-19 06:08:54.024 | info     |             UMD | IOMMU: enabled (cluster.cpp:142)
2026-07-19 06:08:54.024 | info     |             UMD | KMD version: 2.8.0 (cluster.cpp:145)
2026-07-19 06:08:54.024 | info     |             UMD | Cluster constructor completed. (cluster.cpp:520)
2026-07-19 06:08:54.026 | info     |             UMD | Starting devices in cluster (cluster.cpp:1024)
2026-07-19 06:08:54.137 | info     |             UMD | Starting devices in cluster completed. (cluster.cpp:1032)
--------------------------------------------------------------------------
It appears as if there is not enough space for /dev/shm/sm_segment.23ff5195c3f7.1000.19ef0000.0 (the shared-memory backing
file). It is likely that your MPI job will now either abort or experience
performance degradation.

  Local host:  23ff5195c3f7
  Space Requested: 16777216 B
  Space Available: 17539072 B
--------------------------------------------------------------------------
2026-07-19 06:08:54.261 | DEBUG    | ttnn.device:__init__:152 - Using default dispatch core type for this system: DispatchCoreType.WORKER
2026-07-19 06:08:54.261 | DEBUG    | ttnn.device:__init__:154 - Using default dispatch core axis for this system: DispatchCoreAxis.COL
2026-07-19 06:08:54.262 | info     |     Distributed | Using auto discovery to generate mesh graph. (metal_env.cpp:367)
2026-07-19 06:08:54.262 | info     |     Distributed | Constructing control plane using auto-discovery (no mesh graph descriptor). (metal_env.cpp:429)
2026-07-19 06:08:54.262 | warning  |          Always | Unknown motherboard 'B850M-C' for chip_id=0 (bus_id=0x1) — falling back to bus_id as tray_id. Add this motherboard and its bus IDs to mobo_to_bus_ids in physical_system_discovery.cpp. (physical_system_discovery.cpp:89)
2026-07-19 06:08:54.262 | warning  |          Always | Unknown motherboard 'B850M-C' for chip_id=1 (bus_id=0x2) — falling back to bus_id as tray_id. Add this motherboard and its bus IDs to mobo_to_bus_ids in physical_system_discovery.cpp. (physical_system_discovery.cpp:89)
2026-07-19 06:08:54.262 | warning  |          Always | Unknown motherboard 'B850M-C' for chip_id=2 (bus_id=0x3) — falling back to bus_id as tray_id. Add this motherboard and its bus IDs to mobo_to_bus_ids in physical_system_discovery.cpp. (physical_system_discovery.cpp:89)
2026-07-19 06:08:54.262 | warning  |          Always | Unknown motherboard 'B850M-C' for chip_id=3 (bus_id=0x4) — falling back to bus_id as tray_id. Add this motherboard and its bus IDs to mobo_to_bus_ids in physical_system_discovery.cpp. (physical_system_discovery.cpp:89)
2026-07-19 06:08:54.262 | warning  |          Always | Unknown motherboard 'B850M-C' for chip_id=1 (bus_id=0x2) — falling back to bus_id as tray_id. Add this motherboard and its bus IDs to mobo_to_bus_ids in physical_system_discovery.cpp. (physical_system_discovery.cpp:89)
2026-07-19 06:08:54.262 | warning  |          Always | Unknown motherboard 'B850M-C' for chip_id=0 (bus_id=0x1) — falling back to bus_id as tray_id. Add this motherboard and its bus IDs to mobo_to_bus_ids in physical_system_discovery.cpp. (physical_system_discovery.cpp:89)
2026-07-19 06:08:54.262 | warning  |          Always | Unknown motherboard 'B850M-C' for chip_id=2 (bus_id=0x3) — falling back to bus_id as tray_id. Add this motherboard and its bus IDs to mobo_to_bus_ids in physical_system_discovery.cpp. (physical_system_discovery.cpp:89)
2026-07-19 06:08:54.262 | warning  |          Always | Unknown motherboard 'B850M-C' for chip_id=3 (bus_id=0x4) — falling back to bus_id as tray_id. Add this motherboard and its bus IDs to mobo_to_bus_ids in physical_system_discovery.cpp. (physical_system_discovery.cpp:89)
2026-07-19 06:08:54.262 | info     |          Fabric | Logical multi-mesh adjacency: intermesh degree histogram {0:1}; intra-mesh degree histograms mesh0 {2:4} (topology_mapper_utils.cpp:2342)
2026-07-19 06:08:54.262 | info     |          Fabric | Physical multi-mesh adjacency: intermesh degree histogram {0:1}; intra-mesh degree histograms mesh0 {2:4} (topology_mapper_utils.cpp:2350)
2026-07-19 06:08:54.267 | info     |    BuildKernels | Using pre-compiled firmware from: /home/mvasiljevic/tt-metal/tt_metal/pre-compiled/13793420398762238087/ (build_env_manager.cpp:347)
2026-07-19 06:08:54.267 | info     |    BuildKernels | Using pre-compiled firmware from: /home/mvasiljevic/tt-metal/tt_metal/pre-compiled/13793420398762238087/ (build_env_manager.cpp:347)
2026-07-19 06:08:54.267 | info     |    BuildKernels | Using pre-compiled firmware from: /home/mvasiljevic/tt-metal/tt_metal/pre-compiled/13793420398762238087/ (build_env_manager.cpp:347)
2026-07-19 06:08:54.267 | info     |    BuildKernels | Using pre-compiled firmware from: /home/mvasiljevic/tt-metal/tt_metal/pre-compiled/13793420398762238087/ (build_env_manager.cpp:347)
2026-07-19 06:08:54.296 | warning  |           Metal | Opening subset of mmio devices slows down UMD read/write to remote chips. If opening more devices, consider using CreateDevices API. (device_manager.cpp:261)
2026-07-19 06:08:54.335 | info     |           Metal | ShmResourceTracker: removed orphaned shm '/tt_device_154095681929600_memory' (shm_resource_tracker.cpp:282)
2026-07-19 06:08:54.913 | info     |           Metal | [Real-time profiler] Device 3 sync complete: 100 samples, frequency=1.349979 GHz, device_time_at_sync=13955119475402 cycles (realtime_profiler_manager.cpp:1127)
2026-07-19 06:08:54.929 | DEBUG    | conftest:mesh_device:599 - multidevice with 1 devices is created
2026-07-19 06:09:03.301 | INFO     | tracy:signpost:49 - SINGLE_PREFILL
2026-07-19 06:09:03.305 | INFO     | tracy:signpost:49 - SINGLE_PREFILL_END
2026-07-19 06:09:03.305 | INFO     | tracy:signpost:49 - SINGLE_DECODE
2026-07-19 06:09:03.315 | INFO     | tracy:signpost:49 - SINGLE_DECODE_END
PASSED
models/autoports/meta_llama_llama_3_1_70b_instruct/tests/test_multichip_decoder.py::test_01_multichip_correctness_paged_trace_and_perf[blackhole-blackhole-1x4-ring] 2026-07-19 06:09:03.873 | DEBUG    | ttnn.device:__init__:152 - Using default dispatch core type for this system: DispatchCoreType.WORKER
2026-07-19 06:09:03.874 | DEBUG    | ttnn.device:__init__:154 - Using default dispatch core axis for this system: DispatchCoreAxis.COL
2026-07-19 06:09:03.874 | info     |           Metal | Fabric config changed from FabricConfig::DISABLED to FabricConfig::FABRIC_1D_RING, reinitializing control plane (metal_env.cpp:281)
2026-07-19 06:09:03.874 | info     |     Distributed | Using auto discovery to generate mesh graph. (metal_env.cpp:367)
2026-07-19 06:09:03.874 | info     |     Distributed | Constructing control plane using auto-discovery (no mesh graph descriptor). (metal_env.cpp:429)
2026-07-19 06:09:03.874 | warning  |          Always | Unknown motherboard 'B850M-C' for chip_id=0 (bus_id=0x1) — falling back to bus_id as tray_id. Add this motherboard and its bus IDs to mobo_to_bus_ids in physical_system_discovery.cpp. (physical_system_discovery.cpp:89)
2026-07-19 06:09:03.874 | warning  |          Always | Unknown motherboard 'B850M-C' for chip_id=1 (bus_id=0x2) — falling back to bus_id as tray_id. Add this motherboard and its bus IDs to mobo_to_bus_ids in physical_system_discovery.cpp. (physical_system_discovery.cpp:89)
2026-07-19 06:09:03.874 | warning  |          Always | Unknown motherboard 'B850M-C' for chip_id=2 (bus_id=0x3) — falling back to bus_id as tray_id. Add this motherboard and its bus IDs to mobo_to_bus_ids in physical_system_discovery.cpp. (physical_system_discovery.cpp:89)
2026-07-19 06:09:03.874 | warning  |          Always | Unknown motherboard 'B850M-C' for chip_id=3 (bus_id=0x4) — falling back to bus_id as tray_id. Add this motherboard and its bus IDs to mobo_to_bus_ids in physical_system_discovery.cpp. (physical_system_discovery.cpp:89)
2026-07-19 06:09:03.874 | warning  |          Always | Unknown motherboard 'B850M-C' for chip_id=1 (bus_id=0x2) — falling back to bus_id as tray_id. Add this motherboard and its bus IDs to mobo_to_bus_ids in physical_system_discovery.cpp. (physical_system_discovery.cpp:89)
2026-07-19 06:09:03.874 | warning  |          Always | Unknown motherboard 'B850M-C' for chip_id=0 (bus_id=0x1) — falling back to bus_id as tray_id. Add this motherboard and its bus IDs to mobo_to_bus_ids in physical_system_discovery.cpp. (physical_system_discovery.cpp:89)
2026-07-19 06:09:03.874 | warning  |          Always | Unknown motherboard 'B850M-C' for chip_id=2 (bus_id=0x3) — falling back to bus_id as tray_id. Add this motherboard and its bus IDs to mobo_to_bus_ids in physical_system_discovery.cpp. (physical_system_discovery.cpp:89)
2026-07-19 06:09:03.874 | warning  |          Always | Unknown motherboard 'B850M-C' for chip_id=3 (bus_id=0x4) — falling back to bus_id as tray_id. Add this motherboard and its bus IDs to mobo_to_bus_ids in physical_system_discovery.cpp. (physical_system_discovery.cpp:89)
2026-07-19 06:09:03.874 | info     |          Fabric | Logical multi-mesh adjacency: intermesh degree histogram {0:1}; intra-mesh degree histograms mesh0 {2:4} (topology_mapper_utils.cpp:2342)
2026-07-19 06:09:03.874 | info     |          Fabric | Physical multi-mesh adjacency: intermesh degree histogram {0:1}; intra-mesh degree histograms mesh0 {2:4} (topology_mapper_utils.cpp:2350)
2026-07-19 06:09:03.886 | info     |    BuildKernels | Using pre-compiled firmware from: /home/mvasiljevic/tt-metal/tt_metal/pre-compiled/13793420398762238087/ (build_env_manager.cpp:347)
2026-07-19 06:09:03.887 | info     |    BuildKernels | Using pre-compiled firmware from: /home/mvasiljevic/tt-metal/tt_metal/pre-compiled/13793420398762238087/ (build_env_manager.cpp:347)
2026-07-19 06:09:03.888 | info     |    BuildKernels | Using pre-compiled firmware from: /home/mvasiljevic/tt-metal/tt_metal/pre-compiled/13793420398762238087/ (build_env_manager.cpp:347)
2026-07-19 06:09:03.888 | info     |    BuildKernels | Using pre-compiled firmware from: /home/mvasiljevic/tt-metal/tt_metal/pre-compiled/13793420398762238087/ (build_env_manager.cpp:347)
2026-07-19 06:09:03.921 | info     |           Metal | Initializing Fabric (fabric_firmware_initializer.cpp:288)
2026-07-19 06:09:03.948 | info     |           Metal | Fabric initialized on Device 3 (device.cpp:429)
2026-07-19 06:09:03.949 | info     |           Metal | Fabric initialized on Device 0 (device.cpp:429)
2026-07-19 06:09:03.950 | info     |           Metal | Fabric initialized on Device 1 (device.cpp:429)
2026-07-19 06:09:03.950 | info     |           Metal | Fabric initialized on Device 2 (device.cpp:429)
2026-07-19 06:09:03.950 | info     |           Metal | Fabric initialized on 4 devices (fabric_firmware_initializer.cpp:435)
2026-07-19 06:09:03.950 | info     |           Metal | Fabric Initialized with config FabricConfig::FABRIC_1D_RING (fabric_firmware_initializer.cpp:305)
2026-07-19 06:09:04.568 | info     |           Metal | [Real-time profiler] Device 0 sync complete: 100 samples, frequency=1.349984 GHz, device_time_at_sync=13930011629753 cycles (realtime_profiler_manager.cpp:1127)
2026-07-19 06:09:04.569 | info     |           Metal | [Real-time profiler] Device 1 sync complete: 100 samples, frequency=1.349988 GHz, device_time_at_sync=13940511252921 cycles (realtime_profiler_manager.cpp:1127)
2026-07-19 06:09:04.569 | info     |           Metal | [Real-time profiler] Device 2 sync complete: 100 samples, frequency=1.349993 GHz, device_time_at_sync=13953005445922 cycles (realtime_profiler_manager.cpp:1127)
2026-07-19 06:09:04.596 | DEBUG    | conftest:mesh_device:599 - multidevice with 4 devices is created
2026-07-19 06:09:14.379 | INFO     | tracy:signpost:49 - MULTICHIP_PREFILL
2026-07-19 06:09:14.381 | INFO     | tracy:signpost:49 - MULTICHIP_PREFILL_END
2026-07-19 06:09:14.381 | INFO     | tracy:signpost:49 - MULTICHIP_DECODE
2026-07-19 06:09:14.388 | INFO     | tracy:signpost:49 - MULTICHIP_DECODE_END
flat TP4 prefill: 0.9999978878726931
flat TP4 decode: 0.9996807609420973
flat TP4 key: 0.9999931705661677
flat TP4 value: 0.9999924130852192
stack layer zero: 0.9996259267765661
stack layer one: 0.9984936516682644
paged flat TP4 prefill: 0.9999978878726931
paged flat TP4 decode: 0.9996794316087931
paged physical key: 0.9999931705661677
paged physical value: 0.9999924130852192
page-one decode: 0.9999930419717936
page-one physical key: 0.9998256457806695
page-one physical value: 0.9998141211603299
advancing trace 0: 0.9996876997406097
advancing trace key 0: 0.9998221925059492
advancing trace value 0: 0.9998306483264289
advancing trace 1: 0.9997024905056698
advancing trace key 1: 0.9998138782064712
advancing trace value 1: 0.9998345594882552
dynamic page-one trace: 0.9999930419717936
dynamic page-one physical key: 0.9998256457806695
dynamic page-one physical value: 0.9998141211603299
PERF single_prefill_ms=3.719677 multi_prefill_ms=1.693824 speedup=2.1960 efficiency=0.5490
PERF single_decode_ms=1.852614 multi_decode_ms=1.562353 speedup=1.1858 efficiency=0.2964
TRACE_PERF single_ms=1.846958 multi_ms=0.598971 speedup=3.0836 efficiency=0.7709
PASSED
models/autoports/meta_llama_llama_3_1_70b_instruct/tests/test_multichip_decoder.py::test_multichip_decode_geometry_candidate[blackhole-blackhole-1x4-ring] 2026-07-19 06:09:14.942 | DEBUG    | ttnn.device:__init__:152 - Using default dispatch core type for this system: DispatchCoreType.WORKER
2026-07-19 06:09:14.942 | DEBUG    | ttnn.device:__init__:154 - Using default dispatch core axis for this system: DispatchCoreAxis.COL
2026-07-19 06:09:14.942 | info     |           Metal | Fabric config changed from FabricConfig::FABRIC_1D_RING to FabricConfig::FABRIC_1D_RING, reinitializing control plane (metal_env.cpp:281)
2026-07-19 06:09:14.942 | info     |     Distributed | Using auto discovery to generate mesh graph. (metal_env.cpp:367)
2026-07-19 06:09:14.942 | info     |     Distributed | Constructing control plane using auto-discovery (no mesh graph descriptor). (metal_env.cpp:429)
2026-07-19 06:09:14.942 | warning  |          Always | Unknown motherboard 'B850M-C' for chip_id=0 (bus_id=0x1) — falling back to bus_id as tray_id. Add this motherboard and its bus IDs to mobo_to_bus_ids in physical_system_discovery.cpp. (physical_system_discovery.cpp:89)
2026-07-19 06:09:14.942 | warning  |          Always | Unknown motherboard 'B850M-C' for chip_id=1 (bus_id=0x2) — falling back to bus_id as tray_id. Add this motherboard and its bus IDs to mobo_to_bus_ids in physical_system_discovery.cpp. (physical_system_discovery.cpp:89)
2026-07-19 06:09:14.942 | warning  |          Always | Unknown motherboard 'B850M-C' for chip_id=2 (bus_id=0x3) — falling back to bus_id as tray_id. Add this motherboard and its bus IDs to mobo_to_bus_ids in physical_system_discovery.cpp. (physical_system_discovery.cpp:89)
2026-07-19 06:09:14.942 | warning  |          Always | Unknown motherboard 'B850M-C' for chip_id=3 (bus_id=0x4) — falling back to bus_id as tray_id. Add this motherboard and its bus IDs to mobo_to_bus_ids in physical_system_discovery.cpp. (physical_system_discovery.cpp:89)
2026-07-19 06:09:14.942 | warning  |          Always | Unknown motherboard 'B850M-C' for chip_id=1 (bus_id=0x2) — falling back to bus_id as tray_id. Add this motherboard and its bus IDs to mobo_to_bus_ids in physical_system_discovery.cpp. (physical_system_discovery.cpp:89)
2026-07-19 06:09:14.942 | warning  |          Always | Unknown motherboard 'B850M-C' for chip_id=0 (bus_id=0x1) — falling back to bus_id as tray_id. Add this motherboard and its bus IDs to mobo_to_bus_ids in physical_system_discovery.cpp. (physical_system_discovery.cpp:89)
2026-07-19 06:09:14.942 | warning  |          Always | Unknown motherboard 'B850M-C' for chip_id=2 (bus_id=0x3) — falling back to bus_id as tray_id. Add this motherboard and its bus IDs to mobo_to_bus_ids in physical_system_discovery.cpp. (physical_system_discovery.cpp:89)
2026-07-19 06:09:14.942 | warning  |          Always | Unknown motherboard 'B850M-C' for chip_id=3 (bus_id=0x4) — falling back to bus_id as tray_id. Add this motherboard and its bus IDs to mobo_to_bus_ids in physical_system_discovery.cpp. (physical_system_discovery.cpp:89)
2026-07-19 06:09:14.942 | info     |          Fabric | Logical multi-mesh adjacency: intermesh degree histogram {0:1}; intra-mesh degree histograms mesh0 {2:4} (topology_mapper_utils.cpp:2342)
2026-07-19 06:09:14.943 | info     |          Fabric | Physical multi-mesh adjacency: intermesh degree histogram {0:1}; intra-mesh degree histograms mesh0 {2:4} (topology_mapper_utils.cpp:2350)
2026-07-19 06:09:14.955 | info     |    BuildKernels | Using pre-compiled firmware from: /home/mvasiljevic/tt-metal/tt_metal/pre-compiled/13793420398762238087/ (build_env_manager.cpp:347)
2026-07-19 06:09:14.956 | info     |    BuildKernels | Using pre-compiled firmware from: /home/mvasiljevic/tt-metal/tt_metal/pre-compiled/13793420398762238087/ (build_env_manager.cpp:347)
2026-07-19 06:09:14.957 | info     |    BuildKernels | Using pre-compiled firmware from: /home/mvasiljevic/tt-metal/tt_metal/pre-compiled/13793420398762238087/ (build_env_manager.cpp:347)
2026-07-19 06:09:14.957 | info     |    BuildKernels | Using pre-compiled firmware from: /home/mvasiljevic/tt-metal/tt_metal/pre-compiled/13793420398762238087/ (build_env_manager.cpp:347)
2026-07-19 06:09:14.988 | info     |           Metal | Initializing Fabric (fabric_firmware_initializer.cpp:288)
2026-07-19 06:09:14.998 | info     |           Metal | Fabric initialized on Device 3 (device.cpp:429)
2026-07-19 06:09:14.999 | info     |           Metal | Fabric initialized on Device 0 (device.cpp:429)
2026-07-19 06:09:15.000 | info     |           Metal | Fabric initialized on Device 1 (device.cpp:429)
2026-07-19 06:09:15.000 | info     |           Metal | Fabric initialized on Device 2 (device.cpp:429)
2026-07-19 06:09:15.000 | info     |           Metal | Fabric initialized on 4 devices (fabric_firmware_initializer.cpp:435)
2026-07-19 06:09:15.000 | info     |           Metal | Fabric Initialized with config FabricConfig::FABRIC_1D_RING (fabric_firmware_initializer.cpp:305)
2026-07-19 06:09:15.055 | DEBUG    | conftest:mesh_device:599 - multidevice with 4 devices is created
SKIPPED
models/autoports/meta_llama_llama_3_1_70b_instruct/tests/test_multichip_decoder.py::test_multichip_topology_candidate[blackhole-blackhole-1x4-ring] 2026-07-19 06:09:15.392 | DEBUG    | ttnn.device:__init__:152 - Using default dispatch core type for this system: DispatchCoreType.WORKER
2026-07-19 06:09:15.392 | DEBUG    | ttnn.device:__init__:154 - Using default dispatch core axis for this system: DispatchCoreAxis.COL
2026-07-19 06:09:15.392 | info     |           Metal | Fabric config changed from FabricConfig::FABRIC_1D_RING to FabricConfig::FABRIC_1D_RING, reinitializing control plane (metal_env.cpp:281)
2026-07-19 06:09:15.392 | info     |     Distributed | Using auto discovery to generate mesh graph. (metal_env.cpp:367)
2026-07-19 06:09:15.392 | info     |     Distributed | Constructing control plane using auto-discovery (no mesh graph descriptor). (metal_env.cpp:429)
2026-07-19 06:09:15.392 | warning  |          Always | Unknown motherboard 'B850M-C' for chip_id=0 (bus_id=0x1) — falling back to bus_id as tray_id. Add this motherboard and its bus IDs to mobo_to_bus_ids in physical_system_discovery.cpp. (physical_system_discovery.cpp:89)
2026-07-19 06:09:15.392 | warning  |          Always | Unknown motherboard 'B850M-C' for chip_id=1 (bus_id=0x2) — falling back to bus_id as tray_id. Add this motherboard and its bus IDs to mobo_to_bus_ids in physical_system_discovery.cpp. (physical_system_discovery.cpp:89)
2026-07-19 06:09:15.392 | warning  |          Always | Unknown motherboard 'B850M-C' for chip_id=2 (bus_id=0x3) — falling back to bus_id as tray_id. Add this motherboard and its bus IDs to mobo_to_bus_ids in physical_system_discovery.cpp. (physical_system_discovery.cpp:89)
2026-07-19 06:09:15.392 | warning  |          Always | Unknown motherboard 'B850M-C' for chip_id=3 (bus_id=0x4) — falling back to bus_id as tray_id. Add this motherboard and its bus IDs to mobo_to_bus_ids in physical_system_discovery.cpp. (physical_system_discovery.cpp:89)
2026-07-19 06:09:15.392 | warning  |          Always | Unknown motherboard 'B850M-C' for chip_id=1 (bus_id=0x2) — falling back to bus_id as tray_id. Add this motherboard and its bus IDs to mobo_to_bus_ids in physical_system_discovery.cpp. (physical_system_discovery.cpp:89)
2026-07-19 06:09:15.392 | warning  |          Always | Unknown motherboard 'B850M-C' for chip_id=0 (bus_id=0x1) — falling back to bus_id as tray_id. Add this motherboard and its bus IDs to mobo_to_bus_ids in physical_system_discovery.cpp. (physical_system_discovery.cpp:89)
2026-07-19 06:09:15.392 | warning  |          Always | Unknown motherboard 'B850M-C' for chip_id=2 (bus_id=0x3) — falling back to bus_id as tray_id. Add this motherboard and its bus IDs to mobo_to_bus_ids in physical_system_discovery.cpp. (physical_system_discovery.cpp:89)
2026-07-19 06:09:15.392 | warning  |          Always | Unknown motherboard 'B850M-C' for chip_id=3 (bus_id=0x4) — falling back to bus_id as tray_id. Add this motherboard and its bus IDs to mobo_to_bus_ids in physical_system_discovery.cpp. (physical_system_discovery.cpp:89)
2026-07-19 06:09:15.392 | info     |          Fabric | Logical multi-mesh adjacency: intermesh degree histogram {0:1}; intra-mesh degree histograms mesh0 {2:4} (topology_mapper_utils.cpp:2342)
2026-07-19 06:09:15.392 | info     |          Fabric | Physical multi-mesh adjacency: intermesh degree histogram {0:1}; intra-mesh degree histograms mesh0 {2:4} (topology_mapper_utils.cpp:2350)
2026-07-19 06:09:15.405 | info     |    BuildKernels | Using pre-compiled firmware from: /home/mvasiljevic/tt-metal/tt_metal/pre-compiled/13793420398762238087/ (build_env_manager.cpp:347)
2026-07-19 06:09:15.405 | info     |    BuildKernels | Using pre-compiled firmware from: /home/mvasiljevic/tt-metal/tt_metal/pre-compiled/13793420398762238087/ (build_env_manager.cpp:347)
2026-07-19 06:09:15.407 | info     |    BuildKernels | Using pre-compiled firmware from: /home/mvasiljevic/tt-metal/tt_metal/pre-compiled/13793420398762238087/ (build_env_manager.cpp:347)
2026-07-19 06:09:15.407 | info     |    BuildKernels | Using pre-compiled firmware from: /home/mvasiljevic/tt-metal/tt_metal/pre-compiled/13793420398762238087/ (build_env_manager.cpp:347)
2026-07-19 06:09:15.438 | info     |           Metal | Initializing Fabric (fabric_firmware_initializer.cpp:288)
2026-07-19 06:09:15.448 | info     |           Metal | Fabric initialized on Device 3 (device.cpp:429)
2026-07-19 06:09:15.449 | info     |           Metal | Fabric initialized on Device 0 (device.cpp:429)
2026-07-19 06:09:15.449 | info     |           Metal | Fabric initialized on Device 1 (device.cpp:429)
2026-07-19 06:09:15.450 | info     |           Metal | Fabric initialized on Device 2 (device.cpp:429)
2026-07-19 06:09:15.450 | info     |           Metal | Fabric initialized on 4 devices (fabric_firmware_initializer.cpp:435)
2026-07-19 06:09:15.450 | info     |           Metal | Fabric Initialized with config FabricConfig::FABRIC_1D_RING (fabric_firmware_initializer.cpp:305)
2026-07-19 06:09:15.505 | DEBUG    | conftest:mesh_device:599 - multidevice with 4 devices is created
SKIPPED
models/autoports/meta_llama_llama_3_1_70b_instruct/tests/test_multichip_decoder.py::test_multichip_profiler_smoke[blackhole-blackhole-1x4-ring] 2026-07-19 06:09:15.858 | DEBUG    | ttnn.device:__init__:152 - Using default dispatch core type for this system: DispatchCoreType.WORKER
2026-07-19 06:09:15.858 | DEBUG    | ttnn.device:__init__:154 - Using default dispatch core axis for this system: DispatchCoreAxis.COL
2026-07-19 06:09:15.858 | info     |           Metal | Fabric config changed from FabricConfig::FABRIC_1D_RING to FabricConfig::FABRIC_1D_RING, reinitializing control plane (metal_env.cpp:281)
2026-07-19 06:09:15.858 | info     |     Distributed | Using auto discovery to generate mesh graph. (metal_env.cpp:367)
2026-07-19 06:09:15.858 | info     |     Distributed | Constructing control plane using auto-discovery (no mesh graph descriptor). (metal_env.cpp:429)
2026-07-19 06:09:15.858 | warning  |          Always | Unknown motherboard 'B850M-C' for chip_id=0 (bus_id=0x1) — falling back to bus_id as tray_id. Add this motherboard and its bus IDs to mobo_to_bus_ids in physical_system_discovery.cpp. (physical_system_discovery.cpp:89)
2026-07-19 06:09:15.858 | warning  |          Always | Unknown motherboard 'B850M-C' for chip_id=1 (bus_id=0x2) — falling back to bus_id as tray_id. Add this motherboard and its bus IDs to mobo_to_bus_ids in physical_system_discovery.cpp. (physical_system_discovery.cpp:89)
2026-07-19 06:09:15.858 | warning  |          Always | Unknown motherboard 'B850M-C' for chip_id=2 (bus_id=0x3) — falling back to bus_id as tray_id. Add this motherboard and its bus IDs to mobo_to_bus_ids in physical_system_discovery.cpp. (physical_system_discovery.cpp:89)
2026-07-19 06:09:15.858 | warning  |          Always | Unknown motherboard 'B850M-C' for chip_id=3 (bus_id=0x4) — falling back to bus_id as tray_id. Add this motherboard and its bus IDs to mobo_to_bus_ids in physical_system_discovery.cpp. (physical_system_discovery.cpp:89)
2026-07-19 06:09:15.858 | warning  |          Always | Unknown motherboard 'B850M-C' for chip_id=1 (bus_id=0x2) — falling back to bus_id as tray_id. Add this motherboard and its bus IDs to mobo_to_bus_ids in physical_system_discovery.cpp. (physical_system_discovery.cpp:89)
2026-07-19 06:09:15.859 | warning  |          Always | Unknown motherboard 'B850M-C' for chip_id=0 (bus_id=0x1) — falling back to bus_id as tray_id. Add this motherboard and its bus IDs to mobo_to_bus_ids in physical_system_discovery.cpp. (physical_system_discovery.cpp:89)
2026-07-19 06:09:15.859 | warning  |          Always | Unknown motherboard 'B850M-C' for chip_id=2 (bus_id=0x3) — falling back to bus_id as tray_id. Add this motherboard and its bus IDs to mobo_to_bus_ids in physical_system_discovery.cpp. (physical_system_discovery.cpp:89)
2026-07-19 06:09:15.859 | warning  |          Always | Unknown motherboard 'B850M-C' for chip_id=3 (bus_id=0x4) — falling back to bus_id as tray_id. Add this motherboard and its bus IDs to mobo_to_bus_ids in physical_system_discovery.cpp. (physical_system_discovery.cpp:89)
2026-07-19 06:09:15.859 | info     |          Fabric | Logical multi-mesh adjacency: intermesh degree histogram {0:1}; intra-mesh degree histograms mesh0 {2:4} (topology_mapper_utils.cpp:2342)
2026-07-19 06:09:15.859 | info     |          Fabric | Physical multi-mesh adjacency: intermesh degree histogram {0:1}; intra-mesh degree histograms mesh0 {2:4} (topology_mapper_utils.cpp:2350)
2026-07-19 06:09:15.872 | info     |    BuildKernels | Using pre-compiled firmware from: /home/mvasiljevic/tt-metal/tt_metal/pre-compiled/13793420398762238087/ (build_env_manager.cpp:347)
2026-07-19 06:09:15.873 | info     |    BuildKernels | Using pre-compiled firmware from: /home/mvasiljevic/tt-metal/tt_metal/pre-compiled/13793420398762238087/ (build_env_manager.cpp:347)
2026-07-19 06:09:15.874 | info     |    BuildKernels | Using pre-compiled firmware from: /home/mvasiljevic/tt-metal/tt_metal/pre-compiled/13793420398762238087/ (build_env_manager.cpp:347)
2026-07-19 06:09:15.875 | info     |    BuildKernels | Using pre-compiled firmware from: /home/mvasiljevic/tt-metal/tt_metal/pre-compiled/13793420398762238087/ (build_env_manager.cpp:347)
2026-07-19 06:09:15.907 | info     |           Metal | Initializing Fabric (fabric_firmware_initializer.cpp:288)
2026-07-19 06:09:15.918 | info     |           Metal | Fabric initialized on Device 3 (device.cpp:429)
2026-07-19 06:09:15.918 | info     |           Metal | Fabric initialized on Device 0 (device.cpp:429)
2026-07-19 06:09:15.919 | info     |           Metal | Fabric initialized on Device 1 (device.cpp:429)
2026-07-19 06:09:15.920 | info     |           Metal | Fabric initialized on Device 2 (device.cpp:429)
2026-07-19 06:09:15.920 | info     |           Metal | Fabric initialized on 4 devices (fabric_firmware_initializer.cpp:435)
2026-07-19 06:09:15.920 | info     |           Metal | Fabric Initialized with config FabricConfig::FABRIC_1D_RING (fabric_firmware_initializer.cpp:305)
2026-07-19 06:09:15.978 | DEBUG    | conftest:mesh_device:599 - multidevice with 4 devices is created
SKIPPED
models/autoports/meta_llama_llama_3_1_70b_instruct/tests/test_multichip_decoder.py::test_multichip_watcher_stress[blackhole-blackhole-1x4-ring] 2026-07-19 06:09:16.325 | DEBUG    | ttnn.device:__init__:152 - Using default dispatch core type for this system: DispatchCoreType.WORKER
2026-07-19 06:09:16.325 | DEBUG    | ttnn.device:__init__:154 - Using default dispatch core axis for this system: DispatchCoreAxis.COL
2026-07-19 06:09:16.325 | info     |           Metal | Fabric config changed from FabricConfig::FABRIC_1D_RING to FabricConfig::FABRIC_1D_RING, reinitializing control plane (metal_env.cpp:281)
2026-07-19 06:09:16.325 | info     |     Distributed | Using auto discovery to generate mesh graph. (metal_env.cpp:367)
2026-07-19 06:09:16.325 | info     |     Distributed | Constructing control plane using auto-discovery (no mesh graph descriptor). (metal_env.cpp:429)
2026-07-19 06:09:16.326 | warning  |          Always | Unknown motherboard 'B850M-C' for chip_id=0 (bus_id=0x1) — falling back to bus_id as tray_id. Add this motherboard and its bus IDs to mobo_to_bus_ids in physical_system_discovery.cpp. (physical_system_discovery.cpp:89)
2026-07-19 06:09:16.326 | warning  |          Always | Unknown motherboard 'B850M-C' for chip_id=1 (bus_id=0x2) — falling back to bus_id as tray_id. Add this motherboard and its bus IDs to mobo_to_bus_ids in physical_system_discovery.cpp. (physical_system_discovery.cpp:89)
2026-07-19 06:09:16.326 | warning  |          Always | Unknown motherboard 'B850M-C' for chip_id=2 (bus_id=0x3) — falling back to bus_id as tray_id. Add this motherboard and its bus IDs to mobo_to_bus_ids in physical_system_discovery.cpp. (physical_system_discovery.cpp:89)
2026-07-19 06:09:16.326 | warning  |          Always | Unknown motherboard 'B850M-C' for chip_id=3 (bus_id=0x4) — falling back to bus_id as tray_id. Add this motherboard and its bus IDs to mobo_to_bus_ids in physical_system_discovery.cpp. (physical_system_discovery.cpp:89)
2026-07-19 06:09:16.326 | warning  |          Always | Unknown motherboard 'B850M-C' for chip_id=1 (bus_id=0x2) — falling back to bus_id as tray_id. Add this motherboard and its bus IDs to mobo_to_bus_ids in physical_system_discovery.cpp. (physical_system_discovery.cpp:89)
2026-07-19 06:09:16.326 | warning  |          Always | Unknown motherboard 'B850M-C' for chip_id=0 (bus_id=0x1) — falling back to bus_id as tray_id. Add this motherboard and its bus IDs to mobo_to_bus_ids in physical_system_discovery.cpp. (physical_system_discovery.cpp:89)
2026-07-19 06:09:16.326 | warning  |          Always | Unknown motherboard 'B850M-C' for chip_id=2 (bus_id=0x3) — falling back to bus_id as tray_id. Add this motherboard and its bus IDs to mobo_to_bus_ids in physical_system_discovery.cpp. (physical_system_discovery.cpp:89)
2026-07-19 06:09:16.326 | warning  |          Always | Unknown motherboard 'B850M-C' for chip_id=3 (bus_id=0x4) — falling back to bus_id as tray_id. Add this motherboard and its bus IDs to mobo_to_bus_ids in physical_system_discovery.cpp. (physical_system_discovery.cpp:89)
2026-07-19 06:09:16.326 | info     |          Fabric | Logical multi-mesh adjacency: intermesh degree histogram {0:1}; intra-mesh degree histograms mesh0 {2:4} (topology_mapper_utils.cpp:2342)
2026-07-19 06:09:16.326 | info     |          Fabric | Physical multi-mesh adjacency: intermesh degree histogram {0:1}; intra-mesh degree histograms mesh0 {2:4} (topology_mapper_utils.cpp:2350)
2026-07-19 06:09:16.339 | info     |    BuildKernels | Using pre-compiled firmware from: /home/mvasiljevic/tt-metal/tt_metal/pre-compiled/13793420398762238087/ (build_env_manager.cpp:347)
2026-07-19 06:09:16.340 | info     |    BuildKernels | Using pre-compiled firmware from: /home/mvasiljevic/tt-metal/tt_metal/pre-compiled/13793420398762238087/ (build_env_manager.cpp:347)
2026-07-19 06:09:16.341 | info     |    BuildKernels | Using pre-compiled firmware from: /home/mvasiljevic/tt-metal/tt_metal/pre-compiled/13793420398762238087/ (build_env_manager.cpp:347)
2026-07-19 06:09:16.342 | info     |    BuildKernels | Using pre-compiled firmware from: /home/mvasiljevic/tt-metal/tt_metal/pre-compiled/13793420398762238087/ (build_env_manager.cpp:347)
2026-07-19 06:09:16.374 | info     |           Metal | Initializing Fabric (fabric_firmware_initializer.cpp:288)
2026-07-19 06:09:16.385 | info     |           Metal | Fabric initialized on Device 3 (device.cpp:429)
2026-07-19 06:09:16.385 | info     |           Metal | Fabric initialized on Device 0 (device.cpp:429)
2026-07-19 06:09:16.386 | info     |           Metal | Fabric initialized on Device 1 (device.cpp:429)
2026-07-19 06:09:16.387 | info     |           Metal | Fabric initialized on Device 2 (device.cpp:429)
2026-07-19 06:09:16.387 | info     |           Metal | Fabric initialized on 4 devices (fabric_firmware_initializer.cpp:435)
2026-07-19 06:09:16.387 | info     |           Metal | Fabric Initialized with config FabricConfig::FABRIC_1D_RING (fabric_firmware_initializer.cpp:305)
2026-07-19 06:09:16.447 | DEBUG    | conftest:mesh_device:599 - multidevice with 4 devices is created
SKIPPED

==================================== PASSES ====================================
- generated xml file: /home/mvasiljevic/tt-metal/models/autoports/meta_llama_llama_3_1_70b_instruct/doc/optimized_multichip_decoder/baseline/reproduction.xml -
============================== slowest durations ===============================
10.00s call     models/autoports/meta_llama_llama_3_1_70b_instruct/tests/test_multichip_decoder.py::test_01_multichip_correctness_paged_trace_and_perf[blackhole-blackhole-1x4-ring]
8.61s call     models/autoports/meta_llama_llama_3_1_70b_instruct/tests/test_multichip_decoder.py::test_00_single_chip_optimized_reference[blackhole-single-chip-optimized-reference]
1.34s setup    models/autoports/meta_llama_llama_3_1_70b_instruct/tests/test_multichip_decoder.py::test_00_single_chip_optimized_reference[blackhole-single-chip-optimized-reference]
0.94s setup    models/autoports/meta_llama_llama_3_1_70b_instruct/tests/test_multichip_decoder.py::test_01_multichip_correctness_paged_trace_and_perf[blackhole-blackhole-1x4-ring]
0.34s setup    models/autoports/meta_llama_llama_3_1_70b_instruct/tests/test_multichip_decoder.py::test_multichip_profiler_smoke[blackhole-blackhole-1x4-ring]
0.34s setup    models/autoports/meta_llama_llama_3_1_70b_instruct/tests/test_multichip_decoder.py::test_multichip_watcher_stress[blackhole-blackhole-1x4-ring]
0.33s setup    models/autoports/meta_llama_llama_3_1_70b_instruct/tests/test_multichip_decoder.py::test_multichip_decode_geometry_candidate[blackhole-blackhole-1x4-ring]
0.32s setup    models/autoports/meta_llama_llama_3_1_70b_instruct/tests/test_multichip_decoder.py::test_multichip_topology_candidate[blackhole-blackhole-1x4-ring]
0.21s setup    models/autoports/meta_llama_llama_3_1_70b_instruct/tests/test_multichip_decoder.py::test_runtime_path_is_real_multichip_and_host_fallback_free
0.20s setup    models/autoports/meta_llama_llama_3_1_70b_instruct/tests/test_multichip_decoder.py::test_two_axis_weight_packing_contract
0.19s setup    models/autoports/meta_llama_llama_3_1_70b_instruct/tests/test_multichip_decoder.py::test_multichip_context_capacity_contract
0.13s teardown models/autoports/meta_llama_llama_3_1_70b_instruct/tests/test_multichip_decoder.py::test_multichip_topology_candidate[blackhole-blackhole-1x4-ring]
0.13s teardown models/autoports/meta_llama_llama_3_1_70b_instruct/tests/test_multichip_decoder.py::test_multichip_profiler_smoke[blackhole-blackhole-1x4-ring]
0.13s teardown models/autoports/meta_llama_llama_3_1_70b_instruct/tests/test_multichip_decoder.py::test_multichip_watcher_stress[blackhole-blackhole-1x4-ring]
0.13s teardown models/autoports/meta_llama_llama_3_1_70b_instruct/tests/test_multichip_decoder.py::test_multichip_decode_geometry_candidate[blackhole-blackhole-1x4-ring]
0.13s teardown models/autoports/meta_llama_llama_3_1_70b_instruct/tests/test_multichip_decoder.py::test_01_multichip_correctness_paged_trace_and_perf[blackhole-blackhole-1x4-ring]
0.12s teardown models/autoports/meta_llama_llama_3_1_70b_instruct/tests/test_multichip_decoder.py::test_00_single_chip_optimized_reference[blackhole-single-chip-optimized-reference]
0.00s call     models/autoports/meta_llama_llama_3_1_70b_instruct/tests/test_multichip_decoder.py::test_runtime_path_is_real_multichip_and_host_fallback_free
0.00s call     models/autoports/meta_llama_llama_3_1_70b_instruct/tests/test_multichip_decoder.py::test_two_axis_weight_packing_contract
0.00s call     models/autoports/meta_llama_llama_3_1_70b_instruct/tests/test_multichip_decoder.py::test_multichip_context_capacity_contract
0.00s call     models/autoports/meta_llama_llama_3_1_70b_instruct/tests/test_multichip_decoder.py::test_multichip_profiler_smoke[blackhole-blackhole-1x4-ring]
0.00s call     models/autoports/meta_llama_llama_3_1_70b_instruct/tests/test_multichip_decoder.py::test_multichip_watcher_stress[blackhole-blackhole-1x4-ring]
0.00s call     models/autoports/meta_llama_llama_3_1_70b_instruct/tests/test_multichip_decoder.py::test_multichip_decode_geometry_candidate[blackhole-blackhole-1x4-ring]
0.00s call     models/autoports/meta_llama_llama_3_1_70b_instruct/tests/test_multichip_decoder.py::test_multichip_topology_candidate[blackhole-blackhole-1x4-ring]
0.00s teardown models/autoports/meta_llama_llama_3_1_70b_instruct/tests/test_multichip_decoder.py::test_two_axis_weight_packing_contract
0.00s teardown models/autoports/meta_llama_llama_3_1_70b_instruct/tests/test_multichip_decoder.py::test_runtime_path_is_real_multichip_and_host_fallback_free
0.00s teardown models/autoports/meta_llama_llama_3_1_70b_instruct/tests/test_multichip_decoder.py::test_multichip_context_capacity_contract
=========================== short test summary info ============================
PASSED models/autoports/meta_llama_llama_3_1_70b_instruct/tests/test_multichip_decoder.py::test_two_axis_weight_packing_contract
PASSED models/autoports/meta_llama_llama_3_1_70b_instruct/tests/test_multichip_decoder.py::test_runtime_path_is_real_multichip_and_host_fallback_free
PASSED models/autoports/meta_llama_llama_3_1_70b_instruct/tests/test_multichip_decoder.py::test_multichip_context_capacity_contract
PASSED models/autoports/meta_llama_llama_3_1_70b_instruct/tests/test_multichip_decoder.py::test_00_single_chip_optimized_reference[blackhole-single-chip-optimized-reference]
PASSED models/autoports/meta_llama_llama_3_1_70b_instruct/tests/test_multichip_decoder.py::test_01_multichip_correctness_paged_trace_and_perf[blackhole-blackhole-1x4-ring]
SKIPPED [1] models/autoports/meta_llama_llama_3_1_70b_instruct/tests/test_multichip_decoder.py:872: set MULTICHIP_GEOMETRY_CANDIDATE to one of ['D1', 'D3', 'G1', 'G3', 'O1', 'O2', 'O4', 'Q1', 'Q2', 'Q3']
SKIPPED [1] models/autoports/meta_llama_llama_3_1_70b_instruct/tests/test_multichip_decoder.py:887: set MULTICHIP_TOPOLOGY_CANDIDATE to one of ['bf8', 'linear', 'links1', 'persistent', 'persistent_bf8']
SKIPPED [1] models/autoports/meta_llama_llama_3_1_70b_instruct/tests/test_multichip_decoder.py:901: set RUN_MULTICHIP_DECODER_PROFILER=1 for reduced profiler collection
SKIPPED [1] models/autoports/meta_llama_llama_3_1_70b_instruct/tests/test_multichip_decoder.py:963: set RUN_MULTICHIP_DECODER_WATCHER=1 for the watcher stress run
======================== 5 passed, 4 skipped in 24.48s =========================
nanobind: leaked 2 instances!
 - leaked instance 0x76fd2f7741c8 of type "ttnn._ttnn.tensor.MemoryConfig"
 - leaked instance 0x76fd2fef1e48 of type "ttnn._ttnn.tensor.CoreRangeSet"
nanobind: leaked 22 types!
 - leaked type "ttnn._ttnn.operations.matmul.MatmulMultiCoreReuseMultiCast1DProgramConfig"
 - leaked type "FabricConfig"
 - leaked type "ttnn._ttnn.operations.matmul.MatmulInputs"
 - leaked type "ttnn._ttnn.operations.matmul.MatmulMultiCoreReuseMultiCastBatchedDRAMShardedProgramConfig"
 - leaked type "BufferType"
 - leaked type "UnaryOpType"
 - leaked type "Layout"
 - leaked type "ttnn._ttnn.operations.matmul.MatmulMultiCoreReuseOptimizedProgramFactory"
 - leaked type "Arch"
 - leaked type "ttnn._ttnn.operations.matmul.MatmulParams"
 - ... skipped remainder
nanobind: leaked 247 functions!
 - leaked function ""
 - leaked function "compute_with_storage_grid_size"
 - leaked function ""
 - leaked function ""
 - leaked function "to_json"
 - leaked function ""
 - leaked function "reshape"
 - leaked function ""
 - leaked function ""
 - leaked function "get_tile"
 - ... skipped remainder
nanobind: this is likely caused by a reference counting issue in the binding code.
See https://nanobind.readthedocs.io/en/latest/refleaks.html2026-07-19 06:09:18.329 | info     |    BuildKernels | JIT cache stats: 449/449 hits (100.0%) [449 cached, 431 build-once dedup, 0 merged artifacts, 0 merged genfiles] (build_cache_telemetry.cpp:207)
2026-07-19 06:09:18.329 | info     |    BuildKernels | JIT telemetry: 3 registered TelemetryTokens (build_cache_telemetry.cpp:230)
2026-07-19 06:09:18.343 | info     |          Device | Closing user mode device drivers (tt_cluster.cpp:512)
2026-07-19 06:09:18.343 | info     |             UMD | Closing devices in cluster (cluster.cpp:1037)
2026-07-19 06:09:18.938 | info     |             UMD | Closing devices in cluster completed. (cluster.cpp:1046)
2026-07-19 06:09:18.938 | info     |             UMD | Cluster destructor started. (cluster.cpp:754)
2026-07-19 06:09:18.938 | info     |             UMD | Cluster destructor completed. (cluster.cpp:757)
