2026-07-19 06:15:14.533 | info     |          Device | Opening user mode device driver (tt_cluster.cpp:228)
2026-07-19 06:15:14.533 | info     |             UMD | Cluster constructor started. (cluster.cpp:348)
2026-07-19 06:15:14.533 | info     |             UMD | Creating TopologyDiscovery for architecture: blackhole (topology_discovery.cpp:91)
2026-07-19 06:15:14.533 | info     |             UMD | Starting topology discovery. (topology_discovery.cpp:110)
2026-07-19 06:15:14.534 | info     |             UMD | Established firmware bundle version: 19.8.0 (topology_discovery.cpp:569)
2026-07-19 06:15:14.534 | info     |             UMD | Firmware bundle version 19.8.0 on the system is newer than the latest fully tested version 19.5.0 for blackhole architecture. Newest features may not be supported. (topology_discovery.cpp:601)
2026-07-19 06:15:14.538 | info     |             UMD | Completed topology discovery. (topology_discovery.cpp:114)
2026-07-19 06:15:14.761 | info     |             UMD | Opening local chip ids/PCIe ids: {0, 1, 2, 3}/[0, 1, 2, 3] and remote chip ids {} (cluster.cpp:168)
2026-07-19 06:15:14.761 | info     |             UMD | IOMMU: enabled (cluster.cpp:142)
2026-07-19 06:15:14.761 | info     |             UMD | KMD version: 2.8.0 (cluster.cpp:145)
2026-07-19 06:15:14.761 | info     |             UMD | Cluster constructor completed. (cluster.cpp:520)
2026-07-19 06:15:14.763 | info     |             UMD | Starting devices in cluster (cluster.cpp:1024)
2026-07-19 06:15:14.882 | info     |             UMD | Starting devices in cluster completed. (cluster.cpp:1032)
--------------------------------------------------------------------------
It appears as if there is not enough space for /dev/shm/sm_segment.23ff5195c3f7.1000.eaa70000.0 (the shared-memory backing
file). It is likely that your MPI job will now either abort or experience
performance degradation.

  Local host:  23ff5195c3f7
  Space Requested: 16777216 B
  Space Available: 17539072 B
--------------------------------------------------------------------------
2026-07-19 06:15:15.012 | DEBUG    | ttnn.device:__init__:152 - Using default dispatch core type for this system: DispatchCoreType.WORKER
2026-07-19 06:15:15.012 | DEBUG    | ttnn.device:__init__:154 - Using default dispatch core axis for this system: DispatchCoreAxis.COL
2026-07-19 06:15:15.012 | info     |     Distributed | Using auto discovery to generate mesh graph. (metal_env.cpp:367)
2026-07-19 06:15:15.012 | info     |     Distributed | Constructing control plane using auto-discovery (no mesh graph descriptor). (metal_env.cpp:429)
2026-07-19 06:15:15.012 | warning  |          Always | Unknown motherboard 'B850M-C' for chip_id=0 (bus_id=0x1) — falling back to bus_id as tray_id. Add this motherboard and its bus IDs to mobo_to_bus_ids in physical_system_discovery.cpp. (physical_system_discovery.cpp:89)
2026-07-19 06:15:15.012 | warning  |          Always | Unknown motherboard 'B850M-C' for chip_id=1 (bus_id=0x2) — falling back to bus_id as tray_id. Add this motherboard and its bus IDs to mobo_to_bus_ids in physical_system_discovery.cpp. (physical_system_discovery.cpp:89)
2026-07-19 06:15:15.012 | warning  |          Always | Unknown motherboard 'B850M-C' for chip_id=2 (bus_id=0x3) — falling back to bus_id as tray_id. Add this motherboard and its bus IDs to mobo_to_bus_ids in physical_system_discovery.cpp. (physical_system_discovery.cpp:89)
2026-07-19 06:15:15.012 | warning  |          Always | Unknown motherboard 'B850M-C' for chip_id=3 (bus_id=0x4) — falling back to bus_id as tray_id. Add this motherboard and its bus IDs to mobo_to_bus_ids in physical_system_discovery.cpp. (physical_system_discovery.cpp:89)
2026-07-19 06:15:15.012 | warning  |          Always | Unknown motherboard 'B850M-C' for chip_id=1 (bus_id=0x2) — falling back to bus_id as tray_id. Add this motherboard and its bus IDs to mobo_to_bus_ids in physical_system_discovery.cpp. (physical_system_discovery.cpp:89)
2026-07-19 06:15:15.012 | warning  |          Always | Unknown motherboard 'B850M-C' for chip_id=0 (bus_id=0x1) — falling back to bus_id as tray_id. Add this motherboard and its bus IDs to mobo_to_bus_ids in physical_system_discovery.cpp. (physical_system_discovery.cpp:89)
2026-07-19 06:15:15.012 | warning  |          Always | Unknown motherboard 'B850M-C' for chip_id=2 (bus_id=0x3) — falling back to bus_id as tray_id. Add this motherboard and its bus IDs to mobo_to_bus_ids in physical_system_discovery.cpp. (physical_system_discovery.cpp:89)
2026-07-19 06:15:15.012 | warning  |          Always | Unknown motherboard 'B850M-C' for chip_id=3 (bus_id=0x4) — falling back to bus_id as tray_id. Add this motherboard and its bus IDs to mobo_to_bus_ids in physical_system_discovery.cpp. (physical_system_discovery.cpp:89)
2026-07-19 06:15:15.012 | info     |          Fabric | Logical multi-mesh adjacency: intermesh degree histogram {0:1}; intra-mesh degree histograms mesh0 {2:4} (topology_mapper_utils.cpp:2342)
2026-07-19 06:15:15.012 | info     |          Fabric | Physical multi-mesh adjacency: intermesh degree histogram {0:1}; intra-mesh degree histograms mesh0 {2:4} (topology_mapper_utils.cpp:2350)
2026-07-19 06:15:15.029 | info     |    BuildKernels | Using pre-compiled firmware from: /home/mvasiljevic/tt-mlir/third_party/tt-metal/src/tt-metal/tt_metal/pre-compiled/13793420398762238087/ (build_env_manager.cpp:347)
2026-07-19 06:15:15.038 | info     |    BuildKernels | Using pre-compiled firmware from: /home/mvasiljevic/tt-mlir/third_party/tt-metal/src/tt-metal/tt_metal/pre-compiled/13793420398762238087/ (build_env_manager.cpp:347)
2026-07-19 06:15:15.045 | info     |    BuildKernels | Using pre-compiled firmware from: /home/mvasiljevic/tt-mlir/third_party/tt-metal/src/tt-metal/tt_metal/pre-compiled/13793420398762238087/ (build_env_manager.cpp:347)
2026-07-19 06:15:15.052 | info     |    BuildKernels | Using pre-compiled firmware from: /home/mvasiljevic/tt-mlir/third_party/tt-metal/src/tt-metal/tt_metal/pre-compiled/13793420398762238087/ (build_env_manager.cpp:347)
2026-07-19 06:15:15.080 | warning  |           Metal | Opening subset of mmio devices slows down UMD read/write to remote chips. If opening more devices, consider using CreateDevices API. (device_manager.cpp:261)
2026-07-19 06:15:15.122 | info     |           Metal | ShmResourceTracker: removed orphaned shm '/tt_device_154095681929600_memory' (shm_resource_tracker.cpp:282)
2026-07-19 06:15:15.701 | info     |           Metal | [Real-time profiler] Device 3 sync complete: 100 samples, frequency=1.349990 GHz, device_time_at_sync=14281353542598 cycles (realtime_profiler_manager.cpp:1127)
2026-07-19 06:15:16.733 | info     |             UMD | Creating TopologyDiscovery for architecture: blackhole (topology_discovery.cpp:91)
2026-07-19 06:15:16.733 | info     |             UMD | Starting topology discovery. (topology_discovery.cpp:110)
2026-07-19 06:15:16.735 | info     |             UMD | Established firmware bundle version: 19.8.0 (topology_discovery.cpp:569)
2026-07-19 06:15:16.735 | info     |             UMD | Firmware bundle version 19.8.0 on the system is newer than the latest fully tested version 19.5.0 for blackhole architecture. Newest features may not be supported. (topology_discovery.cpp:601)
2026-07-19 06:15:16.739 | info     |             UMD | Completed topology discovery. (topology_discovery.cpp:114)
2026-07-19 06:15:16.741 | info     |           Metal | Using programmatically configured mock mode: /tmp/umd_zefF3W/cluster_descriptor.yaml (metal_env.cpp:129)
2026-07-19 06:15:16.742 | info     |          Device | Opening user mode device driver (tt_cluster.cpp:228)
2026-07-19 06:15:16.742 | warning  |          Device | Currently using mock cluster descriptor, all device driver calls will be mocked (tt_cluster.cpp:251)
2026-07-19 06:15:16.742 | info     |             UMD | Cluster constructor started. (cluster.cpp:348)
2026-07-19 06:15:16.744 | info     |             UMD | Cluster constructor completed. (cluster.cpp:520)
2026-07-19 06:15:16.745 | info     |             UMD | Starting devices in cluster (cluster.cpp:1024)
2026-07-19 06:15:16.745 | info     |             UMD | Starting devices in cluster completed. (cluster.cpp:1032)
2026-07-19 06:15:16.746 | info     |     Distributed | Using auto discovery to generate mesh graph. (metal_env.cpp:367)
2026-07-19 06:15:16.746 | info     |     Distributed | Constructing control plane using auto-discovery (no mesh graph descriptor). (metal_env.cpp:429)
2026-07-19 06:15:16.746 | info     |          Fabric | Logical multi-mesh adjacency: intermesh degree histogram {0:1}; intra-mesh degree histograms mesh0 {2:4} (topology_mapper_utils.cpp:2342)
2026-07-19 06:15:16.746 | info     |          Fabric | Physical multi-mesh adjacency: intermesh degree histogram {0:1}; intra-mesh degree histograms mesh0 {2:4} (topology_mapper_utils.cpp:2350)
2026-07-19 06:15:16.756 | info     |    BuildKernels | Using pre-compiled firmware from: /home/mvasiljevic/tt-mlir/third_party/tt-metal/src/tt-metal/tt_metal/pre-compiled/13793420398762238087/ (build_env_manager.cpp:347)
2026-07-19 06:15:16.763 | info     |    BuildKernels | Using pre-compiled firmware from: /home/mvasiljevic/tt-mlir/third_party/tt-metal/src/tt-metal/tt_metal/pre-compiled/13793420398762238087/ (build_env_manager.cpp:347)
2026-07-19 06:15:16.770 | info     |    BuildKernels | Using pre-compiled firmware from: /home/mvasiljevic/tt-mlir/third_party/tt-metal/src/tt-metal/tt_metal/pre-compiled/13793420398762238087/ (build_env_manager.cpp:347)
2026-07-19 06:15:16.776 | info     |    BuildKernels | Using pre-compiled firmware from: /home/mvasiljevic/tt-mlir/third_party/tt-metal/src/tt-metal/tt_metal/pre-compiled/13793420398762238087/ (build_env_manager.cpp:347)
2026-07-19 06:15:16.776 | warning  |           Metal | Opening subset of mmio devices slows down UMD read/write to remote chips. If opening more devices, consider using CreateDevices API. (device_manager.cpp:261)
2026-07-19 06:15:16.776 | info     |           Metal | Skipping host-side CQ initialization for mock devices (command_queue_initializer.cpp:27)
2026-07-19 06:15:16.777 | info     |           Metal | Skipping dispatch firmware initialization for mock devices (dispatch_kernel_initializer.cpp:88)
2026-07-19 06:15:16.777 | info     |           Metal | Skipping fabric configure (router sync) for mock devices (fabric_firmware_initializer.cpp:319)
2026-07-19 06:15:16.777 | info     |           Metal | Disabling and clearing program cache on MeshDevice 1 (mesh_device.cpp:1064)
2026-07-19 06:15:16.801 | info     |           Metal | Disabling and clearing program cache on MeshDevice 1 (mesh_device.cpp:1064)
2026-07-19 06:15:16.802 | info     |           Metal | Disabling and clearing program cache on MeshDevice 1 (mesh_device.cpp:1064)
2026-07-19 06:15:16.802 | info     |           Metal | Disabling and clearing program cache on MeshDevice 1 (mesh_device.cpp:1064)
2026-07-19 06:15:16.802 | info     |           Metal | Disabling and clearing program cache on MeshDevice 1 (mesh_device.cpp:1064)
2026-07-19 06:15:16.814 | info     |           Metal | Disabling and clearing program cache on MeshDevice 1 (mesh_device.cpp:1064)
2026-07-19 06:15:16.814 | info     |           Metal | Disabling and clearing program cache on MeshDevice 1 (mesh_device.cpp:1064)
2026-07-19 06:15:16.814 | info     |           Metal | Disabling and clearing program cache on MeshDevice 1 (mesh_device.cpp:1064)
2026-07-19 06:15:16.815 | info     |           Metal | Disabling and clearing program cache on MeshDevice 1 (mesh_device.cpp:1064)
2026-07-19 06:15:16.815 | info     |           Metal | Disabling and clearing program cache on MeshDevice 1 (mesh_device.cpp:1064)
2026-07-19 06:15:16.815 | info     |           Metal | Disabling and clearing program cache on MeshDevice 1 (mesh_device.cpp:1064)
2026-07-19 06:15:16.815 | info     |           Metal | Disabling and clearing program cache on MeshDevice 1 (mesh_device.cpp:1064)
2026-07-19 06:15:16.815 | info     |           Metal | Disabling and clearing program cache on MeshDevice 1 (mesh_device.cpp:1064)
2026-07-19 06:15:16.816 | info     |           Metal | Disabling and clearing program cache on MeshDevice 1 (mesh_device.cpp:1064)
2026-07-19 06:15:16.816 | info     |           Metal | Disabling and clearing program cache on MeshDevice 1 (mesh_device.cpp:1064)
2026-07-19 06:15:16.817 | info     |           Metal | Disabling and clearing program cache on MeshDevice 1 (mesh_device.cpp:1064)
2026-07-19 06:15:16.817 | info     |           Metal | Disabling and clearing program cache on MeshDevice 1 (mesh_device.cpp:1064)
2026-07-19 06:15:16.818 | info     |           Metal | Disabling and clearing program cache on MeshDevice 1 (mesh_device.cpp:1064)
2026-07-19 06:15:16.818 | info     |           Metal | Disabling and clearing program cache on MeshDevice 1 (mesh_device.cpp:1064)
2026-07-19 06:15:16.819 | info     |           Metal | Disabling and clearing program cache on MeshDevice 1 (mesh_device.cpp:1064)
2026-07-19 06:15:16.819 | info     |           Metal | Disabling and clearing program cache on MeshDevice 1 (mesh_device.cpp:1064)
2026-07-19 06:15:16.820 | info     |           Metal | Disabling and clearing program cache on MeshDevice 1 (mesh_device.cpp:1064)
2026-07-19 06:15:16.820 | info     |           Metal | Disabling and clearing program cache on MeshDevice 1 (mesh_device.cpp:1064)
2026-07-19 06:15:16.820 | info     |           Metal | Disabling and clearing program cache on MeshDevice 1 (mesh_device.cpp:1064)
2026-07-19 06:15:16.820 | info     |           Metal | Disabling and clearing program cache on MeshDevice 1 (mesh_device.cpp:1064)
2026-07-19 06:15:16.821 | info     |           Metal | Disabling and clearing program cache on MeshDevice 1 (mesh_device.cpp:1064)
2026-07-19 06:15:16.821 | info     |           Metal | Disabling and clearing program cache on MeshDevice 1 (mesh_device.cpp:1064)
2026-07-19 06:15:16.821 | info     |           Metal | Disabling and clearing program cache on MeshDevice 1 (mesh_device.cpp:1064)
2026-07-19 06:15:16.821 | info     |           Metal | Disabling and clearing program cache on MeshDevice 1 (mesh_device.cpp:1064)
2026-07-19 06:15:16.822 | info     |           Metal | Disabling and clearing program cache on MeshDevice 1 (mesh_device.cpp:1064)
2026-07-19 06:15:16.822 | info     |           Metal | Disabling and clearing program cache on MeshDevice 1 (mesh_device.cpp:1064)
2026-07-19 06:15:16.822 | info     |           Metal | Disabling and clearing program cache on MeshDevice 1 (mesh_device.cpp:1064)
2026-07-19 06:15:16.822 | info     |           Metal | Disabling and clearing program cache on MeshDevice 1 (mesh_device.cpp:1064)
2026-07-19 06:15:16.822 | info     |           Metal | Disabling and clearing program cache on MeshDevice 1 (mesh_device.cpp:1064)
2026-07-19 06:15:16.822 | info     |           Metal | Disabling and clearing program cache on MeshDevice 1 (mesh_device.cpp:1064)
2026-07-19 06:15:16.822 | info     |           Metal | Disabling and clearing program cache on MeshDevice 1 (mesh_device.cpp:1064)
2026-07-19 06:15:16.823 | info     |           Metal | Disabling and clearing program cache on MeshDevice 1 (mesh_device.cpp:1064)
2026-07-19 06:15:16.823 | info     |           Metal | Disabling and clearing program cache on MeshDevice 1 (mesh_device.cpp:1064)
2026-07-19 06:15:16.823 | info     |           Metal | Disabling and clearing program cache on MeshDevice 1 (mesh_device.cpp:1064)
2026-07-19 06:15:16.824 | info     |           Metal | Disabling and clearing program cache on MeshDevice 1 (mesh_device.cpp:1064)
2026-07-19 06:15:16.824 | info     |           Metal | Disabling and clearing program cache on MeshDevice 1 (mesh_device.cpp:1064)
2026-07-19 06:15:16.825 | info     |           Metal | Disabling and clearing program cache on MeshDevice 1 (mesh_device.cpp:1064)
2026-07-19 06:15:16.825 | info     |           Metal | Disabling and clearing program cache on MeshDevice 1 (mesh_device.cpp:1064)
2026-07-19 06:15:16.826 | info     |           Metal | Disabling and clearing program cache on MeshDevice 1 (mesh_device.cpp:1064)
2026-07-19 06:15:16.826 | info     |           Metal | Disabling and clearing program cache on MeshDevice 1 (mesh_device.cpp:1064)
2026-07-19 06:15:16.976 | info     |           Metal | Disabling and clearing program cache on MeshDevice 1 (mesh_device.cpp:1064)
2026-07-19 06:15:16.977 | info     |           Metal | Disabling and clearing program cache on MeshDevice 1 (mesh_device.cpp:1064)
2026-07-19 06:15:16.977 | info     |           Metal | Disabling and clearing program cache on MeshDevice 1 (mesh_device.cpp:1064)
2026-07-19 06:15:16.977 | info     |           Metal | Disabling and clearing program cache on MeshDevice 1 (mesh_device.cpp:1064)
2026-07-19 06:15:16.977 | info     |           Metal | Disabling and clearing program cache on MeshDevice 1 (mesh_device.cpp:1064)
2026-07-19 06:15:16.978 | info     |           Metal | Disabling and clearing program cache on MeshDevice 1 (mesh_device.cpp:1064)
2026-07-19 06:15:16.978 | info     |           Metal | Disabling and clearing program cache on MeshDevice 1 (mesh_device.cpp:1064)
2026-07-19 06:15:16.978 | info     |           Metal | Disabling and clearing program cache on MeshDevice 1 (mesh_device.cpp:1064)
2026-07-19 06:15:16.979 | info     |           Metal | Disabling and clearing program cache on MeshDevice 1 (mesh_device.cpp:1064)
2026-07-19 06:15:16.979 | info     |           Metal | Disabling and clearing program cache on MeshDevice 1 (mesh_device.cpp:1064)
2026-07-19 06:15:16.979 | info     |           Metal | Disabling and clearing program cache on MeshDevice 1 (mesh_device.cpp:1064)
2026-07-19 06:15:16.980 | info     |           Metal | Disabling and clearing program cache on MeshDevice 1 (mesh_device.cpp:1064)
2026-07-19 06:15:16.980 | info     |           Metal | Disabling and clearing program cache on MeshDevice 1 (mesh_device.cpp:1064)
2026-07-19 06:15:16.980 | info     |           Metal | Disabling and clearing program cache on MeshDevice 1 (mesh_device.cpp:1064)
2026-07-19 06:15:16.980 | info     |           Metal | Disabling and clearing program cache on MeshDevice 1 (mesh_device.cpp:1064)
2026-07-19 06:15:16.980 | info     |           Metal | Disabling and clearing program cache on MeshDevice 1 (mesh_device.cpp:1064)
2026-07-19 06:15:16.981 | info     |           Metal | Disabling and clearing program cache on MeshDevice 1 (mesh_device.cpp:1064)
2026-07-19 06:15:16.981 | info     |           Metal | Disabling and clearing program cache on MeshDevice 1 (mesh_device.cpp:1064)
2026-07-19 06:15:16.981 | info     |           Metal | Disabling and clearing program cache on MeshDevice 1 (mesh_device.cpp:1064)
2026-07-19 06:15:16.981 | info     |           Metal | Disabling and clearing program cache on MeshDevice 1 (mesh_device.cpp:1064)
2026-07-19 06:15:16.981 | info     |           Metal | Disabling and clearing program cache on MeshDevice 1 (mesh_device.cpp:1064)
2026-07-19 06:15:16.981 | info     |           Metal | Disabling and clearing program cache on MeshDevice 1 (mesh_device.cpp:1064)
2026-07-19 06:15:16.982 | info     |           Metal | Disabling and clearing program cache on MeshDevice 1 (mesh_device.cpp:1064)
2026-07-19 06:15:16.982 | info     |           Metal | Disabling and clearing program cache on MeshDevice 1 (mesh_device.cpp:1064)
2026-07-19 06:15:16.982 | info     |           Metal | Disabling and clearing program cache on MeshDevice 1 (mesh_device.cpp:1064)
2026-07-19 06:15:16.982 | info     |           Metal | Disabling and clearing program cache on MeshDevice 1 (mesh_device.cpp:1064)
2026-07-19 06:15:16.982 | info     |           Metal | Disabling and clearing program cache on MeshDevice 1 (mesh_device.cpp:1064)
2026-07-19 06:15:16.982 | info     |           Metal | Disabling and clearing program cache on MeshDevice 1 (mesh_device.cpp:1064)
2026-07-19 06:15:16.982 | info     |           Metal | Disabling and clearing program cache on MeshDevice 1 (mesh_device.cpp:1064)
2026-07-19 06:15:16.983 | info     |           Metal | Disabling and clearing program cache on MeshDevice 1 (mesh_device.cpp:1064)
2026-07-19 06:15:16.983 | info     |           Metal | Disabling and clearing program cache on MeshDevice 1 (mesh_device.cpp:1064)
2026-07-19 06:15:16.983 | info     |           Metal | Disabling and clearing program cache on MeshDevice 1 (mesh_device.cpp:1064)
2026-07-19 06:15:16.983 | info     |           Metal | Disabling and clearing program cache on MeshDevice 1 (mesh_device.cpp:1064)
2026-07-19 06:15:16.983 | info     |           Metal | Disabling and clearing program cache on MeshDevice 1 (mesh_device.cpp:1064)
2026-07-19 06:15:16.983 | info     |           Metal | Disabling and clearing program cache on MeshDevice 1 (mesh_device.cpp:1064)
2026-07-19 06:15:16.984 | info     |           Metal | Disabling and clearing program cache on MeshDevice 1 (mesh_device.cpp:1064)
2026-07-19 06:15:16.984 | info     |           Metal | Disabling and clearing program cache on MeshDevice 1 (mesh_device.cpp:1064)
2026-07-19 06:15:16.984 | info     |           Metal | Disabling and clearing program cache on MeshDevice 1 (mesh_device.cpp:1064)
2026-07-19 06:15:16.984 | info     |           Metal | Disabling and clearing program cache on MeshDevice 1 (mesh_device.cpp:1064)
2026-07-19 06:15:16.984 | info     |           Metal | Disabling and clearing program cache on MeshDevice 1 (mesh_device.cpp:1064)
2026-07-19 06:15:16.984 | info     |           Metal | Disabling and clearing program cache on MeshDevice 1 (mesh_device.cpp:1064)
2026-07-19 06:15:16.984 | info     |           Metal | Disabling and clearing program cache on MeshDevice 1 (mesh_device.cpp:1064)
2026-07-19 06:15:16.985 | info     |           Metal | Disabling and clearing program cache on MeshDevice 1 (mesh_device.cpp:1064)
2026-07-19 06:15:16.985 | info     |           Metal | Disabling and clearing program cache on MeshDevice 1 (mesh_device.cpp:1064)
2026-07-19 06:15:16.985 | info     |           Metal | Disabling and clearing program cache on MeshDevice 1 (mesh_device.cpp:1064)
2026-07-19 06:15:16.985 | info     |           Metal | Disabling and clearing program cache on MeshDevice 1 (mesh_device.cpp:1064)
2026-07-19 06:15:16.985 | info     |           Metal | Disabling and clearing program cache on MeshDevice 1 (mesh_device.cpp:1064)
2026-07-19 06:15:16.985 | info     |           Metal | Disabling and clearing program cache on MeshDevice 1 (mesh_device.cpp:1064)
2026-07-19 06:15:16.985 | info     |           Metal | Disabling and clearing program cache on MeshDevice 1 (mesh_device.cpp:1064)
2026-07-19 06:15:16.986 | info     |           Metal | Disabling and clearing program cache on MeshDevice 1 (mesh_device.cpp:1064)
2026-07-19 06:15:16.986 | info     |           Metal | Disabling and clearing program cache on MeshDevice 1 (mesh_device.cpp:1064)
2026-07-19 06:15:16.986 | info     |           Metal | Disabling and clearing program cache on MeshDevice 1 (mesh_device.cpp:1064)
2026-07-19 06:15:16.986 | info     |           Metal | Disabling and clearing program cache on MeshDevice 1 (mesh_device.cpp:1064)
2026-07-19 06:15:16.986 | info     |           Metal | Disabling and clearing program cache on MeshDevice 1 (mesh_device.cpp:1064)
2026-07-19 06:15:16.986 | info     |           Metal | Disabling and clearing program cache on MeshDevice 1 (mesh_device.cpp:1064)
2026-07-19 06:15:16.986 | info     |           Metal | Disabling and clearing program cache on MeshDevice 1 (mesh_device.cpp:1064)
2026-07-19 06:15:16.986 | info     |           Metal | Disabling and clearing program cache on MeshDevice 1 (mesh_device.cpp:1064)
2026-07-19 06:15:16.987 | info     |           Metal | Disabling and clearing program cache on MeshDevice 1 (mesh_device.cpp:1064)
2026-07-19 06:15:16.987 | info     |           Metal | Disabling and clearing program cache on MeshDevice 1 (mesh_device.cpp:1064)
2026-07-19 06:15:16.987 | info     |           Metal | Disabling and clearing program cache on MeshDevice 1 (mesh_device.cpp:1064)
2026-07-19 06:15:16.987 | info     |           Metal | Disabling and clearing program cache on MeshDevice 1 (mesh_device.cpp:1064)
2026-07-19 06:15:16.987 | info     |           Metal | Disabling and clearing program cache on MeshDevice 1 (mesh_device.cpp:1064)
2026-07-19 06:15:16.987 | info     |           Metal | Disabling and clearing program cache on MeshDevice 1 (mesh_device.cpp:1064)
2026-07-19 06:15:16.987 | info     |           Metal | Disabling and clearing program cache on MeshDevice 1 (mesh_device.cpp:1064)
2026-07-19 06:15:17.220 | info     |           Metal | Disabling and clearing program cache on MeshDevice 1 (mesh_device.cpp:1064)
2026-07-19 06:15:17.220 | info     |           Metal | Disabling and clearing program cache on MeshDevice 1 (mesh_device.cpp:1064)
2026-07-19 06:15:17.220 | info     |           Metal | Disabling and clearing program cache on MeshDevice 1 (mesh_device.cpp:1064)
2026-07-19 06:15:17.221 | info     |           Metal | Disabling and clearing program cache on MeshDevice 1 (mesh_device.cpp:1064)
2026-07-19 06:15:17.221 | info     |           Metal | Disabling and clearing program cache on MeshDevice 1 (mesh_device.cpp:1064)
2026-07-19 06:15:17.221 | info     |           Metal | Disabling and clearing program cache on MeshDevice 1 (mesh_device.cpp:1064)
2026-07-19 06:15:17.221 | info     |           Metal | Disabling and clearing program cache on MeshDevice 1 (mesh_device.cpp:1064)
2026-07-19 06:15:17.221 | info     |           Metal | Disabling and clearing program cache on MeshDevice 1 (mesh_device.cpp:1064)
2026-07-19 06:15:17.221 | info     |           Metal | Disabling and clearing program cache on MeshDevice 1 (mesh_device.cpp:1064)
2026-07-19 06:15:17.222 | info     |           Metal | Disabling and clearing program cache on MeshDevice 1 (mesh_device.cpp:1064)
2026-07-19 06:15:17.222 | info     |           Metal | Disabling and clearing program cache on MeshDevice 1 (mesh_device.cpp:1064)
2026-07-19 06:15:17.222 | info     |           Metal | Disabling and clearing program cache on MeshDevice 1 (mesh_device.cpp:1064)
2026-07-19 06:15:17.222 | info     |           Metal | Disabling and clearing program cache on MeshDevice 1 (mesh_device.cpp:1064)
2026-07-19 06:15:17.223 | info     |           Metal | Disabling and clearing program cache on MeshDevice 1 (mesh_device.cpp:1064)
2026-07-19 06:15:17.223 | info     |           Metal | Disabling and clearing program cache on MeshDevice 1 (mesh_device.cpp:1064)
2026-07-19 06:15:17.223 | info     |           Metal | Disabling and clearing program cache on MeshDevice 1 (mesh_device.cpp:1064)
2026-07-19 06:15:17.223 | info     |           Metal | Disabling and clearing program cache on MeshDevice 1 (mesh_device.cpp:1064)
2026-07-19 06:15:17.223 | info     |           Metal | Disabling and clearing program cache on MeshDevice 1 (mesh_device.cpp:1064)
2026-07-19 06:15:17.225 | info     |           Metal | Disabling and clearing program cache on MeshDevice 1 (mesh_device.cpp:1064)
2026-07-19 06:15:17.226 | info     |           Metal | Disabling and clearing program cache on MeshDevice 1 (mesh_device.cpp:1064)
2026-07-19 06:15:17.227 | info     |           Metal | Disabling and clearing program cache on MeshDevice 1 (mesh_device.cpp:1064)
2026-07-19 06:15:17.228 | info     |           Metal | Disabling and clearing program cache on MeshDevice 1 (mesh_device.cpp:1064)
2026-07-19 06:15:17.229 | info     |           Metal | Disabling and clearing program cache on MeshDevice 1 (mesh_device.cpp:1064)
2026-07-19 06:15:17.230 | info     |           Metal | Disabling and clearing program cache on MeshDevice 1 (mesh_device.cpp:1064)
2026-07-19 06:15:17.231 | info     |           Metal | Disabling and clearing program cache on MeshDevice 1 (mesh_device.cpp:1064)
2026-07-19 06:15:17.232 | info     |           Metal | Disabling and clearing program cache on MeshDevice 1 (mesh_device.cpp:1064)
2026-07-19 06:15:17.233 | info     |           Metal | Disabling and clearing program cache on MeshDevice 1 (mesh_device.cpp:1064)
2026-07-19 06:15:17.234 | info     |           Metal | Disabling and clearing program cache on MeshDevice 1 (mesh_device.cpp:1064)
2026-07-19 06:15:17.235 | info     |           Metal | Disabling and clearing program cache on MeshDevice 1 (mesh_device.cpp:1064)
2026-07-19 06:15:17.236 | info     |           Metal | Disabling and clearing program cache on MeshDevice 1 (mesh_device.cpp:1064)
2026-07-19 06:15:17.237 | info     |           Metal | Disabling and clearing program cache on MeshDevice 1 (mesh_device.cpp:1064)
2026-07-19 06:15:17.237 | info     |           Metal | Disabling and clearing program cache on MeshDevice 1 (mesh_device.cpp:1064)
2026-07-19 06:15:17.238 | info     |           Metal | Disabling and clearing program cache on MeshDevice 1 (mesh_device.cpp:1064)
2026-07-19 06:15:17.239 | info     |           Metal | Disabling and clearing program cache on MeshDevice 1 (mesh_device.cpp:1064)
2026-07-19 06:15:17.240 | info     |           Metal | Disabling and clearing program cache on MeshDevice 1 (mesh_device.cpp:1064)
2026-07-19 06:15:17.240 | info     |           Metal | Disabling and clearing program cache on MeshDevice 1 (mesh_device.cpp:1064)
2026-07-19 06:15:17.241 | info     |           Metal | Disabling and clearing program cache on MeshDevice 1 (mesh_device.cpp:1064)
2026-07-19 06:15:17.242 | info     |           Metal | Disabling and clearing program cache on MeshDevice 1 (mesh_device.cpp:1064)
2026-07-19 06:15:17.242 | info     |           Metal | Disabling and clearing program cache on MeshDevice 1 (mesh_device.cpp:1064)
2026-07-19 06:15:17.243 | info     |           Metal | Disabling and clearing program cache on MeshDevice 1 (mesh_device.cpp:1064)
2026-07-19 06:15:17.244 | info     |           Metal | Disabling and clearing program cache on MeshDevice 1 (mesh_device.cpp:1064)
2026-07-19 06:15:17.244 | info     |           Metal | Disabling and clearing program cache on MeshDevice 1 (mesh_device.cpp:1064)
2026-07-19 06:15:17.245 | info     |           Metal | Disabling and clearing program cache on MeshDevice 1 (mesh_device.cpp:1064)
2026-07-19 06:15:17.245 | info     |           Metal | Disabling and clearing program cache on MeshDevice 1 (mesh_device.cpp:1064)
2026-07-19 06:15:17.246 | info     |           Metal | Disabling and clearing program cache on MeshDevice 1 (mesh_device.cpp:1064)
2026-07-19 06:15:17.247 | info     |           Metal | Disabling and clearing program cache on MeshDevice 1 (mesh_device.cpp:1064)
2026-07-19 06:15:17.247 | info     |           Metal | Disabling and clearing program cache on MeshDevice 1 (mesh_device.cpp:1064)
2026-07-19 06:15:17.248 | info     |           Metal | Disabling and clearing program cache on MeshDevice 1 (mesh_device.cpp:1064)
2026-07-19 06:15:17.249 | info     |           Metal | Disabling and clearing program cache on MeshDevice 1 (mesh_device.cpp:1064)
2026-07-19 06:15:17.249 | info     |           Metal | Disabling and clearing program cache on MeshDevice 1 (mesh_device.cpp:1064)
2026-07-19 06:15:17.249 | info     |           Metal | Disabling and clearing program cache on MeshDevice 1 (mesh_device.cpp:1064)
2026-07-19 06:15:17.250 | info     |           Metal | Disabling and clearing program cache on MeshDevice 1 (mesh_device.cpp:1064)
2026-07-19 06:15:17.250 | info     |           Metal | Disabling and clearing program cache on MeshDevice 1 (mesh_device.cpp:1064)
2026-07-19 06:15:17.250 | info     |           Metal | Disabling and clearing program cache on MeshDevice 1 (mesh_device.cpp:1064)
2026-07-19 06:15:17.250 | info     |           Metal | Disabling and clearing program cache on MeshDevice 1 (mesh_device.cpp:1064)
2026-07-19 06:15:17.251 | info     |           Metal | Disabling and clearing program cache on MeshDevice 1 (mesh_device.cpp:1064)
2026-07-19 06:15:17.251 | info     |           Metal | Disabling and clearing program cache on MeshDevice 1 (mesh_device.cpp:1064)
2026-07-19 06:15:17.251 | info     |           Metal | Disabling and clearing program cache on MeshDevice 1 (mesh_device.cpp:1064)
2026-07-19 06:15:17.251 | info     |           Metal | Disabling and clearing program cache on MeshDevice 1 (mesh_device.cpp:1064)
2026-07-19 06:15:17.252 | info     |           Metal | Disabling and clearing program cache on MeshDevice 1 (mesh_device.cpp:1064)
2026-07-19 06:15:17.252 | info     |           Metal | Disabling and clearing program cache on MeshDevice 1 (mesh_device.cpp:1064)
2026-07-19 06:15:17.252 | info     |           Metal | Disabling and clearing program cache on MeshDevice 1 (mesh_device.cpp:1064)
2026-07-19 06:15:17.252 | info     |           Metal | Disabling and clearing program cache on MeshDevice 1 (mesh_device.cpp:1064)
2026-07-19 06:15:17.253 | info     |           Metal | Disabling and clearing program cache on MeshDevice 1 (mesh_device.cpp:1064)
2026-07-19 06:15:17.253 | info     |           Metal | Disabling and clearing program cache on MeshDevice 1 (mesh_device.cpp:1064)
2026-07-19 06:15:17.311 | info     |           Metal | Disabling and clearing program cache on MeshDevice 1 (mesh_device.cpp:1064)
2026-07-19 06:15:17.312 | info     |           Metal | Disabling and clearing program cache on MeshDevice 1 (mesh_device.cpp:1064)
2026-07-19 06:15:17.312 | info     |           Metal | Disabling and clearing program cache on MeshDevice 1 (mesh_device.cpp:1064)
2026-07-19 06:15:17.312 | info     |           Metal | Disabling and clearing program cache on MeshDevice 1 (mesh_device.cpp:1064)
2026-07-19 06:15:17.312 | info     |           Metal | Disabling and clearing program cache on MeshDevice 1 (mesh_device.cpp:1064)
2026-07-19 06:15:17.313 | info     |           Metal | Disabling and clearing program cache on MeshDevice 1 (mesh_device.cpp:1064)
2026-07-19 06:15:17.313 | info     |           Metal | Disabling and clearing program cache on MeshDevice 1 (mesh_device.cpp:1064)
2026-07-19 06:15:17.313 | info     |           Metal | Disabling and clearing program cache on MeshDevice 1 (mesh_device.cpp:1064)
2026-07-19 06:15:17.313 | info     |           Metal | Disabling and clearing program cache on MeshDevice 1 (mesh_device.cpp:1064)
2026-07-19 06:15:17.314 | info     |           Metal | Disabling and clearing program cache on MeshDevice 1 (mesh_device.cpp:1064)
2026-07-19 06:15:17.314 | info     |           Metal | Disabling and clearing program cache on MeshDevice 1 (mesh_device.cpp:1064)
2026-07-19 06:15:17.314 | info     |           Metal | Disabling and clearing program cache on MeshDevice 1 (mesh_device.cpp:1064)
2026-07-19 06:15:17.314 | info     |           Metal | Disabling and clearing program cache on MeshDevice 1 (mesh_device.cpp:1064)
2026-07-19 06:15:17.315 | info     |           Metal | Disabling and clearing program cache on MeshDevice 1 (mesh_device.cpp:1064)
2026-07-19 06:15:17.315 | info     |           Metal | Disabling and clearing program cache on MeshDevice 1 (mesh_device.cpp:1064)
2026-07-19 06:15:17.315 | info     |           Metal | Disabling and clearing program cache on MeshDevice 1 (mesh_device.cpp:1064)
2026-07-19 06:15:17.315 | info     |           Metal | Disabling and clearing program cache on MeshDevice 1 (mesh_device.cpp:1064)
2026-07-19 06:15:17.316 | info     |           Metal | Disabling and clearing program cache on MeshDevice 1 (mesh_device.cpp:1064)
2026-07-19 06:15:17.316 | info     |           Metal | Disabling and clearing program cache on MeshDevice 1 (mesh_device.cpp:1064)
2026-07-19 06:15:17.316 | info     |           Metal | Disabling and clearing program cache on MeshDevice 1 (mesh_device.cpp:1064)
2026-07-19 06:15:17.316 | info     |           Metal | Disabling and clearing program cache on MeshDevice 1 (mesh_device.cpp:1064)
2026-07-19 06:15:17.317 | info     |           Metal | Disabling and clearing program cache on MeshDevice 1 (mesh_device.cpp:1064)
2026-07-19 06:15:17.317 | info     |           Metal | Disabling and clearing program cache on MeshDevice 1 (mesh_device.cpp:1064)
2026-07-19 06:15:17.317 | info     |           Metal | Disabling and clearing program cache on MeshDevice 1 (mesh_device.cpp:1064)
2026-07-19 06:15:17.317 | info     |           Metal | Disabling and clearing program cache on MeshDevice 1 (mesh_device.cpp:1064)
2026-07-19 06:15:17.318 | info     |           Metal | Disabling and clearing program cache on MeshDevice 1 (mesh_device.cpp:1064)
2026-07-19 06:15:17.318 | info     |           Metal | Disabling and clearing program cache on MeshDevice 1 (mesh_device.cpp:1064)
2026-07-19 06:15:17.318 | info     |           Metal | Disabling and clearing program cache on MeshDevice 1 (mesh_device.cpp:1064)
2026-07-19 06:15:17.318 | info     |           Metal | Disabling and clearing program cache on MeshDevice 1 (mesh_device.cpp:1064)
2026-07-19 06:15:17.318 | info     |           Metal | Disabling and clearing program cache on MeshDevice 1 (mesh_device.cpp:1064)
2026-07-19 06:15:17.319 | info     |           Metal | Disabling and clearing program cache on MeshDevice 1 (mesh_device.cpp:1064)
2026-07-19 06:15:17.319 | info     |           Metal | Disabling and clearing program cache on MeshDevice 1 (mesh_device.cpp:1064)
2026-07-19 06:15:17.319 | info     |           Metal | Disabling and clearing program cache on MeshDevice 1 (mesh_device.cpp:1064)
2026-07-19 06:15:17.319 | info     |           Metal | Disabling and clearing program cache on MeshDevice 1 (mesh_device.cpp:1064)
2026-07-19 06:15:17.320 | info     |           Metal | Disabling and clearing program cache on MeshDevice 1 (mesh_device.cpp:1064)
2026-07-19 06:15:17.320 | info     |           Metal | Disabling and clearing program cache on MeshDevice 1 (mesh_device.cpp:1064)
2026-07-19 06:15:17.320 | info     |           Metal | Disabling and clearing program cache on MeshDevice 1 (mesh_device.cpp:1064)
2026-07-19 06:15:17.320 | info     |           Metal | Disabling and clearing program cache on MeshDevice 1 (mesh_device.cpp:1064)
2026-07-19 06:15:17.321 | info     |           Metal | Disabling and clearing program cache on MeshDevice 1 (mesh_device.cpp:1064)
2026-07-19 06:15:17.321 | info     |           Metal | Disabling and clearing program cache on MeshDevice 1 (mesh_device.cpp:1064)
2026-07-19 06:15:17.334 | info     |           Metal | Disabling and clearing program cache on MeshDevice 1 (mesh_device.cpp:1064)
2026-07-19 06:15:17.335 | info     |           Metal | Disabling and clearing program cache on MeshDevice 1 (mesh_device.cpp:1064)
2026-07-19 06:15:17.335 | info     |           Metal | Disabling and clearing program cache on MeshDevice 1 (mesh_device.cpp:1064)
2026-07-19 06:15:17.335 | info     |           Metal | Disabling and clearing program cache on MeshDevice 1 (mesh_device.cpp:1064)
2026-07-19 06:15:17.335 | info     |           Metal | Disabling and clearing program cache on MeshDevice 1 (mesh_device.cpp:1064)
2026-07-19 06:15:17.335 | info     |           Metal | Disabling and clearing program cache on MeshDevice 1 (mesh_device.cpp:1064)
2026-07-19 06:15:17.335 | info     |           Metal | Disabling and clearing program cache on MeshDevice 1 (mesh_device.cpp:1064)
2026-07-19 06:15:17.335 | info     |           Metal | Disabling and clearing program cache on MeshDevice 1 (mesh_device.cpp:1064)
2026-07-19 06:15:17.336 | info     |           Metal | Disabling and clearing program cache on MeshDevice 1 (mesh_device.cpp:1064)
2026-07-19 06:15:17.337 | info     |           Metal | Disabling and clearing program cache on MeshDevice 1 (mesh_device.cpp:1064)
2026-07-19 06:15:17.339 | info     |           Metal | Disabling and clearing program cache on MeshDevice 1 (mesh_device.cpp:1064)
2026-07-19 06:15:17.340 | info     |           Metal | Disabling and clearing program cache on MeshDevice 1 (mesh_device.cpp:1064)
2026-07-19 06:15:17.341 | info     |           Metal | Disabling and clearing program cache on MeshDevice 1 (mesh_device.cpp:1064)
2026-07-19 06:15:17.343 | info     |           Metal | Disabling and clearing program cache on MeshDevice 1 (mesh_device.cpp:1064)
2026-07-19 06:15:17.344 | info     |           Metal | Disabling and clearing program cache on MeshDevice 1 (mesh_device.cpp:1064)
2026-07-19 06:15:17.346 | info     |           Metal | Disabling and clearing program cache on MeshDevice 1 (mesh_device.cpp:1064)
2026-07-19 06:15:17.347 | info     |           Metal | Disabling and clearing program cache on MeshDevice 1 (mesh_device.cpp:1064)
2026-07-19 06:15:17.348 | info     |           Metal | Disabling and clearing program cache on MeshDevice 1 (mesh_device.cpp:1064)
2026-07-19 06:15:17.349 | info     |           Metal | Disabling and clearing program cache on MeshDevice 1 (mesh_device.cpp:1064)
2026-07-19 06:15:17.350 | info     |           Metal | Disabling and clearing program cache on MeshDevice 1 (mesh_device.cpp:1064)
2026-07-19 06:15:17.351 | info     |           Metal | Disabling and clearing program cache on MeshDevice 1 (mesh_device.cpp:1064)
2026-07-19 06:15:17.352 | info     |           Metal | Disabling and clearing program cache on MeshDevice 1 (mesh_device.cpp:1064)
2026-07-19 06:15:17.353 | info     |           Metal | Disabling and clearing program cache on MeshDevice 1 (mesh_device.cpp:1064)
2026-07-19 06:15:17.354 | info     |           Metal | Disabling and clearing program cache on MeshDevice 1 (mesh_device.cpp:1064)
2026-07-19 06:15:17.355 | info     |           Metal | Disabling and clearing program cache on MeshDevice 1 (mesh_device.cpp:1064)
2026-07-19 06:15:17.356 | info     |           Metal | Disabling and clearing program cache on MeshDevice 1 (mesh_device.cpp:1064)
2026-07-19 06:15:17.356 | info     |           Metal | Disabling and clearing program cache on MeshDevice 1 (mesh_device.cpp:1064)
2026-07-19 06:15:17.357 | info     |           Metal | Disabling and clearing program cache on MeshDevice 1 (mesh_device.cpp:1064)
2026-07-19 06:15:17.358 | info     |           Metal | Disabling and clearing program cache on MeshDevice 1 (mesh_device.cpp:1064)
2026-07-19 06:15:17.359 | info     |           Metal | Disabling and clearing program cache on MeshDevice 1 (mesh_device.cpp:1064)
2026-07-19 06:15:17.359 | info     |           Metal | Disabling and clearing program cache on MeshDevice 1 (mesh_device.cpp:1064)
2026-07-19 06:15:17.360 | info     |           Metal | Disabling and clearing program cache on MeshDevice 1 (mesh_device.cpp:1064)
2026-07-19 06:15:17.361 | info     |           Metal | Disabling and clearing program cache on MeshDevice 1 (mesh_device.cpp:1064)
2026-07-19 06:15:17.362 | info     |           Metal | Disabling and clearing program cache on MeshDevice 1 (mesh_device.cpp:1064)
2026-07-19 06:15:17.362 | info     |           Metal | Disabling and clearing program cache on MeshDevice 1 (mesh_device.cpp:1064)
2026-07-19 06:15:17.363 | info     |           Metal | Disabling and clearing program cache on MeshDevice 1 (mesh_device.cpp:1064)
2026-07-19 06:15:17.363 | info     |           Metal | Disabling and clearing program cache on MeshDevice 1 (mesh_device.cpp:1064)
2026-07-19 06:15:17.364 | info     |           Metal | Disabling and clearing program cache on MeshDevice 1 (mesh_device.cpp:1064)
2026-07-19 06:15:17.365 | info     |           Metal | Disabling and clearing program cache on MeshDevice 1 (mesh_device.cpp:1064)
2026-07-19 06:15:17.365 | info     |           Metal | Disabling and clearing program cache on MeshDevice 1 (mesh_device.cpp:1064)
2026-07-19 06:15:17.366 | info     |           Metal | Disabling and clearing program cache on MeshDevice 1 (mesh_device.cpp:1064)
2026-07-19 06:15:17.366 | info     |           Metal | Disabling and clearing program cache on MeshDevice 1 (mesh_device.cpp:1064)
2026-07-19 06:15:17.366 | info     |           Metal | Disabling and clearing program cache on MeshDevice 1 (mesh_device.cpp:1064)
2026-07-19 06:15:17.366 | info     |           Metal | Disabling and clearing program cache on MeshDevice 1 (mesh_device.cpp:1064)
2026-07-19 06:15:17.367 | info     |           Metal | Disabling and clearing program cache on MeshDevice 1 (mesh_device.cpp:1064)
2026-07-19 06:15:17.367 | info     |           Metal | Disabling and clearing program cache on MeshDevice 1 (mesh_device.cpp:1064)
2026-07-19 06:15:17.367 | info     |           Metal | Disabling and clearing program cache on MeshDevice 1 (mesh_device.cpp:1064)
2026-07-19 06:15:17.367 | info     |           Metal | Disabling and clearing program cache on MeshDevice 1 (mesh_device.cpp:1064)
2026-07-19 06:15:17.367 | info     |           Metal | Disabling and clearing program cache on MeshDevice 1 (mesh_device.cpp:1064)
2026-07-19 06:15:17.368 | info     |           Metal | Disabling and clearing program cache on MeshDevice 1 (mesh_device.cpp:1064)
2026-07-19 06:15:17.368 | info     |           Metal | Disabling and clearing program cache on MeshDevice 1 (mesh_device.cpp:1064)
2026-07-19 06:15:17.368 | info     |           Metal | Disabling and clearing program cache on MeshDevice 1 (mesh_device.cpp:1064)
2026-07-19 06:15:17.368 | info     |           Metal | Disabling and clearing program cache on MeshDevice 1 (mesh_device.cpp:1064)
2026-07-19 06:15:17.368 | info     |           Metal | Disabling and clearing program cache on MeshDevice 1 (mesh_device.cpp:1064)
2026-07-19 06:15:17.369 | info     |           Metal | Disabling and clearing program cache on MeshDevice 1 (mesh_device.cpp:1064)
2026-07-19 06:15:17.369 | info     |           Metal | Disabling and clearing program cache on MeshDevice 1 (mesh_device.cpp:1064)
2026-07-19 06:15:17.626 | info     |           Metal | Disabling and clearing program cache on MeshDevice 1 (mesh_device.cpp:1064)
2026-07-19 06:15:17.627 | info     |           Metal | Disabling and clearing program cache on MeshDevice 1 (mesh_device.cpp:1064)
2026-07-19 06:15:17.627 | info     |           Metal | Disabling and clearing program cache on MeshDevice 1 (mesh_device.cpp:1064)
2026-07-19 06:15:17.627 | info     |           Metal | Disabling and clearing program cache on MeshDevice 1 (mesh_device.cpp:1064)
2026-07-19 06:15:17.627 | info     |           Metal | Disabling and clearing program cache on MeshDevice 1 (mesh_device.cpp:1064)
2026-07-19 06:15:17.628 | info     |           Metal | Disabling and clearing program cache on MeshDevice 1 (mesh_device.cpp:1064)
2026-07-19 06:15:17.628 | info     |           Metal | Disabling and clearing program cache on MeshDevice 1 (mesh_device.cpp:1064)
2026-07-19 06:15:17.628 | info     |           Metal | Disabling and clearing program cache on MeshDevice 1 (mesh_device.cpp:1064)
2026-07-19 06:15:17.629 | info     |           Metal | Disabling and clearing program cache on MeshDevice 1 (mesh_device.cpp:1064)
2026-07-19 06:15:17.629 | info     |           Metal | Disabling and clearing program cache on MeshDevice 1 (mesh_device.cpp:1064)
2026-07-19 06:15:17.629 | info     |           Metal | Disabling and clearing program cache on MeshDevice 1 (mesh_device.cpp:1064)
2026-07-19 06:15:17.630 | info     |           Metal | Disabling and clearing program cache on MeshDevice 1 (mesh_device.cpp:1064)
2026-07-19 06:15:17.630 | info     |           Metal | Disabling and clearing program cache on MeshDevice 1 (mesh_device.cpp:1064)
2026-07-19 06:15:17.630 | info     |           Metal | Disabling and clearing program cache on MeshDevice 1 (mesh_device.cpp:1064)
2026-07-19 06:15:17.630 | info     |           Metal | Disabling and clearing program cache on MeshDevice 1 (mesh_device.cpp:1064)
2026-07-19 06:15:17.631 | info     |           Metal | Disabling and clearing program cache on MeshDevice 1 (mesh_device.cpp:1064)
2026-07-19 06:15:17.632 | info     |           Metal | Disabling and clearing program cache on MeshDevice 1 (mesh_device.cpp:1064)
2026-07-19 06:15:17.632 | info     |           Metal | Disabling and clearing program cache on MeshDevice 1 (mesh_device.cpp:1064)
2026-07-19 06:15:17.632 | info     |           Metal | Disabling and clearing program cache on MeshDevice 1 (mesh_device.cpp:1064)
2026-07-19 06:15:17.632 | info     |           Metal | Disabling and clearing program cache on MeshDevice 1 (mesh_device.cpp:1064)
2026-07-19 06:15:17.633 | info     |           Metal | Disabling and clearing program cache on MeshDevice 1 (mesh_device.cpp:1064)
2026-07-19 06:15:17.633 | info     |           Metal | Disabling and clearing program cache on MeshDevice 1 (mesh_device.cpp:1064)
2026-07-19 06:15:17.633 | info     |           Metal | Disabling and clearing program cache on MeshDevice 1 (mesh_device.cpp:1064)
2026-07-19 06:15:17.633 | info     |           Metal | Disabling and clearing program cache on MeshDevice 1 (mesh_device.cpp:1064)
2026-07-19 06:15:17.633 | info     |           Metal | Disabling and clearing program cache on MeshDevice 1 (mesh_device.cpp:1064)
2026-07-19 06:15:17.634 | info     |           Metal | Disabling and clearing program cache on MeshDevice 1 (mesh_device.cpp:1064)
2026-07-19 06:15:17.634 | info     |           Metal | Disabling and clearing program cache on MeshDevice 1 (mesh_device.cpp:1064)
2026-07-19 06:15:17.634 | info     |           Metal | Disabling and clearing program cache on MeshDevice 1 (mesh_device.cpp:1064)
2026-07-19 06:15:17.634 | info     |           Metal | Disabling and clearing program cache on MeshDevice 1 (mesh_device.cpp:1064)
2026-07-19 06:15:17.634 | info     |           Metal | Disabling and clearing program cache on MeshDevice 1 (mesh_device.cpp:1064)
2026-07-19 06:15:17.635 | info     |           Metal | Disabling and clearing program cache on MeshDevice 1 (mesh_device.cpp:1064)
2026-07-19 06:15:17.635 | info     |           Metal | Disabling and clearing program cache on MeshDevice 1 (mesh_device.cpp:1064)
2026-07-19 06:15:17.635 | info     |           Metal | Disabling and clearing program cache on MeshDevice 1 (mesh_device.cpp:1064)
2026-07-19 06:15:17.635 | info     |           Metal | Disabling and clearing program cache on MeshDevice 1 (mesh_device.cpp:1064)
2026-07-19 06:15:17.635 | info     |           Metal | Disabling and clearing program cache on MeshDevice 1 (mesh_device.cpp:1064)
2026-07-19 06:15:17.636 | info     |           Metal | Disabling and clearing program cache on MeshDevice 1 (mesh_device.cpp:1064)
2026-07-19 06:15:17.636 | info     |           Metal | Disabling and clearing program cache on MeshDevice 1 (mesh_device.cpp:1064)
2026-07-19 06:15:17.636 | info     |           Metal | Disabling and clearing program cache on MeshDevice 1 (mesh_device.cpp:1064)
2026-07-19 06:15:17.636 | info     |           Metal | Disabling and clearing program cache on MeshDevice 1 (mesh_device.cpp:1064)
2026-07-19 06:15:17.636 | info     |           Metal | Disabling and clearing program cache on MeshDevice 1 (mesh_device.cpp:1064)
2026-07-19 06:15:17.636 | info     |           Metal | Disabling and clearing program cache on MeshDevice 1 (mesh_device.cpp:1064)
2026-07-19 06:15:17.637 | info     |           Metal | Disabling and clearing program cache on MeshDevice 1 (mesh_device.cpp:1064)
2026-07-19 06:15:17.637 | info     |           Metal | Disabling and clearing program cache on MeshDevice 1 (mesh_device.cpp:1064)
2026-07-19 06:15:17.637 | info     |           Metal | Disabling and clearing program cache on MeshDevice 1 (mesh_device.cpp:1064)
2026-07-19 06:15:17.637 | info     |           Metal | Disabling and clearing program cache on MeshDevice 1 (mesh_device.cpp:1064)
2026-07-19 06:15:17.637 | info     |           Metal | Disabling and clearing program cache on MeshDevice 1 (mesh_device.cpp:1064)
2026-07-19 06:15:17.637 | info     |           Metal | Disabling and clearing program cache on MeshDevice 1 (mesh_device.cpp:1064)
2026-07-19 06:15:17.638 | info     |           Metal | Disabling and clearing program cache on MeshDevice 1 (mesh_device.cpp:1064)
2026-07-19 06:15:17.638 | info     |           Metal | Disabling and clearing program cache on MeshDevice 1 (mesh_device.cpp:1064)
2026-07-19 06:15:17.638 | info     |           Metal | Disabling and clearing program cache on MeshDevice 1 (mesh_device.cpp:1064)
2026-07-19 06:15:17.638 | info     |           Metal | Disabling and clearing program cache on MeshDevice 1 (mesh_device.cpp:1064)
2026-07-19 06:15:17.638 | info     |           Metal | Disabling and clearing program cache on MeshDevice 1 (mesh_device.cpp:1064)
2026-07-19 06:15:17.638 | info     |           Metal | Disabling and clearing program cache on MeshDevice 1 (mesh_device.cpp:1064)
2026-07-19 06:15:17.639 | info     |           Metal | Disabling and clearing program cache on MeshDevice 1 (mesh_device.cpp:1064)
2026-07-19 06:15:17.639 | info     |           Metal | Disabling and clearing program cache on MeshDevice 1 (mesh_device.cpp:1064)
2026-07-19 06:15:17.639 | info     |           Metal | Disabling and clearing program cache on MeshDevice 1 (mesh_device.cpp:1064)
2026-07-19 06:15:17.639 | info     |           Metal | Disabling and clearing program cache on MeshDevice 1 (mesh_device.cpp:1064)
2026-07-19 06:15:17.639 | info     |           Metal | Disabling and clearing program cache on MeshDevice 1 (mesh_device.cpp:1064)
2026-07-19 06:15:17.639 | info     |           Metal | Disabling and clearing program cache on MeshDevice 1 (mesh_device.cpp:1064)
2026-07-19 06:15:17.639 | info     |           Metal | Disabling and clearing program cache on MeshDevice 1 (mesh_device.cpp:1064)
2026-07-19 06:15:17.640 | info     |           Metal | Disabling and clearing program cache on MeshDevice 1 (mesh_device.cpp:1064)
2026-07-19 06:15:17.640 | info     |           Metal | Disabling and clearing program cache on MeshDevice 1 (mesh_device.cpp:1064)
2026-07-19 06:15:17.640 | info     |           Metal | Disabling and clearing program cache on MeshDevice 1 (mesh_device.cpp:1064)
2026-07-19 06:15:17.640 | info     |           Metal | Disabling and clearing program cache on MeshDevice 1 (mesh_device.cpp:1064)
2026-07-19 06:15:17.640 | info     |           Metal | Disabling and clearing program cache on MeshDevice 1 (mesh_device.cpp:1064)
2026-07-19 06:15:17.640 | info     |           Metal | Disabling and clearing program cache on MeshDevice 1 (mesh_device.cpp:1064)
2026-07-19 06:15:17.640 | info     |           Metal | Disabling and clearing program cache on MeshDevice 1 (mesh_device.cpp:1064)
2026-07-19 06:15:17.640 | info     |           Metal | Disabling and clearing program cache on MeshDevice 1 (mesh_device.cpp:1064)
2026-07-19 06:15:17.641 | info     |           Metal | Disabling and clearing program cache on MeshDevice 1 (mesh_device.cpp:1064)
2026-07-19 06:15:17.641 | info     |           Metal | Disabling and clearing program cache on MeshDevice 1 (mesh_device.cpp:1064)
2026-07-19 06:15:17.641 | info     |           Metal | Disabling and clearing program cache on MeshDevice 1 (mesh_device.cpp:1064)
2026-07-19 06:15:17.641 | info     |           Metal | Disabling and clearing program cache on MeshDevice 1 (mesh_device.cpp:1064)
2026-07-19 06:15:17.641 | info     |           Metal | Disabling and clearing program cache on MeshDevice 1 (mesh_device.cpp:1064)
2026-07-19 06:15:17.641 | info     |           Metal | Disabling and clearing program cache on MeshDevice 1 (mesh_device.cpp:1064)
2026-07-19 06:15:17.642 | info     |           Metal | Disabling and clearing program cache on MeshDevice 1 (mesh_device.cpp:1064)
2026-07-19 06:15:17.642 | info     |           Metal | Disabling and clearing program cache on MeshDevice 1 (mesh_device.cpp:1064)
2026-07-19 06:15:17.642 | info     |           Metal | Disabling and clearing program cache on MeshDevice 1 (mesh_device.cpp:1064)
2026-07-19 06:15:17.642 | info     |           Metal | Disabling and clearing program cache on MeshDevice 1 (mesh_device.cpp:1064)
2026-07-19 06:15:17.643 | info     |           Metal | Disabling and clearing program cache on MeshDevice 1 (mesh_device.cpp:1064)
2026-07-19 06:15:17.643 | info     |           Metal | Disabling and clearing program cache on MeshDevice 1 (mesh_device.cpp:1064)
2026-07-19 06:15:17.643 | info     |           Metal | Disabling and clearing program cache on MeshDevice 1 (mesh_device.cpp:1064)
2026-07-19 06:15:17.643 | info     |           Metal | Disabling and clearing program cache on MeshDevice 1 (mesh_device.cpp:1064)
2026-07-19 06:15:17.643 | info     |           Metal | Disabling and clearing program cache on MeshDevice 1 (mesh_device.cpp:1064)
2026-07-19 06:15:17.644 | info     |           Metal | Disabling and clearing program cache on MeshDevice 1 (mesh_device.cpp:1064)
2026-07-19 06:15:17.644 | info     |           Metal | Disabling and clearing program cache on MeshDevice 1 (mesh_device.cpp:1064)
2026-07-19 06:15:17.644 | info     |           Metal | Disabling and clearing program cache on MeshDevice 1 (mesh_device.cpp:1064)
2026-07-19 06:15:17.644 | info     |           Metal | Disabling and clearing program cache on MeshDevice 1 (mesh_device.cpp:1064)
2026-07-19 06:15:17.644 | info     |           Metal | Disabling and clearing program cache on MeshDevice 1 (mesh_device.cpp:1064)
2026-07-19 06:15:17.645 | info     |           Metal | Disabling and clearing program cache on MeshDevice 1 (mesh_device.cpp:1064)
2026-07-19 06:15:17.645 | info     |           Metal | Disabling and clearing program cache on MeshDevice 1 (mesh_device.cpp:1064)
2026-07-19 06:15:17.645 | info     |           Metal | Disabling and clearing program cache on MeshDevice 1 (mesh_device.cpp:1064)
2026-07-19 06:15:17.645 | info     |           Metal | Disabling and clearing program cache on MeshDevice 1 (mesh_device.cpp:1064)
2026-07-19 06:15:17.645 | info     |           Metal | Disabling and clearing program cache on MeshDevice 1 (mesh_device.cpp:1064)
2026-07-19 06:15:17.645 | info     |           Metal | Disabling and clearing program cache on MeshDevice 1 (mesh_device.cpp:1064)
2026-07-19 06:15:17.646 | info     |           Metal | Disabling and clearing program cache on MeshDevice 1 (mesh_device.cpp:1064)
2026-07-19 06:15:17.646 | info     |           Metal | Disabling and clearing program cache on MeshDevice 1 (mesh_device.cpp:1064)
2026-07-19 06:15:17.646 | info     |           Metal | Disabling and clearing program cache on MeshDevice 1 (mesh_device.cpp:1064)
2026-07-19 06:15:17.646 | info     |           Metal | Disabling and clearing program cache on MeshDevice 1 (mesh_device.cpp:1064)
2026-07-19 06:15:17.646 | info     |           Metal | Disabling and clearing program cache on MeshDevice 1 (mesh_device.cpp:1064)
2026-07-19 06:15:17.647 | info     |           Metal | Disabling and clearing program cache on MeshDevice 1 (mesh_device.cpp:1064)
2026-07-19 06:15:17.647 | info     |           Metal | Disabling and clearing program cache on MeshDevice 1 (mesh_device.cpp:1064)
2026-07-19 06:15:17.647 | info     |           Metal | Disabling and clearing program cache on MeshDevice 1 (mesh_device.cpp:1064)
2026-07-19 06:15:17.647 | info     |           Metal | Disabling and clearing program cache on MeshDevice 1 (mesh_device.cpp:1064)
2026-07-19 06:15:17.647 | info     |           Metal | Disabling and clearing program cache on MeshDevice 1 (mesh_device.cpp:1064)
2026-07-19 06:15:17.647 | info     |           Metal | Disabling and clearing program cache on MeshDevice 1 (mesh_device.cpp:1064)
2026-07-19 06:15:17.648 | info     |           Metal | Disabling and clearing program cache on MeshDevice 1 (mesh_device.cpp:1064)
2026-07-19 06:15:17.648 | info     |           Metal | Disabling and clearing program cache on MeshDevice 1 (mesh_device.cpp:1064)
2026-07-19 06:15:17.648 | info     |           Metal | Disabling and clearing program cache on MeshDevice 1 (mesh_device.cpp:1064)
2026-07-19 06:15:17.648 | info     |           Metal | Disabling and clearing program cache on MeshDevice 1 (mesh_device.cpp:1064)
2026-07-19 06:15:17.648 | info     |           Metal | Disabling and clearing program cache on MeshDevice 1 (mesh_device.cpp:1064)
2026-07-19 06:15:17.648 | info     |           Metal | Disabling and clearing program cache on MeshDevice 1 (mesh_device.cpp:1064)
2026-07-19 06:15:17.648 | info     |           Metal | Disabling and clearing program cache on MeshDevice 1 (mesh_device.cpp:1064)
2026-07-19 06:15:17.649 | info     |           Metal | Disabling and clearing program cache on MeshDevice 1 (mesh_device.cpp:1064)
2026-07-19 06:15:17.649 | info     |           Metal | Disabling and clearing program cache on MeshDevice 1 (mesh_device.cpp:1064)
2026-07-19 06:15:17.649 | info     |           Metal | Disabling and clearing program cache on MeshDevice 1 (mesh_device.cpp:1064)
2026-07-19 06:15:17.649 | info     |           Metal | Disabling and clearing program cache on MeshDevice 1 (mesh_device.cpp:1064)
2026-07-19 06:15:17.649 | info     |           Metal | Disabling and clearing program cache on MeshDevice 1 (mesh_device.cpp:1064)
2026-07-19 06:15:17.649 | info     |           Metal | Disabling and clearing program cache on MeshDevice 1 (mesh_device.cpp:1064)
2026-07-19 06:15:17.649 | info     |           Metal | Disabling and clearing program cache on MeshDevice 1 (mesh_device.cpp:1064)
2026-07-19 06:15:17.650 | info     |           Metal | Disabling and clearing program cache on MeshDevice 1 (mesh_device.cpp:1064)
2026-07-19 06:15:17.650 | info     |           Metal | Disabling and clearing program cache on MeshDevice 1 (mesh_device.cpp:1064)
2026-07-19 06:15:17.650 | info     |           Metal | Disabling and clearing program cache on MeshDevice 1 (mesh_device.cpp:1064)
2026-07-19 06:15:17.650 | info     |           Metal | Disabling and clearing program cache on MeshDevice 1 (mesh_device.cpp:1064)
2026-07-19 06:15:17.650 | info     |           Metal | Disabling and clearing program cache on MeshDevice 1 (mesh_device.cpp:1064)
2026-07-19 06:15:17.650 | info     |           Metal | Disabling and clearing program cache on MeshDevice 1 (mesh_device.cpp:1064)
2026-07-19 06:15:17.650 | info     |           Metal | Disabling and clearing program cache on MeshDevice 1 (mesh_device.cpp:1064)
2026-07-19 06:15:17.651 | info     |           Metal | Disabling and clearing program cache on MeshDevice 1 (mesh_device.cpp:1064)
2026-07-19 06:15:17.651 | info     |           Metal | Disabling and clearing program cache on MeshDevice 1 (mesh_device.cpp:1064)
2026-07-19 06:15:18.035 | info     |           Metal | Disabling and clearing program cache on MeshDevice 1 (mesh_device.cpp:1064)
2026-07-19 06:15:18.035 | info     |           Metal | Disabling and clearing program cache on MeshDevice 1 (mesh_device.cpp:1064)
2026-07-19 06:15:18.036 | info     |           Metal | Disabling and clearing program cache on MeshDevice 1 (mesh_device.cpp:1064)
2026-07-19 06:15:18.036 | info     |           Metal | Disabling and clearing program cache on MeshDevice 1 (mesh_device.cpp:1064)
2026-07-19 06:15:18.036 | info     |           Metal | Disabling and clearing program cache on MeshDevice 1 (mesh_device.cpp:1064)
2026-07-19 06:15:18.036 | info     |           Metal | Disabling and clearing program cache on MeshDevice 1 (mesh_device.cpp:1064)
2026-07-19 06:15:18.037 | info     |           Metal | Disabling and clearing program cache on MeshDevice 1 (mesh_device.cpp:1064)
2026-07-19 06:15:18.037 | info     |           Metal | Disabling and clearing program cache on MeshDevice 1 (mesh_device.cpp:1064)
2026-07-19 06:15:18.037 | info     |           Metal | Disabling and clearing program cache on MeshDevice 1 (mesh_device.cpp:1064)
2026-07-19 06:15:18.038 | info     |           Metal | Disabling and clearing program cache on MeshDevice 1 (mesh_device.cpp:1064)
2026-07-19 06:15:18.039 | info     |           Metal | Disabling and clearing program cache on MeshDevice 1 (mesh_device.cpp:1064)
2026-07-19 06:15:18.040 | info     |           Metal | Disabling and clearing program cache on MeshDevice 1 (mesh_device.cpp:1064)
2026-07-19 06:15:18.041 | info     |           Metal | Disabling and clearing program cache on MeshDevice 1 (mesh_device.cpp:1064)
2026-07-19 06:15:18.042 | info     |           Metal | Disabling and clearing program cache on MeshDevice 1 (mesh_device.cpp:1064)
2026-07-19 06:15:18.043 | info     |           Metal | Disabling and clearing program cache on MeshDevice 1 (mesh_device.cpp:1064)
2026-07-19 06:15:18.044 | info     |           Metal | Disabling and clearing program cache on MeshDevice 1 (mesh_device.cpp:1064)
2026-07-19 06:15:18.045 | info     |           Metal | Disabling and clearing program cache on MeshDevice 1 (mesh_device.cpp:1064)
2026-07-19 06:15:18.046 | info     |           Metal | Disabling and clearing program cache on MeshDevice 1 (mesh_device.cpp:1064)
2026-07-19 06:15:18.046 | info     |           Metal | Disabling and clearing program cache on MeshDevice 1 (mesh_device.cpp:1064)
2026-07-19 06:15:18.047 | info     |           Metal | Disabling and clearing program cache on MeshDevice 1 (mesh_device.cpp:1064)
2026-07-19 06:15:18.048 | info     |           Metal | Disabling and clearing program cache on MeshDevice 1 (mesh_device.cpp:1064)
2026-07-19 06:15:18.048 | info     |           Metal | Disabling and clearing program cache on MeshDevice 1 (mesh_device.cpp:1064)
2026-07-19 06:15:18.049 | info     |           Metal | Disabling and clearing program cache on MeshDevice 1 (mesh_device.cpp:1064)
2026-07-19 06:15:18.050 | info     |           Metal | Disabling and clearing program cache on MeshDevice 1 (mesh_device.cpp:1064)
2026-07-19 06:15:18.051 | info     |           Metal | Disabling and clearing program cache on MeshDevice 1 (mesh_device.cpp:1064)
2026-07-19 06:15:18.051 | info     |           Metal | Disabling and clearing program cache on MeshDevice 1 (mesh_device.cpp:1064)
2026-07-19 06:15:18.052 | info     |           Metal | Disabling and clearing program cache on MeshDevice 1 (mesh_device.cpp:1064)
2026-07-19 06:15:18.052 | info     |           Metal | Disabling and clearing program cache on MeshDevice 1 (mesh_device.cpp:1064)
2026-07-19 06:15:18.053 | info     |           Metal | Disabling and clearing program cache on MeshDevice 1 (mesh_device.cpp:1064)
2026-07-19 06:15:18.054 | info     |           Metal | Disabling and clearing program cache on MeshDevice 1 (mesh_device.cpp:1064)
2026-07-19 06:15:18.054 | info     |           Metal | Disabling and clearing program cache on MeshDevice 1 (mesh_device.cpp:1064)
2026-07-19 06:15:18.055 | info     |           Metal | Disabling and clearing program cache on MeshDevice 1 (mesh_device.cpp:1064)
2026-07-19 06:15:18.055 | info     |           Metal | Disabling and clearing program cache on MeshDevice 1 (mesh_device.cpp:1064)
2026-07-19 06:15:18.056 | info     |           Metal | Disabling and clearing program cache on MeshDevice 1 (mesh_device.cpp:1064)
2026-07-19 06:15:18.056 | info     |           Metal | Disabling and clearing program cache on MeshDevice 1 (mesh_device.cpp:1064)
2026-07-19 06:15:18.057 | info     |           Metal | Disabling and clearing program cache on MeshDevice 1 (mesh_device.cpp:1064)
2026-07-19 06:15:18.057 | info     |           Metal | Disabling and clearing program cache on MeshDevice 1 (mesh_device.cpp:1064)
2026-07-19 06:15:18.058 | info     |           Metal | Disabling and clearing program cache on MeshDevice 1 (mesh_device.cpp:1064)
2026-07-19 06:15:18.058 | info     |           Metal | Disabling and clearing program cache on MeshDevice 1 (mesh_device.cpp:1064)
2026-07-19 06:15:18.059 | info     |           Metal | Disabling and clearing program cache on MeshDevice 1 (mesh_device.cpp:1064)
2026-07-19 06:15:18.059 | info     |           Metal | Disabling and clearing program cache on MeshDevice 1 (mesh_device.cpp:1064)
2026-07-19 06:15:18.060 | info     |           Metal | Disabling and clearing program cache on MeshDevice 1 (mesh_device.cpp:1064)
2026-07-19 06:15:18.060 | info     |           Metal | Disabling and clearing program cache on MeshDevice 1 (mesh_device.cpp:1064)
2026-07-19 06:15:18.060 | info     |           Metal | Disabling and clearing program cache on MeshDevice 1 (mesh_device.cpp:1064)
2026-07-19 06:15:18.060 | info     |           Metal | Disabling and clearing program cache on MeshDevice 1 (mesh_device.cpp:1064)
2026-07-19 06:15:18.061 | info     |           Metal | Disabling and clearing program cache on MeshDevice 1 (mesh_device.cpp:1064)
2026-07-19 06:15:18.061 | info     |           Metal | Disabling and clearing program cache on MeshDevice 1 (mesh_device.cpp:1064)
2026-07-19 06:15:18.061 | info     |           Metal | Disabling and clearing program cache on MeshDevice 1 (mesh_device.cpp:1064)
2026-07-19 06:15:18.061 | info     |           Metal | Disabling and clearing program cache on MeshDevice 1 (mesh_device.cpp:1064)
2026-07-19 06:15:18.062 | info     |           Metal | Disabling and clearing program cache on MeshDevice 1 (mesh_device.cpp:1064)
2026-07-19 06:15:18.062 | info     |           Metal | Disabling and clearing program cache on MeshDevice 1 (mesh_device.cpp:1064)
2026-07-19 06:15:18.062 | info     |           Metal | Disabling and clearing program cache on MeshDevice 1 (mesh_device.cpp:1064)
2026-07-19 06:15:18.062 | info     |           Metal | Disabling and clearing program cache on MeshDevice 1 (mesh_device.cpp:1064)
2026-07-19 06:15:18.063 | info     |           Metal | Disabling and clearing program cache on MeshDevice 1 (mesh_device.cpp:1064)
2026-07-19 06:15:18.063 | info     |           Metal | Disabling and clearing program cache on MeshDevice 1 (mesh_device.cpp:1064)
2026-07-19 06:15:18.063 | info     |           Metal | Disabling and clearing program cache on MeshDevice 1 (mesh_device.cpp:1064)
2026-07-19 06:15:18.321 | info     |           Metal | Disabling and clearing program cache on MeshDevice 1 (mesh_device.cpp:1064)
2026-07-19 06:15:18.321 | info     |           Metal | Disabling and clearing program cache on MeshDevice 1 (mesh_device.cpp:1064)
2026-07-19 06:15:18.321 | info     |           Metal | Disabling and clearing program cache on MeshDevice 1 (mesh_device.cpp:1064)
2026-07-19 06:15:18.322 | info     |           Metal | Disabling and clearing program cache on MeshDevice 1 (mesh_device.cpp:1064)
2026-07-19 06:15:18.322 | info     |           Metal | Disabling and clearing program cache on MeshDevice 1 (mesh_device.cpp:1064)
2026-07-19 06:15:18.322 | info     |           Metal | Disabling and clearing program cache on MeshDevice 1 (mesh_device.cpp:1064)
2026-07-19 06:15:18.322 | info     |           Metal | Disabling and clearing program cache on MeshDevice 1 (mesh_device.cpp:1064)
2026-07-19 06:15:18.323 | info     |           Metal | Disabling and clearing program cache on MeshDevice 1 (mesh_device.cpp:1064)
2026-07-19 06:15:18.323 | info     |           Metal | Disabling and clearing program cache on MeshDevice 1 (mesh_device.cpp:1064)
2026-07-19 06:15:18.324 | info     |           Metal | Disabling and clearing program cache on MeshDevice 1 (mesh_device.cpp:1064)
2026-07-19 06:15:18.325 | info     |           Metal | Disabling and clearing program cache on MeshDevice 1 (mesh_device.cpp:1064)
2026-07-19 06:15:18.326 | info     |           Metal | Disabling and clearing program cache on MeshDevice 1 (mesh_device.cpp:1064)
2026-07-19 06:15:18.328 | info     |           Metal | Disabling and clearing program cache on MeshDevice 1 (mesh_device.cpp:1064)
2026-07-19 06:15:18.329 | info     |           Metal | Disabling and clearing program cache on MeshDevice 1 (mesh_device.cpp:1064)
2026-07-19 06:15:18.330 | info     |           Metal | Disabling and clearing program cache on MeshDevice 1 (mesh_device.cpp:1064)
2026-07-19 06:15:18.331 | info     |           Metal | Disabling and clearing program cache on MeshDevice 1 (mesh_device.cpp:1064)
2026-07-19 06:15:18.332 | info     |           Metal | Disabling and clearing program cache on MeshDevice 1 (mesh_device.cpp:1064)
2026-07-19 06:15:18.333 | info     |           Metal | Disabling and clearing program cache on MeshDevice 1 (mesh_device.cpp:1064)
2026-07-19 06:15:18.334 | info     |           Metal | Disabling and clearing program cache on MeshDevice 1 (mesh_device.cpp:1064)
2026-07-19 06:15:18.335 | info     |           Metal | Disabling and clearing program cache on MeshDevice 1 (mesh_device.cpp:1064)
2026-07-19 06:15:18.336 | info     |           Metal | Disabling and clearing program cache on MeshDevice 1 (mesh_device.cpp:1064)
2026-07-19 06:15:18.337 | info     |           Metal | Disabling and clearing program cache on MeshDevice 1 (mesh_device.cpp:1064)
2026-07-19 06:15:18.338 | info     |           Metal | Disabling and clearing program cache on MeshDevice 1 (mesh_device.cpp:1064)
2026-07-19 06:15:18.339 | info     |           Metal | Disabling and clearing program cache on MeshDevice 1 (mesh_device.cpp:1064)
2026-07-19 06:15:18.340 | info     |           Metal | Disabling and clearing program cache on MeshDevice 1 (mesh_device.cpp:1064)
2026-07-19 06:15:18.340 | info     |           Metal | Disabling and clearing program cache on MeshDevice 1 (mesh_device.cpp:1064)
2026-07-19 06:15:18.341 | info     |           Metal | Disabling and clearing program cache on MeshDevice 1 (mesh_device.cpp:1064)
2026-07-19 06:15:18.342 | info     |           Metal | Disabling and clearing program cache on MeshDevice 1 (mesh_device.cpp:1064)
2026-07-19 06:15:18.343 | info     |           Metal | Disabling and clearing program cache on MeshDevice 1 (mesh_device.cpp:1064)
2026-07-19 06:15:18.343 | info     |           Metal | Disabling and clearing program cache on MeshDevice 1 (mesh_device.cpp:1064)
2026-07-19 06:15:18.344 | info     |           Metal | Disabling and clearing program cache on MeshDevice 1 (mesh_device.cpp:1064)
2026-07-19 06:15:18.345 | info     |           Metal | Disabling and clearing program cache on MeshDevice 1 (mesh_device.cpp:1064)
2026-07-19 06:15:18.345 | info     |           Metal | Disabling and clearing program cache on MeshDevice 1 (mesh_device.cpp:1064)
2026-07-19 06:15:18.346 | info     |           Metal | Disabling and clearing program cache on MeshDevice 1 (mesh_device.cpp:1064)
2026-07-19 06:15:18.347 | info     |           Metal | Disabling and clearing program cache on MeshDevice 1 (mesh_device.cpp:1064)
2026-07-19 06:15:18.347 | info     |           Metal | Disabling and clearing program cache on MeshDevice 1 (mesh_device.cpp:1064)
2026-07-19 06:15:18.348 | info     |           Metal | Disabling and clearing program cache on MeshDevice 1 (mesh_device.cpp:1064)
2026-07-19 06:15:18.348 | info     |           Metal | Disabling and clearing program cache on MeshDevice 1 (mesh_device.cpp:1064)
2026-07-19 06:15:18.349 | info     |           Metal | Disabling and clearing program cache on MeshDevice 1 (mesh_device.cpp:1064)
2026-07-19 06:15:18.350 | info     |           Metal | Disabling and clearing program cache on MeshDevice 1 (mesh_device.cpp:1064)
2026-07-19 06:15:18.350 | info     |           Metal | Disabling and clearing program cache on MeshDevice 1 (mesh_device.cpp:1064)
2026-07-19 06:15:18.351 | info     |           Metal | Disabling and clearing program cache on MeshDevice 1 (mesh_device.cpp:1064)
2026-07-19 06:15:18.351 | info     |           Metal | Disabling and clearing program cache on MeshDevice 1 (mesh_device.cpp:1064)
2026-07-19 06:15:18.351 | info     |           Metal | Disabling and clearing program cache on MeshDevice 1 (mesh_device.cpp:1064)
2026-07-19 06:15:18.351 | info     |           Metal | Disabling and clearing program cache on MeshDevice 1 (mesh_device.cpp:1064)
2026-07-19 06:15:18.352 | info     |           Metal | Disabling and clearing program cache on MeshDevice 1 (mesh_device.cpp:1064)
2026-07-19 06:15:18.352 | info     |           Metal | Disabling and clearing program cache on MeshDevice 1 (mesh_device.cpp:1064)
2026-07-19 06:15:18.352 | info     |           Metal | Disabling and clearing program cache on MeshDevice 1 (mesh_device.cpp:1064)
2026-07-19 06:15:18.352 | info     |           Metal | Disabling and clearing program cache on MeshDevice 1 (mesh_device.cpp:1064)
2026-07-19 06:15:18.353 | info     |           Metal | Disabling and clearing program cache on MeshDevice 1 (mesh_device.cpp:1064)
2026-07-19 06:15:18.353 | info     |           Metal | Disabling and clearing program cache on MeshDevice 1 (mesh_device.cpp:1064)
2026-07-19 06:15:18.353 | info     |           Metal | Disabling and clearing program cache on MeshDevice 1 (mesh_device.cpp:1064)
2026-07-19 06:15:18.353 | info     |           Metal | Disabling and clearing program cache on MeshDevice 1 (mesh_device.cpp:1064)
2026-07-19 06:15:18.354 | info     |           Metal | Disabling and clearing program cache on MeshDevice 1 (mesh_device.cpp:1064)
2026-07-19 06:15:18.354 | info     |           Metal | Disabling and clearing program cache on MeshDevice 1 (mesh_device.cpp:1064)
2026-07-19 06:15:18.354 | info     |           Metal | Disabling and clearing program cache on MeshDevice 1 (mesh_device.cpp:1064)
2026-07-19 06:15:18.355 | info     |           Metal | Disabling and clearing program cache on MeshDevice 1 (mesh_device.cpp:1064)
2026-07-19 06:15:18.355 | info     |           Metal | Disabling and clearing program cache on MeshDevice 1 (mesh_device.cpp:1064)
2026-07-19 06:15:18.355 | info     |           Metal | Disabling and clearing program cache on MeshDevice 1 (mesh_device.cpp:1064)
2026-07-19 06:15:18.355 | info     |           Metal | Disabling and clearing program cache on MeshDevice 1 (mesh_device.cpp:1064)
2026-07-19 06:15:18.356 | info     |           Metal | Disabling and clearing program cache on MeshDevice 1 (mesh_device.cpp:1064)
2026-07-19 06:15:18.356 | info     |           Metal | Disabling and clearing program cache on MeshDevice 1 (mesh_device.cpp:1064)
2026-07-19 06:15:18.356 | info     |           Metal | Disabling and clearing program cache on MeshDevice 1 (mesh_device.cpp:1064)
2026-07-19 06:15:18.356 | info     |           Metal | Disabling and clearing program cache on MeshDevice 1 (mesh_device.cpp:1064)
2026-07-19 06:15:18.357 | info     |           Metal | Disabling and clearing program cache on MeshDevice 1 (mesh_device.cpp:1064)
2026-07-19 06:15:18.358 | info     |           Metal | Disabling and clearing program cache on MeshDevice 1 (mesh_device.cpp:1064)
2026-07-19 06:15:18.359 | info     |           Metal | Disabling and clearing program cache on MeshDevice 1 (mesh_device.cpp:1064)
2026-07-19 06:15:18.360 | info     |           Metal | Disabling and clearing program cache on MeshDevice 1 (mesh_device.cpp:1064)
2026-07-19 06:15:18.361 | info     |           Metal | Disabling and clearing program cache on MeshDevice 1 (mesh_device.cpp:1064)
2026-07-19 06:15:18.362 | info     |           Metal | Disabling and clearing program cache on MeshDevice 1 (mesh_device.cpp:1064)
2026-07-19 06:15:18.364 | info     |           Metal | Disabling and clearing program cache on MeshDevice 1 (mesh_device.cpp:1064)
2026-07-19 06:15:18.365 | info     |           Metal | Disabling and clearing program cache on MeshDevice 1 (mesh_device.cpp:1064)
2026-07-19 06:15:18.366 | info     |           Metal | Disabling and clearing program cache on MeshDevice 1 (mesh_device.cpp:1064)
2026-07-19 06:15:18.367 | info     |           Metal | Disabling and clearing program cache on MeshDevice 1 (mesh_device.cpp:1064)
2026-07-19 06:15:18.368 | info     |           Metal | Disabling and clearing program cache on MeshDevice 1 (mesh_device.cpp:1064)
2026-07-19 06:15:18.369 | info     |           Metal | Disabling and clearing program cache on MeshDevice 1 (mesh_device.cpp:1064)
2026-07-19 06:15:18.370 | info     |           Metal | Disabling and clearing program cache on MeshDevice 1 (mesh_device.cpp:1064)
2026-07-19 06:15:18.371 | info     |           Metal | Disabling and clearing program cache on MeshDevice 1 (mesh_device.cpp:1064)
2026-07-19 06:15:18.372 | info     |           Metal | Disabling and clearing program cache on MeshDevice 1 (mesh_device.cpp:1064)
2026-07-19 06:15:18.373 | info     |           Metal | Disabling and clearing program cache on MeshDevice 1 (mesh_device.cpp:1064)
2026-07-19 06:15:18.374 | info     |           Metal | Disabling and clearing program cache on MeshDevice 1 (mesh_device.cpp:1064)
2026-07-19 06:15:18.374 | info     |           Metal | Disabling and clearing program cache on MeshDevice 1 (mesh_device.cpp:1064)
2026-07-19 06:15:18.375 | info     |           Metal | Disabling and clearing program cache on MeshDevice 1 (mesh_device.cpp:1064)
2026-07-19 06:15:18.376 | info     |           Metal | Disabling and clearing program cache on MeshDevice 1 (mesh_device.cpp:1064)
2026-07-19 06:15:18.376 | info     |           Metal | Disabling and clearing program cache on MeshDevice 1 (mesh_device.cpp:1064)
2026-07-19 06:15:18.377 | info     |           Metal | Disabling and clearing program cache on MeshDevice 1 (mesh_device.cpp:1064)
2026-07-19 06:15:18.378 | info     |           Metal | Disabling and clearing program cache on MeshDevice 1 (mesh_device.cpp:1064)
2026-07-19 06:15:18.378 | info     |           Metal | Disabling and clearing program cache on MeshDevice 1 (mesh_device.cpp:1064)
2026-07-19 06:15:18.379 | info     |           Metal | Disabling and clearing program cache on MeshDevice 1 (mesh_device.cpp:1064)
2026-07-19 06:15:18.380 | info     |           Metal | Disabling and clearing program cache on MeshDevice 1 (mesh_device.cpp:1064)
2026-07-19 06:15:18.380 | info     |           Metal | Disabling and clearing program cache on MeshDevice 1 (mesh_device.cpp:1064)
2026-07-19 06:15:18.381 | info     |           Metal | Disabling and clearing program cache on MeshDevice 1 (mesh_device.cpp:1064)
2026-07-19 06:15:18.382 | info     |           Metal | Disabling and clearing program cache on MeshDevice 1 (mesh_device.cpp:1064)
2026-07-19 06:15:18.382 | info     |           Metal | Disabling and clearing program cache on MeshDevice 1 (mesh_device.cpp:1064)
2026-07-19 06:15:18.383 | info     |           Metal | Disabling and clearing program cache on MeshDevice 1 (mesh_device.cpp:1064)
2026-07-19 06:15:18.384 | info     |           Metal | Disabling and clearing program cache on MeshDevice 1 (mesh_device.cpp:1064)
2026-07-19 06:15:18.384 | info     |           Metal | Disabling and clearing program cache on MeshDevice 1 (mesh_device.cpp:1064)
2026-07-19 06:15:18.385 | info     |           Metal | Disabling and clearing program cache on MeshDevice 1 (mesh_device.cpp:1064)
2026-07-19 06:15:18.385 | info     |           Metal | Disabling and clearing program cache on MeshDevice 1 (mesh_device.cpp:1064)
2026-07-19 06:15:18.385 | info     |           Metal | Disabling and clearing program cache on MeshDevice 1 (mesh_device.cpp:1064)
2026-07-19 06:15:18.385 | info     |           Metal | Disabling and clearing program cache on MeshDevice 1 (mesh_device.cpp:1064)
2026-07-19 06:15:18.386 | info     |           Metal | Disabling and clearing program cache on MeshDevice 1 (mesh_device.cpp:1064)
2026-07-19 06:15:18.386 | info     |           Metal | Disabling and clearing program cache on MeshDevice 1 (mesh_device.cpp:1064)
2026-07-19 06:15:18.386 | info     |           Metal | Disabling and clearing program cache on MeshDevice 1 (mesh_device.cpp:1064)
2026-07-19 06:15:18.386 | info     |           Metal | Disabling and clearing program cache on MeshDevice 1 (mesh_device.cpp:1064)
2026-07-19 06:15:18.387 | info     |           Metal | Disabling and clearing program cache on MeshDevice 1 (mesh_device.cpp:1064)
2026-07-19 06:15:18.387 | info     |           Metal | Disabling and clearing program cache on MeshDevice 1 (mesh_device.cpp:1064)
2026-07-19 06:15:18.387 | info     |           Metal | Disabling and clearing program cache on MeshDevice 1 (mesh_device.cpp:1064)
2026-07-19 06:15:18.387 | info     |           Metal | Disabling and clearing program cache on MeshDevice 1 (mesh_device.cpp:1064)
2026-07-19 06:15:18.388 | info     |           Metal | Disabling and clearing program cache on MeshDevice 1 (mesh_device.cpp:1064)
2026-07-19 06:15:18.388 | info     |           Metal | Disabling and clearing program cache on MeshDevice 1 (mesh_device.cpp:1064)
2026-07-19 06:15:18.388 | info     |           Metal | Disabling and clearing program cache on MeshDevice 1 (mesh_device.cpp:1064)
2026-07-19 06:15:19.785 | info     |           Metal | Disabling and clearing program cache on MeshDevice 1 (mesh_device.cpp:1064)
2026-07-19 06:15:19.786 | info     |           Metal | Skipping fabric teardown for mock devices (fabric_firmware_initializer.cpp:334)
2026-07-19 06:15:19.786 | info     |          Device | Closing user mode device drivers (tt_cluster.cpp:512)
2026-07-19 06:15:19.786 | info     |             UMD | Closing devices in cluster (cluster.cpp:1037)
2026-07-19 06:15:19.786 | info     |             UMD | Closing devices in cluster completed. (cluster.cpp:1046)
2026-07-19 06:15:19.786 | info     |             UMD | Cluster destructor started. (cluster.cpp:754)
2026-07-19 06:15:19.786 | info     |             UMD | Cluster destructor completed. (cluster.cpp:757)
