frontier_sweep: shard 2/4, 7666 candidate configs (filter='all'), chip TT_VISIBLE_DEVICES=2, cache=/tmp/cache2, out=/home/ttuser/frontier_dispatch/frontier_chip2.csv
  [shard 2] 25 new (0 resumed-skip) — last: abs abs_n7d7_s1_uniform_rational_ulp.csv ulp=256.00 us=2.13 ok=1
  [shard 2] 50 new (0 resumed-skip) — last: abs abs_p8_s1_uniform_any_ulp.csv ulp=256.00 us=0.13 ok=1
  [shard 2] 75 new (0 resumed-skip) — last: acos acos_n7d6_s2_uniform_rational_ulp.csv ulp=3.75 us=6.46 ok=1
  [shard 2] 100 new (0 resumed-skip) — last: acosh acosh_n10d4_s2_uniform_rational_ulp.csv ulp=0.50 us=6.91 ok=1
  [shard 2] 125 new (0 resumed-skip) — last: acosh acosh_n8d3_s2_uniform_rational_ulp.csv ulp=1.00 us=5.91 ok=1
  [shard 2] 150 new (0 resumed-skip) — last: asin asin_n12d3_s1_uniform_rational_ulp.csv ulp=0.50 us=2.87 ok=1
  [shard 2] 175 new (0 resumed-skip) — last: asin asin_p7_s1_uniform_any_ulp.csv ulp=2.00 us=2.01 ok=1
  [shard 2] 200 new (0 resumed-skip) — last: asinh asinh_p2_s1_uniform_any_ulp.csv ulp=73.00 us=1.68 ok=1
  [shard 2] 225 new (0 resumed-skip) — last: atan atan_p7_s3_uniform_any_ulp.csv ulp=0.50 us=3.60 ok=1
  [shard 2] 250 new (0 resumed-skip) — last: atanh atanh_p3_s1_uniform_any_ulp.csv ulp=42.00 us=1.79 ok=1
  [shard 2] 275 new (0 resumed-skip) — last: cbrt cbrt_n5d1_s1_uniform_rational_ulp.csv ulp=330.00 us=2.76 ok=1
  [shard 2] 300 new (0 resumed-skip) — last: cbrt cbrt_p1_s4_uniform_any_ulp.csv ulp=1.00 us=4.41 ok=1
  [shard 2] 325 new (0 resumed-skip) — last: celu celu_p3_s1_uniform_any_ulp.csv ulp=144.00 us=0.13 ok=1
  [shard 2] 350 new (0 resumed-skip) — last: cos cos_n4d4_s2_uniform_rational_ulp.csv ulp=0.00 us=5.60 ok=1
  [shard 2] 375 new (0 resumed-skip) — last: cos cos_p4_s16_uniform_any_ulp.csv ulp=0.50 us=14.34 ok=1
  [shard 2] 400 new (0 resumed-skip) — last: cosh cosh_n4d4_s2_uniform_rational_ulp.csv ulp=0.50 us=4.80 ok=1
  [shard 2] 425 new (0 resumed-skip) — last: cosh cosh_p3_s4_uniform_any_ulp.csv ulp=27.00 us=3.49 ok=1
  [shard 2] 450 new (0 resumed-skip) — last: digamma digamma_n5d4_s3_uniform_rational_ulp.csv ulp=0.00 us=7.32 ok=1
  [shard 2] 475 new (0 resumed-skip) — last: digamma digamma_p1_s16_uniform_any_ulp.csv ulp=201.02 us=8.51 ok=1
  [shard 2] 500 new (0 resumed-skip) — last: elu elu_p3_s3_uniform_any_ulp.csv ulp=3.38 us=2.19 ok=1
  [shard 2] 525 new (0 resumed-skip) — last: erf erf_p11_s2_uniform_any_ulp.csv ulp=27.00 us=3.32 ok=1
  [shard 2] 550 new (0 resumed-skip) — last: erfc erfc_n15d1_s2_uniform_rational_ulp.csv ulp=0.75 us=7.45 ok=1
  [shard 2] 575 new (0 resumed-skip) — last: erfc erfc_p3_s16_uniform_any_ulp.csv ulp=0.50 us=10.34 ok=1
  [shard 2] 600 new (0 resumed-skip) — last: erfinv erfinv_p1_s16_uniform_any_ulp.csv ulp=12.00 us=8.45 ok=1
  [shard 2] 625 new (0 resumed-skip) — last: exp2 exp2_n7d5_s2_uniform_rational_ulp.csv ulp=0.50 us=5.96 ok=1
  [shard 2] 650 new (0 resumed-skip) — last: exp2 exp2_p2_s8_uniform_any_ulp.csv ulp=0.50 us=1.94 ok=1
  [shard 2] 675 new (0 resumed-skip) — last: exp exp_n2d1_s1_uniform_rational_max.csv ulp=0.00 us=4.31 ok=1
  [shard 2] 700 new (0 resumed-skip) — last: exp exp_p11_s4_uniform_any_ulp.csv ulp=- us=FAILED ok=1
  [shard 2] 725 new (0 resumed-skip) — last: exp exp_p8_s32_uniform_any_ulp.csv ulp=- us=FAILED ok=1
  [shard 2] 750 new (0 resumed-skip) — last: expm1 expm1_p5_s2_uniform_any_ulp.csv ulp=- us=FAILED ok=1
  [shard 2] 775 new (0 resumed-skip) — last: hardmish hardmish_p15_s1_uniform_any_ulp.csv ulp=160.00 us=0.13 ok=1
  [shard 2] 800 new (0 resumed-skip) — last: hardshrink hardshrink_p9_s2_uniform_any_ulp.csv ulp=8.00 us=1.93 ok=1
  [shard 2] 825 new (0 resumed-skip) — last: hardtanh hardtanh_p10_s4_uniform_any_ulp.csv ulp=0.00 us=2.04 ok=1
  [shard 2] 850 new (0 resumed-skip) — last: i0 i0_n12d3_s2_uniform_rational_ulp.csv ulp=0.00 us=5.78 ok=1
  [shard 2] 875 new (0 resumed-skip) — last: i0 i0_n9d5_s1_uniform_rational_ulp.csv ulp=0.06 us=3.31 ok=1
  [shard 2] 900 new (0 resumed-skip) — last: i1 i1_n14d2_s1_uniform_rational_ulp.csv ulp=0.00 us=3.04 ok=1
  [shard 2] 925 new (0 resumed-skip) — last: i1 i1_p6_s16_uniform_any_ulp.csv ulp=1.00 us=13.57 ok=1
  [shard 2] 950 new (0 resumed-skip) — last: identity identity_n6d4_s1_uniform_rational_ulp.csv ulp=0.00 us=2.02 ok=1
  [shard 2] 975 new (0 resumed-skip) — last: identity identity_p6_s16_uniform_any_ulp.csv ulp=0.00 us=7.78 ok=1
  [shard 2] 1000 new (0 resumed-skip) — last: lgamma lgamma_p12_s8_uniform_any_ulp.csv ulp=1.02 us=6.97 ok=1
  [shard 2] 1025 new (0 resumed-skip) — last: log10 log10_p10_s16_uniform_any_ulp.csv ulp=- us=FAILED ok=1
  [shard 2] 1050 new (0 resumed-skip) — last: log10 log10_p7_s1_uniform_fpminimax_ulp.csv ulp=- us=FAILED ok=1
  [shard 2] 1075 new (0 resumed-skip) — last: log1p log1p_n6d2_s1_uniform_rational_ulp.csv ulp=11.00 us=3.10 ok=1
  [shard 2] 1100 new (0 resumed-skip) — last: log1p log1p_p16_s2_uniform_any_ulp.csv ulp=- us=FAILED ok=1
  [shard 2] 1125 new (0 resumed-skip) — last: log2 log2_p12_s3_uniform_any_ulp.csv ulp=- us=FAILED ok=1
  [shard 2] 1150 new (0 resumed-skip) — last: log2 log2_p9_s32_uniform_any_ulp.csv ulp=- us=FAILED ok=1
  [shard 2] 1175 new (0 resumed-skip) — last: log log_p5_s32_uniform_any_ulp.csv ulp=0.12 us=2.47 ok=1
  [shard 2] 1200 new (0 resumed-skip) — last: logit logit_p15_s32_uniform_any_ulp.csv ulp=1.00 us=28.07 ok=1
  [shard 2] 1225 new (0 resumed-skip) — last: logsigmoid logsigmoid_n6d2_s1_uniform_rational_ulp.csv ulp=3.00 us=3.10 ok=1
  [shard 2] 1250 new (0 resumed-skip) — last: logsigmoid logsigmoid_p6_s3_uniform_any_mae.csv ulp=- us=FAILED ok=1
  [shard 2] 1275 new (0 resumed-skip) — last: mish mish_p2_s2_uniform_any_ulp.csv ulp=28.00 us=2.04 ok=1
  [shard 2] 1300 new (0 resumed-skip) — last: multigammaln multigammaln_n4d2_s1_uniform_rational_ulp.csv ulp=0.50 us=2.76 ok=1
  [shard 2] 1325 new (0 resumed-skip) — last: multigammaln multigammaln_p2_s4_uniform_any_ulp.csv ulp=0.70 us=3.03 ok=1
  [shard 2] 1350 new (0 resumed-skip) — last: polygamma polygamma_p2_s16_uniform_any_ulp.csv ulp=143.19 us=9.78 ok=1
  [shard 2] 1375 new (0 resumed-skip) — last: prelu prelu_p5_s1_uniform_any_ulp.csv ulp=120.00 us=0.13 ok=1
  [shard 2] 1400 new (0 resumed-skip) — last: relu relu_p2_s2_uniform_any_ulp.csv ulp=0.00 us=1.79 ok=1
  [shard 2] 1425 new (0 resumed-skip) — last: rsqrt rsqrt_n5d2_s1_uniform_rational_ulp.csv ulp=255.08 us=2.92 ok=1
  [shard 2] 1450 new (0 resumed-skip) — last: rsqrt rsqrt_p4_s32_uniform_any_ulp.csv ulp=0.00 us=2.02 ok=1
  [shard 2] 1475 new (0 resumed-skip) — last: sigmoid_accurate sigmoid_accurate_n4d4_s3_uniform_rational_ulp.csv ulp=0.25 us=6.78 ok=1
  [shard 2] 1500 new (0 resumed-skip) — last: sigmoid sigmoid_n6d5_s2_uniform_rational_ulp.csv ulp=0.50 us=5.84 ok=1
  [shard 2] 1525 new (0 resumed-skip) — last: sigmoid sigmoid_p1_s16_uniform_any_ulp.csv ulp=1.25 us=2.52 ok=1
  [shard 2] 1550 new (0 resumed-skip) — last: silu silu_n3d2_s1_uniform_rational_ulp.csv ulp=113.00 us=2.59 ok=1
  [shard 2] 1575 new (0 resumed-skip) — last: silu silu_p9_s1_uniform_any_ulp.csv ulp=- us=FAILED ok=1
  [shard 2] 1600 new (0 resumed-skip) — last: sin sin_p4_s16_uniform_any_ulp.csv ulp=0.50 us=14.38 ok=1
  [shard 2] 1625 new (0 resumed-skip) — last: sinh sinh_p10_s2_uniform_any_ulp.csv ulp=6.00 us=2.97 ok=1
  [shard 2] 1650 new (0 resumed-skip) — last: softplus softplus_n13d3_s2_uniform_rational_ulp.csv ulp=0.06 us=7.45 ok=1
  [shard 2] 1675 new (0 resumed-skip) — last: softplus softplus_p12_s1_uniform_any_ulp.csv ulp=6.00 us=2.47 ok=1
  [shard 2] 1700 new (0 resumed-skip) — last: softshrink softshrink_p7_s1_uniform_any_ulp.csv ulp=168.00 us=1.70 ok=1
  [shard 2] 1725 new (0 resumed-skip) — last: softsign softsign_n6d4_s1_uniform_rational_ulp.csv ulp=339.50 us=2.32 ok=1
  [shard 2] 1750 new (0 resumed-skip) — last: softsign softsign_p7_s1_uniform_any_ulp.csv ulp=233.00 us=1.71 ok=1
  [shard 2] 1775 new (0 resumed-skip) — last: sqrt sqrt_n6d6_s2_uniform_rational_ulp.csv ulp=15.00 us=6.12 ok=1
  [shard 2] 1800 new (0 resumed-skip) — last: sqrt sqrt_p7_s1_uniform_fpminimax_ulp.csv ulp=0.00 us=2.17 ok=1
  [shard 2] 1825 new (0 resumed-skip) — last: swish swish_p2_s2_uniform_any_ulp.csv ulp=31.00 us=2.04 ok=1
  [shard 2] 1850 new (0 resumed-skip) — last: tan tan_p9_s2_uniform_any_max.csv ulp=1.00 us=4.58 ok=1
  [shard 2] 1875 new (0 resumed-skip) — last: tanh tanh_p3_s4_uniform_any_ulp.csv ulp=17.00 us=3.24 ok=1
  [shard 2] 1900 new (0 resumed-skip) — last: tanhshrink tanhshrink_p6_s1_uniform_any_ulp.csv ulp=144.00 us=1.74 ok=1
frontier_sweep shard 2 DONE: 1916 measured, 0 already-present. -> /home/ttuser/frontier_dispatch/frontier_chip2.csv
