frontier_sweep: shard 0/4, 7666 candidate configs (filter='all'), chip TT_VISIBLE_DEVICES=0, cache=/tmp/cache0, out=/home/ttuser/frontier_dispatch/frontier_chip0.csv
  [shard 0] 25 new (0 resumed-skip) — last: abs abs_n7d6_s1_uniform_rational_ulp.csv ulp=256.00 us=2.12 ok=1
  [shard 0] 50 new (0 resumed-skip) — last: abs abs_p7_s4_uniform_any_ulp.csv ulp=0.00 us=2.80 ok=1
  [shard 0] 75 new (0 resumed-skip) — last: acos acos_n7d6_s1_uniform_rational_max.csv ulp=0.50 us=3.92 ok=1
  [shard 0] 100 new (0 resumed-skip) — last: acosh acosh_n10d3_s2_uniform_rational_ulp.csv ulp=1.00 us=6.57 ok=1
  [shard 0] 125 new (0 resumed-skip) — last: acosh acosh_n8d2_s2_uniform_rational_ulp.csv ulp=1.00 us=5.58 ok=1
  [shard 0] 150 new (0 resumed-skip) — last: asin asin_n12d1_s1_uniform_rational_ulp.csv ulp=1.00 us=2.70 ok=1
  [shard 0] 175 new (0 resumed-skip) — last: asin asin_p6_s4_uniform_any_ulp.csv ulp=1.00 us=4.27 ok=1
  [shard 0] 200 new (0 resumed-skip) — last: asinh asinh_p1_s8_uniform_any_ulp.csv ulp=21.50 us=4.31 ok=1
  [shard 0] 225 new (0 resumed-skip) — last: atan atan_p7_s1_uniform_any_ulp.csv ulp=0.50 us=1.97 ok=1
  [shard 0] 250 new (0 resumed-skip) — last: atanh atanh_p2_s8_uniform_any_ulp.csv ulp=25.00 us=5.24 ok=1
  [shard 0] 275 new (0 resumed-skip) — last: cbrt cbrt_n4d4_s1_uniform_rational_ulp.csv ulp=382.00 us=3.09 ok=1
  [shard 0] 300 new (0 resumed-skip) — last: cbrt cbrt_p1_s3_uniform_any_mae.csv ulp=1.00 us=5.84 ok=1
  [shard 0] 325 new (0 resumed-skip) — last: celu celu_p2_s8_uniform_any_ulp.csv ulp=1.31 us=4.18 ok=1
  [shard 0] 350 new (0 resumed-skip) — last: cos cos_n4d3_s2_uniform_rational_ulp.csv ulp=0.50 us=5.43 ok=1
  [shard 0] 375 new (0 resumed-skip) — last: cos cos_p3_s8_uniform_any_max.csv ulp=0.50 us=8.59 ok=1
  [shard 0] 400 new (0 resumed-skip) — last: cosh cosh_n4d3_s2_uniform_rational_ulp.csv ulp=0.50 us=4.47 ok=1
  [shard 0] 425 new (0 resumed-skip) — last: cosh cosh_p3_s32_uniform_any_ulp.csv ulp=0.50 us=22.15 ok=1
  [shard 0] 450 new (0 resumed-skip) — last: digamma digamma_n5d4_s1_uniform_rational_ulp.csv ulp=1.00 us=3.26 ok=1
  [shard 0] 475 new (0 resumed-skip) — last: digamma digamma_p16_s4_uniform_any_ulp.csv ulp=45.00 us=5.18 ok=1
  [shard 0] 500 new (0 resumed-skip) — last: elu elu_p3_s32_uniform_any_max.csv ulp=0.06 us=14.24 ok=1
  [shard 0] 525 new (0 resumed-skip) — last: erf erf_p10_s2_uniform_any_ulp.csv ulp=36.00 us=2.97 ok=1
  [shard 0] 550 new (0 resumed-skip) — last: erfc erfc_n14d2_s2_uniform_rational_ulp.csv ulp=206.00 us=7.34 ok=1
  [shard 0] 575 new (0 resumed-skip) — last: erfc erfc_p2_s4_uniform_any_ulp.csv ulp=46.12 us=2.97 ok=1
  [shard 0] 600 new (0 resumed-skip) — last: erfinv erfinv_n9d7_s1_uniform_rational_ulp.csv ulp=0.03 us=3.04 ok=1
  [shard 0] 625 new (0 resumed-skip) — last: exp2 exp2_n7d4_s2_uniform_rational_ulp.csv ulp=0.50 us=5.64 ok=1
  [shard 0] 650 new (0 resumed-skip) — last: exp2 exp2_p2_s3_uniform_any_ulp.csv ulp=0.50 us=1.95 ok=1
  [shard 0] 675 new (0 resumed-skip) — last: exp exp_n1d1_s2_uniform_rational_ulp.csv ulp=0.03 us=4.85 ok=1
  [shard 0] 700 new (0 resumed-skip) — last: exp exp_p11_s32_uniform_any_ulp.csv ulp=- us=FAILED ok=1
  [shard 0] 725 new (0 resumed-skip) — last: exp exp_p8_s1_uniform_any_ulp.csv ulp=- us=FAILED ok=1
  [shard 0] 750 new (0 resumed-skip) — last: expm1 expm1_p5_s1_uniform_any_ulp.csv ulp=- us=FAILED ok=1
  [shard 0] 775 new (0 resumed-skip) — last: hardmish hardmish_p13_s1_uniform_any_ulp.csv ulp=160.00 us=0.13 ok=1
  [shard 0] 800 new (0 resumed-skip) — last: hardshrink hardshrink_p8_s4_uniform_any_ulp.csv ulp=8.00 us=2.92 ok=1
  [shard 0] 825 new (0 resumed-skip) — last: hardtanh hardtanh_p10_s2_uniform_any_ulp.csv ulp=11.00 us=3.72 ok=1
  [shard 0] 850 new (0 resumed-skip) — last: i0 i0_n12d2_s2_uniform_rational_ulp.csv ulp=0.00 us=5.79 ok=1
  [shard 0] 875 new (0 resumed-skip) — last: i0 i0_n9d4_s1_uniform_rational_ulp.csv ulp=0.06 us=3.30 ok=1
  [shard 0] 900 new (0 resumed-skip) — last: i1 i1_n14d14_s1_uniform_rational_ulp.csv ulp=0.00 us=3.97 ok=1
  [shard 0] 925 new (0 resumed-skip) — last: i1 i1_p5_s4_uniform_any_ulp.csv ulp=1.21 us=3.24 ok=1
  [shard 0] 950 new (0 resumed-skip) — last: identity identity_n6d3_s1_uniform_rational_ulp.csv ulp=0.00 us=2.00 ok=1
  [shard 0] 975 new (0 resumed-skip) — last: identity identity_p5_s4_uniform_any_ulp.csv ulp=0.00 us=2.54 ok=1
  [shard 0] 1000 new (0 resumed-skip) — last: lgamma lgamma_p12_s3_uniform_any_ulp.csv ulp=1.02 us=3.69 ok=1
  [shard 0] 1025 new (0 resumed-skip) — last: log10 log10_n4d4_s1_uniform_rational_ulp.csv ulp=151.00 us=4.33 ok=1
  [shard 0] 1050 new (0 resumed-skip) — last: log10 log10_p7_s16_uniform_any_ulp.csv ulp=- us=FAILED ok=1
  [shard 0] 1075 new (0 resumed-skip) — last: log1p log1p_n6d1_s1_uniform_rational_ulp.csv ulp=66.00 us=2.93 ok=1
  [shard 0] 1100 new (0 resumed-skip) — last: log1p log1p_p16_s16_uniform_any_ulp.csv ulp=- us=FAILED ok=1
  [shard 0] 1125 new (0 resumed-skip) — last: log2 log2_p12_s2_uniform_any_ulp.csv ulp=- us=FAILED ok=1
  [shard 0] 1150 new (0 resumed-skip) — last: log2 log2_p9_s1_uniform_any_ulp.csv ulp=- us=FAILED ok=1
  [shard 0] 1175 new (0 resumed-skip) — last: log log_p5_s1_uniform_fpminimax_ulp.csv ulp=0.12 us=2.47 ok=1
  [shard 0] 1200 new (0 resumed-skip) — last: logit logit_p13_s1_uniform_any_ulp.csv ulp=3.00 us=2.25 ok=1
  [shard 0] 1225 new (0 resumed-skip) — last: logsigmoid logsigmoid_n6d1_s1_uniform_rational_ulp.csv ulp=38.50 us=2.93 ok=1
  [shard 0] 1250 new (0 resumed-skip) — last: logsigmoid logsigmoid_p6_s1_uniform_any_ulp.csv ulp=48.00 us=1.95 ok=1
  [shard 0] 1275 new (0 resumed-skip) — last: mish mish_p2_s16_uniform_any_ulp.csv ulp=0.38 us=12.05 ok=1
  [shard 0] 1300 new (0 resumed-skip) — last: multigammaln multigammaln_n4d1_s1_uniform_rational_ulp.csv ulp=1.00 us=2.59 ok=1
  [shard 0] 1325 new (0 resumed-skip) — last: multigammaln multigammaln_p2_s32_uniform_any_ulp.csv ulp=0.25 us=17.01 ok=1
  [shard 0] 1350 new (0 resumed-skip) — last: polygamma polygamma_p1_s4_uniform_any_ulp.csv ulp=148.34 us=2.59 ok=1
  [shard 0] 1375 new (0 resumed-skip) — last: prelu prelu_p4_s8_uniform_any_ulp.csv ulp=0.00 us=3.96 ok=1
  [shard 0] 1400 new (0 resumed-skip) — last: relu relu_p2_s16_uniform_any_ulp.csv ulp=0.00 us=5.98 ok=1
  [shard 0] 1425 new (0 resumed-skip) — last: rsqrt rsqrt_n5d1_s1_uniform_rational_ulp.csv ulp=255.00 us=2.76 ok=1
  [shard 0] 1450 new (0 resumed-skip) — last: rsqrt rsqrt_p4_s1_uniform_fpminimax_ulp.csv ulp=0.00 us=2.02 ok=1
  [shard 0] 1475 new (0 resumed-skip) — last: selu selu_p9_s4_uniform_any_max.csv ulp=0.00 us=3.64 ok=1
  [shard 0] 1500 new (0 resumed-skip) — last: sigmoid sigmoid_n6d4_s2_uniform_rational_ulp.csv ulp=22.99 us=5.51 ok=1
  [shard 0] 1525 new (0 resumed-skip) — last: sigmoid sigmoid_p16_s4_uniform_any_ulp.csv ulp=- us=FAILED ok=1
  [shard 0] 1550 new (0 resumed-skip) — last: silu silu_n2d2_s1_uniform_rational_ulp.csv ulp=154.09 us=2.44 ok=1
  [shard 0] 1575 new (0 resumed-skip) — last: silu silu_p8_s3_uniform_any_ulp.csv ulp=36.44 us=3.41 ok=1
  [shard 0] 1600 new (0 resumed-skip) — last: sin sin_p3_s4_uniform_any_ulp.csv ulp=0.50 us=4.96 ok=1
  [shard 0] 1625 new (0 resumed-skip) — last: sinh sinh_n9d8_s1_uniform_rational_ulp.csv ulp=0.00 us=3.20 ok=1
  [shard 0] 1650 new (0 resumed-skip) — last: softplus softplus_n13d2_s2_uniform_rational_ulp.csv ulp=0.00 us=7.13 ok=1
  [shard 0] 1675 new (0 resumed-skip) — last: softplus softplus_p10_s2_uniform_any_ulp.csv ulp=0.12 us=3.30 ok=1
  [shard 0] 1700 new (0 resumed-skip) — last: softshrink softshrink_p6_s3_uniform_any_ulp.csv ulp=0.00 us=2.00 ok=1
  [shard 0] 1725 new (0 resumed-skip) — last: softsign softsign_n6d3_s1_uniform_rational_ulp.csv ulp=339.50 us=2.32 ok=1
  [shard 0] 1750 new (0 resumed-skip) — last: softsign softsign_p6_s4_uniform_any_ulp.csv ulp=3.00 us=4.07 ok=1
  [shard 0] 1775 new (0 resumed-skip) — last: sqrt sqrt_n6d5_s2_uniform_rational_ulp.csv ulp=22.00 us=5.85 ok=1
  [shard 0] 1800 new (0 resumed-skip) — last: sqrt sqrt_p6_s8_uniform_any_ulp.csv ulp=0.00 us=2.16 ok=1
  [shard 0] 1825 new (0 resumed-skip) — last: swish swish_p2_s16_uniform_any_ulp.csv ulp=0.25 us=9.55 ok=1
  [shard 0] 1850 new (0 resumed-skip) — last: tan tan_p9_s1_uniform_any_ulp.csv ulp=0.00 us=3.47 ok=1
  [shard 0] 1875 new (0 resumed-skip) — last: tanh tanh_p3_s32_uniform_any_ulp.csv ulp=0.50 us=16.64 ok=1
  [shard 0] 1900 new (0 resumed-skip) — last: tanhshrink tanhshrink_p5_s8_uniform_any_ulp.csv ulp=1.75 us=6.37 ok=1
frontier_sweep shard 0 DONE: 1917 measured, 0 already-present. -> /home/ttuser/frontier_dispatch/frontier_chip0.csv
