frontier_sweep: shard 3/4, 7666 candidate configs (filter='all'), chip TT_VISIBLE_DEVICES=3, cache=/tmp/cache3, out=/home/ttuser/frontier_dispatch/frontier_chip3.csv
  [shard 3] 25 new (0 resumed-skip) — last: abs abs_n7d7_s2_uniform_rational_ulp.csv ulp=0.00 us=2.75 ok=1
  [shard 3] 50 new (0 resumed-skip) — last: abs abs_p8_s2_uniform_any_ulp.csv ulp=0.00 us=1.94 ok=1
  [shard 3] 75 new (0 resumed-skip) — last: acos acos_n7d7_s1_uniform_rational_max.csv ulp=0.50 us=4.08 ok=1
  [shard 3] 100 new (0 resumed-skip) — last: acosh acosh_n10d5_s1_uniform_rational_ulp.csv ulp=0.12 us=4.25 ok=1
  [shard 3] 125 new (0 resumed-skip) — last: acosh acosh_n8d4_s1_uniform_rational_ulp.csv ulp=1.00 us=3.76 ok=1
  [shard 3] 150 new (0 resumed-skip) — last: asin asin_n12d4_s1_uniform_rational_ulp.csv ulp=0.50 us=3.04 ok=1
  [shard 3] 175 new (0 resumed-skip) — last: asin asin_p7_s2_uniform_any_ulp.csv ulp=2.00 us=2.65 ok=1
  [shard 3] 200 new (0 resumed-skip) — last: asinh asinh_p2_s2_uniform_any_ulp.csv ulp=73.00 us=1.83 ok=1
  [shard 3] 225 new (0 resumed-skip) — last: atan atan_p7_s4_uniform_any_ulp.csv ulp=0.25 us=4.63 ok=1
  [shard 3] 250 new (0 resumed-skip) — last: atanh atanh_p3_s2_uniform_any_ulp.csv ulp=42.00 us=2.01 ok=1
  [shard 3] 275 new (0 resumed-skip) — last: cbrt cbrt_n5d1_s2_uniform_rational_ulp.csv ulp=336.50 us=4.20 ok=1
  [shard 3] 300 new (0 resumed-skip) — last: cbrt cbrt_p1_s8_uniform_any_ulp.csv ulp=1.00 us=4.41 ok=1
  [shard 3] 325 new (0 resumed-skip) — last: celu celu_p3_s2_uniform_any_ulp.csv ulp=3.38 us=1.95 ok=1
  [shard 3] 350 new (0 resumed-skip) — last: cos cos_n5d1_s1_uniform_rational_ulp.csv ulp=0.50 us=3.47 ok=1
  [shard 3] 375 new (0 resumed-skip) — last: cos cos_p4_s1_uniform_any_ulp.csv ulp=128.00 us=2.48 ok=1
  [shard 3] 400 new (0 resumed-skip) — last: cosh cosh_n5d1_s1_uniform_rational_ulp.csv ulp=135.25 us=2.76 ok=1
  [shard 3] 425 new (0 resumed-skip) — last: cosh cosh_p3_s8_uniform_any_ulp.csv ulp=2.00 us=6.26 ok=1
  [shard 3] 450 new (0 resumed-skip) — last: digamma digamma_n5d5_s1_uniform_rational_ulp.csv ulp=1.00 us=3.42 ok=1
  [shard 3] 475 new (0 resumed-skip) — last: digamma digamma_p1_s1_uniform_any_ulp.csv ulp=201.09 us=1.68 ok=1
  [shard 3] 500 new (0 resumed-skip) — last: elu elu_p3_s4_uniform_any_ulp.csv ulp=1.06 us=2.58 ok=1
  [shard 3] 525 new (0 resumed-skip) — last: erf erf_p12_s1_uniform_any_ulp.csv ulp=27.00 us=2.41 ok=1
  [shard 3] 550 new (0 resumed-skip) — last: erfc erfc_n1d1_s2_uniform_rational_ulp.csv ulp=64.00 us=2.81 ok=1
  [shard 3] 575 new (0 resumed-skip) — last: erfc erfc_p3_s1_uniform_any_ulp.csv ulp=128.00 us=1.80 ok=1
  [shard 3] 600 new (0 resumed-skip) — last: erfinv erfinv_p1_s1_uniform_any_ulp.csv ulp=79.00 us=1.66 ok=1
  [shard 3] 625 new (0 resumed-skip) — last: exp2 exp2_n7d6_s1_uniform_rational_ulp.csv ulp=0.00 us=3.81 ok=1
  [shard 3] 650 new (0 resumed-skip) — last: exp2 exp2_p3_s16_uniform_any_ulp.csv ulp=0.02 us=2.17 ok=1
  [shard 3] 675 new (0 resumed-skip) — last: exp exp_n2d1_s1_uniform_rational_ulp.csv ulp=172.13 us=2.28 ok=1
  [shard 3] 700 new (0 resumed-skip) — last: exp exp_p11_s8_uniform_any_ulp.csv ulp=- us=FAILED ok=1
  [shard 3] 725 new (0 resumed-skip) — last: exp exp_p8_s3_uniform_any_ulp.csv ulp=- us=FAILED ok=1
  [shard 3] 750 new (0 resumed-skip) — last: expm1 expm1_p5_s32_uniform_any_ulp.csv ulp=- us=FAILED ok=1
  [shard 3] 775 new (0 resumed-skip) — last: hardmish hardmish_p16_s1_uniform_any_ulp.csv ulp=160.00 us=0.13 ok=1
  [shard 3] 800 new (0 resumed-skip) — last: hardshrink hardshrink_p9_s3_uniform_any_ulp.csv ulp=8.00 us=2.59 ok=1
  [shard 3] 825 new (0 resumed-skip) — last: hardtanh hardtanh_p11_s1_uniform_any_ulp.csv ulp=128.00 us=1.70 ok=1
  [shard 3] 850 new (0 resumed-skip) — last: i0 i0_n12d4_s1_uniform_rational_ulp.csv ulp=0.00 us=3.75 ok=1
  [shard 3] 875 new (0 resumed-skip) — last: i0 i0_n9d5_s2_uniform_rational_ulp.csv ulp=0.06 us=5.24 ok=1
  [shard 3] 900 new (0 resumed-skip) — last: i1 i1_n15d14_s1_uniform_rational_mae.csv ulp=0.00 us=4.14 ok=1
  [shard 3] 925 new (0 resumed-skip) — last: i1 i1_p6_s1_uniform_any_ulp.csv ulp=167.00 us=1.71 ok=1
  [shard 3] 950 new (0 resumed-skip) — last: identity identity_n6d4_s2_uniform_rational_ulp.csv ulp=0.00 us=2.59 ok=1
  [shard 3] 975 new (0 resumed-skip) — last: identity identity_p6_s1_uniform_any_ulp.csv ulp=0.00 us=0.13 ok=1
  [shard 3] 1000 new (0 resumed-skip) — last: lgamma lgamma_p13_s16_uniform_any_ulp.csv ulp=1.02 us=14.10 ok=1
  [shard 3] 1025 new (0 resumed-skip) — last: log10 log10_p10_s1_uniform_any_ulp.csv ulp=- us=FAILED ok=1
  [shard 3] 1050 new (0 resumed-skip) — last: log10 log10_p7_s2_uniform_any_ulp.csv ulp=- us=FAILED ok=1
  [shard 3] 1075 new (0 resumed-skip) — last: log1p log1p_n6d2_s2_uniform_rational_ulp.csv ulp=8.00 us=4.86 ok=1
  [shard 3] 1100 new (0 resumed-skip) — last: log1p log1p_p16_s32_uniform_any_ulp.csv ulp=- us=FAILED ok=1
  [shard 3] 1125 new (0 resumed-skip) — last: log2 log2_p12_s4_uniform_any_ulp.csv ulp=- us=FAILED ok=1
  [shard 3] 1150 new (0 resumed-skip) — last: log2 log2_p9_s3_uniform_any_ulp.csv ulp=- us=FAILED ok=1
  [shard 3] 1175 new (0 resumed-skip) — last: log log_p5_s3_uniform_any_ulp.csv ulp=0.12 us=2.47 ok=1
  [shard 3] 1200 new (0 resumed-skip) — last: logit logit_p1_s16_uniform_any_ulp.csv ulp=10.00 us=8.59 ok=1
  [shard 3] 1225 new (0 resumed-skip) — last: logsigmoid logsigmoid_n6d2_s2_uniform_rational_ulp.csv ulp=0.12 us=4.80 ok=1
  [shard 3] 1250 new (0 resumed-skip) — last: logsigmoid logsigmoid_p6_s3_uniform_any_ulp.csv ulp=- us=FAILED ok=1
  [shard 3] 1275 new (0 resumed-skip) — last: mish mish_p2_s32_uniform_any_ulp.csv ulp=0.25 us=20.49 ok=1
  [shard 3] 1300 new (0 resumed-skip) — last: multigammaln multigammaln_n4d2_s2_uniform_rational_ulp.csv ulp=0.25 us=4.20 ok=1
  [shard 3] 1325 new (0 resumed-skip) — last: multigammaln multigammaln_p2_s8_uniform_any_ulp.csv ulp=0.50 us=5.32 ok=1
  [shard 3] 1350 new (0 resumed-skip) — last: polygamma polygamma_p2_s1_uniform_any_ulp.csv ulp=152.73 us=1.70 ok=1
  [shard 3] 1375 new (0 resumed-skip) — last: prelu prelu_p5_s2_uniform_any_ulp.csv ulp=0.00 us=1.89 ok=1
  [shard 3] 1400 new (0 resumed-skip) — last: relu relu_p2_s32_uniform_any_ulp.csv ulp=0.00 us=11.27 ok=1
  [shard 3] 1425 new (0 resumed-skip) — last: rsqrt rsqrt_n5d2_s2_uniform_rational_ulp.csv ulp=254.44 us=4.52 ok=1
  [shard 3] 1450 new (0 resumed-skip) — last: rsqrt rsqrt_p4_s3_uniform_any_ulp.csv ulp=0.00 us=2.02 ok=1
  [shard 3] 1475 new (0 resumed-skip) — last: sigmoid_accurate sigmoid_accurate_n6d5_s1_uniform_rational_ulp.csv ulp=0.50 us=3.59 ok=1
  [shard 3] 1500 new (0 resumed-skip) — last: sigmoid sigmoid_n6d6_s1_uniform_rational_ulp.csv ulp=0.50 us=3.75 ok=1
  [shard 3] 1525 new (0 resumed-skip) — last: sigmoid sigmoid_p1_s1_uniform_any_ulp.csv ulp=1.25 us=2.52 ok=1
  [shard 3] 1550 new (0 resumed-skip) — last: silu silu_n3d3_s1_uniform_rational_ulp.csv ulp=67.00 us=2.76 ok=1
  [shard 3] 1575 new (0 resumed-skip) — last: silu silu_p9_s2_uniform_any_ulp.csv ulp=0.50 us=3.52 ok=1
  [shard 3] 1600 new (0 resumed-skip) — last: sin sin_p4_s1_uniform_any_ulp.csv ulp=1.00 us=2.70 ok=1
  [shard 3] 1625 new (0 resumed-skip) — last: sinh sinh_p10_s3_uniform_any_ulp.csv ulp=6.00 us=4.11 ok=1
  [shard 3] 1650 new (0 resumed-skip) — last: softplus softplus_n14d1_s1_uniform_rational_ulp.csv ulp=2.00 us=4.25 ok=1
  [shard 3] 1675 new (0 resumed-skip) — last: softplus softplus_p13_s1_uniform_any_ulp.csv ulp=6.00 us=2.47 ok=1
  [shard 3] 1700 new (0 resumed-skip) — last: softshrink softshrink_p7_s2_uniform_any_ulp.csv ulp=8.00 us=1.82 ok=1
  [shard 3] 1725 new (0 resumed-skip) — last: softsign softsign_n6d4_s2_uniform_rational_ulp.csv ulp=0.00 us=3.25 ok=1
  [shard 3] 1750 new (0 resumed-skip) — last: softsign softsign_p7_s2_uniform_any_ulp.csv ulp=6.00 us=3.08 ok=1
  [shard 3] 1775 new (0 resumed-skip) — last: sqrt sqrt_n7d1_s1_uniform_rational_ulp.csv ulp=296.75 us=3.09 ok=1
  [shard 3] 1800 new (0 resumed-skip) — last: sqrt sqrt_p7_s2_uniform_any_ulp.csv ulp=0.00 us=2.16 ok=1
  [shard 3] 1825 new (0 resumed-skip) — last: swish swish_p2_s32_uniform_any_ulp.csv ulp=0.25 us=17.99 ok=1
  [shard 3] 1850 new (0 resumed-skip) — last: tan tan_p9_s2_uniform_any_ulp.csv ulp=0.00 us=4.57 ok=1
  [shard 3] 1875 new (0 resumed-skip) — last: tanh tanh_p3_s8_uniform_any_ulp.csv ulp=2.50 us=5.61 ok=1
  [shard 3] 1900 new (0 resumed-skip) — last: tanhshrink tanhshrink_p6_s2_uniform_any_ulp.csv ulp=23.00 us=2.64 ok=1
frontier_sweep shard 3 DONE: 1916 measured, 0 already-present. -> /home/ttuser/frontier_dispatch/frontier_chip3.csv
