frontier_sweep: shard 1/4, 7666 candidate configs (filter='all'), chip TT_VISIBLE_DEVICES=1, cache=/tmp/cache1, out=/home/ttuser/frontier_dispatch/frontier_chip1.csv
  [shard 1] 25 new (0 resumed-skip) — last: abs abs_n7d6_s2_uniform_rational_ulp.csv ulp=0.00 us=2.75 ok=1
  [shard 1] 50 new (0 resumed-skip) — last: abs abs_p7_s8_uniform_any_ulp.csv ulp=0.00 us=4.78 ok=1
  [shard 1] 75 new (0 resumed-skip) — last: acos acos_n7d6_s1_uniform_rational_ulp.csv ulp=0.50 us=3.92 ok=1
  [shard 1] 100 new (0 resumed-skip) — last: acosh acosh_n10d4_s1_uniform_rational_ulp.csv ulp=1.00 us=4.08 ok=1
  [shard 1] 125 new (0 resumed-skip) — last: acosh acosh_n8d3_s1_uniform_rational_ulp.csv ulp=1.00 us=3.59 ok=1
  [shard 1] 150 new (0 resumed-skip) — last: asin asin_n12d2_s1_uniform_rational_ulp.csv ulp=0.50 us=2.87 ok=1
  [shard 1] 175 new (0 resumed-skip) — last: asin asin_p6_s8_uniform_any_ulp.csv ulp=1.00 us=7.06 ok=1
  [shard 1] 200 new (0 resumed-skip) — last: asinh asinh_p2_s16_uniform_any_ulp.csv ulp=6.00 us=9.45 ok=1
  [shard 1] 225 new (0 resumed-skip) — last: atan atan_p7_s2_uniform_any_ulp.csv ulp=0.50 us=2.64 ok=1
  [shard 1] 250 new (0 resumed-skip) — last: atanh atanh_p3_s16_uniform_any_ulp.csv ulp=15.00 us=11.49 ok=1
  [shard 1] 275 new (0 resumed-skip) — last: cbrt cbrt_n4d4_s2_uniform_rational_ulp.csv ulp=373.00 us=4.85 ok=1
  [shard 1] 300 new (0 resumed-skip) — last: cbrt cbrt_p1_s3_uniform_any_ulp.csv ulp=1.00 us=4.42 ok=1
  [shard 1] 325 new (0 resumed-skip) — last: celu celu_p3_s16_uniform_any_ulp.csv ulp=0.06 us=8.07 ok=1
  [shard 1] 350 new (0 resumed-skip) — last: cos cos_n4d4_s1_uniform_rational_ulp.csv ulp=0.50 us=3.89 ok=1
  [shard 1] 375 new (0 resumed-skip) — last: cos cos_p3_s8_uniform_any_ulp.csv ulp=0.50 us=8.59 ok=1
  [shard 1] 400 new (0 resumed-skip) — last: cosh cosh_n4d4_s1_uniform_rational_ulp.csv ulp=12.00 us=2.65 ok=1
  [shard 1] 425 new (0 resumed-skip) — last: cosh cosh_p3_s3_uniform_any_ulp.csv ulp=146.38 us=2.83 ok=1
  [shard 1] 450 new (0 resumed-skip) — last: digamma digamma_n5d4_s2_uniform_rational_ulp.csv ulp=0.00 us=5.25 ok=1
  [shard 1] 475 new (0 resumed-skip) — last: digamma digamma_p16_s8_uniform_any_ulp.csv ulp=45.00 us=9.98 ok=1
  [shard 1] 500 new (0 resumed-skip) — last: elu elu_p3_s32_uniform_any_ulp.csv ulp=0.06 us=14.24 ok=1
  [shard 1] 525 new (0 resumed-skip) — last: erf erf_p11_s1_uniform_any_ulp.csv ulp=27.00 us=2.41 ok=1
  [shard 1] 550 new (0 resumed-skip) — last: erfc erfc_n15d1_s1_uniform_rational_ulp.csv ulp=36.00 us=4.42 ok=1
  [shard 1] 575 new (0 resumed-skip) — last: erfc erfc_p2_s8_uniform_any_ulp.csv ulp=1.94 us=4.97 ok=1
  [shard 1] 600 new (0 resumed-skip) — last: erfinv erfinv_n9d8_s1_uniform_rational_ulp.csv ulp=0.02 us=3.20 ok=1
  [shard 1] 625 new (0 resumed-skip) — last: exp2 exp2_n7d5_s1_uniform_rational_ulp.csv ulp=0.50 us=3.64 ok=1
  [shard 1] 650 new (0 resumed-skip) — last: exp2 exp2_p2_s4_uniform_any_ulp.csv ulp=0.50 us=1.94 ok=1
  [shard 1] 675 new (0 resumed-skip) — last: exp exp_n2d1_s1_uniform_rational_mae.csv ulp=0.00 us=4.30 ok=1
  [shard 1] 700 new (0 resumed-skip) — last: exp exp_p11_s3_uniform_any_ulp.csv ulp=- us=FAILED ok=1
  [shard 1] 725 new (0 resumed-skip) — last: exp exp_p8_s2_uniform_any_ulp.csv ulp=- us=FAILED ok=1
  [shard 1] 750 new (0 resumed-skip) — last: expm1 expm1_p5_s1_uniform_fpminimax_ulp.csv ulp=- us=FAILED ok=1
  [shard 1] 775 new (0 resumed-skip) — last: hardmish hardmish_p14_s1_uniform_any_ulp.csv ulp=160.00 us=0.13 ok=1
  [shard 1] 800 new (0 resumed-skip) — last: hardshrink hardshrink_p9_s1_uniform_any_ulp.csv ulp=8.00 us=1.70 ok=1
  [shard 1] 825 new (0 resumed-skip) — last: hardtanh hardtanh_p10_s3_uniform_any_ulp.csv ulp=0.00 us=1.86 ok=1
  [shard 1] 850 new (0 resumed-skip) — last: i0 i0_n12d3_s1_uniform_rational_ulp.csv ulp=0.00 us=3.58 ok=1
  [shard 1] 875 new (0 resumed-skip) — last: i0 i0_n9d4_s2_uniform_rational_ulp.csv ulp=0.06 us=5.24 ok=1
  [shard 1] 900 new (0 resumed-skip) — last: i1 i1_n14d1_s1_uniform_rational_ulp.csv ulp=0.25 us=2.98 ok=1
  [shard 1] 925 new (0 resumed-skip) — last: i1 i1_p5_s8_uniform_any_ulp.csv ulp=0.50 us=6.95 ok=1
  [shard 1] 950 new (0 resumed-skip) — last: identity identity_n6d3_s2_uniform_rational_ulp.csv ulp=0.00 us=2.53 ok=1
  [shard 1] 975 new (0 resumed-skip) — last: identity identity_p5_s8_uniform_any_ulp.csv ulp=0.00 us=4.29 ok=1
  [shard 1] 1000 new (0 resumed-skip) — last: lgamma lgamma_p12_s4_uniform_any_ulp.csv ulp=1.02 us=4.65 ok=1
  [shard 1] 1025 new (0 resumed-skip) — last: log10 log10_n7d7_s2_uniform_rational_mae.csv ulp=151.00 us=8.19 ok=1
  [shard 1] 1050 new (0 resumed-skip) — last: log10 log10_p7_s1_uniform_any_ulp.csv ulp=- us=FAILED ok=1
  [shard 1] 1075 new (0 resumed-skip) — last: log1p log1p_n6d1_s2_uniform_rational_ulp.csv ulp=30.00 us=4.52 ok=1
  [shard 1] 1100 new (0 resumed-skip) — last: log1p log1p_p16_s1_uniform_any_ulp.csv ulp=- us=FAILED ok=1
  [shard 1] 1125 new (0 resumed-skip) — last: log2 log2_p12_s32_uniform_any_ulp.csv ulp=- us=FAILED ok=1
  [shard 1] 1150 new (0 resumed-skip) — last: log2 log2_p9_s2_uniform_any_ulp.csv ulp=- us=FAILED ok=1
  [shard 1] 1175 new (0 resumed-skip) — last: log log_p5_s2_uniform_any_ulp.csv ulp=0.12 us=2.47 ok=1
  [shard 1] 1200 new (0 resumed-skip) — last: logit logit_p14_s1_uniform_any_ulp.csv ulp=3.00 us=2.25 ok=1
  [shard 1] 1225 new (0 resumed-skip) — last: logsigmoid logsigmoid_n6d1_s2_uniform_rational_ulp.csv ulp=0.50 us=4.47 ok=1
  [shard 1] 1250 new (0 resumed-skip) — last: logsigmoid logsigmoid_p6_s2_uniform_any_ulp.csv ulp=- us=FAILED ok=1
  [shard 1] 1275 new (0 resumed-skip) — last: mish mish_p2_s1_uniform_any_ulp.csv ulp=160.00 us=1.70 ok=1
  [shard 1] 1300 new (0 resumed-skip) — last: multigammaln multigammaln_n4d1_s2_uniform_rational_ulp.csv ulp=0.25 us=3.86 ok=1
  [shard 1] 1325 new (0 resumed-skip) — last: multigammaln multigammaln_p2_s3_uniform_any_ulp.csv ulp=1.06 us=2.58 ok=1
  [shard 1] 1350 new (0 resumed-skip) — last: polygamma polygamma_p1_s8_uniform_any_ulp.csv ulp=143.19 us=4.46 ok=1
  [shard 1] 1375 new (0 resumed-skip) — last: prelu prelu_p5_s16_uniform_any_ulp.csv ulp=0.00 us=8.01 ok=1
  [shard 1] 1400 new (0 resumed-skip) — last: relu relu_p2_s1_uniform_any_ulp.csv ulp=160.00 us=0.13 ok=1
  [shard 1] 1425 new (0 resumed-skip) — last: rsqrt rsqrt_n5d1_s2_uniform_rational_ulp.csv ulp=254.99 us=4.20 ok=1
  [shard 1] 1450 new (0 resumed-skip) — last: rsqrt rsqrt_p4_s2_uniform_any_ulp.csv ulp=0.00 us=2.02 ok=1
  [shard 1] 1475 new (0 resumed-skip) — last: selu selu_p9_s4_uniform_any_ulp.csv ulp=0.00 us=3.79 ok=1
  [shard 1] 1500 new (0 resumed-skip) — last: sigmoid sigmoid_n6d5_s1_uniform_rational_ulp.csv ulp=0.50 us=3.59 ok=1
  [shard 1] 1525 new (0 resumed-skip) — last: sigmoid sigmoid_p16_s8_uniform_any_ulp.csv ulp=- us=FAILED ok=1
  [shard 1] 1550 new (0 resumed-skip) — last: silu silu_n3d1_s1_uniform_rational_ulp.csv ulp=93.00 us=2.43 ok=1
  [shard 1] 1575 new (0 resumed-skip) — last: silu silu_p8_s4_uniform_any_ulp.csv ulp=0.50 us=4.68 ok=1
  [shard 1] 1600 new (0 resumed-skip) — last: sin sin_p3_s8_uniform_any_ulp.csv ulp=0.50 us=8.16 ok=1
  [shard 1] 1625 new (0 resumed-skip) — last: sinh sinh_p10_s1_uniform_any_ulp.csv ulp=6.00 us=2.20 ok=1
  [shard 1] 1650 new (0 resumed-skip) — last: softplus softplus_n13d3_s1_uniform_rational_ulp.csv ulp=0.50 us=4.42 ok=1
  [shard 1] 1675 new (0 resumed-skip) — last: softplus softplus_p11_s1_uniform_any_ulp.csv ulp=6.00 us=2.46 ok=1
  [shard 1] 1700 new (0 resumed-skip) — last: softshrink softshrink_p6_s4_uniform_any_ulp.csv ulp=0.00 us=2.42 ok=1
  [shard 1] 1725 new (0 resumed-skip) — last: softsign softsign_n6d3_s2_uniform_rational_ulp.csv ulp=0.00 us=3.25 ok=1
  [shard 1] 1750 new (0 resumed-skip) — last: softsign softsign_p6_s8_uniform_any_ulp.csv ulp=1.00 us=6.64 ok=1
  [shard 1] 1775 new (0 resumed-skip) — last: sqrt sqrt_n6d6_s1_uniform_rational_ulp.csv ulp=18.00 us=3.75 ok=1
  [shard 1] 1800 new (0 resumed-skip) — last: sqrt sqrt_p7_s1_uniform_any_ulp.csv ulp=0.00 us=2.16 ok=1
  [shard 1] 1825 new (0 resumed-skip) — last: swish swish_p2_s1_uniform_any_ulp.csv ulp=160.00 us=1.70 ok=1
  [shard 1] 1850 new (0 resumed-skip) — last: tan tan_p9_s2_uniform_any_mae.csv ulp=0.00 us=5.24 ok=1
  [shard 1] 1875 new (0 resumed-skip) — last: tanh tanh_p3_s3_uniform_any_ulp.csv ulp=47.00 us=2.61 ok=1
  [shard 1] 1900 new (0 resumed-skip) — last: tanhshrink tanhshrink_p6_s16_uniform_any_ulp.csv ulp=0.03 us=10.99 ok=1
frontier_sweep shard 1 DONE: 1917 measured, 0 already-present. -> /home/ttuser/frontier_dispatch/frontier_chip1.csv
