frontier_sweep: shard 2/4, 7666 candidate configs (precision=fp32, filter='all'), chip TT_VISIBLE_DEVICES=2, cache=/tmp/frontier_fp32_cache2, out=/home/ttuser/frontier_fp32_dispatch/results/20260625_082403/frontier_fp32_chip2.csv
  [shard 2] 25 new (0 resumed-skip) — last: abs abs_n7d7_s1_uniform_rational_ulp.csv precision=fp32 ulp=16777216.00 us=3.09 ok=1
  [shard 2] 50 new (0 resumed-skip) — last: abs abs_p8_s1_uniform_any_ulp.csv precision=fp32 ulp=16777216.00 us=1.92 ok=1
  [shard 2] 75 new (0 resumed-skip) — last: acos acos_n7d6_s2_uniform_rational_ulp.csv precision=fp32 ulp=849352.91 us=6.99 ok=1
  [shard 2] 100 new (0 resumed-skip) — last: acosh acosh_n10d4_s2_uniform_rational_ulp.csv precision=fp32 ulp=2779.09 us=7.38 ok=1
  [shard 2] 125 new (0 resumed-skip) — last: acosh acosh_n8d3_s2_uniform_rational_ulp.csv precision=fp32 ulp=5330.00 us=6.38 ok=1
  [shard 2] 150 new (0 resumed-skip) — last: asin asin_n12d3_s1_uniform_rational_ulp.csv precision=fp32 ulp=2052.00 us=3.51 ok=1
  [shard 2] 175 new (0 resumed-skip) — last: asin asin_p7_s1_uniform_any_ulp.csv precision=fp32 ulp=142120.00 us=3.09 ok=1
  [shard 2] 200 new (0 resumed-skip) — last: asinh asinh_p2_s1_uniform_any_ulp.csv precision=fp32 ulp=4796540.00 us=2.85 ok=1
  [shard 2] 225 new (0 resumed-skip) — last: atan atan_p7_s3_uniform_any_ulp.csv precision=fp32 ulp=18628.00 us=4.13 ok=1
  [shard 2] 250 new (0 resumed-skip) — last: atanh atanh_p3_s1_uniform_any_ulp.csv precision=fp32 ulp=5492624.00 us=2.96 ok=1
  [shard 2] 275 new (0 resumed-skip) — last: cbrt cbrt_n5d1_s1_uniform_rational_ulp.csv precision=fp32 ulp=21875214.50 us=3.47 ok=1
  [shard 2] 300 new (0 resumed-skip) — last: cbrt cbrt_p1_s4_uniform_any_ulp.csv precision=fp32 ulp=62751.00 us=4.89 ok=1
  [shard 2] 325 new (0 resumed-skip) — last: celu celu_p3_s1_uniform_any_ulp.csv precision=fp32 ulp=9437231.62 us=1.91 ok=1
  [shard 2] 350 new (0 resumed-skip) — last: cos cos_n4d4_s2_uniform_rational_ulp.csv precision=fp32 ulp=2.00 us=6.07 ok=1
  [shard 2] 375 new (0 resumed-skip) — last: cos cos_p4_s16_uniform_any_ulp.csv precision=fp32 ulp=27367.00 us=14.83 ok=1
  [shard 2] 400 new (0 resumed-skip) — last: cosh cosh_n4d4_s2_uniform_rational_ulp.csv precision=fp32 ulp=8704.00 us=5.28 ok=1
  [shard 2] 425 new (0 resumed-skip) — last: cosh cosh_p3_s4_uniform_any_ulp.csv precision=fp32 ulp=1772173.00 us=4.01 ok=1
  [shard 2] 450 new (0 resumed-skip) — last: digamma digamma_n5d4_s3_uniform_rational_ulp.csv precision=fp32 ulp=2.00 us=7.82 ok=1
  [shard 2] 475 new (0 resumed-skip) — last: digamma digamma_p1_s16_uniform_any_ulp.csv precision=fp32 ulp=13182027.72 us=8.99 ok=1
  [shard 2] 500 new (0 resumed-skip) — last: elu elu_p3_s3_uniform_any_ulp.csv precision=fp32 ulp=222192.88 us=3.17 ok=1
  [shard 2] 525 new (0 resumed-skip) — last: erf erf_p11_s2_uniform_any_ulp.csv precision=fp32 ulp=1752183.00 us=3.88 ok=1
  [shard 2] 550 new (0 resumed-skip) — last: erfc erfc_n15d1_s2_uniform_rational_ulp.csv precision=fp32 ulp=13492915.06 us=7.93 ok=1
  [shard 2] 575 new (0 resumed-skip) — last: erfc erfc_p3_s16_uniform_any_ulp.csv precision=fp32 ulp=15944.50 us=10.83 ok=1
  [shard 2] 600 new (0 resumed-skip) — last: erfinv erfinv_p1_s16_uniform_any_ulp.csv precision=fp32 ulp=794912.00 us=8.94 ok=1
  [shard 2] 625 new (0 resumed-skip) — last: exp2 exp2_n7d5_s2_uniform_rational_ulp.csv precision=fp32 ulp=13923.00 us=6.44 ok=1
  [shard 2] 650 new (0 resumed-skip) — last: exp2 exp2_p2_s8_uniform_any_ulp.csv precision=fp32 ulp=28998.00 us=2.99 ok=1
  [shard 2] 675 new (0 resumed-skip) — last: exp exp_n2d1_s1_uniform_rational_max.csv precision=fp32 ulp=270.00 us=4.81 ok=1
  [shard 2] 700 new (0 resumed-skip) — last: exp exp_p11_s4_uniform_any_ulp.csv precision=fp32 ulp=- us=FAILED ok=1
  [shard 2] 725 new (0 resumed-skip) — last: exp exp_p8_s32_uniform_any_ulp.csv precision=fp32 ulp=- us=FAILED ok=1
  [shard 2] 750 new (0 resumed-skip) — last: expm1 expm1_p5_s2_uniform_any_ulp.csv precision=fp32 ulp=- us=FAILED ok=1
  [shard 2] 775 new (0 resumed-skip) — last: hardmish hardmish_p15_s1_uniform_any_ulp.csv precision=fp32 ulp=10485760.00 us=1.88 ok=1
  [shard 2] 800 new (0 resumed-skip) — last: hardshrink hardshrink_p9_s2_uniform_any_ulp.csv precision=fp32 ulp=524216.00 us=3.07 ok=1
  [shard 2] 825 new (0 resumed-skip) — last: hardtanh hardtanh_p10_s4_uniform_any_ulp.csv precision=fp32 ulp=0.00 us=3.10 ok=1
  [shard 2] 850 new (0 resumed-skip) — last: i0 i0_n12d3_s2_uniform_rational_ulp.csv precision=fp32 ulp=264.00 us=6.28 ok=1
  [shard 2] 875 new (0 resumed-skip) — last: i0 i0_n9d5_s1_uniform_rational_ulp.csv precision=fp32 ulp=3123.00 us=3.87 ok=1
  [shard 2] 900 new (0 resumed-skip) — last: i1 i1_n14d2_s1_uniform_rational_ulp.csv precision=fp32 ulp=78.00 us=3.64 ok=1
  [shard 2] 925 new (0 resumed-skip) — last: i1 i1_p6_s16_uniform_any_ulp.csv precision=fp32 ulp=25325.00 us=14.01 ok=1
  [shard 2] 950 new (0 resumed-skip) — last: identity identity_n6d4_s1_uniform_rational_ulp.csv precision=fp32 ulp=0.00 us=3.12 ok=1
  [shard 2] 975 new (0 resumed-skip) — last: identity identity_p6_s16_uniform_any_ulp.csv precision=fp32 ulp=0.00 us=8.28 ok=1
  [shard 2] 1000 new (0 resumed-skip) — last: lgamma lgamma_p12_s8_uniform_any_ulp.csv precision=fp32 ulp=66779.22 us=7.48 ok=1
  [shard 2] 1025 new (0 resumed-skip) — last: log10 log10_p10_s16_uniform_any_ulp.csv precision=fp32 ulp=- us=FAILED ok=1
  [shard 2] 1050 new (0 resumed-skip) — last: log10 log10_p7_s1_uniform_fpminimax_ulp.csv precision=fp32 ulp=- us=FAILED ok=1
  [shard 2] 1075 new (0 resumed-skip) — last: log1p log1p_n6d2_s1_uniform_rational_ulp.csv precision=fp32 ulp=792765.00 us=3.72 ok=1
  [shard 2] 1100 new (0 resumed-skip) — last: log1p log1p_p16_s2_uniform_any_ulp.csv precision=fp32 ulp=- us=FAILED ok=1
  [shard 2] 1125 new (0 resumed-skip) — last: log2 log2_p12_s3_uniform_any_ulp.csv precision=fp32 ulp=- us=FAILED ok=1
  [shard 2] 1150 new (0 resumed-skip) — last: log2 log2_p9_s32_uniform_any_ulp.csv precision=fp32 ulp=- us=FAILED ok=1
  [shard 2] 1175 new (0 resumed-skip) — last: log log_p5_s32_uniform_any_ulp.csv precision=fp32 ulp=165.00 us=3.24 ok=1
  [shard 2] 1200 new (0 resumed-skip) — last: logit logit_p15_s32_uniform_any_ulp.csv precision=fp32 ulp=28890.00 us=28.57 ok=1
  [shard 2] 1225 new (0 resumed-skip) — last: logsigmoid logsigmoid_n6d2_s1_uniform_rational_ulp.csv precision=fp32 ulp=196797.00 us=3.70 ok=1
  [shard 2] 1250 new (0 resumed-skip) — last: logsigmoid logsigmoid_p6_s3_uniform_any_mae.csv precision=fp32 ulp=- us=FAILED ok=1
  [shard 2] 1275 new (0 resumed-skip) — last: mish mish_p2_s2_uniform_any_ulp.csv precision=fp32 ulp=1855598.00 us=3.10 ok=1
  [shard 2] 1300 new (0 resumed-skip) — last: multigammaln multigammaln_n4d2_s1_uniform_rational_ulp.csv precision=fp32 ulp=8031.00 us=3.46 ok=1
  [shard 2] 1325 new (0 resumed-skip) — last: multigammaln multigammaln_p2_s4_uniform_any_ulp.csv precision=fp32 ulp=45758.56 us=3.66 ok=1
  [shard 2] 1350 new (0 resumed-skip) — last: polygamma polygamma_p2_s16_uniform_any_ulp.csv precision=fp32 ulp=9401657.31 us=10.27 ok=1
  [shard 2] 1375 new (0 resumed-skip) — last: prelu prelu_p5_s1_uniform_any_ulp.csv precision=fp32 ulp=7864320.00 us=1.94 ok=1
  [shard 2] 1400 new (0 resumed-skip) — last: relu relu_p2_s2_uniform_any_ulp.csv precision=fp32 ulp=0.00 us=2.88 ok=1
  [shard 2] 1425 new (0 resumed-skip) — last: rsqrt rsqrt_n5d2_s1_uniform_rational_ulp.csv precision=fp32 ulp=16847711.84 us=3.58 ok=1
  [shard 2] 1450 new (0 resumed-skip) — last: rsqrt rsqrt_p4_s32_uniform_any_ulp.csv precision=fp32 ulp=47.00 us=3.02 ok=1
  [shard 2] 1475 new (0 resumed-skip) — last: sigmoid_accurate sigmoid_accurate_n4d4_s3_uniform_rational_ulp.csv precision=fp32 ulp=40.00 us=7.26 ok=1
  [shard 2] 1500 new (0 resumed-skip) — last: sigmoid sigmoid_n6d5_s2_uniform_rational_ulp.csv precision=fp32 ulp=59261.08 us=6.33 ok=1
  [shard 2] 1525 new (0 resumed-skip) — last: sigmoid sigmoid_p1_s16_uniform_any_ulp.csv precision=fp32 ulp=126972.00 us=3.28 ok=1
  [shard 2] 1550 new (0 resumed-skip) — last: silu silu_n3d2_s1_uniform_rational_ulp.csv precision=fp32 ulp=7400220.25 us=3.35 ok=1
  [shard 2] 1575 new (0 resumed-skip) — last: silu silu_p9_s1_uniform_any_ulp.csv precision=fp32 ulp=- us=FAILED ok=1
  [shard 2] 1600 new (0 resumed-skip) — last: sin sin_p4_s16_uniform_any_ulp.csv precision=fp32 ulp=5987.50 us=14.86 ok=1
  [shard 2] 1625 new (0 resumed-skip) — last: sinh sinh_p10_s2_uniform_any_ulp.csv precision=fp32 ulp=404365.00 us=3.62 ok=1
  [shard 2] 1650 new (0 resumed-skip) — last: softplus softplus_n13d3_s2_uniform_rational_ulp.csv precision=fp32 ulp=16.00 us=7.92 ok=1
  [shard 2] 1675 new (0 resumed-skip) — last: softplus softplus_p12_s1_uniform_any_ulp.csv precision=fp32 ulp=381944.00 us=3.28 ok=1
  [shard 2] 1700 new (0 resumed-skip) — last: softshrink softshrink_p7_s1_uniform_any_ulp.csv precision=fp32 ulp=11010048.00 us=2.79 ok=1
  [shard 2] 1725 new (0 resumed-skip) — last: softsign softsign_n6d4_s1_uniform_rational_ulp.csv precision=fp32 ulp=22369281.00 us=3.23 ok=1
  [shard 2] 1750 new (0 resumed-skip) — last: softsign softsign_p7_s1_uniform_any_ulp.csv precision=fp32 ulp=15252015.00 us=2.78 ok=1
  [shard 2] 1775 new (0 resumed-skip) — last: sqrt sqrt_n6d6_s2_uniform_rational_ulp.csv precision=fp32 ulp=985724.00 us=6.61 ok=1
  [shard 2] 1800 new (0 resumed-skip) — last: sqrt sqrt_p7_s1_uniform_fpminimax_ulp.csv precision=fp32 ulp=1.00 us=3.10 ok=1
  [shard 2] 1825 new (0 resumed-skip) — last: swish swish_p2_s2_uniform_any_ulp.csv precision=fp32 ulp=2025419.00 us=3.08 ok=1
  [shard 2] 1850 new (0 resumed-skip) — last: tan tan_p9_s2_uniform_any_max.csv precision=fp32 ulp=9089.00 us=5.06 ok=1
  [shard 2] 1875 new (0 resumed-skip) — last: tanh tanh_p3_s4_uniform_any_ulp.csv precision=fp32 ulp=2213159.00 us=3.86 ok=1
  [shard 2] 1900 new (0 resumed-skip) — last: tanhshrink tanhshrink_p6_s1_uniform_any_ulp.csv precision=fp32 ulp=9437184.00 us=2.77 ok=1
frontier_sweep shard 2 DONE: 1916 measured, 0 already-present. -> /home/ttuser/frontier_fp32_dispatch/results/20260625_082403/frontier_fp32_chip2.csv
