frontier_sweep: shard 1/4, 7666 candidate configs (precision=fp32, filter='all'), chip TT_VISIBLE_DEVICES=1, cache=/tmp/frontier_fp32_cache1, out=/home/ttuser/frontier_fp32_dispatch/results/20260625_082403/frontier_fp32_chip1.csv
  [shard 1] 25 new (0 resumed-skip) — last: abs abs_n7d6_s2_uniform_rational_ulp.csv precision=fp32 ulp=0.00 us=3.49 ok=1
  [shard 1] 50 new (0 resumed-skip) — last: abs abs_p7_s8_uniform_any_ulp.csv precision=fp32 ulp=0.00 us=5.26 ok=1
  [shard 1] 75 new (0 resumed-skip) — last: acos acos_n7d6_s1_uniform_rational_ulp.csv precision=fp32 ulp=2405.00 us=4.42 ok=1
  [shard 1] 100 new (0 resumed-skip) — last: acosh acosh_n10d4_s1_uniform_rational_ulp.csv precision=fp32 ulp=4371.50 us=4.58 ok=1
  [shard 1] 125 new (0 resumed-skip) — last: acosh acosh_n8d3_s1_uniform_rational_ulp.csv precision=fp32 ulp=10685.00 us=4.10 ok=1
  [shard 1] 150 new (0 resumed-skip) — last: asin asin_n12d2_s1_uniform_rational_ulp.csv precision=fp32 ulp=2052.00 us=3.55 ok=1
  [shard 1] 175 new (0 resumed-skip) — last: asin asin_p6_s8_uniform_any_ulp.csv precision=fp32 ulp=31418.00 us=7.57 ok=1
  [shard 1] 200 new (0 resumed-skip) — last: asinh asinh_p2_s16_uniform_any_ulp.csv precision=fp32 ulp=387084.00 us=9.97 ok=1
  [shard 1] 225 new (0 resumed-skip) — last: atan atan_p7_s2_uniform_any_ulp.csv precision=fp32 ulp=18628.00 us=3.39 ok=1
  [shard 1] 250 new (0 resumed-skip) — last: atanh atanh_p3_s16_uniform_any_ulp.csv precision=fp32 ulp=1389594.00 us=11.98 ok=1
  [shard 1] 275 new (0 resumed-skip) — last: cbrt cbrt_n4d4_s2_uniform_rational_ulp.csv precision=fp32 ulp=24490289.50 us=5.34 ok=1
  [shard 1] 300 new (0 resumed-skip) — last: cbrt cbrt_p1_s3_uniform_any_ulp.csv precision=fp32 ulp=62751.00 us=4.90 ok=1
  [shard 1] 325 new (0 resumed-skip) — last: celu celu_p3_s16_uniform_any_ulp.csv precision=fp32 ulp=1551.44 us=8.60 ok=1
  [shard 1] 350 new (0 resumed-skip) — last: cos cos_n4d4_s1_uniform_rational_ulp.csv precision=fp32 ulp=1859.00 us=4.38 ok=1
  [shard 1] 375 new (0 resumed-skip) — last: cos cos_p3_s8_uniform_any_ulp.csv precision=fp32 ulp=6782.50 us=9.07 ok=1
  [shard 1] 400 new (0 resumed-skip) — last: cosh cosh_n4d4_s1_uniform_rational_ulp.csv precision=fp32 ulp=823245.00 us=3.39 ok=1
  [shard 1] 425 new (0 resumed-skip) — last: cosh cosh_p3_s3_uniform_any_ulp.csv precision=fp32 ulp=9602055.12 us=3.53 ok=1
  [shard 1] 450 new (0 resumed-skip) — last: digamma digamma_n5d4_s2_uniform_rational_ulp.csv precision=fp32 ulp=6.12 us=5.78 ok=1
  [shard 1] 475 new (0 resumed-skip) — last: digamma digamma_p16_s8_uniform_any_ulp.csv precision=fp32 ulp=2942199.00 us=10.48 ok=1
  [shard 1] 500 new (0 resumed-skip) — last: elu elu_p3_s32_uniform_any_ulp.csv precision=fp32 ulp=878.75 us=14.75 ok=1
  [shard 1] 525 new (0 resumed-skip) — last: erf erf_p11_s1_uniform_any_ulp.csv precision=fp32 ulp=1752569.50 us=3.28 ok=1
  [shard 1] 550 new (0 resumed-skip) — last: erfc erfc_n15d1_s1_uniform_rational_ulp.csv precision=fp32 ulp=2367118.50 us=4.90 ok=1
  [shard 1] 575 new (0 resumed-skip) — last: erfc erfc_p2_s8_uniform_any_ulp.csv precision=fp32 ulp=127098.62 us=5.49 ok=1
  [shard 1] 600 new (0 resumed-skip) — last: erfinv erfinv_n9d8_s1_uniform_rational_ulp.csv precision=fp32 ulp=6958.00 us=3.79 ok=1
  [shard 1] 625 new (0 resumed-skip) — last: exp2 exp2_n7d5_s1_uniform_rational_ulp.csv precision=fp32 ulp=19483.00 us=4.17 ok=1
  [shard 1] 650 new (0 resumed-skip) — last: exp2 exp2_p2_s4_uniform_any_ulp.csv precision=fp32 ulp=28998.00 us=3.02 ok=1
  [shard 1] 675 new (0 resumed-skip) — last: exp exp_n2d1_s1_uniform_rational_mae.csv precision=fp32 ulp=270.00 us=4.80 ok=1
  [shard 1] 700 new (0 resumed-skip) — last: exp exp_p11_s3_uniform_any_ulp.csv precision=fp32 ulp=- us=FAILED ok=1
  [shard 1] 725 new (0 resumed-skip) — last: exp exp_p8_s2_uniform_any_ulp.csv precision=fp32 ulp=- us=FAILED ok=1
  [shard 1] 750 new (0 resumed-skip) — last: expm1 expm1_p5_s1_uniform_fpminimax_ulp.csv precision=fp32 ulp=- us=FAILED ok=1
  [shard 1] 775 new (0 resumed-skip) — last: hardmish hardmish_p14_s1_uniform_any_ulp.csv precision=fp32 ulp=10485760.00 us=1.90 ok=1
  [shard 1] 800 new (0 resumed-skip) — last: hardshrink hardshrink_p9_s1_uniform_any_ulp.csv precision=fp32 ulp=524151.12 us=2.87 ok=1
  [shard 1] 825 new (0 resumed-skip) — last: hardtanh hardtanh_p10_s3_uniform_any_ulp.csv precision=fp32 ulp=0.00 us=3.03 ok=1
  [shard 1] 850 new (0 resumed-skip) — last: i0 i0_n12d3_s1_uniform_rational_ulp.csv precision=fp32 ulp=265.00 us=4.11 ok=1
  [shard 1] 875 new (0 resumed-skip) — last: i0 i0_n9d4_s2_uniform_rational_ulp.csv precision=fp32 ulp=3127.00 us=5.71 ok=1
  [shard 1] 900 new (0 resumed-skip) — last: i1 i1_n14d1_s1_uniform_rational_ulp.csv precision=fp32 ulp=3617.00 us=3.65 ok=1
  [shard 1] 925 new (0 resumed-skip) — last: i1 i1_p5_s8_uniform_any_ulp.csv precision=fp32 ulp=2307.00 us=7.41 ok=1
  [shard 1] 950 new (0 resumed-skip) — last: identity identity_n6d3_s2_uniform_rational_ulp.csv precision=fp32 ulp=0.00 us=3.29 ok=1
  [shard 1] 975 new (0 resumed-skip) — last: identity identity_p5_s8_uniform_any_ulp.csv precision=fp32 ulp=0.00 us=4.79 ok=1
  [shard 1] 1000 new (0 resumed-skip) — last: lgamma lgamma_p12_s4_uniform_any_ulp.csv precision=fp32 ulp=66779.22 us=5.15 ok=1
  [shard 1] 1025 new (0 resumed-skip) — last: log10 log10_n7d7_s2_uniform_rational_mae.csv precision=fp32 ulp=9867953.50 us=8.67 ok=1
  [shard 1] 1050 new (0 resumed-skip) — last: log10 log10_p7_s1_uniform_any_ulp.csv precision=fp32 ulp=- us=FAILED ok=1
  [shard 1] 1075 new (0 resumed-skip) — last: log1p log1p_n6d1_s2_uniform_rational_ulp.csv precision=fp32 ulp=1927221.00 us=5.01 ok=1
  [shard 1] 1100 new (0 resumed-skip) — last: log1p log1p_p16_s1_uniform_any_ulp.csv precision=fp32 ulp=- us=FAILED ok=1
  [shard 1] 1125 new (0 resumed-skip) — last: log2 log2_p12_s32_uniform_any_ulp.csv precision=fp32 ulp=- us=FAILED ok=1
  [shard 1] 1150 new (0 resumed-skip) — last: log2 log2_p9_s2_uniform_any_ulp.csv precision=fp32 ulp=- us=FAILED ok=1
  [shard 1] 1175 new (0 resumed-skip) — last: log log_p5_s2_uniform_any_ulp.csv precision=fp32 ulp=165.00 us=3.23 ok=1
  [shard 1] 1200 new (0 resumed-skip) — last: logit logit_p14_s1_uniform_any_ulp.csv precision=fp32 ulp=216117.00 us=3.17 ok=1
  [shard 1] 1225 new (0 resumed-skip) — last: logsigmoid logsigmoid_n6d1_s2_uniform_rational_ulp.csv precision=fp32 ulp=10967.00 us=4.95 ok=1
  [shard 1] 1250 new (0 resumed-skip) — last: logsigmoid logsigmoid_p6_s2_uniform_any_ulp.csv precision=fp32 ulp=- us=FAILED ok=1
  [shard 1] 1275 new (0 resumed-skip) — last: mish mish_p2_s1_uniform_any_ulp.csv precision=fp32 ulp=10485680.00 us=2.87 ok=1
  [shard 1] 1300 new (0 resumed-skip) — last: multigammaln multigammaln_n4d1_s2_uniform_rational_ulp.csv precision=fp32 ulp=11543.75 us=4.38 ok=1
  [shard 1] 1325 new (0 resumed-skip) — last: multigammaln multigammaln_p2_s3_uniform_any_ulp.csv precision=fp32 ulp=69303.15 us=3.35 ok=1
  [shard 1] 1350 new (0 resumed-skip) — last: polygamma polygamma_p1_s8_uniform_any_ulp.csv precision=fp32 ulp=9401657.31 us=4.95 ok=1
  [shard 1] 1375 new (0 resumed-skip) — last: prelu prelu_p5_s16_uniform_any_ulp.csv precision=fp32 ulp=0.00 us=8.50 ok=1
  [shard 1] 1400 new (0 resumed-skip) — last: relu relu_p2_s1_uniform_any_ulp.csv precision=fp32 ulp=10485760.00 us=1.89 ok=1
  [shard 1] 1425 new (0 resumed-skip) — last: rsqrt rsqrt_n5d1_s2_uniform_rational_ulp.csv precision=fp32 ulp=16777042.48 us=4.69 ok=1
  [shard 1] 1450 new (0 resumed-skip) — last: rsqrt rsqrt_p4_s2_uniform_any_ulp.csv precision=fp32 ulp=47.00 us=3.04 ok=1
  [shard 1] 1475 new (0 resumed-skip) — last: selu selu_p9_s4_uniform_any_ulp.csv precision=fp32 ulp=14.62 us=4.26 ok=1
  [shard 1] 1500 new (0 resumed-skip) — last: sigmoid sigmoid_n6d5_s1_uniform_rational_ulp.csv precision=fp32 ulp=2164.00 us=4.11 ok=1
  [shard 1] 1525 new (0 resumed-skip) — last: sigmoid sigmoid_p16_s8_uniform_any_ulp.csv precision=fp32 ulp=- us=FAILED ok=1
  [shard 1] 1550 new (0 resumed-skip) — last: silu silu_n3d1_s1_uniform_rational_ulp.csv precision=fp32 ulp=6465458.00 us=3.26 ok=1
  [shard 1] 1575 new (0 resumed-skip) — last: silu silu_p8_s4_uniform_any_ulp.csv precision=fp32 ulp=11178.00 us=5.16 ok=1
  [shard 1] 1600 new (0 resumed-skip) — last: sin sin_p3_s8_uniform_any_ulp.csv precision=fp32 ulp=1662.50 us=8.65 ok=1
  [shard 1] 1625 new (0 resumed-skip) — last: sinh sinh_p10_s1_uniform_any_ulp.csv precision=fp32 ulp=404234.00 us=3.16 ok=1
  [shard 1] 1650 new (0 resumed-skip) — last: softplus softplus_n13d3_s1_uniform_rational_ulp.csv precision=fp32 ulp=2634.00 us=4.90 ok=1
  [shard 1] 1675 new (0 resumed-skip) — last: softplus softplus_p11_s1_uniform_any_ulp.csv precision=fp32 ulp=381944.00 us=3.32 ok=1
  [shard 1] 1700 new (0 resumed-skip) — last: softshrink softshrink_p6_s4_uniform_any_ulp.csv precision=fp32 ulp=0.00 us=3.21 ok=1
  [shard 1] 1725 new (0 resumed-skip) — last: softsign softsign_n6d3_s2_uniform_rational_ulp.csv precision=fp32 ulp=2.00 us=3.82 ok=1
  [shard 1] 1750 new (0 resumed-skip) — last: softsign softsign_p6_s8_uniform_any_ulp.csv precision=fp32 ulp=18676.00 us=7.16 ok=1
  [shard 1] 1775 new (0 resumed-skip) — last: sqrt sqrt_n6d6_s1_uniform_rational_ulp.csv precision=fp32 ulp=1150988.00 us=4.27 ok=1
  [shard 1] 1800 new (0 resumed-skip) — last: sqrt sqrt_p7_s1_uniform_any_ulp.csv precision=fp32 ulp=1.00 us=3.13 ok=1
  [shard 1] 1825 new (0 resumed-skip) — last: swish swish_p2_s1_uniform_any_ulp.csv precision=fp32 ulp=10485204.00 us=2.84 ok=1
  [shard 1] 1850 new (0 resumed-skip) — last: tan tan_p9_s2_uniform_any_mae.csv precision=fp32 ulp=56.00 us=5.73 ok=1
  [shard 1] 1875 new (0 resumed-skip) — last: tanh tanh_p3_s3_uniform_any_ulp.csv precision=fp32 ulp=6153351.00 us=3.37 ok=1
  [shard 1] 1900 new (0 resumed-skip) — last: tanhshrink tanhshrink_p6_s16_uniform_any_ulp.csv precision=fp32 ulp=502.00 us=11.40 ok=1
frontier_sweep shard 1 DONE: 1917 measured, 0 already-present. -> /home/ttuser/frontier_fp32_dispatch/results/20260625_082403/frontier_fp32_chip1.csv
