frontier_sweep: shard 0/4, 7666 candidate configs (precision=fp32, filter='all'), chip TT_VISIBLE_DEVICES=0, cache=/tmp/frontier_fp32_cache0, out=/home/ttuser/frontier_fp32_dispatch/results/20260625_082403/frontier_fp32_chip0.csv
  [shard 0] 25 new (0 resumed-skip) — last: abs abs_n7d6_s1_uniform_rational_ulp.csv precision=fp32 ulp=16777216.00 us=3.12 ok=1
  [shard 0] 50 new (0 resumed-skip) — last: abs abs_p7_s4_uniform_any_ulp.csv precision=fp32 ulp=0.00 us=3.47 ok=1
  [shard 0] 75 new (0 resumed-skip) — last: acos acos_n7d6_s1_uniform_rational_max.csv precision=fp32 ulp=2405.00 us=4.42 ok=1
  [shard 0] 100 new (0 resumed-skip) — last: acosh acosh_n10d3_s2_uniform_rational_ulp.csv precision=fp32 ulp=2993.00 us=7.04 ok=1
  [shard 0] 125 new (0 resumed-skip) — last: acosh acosh_n8d2_s2_uniform_rational_ulp.csv precision=fp32 ulp=32393.00 us=6.05 ok=1
  [shard 0] 150 new (0 resumed-skip) — last: asin asin_n12d1_s1_uniform_rational_ulp.csv precision=fp32 ulp=44300.00 us=3.41 ok=1
  [shard 0] 175 new (0 resumed-skip) — last: asin asin_p6_s4_uniform_any_ulp.csv precision=fp32 ulp=35768.00 us=4.77 ok=1
  [shard 0] 200 new (0 resumed-skip) — last: asinh asinh_p1_s8_uniform_any_ulp.csv precision=fp32 ulp=1420652.00 us=4.85 ok=1
  [shard 0] 225 new (0 resumed-skip) — last: atan atan_p7_s1_uniform_any_ulp.csv precision=fp32 ulp=26783.00 us=3.08 ok=1
  [shard 0] 250 new (0 resumed-skip) — last: atanh atanh_p2_s8_uniform_any_ulp.csv precision=fp32 ulp=2982112.00 us=5.69 ok=1
  [shard 0] 275 new (0 resumed-skip) — last: cbrt cbrt_n4d4_s1_uniform_rational_ulp.csv precision=fp32 ulp=25100227.00 us=3.70 ok=1
  [shard 0] 300 new (0 resumed-skip) — last: cbrt cbrt_p1_s3_uniform_any_mae.csv precision=fp32 ulp=14036.00 us=6.33 ok=1
  [shard 0] 325 new (0 resumed-skip) — last: celu celu_p2_s8_uniform_any_ulp.csv precision=fp32 ulp=87408.56 us=4.59 ok=1
  [shard 0] 350 new (0 resumed-skip) — last: cos cos_n4d3_s2_uniform_rational_ulp.csv precision=fp32 ulp=12.50 us=5.90 ok=1
  [shard 0] 375 new (0 resumed-skip) — last: cos cos_p3_s8_uniform_any_max.csv precision=fp32 ulp=6782.50 us=9.07 ok=1
  [shard 0] 400 new (0 resumed-skip) — last: cosh cosh_n4d3_s2_uniform_rational_ulp.csv precision=fp32 ulp=10159.00 us=4.96 ok=1
  [shard 0] 425 new (0 resumed-skip) — last: cosh cosh_p3_s32_uniform_any_ulp.csv precision=fp32 ulp=5689.00 us=22.63 ok=1
  [shard 0] 450 new (0 resumed-skip) — last: digamma digamma_n5d4_s1_uniform_rational_ulp.csv precision=fp32 ulp=5918.00 us=3.84 ok=1
  [shard 0] 475 new (0 resumed-skip) — last: digamma digamma_p16_s4_uniform_any_ulp.csv precision=fp32 ulp=2942199.00 us=5.67 ok=1
  [shard 0] 500 new (0 resumed-skip) — last: elu elu_p3_s32_uniform_any_max.csv precision=fp32 ulp=878.75 us=14.75 ok=1
  [shard 0] 525 new (0 resumed-skip) — last: erf erf_p10_s2_uniform_any_ulp.csv precision=fp32 ulp=2342049.50 us=3.62 ok=1
  [shard 0] 550 new (0 resumed-skip) — last: erfc erfc_n14d2_s2_uniform_rational_ulp.csv precision=fp32 ulp=16753425.96 us=7.83 ok=1
  [shard 0] 575 new (0 resumed-skip) — last: erfc erfc_p2_s4_uniform_any_ulp.csv precision=fp32 ulp=3017894.38 us=3.58 ok=1
  [shard 0] 600 new (0 resumed-skip) — last: erfinv erfinv_n9d7_s1_uniform_rational_ulp.csv precision=fp32 ulp=1694.00 us=3.66 ok=1
  [shard 0] 625 new (0 resumed-skip) — last: exp2 exp2_n7d4_s2_uniform_rational_ulp.csv precision=fp32 ulp=54465.00 us=6.11 ok=1
  [shard 0] 650 new (0 resumed-skip) — last: exp2 exp2_p2_s3_uniform_any_ulp.csv precision=fp32 ulp=28998.00 us=3.00 ok=1
  [shard 0] 675 new (0 resumed-skip) — last: exp exp_n1d1_s2_uniform_rational_ulp.csv precision=fp32 ulp=1183.00 us=5.34 ok=1
  [shard 0] 700 new (0 resumed-skip) — last: exp exp_p11_s32_uniform_any_ulp.csv precision=fp32 ulp=- us=FAILED ok=1
  [shard 0] 725 new (0 resumed-skip) — last: exp exp_p8_s1_uniform_any_ulp.csv precision=fp32 ulp=- us=FAILED ok=1
  [shard 0] 750 new (0 resumed-skip) — last: expm1 expm1_p5_s1_uniform_any_ulp.csv precision=fp32 ulp=- us=FAILED ok=1
  [shard 0] 775 new (0 resumed-skip) — last: hardmish hardmish_p13_s1_uniform_any_ulp.csv precision=fp32 ulp=10485760.00 us=1.88 ok=1
  [shard 0] 800 new (0 resumed-skip) — last: hardshrink hardshrink_p8_s4_uniform_any_ulp.csv precision=fp32 ulp=0.00 us=3.58 ok=1
  [shard 0] 825 new (0 resumed-skip) — last: hardtanh hardtanh_p10_s2_uniform_any_ulp.csv precision=fp32 ulp=722751.50 us=4.24 ok=1
  [shard 0] 850 new (0 resumed-skip) — last: i0 i0_n12d2_s2_uniform_rational_ulp.csv precision=fp32 ulp=264.00 us=6.27 ok=1
  [shard 0] 875 new (0 resumed-skip) — last: i0 i0_n9d4_s1_uniform_rational_ulp.csv precision=fp32 ulp=3123.00 us=3.85 ok=1
  [shard 0] 900 new (0 resumed-skip) — last: i1 i1_n14d14_s1_uniform_rational_ulp.csv precision=fp32 ulp=5.00 us=4.48 ok=1
  [shard 0] 925 new (0 resumed-skip) — last: i1 i1_p5_s4_uniform_any_ulp.csv precision=fp32 ulp=79198.79 us=3.82 ok=1
  [shard 0] 950 new (0 resumed-skip) — last: identity identity_n6d3_s1_uniform_rational_ulp.csv precision=fp32 ulp=0.00 us=3.07 ok=1
  [shard 0] 975 new (0 resumed-skip) — last: identity identity_p5_s4_uniform_any_ulp.csv precision=fp32 ulp=0.00 us=3.31 ok=1
  [shard 0] 1000 new (0 resumed-skip) — last: lgamma lgamma_p12_s3_uniform_any_ulp.csv precision=fp32 ulp=66779.22 us=4.22 ok=1
  [shard 0] 1025 new (0 resumed-skip) — last: log10 log10_n4d4_s1_uniform_rational_ulp.csv precision=fp32 ulp=9867953.00 us=4.79 ok=1
  [shard 0] 1050 new (0 resumed-skip) — last: log10 log10_p7_s16_uniform_any_ulp.csv precision=fp32 ulp=- us=FAILED ok=1
  [shard 0] 1075 new (0 resumed-skip) — last: log1p log1p_n6d1_s1_uniform_rational_ulp.csv precision=fp32 ulp=4296073.00 us=3.59 ok=1
  [shard 0] 1100 new (0 resumed-skip) — last: log1p log1p_p16_s16_uniform_any_ulp.csv precision=fp32 ulp=- us=FAILED ok=1
  [shard 0] 1125 new (0 resumed-skip) — last: log2 log2_p12_s2_uniform_any_ulp.csv precision=fp32 ulp=- us=FAILED ok=1
  [shard 0] 1150 new (0 resumed-skip) — last: log2 log2_p9_s1_uniform_any_ulp.csv precision=fp32 ulp=- us=FAILED ok=1
  [shard 0] 1175 new (0 resumed-skip) — last: log log_p5_s1_uniform_fpminimax_ulp.csv precision=fp32 ulp=165.00 us=3.26 ok=1
  [shard 0] 1200 new (0 resumed-skip) — last: logit logit_p13_s1_uniform_any_ulp.csv precision=fp32 ulp=216117.00 us=3.20 ok=1
  [shard 0] 1225 new (0 resumed-skip) — last: logsigmoid logsigmoid_n6d1_s1_uniform_rational_ulp.csv precision=fp32 ulp=2537766.50 us=3.56 ok=1
  [shard 0] 1250 new (0 resumed-skip) — last: logsigmoid logsigmoid_p6_s1_uniform_any_ulp.csv precision=fp32 ulp=3120692.00 us=3.05 ok=1
  [shard 0] 1275 new (0 resumed-skip) — last: mish mish_p2_s16_uniform_any_ulp.csv precision=fp32 ulp=23563.62 us=12.54 ok=1
  [shard 0] 1300 new (0 resumed-skip) — last: multigammaln multigammaln_n4d1_s1_uniform_rational_ulp.csv precision=fp32 ulp=62999.00 us=3.37 ok=1
  [shard 0] 1325 new (0 resumed-skip) — last: multigammaln multigammaln_p2_s32_uniform_any_ulp.csv precision=fp32 ulp=1027.83 us=17.41 ok=1
  [shard 0] 1350 new (0 resumed-skip) — last: polygamma polygamma_p1_s4_uniform_any_ulp.csv precision=fp32 ulp=9740109.25 us=3.36 ok=1
  [shard 0] 1375 new (0 resumed-skip) — last: prelu prelu_p4_s8_uniform_any_ulp.csv precision=fp32 ulp=0.00 us=4.47 ok=1
  [shard 0] 1400 new (0 resumed-skip) — last: relu relu_p2_s16_uniform_any_ulp.csv precision=fp32 ulp=0.00 us=6.48 ok=1
  [shard 0] 1425 new (0 resumed-skip) — last: rsqrt rsqrt_n5d1_s1_uniform_rational_ulp.csv precision=fp32 ulp=16777098.60 us=3.48 ok=1
  [shard 0] 1450 new (0 resumed-skip) — last: rsqrt rsqrt_p4_s1_uniform_fpminimax_ulp.csv precision=fp32 ulp=47.00 us=3.02 ok=1
  [shard 0] 1475 new (0 resumed-skip) — last: selu selu_p9_s4_uniform_any_max.csv precision=fp32 ulp=19.38 us=4.16 ok=1
  [shard 0] 1500 new (0 resumed-skip) — last: sigmoid sigmoid_n6d4_s2_uniform_rational_ulp.csv precision=fp32 ulp=3006888.85 us=6.00 ok=1
  [shard 0] 1525 new (0 resumed-skip) — last: sigmoid sigmoid_p16_s4_uniform_any_ulp.csv precision=fp32 ulp=- us=FAILED ok=1
  [shard 0] 1550 new (0 resumed-skip) — last: silu silu_n2d2_s1_uniform_rational_ulp.csv precision=fp32 ulp=10098744.16 us=3.29 ok=1
  [shard 0] 1575 new (0 resumed-skip) — last: silu silu_p8_s3_uniform_any_ulp.csv precision=fp32 ulp=2387393.62 us=3.96 ok=1
  [shard 0] 1600 new (0 resumed-skip) — last: sin sin_p3_s4_uniform_any_ulp.csv precision=fp32 ulp=2422.50 us=5.44 ok=1
  [shard 0] 1625 new (0 resumed-skip) — last: sinh sinh_n9d8_s1_uniform_rational_ulp.csv precision=fp32 ulp=16.00 us=3.79 ok=1
  [shard 0] 1650 new (0 resumed-skip) — last: softplus softplus_n13d2_s2_uniform_rational_ulp.csv precision=fp32 ulp=5.00 us=7.60 ok=1
  [shard 0] 1675 new (0 resumed-skip) — last: softplus softplus_p10_s2_uniform_any_ulp.csv precision=fp32 ulp=7503.06 us=3.86 ok=1
  [shard 0] 1700 new (0 resumed-skip) — last: softshrink softshrink_p6_s3_uniform_any_ulp.csv precision=fp32 ulp=0.00 us=3.05 ok=1
  [shard 0] 1725 new (0 resumed-skip) — last: softsign softsign_n6d3_s1_uniform_rational_ulp.csv precision=fp32 ulp=22369281.00 us=3.21 ok=1
  [shard 0] 1750 new (0 resumed-skip) — last: softsign softsign_p6_s4_uniform_any_ulp.csv precision=fp32 ulp=153963.00 us=4.62 ok=1
  [shard 0] 1775 new (0 resumed-skip) — last: sqrt sqrt_n6d5_s2_uniform_rational_ulp.csv precision=fp32 ulp=1456764.00 us=6.38 ok=1
  [shard 0] 1800 new (0 resumed-skip) — last: sqrt sqrt_p6_s8_uniform_any_ulp.csv precision=fp32 ulp=1.00 us=3.07 ok=1
  [shard 0] 1825 new (0 resumed-skip) — last: swish swish_p2_s16_uniform_any_ulp.csv precision=fp32 ulp=10032.44 us=10.07 ok=1
  [shard 0] 1850 new (0 resumed-skip) — last: tan tan_p9_s1_uniform_any_ulp.csv precision=fp32 ulp=17.00 us=4.00 ok=1
  [shard 0] 1875 new (0 resumed-skip) — last: tanh tanh_p3_s32_uniform_any_ulp.csv precision=fp32 ulp=15007.00 us=17.15 ok=1
  [shard 0] 1900 new (0 resumed-skip) — last: tanhshrink tanhshrink_p5_s8_uniform_any_ulp.csv precision=fp32 ulp=114698.50 us=6.78 ok=1
frontier_sweep shard 0 DONE: 1917 measured, 0 already-present. -> /home/ttuser/frontier_fp32_dispatch/results/20260625_082403/frontier_fp32_chip0.csv
