frontier_sweep: shard 3/4, 7666 candidate configs (precision=fp32, filter='all'), chip TT_VISIBLE_DEVICES=3, cache=/tmp/frontier_fp32_cache3, out=/home/ttuser/frontier_fp32_dispatch/results/20260625_082403/frontier_fp32_chip3.csv
  [shard 3] 25 new (0 resumed-skip) — last: abs abs_n7d7_s2_uniform_rational_ulp.csv precision=fp32 ulp=0.00 us=3.49 ok=1
  [shard 3] 50 new (0 resumed-skip) — last: abs abs_p8_s2_uniform_any_ulp.csv precision=fp32 ulp=0.00 us=3.07 ok=1
  [shard 3] 75 new (0 resumed-skip) — last: acos acos_n7d7_s1_uniform_rational_max.csv precision=fp32 ulp=621.81 us=4.59 ok=1
  [shard 3] 100 new (0 resumed-skip) — last: acosh acosh_n10d5_s1_uniform_rational_ulp.csv precision=fp32 ulp=5543.75 us=4.75 ok=1
  [shard 3] 125 new (0 resumed-skip) — last: acosh acosh_n8d4_s1_uniform_rational_ulp.csv precision=fp32 ulp=2402.00 us=4.26 ok=1
  [shard 3] 150 new (0 resumed-skip) — last: asin asin_n12d4_s1_uniform_rational_ulp.csv precision=fp32 ulp=303.00 us=3.65 ok=1
  [shard 3] 175 new (0 resumed-skip) — last: asin asin_p7_s2_uniform_any_ulp.csv precision=fp32 ulp=137564.00 us=3.40 ok=1
  [shard 3] 200 new (0 resumed-skip) — last: asinh asinh_p2_s2_uniform_any_ulp.csv precision=fp32 ulp=4796564.00 us=2.95 ok=1
  [shard 3] 225 new (0 resumed-skip) — last: atan atan_p7_s4_uniform_any_ulp.csv precision=fp32 ulp=270.00 us=5.13 ok=1
  [shard 3] 250 new (0 resumed-skip) — last: atanh atanh_p3_s2_uniform_any_ulp.csv precision=fp32 ulp=5492556.00 us=3.06 ok=1
  [shard 3] 275 new (0 resumed-skip) — last: cbrt cbrt_n5d1_s2_uniform_rational_ulp.csv precision=fp32 ulp=22182175.00 us=4.68 ok=1
  [shard 3] 300 new (0 resumed-skip) — last: cbrt cbrt_p1_s8_uniform_any_ulp.csv precision=fp32 ulp=62751.00 us=4.89 ok=1
  [shard 3] 325 new (0 resumed-skip) — last: celu celu_p3_s2_uniform_any_ulp.csv precision=fp32 ulp=222192.88 us=3.06 ok=1
  [shard 3] 350 new (0 resumed-skip) — last: cos cos_n5d1_s1_uniform_rational_ulp.csv precision=fp32 ulp=31242.50 us=4.00 ok=1
  [shard 3] 375 new (0 resumed-skip) — last: cos cos_p4_s1_uniform_any_ulp.csv precision=fp32 ulp=8388608.00 us=3.28 ok=1
  [shard 3] 400 new (0 resumed-skip) — last: cosh cosh_n5d1_s1_uniform_rational_ulp.csv precision=fp32 ulp=8863780.50 us=3.46 ok=1
  [shard 3] 425 new (0 resumed-skip) — last: cosh cosh_p3_s8_uniform_any_ulp.csv precision=fp32 ulp=135239.00 us=6.75 ok=1
  [shard 3] 450 new (0 resumed-skip) — last: digamma digamma_n5d5_s1_uniform_rational_ulp.csv precision=fp32 ulp=9360.00 us=3.97 ok=1
  [shard 3] 475 new (0 resumed-skip) — last: digamma digamma_p1_s1_uniform_any_ulp.csv precision=fp32 ulp=13186467.93 us=2.84 ok=1
  [shard 3] 500 new (0 resumed-skip) — last: elu elu_p3_s4_uniform_any_ulp.csv precision=fp32 ulp=67839.25 us=3.32 ok=1
  [shard 3] 525 new (0 resumed-skip) — last: erf erf_p12_s1_uniform_any_ulp.csv precision=fp32 ulp=1752569.50 us=3.30 ok=1
  [shard 3] 550 new (0 resumed-skip) — last: erfc erfc_n1d1_s2_uniform_rational_ulp.csv precision=fp32 ulp=4193901.66 us=3.51 ok=1
  [shard 3] 575 new (0 resumed-skip) — last: erfc erfc_p3_s1_uniform_any_ulp.csv precision=fp32 ulp=8388589.09 us=2.96 ok=1
  [shard 3] 600 new (0 resumed-skip) — last: erfinv erfinv_p1_s1_uniform_any_ulp.csv precision=fp32 ulp=5470553.00 us=2.81 ok=1
  [shard 3] 625 new (0 resumed-skip) — last: exp2 exp2_n7d6_s1_uniform_rational_ulp.csv precision=fp32 ulp=5015.00 us=4.32 ok=1
  [shard 3] 650 new (0 resumed-skip) — last: exp2 exp2_p3_s16_uniform_any_ulp.csv precision=fp32 ulp=1341.00 us=3.05 ok=1
  [shard 3] 675 new (0 resumed-skip) — last: exp exp_n2d1_s1_uniform_rational_ulp.csv precision=fp32 ulp=16684503.55 us=3.17 ok=1
  [shard 3] 700 new (0 resumed-skip) — last: exp exp_p11_s8_uniform_any_ulp.csv precision=fp32 ulp=- us=FAILED ok=1
  [shard 3] 725 new (0 resumed-skip) — last: exp exp_p8_s3_uniform_any_ulp.csv precision=fp32 ulp=- us=FAILED ok=1
  [shard 3] 750 new (0 resumed-skip) — last: expm1 expm1_p5_s32_uniform_any_ulp.csv precision=fp32 ulp=- us=FAILED ok=1
  [shard 3] 775 new (0 resumed-skip) — last: hardmish hardmish_p16_s1_uniform_any_ulp.csv precision=fp32 ulp=10485760.00 us=1.87 ok=1
  [shard 3] 800 new (0 resumed-skip) — last: hardshrink hardshrink_p9_s3_uniform_any_ulp.csv precision=fp32 ulp=0.00 us=3.37 ok=1
  [shard 3] 825 new (0 resumed-skip) — last: hardtanh hardtanh_p11_s1_uniform_any_ulp.csv precision=fp32 ulp=8388608.00 us=2.82 ok=1
  [shard 3] 850 new (0 resumed-skip) — last: i0 i0_n12d4_s1_uniform_rational_ulp.csv precision=fp32 ulp=11.00 us=4.26 ok=1
  [shard 3] 875 new (0 resumed-skip) — last: i0 i0_n9d5_s2_uniform_rational_ulp.csv precision=fp32 ulp=3127.00 us=5.72 ok=1
  [shard 3] 900 new (0 resumed-skip) — last: i1 i1_n15d14_s1_uniform_rational_mae.csv precision=fp32 ulp=6.00 us=4.63 ok=1
  [shard 3] 925 new (0 resumed-skip) — last: i1 i1_p6_s1_uniform_any_ulp.csv precision=fp32 ulp=10940368.00 us=2.83 ok=1
  [shard 3] 950 new (0 resumed-skip) — last: identity identity_n6d4_s2_uniform_rational_ulp.csv precision=fp32 ulp=0.00 us=3.38 ok=1
  [shard 3] 975 new (0 resumed-skip) — last: identity identity_p6_s1_uniform_any_ulp.csv precision=fp32 ulp=0.00 us=1.89 ok=1
  [shard 3] 1000 new (0 resumed-skip) — last: lgamma lgamma_p13_s16_uniform_any_ulp.csv precision=fp32 ulp=66779.22 us=14.58 ok=1
  [shard 3] 1025 new (0 resumed-skip) — last: log10 log10_p10_s1_uniform_any_ulp.csv precision=fp32 ulp=- us=FAILED ok=1
  [shard 3] 1050 new (0 resumed-skip) — last: log10 log10_p7_s2_uniform_any_ulp.csv precision=fp32 ulp=- us=FAILED ok=1
  [shard 3] 1075 new (0 resumed-skip) — last: log1p log1p_n6d2_s2_uniform_rational_ulp.csv precision=fp32 ulp=590585.00 us=5.33 ok=1
  [shard 3] 1100 new (0 resumed-skip) — last: log1p log1p_p16_s32_uniform_any_ulp.csv precision=fp32 ulp=- us=FAILED ok=1
  [shard 3] 1125 new (0 resumed-skip) — last: log2 log2_p12_s4_uniform_any_ulp.csv precision=fp32 ulp=- us=FAILED ok=1
  [shard 3] 1150 new (0 resumed-skip) — last: log2 log2_p9_s3_uniform_any_ulp.csv precision=fp32 ulp=- us=FAILED ok=1
  [shard 3] 1175 new (0 resumed-skip) — last: log log_p5_s3_uniform_any_ulp.csv precision=fp32 ulp=165.00 us=3.25 ok=1
  [shard 3] 1200 new (0 resumed-skip) — last: logit logit_p1_s16_uniform_any_ulp.csv precision=fp32 ulp=858573.00 us=9.08 ok=1
  [shard 3] 1225 new (0 resumed-skip) — last: logsigmoid logsigmoid_n6d2_s2_uniform_rational_ulp.csv precision=fp32 ulp=474.12 us=5.28 ok=1
  [shard 3] 1250 new (0 resumed-skip) — last: logsigmoid logsigmoid_p6_s3_uniform_any_ulp.csv precision=fp32 ulp=- us=FAILED ok=1
  [shard 3] 1275 new (0 resumed-skip) — last: mish mish_p2_s32_uniform_any_ulp.csv precision=fp32 ulp=2010.69 us=20.97 ok=1
  [shard 3] 1300 new (0 resumed-skip) — last: multigammaln multigammaln_n4d2_s2_uniform_rational_ulp.csv precision=fp32 ulp=1257.25 us=4.69 ok=1
  [shard 3] 1325 new (0 resumed-skip) — last: multigammaln multigammaln_p2_s8_uniform_any_ulp.csv precision=fp32 ulp=15308.93 us=5.80 ok=1
  [shard 3] 1350 new (0 resumed-skip) — last: polygamma polygamma_p2_s1_uniform_any_ulp.csv precision=fp32 ulp=10027834.09 us=2.81 ok=1
  [shard 3] 1375 new (0 resumed-skip) — last: prelu prelu_p5_s2_uniform_any_ulp.csv precision=fp32 ulp=0.00 us=2.99 ok=1
  [shard 3] 1400 new (0 resumed-skip) — last: relu relu_p2_s32_uniform_any_ulp.csv precision=fp32 ulp=0.00 us=11.75 ok=1
  [shard 3] 1425 new (0 resumed-skip) — last: rsqrt rsqrt_n5d2_s2_uniform_rational_ulp.csv precision=fp32 ulp=16840646.15 us=5.01 ok=1
  [shard 3] 1450 new (0 resumed-skip) — last: rsqrt rsqrt_p4_s3_uniform_any_ulp.csv precision=fp32 ulp=47.00 us=3.02 ok=1
  [shard 3] 1475 new (0 resumed-skip) — last: sigmoid_accurate sigmoid_accurate_n6d5_s1_uniform_rational_ulp.csv precision=fp32 ulp=2164.00 us=4.11 ok=1
  [shard 3] 1500 new (0 resumed-skip) — last: sigmoid sigmoid_n6d6_s1_uniform_rational_ulp.csv precision=fp32 ulp=357.00 us=4.27 ok=1
  [shard 3] 1525 new (0 resumed-skip) — last: sigmoid sigmoid_p1_s1_uniform_any_ulp.csv precision=fp32 ulp=126972.00 us=3.28 ok=1
  [shard 3] 1550 new (0 resumed-skip) — last: silu silu_n3d3_s1_uniform_rational_ulp.csv precision=fp32 ulp=4379504.00 us=3.47 ok=1
  [shard 3] 1575 new (0 resumed-skip) — last: silu silu_p9_s2_uniform_any_ulp.csv precision=fp32 ulp=4554.78 us=4.04 ok=1
  [shard 3] 1600 new (0 resumed-skip) — last: sin sin_p4_s1_uniform_any_ulp.csv precision=fp32 ulp=68467.00 us=3.42 ok=1
  [shard 3] 1625 new (0 resumed-skip) — last: sinh sinh_p10_s3_uniform_any_ulp.csv precision=fp32 ulp=404365.00 us=4.61 ok=1
  [shard 3] 1650 new (0 resumed-skip) — last: softplus softplus_n14d1_s1_uniform_rational_ulp.csv precision=fp32 ulp=130161.00 us=4.74 ok=1
  [shard 3] 1675 new (0 resumed-skip) — last: softplus softplus_p13_s1_uniform_any_ulp.csv precision=fp32 ulp=381944.00 us=3.29 ok=1
  [shard 3] 1700 new (0 resumed-skip) — last: softshrink softshrink_p7_s2_uniform_any_ulp.csv precision=fp32 ulp=524288.00 us=3.01 ok=1
  [shard 3] 1725 new (0 resumed-skip) — last: softsign softsign_n6d4_s2_uniform_rational_ulp.csv precision=fp32 ulp=2.00 us=3.82 ok=1
  [shard 3] 1750 new (0 resumed-skip) — last: softsign softsign_p7_s2_uniform_any_ulp.csv precision=fp32 ulp=391248.00 us=3.67 ok=1
  [shard 3] 1775 new (0 resumed-skip) — last: sqrt sqrt_n7d1_s1_uniform_rational_ulp.csv precision=fp32 ulp=20106868.50 us=3.68 ok=1
  [shard 3] 1800 new (0 resumed-skip) — last: sqrt sqrt_p7_s2_uniform_any_ulp.csv precision=fp32 ulp=1.00 us=3.10 ok=1
  [shard 3] 1825 new (0 resumed-skip) — last: swish swish_p2_s32_uniform_any_ulp.csv precision=fp32 ulp=1110.50 us=18.50 ok=1
  [shard 3] 1850 new (0 resumed-skip) — last: tan tan_p9_s2_uniform_any_ulp.csv precision=fp32 ulp=17.00 us=5.06 ok=1
  [shard 3] 1875 new (0 resumed-skip) — last: tanh tanh_p3_s8_uniform_any_ulp.csv precision=fp32 ulp=328920.00 us=6.07 ok=1
  [shard 3] 1900 new (0 resumed-skip) — last: tanhshrink tanhshrink_p6_s2_uniform_any_ulp.csv precision=fp32 ulp=1514969.00 us=3.41 ok=1
frontier_sweep shard 3 DONE: 1916 measured, 0 already-present. -> /home/ttuser/frontier_fp32_dispatch/results/20260625_082403/frontier_fp32_chip3.csv
