2026-07-19 02:18:37.649 | DEBUG    | ttnn:<module>:79 - Initial ttnn.CONFIG:
Config{cache_path=/home/mvasiljevic/.cache/ttnn,model_cache_path=/home/mvasiljevic/.cache/ttnn/models,tmp_dir=/tmp/ttnn,enable_model_cache=false,enable_fast_runtime_mode=true,throw_exception_on_fallback=false,enable_logging=false,enable_graph_report=false,enable_graph_python_stack_traces=false,enable_detailed_buffer_report=false,enable_detailed_tensor_report=false,enable_comparison_mode=false,comparison_mode_should_raise_exception=false,comparison_mode_pcc=0.9999,root_report_path=generated/ttnn/reports,report_name=std::nullopt,std::nullopt}
============================= test session starts ==============================
platform linux -- Python 3.12.13, pytest-9.0.3, pluggy-1.6.0 -- /home/mvasiljevic/tt-metal/python_env/bin/python3
cachedir: .pytest_cache
benchmark: 5.2.3 (defaults: timer=time.perf_counter disable_gc=False min_rounds=5 min_time=0.000005 max_time=1.0 calibration_precision=10 warmup=False warmup_iterations=100000)
rootdir: /home/mvasiljevic/tt-metal
configfile: pytest.ini
plugins: github-actions-annotate-failures-0.3.0, anyio-4.14.2, dash-2.15.0, split-0.11.0, timeout-2.4.0, benchmark-5.2.3, cov-7.0.0
timeout: 300.0s
timeout method: signal
timeout func_only: False
collecting ... collected 1 item

models/autoports/mistralai_mistral_small_24b_instruct_2501/tests/test_multichip_decoder.py::test_multichip_two_layer_stacked_decode_layout_perf[blackhole-mesh_device0-device_params0] --------------------------------------------------------------------------
It appears as if there is not enough space for /dev/shm/sm_segment.23ff5195c3f7.1000.8c100000.0 (the shared-memory backing
file). It is likely that your MPI job will now either abort or experience
performance degradation.

  Local host:  23ff5195c3f7
  Space Requested: 16777216 B
  Space Available: 17539072 B
--------------------------------------------------------------------------
2026-07-19 02:18:39.943 | DEBUG    | ttnn.device:__init__:152 - Using default dispatch core type for this system: DispatchCoreType.WORKER
2026-07-19 02:18:39.943 | DEBUG    | ttnn.device:__init__:154 - Using default dispatch core axis for this system: DispatchCoreAxis.COL
2026-07-19 02:18:40.664 | DEBUG    | conftest:mesh_device:599 - multidevice with 4 devices is created
FAILED2026-07-19 02:19:06.265 | INFO     | conftest:pytest_runtest_teardown:1140 - In custom teardown, open device ids: {0, 1, 2, 3}


=================================== FAILURES ===================================
_ test_multichip_two_layer_stacked_decode_layout_perf[blackhole-mesh_device0-device_params0] _

mesh_device = MeshDevice(1x4 grid, 4 devices)

    @pytest.mark.parametrize("device_params", STACK_DEVICE_PARAMS, indirect=True)
    @pytest.mark.parametrize("mesh_device", MESH_PARAMS, indirect=True)
    def test_multichip_two_layer_stacked_decode_layout_perf(mesh_device):
        """Compare repeated public restores with a stack-compatible residual layout."""

        iterations = int(os.environ.get(PERF_ITERS_ENV, "50"))
        active_batch = int(os.environ.get(ACTIVE_BATCH_ENV, EMITTED_BATCH))
        assert 1 <= active_batch <= EMITTED_BATCH
        config = _config()
        state = _real_state()
        dense_kernel_family = os.environ.get(DENSE_KERNEL_FAMILY_ENV, "dram_sharded")
        mlp_projection_family = os.environ.get(MLP_PROJECTION_FAMILY_ENV, "separate")
        collective_family = os.environ.get(COLLECTIVE_FAMILY_ENV, "persistent")
        collective_dtype = os.environ.get(COLLECTIVE_DTYPE_ENV, "bfp8")
        decode_activation_dtype = os.environ.get(DECODE_ACTIVATION_DTYPE_ENV, "bf16")
        attention_activation_dtype = os.environ.get(ATTENTION_ACTIVATION_DTYPE_ENV)
        mlp_activation_dtype = os.environ.get(MLP_ACTIVATION_DTYPE_ENV)
        attention_geometry = _geometry_from_env(ATTENTION_GEOMETRY_ENV, 6)
        mlp_geometry = _geometry_from_env(MLP_GEOMETRY_ENV, 5)
        attention_weight_dtype = _weight_dtype_from_env(ATTENTION_WEIGHT_DTYPE_ENV)
        mlp_weight_dtype = _weight_dtype_from_env(MLP_WEIGHT_DTYPE_ENV)
        attention_fidelity = _fidelity_from_env(ATTENTION_FIDELITY_ENV)
        mlp_fidelity = _fidelity_from_env(MLP_FIDELITY_ENV)
        decoder_kwargs = {
            "dense_kernel_family": dense_kernel_family,
            "mlp_projection_family": mlp_projection_family,
            "collective_family": collective_family,
            "collective_dtype": collective_dtype,
            "decode_activation_dtype": decode_activation_dtype,
            "attention_activation_dtype": attention_activation_dtype,
            "mlp_activation_dtype": mlp_activation_dtype,
            "batch": active_batch,
        }
        for name, value in (
            ("attention_geometry", attention_geometry),
            ("mlp_geometry", mlp_geometry),
            ("attention_weight_dtype", attention_weight_dtype),
            ("mlp_weight_dtype", mlp_weight_dtype),
            ("attention_math_fidelity", attention_fidelity),
            ("mlp_math_fidelity", mlp_fidelity),
        ):
            if value is not None:
                decoder_kwargs[name] = value
        first = MultichipDecoder.from_state_dict(
            state,
            hf_config=config,
            layer_idx=LAYER_IDX,
            mesh_device=mesh_device,
            **decoder_kwargs,
        )
        second = MultichipDecoder.from_state_dict(
            state,
            hf_config=config,
            layer_idx=LAYER_IDX,
            mesh_device=mesh_device,
            shared_rope=first.shared_rope,
            shared_collective=first.shared_collective,
            **decoder_kwargs,
        )
        first_caches = _multichip_caches(config, mesh_device, batch=active_batch)
        second_caches = _multichip_caches(config, mesh_device, batch=active_batch)
        generator = torch.Generator().manual_seed(2514)
        hidden = torch.randn((1, active_batch, 1, config.hidden_size), generator=generator, dtype=torch.bfloat16)
        tt_hidden = _mesh_input(hidden, mesh_device)
        current_pos_tensor = _mesh_input(
            torch.full((active_batch,), EMITTED_PREFILL_SEQUENCE, dtype=torch.int32),
            mesh_device,
            layout=ttnn.ROW_MAJOR_LAYOUT,
            dtype=ttnn.int32,
        )

        def public_pair():
            output = first.decode_forward(tt_hidden, *first_caches, current_pos_tensor=current_pos_tensor)
            return second.decode_forward(output, *second_caches, current_pos_tensor=current_pos_tensor)

        stacked_input = first.prepare_decode_residual(tt_hidden)

        def stacked_pair():
            output = first.decode_forward_stacked(stacked_input, *first_caches, current_pos_tensor=current_pos_tensor)
            return second.decode_forward_stacked(output, *second_caches, current_pos_tensor=current_pos_tensor)

>       eager_public = public_pair()
                       ^^^^^^^^^^^^^

models/autoports/mistralai_mistral_small_24b_instruct_2501/tests/test_multichip_decoder.py:868:
_ _ _ _ _ _ _ _ _ _ _ _ _ _ _ _ _ _ _ _ _ _ _ _ _ _ _ _ _ _ _ _ _ _ _ _ _ _ _ _
models/autoports/mistralai_mistral_small_24b_instruct_2501/tests/test_multichip_decoder.py:859: in public_pair
    output = first.decode_forward(tt_hidden, *first_caches, current_pos_tensor=current_pos_tensor)
             ^^^^^^^^^^^^^^^^^^^^^^^^^^^^^^^^^^^^^^^^^^^^^^^^^^^^^^^^^^^^^^^^^^^^^^^^^^^^^^^^^^^^^
models/autoports/mistralai_mistral_small_24b_instruct_2501/tt/multichip_decoder.py:1385: in decode_forward
    return self.finish_decode_residual(hidden_states)
           ^^^^^^^^^^^^^^^^^^^^^^^^^^^^^^^^^^^^^^^^^^
_ _ _ _ _ _ _ _ _ _ _ _ _ _ _ _ _ _ _ _ _ _ _ _ _ _ _ _ _ _ _ _ _ _ _ _ _ _ _ _

self = <models.autoports.mistralai_mistral_small_24b_instruct_2501.tt.multichip_decoder.MultichipDecoder object at 0x77746fd54f80>
hidden_states = device_id: 3, MeshCoordinate([0, 0])
ttnn.Tensor([[[[-1.9375e+00,  1.4219e+00,  ...,  1.1035e-01, -8.2031e-01],
      ...e+00,  ...,  1.0840e-01, -8.2031e-01]]]], shape=Shape([1, 1, 32, 5120]), dtype=DataType::BFLOAT16, layout=Layout::TILE)

    def finish_decode_residual(self, hidden_states):
        """Restore the public decode tensor once after the final stacked layer."""

        expected = (1, 1, self.batch, self.hidden_size)
        if tuple(hidden_states.shape) != expected:
>           raise ValueError(f"stacked decode residual must have shape {expected}, got {tuple(hidden_states.shape)}")
E           ValueError: stacked decode residual must have shape (1, 1, 1, 5120), got (1, 1, 32, 5120)

models/autoports/mistralai_mistral_small_24b_instruct_2501/tt/multichip_decoder.py:967: ValueError
- generated xml file: /home/mvasiljevic/tt-metal/models/autoports/mistralai_mistral_small_24b_instruct_2501/doc/optimized_multichip_decoder/evidence/final_batch1_stack_decode_100.xml -
============================== slowest durations ===============================
25.42s call     models/autoports/mistralai_mistral_small_24b_instruct_2501/tests/test_multichip_decoder.py::test_multichip_two_layer_stacked_decode_layout_perf[blackhole-mesh_device0-device_params0]
1.44s setup    models/autoports/mistralai_mistral_small_24b_instruct_2501/tests/test_multichip_decoder.py::test_multichip_two_layer_stacked_decode_layout_perf[blackhole-mesh_device0-device_params0]
0.13s teardown models/autoports/mistralai_mistral_small_24b_instruct_2501/tests/test_multichip_decoder.py::test_multichip_two_layer_stacked_decode_layout_perf[blackhole-mesh_device0-device_params0]
=========================== short test summary info ============================
FAILED models/autoports/mistralai_mistral_small_24b_instruct_2501/tests/test_multichip_decoder.py::test_multichip_two_layer_stacked_decode_layout_perf[blackhole-mesh_device0-device_params0]
============================== 1 failed in 27.94s ==============================
nanobind: leaked 2 instances!
 - leaked instance 0x777475c38408 of type "ttnn._ttnn.tensor.MemoryConfig"
 - leaked instance 0x7774761edf68 of type "ttnn._ttnn.tensor.CoreRangeSet"
nanobind: leaked 21 types!
 - leaked type "ttnn._ttnn.operations.matmul.MatmulMultiCoreReuseMultiCast1DProgramConfig"
 - leaked type "FabricConfig"
 - leaked type "ttnn._ttnn.operations.matmul.MatmulInputs"
 - leaked type "ttnn._ttnn.operations.matmul.MatmulMultiCoreReuseMultiCastBatchedDRAMShardedProgramConfig"
 - leaked type "BufferType"
 - leaked type "UnaryOpType"
 - leaked type "Layout"
 - leaked type "ttnn._ttnn.operations.matmul.MatmulMultiCoreReuseOptimizedProgramFactory"
 - leaked type "Arch"
 - leaked type "ttnn._ttnn.operations.matmul.MatmulParams"
 - ... skipped remainder
nanobind: leaked 247 functions!
 - leaked function ""
 - leaked function ""
 - leaked function "sfpu_eps"
 - leaked function "__repr__"
 - leaked function ""
 - leaked function ""
 - leaked function "compute_output_specs"
 - leaked function ""
 - leaked function ""
 - leaked function "tensor_topology"
 - ... skipped remainder
nanobind: this is likely caused by a reference counting issue in the binding code.
See https://nanobind.readthedocs.io/en/latest/refleaks.html
