2026-07-19 02:26:24.342 | DEBUG    | ttnn:<module>:79 - Initial ttnn.CONFIG:
Config{cache_path=/home/mvasiljevic/.cache/ttnn,model_cache_path=/home/mvasiljevic/.cache/ttnn/models,tmp_dir=/tmp/ttnn,enable_model_cache=false,enable_fast_runtime_mode=true,throw_exception_on_fallback=false,enable_logging=false,enable_graph_report=false,enable_graph_python_stack_traces=false,enable_detailed_buffer_report=false,enable_detailed_tensor_report=false,enable_comparison_mode=false,comparison_mode_should_raise_exception=false,comparison_mode_pcc=0.9999,root_report_path=generated/ttnn/reports,report_name=std::nullopt,std::nullopt}
============================= test session starts ==============================
platform linux -- Python 3.12.13, pytest-9.0.3, pluggy-1.6.0 -- /home/mvasiljevic/tt-metal/python_env/bin/python3
cachedir: .pytest_cache
benchmark: 5.2.3 (defaults: timer=time.perf_counter disable_gc=False min_rounds=5 min_time=0.000005 max_time=1.0 calibration_precision=10 warmup=False warmup_iterations=100000)
rootdir: /home/mvasiljevic/tt-metal
configfile: pytest.ini
plugins: github-actions-annotate-failures-0.3.0, anyio-4.14.2, dash-2.15.0, split-0.11.0, timeout-2.4.0, benchmark-5.2.3, cov-7.0.0
timeout: 300.0s
timeout method: signal
timeout func_only: False
collecting ... collected 1 item

models/autoports/mistralai_mistral_small_24b_instruct_2501/tests/test_multichip_decoder.py::test_multichip_pcc_against_single_chip_optimized_baseline[blackhole-1-device_params0] --------------------------------------------------------------------------
It appears as if there is not enough space for /dev/shm/sm_segment.23ff5195c3f7.1000.2c6e0000.0 (the shared-memory backing
file). It is likely that your MPI job will now either abort or experience
performance degradation.

  Local host:  23ff5195c3f7
  Space Requested: 16777216 B
  Space Available: 17539072 B
--------------------------------------------------------------------------
2026-07-19 02:26:26.404 | DEBUG    | ttnn.device:__init__:152 - Using default dispatch core type for this system: DispatchCoreType.WORKER
2026-07-19 02:26:26.404 | DEBUG    | ttnn.device:__init__:154 - Using default dispatch core axis for this system: DispatchCoreAxis.COL
2026-07-19 02:26:27.072 | DEBUG    | conftest:mesh_device:599 - multidevice with 1 devices is created
2026-07-19 02:26:41.463 | critical |          Always | TT_FATAL: Invalid arguments to reshape (assert.hpp:104)
FAILED2026-07-19 02:26:41.620 | INFO     | conftest:pytest_runtest_teardown:1140 - In custom teardown, open device ids: {0, 1, 2, 3}


=================================== FAILURES ===================================
_ test_multichip_pcc_against_single_chip_optimized_baseline[blackhole-1-device_params0] _

mesh_device = MeshDevice(1x1 grid, 1 devices)

    @pytest.mark.parametrize("device_params", [_artifact_device_params()], indirect=True)
    @pytest.mark.parametrize("mesh_device", [_artifact_mesh_param()], indirect=True)
    def test_multichip_pcc_against_single_chip_optimized_baseline(mesh_device):
        artifact_text = os.environ.get(BASELINE_ARTIFACT_ENV)
        implementation = os.environ.get(BASELINE_IMPL_ENV)
        if not artifact_text or implementation not in {"optimized", "multichip"}:
            pytest.skip(f"Set {BASELINE_ARTIFACT_ENV} and {BASELINE_IMPL_ENV}=optimized|multichip")
        artifact_path = Path(artifact_text)
        config = _config()
        active_batch = int(os.environ.get(ACTIVE_BATCH_ENV, EMITTED_BATCH))
        assert 1 <= active_batch <= EMITTED_BATCH
        state = _real_state() if os.environ.get(BASELINE_REAL_ENV) == "1" else _synthetic_state(config)
        generator = torch.Generator().manual_seed(2512)
        prefill_hidden = torch.randn((1, active_batch, 17, config.hidden_size), generator=generator, dtype=torch.bfloat16)
        decode_hidden = torch.randn((1, active_batch, 1, config.hidden_size), generator=generator, dtype=torch.bfloat16)

        if implementation == "optimized":
            decoder = OptimizedDecoder.from_state_dict(
                state, hf_config=config, layer_idx=LAYER_IDX, mesh_device=mesh_device, batch=active_batch
            )
            key_cache, value_cache = _single_caches(config, mesh_device, batch=active_batch)
            prefill = decoder.prefill_forward(_single_input(prefill_hidden, mesh_device), key_cache, value_cache)
>           decode = decoder.decode_forward(
                _single_input(decode_hidden, mesh_device), key_cache, value_cache, current_pos=17
            )

models/autoports/mistralai_mistral_small_24b_instruct_2501/tests/test_multichip_decoder.py:621:
_ _ _ _ _ _ _ _ _ _ _ _ _ _ _ _ _ _ _ _ _ _ _ _ _ _ _ _ _ _ _ _ _ _ _ _ _ _ _ _
models/autoports/mistralai_mistral_small_24b_instruct_2501/tt/optimized_decoder.py:928: in decode_forward
    return ttnn.reshape(hidden_states, [1, self.batch, 1, self.hidden_size])
           ^^^^^^^^^^^^^^^^^^^^^^^^^^^^^^^^^^^^^^^^^^^^^^^^^^^^^^^^^^^^^^^^^
_ _ _ _ _ _ _ _ _ _ _ _ _ _ _ _ _ _ _ _ _ _ _ _ _ _ _ _ _ _ _ _ _ _ _ _ _ _ _ _

self = FastOperation(python_fully_qualified_name='ttnn.reshape', function=<ttnn._ttnn.operations.data_movement.reshape_t obje...<function default_postprocess_golden_function_outputs at 0x72cc0bd039c0>, is_cpp_operation=True, is_experimental=False)
function_args = (ttnn.Tensor([[[[ 1.0000e+00,  6.9824e-02,  ...,  3.7695e-01,  1.4609e+00],
               [ 1.9609e+00,  5.1562e-01, ...2e-01,  1.4766e+00]]]], shape=Shape([1, 1, 32, 5120]), dtype=DataType::BFLOAT16, layout=Layout::TILE), [1, 1, 1, 5120])
function_kwargs = {}, cq_id = None, recording = False

    def __call__(self, *function_args, **function_kwargs):
        cq_id = None
        if "queue_id" in function_kwargs:
            cq_id = function_kwargs.pop("queue_id")
        elif "cq_id" in function_kwargs:
            cq_id = function_kwargs.pop("cq_id")

        recording = ttnn.graph.is_python_io_recording_enabled()
        if recording:
            ttnn.graph.track_function_start(self.python_fully_qualified_name)
            ttnn.graph.record_python_operation(self.python_fully_qualified_name, function_args, function_kwargs)
            input_tensors = get_all_tensors((function_args, function_kwargs))
            set_tensor_id(input_tensors)

        try:
            if cq_id is None:
>               result = self.function(*function_args, **function_kwargs)
                         ^^^^^^^^^^^^^^^^^^^^^^^^^^^^^^^^^^^^^^^^^^^^^^^^
E               RuntimeError: TT_FATAL @ /home/mvasiljevic/tt-metal/ttnn/cpp/ttnn/operations/data_movement/reshape_view/reshape_common.cpp:50: new_volume == old_volume
E               info:
E               Invalid arguments to reshape
E               backtrace:
E                --- /home/mvasiljevic/tt-metal/ttnn/ttnn/_ttnn.so(+0x3c4ef2) [0x72cc593c4ef2]
E                --- ttnn::operations::data_movement::detail::infer_dims_for_reshape(tt::tt_metal::Tensor const&, std::span<int const, 18446744073709551615ul>)
E                --- ttnn::reshape(tt::tt_metal::Tensor const&, std::span<int const, 18446744073709551615ul>, std::optional<tt::tt_metal::MemoryConfig> const&, std::optional<std::variant<unsigned int, float> > const&, ttnn::TileReshapeMapMode, std::optional<tt::tt_metal::CoreRangeSet> const&, bool)
E                --- ttnn::operations::data_movement::detail::reshape_shape_vector_wrapper(tt::tt_metal::Tensor const&, ttsl::SmallVector<int, 8ul> const&, std::optional<tt::tt_metal::MemoryConfig> const&, std::optional<std::variant<unsigned int, float> > const&, ttnn::TileReshapeMapMode, std::optional<tt::tt_metal::CoreRangeSet> const&, bool)
E                --- /home/mvasiljevic/tt-metal/ttnn/ttnn/_ttnn.so(+0x7cc0b8) [0x72cc597cc0b8]
E                --- /home/mvasiljevic/tt-metal/ttnn/ttnn/_ttnn.so(+0x315575) [0x72cc59315575]
E                --- /home/mvasiljevic/tt-metal/python_env/bin/python3(_PyObject_Call_Prepend+0xa0) [0x18c69a0]
E                --- /home/mvasiljevic/tt-metal/python_env/bin/python3() [0x18c68da]
E                --- /home/mvasiljevic/tt-metal/python_env/bin/python3(_PyEval_EvalFrameDefault+0x65cb) [0x181940b]
E                --- /home/mvasiljevic/tt-metal/python_env/bin/python3(_PyObject_Call_Prepend+0xa0) [0x18c69a0]
E                --- /home/mvasiljevic/tt-metal/python_env/bin/python3() [0x18c68da]
E                --- /home/mvasiljevic/tt-metal/python_env/bin/python3(_PyEval_EvalFrameDefault+0x2fa8) [0x1815de8]
E                --- /home/mvasiljevic/tt-metal/python_env/bin/python3() [0x1ac8a22]
E                --- /home/mvasiljevic/tt-metal/python_env/bin/python3() [0x18c68da]
E                --- /home/mvasiljevic/tt-metal/python_env/bin/python3(_PyEval_EvalFrameDefault+0x2fa8) [0x1815de8]
E                --- /home/mvasiljevic/tt-metal/python_env/bin/python3() [0x1ac8a22]
E                --- /home/mvasiljevic/tt-metal/python_env/bin/python3() [0x18c68da]
E                --- /home/mvasiljevic/tt-metal/python_env/bin/python3(_PyEval_EvalFrameDefault+0x65cb) [0x181940b]
E                --- /home/mvasiljevic/tt-metal/python_env/bin/python3() [0x1ac8a22]
E                --- /home/mvasiljevic/tt-metal/python_env/bin/python3() [0x18c68da]
E                --- /home/mvasiljevic/tt-metal/python_env/bin/python3(_PyEval_EvalFrameDefault+0x2fa8) [0x1815de8]
E                --- /home/mvasiljevic/tt-metal/python_env/bin/python3() [0x1ac8a22]
E                --- /home/mvasiljevic/tt-metal/python_env/bin/python3() [0x18c68da]
E                --- /home/mvasiljevic/tt-metal/python_env/bin/python3(_PyEval_EvalFrameDefault+0x2fa8) [0x1815de8]
E                --- /home/mvasiljevic/tt-metal/python_env/bin/python3() [0x1ac8a22]
E                --- /home/mvasiljevic/tt-metal/python_env/bin/python3() [0x18c68da]
E                --- /home/mvasiljevic/tt-metal/python_env/bin/python3(_PyEval_EvalFrameDefault+0x2fa8) [0x1815de8]
E                --- /home/mvasiljevic/tt-metal/python_env/bin/python3(PyEval_EvalCode+0xde) [0x18931a0]
E                --- /home/mvasiljevic/tt-metal/python_env/bin/python3() [0x18b12c9]
E                --- /home/mvasiljevic/tt-metal/python_env/bin/python3() [0x1a2b145]
E                --- /home/mvasiljevic/tt-metal/python_env/bin/python3(_PyRun_SimpleFileObject+0x106) [0x1a2af06]
E                --- /home/mvasiljevic/tt-metal/python_env/bin/python3(_PyRun_AnyFileObject+0x4a) [0x1a2ac8a]
E                --- /home/mvasiljevic/tt-metal/python_env/bin/python3() [0x1a2ac10]
E                --- /home/mvasiljevic/tt-metal/python_env/bin/python3() [0x1a2ab1d]
E                --- /home/mvasiljevic/tt-metal/python_env/bin/python3() [0x1ae1fe3]
E                --- /home/mvasiljevic/tt-metal/python_env/bin/python3() [0x198c298]
E                --- /home/mvasiljevic/tt-metal/python_env/bin/python3() [0x198c0ac]
E                --- /lib/x86_64-linux-gnu/libc.so.6(+0x2a1ca) [0x72cc9fae81ca]
E                --- /lib/x86_64-linux-gnu/libc.so.6(__libc_start_main+0x8b) [0x72cc9fae828b]
E                --- /home/mvasiljevic/tt-metal/python_env/bin/python3(_start+0x29) [0x19a4a69]

ttnn/ttnn/decorators.py:473: RuntimeError
- generated xml file: /home/mvasiljevic/tt-metal/models/autoports/mistralai_mistral_small_24b_instruct_2501/doc/optimized_multichip_decoder/evidence/final_batch1_real_tp1_export.xml -
============================== slowest durations ===============================
14.39s call     models/autoports/mistralai_mistral_small_24b_instruct_2501/tests/test_multichip_decoder.py::test_multichip_pcc_against_single_chip_optimized_baseline[blackhole-1-device_params0]
1.38s setup    models/autoports/mistralai_mistral_small_24b_instruct_2501/tests/test_multichip_decoder.py::test_multichip_pcc_against_single_chip_optimized_baseline[blackhole-1-device_params0]
0.12s teardown models/autoports/mistralai_mistral_small_24b_instruct_2501/tests/test_multichip_decoder.py::test_multichip_pcc_against_single_chip_optimized_baseline[blackhole-1-device_params0]
=========================== short test summary info ============================
FAILED models/autoports/mistralai_mistral_small_24b_instruct_2501/tests/test_multichip_decoder.py::test_multichip_pcc_against_single_chip_optimized_baseline[blackhole-1-device_params0]
============================== 1 failed in 16.58s ==============================
nanobind: leaked 2 instances!
 - leaked instance 0x72cc0bc18408 of type "ttnn._ttnn.tensor.MemoryConfig"
 - leaked instance 0x72cc0c3b5db8 of type "ttnn._ttnn.tensor.CoreRangeSet"
nanobind: leaked 20 types!
 - leaked type "ttnn._ttnn.operations.matmul.MatmulMultiCoreReuseMultiCast1DProgramConfig"
 - leaked type "ttnn._ttnn.operations.matmul.MatmulInputs"
 - leaked type "ttnn._ttnn.operations.matmul.MatmulMultiCoreReuseMultiCastBatchedDRAMShardedProgramConfig"
 - leaked type "BufferType"
 - leaked type "UnaryOpType"
 - leaked type "Layout"
 - leaked type "ttnn._ttnn.operations.matmul.MatmulMultiCoreReuseOptimizedProgramFactory"
 - leaked type "Arch"
 - leaked type "ttnn._ttnn.operations.matmul.MatmulParams"
 - leaked type "ttnn._ttnn.tensor.CoreRangeSet"
 - ... skipped remainder
nanobind: leaked 247 functions!
 - leaked function ""
 - leaked function "is_allocated"
 - leaked function "__init__"
 - leaked function ""
 - leaked function "pad_to_tile"
 - leaked function "get_current_command_queue_id_for_thread"
 - leaked function ""
 - leaked function ""
 - leaked function ""
 - leaked function "__repr__"
 - ... skipped remainder
nanobind: this is likely caused by a reference counting issue in the binding code.
See https://nanobind.readthedocs.io/en/latest/refleaks.html
