2026-07-19 02:39:47.811 | INFO     | __main__:main:189 - Setting profiler artifacts folder to /home/mvasiljevic/tt-metal/models/autoports/mistralai_mistral_small_24b_instruct_2501/doc/optimized_multichip_decoder/tracy/final_batch1_internal_stacked_prefill_bf16
2026-07-19 02:39:47.812 | INFO     | __main__:main:395 - Using port 8086
2026-07-19 02:39:47.812 | INFO     | tracy:run_report_setup:91 - Verifying tracy profiling tools
2026-07-19 02:39:47.814 | INFO     | tracy:run_report_setup:112 - Capture command: ('/home/mvasiljevic/tt-metal/build/tools/profiler/bin/tracy-capture -o /home/mvasiljevic/tt-metal/models/autoports/mistralai_mistral_small_24b_instruct_2501/doc/optimized_multichip_decoder/tracy/final_batch1_internal_stacked_prefill_bf16/.logs/tracy_profile_log_host.tracy -f -p 8086',)
Connecting to 127.0.0.1:8086...2026-07-19 02:39:47.819 | INFO     | __main__:main:413 - Test process started
2026-07-19 02:39:48.520 | INFO     | __main__:main:189 - Setting profiler artifacts folder to /home/mvasiljevic/tt-metal/models/autoports/mistralai_mistral_small_24b_instruct_2501/doc/optimized_multichip_decoder/tracy/final_batch1_internal_stacked_prefill_bf16
2026-07-19 02:39:48.752 | DEBUG    | ttnn:<module>:79 - Initial ttnn.CONFIG:
Config{cache_path=/home/mvasiljevic/.cache/ttnn,model_cache_path=/home/mvasiljevic/.cache/ttnn/models,tmp_dir=/tmp/ttnn,enable_model_cache=false,enable_fast_runtime_mode=true,throw_exception_on_fallback=false,enable_logging=false,enable_graph_report=false,enable_graph_python_stack_traces=false,enable_detailed_buffer_report=false,enable_detailed_tensor_report=false,enable_comparison_mode=false,comparison_mode_should_raise_exception=false,comparison_mode_pcc=0.9999,root_report_path=generated/ttnn/reports,report_name=std::nullopt,std::nullopt}
============================= test session starts ==============================
platform linux -- Python 3.12.13, pytest-9.0.3, pluggy-1.6.0 -- /home/mvasiljevic/tt-metal/python_env/bin/python
cachedir: .pytest_cache
benchmark: 5.2.3 (defaults: timer=time.perf_counter disable_gc=False min_rounds=5 min_time=0.000005 max_time=1.0 calibration_precision=10 warmup=False warmup_iterations=100000)
rootdir: /home/mvasiljevic/tt-metal
configfile: pytest.ini
plugins: github-actions-annotate-failures-0.3.0, anyio-4.14.2, dash-2.15.0, split-0.11.0, timeout-2.4.0, benchmark-5.2.3, cov-7.0.0
timeout: 300.0s
timeout method: signal
timeout func_only: False
collecting ... collected 1 item

models/autoports/mistralai_mistral_small_24b_instruct_2501/tests/test_multichip_decoder.py::test_multichip_profile_internal_stacked_prefill[blackhole-mesh_device0-device_params0] --------------------------------------------------------------------------
It appears as if there is not enough space for /dev/shm/sm_segment.23ff5195c3f7.1000.c6dd0000.0 (the shared-memory backing
file). It is likely that your MPI job will now either abort or experience
performance degradation.

  Local host:  23ff5195c3f7
  Space Requested: 16777216 B
  Space Available: 17539072 B
--------------------------------------------------------------------------
2026-07-19 02:39:51.792 | DEBUG    | ttnn.device:__init__:152 - Using default dispatch core type for this system: DispatchCoreType.WORKER
2026-07-19 02:39:51.792 | DEBUG    | ttnn.device:__init__:154 - Using default dispatch core axis for this system: DispatchCoreAxis.COL
2026-07-19 02:39:52.553 | DEBUG    | conftest:mesh_device:599 - multidevice with 4 devices is created
SKIPPED

- generated xml file: /home/mvasiljevic/tt-metal/models/autoports/mistralai_mistral_small_24b_instruct_2501/doc/optimized_multichip_decoder/evidence/final_batch1_internal_stacked_prefill_bf16_tracy.xml -
============================== slowest durations ===============================
1.52s setup    models/autoports/mistralai_mistral_small_24b_instruct_2501/tests/test_multichip_decoder.py::test_multichip_profile_internal_stacked_prefill[blackhole-mesh_device0-device_params0]
0.22s teardown models/autoports/mistralai_mistral_small_24b_instruct_2501/tests/test_multichip_decoder.py::test_multichip_profile_internal_stacked_prefill[blackhole-mesh_device0-device_params0]

(1 durations < 0.005s hidden.  Use -vv to show these durations.)
=========================== short test summary info ============================
SKIPPED [1] models/autoports/mistralai_mistral_small_24b_instruct_2501/tests/test_multichip_decoder.py:1052: Set MISTRAL_SMALL_24B_MULTICHIP_PROFILE_STACKED_PREFILL=1 to profile stacked prefill
============================== 1 skipped in 2.78s ==============================
nanobind: leaked 2 instances!
 - leaked instance 0x7643558604c8 of type "ttnn._ttnn.tensor.MemoryConfig"
 - leaked instance 0x764378405f08 of type "ttnn._ttnn.tensor.CoreRangeSet"
nanobind: leaked 21 types!
 - leaked type "ttnn._ttnn.operations.matmul.MatmulMultiCoreReuseMultiCast1DProgramConfig"
 - leaked type "FabricConfig"
 - leaked type "ttnn._ttnn.operations.matmul.MatmulInputs"
 - leaked type "ttnn._ttnn.operations.matmul.MatmulMultiCoreReuseMultiCastBatchedDRAMShardedProgramConfig"
 - leaked type "BufferType"
 - leaked type "UnaryOpType"
 - leaked type "Layout"
 - leaked type "ttnn._ttnn.operations.matmul.MatmulMultiCoreReuseOptimizedProgramFactory"
 - leaked type "Arch"
 - leaked type "ttnn._ttnn.operations.matmul.MatmulParams"
 - ... skipped remainder
nanobind: leaked 247 functions!
 - leaked function ""
 - leaked function ""
 - leaked function ""
 - leaked function ""
 - leaked function ""
 - leaked function "quiesce_devices"
 - leaked function "ranges"
 - leaked function ""
 - leaked function ""
 - leaked function "load_sub_device_manager"
 - ... skipped remainder
nanobind: this is likely caused by a reference counting issue in the binding code.
See https://nanobind.readthedocs.io/en/latest/refleaks.html
Timer resolution: 0 ns

Frames: 2
Time span: 6.68 s
Zones: 5,376
Elapsed time: 6.5 s
Saving trace... done!
Trace size 190.7 KB (20.56% ratio)
2026-07-19 02:39:55.338 | INFO     | __main__:main:452 - Copying /home/mvasiljevic/tt-metal/generated/profiler/.logs/tracy_profile_log_host.tracy to /home/mvasiljevic/tt-metal/build/profiler/build_wasm/traces/test_multichip_decoder_2026_07_19_02_39_55.tracy
2026-07-19 02:39:55.340 | INFO     | __main__:main:455 - Copied /home/mvasiljevic/tt-metal/generated/profiler/.logs/tracy_profile_log_host.tracy to /home/mvasiljevic/tt-metal/build/profiler/build_wasm/traces/test_multichip_decoder_2026_07_19_02_39_55.tracy
2026-07-19 02:39:55.340 | INFO     | __main__:main:464 - embed.tracy -> traces/test_multichip_decoder_2026_07_19_02_39_55.tracy
2026-07-19 02:39:55.340 | INFO     | tracy.serve_wasm:launch_server_subprocess:284 - Launching tracy web app GUI server subprocess...
2026-07-19 02:39:55.340 | INFO     | tracy.serve_wasm:launch_server_subprocess:287 - Tracy WASM web UI (open in browser): http://localhost:8080/ (WebSocket for live reload: ws://localhost:8081/)
2026-07-19 02:39:55.340 | INFO     | tracy.serve_wasm:launch_server_subprocess:294 - Tracy WASM server already serving port 8080; reusing it (live-reload refreshes the browser).
2026-07-19 02:39:55.354 | INFO     | tracy:generate_report:162 - Host side ops time report generated at /home/mvasiljevic/tt-metal/models/autoports/mistralai_mistral_small_24b_instruct_2501/doc/optimized_multichip_decoder/tracy/final_batch1_internal_stacked_prefill_bf16/.logs/tracy_ops_times.csv
2026-07-19 02:39:55.355 | INFO     | tracy:generate_report:173 - Host side ops data report generated at /home/mvasiljevic/tt-metal/models/autoports/mistralai_mistral_small_24b_instruct_2501/doc/optimized_multichip_decoder/tracy/final_batch1_internal_stacked_prefill_bf16/.logs/tracy_ops_data.csv
2026-07-19 02:39:55.355 | INFO     | tracy.process_ops_logs:import_tracy_op_logs:345 - Importing ops logs
2026-07-19 02:39:55.363 | INFO     | tracy.process_ops_logs:get_device_data_generate_report:1107 - Copying runtime artifacts
2026-07-19 02:39:55.365 | INFO     | tracy.process_ops_logs:get_device_data_generate_report:1113 - Getting device only ops data
2026-07-19 02:39:55.367 | INFO     | tracy.process_ops_logs:get_device_data_generate_report:1126 - Generating device op report ...
2026-07-19 02:39:55.367 | INFO     | tracy.process_ops_logs:get_device_data_generate_report:1312 - Device only OPs csv generated at: /home/mvasiljevic/tt-metal/models/autoports/mistralai_mistral_small_24b_instruct_2501/doc/optimized_multichip_decoder/tracy/final_batch1_internal_stacked_prefill_bf16/reports/2026_07_19_02_39_55/ops_perf_results_2026_07_19_02_39_55.csv
2026-07-19 02:39:55.367 | INFO     | tracy.process_ops_logs:get_device_data_generate_report:1321 - Device only per core op to op times csv generated at: /home/mvasiljevic/tt-metal/models/autoports/mistralai_mistral_small_24b_instruct_2501/doc/optimized_multichip_decoder/tracy/final_batch1_internal_stacked_prefill_bf16/reports/2026_07_19_02_39_55/per_core_op_to_op_times_2026_07_19_02_39_55.csv
