2026-07-19 02:41:00.223 | INFO     | __main__:main:189 - Setting profiler artifacts folder to /home/mvasiljevic/tt-metal/models/autoports/mistralai_mistral_small_24b_instruct_2501/doc/optimized_multichip_decoder/tracy/final_batch1_profile_stacked_prefill_bf16_retry
2026-07-19 02:41:00.224 | INFO     | __main__:main:395 - Using port 8086
2026-07-19 02:41:00.224 | INFO     | tracy:run_report_setup:91 - Verifying tracy profiling tools
2026-07-19 02:41:00.226 | INFO     | tracy:run_report_setup:112 - Capture command: ('/home/mvasiljevic/tt-metal/build/tools/profiler/bin/tracy-capture -o /home/mvasiljevic/tt-metal/models/autoports/mistralai_mistral_small_24b_instruct_2501/doc/optimized_multichip_decoder/tracy/final_batch1_profile_stacked_prefill_bf16_retry/.logs/tracy_profile_log_host.tracy -f -p 8086',)
Connecting to 127.0.0.1:8086...2026-07-19 02:41:00.231 | INFO     | __main__:main:413 - Test process started
2026-07-19 02:41:00.928 | INFO     | __main__:main:189 - Setting profiler artifacts folder to /home/mvasiljevic/tt-metal/models/autoports/mistralai_mistral_small_24b_instruct_2501/doc/optimized_multichip_decoder/tracy/final_batch1_profile_stacked_prefill_bf16_retry
2026-07-19 02:41:01.159 | DEBUG    | ttnn:<module>:79 - Initial ttnn.CONFIG:
Config{cache_path=/home/mvasiljevic/.cache/ttnn,model_cache_path=/home/mvasiljevic/.cache/ttnn/models,tmp_dir=/tmp/ttnn,enable_model_cache=false,enable_fast_runtime_mode=true,throw_exception_on_fallback=false,enable_logging=false,enable_graph_report=false,enable_graph_python_stack_traces=false,enable_detailed_buffer_report=false,enable_detailed_tensor_report=false,enable_comparison_mode=false,comparison_mode_should_raise_exception=false,comparison_mode_pcc=0.9999,root_report_path=generated/ttnn/reports,report_name=std::nullopt,std::nullopt}
============================= test session starts ==============================
platform linux -- Python 3.12.13, pytest-9.0.3, pluggy-1.6.0 -- /home/mvasiljevic/tt-metal/python_env/bin/python
cachedir: .pytest_cache
benchmark: 5.2.3 (defaults: timer=time.perf_counter disable_gc=False min_rounds=5 min_time=0.000005 max_time=1.0 calibration_precision=10 warmup=False warmup_iterations=100000)
rootdir: /home/mvasiljevic/tt-metal
configfile: pytest.ini
plugins: github-actions-annotate-failures-0.3.0, anyio-4.14.2, dash-2.15.0, split-0.11.0, timeout-2.4.0, benchmark-5.2.3, cov-7.0.0
timeout: 300.0s
timeout method: signal
timeout func_only: False
collecting ... collected 1 item

models/autoports/mistralai_mistral_small_24b_instruct_2501/tests/test_multichip_decoder.py::test_multichip_profile_internal_stacked_prefill[blackhole-mesh_device0-device_params0] --------------------------------------------------------------------------
It appears as if there is not enough space for /dev/shm/sm_segment.23ff5195c3f7.1000.9df00000.0 (the shared-memory backing
file). It is likely that your MPI job will now either abort or experience
performance degradation.

  Local host:  23ff5195c3f7
  Space Requested: 16777216 B
  Space Available: 17539072 B
--------------------------------------------------------------------------
2026-07-19 02:41:04.100 | DEBUG    | ttnn.device:__init__:152 - Using default dispatch core type for this system: DispatchCoreType.WORKER
2026-07-19 02:41:04.100 | DEBUG    | ttnn.device:__init__:154 - Using default dispatch core axis for this system: DispatchCoreAxis.COL
2026-07-19 02:41:04.861 | DEBUG    | conftest:mesh_device:599 - multidevice with 4 devices is created
FAILED2026-07-19 02:41:18.160 | INFO     | conftest:pytest_runtest_teardown:1140 - In custom teardown, open device ids: {0, 1, 2, 3}


=================================== FAILURES ===================================
_ test_multichip_profile_internal_stacked_prefill[blackhole-mesh_device0-device_params0] _

mesh_device = MeshDevice(1x4 grid, 4 devices)

    @pytest.mark.parametrize("device_params", STACK_DEVICE_PARAMS, indirect=True)
    @pytest.mark.parametrize("mesh_device", MESH_PARAMS, indirect=True)
    def test_multichip_profile_internal_stacked_prefill(mesh_device):
        """Profile only the stack-preserving two-layer prefill region."""

        if os.environ.get(PROFILE_STACKED_PREFILL_ENV) != "1":
            pytest.skip(f"Set {PROFILE_STACKED_PREFILL_ENV}=1 to profile stacked prefill")
        iterations = int(os.environ.get(PERF_ITERS_ENV, "1"))
        active_batch = int(os.environ.get(ACTIVE_BATCH_ENV, EMITTED_BATCH))
        config = _config()
        decoder = MultichipDecoder.from_state_dict(
            _real_state(), hf_config=config, layer_idx=LAYER_IDX, mesh_device=mesh_device, batch=active_batch
        )
        first_caches = _multichip_caches(config, mesh_device)
        second_caches = _multichip_caches(config, mesh_device)
        generator = torch.Generator().manual_seed(2519)
        hidden = torch.randn(
            (1, active_batch, EMITTED_PREFILL_SEQUENCE, config.hidden_size),
            generator=generator,
            dtype=torch.bfloat16,
        )
        stacked_input, logical_seq_len = decoder.prepare_prefill_residual(_mesh_input(hidden, mesh_device))

        def stacked_pair():
            output = decoder.prefill_forward_stacked(stacked_input, *first_caches, logical_seq_len=logical_seq_len)
            return decoder.prefill_forward_stacked(output, *second_caches, logical_seq_len=logical_seq_len)

>       stacked_pair()

models/autoports/mistralai_mistral_small_24b_instruct_2501/tests/test_multichip_decoder.py:1073:
_ _ _ _ _ _ _ _ _ _ _ _ _ _ _ _ _ _ _ _ _ _ _ _ _ _ _ _ _ _ _ _ _ _ _ _ _ _ _ _
models/autoports/mistralai_mistral_small_24b_instruct_2501/tests/test_multichip_decoder.py:1070: in stacked_pair
    output = decoder.prefill_forward_stacked(stacked_input, *first_caches, logical_seq_len=logical_seq_len)
             ^^^^^^^^^^^^^^^^^^^^^^^^^^^^^^^^^^^^^^^^^^^^^^^^^^^^^^^^^^^^^^^^^^^^^^^^^^^^^^^^^^^^^^^^^^^^^^
models/autoports/mistralai_mistral_small_24b_instruct_2501/tt/multichip_decoder.py:1165: in prefill_forward_stacked
    return self.prefill_forward(
models/autoports/mistralai_mistral_small_24b_instruct_2501/tt/multichip_decoder.py:1016: in prefill_forward
    self._validate_caches(key_cache, value_cache, paged=page_table is not None)
_ _ _ _ _ _ _ _ _ _ _ _ _ _ _ _ _ _ _ _ _ _ _ _ _ _ _ _ _ _ _ _ _ _ _ _ _ _ _ _

self = <models.autoports.mistralai_mistral_small_24b_instruct_2501.tt.multichip_decoder.MultichipDecoder object at 0x78d59828f590>
key_cache = device_id: 3, MeshCoordinate([0, 0])
ttnn.Tensor([[[[ 0.0000,  0.0000,  ...,  0.0000,  0.0000],
               [ 0.000...0,  0.0000,  ...,  0.0000,  0.0000]]]], shape=Shape([32, 2, 128, 128]), dtype=DataType::BFLOAT8_B, layout=Layout::TILE)
value_cache = device_id: 3, MeshCoordinate([0, 0])
ttnn.Tensor([[[[ 0.0000,  0.0000,  ...,  0.0000,  0.0000],
               [ 0.000...0,  0.0000,  ...,  0.0000,  0.0000]]]], shape=Shape([32, 2, 128, 128]), dtype=DataType::BFLOAT8_B, layout=Layout::TILE)

    def _validate_caches(self, key_cache, value_cache, *, paged: bool = False) -> None:
        key_shape = tuple(key_cache.shape)
        value_shape = tuple(value_cache.shape)
        if key_shape != value_shape:
            raise ValueError(f"key/value cache shapes differ: {key_shape} and {value_shape}")
        if paged:
            if len(key_shape) != 4 or key_shape[1] != self.num_kv_heads or key_shape[3] != self.head_dim:
                raise ValueError(
                    "paged caches must have local shape "
                    f"[num_blocks, {self.num_kv_heads}, block_size, {self.head_dim}], got {key_shape}"
                )
            if key_shape[0] < 1 or key_shape[2] < 1:
                raise ValueError(f"paged cache num_blocks and block_size must be positive, got {key_shape}")
            return
        expected = (self.batch, self.num_kv_heads, self.max_cache_len, self.head_dim)
        if key_shape != expected:
>           raise ValueError(f"contiguous caches must have local shape {expected}, got {key_shape}")
E           ValueError: contiguous caches must have local shape (1, 2, 128, 128), got (32, 2, 128, 128)

models/autoports/mistralai_mistral_small_24b_instruct_2501/tt/multichip_decoder.py:770: ValueError
- generated xml file: /home/mvasiljevic/tt-metal/models/autoports/mistralai_mistral_small_24b_instruct_2501/doc/optimized_multichip_decoder/evidence/final_batch1_profile_stacked_prefill_bf16_retry_tracy.xml -
============================== slowest durations ===============================
11.84s call     models/autoports/mistralai_mistral_small_24b_instruct_2501/tests/test_multichip_decoder.py::test_multichip_profile_internal_stacked_prefill[blackhole-mesh_device0-device_params0]
1.46s setup    models/autoports/mistralai_mistral_small_24b_instruct_2501/tests/test_multichip_decoder.py::test_multichip_profile_internal_stacked_prefill[blackhole-mesh_device0-device_params0]
1.38s teardown models/autoports/mistralai_mistral_small_24b_instruct_2501/tests/test_multichip_decoder.py::test_multichip_profile_internal_stacked_prefill[blackhole-mesh_device0-device_params0]
=========================== short test summary info ============================
FAILED models/autoports/mistralai_mistral_small_24b_instruct_2501/tests/test_multichip_decoder.py::test_multichip_profile_internal_stacked_prefill[blackhole-mesh_device0-device_params0]
============================== 1 failed in 15.77s ==============================
nanobind: leaked 2 instances!
 - leaked instance 0x78d59e6ec4c8 of type "ttnn._ttnn.tensor.MemoryConfig"
 - leaked instance 0x78d5c023a1a8 of type "ttnn._ttnn.tensor.CoreRangeSet"
nanobind: leaked 21 types!
 - leaked type "ttnn._ttnn.operations.matmul.MatmulMultiCoreReuseMultiCast1DProgramConfig"
 - leaked type "FabricConfig"
 - leaked type "ttnn._ttnn.operations.matmul.MatmulInputs"
 - leaked type "ttnn._ttnn.operations.matmul.MatmulMultiCoreReuseMultiCastBatchedDRAMShardedProgramConfig"
 - leaked type "BufferType"
 - leaked type "UnaryOpType"
 - leaked type "Layout"
 - leaked type "ttnn._ttnn.operations.matmul.MatmulMultiCoreReuseOptimizedProgramFactory"
 - leaked type "Arch"
 - leaked type "ttnn._ttnn.operations.matmul.MatmulParams"
 - ... skipped remainder
nanobind: leaked 247 functions!
 - leaked function ""
 - leaked function ""
 - leaked function "to_list"
 - leaked function ""
 - leaked function ""
 - leaked function "get_fabric_node_id"
 - leaked function "empty"
 - leaked function "reshape"
 - leaked function "enable_program_cache"
 - leaked function "is_sharded"
 - ... skipped remainder
nanobind: this is likely caused by a reference counting issue in the binding code.
See https://nanobind.readthedocs.io/en/latest/refleaks.html
Timer resolution: 0 ns

Frames: 2
Time span: 28.28 s
Zones: 41,158
Elapsed time: 19.41 s
Saving trace... done!
Trace size 612.38 KB (19.22% ratio)
2026-07-19 02:41:20.742 | INFO     | __main__:main:452 - Copying /home/mvasiljevic/tt-metal/generated/profiler/.logs/tracy_profile_log_host.tracy to /home/mvasiljevic/tt-metal/build/profiler/build_wasm/traces/test_multichip_decoder_2026_07_19_02_41_20.tracy
2026-07-19 02:41:20.745 | INFO     | __main__:main:455 - Copied /home/mvasiljevic/tt-metal/generated/profiler/.logs/tracy_profile_log_host.tracy to /home/mvasiljevic/tt-metal/build/profiler/build_wasm/traces/test_multichip_decoder_2026_07_19_02_41_20.tracy
2026-07-19 02:41:20.745 | INFO     | __main__:main:464 - embed.tracy -> traces/test_multichip_decoder_2026_07_19_02_41_20.tracy
2026-07-19 02:41:20.745 | INFO     | tracy.serve_wasm:launch_server_subprocess:284 - Launching tracy web app GUI server subprocess...
2026-07-19 02:41:20.745 | INFO     | tracy.serve_wasm:launch_server_subprocess:287 - Tracy WASM web UI (open in browser): http://localhost:8080/ (WebSocket for live reload: ws://localhost:8081/)
2026-07-19 02:41:20.745 | INFO     | tracy.serve_wasm:launch_server_subprocess:294 - Tracy WASM server already serving port 8080; reusing it (live-reload refreshes the browser).
2026-07-19 02:41:20.771 | INFO     | tracy:generate_report:162 - Host side ops time report generated at /home/mvasiljevic/tt-metal/models/autoports/mistralai_mistral_small_24b_instruct_2501/doc/optimized_multichip_decoder/tracy/final_batch1_profile_stacked_prefill_bf16_retry/.logs/tracy_ops_times.csv
2026-07-19 02:41:20.774 | INFO     | tracy:generate_report:173 - Host side ops data report generated at /home/mvasiljevic/tt-metal/models/autoports/mistralai_mistral_small_24b_instruct_2501/doc/optimized_multichip_decoder/tracy/final_batch1_profile_stacked_prefill_bf16_retry/.logs/tracy_ops_data.csv
2026-07-19 02:41:20.774 | INFO     | tracy.process_ops_logs:import_tracy_op_logs:345 - Importing ops logs
2026-07-19 02:41:20.819 | INFO     | tracy.perf_counter_analysis:get_device_op_data:2140 - Getting device ops
2026-07-19 02:41:20.819 | INFO     | tracy.process_ops_logs:append_device_data:1009 - Appending device data
2026-07-19 02:41:20.858 | INFO     | tracy.process_ops_logs:generate_reports:1342 - OPs' perf analysis is finished! Generating reports ...
2026-07-19 02:41:20.859 | INFO     | tracy.process_ops_logs:generate_reports:1360 - Copying runtime artifacts
2026-07-19 02:41:20.863 | INFO     | tracy.process_ops_logs:generate_reports:1369 - Generating OPs CSV
2026-07-19 02:41:20.872 | INFO     | tracy.process_ops_logs:generate_reports:1765 - OPs csv generated at: /home/mvasiljevic/tt-metal/models/autoports/mistralai_mistral_small_24b_instruct_2501/doc/optimized_multichip_decoder/tracy/final_batch1_profile_stacked_prefill_bf16_retry/reports/2026_07_19_02_41_20/ops_perf_results_2026_07_19_02_41_20.csv
