2026-07-19 03:11:19.338 | DEBUG    | ttnn:<module>:79 - Initial ttnn.CONFIG:
Config{cache_path=/home/mvasiljevic/.cache/ttnn,model_cache_path=/home/mvasiljevic/.cache/ttnn/models,tmp_dir=/tmp/ttnn,enable_model_cache=false,enable_fast_runtime_mode=true,throw_exception_on_fallback=false,enable_logging=false,enable_graph_report=false,enable_graph_python_stack_traces=false,enable_detailed_buffer_report=false,enable_detailed_tensor_report=false,enable_comparison_mode=false,comparison_mode_should_raise_exception=false,comparison_mode_pcc=0.9999,root_report_path=generated/ttnn/reports,report_name=std::nullopt,std::nullopt}
============================= test session starts ==============================
platform linux -- Python 3.12.13, pytest-9.0.3, pluggy-1.6.0 -- /home/mvasiljevic/tt-metal/python_env/bin/python3
cachedir: .pytest_cache
benchmark: 5.2.3 (defaults: timer=time.perf_counter disable_gc=False min_rounds=5 min_time=0.000005 max_time=1.0 calibration_precision=10 warmup=False warmup_iterations=100000)
rootdir: /home/mvasiljevic/tt-metal
configfile: pytest.ini
plugins: github-actions-annotate-failures-0.3.0, anyio-4.14.2, dash-2.15.0, split-0.11.0, timeout-2.4.0, benchmark-5.2.3, cov-7.0.0
timeout: 300.0s
timeout method: signal
timeout func_only: False
collecting ... collected 1 item

models/autoports/mistralai_mistral_small_24b_instruct_2501/tests/test_multichip_decoder.py::test_multichip_two_layer_stacked_prefill_layout_perf[blackhole-mesh_device0-device_params0] --------------------------------------------------------------------------
It appears as if there is not enough space for /dev/shm/sm_segment.23ff5195c3f7.1000.35520000.0 (the shared-memory backing
file). It is likely that your MPI job will now either abort or experience
performance degradation.

  Local host:  23ff5195c3f7
  Space Requested: 16777216 B
  Space Available: 17539072 B
--------------------------------------------------------------------------
2026-07-19 03:11:21.416 | DEBUG    | ttnn.device:__init__:152 - Using default dispatch core type for this system: DispatchCoreType.WORKER
2026-07-19 03:11:21.416 | DEBUG    | ttnn.device:__init__:154 - Using default dispatch core axis for this system: DispatchCoreAxis.COL
2026-07-19 03:11:22.130 | DEBUG    | conftest:mesh_device:599 - multidevice with 4 devices is created
2026-07-19 03:11:46.194 | INFO     | tracy:signpost:49 - MULTICHIP_PUBLIC_STACK_PREFILL
2026-07-19 03:11:46.243 | INFO     | tracy:signpost:49 - MULTICHIP_PUBLIC_STACK_PREFILL_END
2026-07-19 03:11:46.243 | INFO     | tracy:signpost:49 - MULTICHIP_INTERNAL_STACK_PREFILL
2026-07-19 03:11:46.288 | INFO     | tracy:signpost:49 - MULTICHIP_INTERNAL_STACK_PREFILL_END
public/stacked two-layer prefill: 1.0
prefill candidate/default output: 0.9998984822272506
MULTICHIP_PREFILL_STACK_LAYOUT_RESULT active_batch=1 logical_seq_len=18 prefill_activation_family=sharded_norms prefill_collective_family=default prefill_collective_dtype=bf16 public_two_layer_ms=2.310390 internal_two_layer_ms=2.100450 public_per_layer_ms=1.155195 internal_per_layer_ms=1.050225 speedup=1.099950 iterations=20
PASSED

==================================== PASSES ====================================
- generated xml file: /home/mvasiljevic/tt-metal/models/autoports/mistralai_mistral_small_24b_instruct_2501/doc/optimized_multichip_decoder/evidence/prefill_sharded_norm_candidate_batch1_5core_retry.xml -
============================== slowest durations ===============================
24.16s call     models/autoports/mistralai_mistral_small_24b_instruct_2501/tests/test_multichip_decoder.py::test_multichip_two_layer_stacked_prefill_layout_perf[blackhole-mesh_device0-device_params0]
1.45s setup    models/autoports/mistralai_mistral_small_24b_instruct_2501/tests/test_multichip_decoder.py::test_multichip_two_layer_stacked_prefill_layout_perf[blackhole-mesh_device0-device_params0]
0.13s teardown models/autoports/mistralai_mistral_small_24b_instruct_2501/tests/test_multichip_decoder.py::test_multichip_two_layer_stacked_prefill_layout_perf[blackhole-mesh_device0-device_params0]
=========================== short test summary info ============================
PASSED models/autoports/mistralai_mistral_small_24b_instruct_2501/tests/test_multichip_decoder.py::test_multichip_two_layer_stacked_prefill_layout_perf[blackhole-mesh_device0-device_params0]
============================== 1 passed in 26.40s ==============================
nanobind: leaked 2 instances!
 - leaked instance 0x7ec41f8b18a8 of type "ttnn._ttnn.tensor.CoreRangeSet"
 - leaked instance 0x7ec41f314288 of type "ttnn._ttnn.tensor.MemoryConfig"
nanobind: leaked 21 types!
 - leaked type "ttnn._ttnn.operations.matmul.MatmulMultiCoreReuseMultiCast1DProgramConfig"
 - leaked type "FabricConfig"
 - leaked type "ttnn._ttnn.operations.matmul.MatmulInputs"
 - leaked type "ttnn._ttnn.operations.matmul.MatmulMultiCoreReuseMultiCastBatchedDRAMShardedProgramConfig"
 - leaked type "BufferType"
 - leaked type "UnaryOpType"
 - leaked type "Layout"
 - leaked type "ttnn._ttnn.operations.matmul.MatmulMultiCoreReuseOptimizedProgramFactory"
 - leaked type "Arch"
 - leaked type "ttnn._ttnn.operations.matmul.MatmulParams"
 - ... skipped remainder
nanobind: leaked 247 functions!
 - leaked function "volume"
 - leaked function ""
 - leaked function ""
 - leaked function ""
 - leaked function "__hash__"
 - leaked function "deallocate"
 - leaked function ""
 - leaked function "to_torch_with_padded_shape"
 - leaked function ""
 - leaked function "ranges"
 - ... skipped remainder
nanobind: this is likely caused by a reference counting issue in the binding code.
See https://nanobind.readthedocs.io/en/latest/refleaks.html
