2026-07-19 03:07:48.190 | DEBUG    | ttnn:<module>:79 - Initial ttnn.CONFIG:
Config{cache_path=/home/mvasiljevic/.cache/ttnn,model_cache_path=/home/mvasiljevic/.cache/ttnn/models,tmp_dir=/tmp/ttnn,enable_model_cache=false,enable_fast_runtime_mode=true,throw_exception_on_fallback=false,enable_logging=false,enable_graph_report=false,enable_graph_python_stack_traces=false,enable_detailed_buffer_report=false,enable_detailed_tensor_report=false,enable_comparison_mode=false,comparison_mode_should_raise_exception=false,comparison_mode_pcc=0.9999,root_report_path=generated/ttnn/reports,report_name=std::nullopt,std::nullopt}
============================= test session starts ==============================
platform linux -- Python 3.12.13, pytest-9.0.3, pluggy-1.6.0 -- /home/mvasiljevic/tt-metal/python_env/bin/python3
cachedir: .pytest_cache
benchmark: 5.2.3 (defaults: timer=time.perf_counter disable_gc=False min_rounds=5 min_time=0.000005 max_time=1.0 calibration_precision=10 warmup=False warmup_iterations=100000)
rootdir: /home/mvasiljevic/tt-metal
configfile: pytest.ini
plugins: github-actions-annotate-failures-0.3.0, anyio-4.14.2, dash-2.15.0, split-0.11.0, timeout-2.4.0, benchmark-5.2.3, cov-7.0.0
timeout: 300.0s
timeout method: signal
timeout func_only: False
collecting ... collected 1 item

models/autoports/mistralai_mistral_small_24b_instruct_2501/tests/test_multichip_decoder.py::test_multichip_two_layer_stacked_prefill_layout_perf[blackhole-mesh_device0-device_params0] --------------------------------------------------------------------------
It appears as if there is not enough space for /dev/shm/sm_segment.23ff5195c3f7.1000.62200000.0 (the shared-memory backing
file). It is likely that your MPI job will now either abort or experience
performance degradation.

  Local host:  23ff5195c3f7
  Space Requested: 16777216 B
  Space Available: 17539072 B
--------------------------------------------------------------------------
2026-07-19 03:07:50.289 | DEBUG    | ttnn.device:__init__:152 - Using default dispatch core type for this system: DispatchCoreType.WORKER
2026-07-19 03:07:50.289 | DEBUG    | ttnn.device:__init__:154 - Using default dispatch core axis for this system: DispatchCoreAxis.COL
2026-07-19 03:07:51.009 | DEBUG    | conftest:mesh_device:599 - multidevice with 4 devices is created
2026-07-19 03:08:14.214 | critical |          Always | TT_FATAL: shard_shape[1] / in0_tile.get_width() (15) must be divisible by in0_block_w (8) (assert.hpp:104)
FAILED2026-07-19 03:08:14.506 | INFO     | conftest:pytest_runtest_teardown:1140 - In custom teardown, open device ids: {0, 1, 2, 3}


=================================== FAILURES ===================================
_ test_multichip_two_layer_stacked_prefill_layout_perf[blackhole-mesh_device0-device_params0] _

mesh_device = MeshDevice(1x4 grid, 4 devices)

    @pytest.mark.parametrize("device_params", STACK_DEVICE_PARAMS, indirect=True)
    @pytest.mark.parametrize("mesh_device", MESH_PARAMS, indirect=True)
    def test_multichip_two_layer_stacked_prefill_layout_perf(mesh_device):
        """Compare repeated public prefill transposes with one stack-boundary conversion."""

        iterations = int(os.environ.get(PERF_ITERS_ENV, "10"))
        active_batch = int(os.environ.get(ACTIVE_BATCH_ENV, EMITTED_BATCH))
        assert 1 <= active_batch <= EMITTED_BATCH
        config = _config()
        state = _real_state()
        prefill_activation_family = os.environ.get(PREFILL_ACTIVATION_FAMILY_ENV, "dram")
        prefill_collective_family = os.environ.get(PREFILL_COLLECTIVE_FAMILY_ENV, "default")
        prefill_collective_dtype = os.environ.get(PREFILL_COLLECTIVE_DTYPE_ENV, "bf16")
        first = MultichipDecoder.from_state_dict(
            state,
            hf_config=config,
            layer_idx=LAYER_IDX,
            mesh_device=mesh_device,
            batch=active_batch,
            prefill_activation_family=prefill_activation_family,
            prefill_collective_family=prefill_collective_family,
            prefill_collective_dtype=prefill_collective_dtype,
        )
        second = MultichipDecoder.from_state_dict(
            state,
            hf_config=config,
            layer_idx=LAYER_IDX,
            mesh_device=mesh_device,
            batch=active_batch,
            shared_rope=first.shared_rope,
            shared_collective=first.shared_collective,
            shared_prefill_collective=first.shared_prefill_collective,
            prefill_activation_family=prefill_activation_family,
            prefill_collective_family=prefill_collective_family,
            prefill_collective_dtype=prefill_collective_dtype,
        )
        first_caches = _multichip_caches(config, mesh_device, batch=active_batch)
        second_caches = _multichip_caches(config, mesh_device, batch=active_batch)
        generator = torch.Generator().manual_seed(2515)
        hidden = torch.randn(
            (1, active_batch, EMITTED_PREFILL_SEQUENCE, config.hidden_size),
            generator=generator,
            dtype=torch.bfloat16,
        )
        tt_hidden = _mesh_input(hidden, mesh_device)

        def public_pair():
            output = first.prefill_forward(tt_hidden, *first_caches)
            return second.prefill_forward(output, *second_caches)

        stacked_input, logical_seq_len = first.prepare_prefill_residual(tt_hidden)

        def stacked_pair():
            output = first.prefill_forward_stacked(stacked_input, *first_caches, logical_seq_len=logical_seq_len)
            return second.prefill_forward_stacked(output, *second_caches, logical_seq_len=logical_seq_len)

>       eager_public = public_pair()
                       ^^^^^^^^^^^^^

models/autoports/mistralai_mistral_small_24b_instruct_2501/tests/test_multichip_decoder.py:1011:
_ _ _ _ _ _ _ _ _ _ _ _ _ _ _ _ _ _ _ _ _ _ _ _ _ _ _ _ _ _ _ _ _ _ _ _ _ _ _ _
models/autoports/mistralai_mistral_small_24b_instruct_2501/tests/test_multichip_decoder.py:1002: in public_pair
    output = first.prefill_forward(tt_hidden, *first_caches)
             ^^^^^^^^^^^^^^^^^^^^^^^^^^^^^^^^^^^^^^^^^^^^^^^
models/autoports/mistralai_mistral_small_24b_instruct_2501/tt/multichip_decoder.py:1050: in prefill_forward
    fused_qkv = ttnn.matmul(
_ _ _ _ _ _ _ _ _ _ _ _ _ _ _ _ _ _ _ _ _ _ _ _ _ _ _ _ _ _ _ _ _ _ _ _ _ _ _ _

self = FastOperation(python_fully_qualified_name='ttnn.matmul', function=<ttnn._ttnn.operations.matmul.matmul_t object at 0x7...<function default_postprocess_golden_function_outputs at 0x7751750e79c0>, is_cpp_operation=True, is_experimental=False)
function_args = (device_id: 3, MeshCoordinate([0, 0])
ttnn.Tensor([[[[ 7.9102e-02, -5.7188e+00,  ..., -1.8262e-01, -1.7656e+00],
     ...-0.0020,  0.0000,  ..., -0.0029,  0.0039]], shape=Shape([5120, 1536]), dtype=DataType::BFLOAT4_B, layout=Layout::TILE))
function_kwargs = {'compute_kernel_config': <ttnn._ttnn.operations.core.WormholeComputeKernelConfig object at 0x77516ea82bb0>, 'dtype': ..._core_M=1,per_core_N=6,transpose_mcast=0,fused_activation=std::nullopt,fuse_batch=1,allowed_worker_cores=std::nullopt)}
cq_id = None, recording = False

    def __call__(self, *function_args, **function_kwargs):
        cq_id = None
        if "queue_id" in function_kwargs:
            cq_id = function_kwargs.pop("queue_id")
        elif "cq_id" in function_kwargs:
            cq_id = function_kwargs.pop("cq_id")

        recording = ttnn.graph.is_python_io_recording_enabled()
        if recording:
            ttnn.graph.track_function_start(self.python_fully_qualified_name)
            ttnn.graph.record_python_operation(self.python_fully_qualified_name, function_args, function_kwargs)
            input_tensors = get_all_tensors((function_args, function_kwargs))
            set_tensor_id(input_tensors)

        try:
            if cq_id is None:
>               result = self.function(*function_args, **function_kwargs)
                         ^^^^^^^^^^^^^^^^^^^^^^^^^^^^^^^^^^^^^^^^^^^^^^^^
E               RuntimeError: TT_FATAL @ /home/mvasiljevic/tt-metal/ttnn/cpp/ttnn/operations/matmul/device/matmul_device_operation.cpp:1517: (shard_shape[1] / in0_tile.get_width()) % program_config.in0_block_w == 0
E               info:
E               shard_shape[1] / in0_tile.get_width() (15) must be divisible by in0_block_w (8)
E               backtrace:
E                --- /home/mvasiljevic/tt-metal/build_Release/lib/_ttnncpp.so(+0x9e1fc8) [0x7751c0fe1fc8]
E                --- /home/mvasiljevic/tt-metal/build_Release/lib/_ttnncpp.so(+0x17ef049) [0x7751c1def049]
E                --- ttnn::prim::MatmulDeviceOperation::validate_on_program_cache_miss(ttnn::prim::MatmulParams const&, ttnn::prim::MatmulInputs const&)
E                --- /home/mvasiljevic/tt-metal/build_Release/lib/_ttnncpp.so(_ZN4ttnn16device_operation6detail30create_and_cache_mesh_workloadITkNS0_22DeviceOperationConceptENS0_26MeshDeviceOperationAdapterINS_4prim21MatmulDeviceOperationEEEEEvRKNT_22operation_attributes_tERKNS7_13tensor_args_tERNS7_21tensor_return_value_tEPN2tt8tt_metal11distributed10MeshDeviceERNSH_13program_cache6detail12ProgramCacheERKNSM_15ProgramCacheKeyE+0x29) [0x7751c1df7929]
E                --- /home/mvasiljevic/tt-metal/build_Release/lib/_ttnncpp.so(_ZN4ttnn16device_operation6detail29launch_operation_with_adapterITkNS0_36DeviceOperationWithMeshDeviceAdapterENS0_26MeshDeviceOperationAdapterINS_4prim21MatmulDeviceOperationEEEEEvRKNT_22operation_attributes_tERKNS7_13tensor_args_tERNS7_21tensor_return_value_tEPN2tt8tt_metal11distributed10MeshDeviceE+0x16e) [0x7751c1df647e]
E                --- /home/mvasiljevic/tt-metal/build_Release/lib/_ttnncpp.so(_ZN4ttnn16device_operation6detail6launchITkNS0_22DeviceOperationConceptENS_4prim21MatmulDeviceOperationEEENT_21tensor_return_value_tERKNS5_22operation_attributes_tERKNS5_13tensor_args_tE+0x4ea) [0x7751c1df537a]
E                --- ttnn::prim::matmul(tt::tt_metal::Tensor const&, tt::tt_metal::Tensor const&, std::optional<tt::tt_metal::Tensor> const&, std::optional<tt::tt_metal::Tensor> const&, ttnn::prim::MatmulParams const&)
E                --- /home/mvasiljevic/tt-metal/build_Release/lib/_ttnncpp.so(+0x178a65a) [0x7751c1d8a65a]
E                --- /home/mvasiljevic/tt-metal/build_Release/lib/_ttnncpp.so(_ZN4ttnn10operations6matmul6matmulERKN2tt8tt_metal6TensorES6_bbRKSt8optionalIKNS3_12MemoryConfigEES7_IKNS3_8DataTypeEERKS7_IKSt7variantIJNS1_28MatmulMultiCoreProgramConfigENS1_33MatmulMultiCoreReuseProgramConfigENS1_42MatmulMultiCoreReuseMultiCastProgramConfigENS1_44MatmulMultiCoreReuseMultiCast1DProgramConfigENS1_53MatmulMultiCoreReuseMultiCastDRAMShardedProgramConfigENS1_60MatmulMultiCoreReuseMultiCastBatchedDRAMShardedProgramConfigEEEERKS7_IKSG_IJNSt7__cxx1112basic_stringIcSt11char_traitsIcESaIcEEENS0_5unary19BasicUnaryWithParamIJfEEEEEES7_IKNS_19ComputeKernelConfigEES7_IKNS_5types8CoreGridEERKS7_IKNS3_4TileEES7_IS4_ERKS7_IKNS3_12experimental20GlobalCircularBufferEERKS7_IN4ttsl10StrongTypeIhNS3_14SubDeviceIdTagEEEE+0x373) [0x7751c1d89a43]
E                --- /home/mvasiljevic/tt-metal/ttnn/ttnn/_ttnn.so(+0x4e433f) [0x7751c28e433f]
E                --- /home/mvasiljevic/tt-metal/ttnn/ttnn/_ttnn.so(+0x4e3a6b) [0x7751c28e3a6b]
E                --- /home/mvasiljevic/tt-metal/ttnn/ttnn/_ttnn.so(+0x315575) [0x7751c2715575]
E                --- /home/mvasiljevic/tt-metal/python_env/bin/python3() [0x1ac8a22]
E                --- /home/mvasiljevic/tt-metal/python_env/bin/python3() [0x18c68da]
E                --- /home/mvasiljevic/tt-metal/python_env/bin/python3(_PyEval_EvalFrameDefault+0x65cb) [0x181940b]
E                --- /home/mvasiljevic/tt-metal/python_env/bin/python3() [0x1ac8a22]
E                --- /home/mvasiljevic/tt-metal/python_env/bin/python3() [0x18c68da]
E                --- /home/mvasiljevic/tt-metal/python_env/bin/python3(_PyEval_EvalFrameDefault+0x2fa8) [0x1815de8]
E                --- /home/mvasiljevic/tt-metal/python_env/bin/python3() [0x181241a]
E                --- /home/mvasiljevic/tt-metal/python_env/bin/python3(_PyEval_EvalFrameDefault+0x64e4) [0x1819324]
E                --- /home/mvasiljevic/tt-metal/python_env/bin/python3() [0x1ac8a22]
E                --- /home/mvasiljevic/tt-metal/python_env/bin/python3() [0x18c68da]
E                --- /home/mvasiljevic/tt-metal/python_env/bin/python3(_PyEval_EvalFrameDefault+0x2fa8) [0x1815de8]
E                --- /home/mvasiljevic/tt-metal/python_env/bin/python3() [0x1ac8a22]
E                --- /home/mvasiljevic/tt-metal/python_env/bin/python3() [0x18c68da]
E                --- /home/mvasiljevic/tt-metal/python_env/bin/python3(_PyEval_EvalFrameDefault+0x65cb) [0x181940b]
E                --- /home/mvasiljevic/tt-metal/python_env/bin/python3() [0x1ac8a22]
E                --- /home/mvasiljevic/tt-metal/python_env/bin/python3() [0x18c68da]
E                --- /home/mvasiljevic/tt-metal/python_env/bin/python3(_PyEval_EvalFrameDefault+0x2fa8) [0x1815de8]
E                --- /home/mvasiljevic/tt-metal/python_env/bin/python3() [0x1ac8a22]
E                --- /home/mvasiljevic/tt-metal/python_env/bin/python3() [0x18c68da]
E                --- /home/mvasiljevic/tt-metal/python_env/bin/python3(_PyEval_EvalFrameDefault+0x2fa8) [0x1815de8]
E                --- /home/mvasiljevic/tt-metal/python_env/bin/python3() [0x1ac8a22]
E                --- /home/mvasiljevic/tt-metal/python_env/bin/python3() [0x18c68da]
E                --- /home/mvasiljevic/tt-metal/python_env/bin/python3(_PyEval_EvalFrameDefault+0x2fa8) [0x1815de8]
E                --- /home/mvasiljevic/tt-metal/python_env/bin/python3(PyEval_EvalCode+0xde) [0x18931a0]
E                --- /home/mvasiljevic/tt-metal/python_env/bin/python3() [0x18b12c9]
E                --- /home/mvasiljevic/tt-metal/python_env/bin/python3() [0x1a2b145]
E                --- /home/mvasiljevic/tt-metal/python_env/bin/python3(_PyRun_SimpleFileObject+0x106) [0x1a2af06]
E                --- /home/mvasiljevic/tt-metal/python_env/bin/python3(_PyRun_AnyFileObject+0x4a) [0x1a2ac8a]
E                --- /home/mvasiljevic/tt-metal/python_env/bin/python3() [0x1a2ac10]
E                --- /home/mvasiljevic/tt-metal/python_env/bin/python3() [0x1a2ab1d]
E                --- /home/mvasiljevic/tt-metal/python_env/bin/python3() [0x1ae1fe3]
E                --- /home/mvasiljevic/tt-metal/python_env/bin/python3() [0x198c298]
E                --- /home/mvasiljevic/tt-metal/python_env/bin/python3() [0x198c0ac]
E                --- /lib/x86_64-linux-gnu/libc.so.6(+0x2a1ca) [0x775208eb81ca]
E                --- /lib/x86_64-linux-gnu/libc.so.6(__libc_start_main+0x8b) [0x775208eb828b]
E                --- /home/mvasiljevic/tt-metal/python_env/bin/python3(_start+0x29) [0x19a4a69]

ttnn/ttnn/decorators.py:473: RuntimeError
- generated xml file: /home/mvasiljevic/tt-metal/models/autoports/mistralai_mistral_small_24b_instruct_2501/doc/optimized_multichip_decoder/evidence/prefill_sharded_norm_candidate_batch1_first.xml -
============================== slowest durations ===============================
23.21s call     models/autoports/mistralai_mistral_small_24b_instruct_2501/tests/test_multichip_decoder.py::test_multichip_two_layer_stacked_prefill_layout_perf[blackhole-mesh_device0-device_params0]
1.49s setup    models/autoports/mistralai_mistral_small_24b_instruct_2501/tests/test_multichip_decoder.py::test_multichip_two_layer_stacked_prefill_layout_perf[blackhole-mesh_device0-device_params0]
0.12s teardown models/autoports/mistralai_mistral_small_24b_instruct_2501/tests/test_multichip_decoder.py::test_multichip_two_layer_stacked_prefill_layout_perf[blackhole-mesh_device0-device_params0]
=========================== short test summary info ============================
FAILED models/autoports/mistralai_mistral_small_24b_instruct_2501/tests/test_multichip_decoder.py::test_multichip_two_layer_stacked_prefill_layout_perf[blackhole-mesh_device0-device_params0]
============================== 1 failed in 25.65s ==============================
nanobind: leaked 2 instances!
 - leaked instance 0x775175799f68 of type "ttnn._ttnn.tensor.CoreRangeSet"
 - leaked instance 0x775175000288 of type "ttnn._ttnn.tensor.MemoryConfig"
nanobind: leaked 21 types!
 - leaked type "ttnn._ttnn.operations.matmul.MatmulMultiCoreReuseMultiCast1DProgramConfig"
 - leaked type "FabricConfig"
 - leaked type "ttnn._ttnn.operations.matmul.MatmulInputs"
 - leaked type "ttnn._ttnn.operations.matmul.MatmulMultiCoreReuseMultiCastBatchedDRAMShardedProgramConfig"
 - leaked type "BufferType"
 - leaked type "UnaryOpType"
 - leaked type "Layout"
 - leaked type "ttnn._ttnn.operations.matmul.MatmulMultiCoreReuseOptimizedProgramFactory"
 - leaked type "Arch"
 - leaked type "ttnn._ttnn.operations.matmul.MatmulParams"
 - ... skipped remainder
nanobind: leaked 247 functions!
 - leaked function ""
 - leaked function "__repr__"
 - leaked function "subtract"
 - leaked function "experimental_per_core_buffer_address"
 - leaked function ""
 - leaked function "__init__"
 - leaked function "get_dtype"
 - leaked function "default_core_range"
 - leaked function "compute_program_hash"
 - leaked function ""
 - ... skipped remainder
nanobind: this is likely caused by a reference counting issue in the binding code.
See https://nanobind.readthedocs.io/en/latest/refleaks.html
