2026-07-19 00:23:45.077 | DEBUG    | ttnn:<module>:79 - Initial ttnn.CONFIG:
Config{cache_path=/home/mvasiljevic/.cache/ttnn,model_cache_path=/home/mvasiljevic/.cache/ttnn/models,tmp_dir=/tmp/ttnn,enable_model_cache=false,enable_fast_runtime_mode=true,throw_exception_on_fallback=false,enable_logging=false,enable_graph_report=false,enable_graph_python_stack_traces=false,enable_detailed_buffer_report=false,enable_detailed_tensor_report=false,enable_comparison_mode=false,comparison_mode_should_raise_exception=false,comparison_mode_pcc=0.9999,root_report_path=generated/ttnn/reports,report_name=std::nullopt,std::nullopt}
============================= test session starts ==============================
platform linux -- Python 3.12.13, pytest-9.0.3, pluggy-1.6.0 -- /home/mvasiljevic/tt-metal/python_env/bin/python3
cachedir: .pytest_cache
benchmark: 5.2.3 (defaults: timer=time.perf_counter disable_gc=False min_rounds=5 min_time=0.000005 max_time=1.0 calibration_precision=10 warmup=False warmup_iterations=100000)
rootdir: /home/mvasiljevic/tt-metal
configfile: pytest.ini
plugins: github-actions-annotate-failures-0.3.0, anyio-4.14.2, dash-2.15.0, split-0.11.0, timeout-2.4.0, benchmark-5.2.3, cov-7.0.0
timeout: 300.0s
timeout method: signal
timeout func_only: False
collecting ... collected 1 item

models/autoports/mistralai_mistral_small_24b_instruct_2501/tests/test_multichip_decoder.py::test_multichip_synthetic_prefill_decode_pcc_layout_and_trace[blackhole-mesh_device0-device_params0] 2026-07-19 00:23:46.605 | info     |          Device | Opening user mode device driver (tt_cluster.cpp:228)
2026-07-19 00:23:46.605 | info     |             UMD | Cluster constructor started. (cluster.cpp:348)
2026-07-19 00:23:46.605 | info     |             UMD | Creating TopologyDiscovery for architecture: blackhole (topology_discovery.cpp:91)
2026-07-19 00:23:46.605 | info     |             UMD | Starting topology discovery. (topology_discovery.cpp:110)
2026-07-19 00:23:46.608 | info     |             UMD | Established firmware bundle version: 19.8.0 (topology_discovery.cpp:569)
2026-07-19 00:23:46.608 | info     |             UMD | Firmware bundle version 19.8.0 on the system is newer than the latest fully tested version 19.5.0 for blackhole architecture. Newest features may not be supported. (topology_discovery.cpp:601)
2026-07-19 00:23:46.617 | info     |             UMD | Completed topology discovery. (topology_discovery.cpp:114)
2026-07-19 00:23:46.837 | info     |             UMD | Opening local chip ids/PCIe ids: {0, 1, 2, 3}/[0, 1, 2, 3] and remote chip ids {} (cluster.cpp:168)
2026-07-19 00:23:46.837 | info     |             UMD | IOMMU: enabled (cluster.cpp:142)
2026-07-19 00:23:46.837 | info     |             UMD | KMD version: 2.8.0 (cluster.cpp:145)
2026-07-19 00:23:46.837 | info     |             UMD | Cluster constructor completed. (cluster.cpp:520)
2026-07-19 00:23:46.839 | info     |             UMD | Starting devices in cluster (cluster.cpp:1024)
2026-07-19 00:23:47.086 | info     |             UMD | Starting devices in cluster completed. (cluster.cpp:1032)
--------------------------------------------------------------------------
It appears as if there is not enough space for /dev/shm/sm_segment.23ff5195c3f7.1000.dbcc0000.0 (the shared-memory backing
file). It is likely that your MPI job will now either abort or experience
performance degradation.

  Local host:  23ff5195c3f7
  Space Requested: 16777216 B
  Space Available: 17539072 B
--------------------------------------------------------------------------
2026-07-19 00:23:47.212 | DEBUG    | ttnn.device:__init__:152 - Using default dispatch core type for this system: DispatchCoreType.WORKER
2026-07-19 00:23:47.212 | DEBUG    | ttnn.device:__init__:154 - Using default dispatch core axis for this system: DispatchCoreAxis.COL
2026-07-19 00:23:47.212 | info     |     Distributed | Using auto discovery to generate mesh graph. (metal_env.cpp:367)
2026-07-19 00:23:47.212 | info     |     Distributed | Constructing control plane using auto-discovery (no mesh graph descriptor). (metal_env.cpp:429)
2026-07-19 00:23:47.212 | warning  |          Always | Unknown motherboard 'B850M-C' for chip_id=0 (bus_id=0x1) — falling back to bus_id as tray_id. Add this motherboard and its bus IDs to mobo_to_bus_ids in physical_system_discovery.cpp. (physical_system_discovery.cpp:89)
2026-07-19 00:23:47.212 | warning  |          Always | Unknown motherboard 'B850M-C' for chip_id=1 (bus_id=0x2) — falling back to bus_id as tray_id. Add this motherboard and its bus IDs to mobo_to_bus_ids in physical_system_discovery.cpp. (physical_system_discovery.cpp:89)
2026-07-19 00:23:47.212 | warning  |          Always | Unknown motherboard 'B850M-C' for chip_id=2 (bus_id=0x3) — falling back to bus_id as tray_id. Add this motherboard and its bus IDs to mobo_to_bus_ids in physical_system_discovery.cpp. (physical_system_discovery.cpp:89)
2026-07-19 00:23:47.212 | warning  |          Always | Unknown motherboard 'B850M-C' for chip_id=3 (bus_id=0x4) — falling back to bus_id as tray_id. Add this motherboard and its bus IDs to mobo_to_bus_ids in physical_system_discovery.cpp. (physical_system_discovery.cpp:89)
2026-07-19 00:23:47.212 | warning  |          Always | Unknown motherboard 'B850M-C' for chip_id=1 (bus_id=0x2) — falling back to bus_id as tray_id. Add this motherboard and its bus IDs to mobo_to_bus_ids in physical_system_discovery.cpp. (physical_system_discovery.cpp:89)
2026-07-19 00:23:47.212 | warning  |          Always | Unknown motherboard 'B850M-C' for chip_id=0 (bus_id=0x1) — falling back to bus_id as tray_id. Add this motherboard and its bus IDs to mobo_to_bus_ids in physical_system_discovery.cpp. (physical_system_discovery.cpp:89)
2026-07-19 00:23:47.212 | warning  |          Always | Unknown motherboard 'B850M-C' for chip_id=2 (bus_id=0x3) — falling back to bus_id as tray_id. Add this motherboard and its bus IDs to mobo_to_bus_ids in physical_system_discovery.cpp. (physical_system_discovery.cpp:89)
2026-07-19 00:23:47.212 | warning  |          Always | Unknown motherboard 'B850M-C' for chip_id=3 (bus_id=0x4) — falling back to bus_id as tray_id. Add this motherboard and its bus IDs to mobo_to_bus_ids in physical_system_discovery.cpp. (physical_system_discovery.cpp:89)
2026-07-19 00:23:47.213 | info     |          Fabric | Logical multi-mesh adjacency: intermesh degree histogram {0:1}; intra-mesh degree histograms mesh0 {2:4} (topology_mapper_utils.cpp:2342)
2026-07-19 00:23:47.213 | info     |          Fabric | Physical multi-mesh adjacency: intermesh degree histogram {0:1}; intra-mesh degree histograms mesh0 {2:4} (topology_mapper_utils.cpp:2350)
2026-07-19 00:23:47.267 | info     |       LLRuntime | Watcher log file: /home/mvasiljevic/tt-metal/generated/watcher/watcher.log (watcher_server.cpp:286)
2026-07-19 00:23:47.268 | info     |       LLRuntime | Watcher attached device 0 (watcher_server.cpp:132)
2026-07-19 00:23:47.268 | info     |       LLRuntime | Watcher attached device 1 (watcher_server.cpp:132)
2026-07-19 00:23:47.268 | info     |       LLRuntime | Watcher attached device 2 (watcher_server.cpp:132)
2026-07-19 00:23:47.268 | info     |       LLRuntime | Watcher attached device 3 (watcher_server.cpp:132)
2026-07-19 00:23:47.268 | info     |       LLRuntime | Watcher server initialized, disabled features: ETH (watcher_server.cpp:547)
2026-07-19 00:23:47.268 | info     |           Metal | Watcher checking device 0 (watcher_device_reader.cpp:393)
2026-07-19 00:23:47.272 | info     |           Metal | Watcher checking device 1 (watcher_device_reader.cpp:393)
2026-07-19 00:23:47.274 | info     |           Metal | Initializing Fabric (fabric_firmware_initializer.cpp:288)
2026-07-19 00:23:47.279 | info     |           Metal | Watcher checking device 2 (watcher_device_reader.cpp:393)
2026-07-19 00:23:47.284 | info     |           Metal | Watcher checking device 3 (watcher_device_reader.cpp:393)
2026-07-19 00:23:47.297 | info     |           Metal | Fabric initialized on Device 0 (device.cpp:429)
2026-07-19 00:23:47.301 | info     |           Metal | Fabric initialized on Device 1 (device.cpp:429)
2026-07-19 00:23:47.303 | info     |           Metal | Fabric initialized on Device 2 (device.cpp:429)
2026-07-19 00:23:47.304 | info     |           Metal | Fabric initialized on Device 3 (device.cpp:429)
2026-07-19 00:23:47.304 | info     |           Metal | Fabric initialized on 4 devices (fabric_firmware_initializer.cpp:435)
2026-07-19 00:23:47.304 | info     |           Metal | Fabric Initialized with config FabricConfig::FABRIC_1D (fabric_firmware_initializer.cpp:305)
2026-07-19 00:23:47.447 | info     |           Metal | ShmResourceTracker: removed orphaned shm '/tt_device_154095681929600_memory' (shm_resource_tracker.cpp:282)
2026-07-19 00:23:47.447 | info     |           Metal | ShmResourceTracker: removed orphaned shm '/tt_device_154095681929601_memory' (shm_resource_tracker.cpp:282)
2026-07-19 00:23:47.447 | info     |           Metal | ShmResourceTracker: removed orphaned shm '/tt_device_154095681932032_memory' (shm_resource_tracker.cpp:282)
2026-07-19 00:23:47.447 | info     |           Metal | ShmResourceTracker: removed orphaned shm '/tt_device_154095681932033_memory' (shm_resource_tracker.cpp:282)
2026-07-19 00:23:48.026 | info     |           Metal | [Real-time profiler] Device 3 sync complete: 100 samples, frequency=1.349982 GHz, device_time_at_sync=33228921928 cycles (realtime_profiler_manager.cpp:1127)
2026-07-19 00:23:48.027 | info     |           Metal | [Real-time profiler] Device 1 sync complete: 100 samples, frequency=1.349987 GHz, device_time_at_sync=33210904386 cycles (realtime_profiler_manager.cpp:1127)
2026-07-19 00:23:48.027 | info     |           Metal | [Real-time profiler] Device 2 sync complete: 100 samples, frequency=1.349987 GHz, device_time_at_sync=33238579912 cycles (realtime_profiler_manager.cpp:1127)
2026-07-19 00:23:48.027 | info     |           Metal | [Real-time profiler] Device 0 sync complete: 100 samples, frequency=1.349985 GHz, device_time_at_sync=33123396946 cycles (realtime_profiler_manager.cpp:1127)
2026-07-19 00:23:48.057 | DEBUG    | conftest:mesh_device:599 - multidevice with 4 devices is created
2026-07-19 00:23:57.351 | info     |           Metal | Watcher checking device 0 (watcher_device_reader.cpp:393)
2026-07-19 00:23:57.356 | info     |           Metal | Watcher checking device 1 (watcher_device_reader.cpp:393)
2026-07-19 00:23:57.360 | info     |           Metal | Watcher checking device 2 (watcher_device_reader.cpp:393)
2026-07-19 00:23:57.365 | info     |           Metal | Watcher checking device 3 (watcher_device_reader.cpp:393)
2026-07-19 00:24:05.567 | warning  |              Op | ttnn::tilize: Using input shard spec for output tensor because the legacy sharded optimized program factory is being used (tilize_device_operation.cpp:151)
2026-07-19 00:24:07.375 | info     |           Metal | Watcher checking device 0 (watcher_device_reader.cpp:393)
2026-07-19 00:24:07.380 | info     |           Metal | Watcher checking device 1 (watcher_device_reader.cpp:393)
2026-07-19 00:24:07.385 | info     |           Metal | Watcher checking device 2 (watcher_device_reader.cpp:393)
2026-07-19 00:24:07.390 | info     |           Metal | Watcher checking device 3 (watcher_device_reader.cpp:393)
multichip prefill seq=17: 0.9953362717313301
multichip prefill seq=17 key cache: 0.9937555220311516
multichip prefill seq=17 value cache: 0.9937416771205696
multichip prefill seq=18: 0.995353370184995
multichip prefill seq=18 key cache: 0.9937432608752191
multichip prefill seq=18 value cache: 0.9937523257633109
multichip prefill seq=32: 0.9955553389334062
multichip prefill seq=32 key cache: 0.9936880404312317
multichip prefill seq=32 value cache: 0.9936750332323779
multichip decode: 0.9950807496918932
multichip decode key append: 0.9937224634661334
multichip decode value append: 0.9937865718301981
PASSED

==================================== PASSES ====================================
- generated xml file: /home/mvasiljevic/tt-metal/models/autoports/mistralai_mistral_small_24b_instruct_2501/doc/optimized_multichip_decoder/evidence/watcher_final_worker.xml -
============================== slowest durations ===============================
22.45s call     models/autoports/mistralai_mistral_small_24b_instruct_2501/tests/test_multichip_decoder.py::test_multichip_synthetic_prefill_decode_pcc_layout_and_trace[blackhole-mesh_device0-device_params0]
1.65s setup    models/autoports/mistralai_mistral_small_24b_instruct_2501/tests/test_multichip_decoder.py::test_multichip_synthetic_prefill_decode_pcc_layout_and_trace[blackhole-mesh_device0-device_params0]
0.15s teardown models/autoports/mistralai_mistral_small_24b_instruct_2501/tests/test_multichip_decoder.py::test_multichip_synthetic_prefill_decode_pcc_layout_and_trace[blackhole-mesh_device0-device_params0]
=========================== short test summary info ============================
PASSED models/autoports/mistralai_mistral_small_24b_instruct_2501/tests/test_multichip_decoder.py::test_multichip_synthetic_prefill_decode_pcc_layout_and_trace[blackhole-mesh_device0-device_params0]
============================== 1 passed in 24.91s ==============================
nanobind: leaked 2 instances!
 - leaked instance 0x7a30963ac108 of type "ttnn._ttnn.tensor.MemoryConfig"
 - leaked instance 0x7a3096b420b8 of type "ttnn._ttnn.tensor.CoreRangeSet"
nanobind: leaked 21 types!
 - leaked type "ttnn._ttnn.operations.matmul.MatmulMultiCoreReuseMultiCast1DProgramConfig"
 - leaked type "FabricConfig"
 - leaked type "ttnn._ttnn.operations.matmul.MatmulInputs"
 - leaked type "ttnn._ttnn.operations.matmul.MatmulMultiCoreReuseMultiCastBatchedDRAMShardedProgramConfig"
 - leaked type "BufferType"
 - leaked type "UnaryOpType"
 - leaked type "Layout"
 - leaked type "ttnn._ttnn.operations.matmul.MatmulMultiCoreReuseOptimizedProgramFactory"
 - leaked type "Arch"
 - leaked type "ttnn._ttnn.operations.matmul.MatmulParams"
 - ... skipped remainder
nanobind: leaked 247 functions!
 - leaked function ""
 - leaked function "unpad_from_tile"
 - leaked function ""
 - leaked function "ranges"
 - leaked function ""
 - leaked function ""
 - leaked function ""
 - leaked function ""
 - leaked function "empty"
 - leaked function ""
 - ... skipped remainder
nanobind: this is likely caused by a reference counting issue in the binding code.
See https://nanobind.readthedocs.io/en/latest/refleaks.html2026-07-19 00:24:12.375 | info     |    BuildKernels | JIT cache stats: 345/362 hits (95.3%) [345 cached, 350 build-once dedup, 0 merged artifacts, 0 merged genfiles] (build_cache_telemetry.cpp:207)
2026-07-19 00:24:12.375 | info     |    BuildKernels | JIT telemetry: 3 registered TelemetryTokens (build_cache_telemetry.cpp:230)
2026-07-19 00:24:12.376 | info     |       LLRuntime | Watcher thread stopped watching... (watcher_server.cpp:595)
2026-07-19 00:24:12.376 | info     |       LLRuntime | Watcher detached device 0 (watcher_server.cpp:181)
2026-07-19 00:24:12.376 | info     |       LLRuntime | Watcher detached device 1 (watcher_server.cpp:181)
2026-07-19 00:24:12.376 | info     |       LLRuntime | Watcher detached device 2 (watcher_server.cpp:181)
2026-07-19 00:24:12.376 | info     |       LLRuntime | Watcher detached device 3 (watcher_server.cpp:181)
2026-07-19 00:24:12.388 | info     |          Device | Closing user mode device drivers (tt_cluster.cpp:512)
2026-07-19 00:24:12.388 | info     |             UMD | Closing devices in cluster (cluster.cpp:1037)
2026-07-19 00:24:12.861 | info     |             UMD | Closing devices in cluster completed. (cluster.cpp:1046)
2026-07-19 00:24:12.861 | info     |             UMD | Cluster destructor started. (cluster.cpp:754)
2026-07-19 00:24:12.861 | info     |             UMD | Cluster destructor completed. (cluster.cpp:757)
